[SNIPER] Start
Sampler: 4, 32, 0
itlb_cache: 32, 1
itlb_cache_L1: 32, 1
Sampler: 4, 128, 0
dtlb_cache: 128, 4
dtlb_cache_L1: 128, 4
L1-I 2
Sampler: 4, 4, 128
L1-I: 2048, 64
L1-I_L1: 2048, 64
L1-D 3
Sampler: 4, 8, 32
L1-D: 1024, 32
L1-D_L1: 1024, 32
L2 4
Sampler: 122, 16, 16
L2: 32768, 1024
L2_L1: 32768, 1024
Executing Python script /v/filer4b/v20q001/ypei/Desktop/cs395t-lin/output/low_bandwidth/run_all_hybrid_headroom9/soplex/12/sim.scripts.py
[STOPBYICOUNT] Starting in ROI (detail)
[STOPBYICOUNT] Then stopping after simulating at least 250000000 instructions in detail
[SNIPER] --------------------------------------------------------------------------------
[SNIPER] Sniper using SIFT/trace-driven frontend
[SNIPER] Running full application in DETAILED mode
[SNIPER] --------------------------------------------------------------------------------
[SNIPER] Enabling performance models
[SNIPER] Setting instrumentation mode to DETAILED
[STOPBYICOUNT] Ending ROI after 250000006 instructions (250000000 requested)
[SNIPER] Disabling performance models
[SNIPER] Leaving ROI after 1004.04 seconds
[SNIPER] Simulated 250.0M instructions, 613.6M cycles, 0.41 IPC
[SNIPER] Simulation speed 249.0 KIPS (249.0 KIPS / target core - 4016.2ns/instr)
[SNIPER] Setting instrumentation mode to FAST_FORWARD
[app0] [SIFT_RECORDER] sift_writer.cc:550: Sift::Mode Sift::Writer::Sync(): Assertion `!response->fail()' failed.
Hawkeye Victims: 0
LRU Victims: 0
Hawkeye Victims: 0
LRU Victims: 0
Hawkeye Victims: 0
LRU Victims: 0
a test for execution

Inserted: 0
Redundant.progress: 0
Redundant.cache: 0
Redundant.buffer: 0
Hawkeye Victims: 0
LRU Victims: 0
a test for execution

Inserted: 0
Redundant.progress: 0
Redundant.cache: 0
Redundant.buffer: 0
Hawkeye Victims: 0
LRU Victims: 0
 =========================================================== 
Triggers: 8698614
Repeats: 0

Same addr: 5382248 61.8748
New addr: 820 0.00942679

Distribution of new addresses: 
Stream Head: 517 63.0488
Stream Divergence: 2936467 358106

Invalidation count: 3101569 378240
No Conflict count: 166632 20321
Same Stream count: 0 0
New Stream count: 0 0

Not found: 3303394
On Chip Mispredictions: 0
 =========================================================== 
Distribution of predictions: 
Predict Init: 8495969 97.6704
Total Predictions: 8438337
Predict OCI Miss: 31197 0.367198
Predict Stream End: 57632 0.678345
Buffer Success: 0 0
[app0] Pin app terminated abnormally due to signal 6.
Stride Distribution: 0, 76267, 282762, 422832, 304934, 237360, 235520, 718934, 303922, 220892, 215970, 1066694, 312800, 453192, 414828, 452272, 134320, 0, 408434, 0, 151340, 0, 0, 0, 88458, 0, 0, 0, 0, 0, 18676, 0, 43654, 0, 0, 0, 29256, 0, 0, 0, 30406, 0, 0, 0, 0, 0, 0, 0, 0, 0, 0, 0, 0, 0, 0, 0, 0, 0, 0, 0, 0, 0, 0, 0, 0, 0, 33, 0, 0, 0, 0, 0, 26772784, 0, 49, 0, 15, 0, 15, 0, 0, 6644585, 1868787317, 1915577714, 1702195557, 7566451, 113, 0, 5073232, 0, 23446176, 0, 0, 0, 5073232, 0, 24004592, 0, 0, 0, 5073232, 0, 24276912, 0, 0, 0, 5165152, 0, 1933774192, 11161, 0, 11161, 26771088, 0, 49, 0, 6, 0, 6, 0, 0, 0, 1919906931, 29541, 48, 0, 49, 0, 
a test for execution

Inserted: 10835345
Redundant.progress: 239664
Redundant.cache: 6704996
Redundant.buffer: 0
[SNIPER] End
[SNIPER] Elapsed time: 1007.92 seconds
