000 (516098.000.000) 05/05 17:13:20 Job submitted from host: <128.83.144.149:44250?addrs=128.83.144.149-44250>
...
009 (516098.000.000) 05/05 17:14:26 Job was aborted by the user.
	via condor_rm (by user ypei)
...
000 (516305.000.000) 05/05 17:15:05 Job submitted from host: <128.83.144.149:44250?addrs=128.83.144.149-44250>
...
009 (516305.000.000) 05/05 17:18:07 Job was aborted by the user.
	via condor_rm (by user ypei)
...
000 (516512.000.000) 05/05 17:18:35 Job submitted from host: <128.83.144.149:44250?addrs=128.83.144.149-44250>
...
009 (516512.000.000) 05/05 17:21:26 Job was aborted by the user.
	via condor_rm (by user ypei)
...
000 (517133.000.000) 05/05 17:21:59 Job submitted from host: <128.83.144.149:44250?addrs=128.83.144.149-44250>
...
001 (517133.000.000) 05/05 17:34:41 Job executing on host: <128.83.139.14:44306?addrs=128.83.139.14-44306>
...
006 (517133.000.000) 05/05 17:34:49 Image size of job updated: 835028
	58  -  MemoryUsage of job (MB)
	58540  -  ResidentSetSize of job (KB)
...
006 (517133.000.000) 05/05 17:39:49 Image size of job updated: 1077768
	210  -  MemoryUsage of job (MB)
	214824  -  ResidentSetSize of job (KB)
...
006 (517133.000.000) 05/05 17:44:50 Image size of job updated: 1077776
	219  -  MemoryUsage of job (MB)
	223356  -  ResidentSetSize of job (KB)
...
005 (517133.000.000) 05/05 17:46:52 Job terminated.
	(1) Normal termination (return value 0)
		Usr 0 00:11:55, Sys 0 00:00:09  -  Run Remote Usage
		Usr 0 00:00:00, Sys 0 00:00:00  -  Run Local Usage
		Usr 0 00:11:55, Sys 0 00:00:09  -  Total Remote Usage
		Usr 0 00:00:00, Sys 0 00:00:00  -  Total Local Usage
	0  -  Run Bytes Sent By Job
	0  -  Run Bytes Received By Job
	0  -  Total Bytes Sent By Job
	0  -  Total Bytes Received By Job
	Partitionable Resources :    Usage  Request Allocated
	   Cpus                 :                 1         1
	   Disk (KB)            :        1        1   1695320
	   Gpus                 :                           0
	   Memory (MB)          :      219        1     12899
...
000 (382564.000.000) 05/07 03:40:01 Job submitted from host: <128.83.144.155:57685?addrs=128.83.144.155-57685>
...
001 (382564.000.000) 05/07 04:22:23 Job executing on host: <128.83.144.5:44408?addrs=128.83.144.5-44408>
...
006 (382564.000.000) 05/07 04:22:31 Image size of job updated: 1004168
	87  -  MemoryUsage of job (MB)
	88172  -  ResidentSetSize of job (KB)
...
006 (382564.000.000) 05/07 04:27:31 Image size of job updated: 1012244
	196  -  MemoryUsage of job (MB)
	200244  -  ResidentSetSize of job (KB)
...
006 (382564.000.000) 05/07 04:32:32 Image size of job updated: 1077800
	203  -  MemoryUsage of job (MB)
	207388  -  ResidentSetSize of job (KB)
...
006 (382564.000.000) 05/07 04:37:33 Image size of job updated: 1077808
	206  -  MemoryUsage of job (MB)
	210512  -  ResidentSetSize of job (KB)
...
006 (382564.000.000) 05/07 04:42:33 Image size of job updated: 1077808
	208  -  MemoryUsage of job (MB)
	212984  -  ResidentSetSize of job (KB)
...
005 (382564.000.000) 05/07 04:43:01 Job terminated.
	(1) Normal termination (return value 0)
		Usr 0 00:20:00, Sys 0 00:00:24  -  Run Remote Usage
		Usr 0 00:00:00, Sys 0 00:00:00  -  Run Local Usage
		Usr 0 00:20:00, Sys 0 00:00:24  -  Total Remote Usage
		Usr 0 00:00:00, Sys 0 00:00:00  -  Total Local Usage
	0  -  Run Bytes Sent By Job
	0  -  Run Bytes Received By Job
	0  -  Total Bytes Sent By Job
	0  -  Total Bytes Received By Job
	Partitionable Resources :    Usage  Request Allocated
	   Cpus                 :                 1         1
	   Disk (KB)            :        1        1    790395
	   Gpus                 :                           0
	   Memory (MB)          :      208        1     12899
...
000 (518582.000.000) 05/07 13:18:25 Job submitted from host: <128.83.144.149:44250?addrs=128.83.144.149-44250>
...
009 (518582.000.000) 05/07 13:23:37 Job was aborted by the user.
	via condor_rm (by user ypei)
...
000 (518789.000.000) 05/07 13:24:00 Job submitted from host: <128.83.144.149:44250?addrs=128.83.144.149-44250>
...
001 (518789.000.000) 05/07 13:38:07 Job executing on host: <128.83.130.161:35317?addrs=128.83.130.161-35317>
...
006 (518789.000.000) 05/07 13:38:15 Image size of job updated: 1
	2  -  MemoryUsage of job (MB)
	1624  -  ResidentSetSize of job (KB)
...
006 (518789.000.000) 05/07 13:43:15 Image size of job updated: 1012396
	198  -  MemoryUsage of job (MB)
	201972  -  ResidentSetSize of job (KB)
...
006 (518789.000.000) 05/07 13:48:16 Image size of job updated: 1078200
	204  -  MemoryUsage of job (MB)
	208116  -  ResidentSetSize of job (KB)
...
006 (518789.000.000) 05/07 13:53:17 Image size of job updated: 1078204
	207  -  MemoryUsage of job (MB)
	211264  -  ResidentSetSize of job (KB)
...
005 (518789.000.000) 05/07 13:53:45 Job terminated.
	(1) Normal termination (return value 0)
		Usr 0 00:15:01, Sys 0 00:00:08  -  Run Remote Usage
		Usr 0 00:00:00, Sys 0 00:00:00  -  Run Local Usage
		Usr 0 00:15:01, Sys 0 00:00:08  -  Total Remote Usage
		Usr 0 00:00:00, Sys 0 00:00:00  -  Total Local Usage
	0  -  Run Bytes Sent By Job
	0  -  Run Bytes Received By Job
	0  -  Total Bytes Sent By Job
	0  -  Total Bytes Received By Job
	Partitionable Resources :    Usage  Request Allocated
	   Cpus                 :                 1         1
	   Disk (KB)            :        1        1   1865789
	   Gpus                 :                           0
	   Memory (MB)          :      207        1     21164
...
000 (519203.000.000) 05/07 14:36:39 Job submitted from host: <128.83.144.149:44250?addrs=128.83.144.149-44250>
...
001 (519203.000.000) 05/07 14:51:22 Job executing on host: <128.83.144.147:58788?addrs=128.83.144.147-58788>
...
006 (519203.000.000) 05/07 14:51:31 Image size of job updated: 1004168
	87  -  MemoryUsage of job (MB)
	88840  -  ResidentSetSize of job (KB)
...
006 (519203.000.000) 05/07 14:56:32 Image size of job updated: 1012656
	202  -  MemoryUsage of job (MB)
	206528  -  ResidentSetSize of job (KB)
...
006 (519203.000.000) 05/07 15:01:33 Image size of job updated: 1078204
	208  -  MemoryUsage of job (MB)
	212584  -  ResidentSetSize of job (KB)
...
005 (519203.000.000) 05/07 15:06:19 Job terminated.
	(1) Normal termination (return value 0)
		Usr 0 00:14:37, Sys 0 00:00:07  -  Run Remote Usage
		Usr 0 00:00:00, Sys 0 00:00:00  -  Run Local Usage
		Usr 0 00:14:37, Sys 0 00:00:07  -  Total Remote Usage
		Usr 0 00:00:00, Sys 0 00:00:00  -  Total Local Usage
	0  -  Run Bytes Sent By Job
	0  -  Run Bytes Received By Job
	0  -  Total Bytes Sent By Job
	0  -  Total Bytes Received By Job
	Partitionable Resources :    Usage  Request Allocated
	   Cpus                 :                 1         1
	   Disk (KB)            :        1        1   1911592
	   Gpus                 :                           0
	   Memory (MB)          :      208        1     21164
...
000 (382978.000.000) 05/07 20:17:05 Job submitted from host: <128.83.144.155:57685?addrs=128.83.144.155-57685>
...
001 (382978.000.000) 05/07 20:53:25 Job executing on host: <128.83.130.224:54373?addrs=128.83.130.224-54373>
...
006 (382978.000.000) 05/07 20:53:33 Image size of job updated: 340624
	22  -  MemoryUsage of job (MB)
	21520  -  ResidentSetSize of job (KB)
...
006 (382978.000.000) 05/07 20:58:33 Image size of job updated: 1012272
	199  -  MemoryUsage of job (MB)
	203140  -  ResidentSetSize of job (KB)
...
006 (382978.000.000) 05/07 21:03:34 Image size of job updated: 1077816
	205  -  MemoryUsage of job (MB)
	209180  -  ResidentSetSize of job (KB)
...
006 (382978.000.000) 05/07 21:08:35 Image size of job updated: 1077816
	208  -  MemoryUsage of job (MB)
	212240  -  ResidentSetSize of job (KB)
...
005 (382978.000.000) 05/07 21:08:35 Job terminated.
	(1) Normal termination (return value 0)
		Usr 0 00:13:41, Sys 0 00:00:15  -  Run Remote Usage
		Usr 0 00:00:00, Sys 0 00:00:00  -  Run Local Usage
		Usr 0 00:13:41, Sys 0 00:00:15  -  Total Remote Usage
		Usr 0 00:00:00, Sys 0 00:00:00  -  Total Local Usage
	0  -  Run Bytes Sent By Job
	0  -  Run Bytes Received By Job
	0  -  Total Bytes Sent By Job
	0  -  Total Bytes Received By Job
	Partitionable Resources :    Usage  Request Allocated
	   Cpus                 :                 1         1
	   Disk (KB)            :        2        2   1848087
	   Gpus                 :                           0
	   Memory (MB)          :      208        1     12094
...
000 (384220.000.000) 05/08 05:53:08 Job submitted from host: <128.83.144.155:57685?addrs=128.83.144.155-57685>
...
001 (384220.000.000) 05/08 06:28:07 Job executing on host: <128.83.144.8:45931?addrs=128.83.144.8-45931>
...
006 (384220.000.000) 05/08 06:28:16 Image size of job updated: 1
	2  -  MemoryUsage of job (MB)
	1628  -  ResidentSetSize of job (KB)
...
006 (384220.000.000) 05/08 06:33:17 Image size of job updated: 1077808
	200  -  MemoryUsage of job (MB)
	204584  -  ResidentSetSize of job (KB)
...
006 (384220.000.000) 05/08 06:38:17 Image size of job updated: 1077816
	213  -  MemoryUsage of job (MB)
	217612  -  ResidentSetSize of job (KB)
...
006 (384220.000.000) 05/08 06:43:17 Image size of job updated: 1077816
	216  -  MemoryUsage of job (MB)
	220532  -  ResidentSetSize of job (KB)
...
005 (384220.000.000) 05/08 06:43:42 Job terminated.
	(1) Normal termination (return value 0)
		Usr 0 00:15:14, Sys 0 00:00:06  -  Run Remote Usage
		Usr 0 00:00:00, Sys 0 00:00:00  -  Run Local Usage
		Usr 0 00:15:14, Sys 0 00:00:06  -  Total Remote Usage
		Usr 0 00:00:00, Sys 0 00:00:00  -  Total Local Usage
	0  -  Run Bytes Sent By Job
	0  -  Run Bytes Received By Job
	0  -  Total Bytes Sent By Job
	0  -  Total Bytes Received By Job
	Partitionable Resources :    Usage  Request Allocated
	   Cpus                 :                 1         1
	   Disk (KB)            :        1        1   2250170
	   Gpus                 :                           0
	   Memory (MB)          :      216        1      4028
...
000 (417613.000.000) 05/09 03:37:33 Job submitted from host: <128.83.144.154:52346?addrs=128.83.144.154-52346>
...
001 (417613.000.000) 05/09 04:11:04 Job executing on host: <128.83.120.75:40005?addrs=128.83.120.75-40005>
...
006 (417613.000.000) 05/09 04:11:12 Image size of job updated: 341000
	22  -  MemoryUsage of job (MB)
	22088  -  ResidentSetSize of job (KB)
...
006 (417613.000.000) 05/09 04:16:12 Image size of job updated: 1012116
	200  -  MemoryUsage of job (MB)
	204156  -  ResidentSetSize of job (KB)
...
006 (417613.000.000) 05/09 04:21:13 Image size of job updated: 1077676
	207  -  MemoryUsage of job (MB)
	211664  -  ResidentSetSize of job (KB)
...
006 (417613.000.000) 05/09 04:26:14 Image size of job updated: 1077680
	211  -  MemoryUsage of job (MB)
	215168  -  ResidentSetSize of job (KB)
...
005 (417613.000.000) 05/09 04:27:53 Job terminated.
	(1) Normal termination (return value 0)
		Usr 0 00:16:30, Sys 0 00:00:09  -  Run Remote Usage
		Usr 0 00:00:00, Sys 0 00:00:00  -  Run Local Usage
		Usr 0 00:16:30, Sys 0 00:00:09  -  Total Remote Usage
		Usr 0 00:00:00, Sys 0 00:00:00  -  Total Local Usage
	0  -  Run Bytes Sent By Job
	0  -  Run Bytes Received By Job
	0  -  Total Bytes Sent By Job
	0  -  Total Bytes Received By Job
	Partitionable Resources :    Usage  Request Allocated
	   Cpus                 :                 1         1
	   Disk (KB)            :        2        2   8863131
	   Gpus                 :                           0
	   Memory (MB)          :      211        1      4028
...
