000 (516131.000.000) 05/05 17:13:23 Job submitted from host: <128.83.144.149:44250?addrs=128.83.144.149-44250>
...
009 (516131.000.000) 05/05 17:14:24 Job was aborted by the user.
	via condor_rm (by user ypei)
...
000 (516338.000.000) 05/05 17:15:08 Job submitted from host: <128.83.144.149:44250?addrs=128.83.144.149-44250>
...
009 (516338.000.000) 05/05 17:18:07 Job was aborted by the user.
	via condor_rm (by user ypei)
...
000 (516545.000.000) 05/05 17:18:38 Job submitted from host: <128.83.144.149:44250?addrs=128.83.144.149-44250>
...
009 (516545.000.000) 05/05 17:21:28 Job was aborted by the user.
	via condor_rm (by user ypei)
...
000 (517166.000.000) 05/05 17:22:02 Job submitted from host: <128.83.144.149:44250?addrs=128.83.144.149-44250>
...
001 (517166.000.000) 05/05 17:40:42 Job executing on host: <128.83.120.229:58979?addrs=128.83.120.229-58979>
...
006 (517166.000.000) 05/05 17:40:51 Image size of job updated: 373408
	29  -  MemoryUsage of job (MB)
	29304  -  ResidentSetSize of job (KB)
...
006 (517166.000.000) 05/05 17:45:52 Image size of job updated: 1185100
	179  -  MemoryUsage of job (MB)
	183076  -  ResidentSetSize of job (KB)
...
006 (517166.000.000) 05/05 17:50:52 Image size of job updated: 1185660
	204  -  MemoryUsage of job (MB)
	208316  -  ResidentSetSize of job (KB)
...
006 (517166.000.000) 05/05 17:55:52 Image size of job updated: 1185660
	233  -  MemoryUsage of job (MB)
	237920  -  ResidentSetSize of job (KB)
...
006 (517166.000.000) 05/05 17:59:14 Image size of job updated: 1185668
	233  -  MemoryUsage of job (MB)
	237920  -  ResidentSetSize of job (KB)
...
005 (517166.000.000) 05/05 17:59:14 Job terminated.
	(1) Normal termination (return value 0)
		Usr 0 00:18:05, Sys 0 00:00:15  -  Run Remote Usage
		Usr 0 00:00:00, Sys 0 00:00:00  -  Run Local Usage
		Usr 0 00:18:05, Sys 0 00:00:15  -  Total Remote Usage
		Usr 0 00:00:00, Sys 0 00:00:00  -  Total Local Usage
	0  -  Run Bytes Sent By Job
	0  -  Run Bytes Received By Job
	0  -  Total Bytes Sent By Job
	0  -  Total Bytes Received By Job
	Partitionable Resources :    Usage  Request Allocated
	   Cpus                 :                 1         1
	   Disk (KB)            :        1        1    828969
	   Gpus                 :                           0
	   Memory (MB)          :      233        1     12899
...
000 (518201.000.000) 05/06 21:33:19 Job submitted from host: <128.83.144.149:44250?addrs=128.83.144.149-44250>
...
009 (518201.000.000) 05/06 21:33:42 Job was aborted by the user.
	via condor_rm (by user ypei)
...
000 (518408.000.000) 05/06 21:34:27 Job submitted from host: <128.83.144.149:44250?addrs=128.83.144.149-44250>
...
001 (518408.000.000) 05/06 21:57:10 Job executing on host: <128.83.139.14:44306?addrs=128.83.139.14-44306>
...
006 (518408.000.000) 05/06 21:57:19 Image size of job updated: 1
	2  -  MemoryUsage of job (MB)
	1676  -  ResidentSetSize of job (KB)
...
006 (518408.000.000) 05/06 22:02:20 Image size of job updated: 1185132
	174  -  MemoryUsage of job (MB)
	177812  -  ResidentSetSize of job (KB)
...
006 (518408.000.000) 05/06 22:07:21 Image size of job updated: 1185132
	189  -  MemoryUsage of job (MB)
	193088  -  ResidentSetSize of job (KB)
...
006 (518408.000.000) 05/06 22:12:21 Image size of job updated: 1185436
	217  -  MemoryUsage of job (MB)
	221580  -  ResidentSetSize of job (KB)
...
006 (518408.000.000) 05/06 22:17:22 Image size of job updated: 1185436
	230  -  MemoryUsage of job (MB)
	235244  -  ResidentSetSize of job (KB)
...
006 (518408.000.000) 05/06 22:18:11 Image size of job updated: 1185444
	230  -  MemoryUsage of job (MB)
	235244  -  ResidentSetSize of job (KB)
...
005 (518408.000.000) 05/06 22:18:11 Job terminated.
	(1) Normal termination (return value 0)
		Usr 0 00:20:26, Sys 0 00:00:23  -  Run Remote Usage
		Usr 0 00:00:00, Sys 0 00:00:00  -  Run Local Usage
		Usr 0 00:20:26, Sys 0 00:00:23  -  Total Remote Usage
		Usr 0 00:00:00, Sys 0 00:00:00  -  Total Local Usage
	0  -  Run Bytes Sent By Job
	0  -  Run Bytes Received By Job
	0  -  Total Bytes Sent By Job
	0  -  Total Bytes Received By Job
	Partitionable Resources :    Usage  Request Allocated
	   Cpus                 :                 1         1
	   Disk (KB)            :        1        1   1675522
	   Gpus                 :                           0
	   Memory (MB)          :      230        1     12899
...
000 (381976.000.000) 05/07 00:29:13 Job submitted from host: <128.83.144.155:57685?addrs=128.83.144.155-57685>
...
001 (381976.000.000) 05/07 00:49:24 Job executing on host: <128.83.120.230:37764?addrs=128.83.120.230-37764>
...
006 (381976.000.000) 05/07 00:49:33 Image size of job updated: 1
	2  -  MemoryUsage of job (MB)
	1692  -  ResidentSetSize of job (KB)
...
006 (381976.000.000) 05/07 00:54:34 Image size of job updated: 1185128
	175  -  MemoryUsage of job (MB)
	178916  -  ResidentSetSize of job (KB)
...
006 (381976.000.000) 05/07 00:59:35 Image size of job updated: 1185128
	189  -  MemoryUsage of job (MB)
	192916  -  ResidentSetSize of job (KB)
...
006 (381976.000.000) 05/07 01:04:35 Image size of job updated: 1185584
	214  -  MemoryUsage of job (MB)
	218596  -  ResidentSetSize of job (KB)
...
006 (381976.000.000) 05/07 01:09:36 Image size of job updated: 1185584
	228  -  MemoryUsage of job (MB)
	233184  -  ResidentSetSize of job (KB)
...
006 (381976.000.000) 05/07 01:12:24 Image size of job updated: 1185704
	228  -  MemoryUsage of job (MB)
	233184  -  ResidentSetSize of job (KB)
...
005 (381976.000.000) 05/07 01:12:24 Job terminated.
	(1) Normal termination (return value 0)
		Usr 0 00:22:15, Sys 0 00:00:31  -  Run Remote Usage
		Usr 0 00:00:00, Sys 0 00:00:00  -  Run Local Usage
		Usr 0 00:22:15, Sys 0 00:00:31  -  Total Remote Usage
		Usr 0 00:00:00, Sys 0 00:00:00  -  Total Local Usage
	0  -  Run Bytes Sent By Job
	0  -  Run Bytes Received By Job
	0  -  Total Bytes Sent By Job
	0  -  Total Bytes Received By Job
	Partitionable Resources :    Usage  Request Allocated
	   Cpus                 :                 1         1
	   Disk (KB)            :        1        1    792421
	   Gpus                 :                           0
	   Memory (MB)          :      228        1     12899
...
