000 (15005556.000.000) 08/01 18:26:28 Job submitted from host: <128.83.130.153:51299?addrs=128.83.130.153-51299>
...
001 (15005556.000.000) 08/01 18:26:38 Job executing on host: <128.83.120.75:36144?addrs=128.83.120.75-36144>
...
006 (15005556.000.000) 08/01 18:26:38 Image size of job updated: 1
	0  -  MemoryUsage of job (MB)
	0  -  ResidentSetSize of job (KB)
...
005 (15005556.000.000) 08/01 18:26:38 Job terminated.
	(1) Normal termination (return value 126)
		Usr 0 00:00:00, Sys 0 00:00:00  -  Run Remote Usage
		Usr 0 00:00:00, Sys 0 00:00:00  -  Run Local Usage
		Usr 0 00:00:00, Sys 0 00:00:00  -  Total Remote Usage
		Usr 0 00:00:00, Sys 0 00:00:00  -  Total Local Usage
	0  -  Run Bytes Sent By Job
	0  -  Run Bytes Received By Job
	0  -  Total Bytes Sent By Job
	0  -  Total Bytes Received By Job
	Partitionable Resources :    Usage  Request Allocated
	   Cpus                 :                 1         1
	   Disk (KB)            :        1        1   8862904
	   Gpus                 :                           0
	   Memory (MB)          :        0        1      4028
...
000 (15005631.000.000) 08/01 18:32:04 Job submitted from host: <128.83.130.153:51299?addrs=128.83.130.153-51299>
...
001 (15005631.000.000) 08/01 18:32:33 Job executing on host: <128.83.120.75:36144?addrs=128.83.120.75-36144>
...
006 (15005631.000.000) 08/01 18:32:41 Image size of job updated: 1305840
	45  -  MemoryUsage of job (MB)
	46080  -  ResidentSetSize of job (KB)
...
006 (15005631.000.000) 08/01 18:37:41 Image size of job updated: 6503508
	705  -  MemoryUsage of job (MB)
	721228  -  ResidentSetSize of job (KB)
...
006 (15005631.000.000) 08/01 18:42:41 Image size of job updated: 6574124
	942  -  MemoryUsage of job (MB)
	964476  -  ResidentSetSize of job (KB)
...
006 (15005631.000.000) 08/01 18:47:42 Image size of job updated: 6705196
	1232  -  MemoryUsage of job (MB)
	1260696  -  ResidentSetSize of job (KB)
...
006 (15005631.000.000) 08/01 18:52:42 Image size of job updated: 6901804
	1509  -  MemoryUsage of job (MB)
	1544924  -  ResidentSetSize of job (KB)
...
006 (15005631.000.000) 08/01 18:57:42 Image size of job updated: 6967340
	1784  -  MemoryUsage of job (MB)
	1826176  -  ResidentSetSize of job (KB)
...
006 (15005631.000.000) 08/01 19:02:43 Image size of job updated: 7032876
	2044  -  MemoryUsage of job (MB)
	2092984  -  ResidentSetSize of job (KB)
...
006 (15005631.000.000) 08/01 19:07:44 Image size of job updated: 7098412
	2253  -  MemoryUsage of job (MB)
	2307000  -  ResidentSetSize of job (KB)
...
006 (15005631.000.000) 08/01 19:12:44 Image size of job updated: 7360556
	2418  -  MemoryUsage of job (MB)
	2475604  -  ResidentSetSize of job (KB)
...
006 (15005631.000.000) 08/01 19:17:45 Image size of job updated: 7426092
	2562  -  MemoryUsage of job (MB)
	2622960  -  ResidentSetSize of job (KB)
...
006 (15005631.000.000) 08/01 19:22:46 Image size of job updated: 7491628
	2708  -  MemoryUsage of job (MB)
	2772512  -  ResidentSetSize of job (KB)
...
006 (15005631.000.000) 08/01 19:27:46 Image size of job updated: 7688584
	2913  -  MemoryUsage of job (MB)
	2982292  -  ResidentSetSize of job (KB)
...
006 (15005631.000.000) 08/01 19:31:16 Image size of job updated: 7819712
	2913  -  MemoryUsage of job (MB)
	2982292  -  ResidentSetSize of job (KB)
...
005 (15005631.000.000) 08/01 19:31:17 Job terminated.
	(1) Normal termination (return value 0)
		Usr 0 01:08:16, Sys 0 00:01:42  -  Run Remote Usage
		Usr 0 00:00:00, Sys 0 00:00:00  -  Run Local Usage
		Usr 0 01:08:16, Sys 0 00:01:42  -  Total Remote Usage
		Usr 0 00:00:00, Sys 0 00:00:00  -  Total Local Usage
	0  -  Run Bytes Sent By Job
	0  -  Run Bytes Received By Job
	0  -  Total Bytes Sent By Job
	0  -  Total Bytes Received By Job
	Partitionable Resources :    Usage  Request Allocated
	   Cpus                 :                 1         1
	   Disk (KB)            :        1        1   8862904
	   Gpus                 :                           0
	   Memory (MB)          :     2913        1      4028
...
