[SNIPER] Start
Sampler: 4, 32, 0
itlb_cache: 32, 1
itlb_cache_L1: 32, 1
Sampler: 4, 128, 0
dtlb_cache: 128, 4
dtlb_cache_L1: 128, 4
L1-I 2
Sampler: 4, 4, 128
L1-I: 2048, 64
L1-I_L1: 2048, 64
L1-D 3
Sampler: 4, 8, 32
L1-D: 1024, 32
L1-D_L1: 1024, 32
L2 4
Sampler: 122, 16, 16
L2: 32768, 1024
L2_L1: 32768, 1024
Executing Python script /v/filer4b/v20q001/ypei/Desktop/cs395t-lin/output/run_all_hybrid_headroom2/bzip2/12/sim.scripts.py
[STOPBYICOUNT] Starting in ROI (detail)
[STOPBYICOUNT] Then stopping after simulating at least 250000000 instructions in detail
[SNIPER] --------------------------------------------------------------------------------
[SNIPER] Sniper using SIFT/trace-driven frontend
[SNIPER] Running full application in DETAILED mode
[SNIPER] --------------------------------------------------------------------------------
[SNIPER] Enabling performance models
[SNIPER] Setting instrumentation mode to DETAILED
[STOPBYICOUNT] Ending ROI after 250000007 instructions (250000000 requested)
[SNIPER] Disabling performance models
[SNIPER] Leaving ROI after 1201.46 seconds
[SNIPER] Simulated 250.0M instructions, 194.4M cycles, 1.29 IPC
[SNIPER] Simulation speed 208.1 KIPS (208.1 KIPS / target core - 4805.5ns/instr)
[SNIPER] Setting instrumentation mode to FAST_FORWARD
[app0] [SIFT_RECORDER] sift_writer.cc:550: Sift::Mode Sift::Writer::Sync(): Assertion `!response->fail()' failed.
Hawkeye Victims: 0
LRU Victims: 0
[app0] Pin app terminated abnormally due to signal 6.
Hawkeye Victims: 0
LRU Victims: 0
Hawkeye Victims: 0
LRU Victims: 0
a test for execution

Inserted: 0
Redundant.progress: 0
Redundant.cache: 0
Redundant.buffer: 0
Hawkeye Victims: 0
LRU Victims: 0
a test for execution

Inserted: 0
Redundant.progress: 0
Redundant.cache: 0
Redundant.buffer: 0
Hawkeye Victims: 0
LRU Victims: 0
 =========================================================== 
Triggers: 2718622
Repeats: 0

Same addr: 843786 31.0373
New addr: 305 0.0112189

Distribution of new addresses: 
Stream Head: 182 59.6721
Stream Divergence: 1701823 557975

Invalidation count: 1790727 587124
No Conflict count: 89767 29431.8
Same Stream count: 0 0
New Stream count: 0 0

Not found: 1870569
On Chip Mispredictions: 0
 =========================================================== 
Distribution of predictions: 
Predict Init: 2638475 97.0519
Total Predictions: 2620462
Predict OCI Miss: 8048 0.305025
Predict Stream End: 18013 0.682705
Buffer Success: 0 0
Stride Distribution: 0, 118081, 35374, 21344, 35558, 47702, 77326, 102948, 186300, 195684, 172546, 143037, 112930, 117668, 74612, 96232, 136344, 0, 50186, 0, 35466, 0, 0, 0, 25576, 0, 0, 0, 0, 0, 31970, 0, 41078, 0, 0, 0, 17388, 0, 0, 0, 15364, 0, 0, 0, 0, 0, 0, 0, 0, 0, 0, 0, 0, 0, 0, 0, 0, 0, 0, 0, 0, 0, 0, 0, 0, 0, 33, 0, 0, 0, 0, 0, 16712848, 0, 49, 0, 15, 0, 15, 0, 0, 6644585, 1868787317, 1915577714, 1702195557, 7566451, 113, 0, 5073232, 0, 13386208, 0, 0, 0, 5073232, 0, 13944624, 0, 0, 0, 5073232, 0, 14216976, 0, 0, 0, 5165152, 0, 3153464688, 10970, 0, 10970, 16711152, 0, 49, 0, 6, 0, 6, 0, 0, 0, 1919906931, 29541, 48, 0, 49, 0, 
a test for execution

Inserted: 5022176
Redundant.progress: 8865
Redundant.cache: 4864141
Redundant.buffer: 0
[SNIPER] End
[SNIPER] Elapsed time: 1264.32 seconds
