000 (515958.000.000) 05/05 17:13:07 Job submitted from host: <128.83.144.149:44250?addrs=128.83.144.149-44250>
...
001 (515958.000.000) 05/05 17:13:33 Job executing on host: <128.83.120.250:59851?addrs=128.83.120.250-59851>
...
006 (515958.000.000) 05/05 17:13:41 Image size of job updated: 340324
	21  -  MemoryUsage of job (MB)
	21300  -  ResidentSetSize of job (KB)
...
006 (515958.000.000) 05/05 17:14:26 Image size of job updated: 766444
	21  -  MemoryUsage of job (MB)
	21300  -  ResidentSetSize of job (KB)
...
004 (515958.000.000) 05/05 17:14:26 Job was evicted.
	(0) Job was not checkpointed.
		Usr 0 00:00:00, Sys 0 00:00:00  -  Run Remote Usage
		Usr 0 00:00:00, Sys 0 00:00:00  -  Run Local Usage
	0  -  Run Bytes Sent By Job
	0  -  Run Bytes Received By Job
	Partitionable Resources :    Usage  Request Allocated
	   Cpus                 :                 1         1
	   Disk (KB)            :        1        1    815266
	   Gpus                 :                           0
	   Memory (MB)          :       21        1     12899
...
009 (515958.000.000) 05/05 17:14:27 Job was aborted by the user.
	via condor_rm (by user ypei)
...
000 (516183.000.000) 05/05 17:14:50 Job submitted from host: <128.83.144.149:44250?addrs=128.83.144.149-44250>
...
001 (516183.000.000) 05/05 17:15:00 Job executing on host: <128.83.120.250:59851?addrs=128.83.120.250-59851>
...
006 (516183.000.000) 05/05 17:15:08 Image size of job updated: 52036
	10  -  MemoryUsage of job (MB)
	9876  -  ResidentSetSize of job (KB)
...
006 (516183.000.000) 05/05 17:18:10 Image size of job updated: 939272
	89  -  MemoryUsage of job (MB)
	91088  -  ResidentSetSize of job (KB)
...
004 (516183.000.000) 05/05 17:18:10 Job was evicted.
	(0) Job was not checkpointed.
		Usr 0 00:00:55, Sys 0 00:00:01  -  Run Remote Usage
		Usr 0 00:00:00, Sys 0 00:00:00  -  Run Local Usage
	0  -  Run Bytes Sent By Job
	0  -  Run Bytes Received By Job
	Partitionable Resources :    Usage  Request Allocated
	   Cpus                 :                 1         1
	   Disk (KB)            :        1        1    815266
	   Gpus                 :                           0
	   Memory (MB)          :       89        1     12899
...
009 (516183.000.000) 05/05 17:18:11 Job was aborted by the user.
	via condor_rm (by user ypei)
...
000 (516390.000.000) 05/05 17:18:20 Job submitted from host: <128.83.144.149:44250?addrs=128.83.144.149-44250>
...
001 (516390.000.000) 05/05 17:18:30 Job executing on host: <128.83.120.250:59851?addrs=128.83.120.250-59851>
...
006 (516390.000.000) 05/05 17:18:38 Image size of job updated: 765484
	54  -  MemoryUsage of job (MB)
	54728  -  ResidentSetSize of job (KB)
...
006 (516390.000.000) 05/05 17:21:20 Image size of job updated: 939136
	88  -  MemoryUsage of job (MB)
	89324  -  ResidentSetSize of job (KB)
...
004 (516390.000.000) 05/05 17:21:20 Job was evicted.
	(0) Job was not checkpointed.
		Usr 0 00:01:15, Sys 0 00:00:01  -  Run Remote Usage
		Usr 0 00:00:00, Sys 0 00:00:00  -  Run Local Usage
	0  -  Run Bytes Sent By Job
	0  -  Run Bytes Received By Job
	Partitionable Resources :    Usage  Request Allocated
	   Cpus                 :                 1         1
	   Disk (KB)            :        1        1    812584
	   Gpus                 :                           0
	   Memory (MB)          :       88        1     12899
...
009 (516390.000.000) 05/05 17:21:20 Job was aborted by the user.
	via condor_rm (by user ypei)
...
000 (517011.000.000) 05/05 17:21:42 Job submitted from host: <128.83.144.149:44250?addrs=128.83.144.149-44250>
...
001 (517011.000.000) 05/05 17:21:51 Job executing on host: <128.83.120.128:51378?addrs=128.83.120.128-51378>
...
006 (517011.000.000) 05/05 17:22:00 Image size of job updated: 765996
	52  -  MemoryUsage of job (MB)
	53172  -  ResidentSetSize of job (KB)
...
006 (517011.000.000) 05/05 17:27:01 Image size of job updated: 939136
	93  -  MemoryUsage of job (MB)
	95088  -  ResidentSetSize of job (KB)
...
006 (517011.000.000) 05/05 17:32:01 Image size of job updated: 939136
	104  -  MemoryUsage of job (MB)
	106068  -  ResidentSetSize of job (KB)
...
006 (517011.000.000) 05/05 17:37:02 Image size of job updated: 939136
	107  -  MemoryUsage of job (MB)
	109128  -  ResidentSetSize of job (KB)
...
006 (517011.000.000) 05/05 17:42:03 Image size of job updated: 939392
	111  -  MemoryUsage of job (MB)
	112748  -  ResidentSetSize of job (KB)
...
006 (517011.000.000) 05/05 17:47:03 Image size of job updated: 939480
	116  -  MemoryUsage of job (MB)
	118288  -  ResidentSetSize of job (KB)
...
006 (517011.000.000) 05/05 17:50:50 Image size of job updated: 942980
	116  -  MemoryUsage of job (MB)
	118288  -  ResidentSetSize of job (KB)
...
005 (517011.000.000) 05/05 17:50:50 Job terminated.
	(1) Normal termination (return value 0)
		Usr 0 00:27:15, Sys 0 00:00:25  -  Run Remote Usage
		Usr 0 00:00:00, Sys 0 00:00:00  -  Run Local Usage
		Usr 0 00:27:15, Sys 0 00:00:25  -  Total Remote Usage
		Usr 0 00:00:00, Sys 0 00:00:00  -  Total Local Usage
	0  -  Run Bytes Sent By Job
	0  -  Run Bytes Received By Job
	0  -  Total Bytes Sent By Job
	0  -  Total Bytes Received By Job
	Partitionable Resources :    Usage  Request Allocated
	   Cpus                 :                 1         1
	   Disk (KB)            :        1        1    812212
	   Gpus                 :                           0
	   Memory (MB)          :      116        1     12899
...
000 (518046.000.000) 05/06 21:33:02 Job submitted from host: <128.83.144.149:44250?addrs=128.83.144.149-44250>
...
001 (518046.000.000) 05/06 21:33:13 Job executing on host: <128.83.139.15:46714?addrs=128.83.139.15-46714>
...
006 (518046.000.000) 05/06 21:33:22 Image size of job updated: 766132
	56  -  MemoryUsage of job (MB)
	57312  -  ResidentSetSize of job (KB)
...
006 (518046.000.000) 05/06 21:33:46 Image size of job updated: 767680
	56  -  MemoryUsage of job (MB)
	57312  -  ResidentSetSize of job (KB)
...
004 (518046.000.000) 05/06 21:33:46 Job was evicted.
	(0) Job was not checkpointed.
		Usr 0 00:00:00, Sys 0 00:00:00  -  Run Remote Usage
		Usr 0 00:00:00, Sys 0 00:00:00  -  Run Local Usage
	0  -  Run Bytes Sent By Job
	0  -  Run Bytes Received By Job
	Partitionable Resources :    Usage  Request Allocated
	   Cpus                 :                 1         1
	   Disk (KB)            :        1        1   1672476
	   Gpus                 :                           0
	   Memory (MB)          :       56        1     12899
...
009 (518046.000.000) 05/06 21:33:47 Job was aborted by the user.
	via condor_rm (by user ypei)
...
000 (518253.000.000) 05/06 21:34:09 Job submitted from host: <128.83.144.149:44250?addrs=128.83.144.149-44250>
...
001 (518253.000.000) 05/06 21:34:21 Job executing on host: <128.83.144.112:35333?addrs=128.83.144.112-35333>
...
006 (518253.000.000) 05/06 21:34:29 Image size of job updated: 765620
	56  -  MemoryUsage of job (MB)
	56764  -  ResidentSetSize of job (KB)
...
006 (518253.000.000) 05/06 21:39:29 Image size of job updated: 939308
	95  -  MemoryUsage of job (MB)
	97220  -  ResidentSetSize of job (KB)
...
006 (518253.000.000) 05/06 21:44:29 Image size of job updated: 939308
	106  -  MemoryUsage of job (MB)
	108464  -  ResidentSetSize of job (KB)
...
006 (518253.000.000) 05/06 21:49:30 Image size of job updated: 939312
	109  -  MemoryUsage of job (MB)
	111216  -  ResidentSetSize of job (KB)
...
006 (518253.000.000) 05/06 21:54:31 Image size of job updated: 939312
	114  -  MemoryUsage of job (MB)
	116540  -  ResidentSetSize of job (KB)
...
006 (518253.000.000) 05/06 21:59:31 Image size of job updated: 943060
	126  -  MemoryUsage of job (MB)
	128540  -  ResidentSetSize of job (KB)
...
006 (518253.000.000) 05/06 22:01:19 Image size of job updated: 943148
	126  -  MemoryUsage of job (MB)
	128540  -  ResidentSetSize of job (KB)
...
005 (518253.000.000) 05/06 22:01:20 Job terminated.
	(1) Normal termination (return value 0)
		Usr 0 00:25:15, Sys 0 00:00:28  -  Run Remote Usage
		Usr 0 00:00:00, Sys 0 00:00:00  -  Run Local Usage
		Usr 0 00:25:15, Sys 0 00:00:28  -  Total Remote Usage
		Usr 0 00:00:00, Sys 0 00:00:00  -  Total Local Usage
	0  -  Run Bytes Sent By Job
	0  -  Run Bytes Received By Job
	0  -  Total Bytes Sent By Job
	0  -  Total Bytes Received By Job
	Partitionable Resources :    Usage  Request Allocated
	   Cpus                 :                 1         1
	   Disk (KB)            :        1        1    803081
	   Gpus                 :                           0
	   Memory (MB)          :      126        1     12899
...
000 (381821.000.000) 05/07 00:29:01 Job submitted from host: <128.83.144.155:57685?addrs=128.83.144.155-57685>
...
001 (381821.000.000) 05/07 00:29:16 Job executing on host: <128.83.139.15:46714?addrs=128.83.139.15-46714>
...
006 (381821.000.000) 05/07 00:29:25 Image size of job updated: 766136
	56  -  MemoryUsage of job (MB)
	57260  -  ResidentSetSize of job (KB)
...
006 (381821.000.000) 05/07 00:34:26 Image size of job updated: 939308
	98  -  MemoryUsage of job (MB)
	99592  -  ResidentSetSize of job (KB)
...
006 (381821.000.000) 05/07 00:39:27 Image size of job updated: 939564
	106  -  MemoryUsage of job (MB)
	108440  -  ResidentSetSize of job (KB)
...
006 (381821.000.000) 05/07 00:44:27 Image size of job updated: 939564
	112  -  MemoryUsage of job (MB)
	113688  -  ResidentSetSize of job (KB)
...
006 (381821.000.000) 05/07 00:49:27 Image size of job updated: 943060
	124  -  MemoryUsage of job (MB)
	126832  -  ResidentSetSize of job (KB)
...
006 (381821.000.000) 05/07 00:50:21 Image size of job updated: 943152
	124  -  MemoryUsage of job (MB)
	126832  -  ResidentSetSize of job (KB)
...
005 (381821.000.000) 05/07 00:50:21 Job terminated.
	(1) Normal termination (return value 0)
		Usr 0 00:19:30, Sys 0 00:00:22  -  Run Remote Usage
		Usr 0 00:00:00, Sys 0 00:00:00  -  Run Local Usage
		Usr 0 00:19:30, Sys 0 00:00:22  -  Total Remote Usage
		Usr 0 00:00:00, Sys 0 00:00:00  -  Total Local Usage
	0  -  Run Bytes Sent By Job
	0  -  Run Bytes Received By Job
	0  -  Total Bytes Sent By Job
	0  -  Total Bytes Received By Job
	Partitionable Resources :    Usage  Request Allocated
	   Cpus                 :                 1         1
	   Disk (KB)            :        1        1   1672476
	   Gpus                 :                           0
	   Memory (MB)          :      124        1     12899
...
