[SNIPER] Start
Sampler: 4, 4, 32
stlb_cache: 512, 16
stlb_cache_L1: 512, 16
Sampler: 4, 32, 0
itlb_cache: 32, 1
itlb_cache_L1: 32, 1
Sampler: 4, 128, 0
dtlb_cache: 128, 4
dtlb_cache_L1: 128, 4
num_memory_controller = 1
L1-I 2
Sampler: 4, 4, 128
L1-I: 2048, 64
L1-I_L1: 2048, 64
Creating prefetcher object 0 0
Creating prefetcher object 1 0
Creating prefetcher object 2 0
Creating prefetcher object 3 0
L1-D 3
Sampler: 4, 8, 20
L1-D: 400, 20
L1-D_L1: 400, 20
Creating prefetcher object 0 0
Creating prefetcher object 1 0
Creating prefetcher object 2 0
Creating prefetcher object 3 0
L2 4
Sampler: 25f, 10, d
L2: 20000, 1000
L2_L1: 20000, 1000
HybridPrefetcher3 running
Creating prefetcher object 0 0x189bf20
HybridPrefetcher3 running
Creating prefetcher object 1 0x1a3e850
HybridPrefetcher3 running
Creating prefetcher object 2 0x1be11b0
HybridPrefetcher3 running
Creating prefetcher object 3 0x1d83b10
Sampler: 4, 4, 20
stlb_cache: 200, 10
stlb_cache_L1: 200, 10
Sampler: 4, 20, 0
itlb_cache: 20, 1
itlb_cache_L1: 20, 1
Sampler: 4, 80, 0
dtlb_cache: 80, 4
dtlb_cache_L1: 80, 4
num_memory_controller = 1
L1-I 2
Sampler: 4, 4, 80
L1-I: 800, 40
L1-I_L1: 800, 40
Creating prefetcher object 0 0
Creating prefetcher object 1 0
Creating prefetcher object 2 0
Creating prefetcher object 3 0
L1-D 3
Sampler: 4, 8, 20
L1-D: 400, 20
L1-D_L1: 400, 20
Creating prefetcher object 0 0
Creating prefetcher object 1 0
Creating prefetcher object 2 0
Creating prefetcher object 3 0
L2 4
Sampler: 4, 4, 20
stlb_cache: 200, 10
stlb_cache_L1: 200, 10
Sampler: 4, 20, 0
itlb_cache: 20, 1
itlb_cache_L1: 20, 1
Sampler: 4, 80, 0
dtlb_cache: 80, 4
dtlb_cache_L1: 80, 4
num_memory_controller = 1
L1-I 2
Sampler: 4, 4, 80
L1-I: 800, 40
L1-I_L1: 800, 40
Creating prefetcher object 0 0
Creating prefetcher object 1 0
Creating prefetcher object 2 0
Creating prefetcher object 3 0
L1-D 3
Sampler: 4, 8, 20
L1-D: 400, 20
L1-D_L1: 400, 20
Creating prefetcher object 0 0
Creating prefetcher object 1 0
Creating prefetcher object 2 0
Creating prefetcher object 3 0
L2 4
Sampler: 4, 4, 20
stlb_cache: 200, 10
stlb_cache_L1: 200, 10
Sampler: 4, 20, 0
itlb_cache: 20, 1
itlb_cache_L1: 20, 1
Sampler: 4, 80, 0
dtlb_cache: 80, 4
dtlb_cache_L1: 80, 4
num_memory_controller = 1
L1-I 2
Sampler: 4, 4, 80
L1-I: 800, 40
L1-I_L1: 800, 40
Creating prefetcher object 0 0
Creating prefetcher object 1 0
Creating prefetcher object 2 0
Creating prefetcher object 3 0
L1-D 3
Sampler: 4, 8, 20
L1-D: 400, 20
L1-D_L1: 400, 20
Creating prefetcher object 0 0
Creating prefetcher object 1 0
Creating prefetcher object 2 0
Creating prefetcher object 3 0
L2 4
[SNIPER] --------------------------------------------------------------------------------
[SNIPER] Sniper using SIFT/trace-driven frontend
[SNIPER] Running full application in DETAILED mode
[SNIPER] --------------------------------------------------------------------------------
[SNIPER] Enabling performance models
[SNIPER] Setting instrumentation mode to DETAILED
0	1
0	1
0	6
0	1
shadow_cache used up once
shadow_cache used up once
shadow_cache used up once
shadow_cache used up once
shadow_cache used up once
shadow_cache used up once
shadow_cache used up once
[app3] td>Ugo Glanzel</td><td><a href="mailto:Glanzel@ucd.ie">Glanzel@ucd.ie</a></td><td>+97 (652) 74327808</td><td></td><td></td><td>(0) open_auction2516<br>(I) open_auction1933<br>(II) open_auction4577<br>(III) open_auction4886<br>
[app3] </td><td>
[app3] <p>31 Lubiw St<br>Palm, Tennessee<br>United States<br>35</p>
[app3] </td><td>65104.7</td><td>female</td><td>Yes</td><td>47</td><td>College</td>
[app3] </tr>
[app3] <tr valign="top">
[app3] <td>person11130</td><td>Ugo Ritondale</td><td><a href="mailto:Ritondale@computer.org">Ritondale@computer.org</a></td><td></td><td></td><td>1560 3281 3209 4196</td><td>(0) open_auction2394<br>(I) open_auction2070<br>(II) open_auction3597<br>(III) open_auction5284<br>(IV) open_auction1332<br>(V) open_auction5293<br>
[app3] </td><td>
[app3] <p>90 Cohoon St<br>Tri, <br>Nigeria<br>28</p>
[app3] </td><td>97645.36</td><td></td><td>No</td><td></td><td>College</td>
[app3] </tr>
[app3] <tr valign="top">
[app3] <td>person8759</td><td>Ugur Rothman</td><td><a href="mailto:Rothman@conclusivestrategies.com">Rothman@conclusivestrategies.com</a></td><td></td><td><a href="http://www.conclusivestrategies.com/~Rothman">http://www.conclusivestrategies.com/~Rothman</a></td><td>3476 1547 2340 1102</td><td></td><td></td><td></td><td></td><td></td><td></td><td></td>
[app3] </tr>
[app3] <tr valign="top">
[app3] <td>person9598</td><td>Uinam Haddadi</td><td><a href="mailto:Haddadi@crossgain.com">Haddadi@crossgain.com</a></td><td></td><td><a href="http://www.crossgain.com/~Haddadi">http://www.crossgain.com/~Haddadi</a></td><td>3578 5577 6010 4447</td><td>(0) open_auction2518<br>(I) open_auction270<br>
[app3] </td><td></td><td></td><td></td><td></td><td></td><td></td>
[app3] </tr>
[app3] <tr valign="top">
[app3] <td>person530</td><td>Uinam Straser</td><td><a href="mailto:Straser@edu.hk">Straser@edu.hk</a></td><td></td><td></td><td>6221 4416 2811 8270</td><td>(0) open_auction3245<br>(I) open_auction4795<br>(II) open_auction3047<br>(III) open_auction1130<br>
[app3] </td><td>
[app3] <p>3 Eklundh St<br>Fort, <br>United States<br>3</p>
[app3] </td><td>9876</td><td></td><td>No</td><td></td><td></td>
[app3] </tr>
[app3] <tr valign="top">
shadow_cache used up once
shadow_cache used up once
shadow_cache used up once
shadow_cache used up once
shadow_cache used up once
shadow_cache used up once
shadow_cache used up once
shadow_cache used up once
shadow_cache used up once
shadow_cache used up once
phase = 0
[app3] <td>person7840</td><td>Uisok Reade</td><td><a href="mailto:Reade@cmu.edu">Reade@cmu.edu</a></td><td>+0 (88) 55256306</td><td></td><td>3379 7136 8312 5582</td><td></td><td></td><td></td><td></td><td></td><td></td><td></td>
[app3] </tr>
[app3] <tr valign="top">
[app3] <td>person284</td><td>Uldis Kukimoto</td><td><a href="mailto:Kukimoto@co.in">Kukimoto@co.in</a></td><td></td><td><a href="http://www.co.in/~Kukimoto">http://www.co.in/~Kukimoto</a></td><td>9136 5125 4221 2864</td><td>(0) open_auction591<br>(I) open_auction4463<br>(II) open_auction681<br>(III) open_auction3787<br>(IV) open_auction1904<br>
[app3] </td><td></td><td>50516.34</td><td>male</td><td>Yes</td><td>46</td><td>College</td>
[app3] </tr>
[app3] <tr valign="top">
[app3] <td>person3288</td><td>Ulf Buchter</td><td><a href="mailto:Buchter@sds.no">Buchter@sds.no</a></td><td>+20 (456) 48506647</td><td><a href="http://www.sds.no/~Buchter">http://www.sds.no/~Buchter</a></td><td></td><td></td><td></td><td></td><td></td><td></td><td></td><td></td>
[app3] </tr>
[app3] <tr valign="top">
[app3] <td>person8655</td><td>Ulf Furedi</td><td><a href="mailto:Furedi@versata.com">Furedi@versata.com</a></td><td>+164 (17) 17689749</td><td><a href="http://www.versata.com/~Furedi">http://www.versata.com/~Furedi</a></td><td></td><td></td><td>
[app3] <p>2 Steenstrup St<br>Houston, <br>United States<br>24</p>
[app3] </td><td></td><td></td><td></td><td></td><td></td>
[app3] </tr>
[app3] <tr valign="top">
[app3] <td>person10201</td><td>Ulf Gessel</td><td><a href="mailto:Gessel@uta.edu">Gessel@uta.edu</a></td><td></td><td></td><td></td><td></td><td></td><td></td><td></td><td></td><td></td><td></td>
[app3] </tr>
[app3] <tr valign="top">
[app3] <td>person6153</td><td>Ulfar Heijne</td><td><a href="mailto:Heijne@upenn.edu">Heijne@upenn.edu</a></td><td></td><td><a href="http://www.upenn.edu/~Heijne">http://www.upenn.edu/~Heijne</a></td><td></td><td>(0) open_auction4325<br>(I) open_auction968<br>(II) open_auction3176<br>(III) open_auction2161<br>(IV) open_auction1899<br>
[app3] </td><td>
[app3] <p>24 Deacon St<br>Huntington, Lampert<br>Kenya<br>28</p>
[app3] </td><td></td><td></td><td></td><td></td><td></td>
[app3] </tr>
[app3] <tr valign="top">
[app3] <td>person7526</td><td>Ulfar Murtagh</td><td><a href="mailto:Murtagh@ntua.gr">Murtagh@ntua.gr</a></td><td>+80 (99) 72327674</td><td></td><td>7863 9368 1478 3046</td><td>(0) open_auction2820<br>(I) open_auction440<br>(II) open_auction2575<br>(III) open_auction857<br>(IV) open_auction61<br>(V) open_auction5293<br>
[app3] </td><td>
[app3] <p>89 Rivierre St<br>Venice, Oregon<br>United States<br>24</p>
[app3] </td><td>44787.93</td><td>female</td><td>Yes</td><td>28</td><td></td>
[app3] </tr>
[app3] <tr valign="top">
[app3] <td>person10238</td><td>Ulfar Staylopatis</td><td><a href="mailto:Staylopatis@edu.sg">Staylopatis@edu.sg</a></td><td></td><td><a href="http://www.edu.sg/~Staylopatis">http://www.edu.sg/~Staylopatis</a></td><td>1760 2815 4133 9556</td><td></td><td>
[app3] <p>21 Emond St<br>Elko, <br>United States<br>22</p>
[app3] </td><td>16256.63</td><td>male</td><td>No</td><td>29</td><td></td>
[app3] </tr>
[app3] <tr valign="top">
[app3] <td>person742</td><td>Uli Ebeling</td><td><a href="mailto:Ebeling@gatech.edu">Ebeling@gatech.edu</a></td><td>+0 (539) 52375137</td><td></td><td></td><td></td><td></td><td></td><td></td><td></td><td></td><td></td>
[app3] </tr>
[app3] <tr valign="top">
[app3] <td>person7373</td><td>Uli Iida</td><td><a href="mailto:Iida@uwo.ca">Iida@uwo.ca</a></td><td></td><td><a href="http://www.uwo.ca/~Iida">http://www.uwo.ca/~Iida</a></td><td></td><td>(0) open_auction3061<br>
[app3] </td><td>
[app3] <p>25 Benz St<br>Pasco, Maine<br>United States<br>22</p>
[app3] </td><td></td><td></td><td></td><td></td><td></td>
[app3] </tr>
[app3] <tr valign="top">
[app3] <td>person8484</td><td>Uli Ionescu</td><td><a href="mailto:Ionescu@filemaker.com">Ionescu@filemaker.com</a></td><td></td><td></td><td>6632 9194 3926 5485</td><td></td><td></td><td></td><td></td><td></td><td></td><td></td>
[app3] </tr>
[app3] <tr valign="top">
[app3] <td>person10261</td><td>Uli Olveszky</td><td><a href="mailto:Olveszky@itc.it">Olveszky@itc.it</a></td><td></td><td><a href="http://www.itc.it/~Olveszky">http://www.itc.it/~Olveszky</a></td><td>6189 8238 9569 5584</td><td>(0) open_auction2607<br>(I) open_auction1172<br>
[app3] </td><td>
[app3] <p>75 Gerace St<br>Cancun, <br>United States<br>26</p>
[app3] </td><td></td><td></td><td></td><td></td><td></td>
shadow_cache used up once
shadow_cache used up once
shadow_cache used up once
1	64058
1	101453
1	7069
1	8351
shadow_cache used up once
phase = 0
shadow_cache used up once
shadow_cache used up once
shadow_cache used up once
shadow_cache used up once
shadow_cache used up once
shadow_cache used up once
shadow_cache used up once
[app3] </tr>
[app3] <tr valign="top">
[app3] <td>person3895</td><td>Uli Pekkanen</td><td><a href="mailto:Pekkanen@sybase.com">Pekkanen@sybase.com</a></td><td>+0 (494) 96113287</td><td><a href="http://www.sybase.com/~Pekkanen">http://www.sybase.com/~Pekkanen</a></td><td>3165 6984 7053 7936</td><td></td><td></td><td></td><td></td><td></td><td></td><td></td>
[app3] </tr>
[app3] <tr valign="top">
[app3] <td>person2325</td><td>Uli Ritcey</td><td><a href="mailto:Ritcey@concentric.net">Ritcey@concentric.net</a></td><td></td><td><a href="http://www.concentric.net/~Ritcey">http://www.concentric.net/~Ritcey</a></td><td></td><td>(0) open_auction3995<br>(I) open_auction4507<br>
[app3] </td><td></td><td>28199.16</td><td>male</td><td>No</td><td>41</td><td>College</td>
[app3] </tr>
[app3] <tr valign="top">
[app3] <td>person2178</td><td>Ulises Dale</td><td><a href="mailto:Dale@edu.hk">Dale@edu.hk</a></td><td></td><td><a href="http://www.edu.hk/~Dale">http://www.edu.hk/~Dale</a></td><td>5194 7621 5569 5589</td><td></td><td>
[app3] <p>48 Capaccioli St<br>South, <br>Lithuania<br>23</p>
[app3] </td><td></td><td></td><td></td><td></td><td></td>
[app3] </tr>
[app3] <tr valign="top">
[app3] <td>person5077</td><td>Ulises Loubersac</td><td><a href="mailto:Loubersac@clustra.com">Loubersac@clustra.com</a></td><td></td><td><a href="http://www.clustra.com/~Loubersac">http://www.clustra.com/~Loubersac</a></td><td></td><td></td><td>
[app3] <p>34 Michalakopoulos St<br>Conakry, <br>United States<br>22</p>
[app3] </td><td>14970.63</td><td>male</td><td>Yes</td><td></td><td></td>
[app3] </tr>
[app3] <tr valign="top">
[app3] <td>person10214</td><td>Ulises Weihrauch</td><td><a href="mailto:Weihrauch@auth.gr">Weihrauch@auth.gr</a></td><td></td><td><a href="http://www.auth.gr/~Weihrauch">http://www.auth.gr/~Weihrauch</a></td><td></td><td>(0) open_auction4361<br>(I) open_auction1507<br>(II) open_auction3481<br>(III) open_auction3708<br>
[app3] </td><td></td><td></td><td></td><td></td><td></td><td></td>
[app3] </tr>
[app3] <tr valign="top">
[app3] <td>person5613</td><td>Ulrik Earley</td><td><a href="mailto:Earley@uni-sb.de">Earley@uni-sb.de</a></td><td></td><td></td><td></td><td>(0) open_auction2479<br>
[app3] </td><td>
[app3] <p>26 Kieras St<br>Austin, <br>United States<br>10</p>
[app3] </td><td></td><td></td><td></td><td></td><td></td>
[app3] </tr>
[app3] <tr valign="top">
[app3] <td>person11379</td><td>Ulrik Feltelson</td><td><a href="mailto:Feltelson@newpaltz.edu">Feltelson@newpaltz.edu</a></td><td></td><td></td><td></td><td></td><td></td><td>29266.21</td><td>male</td><td>No</td><td>28</td><td></td>
[app3] </tr>
[app3] <tr valign="top">
[app3] <td>person11594</td><td>Ulrik Hooghiemstra</td><td><a href="mailto:Hooghiemstra@ucr.edu">Hooghiemstra@ucr.edu</a></td><td>+0 (235) 67799542</td><td><a href="http://www.ucr.edu/~Hooghiemstra">http://www.ucr.edu/~Hooghiemstra</a></td><td>1890 1593 9944 1672</td><td></td><td>
[app3] <p>33 Brody St<br>Stockholm, <br>United States<br>6</p>
[app3] </td><td></td><td></td><td></td><td></td><td></td>
[app3] </tr>
[app3] <tr valign="top">
[app3] <td>person635</td><td>Ulrik Perna</td><td><a href="mailto:Perna@bellatlantic.net">Perna@bellatlantic.net</a></td><td></td><td></td><td></td><td></td><td></td><td>10541.2</td><td>male</td><td>No</td><td>46</td><td></td>
[app3] </tr>
[app3] <tr valign="top">
[app3] <td>person4192</td><td>Ulrik Schicker</td><td><a href="mailto:Schicker@ibm.com">Schicker@ibm.com</a></td><td></td><td><a href="http://www.ibm.com/~Schicker">http://www.ibm.com/~Schicker</a></td><td></td><td>(0) open_auction1840<br>(I) open_auction3301<br>
[app3] </td><td>
[app3] <p>94 Gazzotti St<br>Abidjan, <br>Turks Islands<br>14</p>
[app3] </td><td></td><td></td><td></td><td></td><td></td>
[app3] </tr>
[app3] <tr valign="top">
[app3] <td>person2504</td><td>Ulrik Werthner</td><td><a href="mailto:Werthner@ac.jp">Werthner@ac.jp</a></td><td></td><td><a href="http://www.ac.jp/~Werthner">http://www.ac.jp/~Werthner</a></td><td>9427 3489 7435 9746</td><td></td><td></td><td>79161.26</td><td></td><td>No</td><td>27</td><td>College</td>
[app3] </tr>
[app3] <tr valign="top">
shadow_cache used up once
shadow_cache used up once
shadow_cache used up once
shadow_cache used up once
shadow_cache used up once
phase = 1
shadow_cache used up once
Hit: Address 27fb1200fda40 got flushed counter=0
shadow_cache used up once
shadow_cache used up once
shadow_cache used up once
shadow_cache used up once
shadow_cache used up once
2	100584
2	4789
2	5142
2	42140
shadow_cache used up once
shadow_cache used up once
[app3] <td>person5419</td><td>Ult Bala</td><td><a href="mailto:Bala@sun.com">Bala@sun.com</a></td><td>+0 (329) 49045257</td><td></td><td></td><td>(0) open_auction3233<br>(I) open_auction2654<br>(II) open_auction572<br>(III) open_auction2489<br>(IV) open_auction2627<br>(V) open_auction568<br>(VI) open_auction574<br>(VII) open_auction528<br>(VIII) open_auction4417<br>(IX) open_auction5498<br>(X) open_auction3867<br>(XLIX) open_auction1396<br>(L) open_auction4310<br>
[app3] </td><td></td><td></td><td></td><td></td><td></td><td></td>
[app3] </tr>
[app3] <tr valign="top">
[app3] <td>person3121</td><td>Ult Diehl</td><td><a href="mailto:Diehl@okcu.edu">Diehl@okcu.edu</a></td><td></td><td><a href="http://www.okcu.edu/~Diehl">http://www.okcu.edu/~Diehl</a></td><td></td><td></td><td></td><td>64274.18</td><td></td><td>Yes</td><td></td><td>High School</td>
[app3] </tr>
[app3] <tr valign="top">
[app3] <td>person2074</td><td>Ult Tischendorf</td><td><a href="mailto:Tischendorf@co.in">Tischendorf@co.in</a></td><td>+0 (695) 45926287</td><td></td><td>9548 6280 9963 3328</td><td></td><td>
[app3] <p>37 Ehrenfeucht St<br>Gainesville, <br>United States<br>15</p>
[app3] </td><td>37750.05</td><td>male</td><td>No</td><td></td><td>High School</td>
[app3] </tr>
[app3] <tr valign="top">
[app3] <td>person4871</td><td>Uma Buchter</td><td><a href="mailto:Buchter@sds.no">Buchter@sds.no</a></td><td></td><td></td><td>9022 8582 2904 4395</td><td></td><td>
[app3] <p>83 Freundschuh St<br>Worcester, <br>Oman<br>12</p>
[app3] </td><td></td><td></td><td></td><td></td><td></td>
[app3] </tr>
[app3] <tr valign="top">
[app3] <td>person11965</td><td>Uma Lemarechal</td><td><a href="mailto:Lemarechal@panasonic.com">Lemarechal@panasonic.com</a></td><td>+0 (964) 2790671</td><td></td><td></td><td>(0) open_auction2651<br>(I) open_auction827<br>(II) open_auction1704<br>(III) open_auction4194<br>(IV) open_auction4528<br>(V) open_auction5883<br>(VI) open_auction4205<br>(VII) open_auction1498<br>(VIII) open_auction3864<br>(IX) open_auction2266<br>(X) open_auction4742<br>(XLIX) open_auction4955<br>
[app3] </td><td>
[app3] <p>75 Mittermeir St<br>Kahului, <br>Northern Mariana Islands<br>9</p>
[app3] </td><td></td><td></td><td></td><td></td><td></td>
[app3] </tr>
[app3] <tr valign="top">
[app3] <td>person89</td><td>Uma Llana</td><td><a href="mailto:Llana@utexas.edu">Llana@utexas.edu</a></td><td></td><td><a href="http://www.utexas.edu/~Llana">http://www.utexas.edu/~Llana</a></td><td></td><td></td><td>
[app3] <p>32 Hofting St<br>Miami, <br>United States<br>16</p>
[app3] </td><td>47209.91</td><td></td><td>No</td><td></td><td></td>
[app3] </tr>
[app3] <tr valign="top">
[app3] <td>person4364</td><td>Umakanta Morreau</td><td><a href="mailto:Morreau@airmail.net">Morreau@airmail.net</a></td><td></td><td><a href="http://www.airmail.net/~Morreau">http://www.airmail.net/~Morreau</a></td><td></td><td></td><td></td><td>87745.81</td><td>female</td><td>No</td><td></td><td>Other</td>
[app3] </tr>
[app3] <tr valign="top">
[app3] <td>person9864</td><td>Umberto Giguere</td><td><a href="mailto:Giguere@co.jp">Giguere@co.jp</a></td><td></td><td><a href="http://www.co.jp/~Giguere">http://www.co.jp/~Giguere</a></td><td></td><td></td><td>
[app3] <p>37 Markatos St<br>Aruba, Michigan<br>United States<br>23</p>
[app3] </td><td>39239.88</td><td>male</td><td>Yes</td><td>18</td><td>College</td>
[app3] </tr>
[app3] <tr valign="top">
[app3] <td>person7866</td><td>Umeshwar Gustavson</td><td><a href="mailto:Gustavson@zambeel.com">Gustavson@zambeel.com</a></td><td></td><td></td><td>2649 2556 8554 7414</td><td>(0) open_auction4870<br>(I) open_auction5152<br>(II) open_auction2987<br>(III) open_auction3758<br>(IV) open_auction2415<br>(V) open_auction899<br>(VI) open_auction5833<br>(VII) open_auction5420<br>
[app3] </td><td>
[app3] <p>56 Koitz St<br>Butte, <br>United States<br>11</p>
[app3] </td><td>59208.62</td><td></td><td>Yes</td><td>36</td><td>High School</td>
[app3] </tr>
[app3] <tr valign="top">
[app3] <td>person4127</td><td>Umeshwar Jonckers</td><td><a href="mailto:Jonckers@ask.com">Jonckers@ask.com</a></td><td></td><td></td><td>6801 6843 1821 2914</td><td>(0) open_auction622<br>(I) open_auction3963<br>
[app3] </td><td></td><td>70358.1</td><td></td><td>No</td><td>24</td><td>Other</td>
[app3] </tr>
[app3] <tr valign="top">
[app3] <td>person1966</td><td>Umeshwar Sewelson</td><td><a href="mailto:Sewelson@cornell.edu">Sewelson@cornell.edu</a></td><td>+0 (628) 54174875</td><td></td><td></td><td></td><td>
[app3] <p>46 Waema St<br>Cape, <br>Niue<br>23</p>
[app3] </td><td></td><td></td><td></td><td></td><td></td>
[app3] </tr>
[app3] <tr valign="top">
shadow_cache used up once
shadow_cache used up once
shadow_cache used up once
shadow_cache used up once
shadow_cache used up once
shadow_cache used up once
shadow_cache used up once
phase = 2
shadow_cache used up once
phase = 1
shadow_cache used up once
shadow_cache used up once
shadow_cache used up once
shadow_cache used up once
shadow_cache used up once
shadow_cache used up once
shadow_cache used up once
[app3] <td>person3826</td><td>Umpei Geidmanis</td><td><a href="mailto:Geidmanis@duke.edu">Geidmanis@duke.edu</a></td><td>+0 (609) 67926804</td><td><a href="http://www.duke.edu/~Geidmanis">http://www.duke.edu/~Geidmanis</a></td><td>4135 7683 4074 6079</td><td></td><td>
[app3] <p>17 Depreitere St<br>Calgary, <br>United States<br>22</p>
[app3] </td><td>60391.89</td><td>male</td><td>Yes</td><td></td><td></td>
[app3] </tr>
[app3] <tr valign="top">
[app3] <td>person11948</td><td>Umpei Masulis</td><td><a href="mailto:Masulis@verity.com">Masulis@verity.com</a></td><td>+0 (476) 49334976</td><td><a href="http://www.verity.com/~Masulis">http://www.verity.com/~Masulis</a></td><td>8438 7151 2764 3874</td><td></td><td></td><td>27841.65</td><td></td><td>Yes</td><td></td><td></td>
[app3] </tr>
[app3] <tr valign="top">
[app3] <td>person4029</td><td>Unal Grady</td><td><a href="mailto:Grady@ucd.ie">Grady@ucd.ie</a></td><td></td><td></td><td>4935 5644 8762 7354</td><td>(0) open_auction4873<br>
[app3] </td><td></td><td></td><td></td><td></td><td></td><td></td>
[app3] </tr>
[app3] <tr valign="top">
[app3] <td>person8493</td><td>Unal Lubin</td><td><a href="mailto:Lubin@propel.com">Lubin@propel.com</a></td><td>+0 (919) 68089939</td><td><a href="http://www.propel.com/~Lubin">http://www.propel.com/~Lubin</a></td><td>3496 4695 2631 1185</td><td></td><td></td><td></td><td></td><td></td><td></td><td></td>
[app3] </tr>
[app3] <tr valign="top">
[app3] <td>person3881</td><td>Unal Makrucki</td><td><a href="mailto:Makrucki@uqam.ca">Makrucki@uqam.ca</a></td><td></td><td><a href="http://www.uqam.ca/~Makrucki">http://www.uqam.ca/~Makrucki</a></td><td></td><td></td><td>
[app3] <p>42 Kibati St<br>Basel, <br>United States<br>26</p>
[app3] </td><td></td><td></td><td></td><td></td><td></td>
[app3] </tr>
[app3] <tr valign="top">
[app3] <td>person6986</td><td>Unal Paleologo</td><td><a href="mailto:Paleologo@lehner.net">Paleologo@lehner.net</a></td><td>+0 (130) 9767686</td><td><a href="http://www.lehner.net/~Paleologo">http://www.lehner.net/~Paleologo</a></td><td></td><td>(0) open_auction5106<br>(I) open_auction1290<br>
[app3] </td><td></td><td>9876</td><td></td><td>Yes</td><td>44</td><td></td>
[app3] </tr>
[app3] <tr valign="top">
[app3] <td>person5446</td><td>Unal Thees</td><td><a href="mailto:Thees@lri.fr">Thees@lri.fr</a></td><td>+0 (518) 72455242</td><td><a href="http://www.lri.fr/~Thees">http://www.lri.fr/~Thees</a></td><td></td><td>(0) open_auction4198<br>(I) open_auction5475<br>(II) open_auction48<br>(III) open_auction5552<br>(IV) open_auction373<br>(V) open_auction5390<br>(VI) open_auction5264<br>
[app3] </td><td></td><td>93579.65</td><td>female</td><td>Yes</td><td>52</td><td></td>
[app3] </tr>
[app3] <tr valign="top">
[app3] <td>person4605</td><td>Ung Birsak</td><td><a href="mailto:Birsak@lbl.gov">Birsak@lbl.gov</a></td><td>+0 (91) 56975339</td><td><a href="http://www.lbl.gov/~Birsak">http://www.lbl.gov/~Birsak</a></td><td>8799 2598 3496 1557</td><td></td><td>
[app3] <p>85 Coscoy St<br>Geneva, <br>United States<br>20</p>
[app3] </td><td></td><td></td><td></td><td></td><td></td>
[app3] </tr>
[app3] <tr valign="top">
[app3] <td>person5680</td><td>Ung Castella</td><td><a href="mailto:Castella@nwu.edu">Castella@nwu.edu</a></td><td></td><td></td><td>9500 4835 3133 3585</td><td></td><td>
[app3] <p>99 Feigelson St<br>Casper, Texas<br>United States<br>11</p>
[app3] </td><td></td><td></td><td></td><td></td><td></td>
[app3] </tr>
[app3] <tr valign="top">
[app3] <td>person10594</td><td>Ung Poulsen</td><td><a href="mailto:Poulsen@ucla.edu">Poulsen@ucla.edu</a></td><td></td><td><a href="http://www.ucla.edu/~Poulsen">http://www.ucla.edu/~Poulsen</a></td><td></td><td>(0) open_auction2979<br>(I) open_auction5767<br>(II) open_auction1927<br>(III) open_auction4116<br>
[app3] </td><td></td><td>50192.66</td><td>male</td><td>No</td><td>51</td><td>High School</td>
[app3] </tr>
[app3] <tr valign="top">
[app3] <td>person9350</td><td>Uno Carrera</td><td><a href="mailto:Carrera@propel.com">Carrera@propel.com</a></td><td>+230 (456) 94209886</td><td><a href="http://www.propel.com/~Carrera">http://www.propel.com/~Carrera</a></td><td></td><td></td><td>
[app3] <p>7 Henriksson St<br>Boise, <br>United States<br>19</p>
[app3] </td><td></td><td></td><td></td><td></td><td></td>
[app3] </tr>
[app3] <tr valign="top">
shadow_cache used up once
shadow_cache used up once
3	113392
3	5723
3	30095
3	2241
shadow_cache used up once
shadow_cache used up once
shadow_cache used up once
shadow_cache used up once
shadow_cache used up once
phase = 3
shadow_cache used up once
shadow_cache used up once
shadow_cache used up once
shadow_cache used up once
shadow_cache used up once
shadow_cache used up once
shadow_cache used up once
shadow_cache used up once
shadow_cache used up once
shadow_cache used up once
shadow_cache used up once
shadow_cache used up once
shadow_cache used up once
phase = 4
shadow_cache used up once
shadow_cache used up once
shadow_cache used up once
4	145860
4	22446
4	4101
4	1044
shadow_cache used up once
shadow_cache used up once
shadow_cache used up once
shadow_cache used up once
shadow_cache used up once
shadow_cache used up once
shadow_cache used up once
shadow_cache used up once
shadow_cache used up once
shadow_cache used up once
shadow_cache used up once
shadow_cache used up once
phase = 5
shadow_cache used up once
shadow_cache used up once
shadow_cache used up once
shadow_cache used up once
shadow_cache used up once
shadow_cache used up once
shadow_cache used up once
shadow_cache used up once
shadow_cache used up once
[app3] <td>person9732</td><td>Uno Kindlmann</td><td><a href="mailto:Kindlmann@whizbang.com">Kindlmann@whizbang.com</a></td><td>+0 (438) 23045921</td><td></td><td></td><td></td><td></td><td></td><td></td><td></td><td></td><td></td>
[app3] </tr>
[app3] <tr valign="top">
[app3] <td>person333</td><td>Uno Kurematsu</td><td><a href="mailto:Kurematsu@umich.edu">Kurematsu@umich.edu</a></td><td></td><td><a href="http://www.umich.edu/~Kurematsu">http://www.umich.edu/~Kurematsu</a></td><td></td><td>(0) open_auction5737<br>(I) open_auction1591<br>(II) open_auction1994<br>(III) open_auction5987<br>(IV) open_auction3115<br>(V) open_auction466<br>(VI) open_auction1022<br>(VII) open_auction1642<br>(VIII) open_auction133<br>(IX) open_auction3137<br>(X) open_auction4362<br>(XLIX) open_auction1758<br>
[app3] </td><td></td><td></td><td></td><td></td><td></td><td></td>
[app3] </tr>
[app3] <tr valign="top">
[app3] <td>person10819</td><td>Uno Lonning</td><td><a href="mailto:Lonning@sbphrd.com">Lonning@sbphrd.com</a></td><td></td><td></td><td>4784 6399 4661 9551</td><td>(0) open_auction4638<br>(I) open_auction5484<br>(II) open_auction767<br>(III) open_auction4307<br>(IV) open_auction2482<br>
[app3] </td><td></td><td></td><td></td><td></td><td></td><td></td>
[app3] </tr>
[app3] <tr valign="top">
[app3] <td>person6884</td><td>Uno Luzi</td><td><a href="mailto:Luzi@nwu.edu">Luzi@nwu.edu</a></td><td></td><td><a href="http://www.nwu.edu/~Luzi">http://www.nwu.edu/~Luzi</a></td><td>5176 9728 6457 7656</td><td></td><td></td><td></td><td></td><td></td><td></td><td></td>
[app3] </tr>
[app3] <tr valign="top">
[app3] <td>person1839</td><td>Uno Onizuka</td><td><a href="mailto:Onizuka@telcordia.com">Onizuka@telcordia.com</a></td><td></td><td><a href="http://www.telcordia.com/~Onizuka">http://www.telcordia.com/~Onizuka</a></td><td></td><td></td><td></td><td>43314.22</td><td>male</td><td>Yes</td><td>26</td><td>Graduate School</td>
[app3] </tr>
[app3] <tr valign="top">
[app3] <td>person8934</td><td>Uno Pulidas</td><td><a href="mailto:Pulidas@ufl.edu">Pulidas@ufl.edu</a></td><td>+0 (549) 82789585</td><td><a href="http://www.ufl.edu/~Pulidas">http://www.ufl.edu/~Pulidas</a></td><td>4128 5524 6831 1002</td><td>(0) open_auction3053<br>
[app3] </td><td></td><td>31310.99</td><td></td><td>No</td><td></td><td>Graduate School</td>
[app3] </tr>
[app3] <tr valign="top">
[app3] <td>person10417</td><td>Upen Kavraki</td><td><a href="mailto:Kavraki@temple.edu">Kavraki@temple.edu</a></td><td>+87 (368) 67816614</td><td><a href="http://www.temple.edu/~Kavraki">http://www.temple.edu/~Kavraki</a></td><td>4314 2731 6179 5244</td><td>(0) open_auction3906<br>
[app3] </td><td>
[app3] <p>88 Sandin St<br>Norfolk, <br>French Polynesia<br>26</p>
[app3] </td><td></td><td></td><td></td><td></td><td></td>
[app3] </tr>
[app3] <tr valign="top">
[app3] <td>person9537</td><td>Upendra Sueyoshi</td><td><a href="mailto:Sueyoshi@msstate.edu">Sueyoshi@msstate.edu</a></td><td>+0 (581) 48943037</td><td></td><td></td><td>(0) open_auction2003<br>
[app3] </td><td>
[app3] <p>100 Iwayama St<br>Pensacola, <br>United States<br>16</p>
[app3] </td><td>31313.06</td><td>female</td><td>Yes</td><td></td><td></td>
[app3] </tr>
[app3] <tr valign="top">
[app3] <td>person3688</td><td>Upendra Tsunakawa</td><td><a href="mailto:Tsunakawa@yorku.ca">Tsunakawa@yorku.ca</a></td><td>+222 (833) 98133211</td><td></td><td>9148 6387 5904 7608</td><td>(0) open_auction1193<br>(I) open_auction1591<br>(II) open_auction5627<br>
[app3] </td><td>
[app3] <p>66 Halevi St<br>Ciudad, Babinski<br>Switzerland<br>26</p>
[app3] </td><td></td><td></td><td></td><td></td><td></td>
[app3] </tr>
[app3] <tr valign="top">
[app3] <td>person9227</td><td>Urban Baer</td><td><a href="mailto:Baer@edu.au">Baer@edu.au</a></td><td></td><td></td><td>5357 9532 6890 1794</td><td></td><td></td><td></td><td></td><td></td><td></td><td></td>
[app3] </tr>
[app3] <tr valign="top">
[app3] <td>person8120</td><td>Urban Bain</td><td><a href="mailto:Bain@ust.hk">Bain@ust.hk</a></td><td></td><td></td><td>1278 1276 1169 2854</td><td>(0) open_auction1125<br>(I) open_auction1761<br>(II) open_auction5749<br>
[app3] </td><td>
[app3] <p>54 Krisper St<br>Las, <br>United States<br>5</p>
[app3] </td><td>88138.4</td><td>female</td><td>No</td><td></td><td></td>
[app3] </tr>
[app3] <tr valign="top">
[app3] <td>person7249</td><td>Uri Castangia</td><td><a href="mailto:Castangia@nodak.edu">Castangia@nodak.edu</a></td><td></td><td></td><td>7322 8256 9843 3844</td><td>(0) open_auction5224<br>(I) open_auction5212<br>
[app3] </td><td>
[app3] <p>28 Gahleitner St<br>Monterrey, Feuerman<br>Guyana<br>23</p>
shadow_cache used up once
5	159548
5	24097
5	3770
5	1373
shadow_cache used up once
shadow_cache used up once
shadow_cache used up once
shadow_cache used up once
phase = 6
shadow_cache used up once
shadow_cache used up once
shadow_cache used up once
shadow_cache used up once
shadow_cache used up once
shadow_cache used up once
shadow_cache used up once
shadow_cache used up once
shadow_cache used up once
shadow_cache used up once
shadow_cache used up once
shadow_cache used up once
phase = 2
shadow_cache used up once
phase = 7
shadow_cache used up once
shadow_cache used up once
shadow_cache used up once
shadow_cache used up once
shadow_cache used up once
shadow_cache used up once
6	22439
6	3095
6	162862
6	953
shadow_cache used up once
shadow_cache used up once
shadow_cache used up once
shadow_cache used up once
shadow_cache used up once
phase = 8
shadow_cache used up once
shadow_cache used up once
shadow_cache used up once
shadow_cache used up once
shadow_cache used up once
shadow_cache used up once
phase = 9
shadow_cache used up once
shadow_cache used up once
shadow_cache used up once
shadow_cache used up once
shadow_cache used up once
shadow_cache used up once
shadow_cache used up once
phase = 10
shadow_cache used up once
shadow_cache used up once
7	14940
7	145187
7	1464
7	576
shadow_cache used up once
shadow_cache used up once
shadow_cache used up once
shadow_cache used up once
phase = 11
shadow_cache used up once
shadow_cache used up once
shadow_cache used up once
shadow_cache used up once
shadow_cache used up once
shadow_cache used up once
phase = 12
shadow_cache used up once
shadow_cache used up once
8	95305
8	44
8	2165
8	46
shadow_cache used up once
shadow_cache used up once
shadow_cache used up once
shadow_cache used up once
phase = 13
shadow_cache used up once
shadow_cache used up once
shadow_cache used up once
shadow_cache used up once
shadow_cache used up once
shadow_cache used up once
phase = 14
shadow_cache used up once
9	95467
9	294
shadow_cache used up once
shadow_cache used up once
shadow_cache used up once
9	22
shadow_cache used up once
shadow_cache used up once
phase = 15
shadow_cache used up once
shadow_cache used up once
shadow_cache used up once
shadow_cache used up once
shadow_cache used up once
shadow_cache used up once
phase = 16
shadow_cache used up once
a	94775
shadow_cache used up once
shadow_cache used up once
a	17
shadow_cache used up once
shadow_cache used up once
shadow_cache used up once
9	73
a	2
shadow_cache used up once
phase = 17
a	7
shadow_cache used up once
shadow_cache used up once
shadow_cache used up once
shadow_cache used up once
shadow_cache used up once
b	94838
b	279
shadow_cache used up once
phase = 18
shadow_cache used up once
shadow_cache used up once
shadow_cache used up once
shadow_cache used up once
shadow_cache used up once
shadow_cache used up once
shadow_cache used up once
b	19
shadow_cache used up once
shadow_cache used up once
shadow_cache used up once
shadow_cache used up once
c	93984
c	250
shadow_cache used up once
phase = 19
shadow_cache used up once
b	3
c	2
shadow_cache used up once
shadow_cache used up once
shadow_cache used up once
shadow_cache used up once
shadow_cache used up once
shadow_cache used up once
shadow_cache used up once
shadow_cache used up once
shadow_cache used up once
shadow_cache used up once
shadow_cache used up once
phase = 20
shadow_cache used up once
shadow_cache used up once
shadow_cache used up once
shadow_cache used up once
shadow_cache used up once
shadow_cache used up once
d	155900
shadow_cache used up once
shadow_cache used up once
d	5
shadow_cache used up once
shadow_cache used up once
shadow_cache used up once
shadow_cache used up once
phase = 21
shadow_cache used up once
shadow_cache used up once
c	2
d	2
shadow_cache used up once
shadow_cache used up once
shadow_cache used up once
shadow_cache used up once
shadow_cache used up once
shadow_cache used up once
shadow_cache used up once
shadow_cache used up once
shadow_cache used up once
shadow_cache used up once
phase = 22
shadow_cache used up once
shadow_cache used up once
shadow_cache used up once
shadow_cache used up once
shadow_cache used up once
e	190197
shadow_cache used up once
d	26
e	2
shadow_cache used up once
shadow_cache used up once
shadow_cache used up once
shadow_cache used up once
shadow_cache used up once
shadow_cache used up once
phase = 23
e	18
shadow_cache used up once
shadow_cache used up once
shadow_cache used up once
e	23
shadow_cache used up once
shadow_cache used up once
shadow_cache used up once
shadow_cache used up once
shadow_cache used up once
shadow_cache used up once
shadow_cache used up once
shadow_cache used up once
shadow_cache used up once
phase = 24
shadow_cache used up once
shadow_cache used up once
shadow_cache used up once
shadow_cache used up once
f	185855
f	4371
shadow_cache used up once
shadow_cache used up once
shadow_cache used up once
shadow_cache used up once
shadow_cache used up once
shadow_cache used up once
shadow_cache used up once
f	13
shadow_cache used up once
phase = 25
shadow_cache used up once
shadow_cache used up once
shadow_cache used up once
f	1
shadow_cache used up once
shadow_cache used up once
shadow_cache used up once
shadow_cache used up once
shadow_cache used up once
shadow_cache used up once
shadow_cache used up once
shadow_cache used up once
shadow_cache used up once
shadow_cache used up once
phase = 26
shadow_cache used up once
shadow_cache used up once
shadow_cache used up once
shadow_cache used up once
10	196663
shadow_cache used up once
shadow_cache used up once
shadow_cache used up once
10	308
shadow_cache used up once
10	37
shadow_cache used up once
shadow_cache used up once
shadow_cache used up once
shadow_cache used up once
phase = 27
shadow_cache used up once
shadow_cache used up once
shadow_cache used up once
shadow_cache used up once
shadow_cache used up once
shadow_cache used up once
shadow_cache used up once
10	69
shadow_cache used up once
shadow_cache used up once
shadow_cache used up once
shadow_cache used up once
shadow_cache used up once
shadow_cache used up once
phase = 28
shadow_cache used up once
shadow_cache used up once
shadow_cache used up once
11	199595
shadow_cache used up once
shadow_cache used up once
11	27
shadow_cache used up once
11	36
shadow_cache used up once
shadow_cache used up once
shadow_cache used up once
phase = 29
shadow_cache used up once
11	23
shadow_cache used up once
shadow_cache used up once
shadow_cache used up once
shadow_cache used up once
shadow_cache used up once
phase = 30
shadow_cache used up once
shadow_cache used up once
shadow_cache used up once
shadow_cache used up once
shadow_cache used up once
shadow_cache used up once
phase = 31
shadow_cache used up once
shadow_cache used up once
shadow_cache used up once
12	169041
12	7082
12	430
12	31
shadow_cache used up once
shadow_cache used up once
shadow_cache used up once
phase = 32
shadow_cache used up once
shadow_cache used up once
shadow_cache used up once
shadow_cache used up once
shadow_cache used up once
shadow_cache used up once
phase = 33
shadow_cache used up once
shadow_cache used up once
shadow_cache used up once
13	95538
shadow_cache used up once
13	27
shadow_cache used up once
shadow_cache used up once
13	465
13	29
phase = 34
shadow_cache used up once
shadow_cache used up once
shadow_cache used up once
shadow_cache used up once
shadow_cache used up once
shadow_cache used up once
shadow_cache used up once
phase = 35
shadow_cache used up once
14	95159
shadow_cache used up once
14	19
shadow_cache used up once
shadow_cache used up once
shadow_cache used up once
shadow_cache used up once
phase = 36
shadow_cache used up once
shadow_cache used up once
shadow_cache used up once
shadow_cache used up once
shadow_cache used up once
shadow_cache used up once
phase = 37
shadow_cache used up once
15	94721
shadow_cache used up once
shadow_cache used up once
shadow_cache used up once
shadow_cache used up once
shadow_cache used up once
phase = 38
14	6
15	4
shadow_cache used up once
shadow_cache used up once
shadow_cache used up once
shadow_cache used up once
shadow_cache used up once
shadow_cache used up once
phase = 39
15	2
14	23
15	1
16	94544
16	5
16	68
shadow_cache used up once
shadow_cache used up once
shadow_cache used up once
shadow_cache used up once
shadow_cache used up once
shadow_cache used up once
shadow_cache used up once
shadow_cache used up once
shadow_cache used up once
shadow_cache used up once
shadow_cache used up once
shadow_cache used up once
phase = 40
17	94124
17	661
shadow_cache used up once
shadow_cache used up once
shadow_cache used up once
shadow_cache used up once
shadow_cache used up once
shadow_cache used up once
shadow_cache used up once
shadow_cache used up once
shadow_cache used up once
shadow_cache used up once
shadow_cache used up once
shadow_cache used up once
phase = 41
shadow_cache used up once
shadow_cache used up once
shadow_cache used up once
16	10
17	2
shadow_cache used up once
shadow_cache used up once
shadow_cache used up once
shadow_cache used up once
18	152723
shadow_cache used up once
18	2976
shadow_cache used up once
shadow_cache used up once
shadow_cache used up once
shadow_cache used up once
phase = 42
shadow_cache used up once
shadow_cache used up once
shadow_cache used up once
18	14
shadow_cache used up once
shadow_cache used up once
shadow_cache used up once
shadow_cache used up once
shadow_cache used up once
shadow_cache used up once
shadow_cache used up once
shadow_cache used up once
shadow_cache used up once
phase = 43
shadow_cache used up once
shadow_cache used up once
shadow_cache used up once
shadow_cache used up once
shadow_cache used up once
shadow_cache used up once
19	180662
19	973
19	7506
shadow_cache used up once
shadow_cache used up once
shadow_cache used up once
shadow_cache used up once
shadow_cache used up once
shadow_cache used up once
shadow_cache used up once
phase = 44
shadow_cache used up once
shadow_cache used up once
shadow_cache used up once
shadow_cache used up once
shadow_cache used up once
17	6
18	1
19	1
shadow_cache used up once
shadow_cache used up once
shadow_cache used up once
shadow_cache used up once
shadow_cache used up once
shadow_cache used up once
shadow_cache used up once
phase = 45
shadow_cache used up once
shadow_cache used up once
shadow_cache used up once
shadow_cache used up once
1a	181226
1a	5503
1a	997
shadow_cache used up once
shadow_cache used up once
shadow_cache used up once
shadow_cache used up once
shadow_cache used up once
shadow_cache used up once
shadow_cache used up once
shadow_cache used up once
phase = 46
shadow_cache used up once
shadow_cache used up once
shadow_cache used up once
shadow_cache used up once
shadow_cache used up once
shadow_cache used up once
shadow_cache used up once
shadow_cache used up once
1a	4
shadow_cache used up once
shadow_cache used up once
shadow_cache used up once
shadow_cache used up once
shadow_cache used up once
phase = 47
shadow_cache used up once
1b	173496
1b	2302
shadow_cache used up once
1b	12063
shadow_cache used up once
shadow_cache used up once
shadow_cache used up once
shadow_cache used up once
shadow_cache used up once
shadow_cache used up once
shadow_cache used up once
shadow_cache used up once
shadow_cache used up once
shadow_cache used up once
shadow_cache used up once
phase = 48
shadow_cache used up once
shadow_cache used up once
shadow_cache used up once
shadow_cache used up once
shadow_cache used up once
shadow_cache used up once
shadow_cache used up once
shadow_cache used up once
1b	1
shadow_cache used up once
shadow_cache used up once
shadow_cache used up once
1c	166627
1c	16561
1c	2955
phase = 3
shadow_cache used up once
shadow_cache used up once
phase = 49
shadow_cache used up once
shadow_cache used up once
shadow_cache used up once
shadow_cache used up once
shadow_cache used up once
shadow_cache used up once
shadow_cache used up once
shadow_cache used up once
shadow_cache used up once
shadow_cache used up once
shadow_cache used up once
phase = 50
shadow_cache used up once
shadow_cache used up once
shadow_cache used up once
shadow_cache used up once
shadow_cache used up once
shadow_cache used up once
shadow_cache used up once
phase = 51
shadow_cache used up once
shadow_cache used up once
1c	2
1d	164707
1d	16069
shadow_cache used up once
1d	2377
1d	5
shadow_cache used up once
shadow_cache used up once
shadow_cache used up once
phase = 52
shadow_cache used up once
shadow_cache used up once
shadow_cache used up once
shadow_cache used up once
shadow_cache used up once
shadow_cache used up once
shadow_cache used up once
phase = 53
shadow_cache used up once
shadow_cache used up once
shadow_cache used up once
shadow_cache used up once
1e	114310
1e	5430
shadow_cache used up once
1e	624
1e	269
shadow_cache used up once
shadow_cache used up once
phase = 54
shadow_cache used up once
shadow_cache used up once
shadow_cache used up once
shadow_cache used up once
shadow_cache used up once
shadow_cache used up once
phase = 55
shadow_cache used up once
shadow_cache used up once
shadow_cache used up once
1f	93766
shadow_cache used up once
shadow_cache used up once
1f	47
1f	174
1f	2336
shadow_cache used up once
phase = 56
shadow_cache used up once
shadow_cache used up once
shadow_cache used up once
shadow_cache used up once
shadow_cache used up once
shadow_cache used up once
phase = 57
shadow_cache used up once
shadow_cache used up once
20	94013
shadow_cache used up once
20	1664
20	114
shadow_cache used up once
shadow_cache used up once
shadow_cache used up once
phase = 58
shadow_cache used up once
shadow_cache used up once
shadow_cache used up once
shadow_cache used up once
shadow_cache used up once
shadow_cache used up once
phase = 59
shadow_cache used up once
shadow_cache used up once
21	95288
shadow_cache used up once
shadow_cache used up once
shadow_cache used up once
21	18
shadow_cache used up once
phase = 60
shadow_cache used up once
shadow_cache used up once
20	25
21	19
21	1
shadow_cache used up once
shadow_cache used up once
shadow_cache used up once
shadow_cache used up once
shadow_cache used up once
22	44636
shadow_cache used up once
phase = 4
shadow_cache used up once
shadow_cache used up once
22	23
shadow_cache used up once
shadow_cache used up once
22	5
shadow_cache used up once
shadow_cache used up once
[app3] </td><td>9876</td><td>male</td><td>Yes</td><td></td><td>Other</td>
[app3] </tr>
[app3] <tr valign="top">
[app3] <td>person4288</td><td>Uri Cooper</td><td><a href="mailto:Cooper@utexas.edu">Cooper@utexas.edu</a></td><td>+0 (387) 74965083</td><td></td><td></td><td>(0) open_auction3602<br>
[app3] </td><td>
[app3] <p>97 Convent St<br>Santiago, <br>United States<br>20</p>
[app3] </td><td></td><td></td><td></td><td></td><td></td>
[app3] </tr>
[app3] <tr valign="top">
[app3] <td>person3204</td><td>Uri Giani</td><td><a href="mailto:Giani@rice.edu">Giani@rice.edu</a></td><td>+0 (12) 93039599</td><td></td><td>2920 7994 3856 9450</td><td></td><td></td><td></td><td></td><td></td><td></td><td></td>
[app3] </tr>
[app3] <tr valign="top">
[app3] <td>person2826</td><td>Uri Mecking</td><td><a href="mailto:Mecking@ibm.com">Mecking@ibm.com</a></td><td>+0 (426) 44468708</td><td><a href="http://www.ibm.com/~Mecking">http://www.ibm.com/~Mecking</a></td><td>1593 5834 1241 9209</td><td>(0) open_auction3638<br>(I) open_auction46<br>(II) open_auction131<br>(III) open_auction2535<br>(IV) open_auction1163<br>(V) open_auction703<br>(VI) open_auction302<br>(VII) open_auction922<br>
[app3] </td><td>
[app3] <p>13 Kehl St<br>Savannah, Wisconsin<br>United States<br>14</p>
[app3] </td><td></td><td></td><td></td><td></td><td></td>
[app3] </tr>
[app3] <tr valign="top">
[app3] <td>person8516</td><td>Uri Tolva</td><td><a href="mailto:Tolva@msstate.edu">Tolva@msstate.edu</a></td><td></td><td></td><td></td><td></td><td></td><td>79943.54</td><td></td><td>No</td><td>45</td><td></td>
[app3] </tr>
[app3] <tr valign="top">
[app3] <td>person2833</td><td>Uriel Lukaszewicz</td><td><a href="mailto:Lukaszewicz@sbphrd.com">Lukaszewicz@sbphrd.com</a></td><td>+137 (199) 4657365</td><td></td><td>2059 2945 6476 3436</td><td>(0) open_auction32<br>(I) open_auction3509<br>(II) open_auction5259<br>(III) open_auction1087<br>(IV) open_auction679<br>(V) open_auction1657<br>(VI) open_auction364<br>(VII) open_auction2036<br>(VIII) open_auction3992<br>(IX) open_auction2702<br>
[app3] </td><td>
[app3] <p>51 Vignat St<br>Chihuahua, <br>Guinea<br>35</p>
[app3] </td><td>61112.61</td><td>female</td><td>Yes</td><td>18</td><td>High School</td>
[app3] </tr>
[app3] <tr valign="top">
[app3] <td>person834</td><td>Uros Gronowski</td><td><a href="mailto:Gronowski@ucdavis.edu">Gronowski@ucdavis.edu</a></td><td></td><td></td><td></td><td>(0) open_auction3351<br>(I) open_auction437<br>(II) open_auction4197<br>(III) open_auction264<br>(IV) open_auction4335<br>
[app3] </td><td>
[app3] <p>60 Zuidweg St<br>Wilmington, Flatebo<br>Anguilla<br>9</p>
[app3] </td><td>53877.43</td><td>female</td><td>Yes</td><td>50</td><td></td>
[app3] </tr>
[app3] <tr valign="top">
[app3] <td>person7510</td><td>Uros Thorelli</td><td><a href="mailto:Thorelli@conclusivestrategies.com">Thorelli@conclusivestrategies.com</a></td><td></td><td><a href="http://www.conclusivestrategies.com/~Thorelli">http://www.conclusivestrategies.com/~Thorelli</a></td><td></td><td></td><td>
[app3] <p>74 Cords St<br>Leon, <br>United States<br>23</p>
[app3] </td><td></td><td></td><td></td><td></td><td></td>
[app3] </tr>
[app3] <tr valign="top">
[app3] <td>person11921</td><td>Uros Vassalos</td><td><a href="mailto:Vassalos@cnr.it">Vassalos@cnr.it</a></td><td>+0 (905) 726736</td><td></td><td></td><td></td><td></td><td>59833.32</td><td></td><td>No</td><td>36</td><td>High School</td>
[app3] </tr>
[app3] <tr valign="top">
[app3] <td>person4695</td><td>Urs Casson</td><td><a href="mailto:Casson@uni-marburg.de">Casson@uni-marburg.de</a></td><td></td><td><a href="http://www.uni-marburg.de/~Casson">http://www.uni-marburg.de/~Casson</a></td><td>7729 2486 3127 3369</td><td>(0) open_auction3145<br>(I) open_auction5066<br>(II) open_auction1022<br>(III) open_auction4604<br>(IV) open_auction1606<br>(V) open_auction4664<br>
[app3] </td><td></td><td></td><td></td><td></td><td></td><td></td>
[app3] </tr>
[app3] <tr valign="top">
[app3] <td>person6101</td><td>Urs Debuse</td><td><a href="mailto:Debuse@ac.kr">Debuse@ac.kr</a></td><td>+0 (72) 38530249</td><td></td><td>1594 6143 3770 8005</td><td>(0) open_auction3154<br>(I) open_auction5058<br>(II) open_auction4352<br>(III) open_auction773<br>(IV) open_auction5835<br>(V) open_auction5775<br>(VI) open_auction3210<br>(VII) open_auction1902<br>(VIII) open_auction4579<br>(IX) open_auction593<br>(X) open_auction5028<br>
shadow_cache used up once
shadow_cache used up once
shadow_cache used up once
shadow_cache used up once
shadow_cache used up once
22	49094
shadow_cache used up once
shadow_cache used up once
shadow_cache used up once
23	20394
23	63058
23	7620
23	1950
phase = 5
shadow_cache used up once
shadow_cache used up once
[app3] </td><td></td><td>9876</td><td></td><td>Yes</td><td></td><td>Graduate School</td>
[app3] </tr>
[app3] <tr valign="top">
[app3] <td>person6558</td><td>Urs Guski</td><td><a href="mailto:Guski@bell-labs.com">Guski@bell-labs.com</a></td><td></td><td></td><td></td><td></td><td>
[app3] <p>89 Minor St<br>Colorado, Iowa<br>United States<br>21</p>
[app3] </td><td>64133.81</td><td></td><td>Yes</td><td>25</td><td></td>
[app3] </tr>
[app3] <tr valign="top">
[app3] <td>person10505</td><td>Ushio Fernald</td><td><a href="mailto:Fernald@llnl.gov">Fernald@llnl.gov</a></td><td></td><td><a href="http://www.llnl.gov/~Fernald">http://www.llnl.gov/~Fernald</a></td><td></td><td>(0) open_auction2907<br>
[app3] </td><td>
[app3] <p>40 Stanley St<br>Amarillo, <br>United States<br>25</p>
[app3] </td><td></td><td></td><td></td><td></td><td></td>
[app3] </tr>
[app3] <tr valign="top">
[app3] <td>person10970</td><td>Usko Matzel</td><td><a href="mailto:Matzel@ernet.in">Matzel@ernet.in</a></td><td>+0 (804) 64396147</td><td><a href="http://www.ernet.in/~Matzel">http://www.ernet.in/~Matzel</a></td><td>8371 4625 1855 2692</td><td></td><td></td><td></td><td></td><td></td><td></td><td></td>
[app3] </tr>
[app3] <tr valign="top">
[app3] <td>person4808</td><td>Uta Brodman</td><td><a href="mailto:Brodman@ust.hk">Brodman@ust.hk</a></td><td>+0 (344) 69438933</td><td></td><td>1783 4632 3505 5894</td><td></td><td></td><td>66749.93</td><td>female</td><td>No</td><td>18</td><td>High School</td>
[app3] </tr>
[app3] <tr valign="top">
[app3] <td>person7048</td><td>Uta Nordbotten</td><td><a href="mailto:Nordbotten@cohera.com">Nordbotten@cohera.com</a></td><td></td><td><a href="http://www.cohera.com/~Nordbotten">http://www.cohera.com/~Nordbotten</a></td><td></td><td></td><td>
[app3] <p>93 Bohlen St<br>Killeen, <br>United States<br>21</p>
[app3] </td><td></td><td></td><td></td><td></td><td></td>
[app3] </tr>
[app3] <tr valign="top">
[app3] <td>person10877</td><td>Uta Snedden</td><td><a href="mailto:Snedden@ufl.edu">Snedden@ufl.edu</a></td><td>+0 (244) 96733464</td><td><a href="http://www.ufl.edu/~Snedden">http://www.ufl.edu/~Snedden</a></td><td></td><td></td><td>
[app3] <p>22 Pierro St<br>Nassau, Massachusetts<br>United States<br>22</p>
[app3] </td><td>34901.64</td><td></td><td>No</td><td>18</td><td></td>
[app3] </tr>
[app3] <tr valign="top">
[app3] <td>person3300</td><td>Ute Bast</td><td><a href="mailto:Bast@uregina.ca">Bast@uregina.ca</a></td><td>+0 (976) 43610793</td><td></td><td>2865 3631 2440 8682</td><td>(0) open_auction19<br>
[app3] </td><td>
[app3] <p>33 Ananiadou St<br>Jackson, North Dakota<br>United States<br>34</p>
[app3] </td><td></td><td></td><td></td><td></td><td></td>
[app3] </tr>
[app3] <tr valign="top">
[app3] <td>person1015</td><td>Ute Niittylahti</td><td><a href="mailto:Niittylahti@cabofalso.com">Niittylahti@cabofalso.com</a></td><td>+0 (955) 84175487</td><td><a href="http://www.cabofalso.com/~Niittylahti">http://www.cabofalso.com/~Niittylahti</a></td><td></td><td>(0) open_auction3733<br>(I) open_auction2650<br>(II) open_auction1153<br>(III) open_auction1693<br>(IV) open_auction5556<br>(V) open_auction466<br>
[app3] </td><td>
[app3] <p>40 Trevathan St<br>Charlotte, Rall<br>Namibia<br>28</p>
[app3] </td><td></td><td></td><td></td><td></td><td></td>
[app3] </tr>
[app3] <tr valign="top">
[app3] <td>person866</td><td>Ute Takano</td><td><a href="mailto:Takano@ac.jp">Takano@ac.jp</a></td><td></td><td><a href="http://www.ac.jp/~Takano">http://www.ac.jp/~Takano</a></td><td>5942 7656 8155 1008</td><td></td><td></td><td></td><td></td><td></td><td></td><td></td>
[app3] </tr>
[app3] <tr valign="top">
[app3] <td>person3887</td><td>Ute Verhofstadt</td><td><a href="mailto:Verhofstadt@msstate.edu">Verhofstadt@msstate.edu</a></td><td>+0 (493) 34040288</td><td><a href="http://www.msstate.edu/~Verhofstadt">http://www.msstate.edu/~Verhofstadt</a></td><td></td><td></td><td>
[app3] <p>66 Sweeney St<br>Wilmington, Cannon<br>Faroe Islands<br>10</p>
[app3] </td><td></td><td></td><td></td><td></td><td></td>
[app3] </tr>
[app3] <tr valign="top">
[app3] <td>person11544</td><td>Utpal Beck</td><td><a href="mailto:Beck@microsoft.com">Beck@microsoft.com</a></td><td>+75 (261) 46377210</td><td><a href="http://www.microsoft.com/~Beck">http://www.microsoft.com/~Beck</a></td><td></td><td>(0) open_auction5937<br>
[app3] </td><td></td><td></td><td></td><td></td><td></td><td></td>
[app3] </tr>
[app3] <tr valign="top">
shadow_cache used up once
shadow_cache used up once
shadow_cache used up once
shadow_cache used up once
shadow_cache used up once
phase = 61
shadow_cache used up once
shadow_cache used up once
shadow_cache used up once
shadow_cache used up once
shadow_cache used up once
shadow_cache used up once
shadow_cache used up once
shadow_cache used up once
shadow_cache used up once
shadow_cache used up once
24	8349
24	112184
24	23230
24	1202
shadow_cache used up once
shadow_cache used up once
shadow_cache used up once
shadow_cache used up once
phase = 62
shadow_cache used up once
shadow_cache used up once
shadow_cache used up once
shadow_cache used up once
[app3] <td>person7800</td><td>Utpal Callaway</td><td><a href="mailto:Callaway@co.in">Callaway@co.in</a></td><td>+0 (858) 5549169</td><td></td><td>7979 6286 2222 7167</td><td></td><td></td><td>86242.46</td><td>female</td><td>Yes</td><td></td><td>High School</td>
[app3] </tr>
[app3] <tr valign="top">
[app3] <td>person2831</td><td>Utpal Duclos</td><td><a href="mailto:Duclos@lante.com">Duclos@lante.com</a></td><td></td><td><a href="http://www.lante.com/~Duclos">http://www.lante.com/~Duclos</a></td><td>5375 7996 7380 5397</td><td></td><td>
[app3] <p>53 Penn St<br>Tri, <br>Moldova, Republic Of<br>15</p>
[app3] </td><td>66394.75</td><td></td><td>Yes</td><td>54</td><td>Graduate School</td>
[app3] </tr>
[app3] <tr valign="top">
[app3] <td>person11080</td><td>Utpal Duclos</td><td><a href="mailto:Duclos@lante.com">Duclos@lante.com</a></td><td></td><td><a href="http://www.lante.com/~Duclos">http://www.lante.com/~Duclos</a></td><td>2952 7333 6439 7612</td><td>(0) open_auction4890<br>(I) open_auction5215<br>(II) open_auction4479<br>(III) open_auction4849<br>(IV) open_auction2199<br>
[app3] </td><td>
[app3] <p>24 Penn St<br>Beaumont, Marcken<br>Moldova, Republic Of<br>3</p>
[app3] </td><td>87411.47</td><td>male</td><td>Yes</td><td></td><td>High School</td>
[app3] </tr>
[app3] <tr valign="top">
[app3] <td>person6339</td><td>Uttam Nock</td><td><a href="mailto:Nock@sybase.com">Nock@sybase.com</a></td><td></td><td><a href="http://www.sybase.com/~Nock">http://www.sybase.com/~Nock</a></td><td></td><td></td><td>
[app3] <p>60 Alborghetti St<br>Sun, Maryland<br>United States<br>25</p>
[app3] </td><td>62537.11</td><td>male</td><td>No</td><td>41</td><td></td>
[app3] </tr>
[app3] <tr valign="top">
[app3] <td>person6081</td><td>Utz Krotopoulou</td><td><a href="mailto:Krotopoulou@uni-mannheim.de">Krotopoulou@uni-mannheim.de</a></td><td>+0 (871) 76475777</td><td></td><td>2359 4080 3849 3909</td><td></td><td></td><td></td><td></td><td></td><td></td><td></td>
[app3] </tr>
[app3] <tr valign="top">
[app3] <td>person4211</td><td>Utz Schlenzig</td><td><a href="mailto:Schlenzig@uic.edu">Schlenzig@uic.edu</a></td><td>+0 (645) 61305669</td><td><a href="http://www.uic.edu/~Schlenzig">http://www.uic.edu/~Schlenzig</a></td><td>8105 9080 4900 8025</td><td>(0) open_auction3442<br>
[app3] </td><td></td><td></td><td></td><td></td><td></td><td></td>
[app3] </tr>
[app3] <tr valign="top">
[app3] <td>person655</td><td>Uwe Picht</td><td><a href="mailto:Picht@lante.com">Picht@lante.com</a></td><td></td><td><a href="http://www.lante.com/~Picht">http://www.lante.com/~Picht</a></td><td>2635 6154 2357 8548</td><td></td><td>
[app3] <p>84 Bisiere St<br>Brunswick, <br>United States<br>25</p>
[app3] </td><td>82723.31</td><td></td><td>No</td><td></td><td></td>
[app3] </tr>
[app3] <tr valign="top">
[app3] <td>person5745</td><td>Uwe Rosca</td><td><a href="mailto:Rosca@berkeley.edu">Rosca@berkeley.edu</a></td><td></td><td><a href="http://www.berkeley.edu/~Rosca">http://www.berkeley.edu/~Rosca</a></td><td></td><td></td><td>
[app3] <p>63 Charretton St<br>Cancun, <br>Saudi Arabia<br>14</p>
[app3] </td><td>9876</td><td></td><td>Yes</td><td>44</td><td>High School</td>
[app3] </tr>
[app3] <tr valign="top">
[app3] <td>person5309</td><td>Uwe Sureshchandran</td><td><a href="mailto:Sureshchandran@umkc.edu">Sureshchandran@umkc.edu</a></td><td></td><td></td><td></td><td>(0) open_auction4767<br>
[app3] </td><td>
[app3] <p>38 Liptay St<br>Veracruz, Nebraska<br>United States<br>39</p>
[app3] </td><td></td><td></td><td></td><td></td><td></td>
[app3] </tr>
[app3] <tr valign="top">
[app3] <td>person2842</td><td>Uwe Takano</td><td><a href="mailto:Takano@gte.com">Takano@gte.com</a></td><td></td><td></td><td></td><td></td><td>
[app3] <p>49 Weijland St<br>Barbados, <br>United States<br>24</p>
[app3] </td><td>27199.71</td><td></td><td>No</td><td>18</td><td>Graduate School</td>
[app3] </tr>
[app3] <tr valign="top">
[app3] <td>person7019</td><td>Uzi Mizunuma</td><td><a href="mailto:Mizunuma@uwindsor.ca">Mizunuma@uwindsor.ca</a></td><td>+0 (98) 55453662</td><td></td><td>7646 5900 3732 5079</td><td></td><td>
[app3] <p>56 Baatz St<br>Lafayette, New York<br>United States<br>27</p>
[app3] </td><td></td><td></td><td></td><td></td><td></td>
[app3] </tr>
[app3] <tr valign="top">
shadow_cache used up once
shadow_cache used up once
shadow_cache used up once
Hit: Address 27fffe417e540 got flushed counter=1
shadow_cache used up once
shadow_cache used up once
shadow_cache used up once
shadow_cache used up once
shadow_cache used up once
shadow_cache used up once
shadow_cache used up once
phase = 63
shadow_cache used up once
shadow_cache used up once
shadow_cache used up once
shadow_cache used up once
25	143235
25	1547
25	8064
25	26783
shadow_cache used up once
shadow_cache used up once
shadow_cache used up once
shadow_cache used up once
shadow_cache used up once
shadow_cache used up once
shadow_cache used up once
shadow_cache used up once
shadow_cache used up once
shadow_cache used up once
phase = 64
shadow_cache used up once
shadow_cache used up once
shadow_cache used up once
shadow_cache used up once
shadow_cache used up once
shadow_cache used up once
shadow_cache used up once
shadow_cache used up once
shadow_cache used up once
shadow_cache used up once
shadow_cache used up once
26	23520
26	151806
26	1447
26	4211
shadow_cache used up once
shadow_cache used up once
phase = 65
phase = 6
shadow_cache used up once
shadow_cache used up once
shadow_cache used up once
shadow_cache used up once
shadow_cache used up once
shadow_cache used up once
shadow_cache used up once
shadow_cache used up once
shadow_cache used up once
shadow_cache used up once
[app3] <td>person2594</td><td>Uzi Nepomnjashchaja</td><td><a href="mailto:Nepomnjashchaja@ucd.ie">Nepomnjashchaja@ucd.ie</a></td><td>+90 (604) 61783403</td><td><a href="http://www.ucd.ie/~Nepomnjashchaja">http://www.ucd.ie/~Nepomnjashchaja</a></td><td>3487 7169 2471 2910</td><td></td><td></td><td>47863.63</td><td>male</td><td>Yes</td><td></td><td>Graduate School</td>
[app3] </tr>
[app3] <tr valign="top">
[app3] <td>person1975</td><td>Uzi Wazlowski</td><td><a href="mailto:Wazlowski@cnr.it">Wazlowski@cnr.it</a></td><td>+0 (985) 84378358</td><td></td><td>9228 9020 4361 5541</td><td>(0) open_auction1181<br>(I) open_auction1861<br>(II) open_auction5109<br>
[app3] </td><td>
[app3] <p>78 Spenke St<br>Tucson, North Carolina<br>United States<br>32</p>
[app3] </td><td>9876</td><td>female</td><td>Yes</td><td></td><td>Graduate School</td>
[app3] </tr>
[app3] <tr valign="top">
[app3] <td>person5498</td><td>Vaagan Afsarmanesh</td><td><a href="mailto:Afsarmanesh@itc.it">Afsarmanesh@itc.it</a></td><td></td><td></td><td>4389 9632 7852 2154</td><td></td><td></td><td>61695.38</td><td>female</td><td>Yes</td><td>53</td><td>High School</td>
[app3] </tr>
[app3] <tr valign="top">
[app3] <td>person9857</td><td>Vaagan Anger</td><td><a href="mailto:Anger@du.edu">Anger@du.edu</a></td><td>+0 (894) 38672676</td><td><a href="http://www.du.edu/~Anger">http://www.du.edu/~Anger</a></td><td></td><td></td><td></td><td>9876</td><td>male</td><td>Yes</td><td></td><td>Graduate School</td>
[app3] </tr>
[app3] <tr valign="top">
[app3] <td>person10054</td><td>Vaagan Lessing</td><td><a href="mailto:Lessing@rwth-aachen.de">Lessing@rwth-aachen.de</a></td><td></td><td><a href="http://www.rwth-aachen.de/~Lessing">http://www.rwth-aachen.de/~Lessing</a></td><td>2822 5716 5587 2919</td><td></td><td>
[app3] <p>96 Reis St<br>Worcester, <br>United States<br>27</p>
[app3] </td><td></td><td></td><td></td><td></td><td></td>
[app3] </tr>
[app3] <tr valign="top">
[app3] <td>person12015</td><td>Vaclav Heyers</td><td><a href="mailto:Heyers@mitre.org">Heyers@mitre.org</a></td><td>+0 (899) 66783371</td><td></td><td></td><td>(0) open_auction797<br>(I) open_auction5309<br>
[app3] </td><td>
[app3] <p>32 Oppliger St<br>Brussels, Georgia<br>United States<br>10</p>
[app3] </td><td>60679.81</td><td></td><td>Yes</td><td>18</td><td>High School</td>
[app3] </tr>
[app3] <tr valign="top">
[app3] <td>person11043</td><td>Vagan Narin'ani</td><td><a href="mailto:Narin'ani@nodak.edu">Narin'ani@nodak.edu</a></td><td>+0 (591) 45655829</td><td></td><td>9242 8794 6582 2195</td><td></td><td>
[app3] <p>76 Kane St<br>West, <br>United States<br>28</p>
[app3] </td><td>23975.95</td><td>male</td><td>Yes</td><td></td><td>Graduate School</td>
[app3] </tr>
shadow_cache used up once
[app3] <tr valign="top">
[app3] <td>person9975</td><td>Vagelio Littlefield</td><td><a href="mailto:Littlefield@auth.gr">Littlefield@auth.gr</a></td><td>+0 (723) 6056865</td><td></td><td></td><td></td><td></td><td></td><td></td><td></td><td></td><td></td>
[app3] </tr>
[app3] <tr valign="top">
[app3] <td>person3356</td><td>Vaggelis Dimitriou</td><td><a href="mailto:Dimitriou@mitre.org">Dimitriou@mitre.org</a></td><td>+0 (710) 94799845</td><td></td><td>3856 1907 7207 7333</td><td>(0) open_auction3996<br>(I) open_auction1495<br>(II) open_auction1835<br>(III) open_auction2005<br>(IV) open_auction2287<br>
[app3] </td><td></td><td></td><td></td><td></td><td></td><td></td>
[app3] </tr>
[app3] <tr valign="top">
[app3] <td>person10260</td><td>Vaggelis Graaff</td><td><a href="mailto:Graaff@edu.sg">Graaff@edu.sg</a></td><td>+0 (513) 63537808</td><td><a href="http://www.edu.sg/~Graaff">http://www.edu.sg/~Graaff</a></td><td>3577 1363 2170 4793</td><td>(0) open_auction172<br>
[app3] </td><td>
[app3] <p>33 Calisti St<br>Dayton, Ohio<br>United States<br>6</p>
[app3] </td><td></td><td></td><td></td><td></td><td></td>
[app3] </tr>
[app3] <tr valign="top">
[app3] <td>person8046</td><td>Vaggelis Vassallo</td><td><a href="mailto:Vassallo@ac.kr">Vassallo@ac.kr</a></td><td></td><td></td><td>5899 4543 5462 8033</td><td></td><td></td><td></td><td></td><td></td><td></td><td></td>
[app3] </tr>
[app3] <tr valign="top">
[app3] <td>person2724</td><td>Vaibhav Courtenage</td><td><a href="mailto:Courtenage@filemaker.com">Courtenage@filemaker.com</a></td><td></td><td></td><td>5611 5430 4818 6891</td><td>(0) open_auction1830<br>
[app3] </td><td></td><td></td><td></td><td></td><td></td><td></td>
[app3] </tr>
[app3] <tr valign="top">
[app3] <td>person6444</td><td>Vaibhav Denti</td><td><a href="mailto:Denti@smu.edu">Denti@smu.edu</a></td><td></td><td><a href="http://www.smu.edu/~Denti">http://www.smu.edu/~Denti</a></td><td></td><td>(0) open_auction4859<br>(I) open_auction2173<br>(II) open_auction1909<br>(III) open_auction3972<br>(IV) open_auction2904<br>
shadow_cache used up once
phase = 66
shadow_cache used up once
shadow_cache used up once
shadow_cache used up once
shadow_cache used up once
shadow_cache used up once
shadow_cache used up once
phase = 67
shadow_cache used up once
shadow_cache used up once
27	20451
27	4071
27	156148
27	930
shadow_cache used up once
shadow_cache used up once
shadow_cache used up once
shadow_cache used up once
shadow_cache used up once
phase = 68
shadow_cache used up once
shadow_cache used up once
shadow_cache used up once
shadow_cache used up once
shadow_cache used up once
shadow_cache used up once
phase = 69
shadow_cache used up once
shadow_cache used up once
shadow_cache used up once
28	107906
28	7594
28	1391
shadow_cache used up once
28	286
shadow_cache used up once
shadow_cache used up once
phase = 70
shadow_cache used up once
shadow_cache used up once
shadow_cache used up once
shadow_cache used up once
shadow_cache used up once
shadow_cache used up once
shadow_cache used up once
phase = 71
shadow_cache used up once
shadow_cache used up once
shadow_cache used up once
29	94159
29	3001
shadow_cache used up once
29	30
shadow_cache used up once
29	205
shadow_cache used up once
shadow_cache used up once
phase = 72
shadow_cache used up once
shadow_cache used up once
shadow_cache used up once
shadow_cache used up once
shadow_cache used up once
shadow_cache used up once
phase = 73
shadow_cache used up once
2a	95771
shadow_cache used up once
shadow_cache used up once
2a	7
shadow_cache used up once
shadow_cache used up once
2a	12
shadow_cache used up once
phase = 74
shadow_cache used up once
shadow_cache used up once
shadow_cache used up once
shadow_cache used up once
shadow_cache used up once
shadow_cache used up once
phase = 75
shadow_cache used up once
2b	94840
2a	26
2b	3
shadow_cache used up once
shadow_cache used up once
shadow_cache used up once
shadow_cache used up once
shadow_cache used up once
phase = 76
shadow_cache used up once
2b	13
2b	10
shadow_cache used up once
shadow_cache used up once
shadow_cache used up once
shadow_cache used up once
shadow_cache used up once
shadow_cache used up once
2c	94129
shadow_cache used up once
shadow_cache used up once
shadow_cache used up once
shadow_cache used up once
phase = 77
shadow_cache used up once
shadow_cache used up once
2c	690
shadow_cache used up once
shadow_cache used up once
shadow_cache used up once
shadow_cache used up once
shadow_cache used up once
shadow_cache used up once
2d	103410
shadow_cache used up once
shadow_cache used up once
shadow_cache used up once
2d	470
shadow_cache used up once
phase = 78
shadow_cache used up once
2c	7
2d	2
shadow_cache used up once
shadow_cache used up once
shadow_cache used up once
shadow_cache used up once
shadow_cache used up once
shadow_cache used up once
shadow_cache used up once
2c	5
shadow_cache used up once
shadow_cache used up once
shadow_cache used up once
shadow_cache used up once
phase = 79
shadow_cache used up once
shadow_cache used up once
shadow_cache used up once
shadow_cache used up once
shadow_cache used up once
shadow_cache used up once
shadow_cache used up once
2e	185093
2e	4331
2e	501
shadow_cache used up once
shadow_cache used up once
shadow_cache used up once
shadow_cache used up once
shadow_cache used up once
phase = 80
shadow_cache used up once
shadow_cache used up once
shadow_cache used up once
shadow_cache used up once
shadow_cache used up once
shadow_cache used up once
shadow_cache used up once
shadow_cache used up once
shadow_cache used up once
shadow_cache used up once
2d	2
2e	1
shadow_cache used up once
phase = 81
shadow_cache used up once
shadow_cache used up once
shadow_cache used up once
shadow_cache used up once
shadow_cache used up once
shadow_cache used up once
shadow_cache used up once
2f	188270
2f	486
2f	16
2f	74
shadow_cache used up once
shadow_cache used up once
shadow_cache used up once
phase = 82
shadow_cache used up once
shadow_cache used up once
shadow_cache used up once
shadow_cache used up once
shadow_cache used up once
shadow_cache used up once
shadow_cache used up once
phase = 83
shadow_cache used up once
shadow_cache used up once
shadow_cache used up once
shadow_cache used up once
shadow_cache used up once
shadow_cache used up once
phase = 84
shadow_cache used up once
shadow_cache used up once
shadow_cache used up once
shadow_cache used up once
30	157678
30	3802
30	345
30	64
shadow_cache used up once
shadow_cache used up once
phase = 85
shadow_cache used up once
shadow_cache used up once
shadow_cache used up once
shadow_cache used up once
shadow_cache used up once
shadow_cache used up once
phase = 86
shadow_cache used up once
shadow_cache used up once
shadow_cache used up once
shadow_cache used up once
31	94875
shadow_cache used up once
31	54
shadow_cache used up once
phase = 87
shadow_cache used up once
31	122
shadow_cache used up once
shadow_cache used up once
shadow_cache used up once
shadow_cache used up once
shadow_cache used up once
phase = 88
shadow_cache used up once
shadow_cache used up once
shadow_cache used up once
32	94899
shadow_cache used up once
shadow_cache used up once
shadow_cache used up once
32	8
phase = 89
shadow_cache used up once
shadow_cache used up once
shadow_cache used up once
shadow_cache used up once
shadow_cache used up once
shadow_cache used up once
32	35
shadow_cache used up once
phase = 90
shadow_cache used up once
shadow_cache used up once
33	94713
shadow_cache used up once
shadow_cache used up once
shadow_cache used up once
shadow_cache used up once
phase = 91
shadow_cache used up once
shadow_cache used up once
shadow_cache used up once
31	59
32	2
33	1
shadow_cache used up once
shadow_cache used up once
shadow_cache used up once
phase = 92
33	3
33	13
shadow_cache used up once
34	94558
shadow_cache used up once
34	76
34	70
shadow_cache used up once
shadow_cache used up once
shadow_cache used up once
shadow_cache used up once
shadow_cache used up once
shadow_cache used up once
[TRACE:1] -- DONE --
[TRACE:2] -- STOP --
[TRACE:3] -- STOP --
[TRACE:0] -- STOP --
[SNIPER] Disabling performance models
[SNIPER] Leaving ROI after 1387.03 seconds
[SNIPER] Simulated 286.9M instructions, 180.0M cycles, 1.59 IPC
[SNIPER] Simulation speed 206.9 KIPS (51.7 KIPS / target core - 19335.0ns/instr)
[SNIPER] Setting instrumentation mode to FAST_FORWARD
Hawkeye Victims: 0
LRU Victims: 0
Hawkeye Victims: 0
LRU Victims: 0
Hawkeye Victims: 0
LRU Victims: 0
Hawkeye Victims: 0
LRU Victims: 0
Inserted: 0
Redundant.progress: 0
Redundant.cache: 0
Redundant.buffer: 0
Hawkeye Victims: 0
LRU Victims: 0
Inserted: 0
Redundant.progress: 0
Redundant.cache: 0
Redundant.buffer: 0
Hawkeye Victims: 0
LRU Victims: 0
phase = 0
Inserted: 1a9c
Redundant.progress: d0
Redundant.cache: 612
Redundant.buffer: 0
Hawkeye Victims: 0
LRU Victims: 0
Hawkeye Victims: 0
LRU Victims: 0
Hawkeye Victims: 0
LRU Victims: 0
Hawkeye Victims: 0
LRU Victims: 0
Inserted: 0
Redundant.progress: 0
Redundant.cache: 0
Redundant.buffer: 0
Hawkeye Victims: 0
LRU Victims: 0
Inserted: 0
Redundant.progress: 0
Redundant.cache: 0
Redundant.buffer: 0
phase = 93
Inserted: c1d9be
Redundant.progress: 595e87
Redundant.cache: 35fae
Redundant.buffer: 0
Hawkeye Victims: 0
LRU Victims: 0
Hawkeye Victims: 0
LRU Victims: 0
Hawkeye Victims: 0
LRU Victims: 0
Hawkeye Victims: 0
LRU Victims: 0
Inserted: 0
Redundant.progress: 0
Redundant.cache: 0
Redundant.buffer: 0
Hawkeye Victims: 0
LRU Victims: 0
Inserted: 0
Redundant.progress: 0
Redundant.cache: 0
Redundant.buffer: 0
phase = 7
Inserted: a3546
Redundant.progress: 4c66
Redundant.cache: 25105
Redundant.buffer: 0
Hawkeye Victims: 0
LRU Victims: 0
Hawkeye Victims: 0
LRU Victims: 0
Hawkeye Victims: 0
LRU Victims: 0
Hawkeye Victims: 0
LRU Victims: 0
Inserted: 0
Redundant.progress: 0
Redundant.cache: 0
Redundant.buffer: 0
Hawkeye Victims: 0
LRU Victims: 0
Inserted: 0
Redundant.progress: 0
Redundant.cache: 0
Redundant.buffer: 0
phase = 0
Inserted: eb6e
Redundant.progress: 29b
Redundant.cache: 9d6a
Redundant.buffer: 0
[SNIPER] End
[SNIPER] Elapsed time: 1428.56 seconds
