000 (15005790.000.000) 08/01 20:50:07 Job submitted from host: <128.83.130.153:51299?addrs=128.83.130.153-51299>
...
001 (15005790.000.000) 08/01 20:50:13 Job executing on host: <128.83.120.217:37024?addrs=128.83.120.217-37024>
...
006 (15005790.000.000) 08/01 20:50:21 Image size of job updated: 1
	2  -  MemoryUsage of job (MB)
	1644  -  ResidentSetSize of job (KB)
...
006 (15005790.000.000) 08/01 20:55:21 Image size of job updated: 5201224
	544  -  MemoryUsage of job (MB)
	556296  -  ResidentSetSize of job (KB)
...
006 (15005790.000.000) 08/01 21:00:22 Image size of job updated: 5267804
	731  -  MemoryUsage of job (MB)
	747592  -  ResidentSetSize of job (KB)
...
006 (15005790.000.000) 08/01 21:05:22 Image size of job updated: 5399036
	922  -  MemoryUsage of job (MB)
	943300  -  ResidentSetSize of job (KB)
...
006 (15005790.000.000) 08/01 21:10:22 Image size of job updated: 5595772
	1086  -  MemoryUsage of job (MB)
	1111884  -  ResidentSetSize of job (KB)
...
006 (15005790.000.000) 08/01 21:15:05 Image size of job updated: 5661720
	1086  -  MemoryUsage of job (MB)
	1111884  -  ResidentSetSize of job (KB)
...
005 (15005790.000.000) 08/01 21:15:05 Job terminated.
	(1) Normal termination (return value 0)
		Usr 0 00:29:51, Sys 0 00:00:39  -  Run Remote Usage
		Usr 0 00:00:00, Sys 0 00:00:00  -  Run Local Usage
		Usr 0 00:29:51, Sys 0 00:00:39  -  Total Remote Usage
		Usr 0 00:00:00, Sys 0 00:00:00  -  Total Local Usage
	0  -  Run Bytes Sent By Job
	0  -  Run Bytes Received By Job
	0  -  Total Bytes Sent By Job
	0  -  Total Bytes Received By Job
	Partitionable Resources :    Usage  Request Allocated
	   Cpus                 :                 1         1
	   Disk (KB)            :        1        1    749972
	   Gpus                 :                           0
	   Memory (MB)          :     1086        1      4021
...
