000 (515985.000.000) 05/05 17:13:10 Job submitted from host: <128.83.144.149:44250?addrs=128.83.144.149-44250>
...
001 (515985.000.000) 05/05 17:13:30 Job executing on host: <128.83.120.128:51378?addrs=128.83.120.128-51378>
...
006 (515985.000.000) 05/05 17:13:39 Image size of job updated: 975100
	52  -  MemoryUsage of job (MB)
	52592  -  ResidentSetSize of job (KB)
...
006 (515985.000.000) 05/05 17:14:29 Image size of job updated: 976792
	52  -  MemoryUsage of job (MB)
	52592  -  ResidentSetSize of job (KB)
...
004 (515985.000.000) 05/05 17:14:29 Job was evicted.
	(0) Job was not checkpointed.
		Usr 0 00:00:00, Sys 0 00:00:00  -  Run Remote Usage
		Usr 0 00:00:00, Sys 0 00:00:00  -  Run Local Usage
	0  -  Run Bytes Sent By Job
	0  -  Run Bytes Received By Job
	Partitionable Resources :    Usage  Request Allocated
	   Cpus                 :                 1         1
	   Disk (KB)            :        1        1    812221
	   Gpus                 :                           0
	   Memory (MB)          :       52        1     12899
...
009 (515985.000.000) 05/05 17:14:30 Job was aborted by the user.
	via condor_rm (by user ypei)
...
000 (516210.000.000) 05/05 17:14:52 Job submitted from host: <128.83.144.149:44250?addrs=128.83.144.149-44250>
...
001 (516210.000.000) 05/05 17:15:01 Job executing on host: <128.83.144.13:57145?addrs=128.83.144.13-57145>
...
006 (516210.000.000) 05/05 17:15:09 Image size of job updated: 975124
	56  -  MemoryUsage of job (MB)
	56820  -  ResidentSetSize of job (KB)
...
006 (516210.000.000) 05/05 17:18:07 Image size of job updated: 1148168
	56  -  MemoryUsage of job (MB)
	56820  -  ResidentSetSize of job (KB)
...
004 (516210.000.000) 05/05 17:18:07 Job was evicted.
	(0) Job was not checkpointed.
		Usr 0 00:00:52, Sys 0 00:00:01  -  Run Remote Usage
		Usr 0 00:00:00, Sys 0 00:00:00  -  Run Local Usage
	0  -  Run Bytes Sent By Job
	0  -  Run Bytes Received By Job
	Partitionable Resources :    Usage  Request Allocated
	   Cpus                 :                 1         1
	   Disk (KB)            :        1        1    824403
	   Gpus                 :                           0
	   Memory (MB)          :       56        1     12899
...
009 (516210.000.000) 05/05 17:18:08 Job was aborted by the user.
	via condor_rm (by user ypei)
...
000 (516417.000.000) 05/05 17:18:23 Job submitted from host: <128.83.144.149:44250?addrs=128.83.144.149-44250>
...
001 (516417.000.000) 05/05 17:18:32 Job executing on host: <128.83.120.229:58979?addrs=128.83.120.229-58979>
...
006 (516417.000.000) 05/05 17:18:40 Image size of job updated: 340324
	21  -  MemoryUsage of job (MB)
	21316  -  ResidentSetSize of job (KB)
...
006 (516417.000.000) 05/05 17:21:22 Image size of job updated: 1148168
	21  -  MemoryUsage of job (MB)
	21316  -  ResidentSetSize of job (KB)
...
004 (516417.000.000) 05/05 17:21:22 Job was evicted.
	(0) Job was not checkpointed.
		Usr 0 00:01:22, Sys 0 00:00:01  -  Run Remote Usage
		Usr 0 00:00:00, Sys 0 00:00:00  -  Run Local Usage
	0  -  Run Bytes Sent By Job
	0  -  Run Bytes Received By Job
	Partitionable Resources :    Usage  Request Allocated
	   Cpus                 :                 1         1
	   Disk (KB)            :        1        1    828969
	   Gpus                 :                           0
	   Memory (MB)          :       21        1     12899
...
009 (516417.000.000) 05/05 17:21:23 Job was aborted by the user.
	via condor_rm (by user ypei)
...
000 (517038.000.000) 05/05 17:21:45 Job submitted from host: <128.83.144.149:44250?addrs=128.83.144.149-44250>
...
001 (517038.000.000) 05/05 17:21:53 Job executing on host: <128.83.120.250:59851?addrs=128.83.120.250-59851>
...
006 (517038.000.000) 05/05 17:22:02 Image size of job updated: 975124
	52  -  MemoryUsage of job (MB)
	52724  -  ResidentSetSize of job (KB)
...
006 (517038.000.000) 05/05 17:27:03 Image size of job updated: 1148168
	106  -  MemoryUsage of job (MB)
	108348  -  ResidentSetSize of job (KB)
...
006 (517038.000.000) 05/05 17:32:03 Image size of job updated: 1148168
	113  -  MemoryUsage of job (MB)
	115604  -  ResidentSetSize of job (KB)
...
006 (517038.000.000) 05/05 17:37:04 Image size of job updated: 1148168
	116  -  MemoryUsage of job (MB)
	118580  -  ResidentSetSize of job (KB)
...
006 (517038.000.000) 05/05 17:42:05 Image size of job updated: 1148424
	122  -  MemoryUsage of job (MB)
	123932  -  ResidentSetSize of job (KB)
...
006 (517038.000.000) 05/05 17:45:01 Image size of job updated: 1148456
	122  -  MemoryUsage of job (MB)
	123932  -  ResidentSetSize of job (KB)
...
005 (517038.000.000) 05/05 17:45:01 Job terminated.
	(1) Normal termination (return value 0)
		Usr 0 00:21:28, Sys 0 00:00:22  -  Run Remote Usage
		Usr 0 00:00:00, Sys 0 00:00:00  -  Run Local Usage
		Usr 0 00:21:28, Sys 0 00:00:22  -  Total Remote Usage
		Usr 0 00:00:00, Sys 0 00:00:00  -  Total Local Usage
	0  -  Run Bytes Sent By Job
	0  -  Run Bytes Received By Job
	0  -  Total Bytes Sent By Job
	0  -  Total Bytes Received By Job
	Partitionable Resources :    Usage  Request Allocated
	   Cpus                 :                 1         1
	   Disk (KB)            :        1        1    815261
	   Gpus                 :                           0
	   Memory (MB)          :      122        1     12899
...
000 (518073.000.000) 05/06 21:33:04 Job submitted from host: <128.83.144.149:44250?addrs=128.83.144.149-44250>
...
001 (518073.000.000) 05/06 21:33:11 Job executing on host: <128.83.139.9:47643?addrs=128.83.139.9-47643>
...
006 (518073.000.000) 05/06 21:33:20 Image size of job updated: 975772
	55  -  MemoryUsage of job (MB)
	55300  -  ResidentSetSize of job (KB)
...
006 (518073.000.000) 05/06 21:33:43 Image size of job updated: 977320
	55  -  MemoryUsage of job (MB)
	55300  -  ResidentSetSize of job (KB)
...
004 (518073.000.000) 05/06 21:33:43 Job was evicted.
	(0) Job was not checkpointed.
		Usr 0 00:00:00, Sys 0 00:00:00  -  Run Remote Usage
		Usr 0 00:00:00, Sys 0 00:00:00  -  Run Local Usage
	0  -  Run Bytes Sent By Job
	0  -  Run Bytes Received By Job
	Partitionable Resources :    Usage  Request Allocated
	   Cpus                 :                 1         1
	   Disk (KB)            :        1        1   1678568
	   Gpus                 :                           0
	   Memory (MB)          :       55        1     12899
...
009 (518073.000.000) 05/06 21:33:43 Job was aborted by the user.
	via condor_rm (by user ypei)
...
000 (518280.000.000) 05/06 21:34:11 Job submitted from host: <128.83.144.149:44250?addrs=128.83.144.149-44250>
...
001 (518280.000.000) 05/06 21:34:19 Job executing on host: <128.83.139.14:44306?addrs=128.83.139.14-44306>
...
006 (518280.000.000) 05/06 21:34:28 Image size of job updated: 975772
	59  -  MemoryUsage of job (MB)
	59404  -  ResidentSetSize of job (KB)
...
006 (518280.000.000) 05/06 21:39:29 Image size of job updated: 1148336
	114  -  MemoryUsage of job (MB)
	116284  -  ResidentSetSize of job (KB)
...
006 (518280.000.000) 05/06 21:44:29 Image size of job updated: 1148336
	120  -  MemoryUsage of job (MB)
	121908  -  ResidentSetSize of job (KB)
...
006 (518280.000.000) 05/06 21:49:30 Image size of job updated: 1148336
	123  -  MemoryUsage of job (MB)
	125016  -  ResidentSetSize of job (KB)
...
006 (518280.000.000) 05/06 21:54:31 Image size of job updated: 1148592
	128  -  MemoryUsage of job (MB)
	130064  -  ResidentSetSize of job (KB)
...
006 (518280.000.000) 05/06 21:56:53 Image size of job updated: 1148624
	128  -  MemoryUsage of job (MB)
	130064  -  ResidentSetSize of job (KB)
...
005 (518280.000.000) 05/06 21:56:53 Job terminated.
	(1) Normal termination (return value 0)
		Usr 0 00:21:10, Sys 0 00:00:23  -  Run Remote Usage
		Usr 0 00:00:00, Sys 0 00:00:00  -  Run Local Usage
		Usr 0 00:21:10, Sys 0 00:00:23  -  Total Remote Usage
		Usr 0 00:00:00, Sys 0 00:00:00  -  Total Local Usage
	0  -  Run Bytes Sent By Job
	0  -  Run Bytes Received By Job
	0  -  Total Bytes Sent By Job
	0  -  Total Bytes Received By Job
	Partitionable Resources :    Usage  Request Allocated
	   Cpus                 :                 1         1
	   Disk (KB)            :        1        1   1675522
	   Gpus                 :                           0
	   Memory (MB)          :      128        1     12899
...
000 (381848.000.000) 05/07 00:29:03 Job submitted from host: <128.83.144.155:57685?addrs=128.83.144.155-57685>
...
001 (381848.000.000) 05/07 00:29:18 Job executing on host: <128.83.120.128:51378?addrs=128.83.120.128-51378>
...
006 (381848.000.000) 05/07 00:29:26 Image size of job updated: 975780
	56  -  MemoryUsage of job (MB)
	57336  -  ResidentSetSize of job (KB)
...
006 (381848.000.000) 05/07 00:34:26 Image size of job updated: 1148344
	109  -  MemoryUsage of job (MB)
	110612  -  ResidentSetSize of job (KB)
...
006 (381848.000.000) 05/07 00:39:27 Image size of job updated: 1148600
	114  -  MemoryUsage of job (MB)
	116332  -  ResidentSetSize of job (KB)
...
006 (381848.000.000) 05/07 00:44:28 Image size of job updated: 1148600
	117  -  MemoryUsage of job (MB)
	119748  -  ResidentSetSize of job (KB)
...
006 (381848.000.000) 05/07 00:49:08 Image size of job updated: 1148632
	117  -  MemoryUsage of job (MB)
	119748  -  ResidentSetSize of job (KB)
...
005 (381848.000.000) 05/07 00:49:08 Job terminated.
	(1) Normal termination (return value 0)
		Usr 0 00:18:11, Sys 0 00:00:21  -  Run Remote Usage
		Usr 0 00:00:00, Sys 0 00:00:00  -  Run Local Usage
		Usr 0 00:18:11, Sys 0 00:00:21  -  Total Remote Usage
		Usr 0 00:00:00, Sys 0 00:00:00  -  Total Local Usage
	0  -  Run Bytes Sent By Job
	0  -  Run Bytes Received By Job
	0  -  Total Bytes Sent By Job
	0  -  Total Bytes Received By Job
	Partitionable Resources :    Usage  Request Allocated
	   Cpus                 :                 1         1
	   Disk (KB)            :        1        1    803079
	   Gpus                 :                           0
	   Memory (MB)          :      117        1     12899
...
