[SNIPER] Start
Sampler: 4, 32, 0
itlb_cache: 32, 1
itlb_cache_L1: 32, 1
Sampler: 4, 128, 0
dtlb_cache: 128, 4
dtlb_cache_L1: 128, 4
L1-I 2
Sampler: 4, 4, 128
L1-I: 2048, 64
L1-I_L1: 2048, 64
L1-D 3
Sampler: 4, 8, 32
L1-D: 1024, 32
L1-D_L1: 1024, 32
L2 4
Sampler: 122, 16, 16
L2: 32768, 1024
L2_L1: 32768, 1024
Executing Python script /v/filer4b/v20q001/ypei/Desktop/cs395t-lin/output/run_all_hybrid_headroom2/gcc/20/sim.scripts.py
[STOPBYICOUNT] Starting in ROI (detail)
[STOPBYICOUNT] Then stopping after simulating at least 250000000 instructions in detail
[SNIPER] --------------------------------------------------------------------------------
[SNIPER] Sniper using SIFT/trace-driven frontend
[SNIPER] Running full application in DETAILED mode
[SNIPER] --------------------------------------------------------------------------------
[SNIPER] Enabling performance models
[SNIPER] Setting instrumentation mode to DETAILED
[STOPBYICOUNT] Ending ROI after 250000004 instructions (250000000 requested)
[SNIPER] Disabling performance models
[SNIPER] Leaving ROI after 1119.30 seconds
[SNIPER] Simulated 250.0M instructions, 87.9M cycles, 2.84 IPC
[SNIPER] Simulation speed 223.4 KIPS (223.4 KIPS / target core - 4477.2ns/instr)
[SNIPER] Setting instrumentation mode to FAST_FORWARD
[app0] [SIFT_RECORDER] sift_writer.cc:550: Sift::Mode Sift::Writer::Sync(): Assertion `!response->fail()' failed.
[app0] Pin app terminated abnormally due to signal 6.
Hawkeye Victims: 0
LRU Victims: 0
Hawkeye Victims: 0
LRU Victims: 0
Hawkeye Victims: 0
LRU Victims: 0
a test for execution

Inserted: 0
Redundant.progress: 0
Redundant.cache: 0
Redundant.buffer: 0
Hawkeye Victims: 0
LRU Victims: 0
a test for execution

Inserted: 0
Redundant.progress: 0
Redundant.cache: 0
Redundant.buffer: 0
Hawkeye Victims: 0
LRU Victims: 0
 =========================================================== 
Triggers: 339505
Repeats: 0

Same addr: 241597 71.1615
New addr: 152 0.0447711

Distribution of new addresses: 
Stream Head: 83 54.6053
Stream Divergence: 30480 20052.6

Invalidation count: 30553 20100.7
No Conflict count: 1103 725.658
Same Stream count: 0 0
New Stream count: 0 0

Not found: 82041
On Chip Mispredictions: 0
 =========================================================== 
Distribution of predictions: 
Predict Init: 287865 84.7896
Total Predictions: 271802
Predict OCI Miss: 16061 5.57935
Predict Stream End: 16063 5.58005
Buffer Success: 0 0
Stride Distribution: 0, 8785, 0, 0, 0, 0, 0, 0, 280902, 0, 0, 0, 0, 0, 0, 0, 0, 0, 0, 0, 0, 0, 0, 0, 3818, 0, 0, 0, 0, 0, 0, 0, 0, 0, 0, 0, 0, 0, 0, 0, 0, 0, 0, 0, 0, 0, 0, 0, 0, 0, 0, 0, 0, 0, 0, 0, 0, 0, 0, 0, 0, 0, 0, 0, 0, 0, 33, 0, 0, 0, 0, 0, 43766928, 0, 49, 0, 15, 0, 15, 0, 0, 6644585, 1868787317, 1915577714, 1702195557, 7566451, 113, 0, 5073232, 0, 40440288, 0, 0, 0, 5073232, 0, 40998704, 0, 0, 0, 5073232, 0, 41271056, 0, 0, 0, 5165152, 0, 3833949552, 10966, 0, 10966, 43765232, 0, 49, 0, 6, 0, 6, 0, 0, 0, 1919906931, 29541, 48, 0, 49, 0, 
a test for execution

Inserted: 533635
Redundant.progress: 152
Redundant.cache: 501413
Redundant.buffer: 0
[SNIPER] End
[SNIPER] Elapsed time: 1189.57 seconds
