[SNIPER] Start
Sampler: 4, 32, 0
itlb_cache: 32, 1
itlb_cache_L1: 32, 1
Sampler: 4, 128, 0
dtlb_cache: 128, 4
dtlb_cache_L1: 128, 4
L1-I 2
Sampler: 4, 4, 128
L1-I: 2048, 64
L1-I_L1: 2048, 64
L1-D 3
Sampler: 4, 8, 32
L1-D: 1024, 32
L1-D_L1: 1024, 32
L2 4
Sampler: 122, 16, 16
L2: 32768, 1024
L2_L1: 32768, 1024
Executing Python script /v/filer4b/v20q001/ypei/Desktop/cs395t-lin/output/low_bandwidth/run_all_hybrid_headroom9/mcf/22/sim.scripts.py
[STOPBYICOUNT] Starting in ROI (detail)
[STOPBYICOUNT] Then stopping after simulating at least 250000000 instructions in detail
[SNIPER] --------------------------------------------------------------------------------
[SNIPER] Sniper using SIFT/trace-driven frontend
[SNIPER] Running full application in DETAILED mode
[SNIPER] --------------------------------------------------------------------------------
[SNIPER] Enabling performance models
[SNIPER] Setting instrumentation mode to DETAILED
[STOPBYICOUNT] Ending ROI after 250000002 instructions (250000000 requested)
[SNIPER] Disabling performance models
[SNIPER] Leaving ROI after 1501.69 seconds
[SNIPER] Simulated 250.0M instructions, 1175.3M cycles, 0.21 IPC
[SNIPER] Simulation speed 166.5 KIPS (166.5 KIPS / target core - 6006.8ns/instr)
[SNIPER] Setting instrumentation mode to FAST_FORWARD
Hawkeye Victims: 0
LRU Victims: 0
Hawkeye Victims: 0
LRU Victims: 0
Hawkeye Victims: 0
LRU Victims: 0
a test for execution
[app0] [SIFT_RECORDER] sift_writer.cc:550: Sift::Mode Sift::Writer::Sync(): Assertion `!response->fail()' failed.

Inserted: 0
Redundant.progress: 0
Redundant.cache: 0
Redundant.buffer: 0
Hawkeye Victims: 0
LRU Victims: 0
a test for execution

Inserted: 0
Redundant.progress: 0
Redundant.cache: 0
Redundant.buffer: 0
Hawkeye Victims: 0
LRU Victims: 0
 =========================================================== 
Triggers: 22742038
Repeats: 0

Same addr: 6840472 30.0785
New addr: 13504 0.059379

Distribution of new addresses: 
Stream Head: 13428 99.4372
Stream Divergence: 12329852 91305.2

Invalidation count: 12398955 91816.9
No Conflict count: 69495 514.625
Same Stream count: 0 0
New Stream count: 0 0

Not found: 15842022
On Chip Mispredictions: 0
 =========================================================== 
Distribution of predictions: 
Predict Init: 19285467 84.801
Total Predictions: 19159824
Predict OCI Miss: 46008 0.238563
Predict Stream End: 125643 0.651491
Buffer Success: 0 0
[app0] Pin app terminated abnormally due to signal 6.
Stride Distribution: 0, 13390238, 805000, 253000, 174800, 161000, 225400, 161000, 170200, 165600, 151800, 119600, 188600, 216200, 124200, 216200, 165600, 0, 188600, 0, 174800, 0, 0, 0, 179400, 0, 0, 0, 0, 0, 133400, 0, 188600, 0, 0, 0, 161000, 0, 0, 0, 124200, 0, 0, 0, 0, 0, 0, 0, 0, 0, 0, 0, 0, 0, 0, 0, 0, 0, 0, 0, 0, 0, 0, 0, 0, 0, 33, 0, 0, 0, 0, 0, 16176432, 0, 49, 0, 15, 0, 15, 0, 0, 6644585, 1868787317, 1915577714, 1702195557, 7566451, 113, 0, 5073232, 0, 12849824, 0, 0, 0, 5073232, 0, 13408240, 0, 0, 0, 5073232, 0, 13680560, 0, 0, 0, 5165152, 0, 1897475440, 11023, 0, 11023, 16174736, 0, 49, 0, 6, 0, 6, 0, 0, 0, 1919906931, 29541, 48, 0, 49, 0, 
a test for execution

Inserted: 20862338
Redundant.progress: 385347
Redundant.cache: 9641848
Redundant.buffer: 0
[SNIPER] End
[SNIPER] Elapsed time: 1510.41 seconds
