[SNIPER] Start
Sampler: 4, 32, 0
itlb_cache: 32, 1
itlb_cache_L1: 32, 1
Sampler: 4, 128, 0
dtlb_cache: 128, 4
dtlb_cache_L1: 128, 4
L1-I 2
Sampler: 4, 4, 128
L1-I: 2048, 64
L1-I_L1: 2048, 64
L1-D 3
Sampler: 4, 8, 32
L1-D: 1024, 32
L1-D_L1: 1024, 32
L2 4
Sampler: 122, 16, 16
L2: 32768, 1024
L2_L1: 32768, 1024
Executing Python script /v/filer4b/v20q001/ypei/Desktop/cs395t-lin/output/run_all_hybrid_headroom2/mcf/4/sim.scripts.py
[STOPBYICOUNT] Starting in ROI (detail)
[STOPBYICOUNT] Then stopping after simulating at least 250000000 instructions in detail
[SNIPER] --------------------------------------------------------------------------------
[SNIPER] Sniper using SIFT/trace-driven frontend
[SNIPER] Running full application in DETAILED mode
[SNIPER] --------------------------------------------------------------------------------
[SNIPER] Enabling performance models
[SNIPER] Setting instrumentation mode to DETAILED
[STOPBYICOUNT] Ending ROI after 250000001 instructions (250000000 requested)
[SNIPER] Disabling performance models
[SNIPER] Leaving ROI after 2643.51 seconds
[SNIPER] Simulated 250.0M instructions, 708.1M cycles, 0.35 IPC
[SNIPER] Simulation speed 94.6 KIPS (94.6 KIPS / target core - 10574.0ns/instr)
[SNIPER] Setting instrumentation mode to FAST_FORWARD
[app0] [SIFT_RECORDER] sift_writer.cc:550: Sift::Mode Sift::Writer::Sync(): Assertion `!response->fail()' failed.
Hawkeye Victims: 0
LRU Victims: 0
Hawkeye Victims: 0
[app0] Pin app terminated abnormally due to signal 6.
LRU Victims: 0
Hawkeye Victims: 0
LRU Victims: 0
a test for execution

Inserted: 0
Redundant.progress: 0
Redundant.cache: 0
Redundant.buffer: 0
Hawkeye Victims: 0
LRU Victims: 0
a test for execution

Inserted: 0
Redundant.progress: 0
Redundant.cache: 0
Redundant.buffer: 0
Hawkeye Victims: 0
LRU Victims: 0
 =========================================================== 
Triggers: 24292519
Repeats: 0

Same addr: 5757356 23.7001
New addr: 18834 0.07753

Distribution of new addresses: 
Stream Head: 18785 99.7398
Stream Divergence: 13610161 72263.8

Invalidation count: 13644130 72444.1
No Conflict count: 34343 182.346
Same Stream count: 0 0
New Stream count: 0 0

Not found: 18467845
On Chip Mispredictions: 0
 =========================================================== 
Distribution of predictions: 
Predict Init: 19449970 80.0657
Total Predictions: 19330571
Predict OCI Miss: 41975 0.21581
Predict Stream End: 119399 0.613878
Buffer Success: 0 0
Stride Distribution: 0, 14581631, 713000, 243800, 188600, 184000, 197800, 179400, 207000, 156400, 128800, 147200, 280600, 165600, 110400, 216200, 216200, 0, 239200, 0, 202400, 0, 0, 0, 188600, 0, 0, 0, 0, 0, 253000, 0, 174800, 0, 0, 0, 165600, 0, 0, 0, 179400, 0, 0, 0, 0, 0, 0, 0, 0, 0, 0, 0, 0, 0, 0, 0, 0, 0, 0, 0, 0, 0, 0, 0, 0, 0, 33, 0, 0, 0, 0, 0, 26588224, 0, 49, 0, 15, 0, 15, 0, 0, 6644585, 1868787317, 1915577714, 1702195557, 7566451, 113, 0, 5073232, 0, 23261584, 0, 0, 0, 5073232, 0, 23820000, 0, 0, 0, 5073232, 0, 24092352, 0, 0, 0, 5165152, 0, 1622601072, 11159, 0, 11159, 26586528, 0, 49, 0, 6, 0, 6, 0, 0, 0, 1919906931, 29541, 48, 0, 49, 0, 
a test for execution

Inserted: 29755758
Redundant.progress: 427403
Redundant.cache: 14584197
Redundant.buffer: 0
[SNIPER] End
[SNIPER] Elapsed time: 2725.63 seconds
