[SNIPER] Start
Sampler: 4, 4, 32
stlb_cache: 512, 16
stlb_cache_L1: 512, 16
Sampler: 4, 32, 0
itlb_cache: 32, 1
itlb_cache_L1: 32, 1
Sampler: 4, 128, 0
dtlb_cache: 128, 4
dtlb_cache_L1: 128, 4
num_memory_controller = 1
L1-I 2
Sampler: 4, 4, 128
L1-I: 2048, 64
L1-I_L1: 2048, 64
Creating prefetcher object 0 0
Creating prefetcher object 1 0
Creating prefetcher object 2 0
Creating prefetcher object 3 0
L1-D 3
Sampler: 4, 8, 20
L1-D: 400, 20
L1-D_L1: 400, 20
Creating prefetcher object 0 0
Creating prefetcher object 1 0
Creating prefetcher object 2 0
Creating prefetcher object 3 0
L2 4
Sampler: 25f, 10, d
L2: 20000, 1000
L2_L1: 20000, 1000
EimanPrefetcher2 running
Creating prefetcher object 0 0x2327ee0
EimanPrefetcher2 running
Creating prefetcher object 1 0x242a7e0
EimanPrefetcher2 running
Creating prefetcher object 2 0x252d120
EimanPrefetcher2 running
Creating prefetcher object 3 0x262fa60
Sampler: 4, 4, 20
stlb_cache: 200, 10
stlb_cache_L1: 200, 10
Sampler: 4, 20, 0
itlb_cache: 20, 1
itlb_cache_L1: 20, 1
Sampler: 4, 80, 0
dtlb_cache: 80, 4
dtlb_cache_L1: 80, 4
num_memory_controller = 1
L1-I 2
Sampler: 4, 4, 80
L1-I: 800, 40
L1-I_L1: 800, 40
Creating prefetcher object 0 0
Creating prefetcher object 1 0
Creating prefetcher object 2 0
Creating prefetcher object 3 0
L1-D 3
Sampler: 4, 8, 20
L1-D: 400, 20
L1-D_L1: 400, 20
Creating prefetcher object 0 0
Creating prefetcher object 1 0
Creating prefetcher object 2 0
Creating prefetcher object 3 0
L2 4
Sampler: 4, 4, 20
stlb_cache: 200, 10
stlb_cache_L1: 200, 10
Sampler: 4, 20, 0
itlb_cache: 20, 1
itlb_cache_L1: 20, 1
Sampler: 4, 80, 0
dtlb_cache: 80, 4
dtlb_cache_L1: 80, 4
num_memory_controller = 1
L1-I 2
Sampler: 4, 4, 80
L1-I: 800, 40
L1-I_L1: 800, 40
Creating prefetcher object 0 0
Creating prefetcher object 1 0
Creating prefetcher object 2 0
Creating prefetcher object 3 0
L1-D 3
Sampler: 4, 8, 20
L1-D: 400, 20
L1-D_L1: 400, 20
Creating prefetcher object 0 0
Creating prefetcher object 1 0
Creating prefetcher object 2 0
Creating prefetcher object 3 0
L2 4
Sampler: 4, 4, 20
stlb_cache: 200, 10
stlb_cache_L1: 200, 10
Sampler: 4, 20, 0
itlb_cache: 20, 1
itlb_cache_L1: 20, 1
Sampler: 4, 80, 0
dtlb_cache: 80, 4
dtlb_cache_L1: 80, 4
num_memory_controller = 1
L1-I 2
Sampler: 4, 4, 80
L1-I: 800, 40
L1-I_L1: 800, 40
Creating prefetcher object 0 0
Creating prefetcher object 1 0
Creating prefetcher object 2 0
Creating prefetcher object 3 0
L1-D 3
Sampler: 4, 8, 20
L1-D: 400, 20
L1-D_L1: 400, 20
Creating prefetcher object 0 0
Creating prefetcher object 1 0
Creating prefetcher object 2 0
Creating prefetcher object 3 0
L2 4
[SNIPER] --------------------------------------------------------------------------------
[SNIPER] Sniper using SIFT/trace-driven frontend
[SNIPER] Running full application in DETAILED mode
[SNIPER] --------------------------------------------------------------------------------
[SNIPER] Enabling performance models
[SNIPER] Setting instrumentation mode to DETAILED
0	1
0	5
0	1
0	4
isb_agg = 1, bo_agg = 1
isb_agg = 0, bo_agg = 1
isb_agg = 1, bo_agg = 1
isb_agg = 0, bo_agg = 1
isb_agg = 0, bo_agg = 1
isb_agg = 0, bo_agg = 1
isb_agg = 0, bo_agg = 1
isb_agg = 0, bo_agg = 1
isb_agg = 0, bo_agg = 1
isb_agg = 1, bo_agg = 1
isb_agg = 0, bo_agg = 1
isb_agg = 0, bo_agg = 1
isb_agg = 0, bo_agg = 1
isb_agg = 1, bo_agg = 1
phase = 0
isb_agg = 0, bo_agg = 1
isb_agg = 0, bo_agg = 1
isb_agg = 0, bo_agg = 1
isb_agg = 0, bo_agg = 1
isb_agg = 0, bo_agg = 1
1	21690
1	74566
1	28879
1	10616
isb_agg = 0, bo_agg = 1
isb_agg = 0, bo_agg = 1
isb_agg = 0, bo_agg = 1
isb_agg = 0, bo_agg = 1
isb_agg = 0, bo_agg = 1
isb_agg = 0, bo_agg = 1
isb_agg = 0, bo_agg = 1
isb_agg = 1, bo_agg = 1
isb_agg = 0, bo_agg = 1
isb_agg = 0, bo_agg = 1
isb_agg = 0, bo_agg = 1
isb_agg = 0, bo_agg = 1
isb_agg = 0, bo_agg = 1
phase = 1
isb_agg = 0, bo_agg = 1
isb_agg = 0, bo_agg = 1
isb_agg = 0, bo_agg = 1
isb_agg = 0, bo_agg = 1
isb_agg = 0, bo_agg = 1
isb_agg = 0, bo_agg = 1
2	22451
2	62304
2	17731
2	8739
isb_agg = 0, bo_agg = 1
isb_agg = 1, bo_agg = 1
isb_agg = 0, bo_agg = 1
isb_agg = 0, bo_agg = 1
isb_agg = 0, bo_agg = 1
isb_agg = 0, bo_agg = 1
isb_agg = 0, bo_agg = 1
isb_agg = 1, bo_agg = 1
isb_agg = 0, bo_agg = 1
isb_agg = 0, bo_agg = 1
phase = 2
isb_agg = 0, bo_agg = 1
isb_agg = 0, bo_agg = 1
isb_agg = 0, bo_agg = 1
isb_agg = 1, bo_agg = 1
isb_agg = 0, bo_agg = 1
isb_agg = 0, bo_agg = 1
isb_agg = 0, bo_agg = 1
phase = 0
isb_agg = 0, bo_agg = 1
isb_agg = 0, bo_agg = 1
isb_agg = 1, bo_agg = 1
isb_agg = 0, bo_agg = 1
isb_agg = 0, bo_agg = 1
3	22878
3	63710
3	7766
3	16498
isb_agg = 0, bo_agg = 1
isb_agg = 0, bo_agg = 1
isb_agg = 1, bo_agg = 1
isb_agg = 0, bo_agg = 1
isb_agg = 0, bo_agg = 1
isb_agg = 0, bo_agg = 1
phase = 3
isb_agg = 0, bo_agg = 1
isb_agg = 0, bo_agg = 1
isb_agg = 1, bo_agg = 1
isb_agg = 0, bo_agg = 1
phase = 0
phase = 0
isb_agg = 0, bo_agg = 1
isb_agg = 0, bo_agg = 1
isb_agg = 0, bo_agg = 1
isb_agg = 1, bo_agg = 1
isb_agg = 0, bo_agg = 1
isb_agg = 0, bo_agg = 1
isb_agg = 0, bo_agg = 1
isb_agg = 0, bo_agg = 1
isb_agg = 0, bo_agg = 1
isb_agg = 1, bo_agg = 1
isb_agg = 0, bo_agg = 1
4	63153
4	23186
4	7730
4	16100
isb_agg = 0, bo_agg = 1
isb_agg = 0, bo_agg = 1
isb_agg = 0, bo_agg = 1
phase = 4
isb_agg = 1, bo_agg = 1
isb_agg = 0, bo_agg = 1
isb_agg = 0, bo_agg = 1
isb_agg = 0, bo_agg = 1
isb_agg = 0, bo_agg = 1
isb_agg = 0, bo_agg = 1
isb_agg = 0, bo_agg = 1
isb_agg = 1, bo_agg = 1
isb_agg = 0, bo_agg = 1
isb_agg = 0, bo_agg = 1
isb_agg = 0, bo_agg = 1
isb_agg = 0, bo_agg = 1
isb_agg = 0, bo_agg = 1
isb_agg = 0, bo_agg = 1
isb_agg = 0, bo_agg = 1
5	41422
5	32381
5	7281
5	13103
isb_agg = 0, bo_agg = 1
isb_agg = 1, bo_agg = 1
isb_agg = 0, bo_agg = 1
isb_agg = 0, bo_agg = 0
isb_agg = 0, bo_agg = 1
isb_agg = 0, bo_agg = 1
isb_agg = 0, bo_agg = 1
isb_agg = 0, bo_agg = 1
isb_agg = 1, bo_agg = 1
phase = 5
isb_agg = 0, bo_agg = 0
isb_agg = 0, bo_agg = 1
isb_agg = 0, bo_agg = 1
isb_agg = 0, bo_agg = 1
isb_agg = 0, bo_agg = 0
isb_agg = 0, bo_agg = 1
isb_agg = 0, bo_agg = 1
isb_agg = 0, bo_agg = 1
isb_agg = 0, bo_agg = 1
isb_agg = 0, bo_agg = 0
isb_agg = 0, bo_agg = 1
isb_agg = 0, bo_agg = 1
6	24257
6	69922
6	13693
6	6974
isb_agg = 0, bo_agg = 1
isb_agg = 0, bo_agg = 0
isb_agg = 0, bo_agg = 1
phase = 6
isb_agg = 0, bo_agg = 1
phase = 1
phase = 1
isb_agg = 0, bo_agg = 1
isb_agg = 0, bo_agg = 0
isb_agg = 0, bo_agg = 1
isb_agg = 0, bo_agg = 1
isb_agg = 0, bo_agg = 1
isb_agg = 0, bo_agg = 1
isb_agg = 0, bo_agg = 0
isb_agg = 0, bo_agg = 1
isb_agg = 1, bo_agg = 1
isb_agg = 0, bo_agg = 1
isb_agg = 0, bo_agg = 1
isb_agg = 0, bo_agg = 0
isb_agg = 1, bo_agg = 1
isb_agg = 0, bo_agg = 1
phase = 7
isb_agg = 0, bo_agg = 1
isb_agg = 0, bo_agg = 1
isb_agg = 0, bo_agg = 0
isb_agg = 1, bo_agg = 1
7	27125
phase = 1
7	6611
7	70768
7	15593
isb_agg = 0, bo_agg = 1
isb_agg = 0, bo_agg = 1
isb_agg = 0, bo_agg = 1
isb_agg = 1, bo_agg = 1
isb_agg = 0, bo_agg = 0
isb_agg = 1, bo_agg = 1
isb_agg = 0, bo_agg = 1
isb_agg = 0, bo_agg = 1
isb_agg = 0, bo_agg = 1
isb_agg = 0, bo_agg = 0
isb_agg = 0, bo_agg = 1
isb_agg = 1, bo_agg = 1
isb_agg = 0, bo_agg = 1
phase = 8
isb_agg = 1, bo_agg = 1
isb_agg = 0, bo_agg = 1
isb_agg = 0, bo_agg = 1
isb_agg = 0, bo_agg = 0
isb_agg = 1, bo_agg = 1
isb_agg = 0, bo_agg = 1
isb_agg = 0, bo_agg = 1
8	62413
8	15041
8	5946
8	20049
isb_agg = 0, bo_agg = 1
isb_agg = 0, bo_agg = 0
isb_agg = 1, bo_agg = 1
isb_agg = 1, bo_agg = 1
isb_agg = 0, bo_agg = 1
isb_agg = 0, bo_agg = 1
isb_agg = 0, bo_agg = 1
isb_agg = 0, bo_agg = 1
isb_agg = 0, bo_agg = 0
isb_agg = 1, bo_agg = 1
isb_agg = 0, bo_agg = 1
phase = 9
isb_agg = 0, bo_agg = 1
isb_agg = 1, bo_agg = 1
isb_agg = 0, bo_agg = 1
isb_agg = 0, bo_agg = 0
isb_agg = 1, bo_agg = 1
isb_agg = 0, bo_agg = 1
isb_agg = 0, bo_agg = 1
isb_agg = 0, bo_agg = 1
9	60253
9	15298
9	18906
9	6539
isb_agg = 1, bo_agg = 1
isb_agg = 0, bo_agg = 1
isb_agg = 1, bo_agg = 1
isb_agg = 0, bo_agg = 0
isb_agg = 0, bo_agg = 1
isb_agg = 0, bo_agg = 1
isb_agg = 1, bo_agg = 1
isb_agg = 0, bo_agg = 1
isb_agg = 1, bo_agg = 1
isb_agg = 1, bo_agg = 1
isb_agg = 1, bo_agg = 1
phase = 2
isb_agg = 1, bo_agg = 1
isb_agg = 1, bo_agg = 1
phase = 10
isb_agg = 0, bo_agg = 1
isb_agg = 1, bo_agg = 1
isb_agg = 0, bo_agg = 1
isb_agg = 0, bo_agg = 0
isb_agg = 0, bo_agg = 1
isb_agg = 1, bo_agg = 1
isb_agg = 0, bo_agg = 1
a	32054
a	45263
a	5578
a	11760
isb_agg = 0, bo_agg = 1
isb_agg = 0, bo_agg = 0
isb_agg = 1, bo_agg = 1
isb_agg = 0, bo_agg = 1
phase = 2
isb_agg = 0, bo_agg = 1
isb_agg = 0, bo_agg = 1
isb_agg = 0, bo_agg = 0
isb_agg = 0, bo_agg = 1
isb_agg = 0, bo_agg = 1
isb_agg = 1, bo_agg = 1
phase = 11
isb_agg = 0, bo_agg = 1
phase = 2
isb_agg = 0, bo_agg = 1
isb_agg = 1, bo_agg = 1
isb_agg = 0, bo_agg = 0
isb_agg = 0, bo_agg = 1
isb_agg = 0, bo_agg = 1
isb_agg = 1, bo_agg = 1
isb_agg = 0, bo_agg = 1
isb_agg = 0, bo_agg = 1
b	6202
b	20639
b	64662
b	13819
isb_agg = 0, bo_agg = 0
isb_agg = 0, bo_agg = 1
isb_agg = 1, bo_agg = 1
isb_agg = 0, bo_agg = 1
isb_agg = 1, bo_agg = 1
isb_agg = 0, bo_agg = 1
isb_agg = 0, bo_agg = 1
phase = 12
isb_agg = 0, bo_agg = 1
isb_agg = 0, bo_agg = 1
isb_agg = 0, bo_agg = 0
isb_agg = 0, bo_agg = 1
isb_agg = 1, bo_agg = 1
isb_agg = 0, bo_agg = 1
isb_agg = 0, bo_agg = 1
isb_agg = 1, bo_agg = 1
isb_agg = 0, bo_agg = 1
isb_agg = 0, bo_agg = 1
isb_agg = 0, bo_agg = 0
isb_agg = 0, bo_agg = 1
isb_agg = 0, bo_agg = 1
isb_agg = 1, bo_agg = 1
phase = 13
isb_agg = 0, bo_agg = 1
c	21151
c	72543
c	16904
c	7747
isb_agg = 0, bo_agg = 1
isb_agg = 0, bo_agg = 0
isb_agg = 0, bo_agg = 1
isb_agg = 0, bo_agg = 1
isb_agg = 0, bo_agg = 1
isb_agg = 1, bo_agg = 1
isb_agg = 0, bo_agg = 1
isb_agg = 1, bo_agg = 1
isb_agg = 0, bo_agg = 1
isb_agg = 0, bo_agg = 0
isb_agg = 0, bo_agg = 1
isb_agg = 0, bo_agg = 1
isb_agg = 0, bo_agg = 1
phase = 14
isb_agg = 0, bo_agg = 1
isb_agg = 0, bo_agg = 1
isb_agg = 0, bo_agg = 0
isb_agg = 1, bo_agg = 1
isb_agg = 0, bo_agg = 1
phase = 3
isb_agg = 0, bo_agg = 1
isb_agg = 1, bo_agg = 1
isb_agg = 0, bo_agg = 1
d	23993
d	74140
d	7263
d	16524
isb_agg = 0, bo_agg = 1
isb_agg = 0, bo_agg = 0
isb_agg = 0, bo_agg = 1
isb_agg = 0, bo_agg = 1
phase = 3
isb_agg = 1, bo_agg = 1
isb_agg = 0, bo_agg = 1
isb_agg = 0, bo_agg = 1
phase = 15
isb_agg = 0, bo_agg = 1
isb_agg = 1, bo_agg = 1
isb_agg = 0, bo_agg = 0
isb_agg = 0, bo_agg = 1
isb_agg = 0, bo_agg = 1
isb_agg = 0, bo_agg = 1
isb_agg = 1, bo_agg = 1
isb_agg = 1, bo_agg = 1
isb_agg = 0, bo_agg = 1
phase = 3
isb_agg = 0, bo_agg = 1
isb_agg = 0, bo_agg = 0
isb_agg = 0, bo_agg = 1
isb_agg = 0, bo_agg = 1
e	16189
e	22600
e	71011
e	7637
isb_agg = 0, bo_agg = 1
phase = 16
isb_agg = 0, bo_agg = 1
isb_agg = 1, bo_agg = 1
isb_agg = 1, bo_agg = 1
isb_agg = 1, bo_agg = 1
isb_agg = 1, bo_agg = 1
isb_agg = 1, bo_agg = 1
isb_agg = 1, bo_agg = 1
isb_agg = 1, bo_agg = 1
isb_agg = 0, bo_agg = 1
isb_agg = 0, bo_agg = 0
isb_agg = 0, bo_agg = 1
isb_agg = 0, bo_agg = 1
isb_agg = 0, bo_agg = 1
isb_agg = 0, bo_agg = 1
isb_agg = 1, bo_agg = 1
isb_agg = 0, bo_agg = 0
isb_agg = 0, bo_agg = 1
isb_agg = 0, bo_agg = 1
isb_agg = 1, bo_agg = 1
isb_agg = 0, bo_agg = 1
f	53204
f	15986
f	7612
f	29790
isb_agg = 0, bo_agg = 1
phase = 17
isb_agg = 0, bo_agg = 1
isb_agg = 0, bo_agg = 0
isb_agg = 0, bo_agg = 1
isb_agg = 1, bo_agg = 1
isb_agg = 0, bo_agg = 1
isb_agg = 1, bo_agg = 1
isb_agg = 0, bo_agg = 1
isb_agg = 0, bo_agg = 1
isb_agg = 0, bo_agg = 1
isb_agg = 1, bo_agg = 1
phase = 4
isb_agg = 0, bo_agg = 1
isb_agg = 0, bo_agg = 0
isb_agg = 0, bo_agg = 1
isb_agg = 1, bo_agg = 1
isb_agg = 0, bo_agg = 1
phase = 18
isb_agg = 0, bo_agg = 1
phase = 4
isb_agg = 0, bo_agg = 1
isb_agg = 0, bo_agg = 0
10	19904
10	68324
10	15345
10	7028
isb_agg = 0, bo_agg = 1
isb_agg = 1, bo_agg = 1
isb_agg = 0, bo_agg = 1
isb_agg = 0, bo_agg = 1
isb_agg = 1, bo_agg = 1
isb_agg = 0, bo_agg = 1
isb_agg = 0, bo_agg = 1
isb_agg = 0, bo_agg = 0
isb_agg = 0, bo_agg = 1
isb_agg = 0, bo_agg = 1
isb_agg = 0, bo_agg = 1
phase = 19
isb_agg = 0, bo_agg = 1
isb_agg = 1, bo_agg = 1
isb_agg = 0, bo_agg = 1
isb_agg = 0, bo_agg = 0
isb_agg = 0, bo_agg = 1
isb_agg = 0, bo_agg = 1
isb_agg = 0, bo_agg = 1
isb_agg = 0, bo_agg = 1
isb_agg = 0, bo_agg = 0
11	75365
11	7623
11	15842
11	24829
isb_agg = 0, bo_agg = 1
isb_agg = 1, bo_agg = 0
isb_agg = 1, bo_agg = 1
isb_agg = 0, bo_agg = 1
isb_agg = 0, bo_agg = 1
isb_agg = 0, bo_agg = 1
phase = 4
phase = 20
isb_agg = 0, bo_agg = 0
isb_agg = 0, bo_agg = 1
isb_agg = 1, bo_agg = 1
isb_agg = 0, bo_agg = 1
isb_agg = 0, bo_agg = 1
isb_agg = 1, bo_agg = 1
isb_agg = 0, bo_agg = 1
isb_agg = 0, bo_agg = 1
isb_agg = 1, bo_agg = 1
isb_agg = 0, bo_agg = 0
isb_agg = 0, bo_agg = 1
isb_agg = 0, bo_agg = 1
isb_agg = 0, bo_agg = 1
isb_agg = 0, bo_agg = 0
isb_agg = 1, bo_agg = 1
phase = 5
isb_agg = 0, bo_agg = 1
isb_agg = 1, bo_agg = 1
12	23007
12	67517
12	16079
12	7001
phase = 21
isb_agg = 0, bo_agg = 1
isb_agg = 0, bo_agg = 0
isb_agg = 0, bo_agg = 1
isb_agg = 1, bo_agg = 1
isb_agg = 0, bo_agg = 1
isb_agg = 0, bo_agg = 1
isb_agg = 0, bo_agg = 1
isb_agg = 1, bo_agg = 1
isb_agg = 0, bo_agg = 0
isb_agg = 0, bo_agg = 1
isb_agg = 1, bo_agg = 1
isb_agg = 0, bo_agg = 1
isb_agg = 0, bo_agg = 1
isb_agg = 0, bo_agg = 1
isb_agg = 0, bo_agg = 0
isb_agg = 1, bo_agg = 1
isb_agg = 0, bo_agg = 1
phase = 22
isb_agg = 1, bo_agg = 1
isb_agg = 1, bo_agg = 1
13	20637
13	55275
13	17224
13	6939
isb_agg = 1, bo_agg = 1
isb_agg = 1, bo_agg = 1
isb_agg = 1, bo_agg = 1
phase = 5
isb_agg = 1, bo_agg = 1
isb_agg = 0, bo_agg = 1
isb_agg = 1, bo_agg = 1
isb_agg = 0, bo_agg = 1
isb_agg = 1, bo_agg = 1
isb_agg = 0, bo_agg = 1
isb_agg = 0, bo_agg = 0
isb_agg = 0, bo_agg = 1
isb_agg = 1, bo_agg = 1
isb_agg = 0, bo_agg = 1
isb_agg = 1, bo_agg = 1
isb_agg = 0, bo_agg = 1
isb_agg = 0, bo_agg = 1
isb_agg = 0, bo_agg = 0
isb_agg = 0, bo_agg = 1
isb_agg = 0, bo_agg = 1
isb_agg = 1, bo_agg = 1
14	46962
14	12514
14	23060
14	6817
isb_agg = 0, bo_agg = 1
phase = 23
isb_agg = 1, bo_agg = 1
isb_agg = 0, bo_agg = 1
isb_agg = 0, bo_agg = 0
isb_agg = 0, bo_agg = 1
isb_agg = 1, bo_agg = 1
isb_agg = 0, bo_agg = 1
isb_agg = 0, bo_agg = 1
isb_agg = 0, bo_agg = 0
isb_agg = 0, bo_agg = 1
isb_agg = 1, bo_agg = 1
isb_agg = 1, bo_agg = 1
phase = 5
isb_agg = 0, bo_agg = 1
isb_agg = 0, bo_agg = 1
isb_agg = 0, bo_agg = 1
isb_agg = 0, bo_agg = 0
isb_agg = 1, bo_agg = 1
isb_agg = 0, bo_agg = 1
isb_agg = 0, bo_agg = 1
15	57398
15	18232
15	7139
15	14891
phase = 24
isb_agg = 1, bo_agg = 1
isb_agg = 0, bo_agg = 1
isb_agg = 0, bo_agg = 0
isb_agg = 1, bo_agg = 1
isb_agg = 0, bo_agg = 1
isb_agg = 0, bo_agg = 1
isb_agg = 0, bo_agg = 1
isb_agg = 0, bo_agg = 0
isb_agg = 1, bo_agg = 1
isb_agg = 0, bo_agg = 1
isb_agg = 1, bo_agg = 1
isb_agg = 0, bo_agg = 1
isb_agg = 0, bo_agg = 1
isb_agg = 0, bo_agg = 0
isb_agg = 1, bo_agg = 1
isb_agg = 0, bo_agg = 1
isb_agg = 0, bo_agg = 1
phase = 25
isb_agg = 0, bo_agg = 1
isb_agg = 1, bo_agg = 1
isb_agg = 1, bo_agg = 1
isb_agg = 0, bo_agg = 0
16	20789
16	56102
16	9117
16	15530
isb_agg = 0, bo_agg = 1
isb_agg = 0, bo_agg = 1
phase = 6
isb_agg = 0, bo_agg = 1
isb_agg = 1, bo_agg = 1
isb_agg = 0, bo_agg = 1
isb_agg = 0, bo_agg = 0
isb_agg = 0, bo_agg = 1
isb_agg = 1, bo_agg = 1
isb_agg = 1, bo_agg = 1
isb_agg = 0, bo_agg = 1
isb_agg = 0, bo_agg = 1
isb_agg = 0, bo_agg = 0
isb_agg = 0, bo_agg = 1
isb_agg = 1, bo_agg = 1
phase = 26
isb_agg = 0, bo_agg = 1
isb_agg = 1, bo_agg = 1
isb_agg = 0, bo_agg = 1
isb_agg = 0, bo_agg = 0
phase = 6
isb_agg = 0, bo_agg = 1
isb_agg = 1, bo_agg = 1
17	55376
17	19039
17	9718
17	15598
isb_agg = 0, bo_agg = 1
isb_agg = 0, bo_agg = 1
isb_agg = 0, bo_agg = 1
isb_agg = 0, bo_agg = 0
isb_agg = 1, bo_agg = 1
isb_agg = 1, bo_agg = 1
isb_agg = 0, bo_agg = 1
isb_agg = 0, bo_agg = 1
isb_agg = 0, bo_agg = 1
isb_agg = 1, bo_agg = 1
isb_agg = 0, bo_agg = 0
phase = 27
isb_agg = 0, bo_agg = 1
isb_agg = 1, bo_agg = 1
isb_agg = 1, bo_agg = 1
isb_agg = 1, bo_agg = 1
isb_agg = 1, bo_agg = 1
isb_agg = 1, bo_agg = 1
isb_agg = 1, bo_agg = 1
18	10234
isb_agg = 1, bo_agg = 1
18	39837
18	30998
isb_agg = 0, bo_agg = 1
18	12345
phase = 6
isb_agg = 0, bo_agg = 1
isb_agg = 0, bo_agg = 1
isb_agg = 0, bo_agg = 1
isb_agg = 0, bo_agg = 1
isb_agg = 1, bo_agg = 1
isb_agg = 1, bo_agg = 1
isb_agg = 0, bo_agg = 0
isb_agg = 0, bo_agg = 1
isb_agg = 0, bo_agg = 1
isb_agg = 0, bo_agg = 1
isb_agg = 0, bo_agg = 1
isb_agg = 0, bo_agg = 0
phase = 28
isb_agg = 0, bo_agg = 1
isb_agg = 0, bo_agg = 1
isb_agg = 1, bo_agg = 1
isb_agg = 0, bo_agg = 0
isb_agg = 0, bo_agg = 1
isb_agg = 1, bo_agg = 1
isb_agg = 0, bo_agg = 1
19	66265
19	15693
19	18966
19	10679
isb_agg = 0, bo_agg = 1
isb_agg = 0, bo_agg = 1
isb_agg = 1, bo_agg = 1
isb_agg = 0, bo_agg = 0
isb_agg = 0, bo_agg = 1
isb_agg = 1, bo_agg = 1
isb_agg = 0, bo_agg = 1
isb_agg = 0, bo_agg = 1
isb_agg = 1, bo_agg = 1
phase = 29
isb_agg = 0, bo_agg = 1
isb_agg = 0, bo_agg = 1
isb_agg = 0, bo_agg = 0
phase = 7
isb_agg = 0, bo_agg = 1
isb_agg = 1, bo_agg = 1
isb_agg = 1, bo_agg = 1
isb_agg = 0, bo_agg = 1
isb_agg = 0, bo_agg = 1
isb_agg = 0, bo_agg = 1
isb_agg = 1, bo_agg = 1
1a	10354
1a	59388
1a	17529
1a	16580
isb_agg = 0, bo_agg = 1
isb_agg = 0, bo_agg = 0
isb_agg = 0, bo_agg = 1
isb_agg = 1, bo_agg = 1
isb_agg = 0, bo_agg = 1
isb_agg = 1, bo_agg = 1
phase = 30
isb_agg = 0, bo_agg = 1
isb_agg = 0, bo_agg = 1
isb_agg = 0, bo_agg = 1
isb_agg = 1, bo_agg = 1
phase = 7
isb_agg = 0, bo_agg = 1
isb_agg = 1, bo_agg = 1
isb_agg = 0, bo_agg = 0
isb_agg = 0, bo_agg = 1
isb_agg = 0, bo_agg = 1
isb_agg = 1, bo_agg = 1
isb_agg = 0, bo_agg = 1
isb_agg = 0, bo_agg = 1
isb_agg = 0, bo_agg = 1
1b	16549
1b	60536
1b	9092
1b	16243
isb_agg = 1, bo_agg = 1
isb_agg = 0, bo_agg = 0
isb_agg = 1, bo_agg = 1
isb_agg = 0, bo_agg = 1
phase = 31
isb_agg = 0, bo_agg = 1
isb_agg = 0, bo_agg = 1
isb_agg = 1, bo_agg = 1
phase = 7
isb_agg = 0, bo_agg = 1
isb_agg = 0, bo_agg = 1
isb_agg = 1, bo_agg = 1
isb_agg = 0, bo_agg = 0
isb_agg = 0, bo_agg = 1
isb_agg = 0, bo_agg = 1
isb_agg = 1, bo_agg = 1
isb_agg = 0, bo_agg = 1
isb_agg = 0, bo_agg = 1
isb_agg = 0, bo_agg = 1
isb_agg = 1, bo_agg = 1
isb_agg = 1, bo_agg = 1
phase = 32
isb_agg = 0, bo_agg = 1
isb_agg = 0, bo_agg = 0
1c	62207
1c	17829
1c	9104
1c	16836
isb_agg = 0, bo_agg = 1
isb_agg = 0, bo_agg = 1
isb_agg = 0, bo_agg = 1
isb_agg = 0, bo_agg = 1
isb_agg = 1, bo_agg = 1
isb_agg = 0, bo_agg = 0
isb_agg = 0, bo_agg = 1
isb_agg = 0, bo_agg = 1
isb_agg = 1, bo_agg = 1
isb_agg = 1, bo_agg = 1
isb_agg = 1, bo_agg = 1
isb_agg = 1, bo_agg = 1
phase = 8
isb_agg = 1, bo_agg = 1
isb_agg = 1, bo_agg = 1
isb_agg = 0, bo_agg = 1
isb_agg = 1, bo_agg = 1
isb_agg = 0, bo_agg = 1
phase = 33
isb_agg = 0, bo_agg = 1
isb_agg = 0, bo_agg = 0
1d	8289
1d	48212
1d	33669
1d	15012
isb_agg = 0, bo_agg = 1
isb_agg = 1, bo_agg = 1
isb_agg = 0, bo_agg = 1
isb_agg = 0, bo_agg = 1
isb_agg = 0, bo_agg = 1
isb_agg = 1, bo_agg = 1
isb_agg = 0, bo_agg = 0
isb_agg = 0, bo_agg = 1
isb_agg = 0, bo_agg = 1
isb_agg = 0, bo_agg = 0
phase = 8
isb_agg = 0, bo_agg = 1
isb_agg = 0, bo_agg = 0
isb_agg = 0, bo_agg = 1
isb_agg = 1, bo_agg = 1
isb_agg = 0, bo_agg = 0
isb_agg = 0, bo_agg = 1
1e	47098
1e	36265
1e	5848
1e	12912
isb_agg = 0, bo_agg = 1
phase = 34
isb_agg = 0, bo_agg = 0
isb_agg = 1, bo_agg = 1
isb_agg = 0, bo_agg = 1
isb_agg = 0, bo_agg = 0
isb_agg = 1, bo_agg = 1
isb_agg = 0, bo_agg = 1
isb_agg = 0, bo_agg = 0
isb_agg = 1, bo_agg = 1
isb_agg = 0, bo_agg = 1
isb_agg = 0, bo_agg = 0
isb_agg = 0, bo_agg = 1
phase = 9
isb_agg = 1, bo_agg = 1
isb_agg = 0, bo_agg = 1
phase = 8
isb_agg = 0, bo_agg = 0
1f	31949
1f	3743
1f	30107
1f	12703
isb_agg = 0, bo_agg = 1
isb_agg = 0, bo_agg = 0
isb_agg = 0, bo_agg = 1
isb_agg = 1, bo_agg = 1
isb_agg = 0, bo_agg = 0
isb_agg = 0, bo_agg = 1
isb_agg = 1, bo_agg = 1
isb_agg = 0, bo_agg = 0
isb_agg = 0, bo_agg = 1
phase = 10
isb_agg = 0, bo_agg = 1
isb_agg = 0, bo_agg = 0
isb_agg = 0, bo_agg = 0
isb_agg = 0, bo_agg = 1
phase = 35
isb_agg = 0, bo_agg = 0
isb_agg = 1, bo_agg = 1
20	42830
20	3811
20	31117
20	12237
isb_agg = 0, bo_agg = 0
isb_agg = 0, bo_agg = 1
isb_agg = 0, bo_agg = 0
isb_agg = 0, bo_agg = 1
isb_agg = 0, bo_agg = 0
isb_agg = 0, bo_agg = 0
isb_agg = 0, bo_agg = 1
isb_agg = 1, bo_agg = 1
isb_agg = 0, bo_agg = 0
isb_agg = 0, bo_agg = 0
isb_agg = 1, bo_agg = 1
isb_agg = 0, bo_agg = 1
isb_agg = 0, bo_agg = 0
phase = 11
phase = 9
isb_agg = 0, bo_agg = 0
isb_agg = 0, bo_agg = 1
isb_agg = 0, bo_agg = 0
isb_agg = 0, bo_agg = 1
isb_agg = 0, bo_agg = 0
21	58089
21	29922
21	3898
21	12077
isb_agg = 1, bo_agg = 1
isb_agg = 1, bo_agg = 1
isb_agg = 1, bo_agg = 1
isb_agg = 1, bo_agg = 1
isb_agg = 1, bo_agg = 1
isb_agg = 1, bo_agg = 1
isb_agg = 0, bo_agg = 0
isb_agg = 0, bo_agg = 1
isb_agg = 1, bo_agg = 1
isb_agg = 0, bo_agg = 0
isb_agg = 0, bo_agg = 1
isb_agg = 0, bo_agg = 0
isb_agg = 1, bo_agg = 1
isb_agg = 0, bo_agg = 0
isb_agg = 0, bo_agg = 1
isb_agg = 0, bo_agg = 0
isb_agg = 0, bo_agg = 1
isb_agg = 0, bo_agg = 0
22	37120
22	21837
22	11090
22	21598
isb_agg = 0, bo_agg = 0
isb_agg = 0, bo_agg = 1
phase = 9
isb_agg = 0, bo_agg = 0
phase = 36
isb_agg = 0, bo_agg = 0
isb_agg = 0, bo_agg = 1
phase = 12
isb_agg = 1, bo_agg = 1
isb_agg = 1, bo_agg = 1
isb_agg = 0, bo_agg = 0
[TRACE:3] -- DONE --
[TRACE:2] -- STOP --
[TRACE:0] -- STOP --
[TRACE:1] -- STOP --
[SNIPER] Disabling performance models
[SNIPER] Leaving ROI after 1908.80 seconds
[SNIPER] Simulated 558.0M instructions, 116.9M cycles, 4.77 IPC
[SNIPER] Simulation speed 292.3 KIPS (73.1 KIPS / target core - 13682.4ns/instr)
[SNIPER] Setting instrumentation mode to FAST_FORWARD
Hawkeye Victims: 0
LRU Victims: 0
Hawkeye Victims: 0
LRU Victims: 0
Hawkeye Victims: 0
LRU Victims: 0
Hawkeye Victims: 0
LRU Victims: 0
Inserted: 0
Redundant.progress: 0
Redundant.cache: 0
Redundant.buffer: 0
Hawkeye Victims: 0
LRU Victims: 0
Inserted: 0
Redundant.progress: 0
Redundant.cache: 0
Redundant.buffer: 0
Hawkeye Victims: 0
LRU Victims: 0
phase = 37
Inserted: 290db1
Redundant.progress: 312
Redundant.cache: 9c6bd
Redundant.buffer: 0
Hawkeye Victims: 0
LRU Victims: 0
Hawkeye Victims: 0
LRU Victims: 0
Hawkeye Victims: 0
LRU Victims: 0
Hawkeye Victims: 0
LRU Victims: 0
Inserted: 0
Redundant.progress: 0
Redundant.cache: 0
Redundant.buffer: 0
Hawkeye Victims: 0
LRU Victims: 0
Inserted: 0
Redundant.progress: 0
Redundant.cache: 0
Redundant.buffer: 0
phase = 13
Inserted: 2471f
Redundant.progress: 65d
Redundant.cache: 10cd4
Redundant.buffer: 0
Hawkeye Victims: 0
LRU Victims: 0
Hawkeye Victims: 0
LRU Victims: 0
Hawkeye Victims: 0
LRU Victims: 0
Hawkeye Victims: 0
LRU Victims: 0
Inserted: 0
Redundant.progress: 0
Redundant.cache: 0
Redundant.buffer: 0
Hawkeye Victims: 0
LRU Victims: 0
Inserted: 0
Redundant.progress: 0
Redundant.cache: 0
Redundant.buffer: 0
phase = 10
Inserted: e47b9
Redundant.progress: 6f
Redundant.cache: 5623b
Redundant.buffer: 0
Hawkeye Victims: 0
LRU Victims: 0
Hawkeye Victims: 0
LRU Victims: 0
Hawkeye Victims: 0
LRU Victims: 0
Hawkeye Victims: 0
LRU Victims: 0
Inserted: 0
Redundant.progress: 0
Redundant.cache: 0
Redundant.buffer: 0
Hawkeye Victims: 0
LRU Victims: 0
Inserted: 0
Redundant.progress: 0
Redundant.cache: 0
Redundant.buffer: 0
phase = 10
Inserted: 7a088
Redundant.progress: d3
Redundant.cache: 7621c
Redundant.buffer: 0
[SNIPER] End
[SNIPER] Elapsed time: 1952.57 seconds
