[SNIPER] Start
Sampler: 4, 4, 32
stlb_cache: 512, 16
stlb_cache_L1: 512, 16
Sampler: 4, 32, 0
itlb_cache: 32, 1
itlb_cache_L1: 32, 1
Sampler: 4, 128, 0
dtlb_cache: 128, 4
dtlb_cache_L1: 128, 4
num_memory_controller = 1
L1-I 2
Sampler: 4, 4, 128
L1-I: 2048, 64
L1-I_L1: 2048, 64
Creating prefetcher object 0 0
Creating prefetcher object 1 0
Creating prefetcher object 2 0
Creating prefetcher object 3 0
L1-D 3
Sampler: 4, 8, 20
L1-D: 400, 20
L1-D_L1: 400, 20
Creating prefetcher object 0 0
Creating prefetcher object 1 0
Creating prefetcher object 2 0
Creating prefetcher object 3 0
L2 4
Sampler: 25f, 10, d
L2: 20000, 1000
L2_L1: 20000, 1000
EimanPrefetcher2 running
Creating prefetcher object 0 0x33c3ee0
EimanPrefetcher2 running
Creating prefetcher object 1 0x34c67e0
EimanPrefetcher2 running
Creating prefetcher object 2 0x35c9120
EimanPrefetcher2 running
Creating prefetcher object 3 0x36cba60
Sampler: 4, 4, 20
stlb_cache: 200, 10
stlb_cache_L1: 200, 10
Sampler: 4, 20, 0
itlb_cache: 20, 1
itlb_cache_L1: 20, 1
Sampler: 4, 80, 0
dtlb_cache: 80, 4
dtlb_cache_L1: 80, 4
num_memory_controller = 1
L1-I 2
Sampler: 4, 4, 80
L1-I: 800, 40
L1-I_L1: 800, 40
Creating prefetcher object 0 0
Creating prefetcher object 1 0
Creating prefetcher object 2 0
Creating prefetcher object 3 0
L1-D 3
Sampler: 4, 8, 20
L1-D: 400, 20
L1-D_L1: 400, 20
Creating prefetcher object 0 0
Creating prefetcher object 1 0
Creating prefetcher object 2 0
Creating prefetcher object 3 0
L2 4
Sampler: 4, 4, 20
stlb_cache: 200, 10
stlb_cache_L1: 200, 10
Sampler: 4, 20, 0
itlb_cache: 20, 1
itlb_cache_L1: 20, 1
Sampler: 4, 80, 0
dtlb_cache: 80, 4
dtlb_cache_L1: 80, 4
num_memory_controller = 1
L1-I 2
Sampler: 4, 4, 80
L1-I: 800, 40
L1-I_L1: 800, 40
Creating prefetcher object 0 0
Creating prefetcher object 1 0
Creating prefetcher object 2 0
Creating prefetcher object 3 0
L1-D 3
Sampler: 4, 8, 20
L1-D: 400, 20
L1-D_L1: 400, 20
Creating prefetcher object 0 0
Creating prefetcher object 1 0
Creating prefetcher object 2 0
Creating prefetcher object 3 0
L2 4
Sampler: 4, 4, 20
stlb_cache: 200, 10
stlb_cache_L1: 200, 10
Sampler: 4, 20, 0
itlb_cache: 20, 1
itlb_cache_L1: 20, 1
Sampler: 4, 80, 0
dtlb_cache: 80, 4
dtlb_cache_L1: 80, 4
num_memory_controller = 1
L1-I 2
Sampler: 4, 4, 80
L1-I: 800, 40
L1-I_L1: 800, 40
Creating prefetcher object 0 0
Creating prefetcher object 1 0
Creating prefetcher object 2 0
Creating prefetcher object 3 0
L1-D 3
Sampler: 4, 8, 20
L1-D: 400, 20
L1-D_L1: 400, 20
Creating prefetcher object 0 0
Creating prefetcher object 1 0
Creating prefetcher object 2 0
Creating prefetcher object 3 0
L2 4
[SNIPER] --------------------------------------------------------------------------------
[SNIPER] Sniper using SIFT/trace-driven frontend
[SNIPER] Running full application in DETAILED mode
[SNIPER] --------------------------------------------------------------------------------
[SNIPER] Enabling performance models
[SNIPER] Setting instrumentation mode to DETAILED
0	1
0	6
0	1
0	6
isb_agg = 1, bo_agg = 1
isb_agg = 1, bo_agg = 1
isb_agg = 0, bo_agg = 1
isb_agg = 1, bo_agg = 1
isb_agg = 0, bo_agg = 0
isb_agg = 0, bo_agg = 1
isb_agg = 0, bo_agg = 1
isb_agg = 0, bo_agg = 1
phase = 0
isb_agg = 0, bo_agg = 1
1	44643
1	23239
1	36406
1	6995
isb_agg = 0, bo_agg = 1
isb_agg = 0, bo_agg = 1
isb_agg = 0, bo_agg = 1
isb_agg = 1, bo_agg = 1
isb_agg = 0, bo_agg = 1
isb_agg = 0, bo_agg = 1
isb_agg = 0, bo_agg = 1
isb_agg = 0, bo_agg = 1
isb_agg = 0, bo_agg = 1
isb_agg = 0, bo_agg = 1
isb_agg = 0, bo_agg = 1
isb_agg = 0, bo_agg = 1
isb_agg = 0, bo_agg = 1
isb_agg = 0, bo_agg = 1
phase = 1
isb_agg = 0, bo_agg = 1
isb_agg = 1, bo_agg = 1
isb_agg = 0, bo_agg = 1
isb_agg = 0, bo_agg = 0
2	37808
2	69821
2	14501
isb_agg = 0, bo_agg = 0
2	7601
isb_agg = 0, bo_agg = 0
isb_agg = 0, bo_agg = 0
isb_agg = 0, bo_agg = 0
isb_agg = 0, bo_agg = 0
phase = 0
isb_agg = 0, bo_agg = 0
isb_agg = 0, bo_agg = 0
isb_agg = 0, bo_agg = 0
isb_agg = 0, bo_agg = 0
phase = 0
isb_agg = 0, bo_agg = 0
isb_agg = 0, bo_agg = 0
isb_agg = 0, bo_agg = 0
isb_agg = 1, bo_agg = 1
isb_agg = 0, bo_agg = 1
isb_agg = 0, bo_agg = 0
isb_agg = 0, bo_agg = 0
isb_agg = 0, bo_agg = 0
isb_agg = 0, bo_agg = 0
isb_agg = 0, bo_agg = 1
isb_agg = 0, bo_agg = 1
isb_agg = 0, bo_agg = 1
phase = 1
isb_agg = 0, bo_agg = 1
isb_agg = 1, bo_agg = 1
isb_agg = 1, bo_agg = 1
3	4901
3	5782
3	31598
isb_agg = 0, bo_agg = 0
3	68486
isb_agg = 0, bo_agg = 0
isb_agg = 0, bo_agg = 0
isb_agg = 1, bo_agg = 1
isb_agg = 0, bo_agg = 0
phase = 2
isb_agg = 0, bo_agg = 0
isb_agg = 0, bo_agg = 0
isb_agg = 0, bo_agg = 0
isb_agg = 0, bo_agg = 1
isb_agg = 0, bo_agg = 0
4	50337
4	5473
4	3591
4	1335
isb_agg = 0, bo_agg = 0
isb_agg = 0, bo_agg = 1
isb_agg = 1, bo_agg = 1
isb_agg = 0, bo_agg = 1
isb_agg = 0, bo_agg = 0
isb_agg = 0, bo_agg = 1
phase = 3
isb_agg = 1, bo_agg = 1
isb_agg = 0, bo_agg = 0
isb_agg = 0, bo_agg = 1
isb_agg = 1, bo_agg = 0
isb_agg = 0, bo_agg = 1
5	39146
5	24100
5	10961
5	5141
phase = 1
isb_agg = 1, bo_agg = 1
isb_agg = 1, bo_agg = 0
isb_agg = 0, bo_agg = 1
phase = 2
isb_agg = 1, bo_agg = 0
phase = 4
isb_agg = 1, bo_agg = 1
isb_agg = 0, bo_agg = 1
isb_agg = 1, bo_agg = 0
isb_agg = 0, bo_agg = 1
isb_agg = 1, bo_agg = 1
isb_agg = 1, bo_agg = 0
isb_agg = 1, bo_agg = 1
isb_agg = 0, bo_agg = 1
isb_agg = 1, bo_agg = 0
isb_agg = 0, bo_agg = 1
6	43507
6	26768
6	23325
isb_agg = 0, bo_agg = 1
6	10041
isb_agg = 1, bo_agg = 1
isb_agg = 1, bo_agg = 0
phase = 5
isb_agg = 0, bo_agg = 1
isb_agg = 1, bo_agg = 1
isb_agg = 1, bo_agg = 0
isb_agg = 1, bo_agg = 0
isb_agg = 1, bo_agg = 0
isb_agg = 1, bo_agg = 0
isb_agg = 1, bo_agg = 0
isb_agg = 1, bo_agg = 0
isb_agg = 1, bo_agg = 1
isb_agg = 1, bo_agg = 0
isb_agg = 1, bo_agg = 1
isb_agg = 1, bo_agg = 0
isb_agg = 1, bo_agg = 0
phase = 3
isb_agg = 1, bo_agg = 0
phase = 6
isb_agg = 1, bo_agg = 0
isb_agg = 1, bo_agg = 1
isb_agg = 1, bo_agg = 0
isb_agg = 1, bo_agg = 0
isb_agg = 1, bo_agg = 1
7	25532
7	50977
7	19178
7	17937
isb_agg = 1, bo_agg = 0
isb_agg = 1, bo_agg = 0
isb_agg = 1, bo_agg = 1
isb_agg = 1, bo_agg = 0
isb_agg = 1, bo_agg = 0
isb_agg = 1, bo_agg = 0
isb_agg = 1, bo_agg = 0
phase = 2
isb_agg = 1, bo_agg = 0
isb_agg = 1, bo_agg = 1
isb_agg = 1, bo_agg = 1
isb_agg = 1, bo_agg = 0
phase = 7
isb_agg = 1, bo_agg = 0
isb_agg = 1, bo_agg = 1
isb_agg = 1, bo_agg = 1
phase = 4
8	48461
8	17023
8	11873
8	9516
isb_agg = 0, bo_agg = 1
isb_agg = 0, bo_agg = 1
isb_agg = 1, bo_agg = 1
isb_agg = 0, bo_agg = 1
phase = 8
isb_agg = 1, bo_agg = 1
isb_agg = 0, bo_agg = 1
isb_agg = 1, bo_agg = 1
isb_agg = 1, bo_agg = 1
isb_agg = 1, bo_agg = 1
isb_agg = 0, bo_agg = 1
isb_agg = 1, bo_agg = 1
phase = 5
isb_agg = 0, bo_agg = 1
9	9391
9	18339
9	37522
9	6458
isb_agg = 0, bo_agg = 1
phase = 9
isb_agg = 1, bo_agg = 1
isb_agg = 0, bo_agg = 1
isb_agg = 1, bo_agg = 1
isb_agg = 1, bo_agg = 1
isb_agg = 0, bo_agg = 1
phase = 3
isb_agg = 1, bo_agg = 1
phase = 6
isb_agg = 1, bo_agg = 1
isb_agg = 0, bo_agg = 1
phase = 10
isb_agg = 1, bo_agg = 1
a	30817
a	15573
a	8459
a	4229
isb_agg = 0, bo_agg = 1
isb_agg = 0, bo_agg = 1
isb_agg = 1, bo_agg = 1
isb_agg = 1, bo_agg = 1
isb_agg = 0, bo_agg = 1
isb_agg = 1, bo_agg = 1
isb_agg = 1, bo_agg = 1
phase = 7
isb_agg = 1, bo_agg = 0
isb_agg = 1, bo_agg = 1
isb_agg = 1, bo_agg = 0
isb_agg = 1, bo_agg = 1
isb_agg = 1, bo_agg = 0
isb_agg = 1, bo_agg = 1
isb_agg = 1, bo_agg = 0
isb_agg = 1, bo_agg = 1
isb_agg = 1, bo_agg = 0
phase = 11
isb_agg = 1, bo_agg = 1
isb_agg = 1, bo_agg = 0
b	44918
b	25918
b	23292
b	11718
isb_agg = 1, bo_agg = 1
phase = 8
isb_agg = 1, bo_agg = 0
isb_agg = 0, bo_agg = 1
isb_agg = 1, bo_agg = 0
isb_agg = 1, bo_agg = 0
isb_agg = 1, bo_agg = 0
isb_agg = 0, bo_agg = 1
isb_agg = 1, bo_agg = 0
isb_agg = 1, bo_agg = 1
isb_agg = 1, bo_agg = 0
isb_agg = 1, bo_agg = 0
isb_agg = 1, bo_agg = 1
isb_agg = 0, bo_agg = 1
isb_agg = 1, bo_agg = 0
phase = 12
isb_agg = 1, bo_agg = 0
phase = 9
c	44677
c	25108
c	15436
c	12710
isb_agg = 0, bo_agg = 1
isb_agg = 1, bo_agg = 0
isb_agg = 0, bo_agg = 1
phase = 4
isb_agg = 1, bo_agg = 1
isb_agg = 0, bo_agg = 1
isb_agg = 0, bo_agg = 1
isb_agg = 1, bo_agg = 1
isb_agg = 1, bo_agg = 0
isb_agg = 1, bo_agg = 1
isb_agg = 1, bo_agg = 0
isb_agg = 1, bo_agg = 1
isb_agg = 1, bo_agg = 0
isb_agg = 1, bo_agg = 0
isb_agg = 1, bo_agg = 1
d	24802
d	28623
d	7786
d	6052
phase = 10
isb_agg = 1, bo_agg = 1
isb_agg = 1, bo_agg = 1
isb_agg = 1, bo_agg = 1
phase = 13
isb_agg = 0, bo_agg = 1
isb_agg = 1, bo_agg = 1
isb_agg = 1, bo_agg = 1
isb_agg = 1, bo_agg = 1
isb_agg = 1, bo_agg = 1
isb_agg = 0, bo_agg = 1
isb_agg = 0, bo_agg = 1
isb_agg = 0, bo_agg = 1
isb_agg = 0, bo_agg = 1
isb_agg = 0, bo_agg = 1
isb_agg = 1, bo_agg = 1
phase = 14
isb_agg = 0, bo_agg = 1
e	36807
e	42221
e	18837
e	9572
isb_agg = 0, bo_agg = 1
isb_agg = 0, bo_agg = 1
isb_agg = 1, bo_agg = 0
isb_agg = 0, bo_agg = 1
isb_agg = 0, bo_agg = 1
isb_agg = 0, bo_agg = 1
isb_agg = 1, bo_agg = 1
phase = 5
phase = 11
isb_agg = 0, bo_agg = 1
isb_agg = 0, bo_agg = 1
phase = 15
isb_agg = 0, bo_agg = 1
isb_agg = 1, bo_agg = 1
isb_agg = 1, bo_agg = 1
isb_agg = 0, bo_agg = 1
isb_agg = 0, bo_agg = 1
f	44778
f	28223
f	15650
f	11082
isb_agg = 0, bo_agg = 1
isb_agg = 0, bo_agg = 1
isb_agg = 0, bo_agg = 1
isb_agg = 1, bo_agg = 1
isb_agg = 0, bo_agg = 1
isb_agg = 0, bo_agg = 1
isb_agg = 0, bo_agg = 1
isb_agg = 1, bo_agg = 0
isb_agg = 1, bo_agg = 1
phase = 16
isb_agg = 1, bo_agg = 0
isb_agg = 0, bo_agg = 1
isb_agg = 1, bo_agg = 0
isb_agg = 0, bo_agg = 1
isb_agg = 1, bo_agg = 1
isb_agg = 1, bo_agg = 1
isb_agg = 1, bo_agg = 0
isb_agg = 1, bo_agg = 0
isb_agg = 1, bo_agg = 1
isb_agg = 1, bo_agg = 0
isb_agg = 1, bo_agg = 1
10	45744
10	18203
10	50795
10	15891
isb_agg = 1, bo_agg = 0
isb_agg = 1, bo_agg = 1
isb_agg = 1, bo_agg = 0
phase = 12
isb_agg = 1, bo_agg = 0
isb_agg = 1, bo_agg = 1
isb_agg = 1, bo_agg = 0
phase = 17
isb_agg = 1, bo_agg = 0
isb_agg = 1, bo_agg = 1
isb_agg = 1, bo_agg = 1
isb_agg = 1, bo_agg = 0
isb_agg = 1, bo_agg = 1
isb_agg = 1, bo_agg = 0
isb_agg = 1, bo_agg = 0
isb_agg = 1, bo_agg = 1
isb_agg = 1, bo_agg = 0
11	50181
11	21614
11	18944
11	12962
isb_agg = 1, bo_agg = 0
phase = 6
isb_agg = 0, bo_agg = 1
phase = 18
isb_agg = 1, bo_agg = 1
isb_agg = 1, bo_agg = 1
isb_agg = 0, bo_agg = 1
isb_agg = 0, bo_agg = 1
isb_agg = 1, bo_agg = 1
isb_agg = 0, bo_agg = 1
isb_agg = 1, bo_agg = 1
isb_agg = 0, bo_agg = 1
isb_agg = 1, bo_agg = 1
isb_agg = 1, bo_agg = 1
isb_agg = 0, bo_agg = 1
isb_agg = 1, bo_agg = 1
phase = 13
12	27977
12	39908
12	14160
12	7631
phase = 19
isb_agg = 0, bo_agg = 1
isb_agg = 1, bo_agg = 1
isb_agg = 1, bo_agg = 1
isb_agg = 0, bo_agg = 1
isb_agg = 1, bo_agg = 1
isb_agg = 1, bo_agg = 1
isb_agg = 1, bo_agg = 1
isb_agg = 0, bo_agg = 1
isb_agg = 1, bo_agg = 1
isb_agg = 0, bo_agg = 1
isb_agg = 1, bo_agg = 1
isb_agg = 1, bo_agg = 1
isb_agg = 0, bo_agg = 1
isb_agg = 1, bo_agg = 1
isb_agg = 1, bo_agg = 1
phase = 14
phase = 20
isb_agg = 1, bo_agg = 1
isb_agg = 0, bo_agg = 1
isb_agg = 1, bo_agg = 1
13	41552
13	21103
13	47943
13	17372
isb_agg = 1, bo_agg = 1
isb_agg = 0, bo_agg = 1
isb_agg = 1, bo_agg = 1
isb_agg = 0, bo_agg = 1
isb_agg = 1, bo_agg = 1
isb_agg = 0, bo_agg = 1
isb_agg = 0, bo_agg = 1
phase = 7
isb_agg = 0, bo_agg = 1
isb_agg = 1, bo_agg = 0
isb_agg = 1, bo_agg = 1
isb_agg = 1, bo_agg = 1
isb_agg = 1, bo_agg = 0
phase = 21
isb_agg = 1, bo_agg = 0
isb_agg = 1, bo_agg = 1
isb_agg = 1, bo_agg = 1
isb_agg = 1, bo_agg = 1
14	42556
isb_agg = 1, bo_agg = 0
14	15984
14	26990
14	12011
isb_agg = 1, bo_agg = 1
isb_agg = 1, bo_agg = 0
isb_agg = 1, bo_agg = 1
isb_agg = 1, bo_agg = 1
isb_agg = 1, bo_agg = 0
phase = 15
isb_agg = 1, bo_agg = 1
isb_agg = 1, bo_agg = 1
isb_agg = 1, bo_agg = 0
isb_agg = 1, bo_agg = 1
isb_agg = 1, bo_agg = 0
isb_agg = 1, bo_agg = 0
isb_agg = 1, bo_agg = 0
isb_agg = 1, bo_agg = 0
isb_agg = 1, bo_agg = 1
isb_agg = 1, bo_agg = 1
isb_agg = 1, bo_agg = 0
isb_agg = 1, bo_agg = 0
phase = 22
isb_agg = 1, bo_agg = 0
15	43005
15	17038
15	34340
15	15777
isb_agg = 1, bo_agg = 0
isb_agg = 1, bo_agg = 0
isb_agg = 1, bo_agg = 0
isb_agg = 1, bo_agg = 1
isb_agg = 1, bo_agg = 0
isb_agg = 1, bo_agg = 0
isb_agg = 1, bo_agg = 0
phase = 23
isb_agg = 1, bo_agg = 1
isb_agg = 1, bo_agg = 0
isb_agg = 1, bo_agg = 1
isb_agg = 1, bo_agg = 1
isb_agg = 0, bo_agg = 1
16	46511
16	17322
16	12112
16	7015
isb_agg = 1, bo_agg = 0
phase = 8
isb_agg = 0, bo_agg = 1
phase = 16
isb_agg = 1, bo_agg = 0
isb_agg = 1, bo_agg = 1
isb_agg = 1, bo_agg = 1
phase = 24
isb_agg = 0, bo_agg = 1
isb_agg = 1, bo_agg = 1
isb_agg = 1, bo_agg = 0
isb_agg = 0, bo_agg = 1
isb_agg = 1, bo_agg = 0
isb_agg = 1, bo_agg = 1
isb_agg = 1, bo_agg = 0
isb_agg = 0, bo_agg = 1
17	36847
17	16565
17	28194
17	8961
isb_agg = 1, bo_agg = 0
isb_agg = 0, bo_agg = 1
phase = 25
isb_agg = 1, bo_agg = 0
isb_agg = 0, bo_agg = 1
isb_agg = 1, bo_agg = 0
isb_agg = 0, bo_agg = 1
isb_agg = 1, bo_agg = 1
phase = 17
isb_agg = 0, bo_agg = 1
isb_agg = 1, bo_agg = 1
isb_agg = 1, bo_agg = 0
isb_agg = 1, bo_agg = 0
isb_agg = 1, bo_agg = 0
isb_agg = 1, bo_agg = 0
isb_agg = 1, bo_agg = 1
isb_agg = 1, bo_agg = 0
isb_agg = 1, bo_agg = 0
isb_agg = 1, bo_agg = 0
isb_agg = 1, bo_agg = 1
isb_agg = 1, bo_agg = 1
isb_agg = 1, bo_agg = 0
isb_agg = 1, bo_agg = 0
18	50905
18	32543
18	24793
18	13877
phase = 26
isb_agg = 1, bo_agg = 0
isb_agg = 1, bo_agg = 0
isb_agg = 1, bo_agg = 1
isb_agg = 1, bo_agg = 0
isb_agg = 1, bo_agg = 0
isb_agg = 1, bo_agg = 0
isb_agg = 1, bo_agg = 0
isb_agg = 1, bo_agg = 1
isb_agg = 1, bo_agg = 1
isb_agg = 1, bo_agg = 0
isb_agg = 1, bo_agg = 0
isb_agg = 1, bo_agg = 0
phase = 9
isb_agg = 1, bo_agg = 0
isb_agg = 1, bo_agg = 0
isb_agg = 1, bo_agg = 0
phase = 27
19	16930
19	49463
19	23425
isb_agg = 1, bo_agg = 0
19	11706
phase = 18
isb_agg = 1, bo_agg = 0
isb_agg = 1, bo_agg = 1
isb_agg = 1, bo_agg = 0
isb_agg = 1, bo_agg = 0
isb_agg = 0, bo_agg = 1
isb_agg = 1, bo_agg = 0
isb_agg = 1, bo_agg = 1
phase = 28
isb_agg = 1, bo_agg = 1
isb_agg = 0, bo_agg = 1
isb_agg = 1, bo_agg = 0
isb_agg = 1, bo_agg = 1
isb_agg = 0, bo_agg = 1
isb_agg = 1, bo_agg = 0
isb_agg = 1, bo_agg = 0
1a	31304
1a	40843
1a	17293
1a	6281
isb_agg = 1, bo_agg = 0
isb_agg = 0, bo_agg = 1
isb_agg = 0, bo_agg = 1
isb_agg = 1, bo_agg = 0
phase = 29
isb_agg = 1, bo_agg = 1
isb_agg = 0, bo_agg = 1
phase = 19
isb_agg = 1, bo_agg = 0
isb_agg = 0, bo_agg = 1
isb_agg = 0, bo_agg = 1
isb_agg = 1, bo_agg = 1
1b	40513
1b	24418
1b	15150
1b	4212
phase = 10
isb_agg = 0, bo_agg = 1
isb_agg = 1, bo_agg = 1
isb_agg = 1, bo_agg = 0
isb_agg = 0, bo_agg = 1
phase = 30
isb_agg = 0, bo_agg = 1
isb_agg = 1, bo_agg = 0
isb_agg = 1, bo_agg = 1
isb_agg = 1, bo_agg = 0
isb_agg = 1, bo_agg = 0
isb_agg = 1, bo_agg = 0
isb_agg = 1, bo_agg = 0
isb_agg = 1, bo_agg = 1
isb_agg = 1, bo_agg = 0
isb_agg = 1, bo_agg = 1
isb_agg = 1, bo_agg = 0
isb_agg = 1, bo_agg = 1
isb_agg = 1, bo_agg = 1
isb_agg = 1, bo_agg = 1
isb_agg = 1, bo_agg = 0
phase = 31
1c	52931
1c	29373
1c	14224
1c	12263
isb_agg = 1, bo_agg = 1
isb_agg = 1, bo_agg = 0
isb_agg = 1, bo_agg = 0
isb_agg = 1, bo_agg = 0
isb_agg = 1, bo_agg = 0
isb_agg = 1, bo_agg = 0
isb_agg = 1, bo_agg = 1
isb_agg = 1, bo_agg = 1
isb_agg = 1, bo_agg = 0
phase = 20
isb_agg = 1, bo_agg = 0
isb_agg = 1, bo_agg = 0
isb_agg = 1, bo_agg = 0
isb_agg = 1, bo_agg = 1
isb_agg = 1, bo_agg = 0
isb_agg = 1, bo_agg = 0
isb_agg = 1, bo_agg = 0
isb_agg = 1, bo_agg = 0
phase = 32
1d	42583
1d	29022
1d	22415
1d	8743
isb_agg = 1, bo_agg = 0
isb_agg = 1, bo_agg = 1
isb_agg = 1, bo_agg = 0
isb_agg = 1, bo_agg = 1
isb_agg = 1, bo_agg = 0
isb_agg = 1, bo_agg = 1
phase = 21
isb_agg = 0, bo_agg = 1
isb_agg = 1, bo_agg = 0
isb_agg = 0, bo_agg = 1
isb_agg = 1, bo_agg = 1
phase = 11
isb_agg = 0, bo_agg = 1
phase = 33
isb_agg = 1, bo_agg = 0
isb_agg = 0, bo_agg = 1
1e	41837
1e	13843
1e	26193
1e	7063
isb_agg = 1, bo_agg = 1
isb_agg = 0, bo_agg = 1
isb_agg = 1, bo_agg = 0
isb_agg = 0, bo_agg = 1
isb_agg = 1, bo_agg = 0
phase = 34
isb_agg = 1, bo_agg = 1
isb_agg = 1, bo_agg = 1
isb_agg = 0, bo_agg = 1
isb_agg = 1, bo_agg = 0
isb_agg = 0, bo_agg = 1
isb_agg = 1, bo_agg = 0
isb_agg = 0, bo_agg = 1
phase = 22
isb_agg = 1, bo_agg = 0
isb_agg = 1, bo_agg = 1
isb_agg = 1, bo_agg = 0
isb_agg = 1, bo_agg = 0
1f	35952
1f	49181
1f	14293
1f	8758
isb_agg = 1, bo_agg = 0
isb_agg = 1, bo_agg = 0
isb_agg = 1, bo_agg = 0
isb_agg = 1, bo_agg = 0
isb_agg = 1, bo_agg = 0
isb_agg = 1, bo_agg = 1
isb_agg = 1, bo_agg = 1
isb_agg = 1, bo_agg = 0
phase = 35
isb_agg = 1, bo_agg = 0
isb_agg = 1, bo_agg = 0
isb_agg = 1, bo_agg = 0
isb_agg = 1, bo_agg = 0
isb_agg = 1, bo_agg = 0
isb_agg = 1, bo_agg = 0
isb_agg = 1, bo_agg = 0
isb_agg = 1, bo_agg = 0
isb_agg = 1, bo_agg = 0
20	74262
20	17259
20	7915
20	6189
isb_agg = 1, bo_agg = 0
isb_agg = 1, bo_agg = 0
isb_agg = 1, bo_agg = 1
phase = 36
phase = 12
isb_agg = 1, bo_agg = 0
isb_agg = 1, bo_agg = 0
isb_agg = 1, bo_agg = 0
isb_agg = 1, bo_agg = 0
[TRACE:3] -- DONE --
[TRACE:2] -- STOP --
[TRACE:0] -- STOP --
[TRACE:1] -- STOP --
[SNIPER] Disabling performance models
[SNIPER] Leaving ROI after 1026.47 seconds
[SNIPER] Simulated 468.6M instructions, 110.7M cycles, 4.23 IPC
[SNIPER] Simulation speed 456.5 KIPS (114.1 KIPS / target core - 8762.2ns/instr)
[SNIPER] Setting instrumentation mode to FAST_FORWARD
Hawkeye Victims: 0
LRU Victims: 0
Hawkeye Victims: 0
LRU Victims: 0
Hawkeye Victims: 0
LRU Victims: 0
Hawkeye Victims: 0
LRU Victims: 0
Inserted: 0
Redundant.progress: 0
Redundant.cache: 0
Redundant.buffer: 0
Hawkeye Victims: 0
LRU Victims: 0
Inserted: 0
Redundant.progress: 0
Redundant.cache: 0
Redundant.buffer: 0
Hawkeye Victims: 0
LRU Victims: 0
phase = 13
Inserted: 24ad7f
Redundant.progress: 789
Redundant.cache: 23828c
Redundant.buffer: 0
Hawkeye Victims: 0
LRU Victims: 0
Hawkeye Victims: 0
LRU Victims: 0
Hawkeye Victims: 0
LRU Victims: 0
Hawkeye Victims: 0
LRU Victims: 0
Inserted: 0
Redundant.progress: 0
Redundant.cache: 0
Redundant.buffer: 0
Hawkeye Victims: 0
LRU Victims: 0
Inserted: 0
Redundant.progress: 0
Redundant.cache: 0
Redundant.buffer: 0
phase = 37
Inserted: 30aa80
Redundant.progress: 6155
Redundant.cache: 194bf5
Redundant.buffer: 0
Hawkeye Victims: 0
LRU Victims: 0
Hawkeye Victims: 0
LRU Victims: 0
Hawkeye Victims: 0
LRU Victims: 0
Hawkeye Victims: 0
LRU Victims: 0
Inserted: 0
Redundant.progress: 0
Redundant.cache: 0
Redundant.buffer: 0
Hawkeye Victims: 0
LRU Victims: 0
Inserted: 0
Redundant.progress: 0
Redundant.cache: 0
Redundant.buffer: 0
phase = 23
Inserted: 224d58
Redundant.progress: 3124
Redundant.cache: 172b9d
Redundant.buffer: 0
Hawkeye Victims: 0
LRU Victims: 0
Hawkeye Victims: 0
LRU Victims: 0
Hawkeye Victims: 0
LRU Victims: 0
Hawkeye Victims: 0
LRU Victims: 0
Inserted: 0
Redundant.progress: 0
Redundant.cache: 0
Redundant.buffer: 0
Hawkeye Victims: 0
LRU Victims: 0
Inserted: 0
Redundant.progress: 0
Redundant.cache: 0
Redundant.buffer: 0
phase = 0
Inserted: 59d0
Redundant.progress: 6e1
Redundant.cache: 4137
Redundant.buffer: 0
[SNIPER] End
[SNIPER] Elapsed time: 1030.11 seconds
