000 (516117.000.000) 05/05 17:13:22 Job submitted from host: <128.83.144.149:44250?addrs=128.83.144.149-44250>
...
009 (516117.000.000) 05/05 17:14:24 Job was aborted by the user.
	via condor_rm (by user ypei)
...
000 (516324.000.000) 05/05 17:15:07 Job submitted from host: <128.83.144.149:44250?addrs=128.83.144.149-44250>
...
009 (516324.000.000) 05/05 17:18:08 Job was aborted by the user.
	via condor_rm (by user ypei)
...
000 (516531.000.000) 05/05 17:18:37 Job submitted from host: <128.83.144.149:44250?addrs=128.83.144.149-44250>
...
009 (516531.000.000) 05/05 17:21:28 Job was aborted by the user.
	via condor_rm (by user ypei)
...
000 (517152.000.000) 05/05 17:22:01 Job submitted from host: <128.83.144.149:44250?addrs=128.83.144.149-44250>
...
001 (517152.000.000) 05/05 17:39:35 Job executing on host: <128.83.144.88:55827?addrs=128.83.144.88-55827>
...
006 (517152.000.000) 05/05 17:39:43 Image size of job updated: 1
	2  -  MemoryUsage of job (MB)
	1636  -  ResidentSetSize of job (KB)
...
006 (517152.000.000) 05/05 17:44:43 Image size of job updated: 938432
	120  -  MemoryUsage of job (MB)
	122660  -  ResidentSetSize of job (KB)
...
006 (517152.000.000) 05/05 17:49:44 Image size of job updated: 938472
	129  -  MemoryUsage of job (MB)
	131452  -  ResidentSetSize of job (KB)
...
005 (517152.000.000) 05/05 17:52:31 Job terminated.
	(1) Normal termination (return value 0)
		Usr 0 00:12:06, Sys 0 00:00:03  -  Run Remote Usage
		Usr 0 00:00:00, Sys 0 00:00:00  -  Run Local Usage
		Usr 0 00:12:06, Sys 0 00:00:03  -  Total Remote Usage
		Usr 0 00:00:00, Sys 0 00:00:00  -  Total Local Usage
	0  -  Run Bytes Sent By Job
	0  -  Run Bytes Received By Job
	0  -  Total Bytes Sent By Job
	0  -  Total Bytes Received By Job
	Partitionable Resources :    Usage  Request Allocated
	   Cpus                 :                 1         1
	   Disk (KB)            :        1        1   2250170
	   Gpus                 :                           0
	   Memory (MB)          :      129        1      4028
...
000 (518187.000.000) 05/06 21:33:18 Job submitted from host: <128.83.144.149:44250?addrs=128.83.144.149-44250>
...
009 (518187.000.000) 05/06 21:33:42 Job was aborted by the user.
	via condor_rm (by user ypei)
...
000 (518394.000.000) 05/06 21:34:26 Job submitted from host: <128.83.144.149:44250?addrs=128.83.144.149-44250>
...
001 (518394.000.000) 05/06 21:55:50 Job executing on host: <128.83.139.14:44306?addrs=128.83.139.14-44306>
...
006 (518394.000.000) 05/06 21:55:58 Image size of job updated: 765180
	57  -  MemoryUsage of job (MB)
	57360  -  ResidentSetSize of job (KB)
...
006 (518394.000.000) 05/06 22:00:58 Image size of job updated: 937808
	117  -  MemoryUsage of job (MB)
	118884  -  ResidentSetSize of job (KB)
...
006 (518394.000.000) 05/06 22:05:59 Image size of job updated: 938484
	122  -  MemoryUsage of job (MB)
	124208  -  ResidentSetSize of job (KB)
...
006 (518394.000.000) 05/06 22:11:00 Image size of job updated: 938496
	124  -  MemoryUsage of job (MB)
	126256  -  ResidentSetSize of job (KB)
...
006 (518394.000.000) 05/06 22:15:51 Image size of job updated: 938500
	124  -  MemoryUsage of job (MB)
	126256  -  ResidentSetSize of job (KB)
...
005 (518394.000.000) 05/06 22:15:51 Job terminated.
	(1) Normal termination (return value 0)
		Usr 0 00:19:32, Sys 0 00:00:22  -  Run Remote Usage
		Usr 0 00:00:00, Sys 0 00:00:00  -  Run Local Usage
		Usr 0 00:19:32, Sys 0 00:00:22  -  Total Remote Usage
		Usr 0 00:00:00, Sys 0 00:00:00  -  Total Local Usage
	0  -  Run Bytes Sent By Job
	0  -  Run Bytes Received By Job
	0  -  Total Bytes Sent By Job
	0  -  Total Bytes Received By Job
	Partitionable Resources :    Usage  Request Allocated
	   Cpus                 :                 1         1
	   Disk (KB)            :        1        1   1675522
	   Gpus                 :                           0
	   Memory (MB)          :      124        1     12899
...
000 (381962.000.000) 05/07 00:29:11 Job submitted from host: <128.83.144.155:57685?addrs=128.83.144.155-57685>
...
001 (381962.000.000) 05/07 00:48:52 Job executing on host: <128.83.120.230:37764?addrs=128.83.120.230-37764>
...
006 (381962.000.000) 05/07 00:49:01 Image size of job updated: 770196
	62  -  MemoryUsage of job (MB)
	62556  -  ResidentSetSize of job (KB)
...
006 (381962.000.000) 05/07 00:54:02 Image size of job updated: 938348
	119  -  MemoryUsage of job (MB)
	121728  -  ResidentSetSize of job (KB)
...
006 (381962.000.000) 05/07 00:59:02 Image size of job updated: 938504
	122  -  MemoryUsage of job (MB)
	124628  -  ResidentSetSize of job (KB)
...
006 (381962.000.000) 05/07 01:04:02 Image size of job updated: 938504
	123  -  MemoryUsage of job (MB)
	125144  -  ResidentSetSize of job (KB)
...
005 (381962.000.000) 05/07 01:06:45 Job terminated.
	(1) Normal termination (return value 0)
		Usr 0 00:17:16, Sys 0 00:00:24  -  Run Remote Usage
		Usr 0 00:00:00, Sys 0 00:00:00  -  Run Local Usage
		Usr 0 00:17:16, Sys 0 00:00:24  -  Total Remote Usage
		Usr 0 00:00:00, Sys 0 00:00:00  -  Total Local Usage
	0  -  Run Bytes Sent By Job
	0  -  Run Bytes Received By Job
	0  -  Total Bytes Sent By Job
	0  -  Total Bytes Received By Job
	Partitionable Resources :    Usage  Request Allocated
	   Cpus                 :                 1         1
	   Disk (KB)            :        1        1    792421
	   Gpus                 :                           0
	   Memory (MB)          :      123        1     12899
...
