000 (516143.000.000) 05/05 17:13:24 Job submitted from host: <128.83.144.149:44250?addrs=128.83.144.149-44250>
...
009 (516143.000.000) 05/05 17:14:27 Job was aborted by the user.
	via condor_rm (by user ypei)
...
000 (516350.000.000) 05/05 17:15:09 Job submitted from host: <128.83.144.149:44250?addrs=128.83.144.149-44250>
...
009 (516350.000.000) 05/05 17:18:07 Job was aborted by the user.
	via condor_rm (by user ypei)
...
000 (516557.000.000) 05/05 17:18:39 Job submitted from host: <128.83.144.149:44250?addrs=128.83.144.149-44250>
...
009 (516557.000.000) 05/05 17:21:28 Job was aborted by the user.
	via condor_rm (by user ypei)
...
000 (517178.000.000) 05/05 17:22:03 Job submitted from host: <128.83.144.149:44250?addrs=128.83.144.149-44250>
...
001 (517178.000.000) 05/05 17:41:19 Job executing on host: <128.83.120.230:37764?addrs=128.83.120.230-37764>
...
006 (517178.000.000) 05/05 17:41:28 Image size of job updated: 2
	2  -  MemoryUsage of job (MB)
	1680  -  ResidentSetSize of job (KB)
...
006 (517178.000.000) 05/05 17:46:29 Image size of job updated: 1212500
	199  -  MemoryUsage of job (MB)
	203216  -  ResidentSetSize of job (KB)
...
006 (517178.000.000) 05/05 17:51:29 Image size of job updated: 1212516
	229  -  MemoryUsage of job (MB)
	233764  -  ResidentSetSize of job (KB)
...
005 (517178.000.000) 05/05 17:55:48 Job terminated.
	(1) Normal termination (return value 0)
		Usr 0 00:14:05, Sys 0 00:00:12  -  Run Remote Usage
		Usr 0 00:00:00, Sys 0 00:00:00  -  Run Local Usage
		Usr 0 00:14:05, Sys 0 00:00:12  -  Total Remote Usage
		Usr 0 00:00:00, Sys 0 00:00:00  -  Total Local Usage
	0  -  Run Bytes Sent By Job
	0  -  Run Bytes Received By Job
	0  -  Total Bytes Sent By Job
	0  -  Total Bytes Received By Job
	Partitionable Resources :    Usage  Request Allocated
	   Cpus                 :                 1         1
	   Disk (KB)            :        2        2    827436
	   Gpus                 :                           0
	   Memory (MB)          :      229        1     12899
...
000 (382609.000.000) 05/07 03:40:05 Job submitted from host: <128.83.144.155:57685?addrs=128.83.144.155-57685>
...
001 (382609.000.000) 05/07 04:28:57 Job executing on host: <128.83.130.161:35317?addrs=128.83.130.161-35317>
...
006 (382609.000.000) 05/07 04:29:05 Image size of job updated: 1206980
	84  -  MemoryUsage of job (MB)
	85312  -  ResidentSetSize of job (KB)
...
006 (382609.000.000) 05/07 04:34:05 Image size of job updated: 1212288
	186  -  MemoryUsage of job (MB)
	190388  -  ResidentSetSize of job (KB)
...
006 (382609.000.000) 05/07 04:39:05 Image size of job updated: 1212336
	216  -  MemoryUsage of job (MB)
	220168  -  ResidentSetSize of job (KB)
...
006 (382609.000.000) 05/07 04:44:06 Image size of job updated: 1212352
	232  -  MemoryUsage of job (MB)
	237468  -  ResidentSetSize of job (KB)
...
006 (382609.000.000) 05/07 04:49:06 Image size of job updated: 1212352
	241  -  MemoryUsage of job (MB)
	246712  -  ResidentSetSize of job (KB)
...
005 (382609.000.000) 05/07 04:50:50 Job terminated.
	(1) Normal termination (return value 0)
		Usr 0 00:21:06, Sys 0 00:00:29  -  Run Remote Usage
		Usr 0 00:00:00, Sys 0 00:00:00  -  Run Local Usage
		Usr 0 00:21:06, Sys 0 00:00:29  -  Total Remote Usage
		Usr 0 00:00:00, Sys 0 00:00:00  -  Total Local Usage
	0  -  Run Bytes Sent By Job
	0  -  Run Bytes Received By Job
	0  -  Total Bytes Sent By Job
	0  -  Total Bytes Received By Job
	Partitionable Resources :    Usage  Request Allocated
	   Cpus                 :                 1         1
	   Disk (KB)            :        2        2   1867704
	   Gpus                 :                           0
	   Memory (MB)          :      241        1     21164
...
000 (518627.000.000) 05/07 13:18:29 Job submitted from host: <128.83.144.149:44250?addrs=128.83.144.149-44250>
...
009 (518627.000.000) 05/07 13:23:36 Job was aborted by the user.
	via condor_rm (by user ypei)
...
000 (518834.000.000) 05/07 13:24:03 Job submitted from host: <128.83.144.149:44250?addrs=128.83.144.149-44250>
...
001 (518834.000.000) 05/07 13:42:08 Job executing on host: <128.83.130.161:35317?addrs=128.83.130.161-35317>
...
006 (518834.000.000) 05/07 13:42:16 Image size of job updated: 1208476
	93  -  MemoryUsage of job (MB)
	94592  -  ResidentSetSize of job (KB)
...
006 (518834.000.000) 05/07 13:47:16 Image size of job updated: 1212332
	200  -  MemoryUsage of job (MB)
	203840  -  ResidentSetSize of job (KB)
...
006 (518834.000.000) 05/07 13:52:17 Image size of job updated: 1212604
	225  -  MemoryUsage of job (MB)
	230280  -  ResidentSetSize of job (KB)
...
006 (518834.000.000) 05/07 13:57:10 Image size of job updated: 1212608
	225  -  MemoryUsage of job (MB)
	230280  -  ResidentSetSize of job (KB)
...
005 (518834.000.000) 05/07 13:57:10 Job terminated.
	(1) Normal termination (return value 0)
		Usr 0 00:14:34, Sys 0 00:00:09  -  Run Remote Usage
		Usr 0 00:00:00, Sys 0 00:00:00  -  Run Local Usage
		Usr 0 00:14:34, Sys 0 00:00:09  -  Total Remote Usage
		Usr 0 00:00:00, Sys 0 00:00:00  -  Total Local Usage
	0  -  Run Bytes Sent By Job
	0  -  Run Bytes Received By Job
	0  -  Total Bytes Sent By Job
	0  -  Total Bytes Received By Job
	Partitionable Resources :    Usage  Request Allocated
	   Cpus                 :                 1         1
	   Disk (KB)            :        2        2   1865789
	   Gpus                 :                           0
	   Memory (MB)          :      225        1     21164
...
000 (519248.000.000) 05/07 14:36:45 Job submitted from host: <128.83.144.149:44250?addrs=128.83.144.149-44250>
...
001 (519248.000.000) 05/07 14:54:13 Job executing on host: <128.83.130.161:35317?addrs=128.83.130.161-35317>
...
006 (519248.000.000) 05/07 14:54:21 Image size of job updated: 340996
	22  -  MemoryUsage of job (MB)
	22136  -  ResidentSetSize of job (KB)
...
006 (519248.000.000) 05/07 14:59:21 Image size of job updated: 1212452
	198  -  MemoryUsage of job (MB)
	202408  -  ResidentSetSize of job (KB)
...
006 (519248.000.000) 05/07 15:04:22 Image size of job updated: 1212468
	224  -  MemoryUsage of job (MB)
	229264  -  ResidentSetSize of job (KB)
...
006 (519248.000.000) 05/07 15:09:23 Image size of job updated: 1212468
	239  -  MemoryUsage of job (MB)
	243840  -  ResidentSetSize of job (KB)
...
005 (519248.000.000) 05/07 15:09:23 Job terminated.
	(1) Normal termination (return value 0)
		Usr 0 00:14:53, Sys 0 00:00:09  -  Run Remote Usage
		Usr 0 00:00:00, Sys 0 00:00:00  -  Run Local Usage
		Usr 0 00:14:53, Sys 0 00:00:09  -  Total Remote Usage
		Usr 0 00:00:00, Sys 0 00:00:00  -  Total Local Usage
	0  -  Run Bytes Sent By Job
	0  -  Run Bytes Received By Job
	0  -  Total Bytes Sent By Job
	0  -  Total Bytes Received By Job
	Partitionable Resources :    Usage  Request Allocated
	   Cpus                 :                 1         1
	   Disk (KB)            :        2        2   1909593
	   Gpus                 :                           0
	   Memory (MB)          :      239        1     21164
...
000 (383023.000.000) 05/07 20:17:09 Job submitted from host: <128.83.144.155:57685?addrs=128.83.144.155-57685>
...
001 (383023.000.000) 05/07 20:58:27 Job executing on host: <128.83.120.250:59851?addrs=128.83.120.250-59851>
...
006 (383023.000.000) 05/07 20:58:36 Image size of job updated: 340624
	22  -  MemoryUsage of job (MB)
	21740  -  ResidentSetSize of job (KB)
...
006 (383023.000.000) 05/07 21:03:37 Image size of job updated: 1212220
	183  -  MemoryUsage of job (MB)
	186728  -  ResidentSetSize of job (KB)
...
006 (383023.000.000) 05/07 21:08:38 Image size of job updated: 1212272
	202  -  MemoryUsage of job (MB)
	206368  -  ResidentSetSize of job (KB)
...
006 (383023.000.000) 05/07 21:13:38 Image size of job updated: 1212288
	218  -  MemoryUsage of job (MB)
	223196  -  ResidentSetSize of job (KB)
...
006 (383023.000.000) 05/07 21:18:38 Image size of job updated: 1212288
	228  -  MemoryUsage of job (MB)
	232896  -  ResidentSetSize of job (KB)
...
006 (383023.000.000) 05/07 21:23:39 Image size of job updated: 1212292
	234  -  MemoryUsage of job (MB)
	239328  -  ResidentSetSize of job (KB)
...
006 (383023.000.000) 05/07 21:28:39 Image size of job updated: 1212292
	239  -  MemoryUsage of job (MB)
	244096  -  ResidentSetSize of job (KB)
...
005 (383023.000.000) 05/07 21:28:41 Job terminated.
	(1) Normal termination (return value 0)
		Usr 0 00:29:18, Sys 0 00:00:45  -  Run Remote Usage
		Usr 0 00:00:00, Sys 0 00:00:00  -  Run Local Usage
		Usr 0 00:29:18, Sys 0 00:00:45  -  Total Remote Usage
		Usr 0 00:00:00, Sys 0 00:00:00  -  Total Local Usage
	0  -  Run Bytes Sent By Job
	0  -  Run Bytes Received By Job
	0  -  Total Bytes Sent By Job
	0  -  Total Bytes Received By Job
	Partitionable Resources :    Usage  Request Allocated
	   Cpus                 :                 1         1
	   Disk (KB)            :        2        2    787841
	   Gpus                 :                           0
	   Memory (MB)          :      239        1     12899
...
000 (384265.000.000) 05/08 05:53:12 Job submitted from host: <128.83.144.155:57685?addrs=128.83.144.155-57685>
...
001 (384265.000.000) 05/08 06:35:02 Job executing on host: <128.83.130.161:35317?addrs=128.83.130.161-35317>
...
006 (384265.000.000) 05/08 06:35:10 Image size of job updated: 341136
	22  -  MemoryUsage of job (MB)
	22224  -  ResidentSetSize of job (KB)
...
006 (384265.000.000) 05/08 06:40:10 Image size of job updated: 1212592
	197  -  MemoryUsage of job (MB)
	201348  -  ResidentSetSize of job (KB)
...
006 (384265.000.000) 05/08 06:45:11 Image size of job updated: 1212608
	223  -  MemoryUsage of job (MB)
	228112  -  ResidentSetSize of job (KB)
...
006 (384265.000.000) 05/08 06:50:12 Image size of job updated: 1212608
	237  -  MemoryUsage of job (MB)
	241780  -  ResidentSetSize of job (KB)
...
005 (384265.000.000) 05/08 06:50:28 Job terminated.
	(1) Normal termination (return value 0)
		Usr 0 00:14:38, Sys 0 00:00:09  -  Run Remote Usage
		Usr 0 00:00:00, Sys 0 00:00:00  -  Run Local Usage
		Usr 0 00:14:38, Sys 0 00:00:09  -  Total Remote Usage
		Usr 0 00:00:00, Sys 0 00:00:00  -  Total Local Usage
	0  -  Run Bytes Sent By Job
	0  -  Run Bytes Received By Job
	0  -  Total Bytes Sent By Job
	0  -  Total Bytes Received By Job
	Partitionable Resources :    Usage  Request Allocated
	   Cpus                 :                 1         1
	   Disk (KB)            :        2        2   1909586
	   Gpus                 :                           0
	   Memory (MB)          :      237        1     21164
...
000 (417658.000.000) 05/09 03:37:37 Job submitted from host: <128.83.144.154:52346?addrs=128.83.144.154-52346>
...
001 (417658.000.000) 05/09 04:15:30 Job executing on host: <128.83.139.143:55125?addrs=128.83.139.143-55125>
...
006 (417658.000.000) 05/09 04:15:38 Image size of job updated: 1208360
	97  -  MemoryUsage of job (MB)
	98968  -  ResidentSetSize of job (KB)
...
006 (417658.000.000) 05/09 04:20:38 Image size of job updated: 1212196
	195  -  MemoryUsage of job (MB)
	198960  -  ResidentSetSize of job (KB)
...
006 (417658.000.000) 05/09 04:25:39 Image size of job updated: 1212468
	224  -  MemoryUsage of job (MB)
	228528  -  ResidentSetSize of job (KB)
...
005 (417658.000.000) 05/09 04:28:18 Job terminated.
	(1) Normal termination (return value 0)
		Usr 0 00:12:30, Sys 0 00:00:10  -  Run Remote Usage
		Usr 0 00:00:00, Sys 0 00:00:00  -  Run Local Usage
		Usr 0 00:12:30, Sys 0 00:00:10  -  Total Remote Usage
		Usr 0 00:00:00, Sys 0 00:00:00  -  Total Local Usage
	0  -  Run Bytes Sent By Job
	0  -  Run Bytes Received By Job
	0  -  Total Bytes Sent By Job
	0  -  Total Bytes Received By Job
	Partitionable Resources :    Usage  Request Allocated
	   Cpus                 :                 1         1
	   Disk (KB)            :        2        2   7539964
	   Gpus                 :                           0
	   Memory (MB)          :      224        1      4027
...
