000 (15005773.000.000) 08/01 20:50:05 Job submitted from host: <128.83.130.153:51299?addrs=128.83.130.153-51299>
...
001 (15005773.000.000) 08/01 20:50:15 Job executing on host: <128.83.120.75:36144?addrs=128.83.120.75-36144>
...
006 (15005773.000.000) 08/01 20:50:23 Image size of job updated: 1508600
	45  -  MemoryUsage of job (MB)
	45980  -  ResidentSetSize of job (KB)
...
006 (15005773.000.000) 08/01 20:55:23 Image size of job updated: 4294784
	560  -  MemoryUsage of job (MB)
	572480  -  ResidentSetSize of job (KB)
...
006 (15005773.000.000) 08/01 21:00:24 Image size of job updated: 4297900
	608  -  MemoryUsage of job (MB)
	622364  -  ResidentSetSize of job (KB)
...
006 (15005773.000.000) 08/01 21:05:24 Image size of job updated: 4297900
	628  -  MemoryUsage of job (MB)
	642344  -  ResidentSetSize of job (KB)
...
006 (15005773.000.000) 08/01 21:10:24 Image size of job updated: 4297988
	646  -  MemoryUsage of job (MB)
	661276  -  ResidentSetSize of job (KB)
...
006 (15005773.000.000) 08/01 21:15:25 Image size of job updated: 4298120
	658  -  MemoryUsage of job (MB)
	672836  -  ResidentSetSize of job (KB)
...
006 (15005773.000.000) 08/01 21:20:26 Image size of job updated: 4298120
	664  -  MemoryUsage of job (MB)
	679716  -  ResidentSetSize of job (KB)
...
006 (15005773.000.000) 08/01 21:25:26 Image size of job updated: 4364536
	687  -  MemoryUsage of job (MB)
	702612  -  ResidentSetSize of job (KB)
...
006 (15005773.000.000) 08/01 21:30:27 Image size of job updated: 4364856
	698  -  MemoryUsage of job (MB)
	714376  -  ResidentSetSize of job (KB)
...
006 (15005773.000.000) 08/01 21:31:50 Image size of job updated: 4364860
	698  -  MemoryUsage of job (MB)
	714376  -  ResidentSetSize of job (KB)
...
005 (15005773.000.000) 08/01 21:31:50 Job terminated.
	(1) Normal termination (return value 0)
		Usr 0 00:42:24, Sys 0 00:00:49  -  Run Remote Usage
		Usr 0 00:00:00, Sys 0 00:00:00  -  Run Local Usage
		Usr 0 00:42:24, Sys 0 00:00:49  -  Total Remote Usage
		Usr 0 00:00:00, Sys 0 00:00:00  -  Total Local Usage
	0  -  Run Bytes Sent By Job
	0  -  Run Bytes Received By Job
	0  -  Total Bytes Sent By Job
	0  -  Total Bytes Received By Job
	Partitionable Resources :    Usage  Request Allocated
	   Cpus                 :                 1         1
	   Disk (KB)            :        1        1   8862903
	   Gpus                 :                           0
	   Memory (MB)          :      698        1      4028
...
