000 (15005584.000.000) 08/01 18:26:30 Job submitted from host: <128.83.130.153:51299?addrs=128.83.130.153-51299>
...
001 (15005584.000.000) 08/01 18:26:36 Job executing on host: <128.83.130.203:52232?addrs=128.83.130.203-52232>
...
006 (15005584.000.000) 08/01 18:26:36 Image size of job updated: 1
	0  -  MemoryUsage of job (MB)
	0  -  ResidentSetSize of job (KB)
...
005 (15005584.000.000) 08/01 18:26:36 Job terminated.
	(1) Normal termination (return value 126)
		Usr 0 00:00:00, Sys 0 00:00:00  -  Run Remote Usage
		Usr 0 00:00:00, Sys 0 00:00:00  -  Run Local Usage
		Usr 0 00:00:00, Sys 0 00:00:00  -  Total Remote Usage
		Usr 0 00:00:00, Sys 0 00:00:00  -  Total Local Usage
	0  -  Run Bytes Sent By Job
	0  -  Run Bytes Received By Job
	0  -  Total Bytes Sent By Job
	0  -  Total Bytes Received By Job
	Partitionable Resources :    Usage  Request Allocated
	   Cpus                 :                 1         1
	   Disk (KB)            :        1        1    749983
	   Gpus                 :                           0
	   Memory (MB)          :        0        1      4021
...
000 (15005659.000.000) 08/01 18:32:05 Job submitted from host: <128.83.130.153:51299?addrs=128.83.130.153-51299>
...
001 (15005659.000.000) 08/01 18:32:31 Job executing on host: <128.83.130.203:52232?addrs=128.83.130.203-52232>
...
006 (15005659.000.000) 08/01 18:32:40 Image size of job updated: 1
	2  -  MemoryUsage of job (MB)
	1636  -  ResidentSetSize of job (KB)
...
006 (15005659.000.000) 08/01 18:37:41 Image size of job updated: 4787608
	928  -  MemoryUsage of job (MB)
	949768  -  ResidentSetSize of job (KB)
...
006 (15005659.000.000) 08/01 18:42:42 Image size of job updated: 4788352
	1028  -  MemoryUsage of job (MB)
	1052200  -  ResidentSetSize of job (KB)
...
006 (15005659.000.000) 08/01 18:47:42 Image size of job updated: 4788448
	1084  -  MemoryUsage of job (MB)
	1109264  -  ResidentSetSize of job (KB)
...
006 (15005659.000.000) 08/01 18:52:42 Image size of job updated: 4853996
	1141  -  MemoryUsage of job (MB)
	1167364  -  ResidentSetSize of job (KB)
...
006 (15005659.000.000) 08/01 18:57:43 Image size of job updated: 4854044
	1191  -  MemoryUsage of job (MB)
	1218832  -  ResidentSetSize of job (KB)
...
006 (15005659.000.000) 08/01 19:02:43 Image size of job updated: 4854120
	1243  -  MemoryUsage of job (MB)
	1272628  -  ResidentSetSize of job (KB)
...
006 (15005659.000.000) 08/01 19:07:43 Image size of job updated: 4854156
	1279  -  MemoryUsage of job (MB)
	1309340  -  ResidentSetSize of job (KB)
...
006 (15005659.000.000) 08/01 19:12:44 Image size of job updated: 4854528
	1452  -  MemoryUsage of job (MB)
	1486520  -  ResidentSetSize of job (KB)
...
006 (15005659.000.000) 08/01 19:13:39 Image size of job updated: 4985600
	1452  -  MemoryUsage of job (MB)
	1486520  -  ResidentSetSize of job (KB)
...
005 (15005659.000.000) 08/01 19:13:39 Job terminated.
	(1) Normal termination (return value 0)
		Usr 0 00:44:55, Sys 0 00:01:08  -  Run Remote Usage
		Usr 0 00:00:00, Sys 0 00:00:00  -  Run Local Usage
		Usr 0 00:44:55, Sys 0 00:01:08  -  Total Remote Usage
		Usr 0 00:00:00, Sys 0 00:00:00  -  Total Local Usage
	0  -  Run Bytes Sent By Job
	0  -  Run Bytes Received By Job
	0  -  Total Bytes Sent By Job
	0  -  Total Bytes Received By Job
	Partitionable Resources :    Usage  Request Allocated
	   Cpus                 :                 1         1
	   Disk (KB)            :        1        1    749983
	   Gpus                 :                           0
	   Memory (MB)          :     1452        1      4021
...
