[SNIPER] Start
Sampler: 4, 32, 0
itlb_cache: 32, 1
itlb_cache_L1: 32, 1
Sampler: 4, 128, 0
dtlb_cache: 128, 4
dtlb_cache_L1: 128, 4
L1-I 2
Sampler: 4, 4, 128
L1-I: 2048, 64
L1-I_L1: 2048, 64
L1-D 3
Sampler: 4, 8, 32
L1-D: 1024, 32
L1-D_L1: 1024, 32
L2 4
Sampler: 122, 16, 16
L2: 32768, 1024
L2_L1: 32768, 1024
Executing Python script /v/filer4b/v20q001/ypei/Desktop/cs395t-lin/output/low_bandwidth/run_all_hybrid_headroom9/bzip2/16/sim.scripts.py
[STOPBYICOUNT] Starting in ROI (detail)
[STOPBYICOUNT] Then stopping after simulating at least 250000000 instructions in detail
[SNIPER] --------------------------------------------------------------------------------
[SNIPER] Sniper using SIFT/trace-driven frontend
[SNIPER] Running full application in DETAILED mode
[SNIPER] --------------------------------------------------------------------------------
[SNIPER] Enabling performance models
[SNIPER] Setting instrumentation mode to DETAILED
[STOPBYICOUNT] Ending ROI after 250000001 instructions (250000000 requested)
[SNIPER] Disabling performance models
[SNIPER] Leaving ROI after 588.26 seconds
[SNIPER] Simulated 250.0M instructions, 105.8M cycles, 2.36 IPC
[SNIPER] Simulation speed 425.0 KIPS (425.0 KIPS / target core - 2353.1ns/instr)
[SNIPER] Setting instrumentation mode to FAST_FORWARD
Hawkeye Victims: 0
LRU Victims: 0
Hawkeye Victims: 0
LRU Victims: 0
Hawkeye Victims: 0
LRU Victims: 0
a test for execution
[app0] [SIFT_RECORDER] sift_writer.cc:550: Sift::Mode Sift::Writer::Sync(): Assertion `!response->fail()' failed.

[app0] Pin app terminated abnormally due to signal 6.
Inserted: 0
Redundant.progress: 0
Redundant.cache: 0
Redundant.buffer: 0
Hawkeye Victims: 0
LRU Victims: 0
a test for execution

Inserted: 0
Redundant.progress: 0
Redundant.cache: 0
Redundant.buffer: 0
Hawkeye Victims: 0
LRU Victims: 0
 =========================================================== 
Triggers: 2286979
Repeats: 0

Same addr: 1970740 86.1722
New addr: 120 0.0052471

Distribution of new addresses: 
Stream Head: 57 47.5
Stream Divergence: 221486 184572

Invalidation count: 287431 239526
No Conflict count: 66329 55274.2
Same Stream count: 0 0
New Stream count: 0 0

Not found: 311048
On Chip Mispredictions: 0
 =========================================================== 
Distribution of predictions: 
Predict Init: 2263242 98.9621
Total Predictions: 2245007
Predict OCI Miss: 8701 0.384449
Predict Stream End: 18235 0.805703
Buffer Success: 0 0
Stride Distribution: 0, 1471, 0, 1952882, 278760, 28750, 14812, 2944, 4416, 1472, 0, 0, 1472, 0, 0, 0, 0, 0, 0, 0, 0, 0, 0, 0, 0, 0, 0, 0, 0, 0, 0, 0, 0, 0, 0, 0, 0, 0, 0, 0, 0, 0, 0, 0, 0, 0, 0, 0, 0, 0, 0, 0, 0, 0, 0, 0, 0, 0, 0, 0, 0, 0, 0, 0, 0, 0, 33, 0, 0, 0, 0, 0, 45565232, 0, 49, 0, 15, 0, 15, 0, 0, 6644585, 1868787317, 1915577714, 1702195557, 7566451, 113, 0, 5073232, 0, 42238624, 0, 0, 0, 5073232, 0, 42797040, 0, 0, 0, 5073232, 0, 43069360, 0, 0, 0, 5165152, 0, 2712956272, 11016, 0, 11016, 45563536, 0, 49, 0, 6, 0, 6, 0, 0, 0, 1919906931, 29541, 48, 0, 49, 0, 
a test for execution

Inserted: 2244339
Redundant.progress: 16
Redundant.cache: 2220888
Redundant.buffer: 0
[SNIPER] End
[SNIPER] Elapsed time: 591.80 seconds
