000 (515962.000.000) 05/05 17:13:08 Job submitted from host: <128.83.144.149:44250?addrs=128.83.144.149-44250>
...
001 (515962.000.000) 05/05 17:13:29 Job executing on host: <128.83.120.230:37764?addrs=128.83.120.230-37764>
...
006 (515962.000.000) 05/05 17:13:38 Image size of job updated: 763332
	54  -  MemoryUsage of job (MB)
	54480  -  ResidentSetSize of job (KB)
...
006 (515962.000.000) 05/05 17:14:26 Image size of job updated: 765024
	54  -  MemoryUsage of job (MB)
	54480  -  ResidentSetSize of job (KB)
...
004 (515962.000.000) 05/05 17:14:26 Job was evicted.
	(0) Job was not checkpointed.
		Usr 0 00:00:00, Sys 0 00:00:00  -  Run Remote Usage
		Usr 0 00:00:00, Sys 0 00:00:00  -  Run Local Usage
	0  -  Run Bytes Sent By Job
	0  -  Run Bytes Received By Job
	Partitionable Resources :    Usage  Request Allocated
	   Cpus                 :                 1         1
	   Disk (KB)            :        1        1    827449
	   Gpus                 :                           0
	   Memory (MB)          :       54        1     12899
...
009 (515962.000.000) 05/05 17:14:27 Job was aborted by the user.
	via condor_rm (by user ypei)
...
000 (516187.000.000) 05/05 17:14:50 Job submitted from host: <128.83.144.149:44250?addrs=128.83.144.149-44250>
...
001 (516187.000.000) 05/05 17:14:59 Job executing on host: <128.83.120.229:58979?addrs=128.83.120.229-58979>
...
006 (516187.000.000) 05/05 17:15:08 Image size of job updated: 372596
	28  -  MemoryUsage of job (MB)
	28420  -  ResidentSetSize of job (KB)
...
006 (516187.000.000) 05/05 17:18:10 Image size of job updated: 936492
	88  -  MemoryUsage of job (MB)
	89300  -  ResidentSetSize of job (KB)
...
004 (516187.000.000) 05/05 17:18:10 Job was evicted.
	(0) Job was not checkpointed.
		Usr 0 00:00:55, Sys 0 00:00:01  -  Run Remote Usage
		Usr 0 00:00:00, Sys 0 00:00:00  -  Run Local Usage
	0  -  Run Bytes Sent By Job
	0  -  Run Bytes Received By Job
	Partitionable Resources :    Usage  Request Allocated
	   Cpus                 :                 1         1
	   Disk (KB)            :        1        1    828970
	   Gpus                 :                           0
	   Memory (MB)          :       88        1     12899
...
009 (516187.000.000) 05/05 17:18:11 Job was aborted by the user.
	via condor_rm (by user ypei)
...
000 (516394.000.000) 05/05 17:18:21 Job submitted from host: <128.83.144.149:44250?addrs=128.83.144.149-44250>
...
001 (516394.000.000) 05/05 17:18:30 Job executing on host: <128.83.120.250:59851?addrs=128.83.120.250-59851>
...
006 (516394.000.000) 05/05 17:18:39 Image size of job updated: 763492
	52  -  MemoryUsage of job (MB)
	52676  -  ResidentSetSize of job (KB)
...
006 (516394.000.000) 05/05 17:21:19 Image size of job updated: 936492
	52  -  MemoryUsage of job (MB)
	52676  -  ResidentSetSize of job (KB)
...
004 (516394.000.000) 05/05 17:21:19 Job was evicted.
	(0) Job was not checkpointed.
		Usr 0 00:01:14, Sys 0 00:00:01  -  Run Remote Usage
		Usr 0 00:00:00, Sys 0 00:00:00  -  Run Local Usage
	0  -  Run Bytes Sent By Job
	0  -  Run Bytes Received By Job
	Partitionable Resources :    Usage  Request Allocated
	   Cpus                 :                 1         1
	   Disk (KB)            :        1        1    812581
	   Gpus                 :                           0
	   Memory (MB)          :       52        1     12899
...
009 (516394.000.000) 05/05 17:21:20 Job was aborted by the user.
	via condor_rm (by user ypei)
...
000 (517015.000.000) 05/05 17:21:42 Job submitted from host: <128.83.144.149:44250?addrs=128.83.144.149-44250>
...
001 (517015.000.000) 05/05 17:21:52 Job executing on host: <128.83.120.128:51378?addrs=128.83.120.128-51378>
...
006 (517015.000.000) 05/05 17:22:01 Image size of job updated: 764004
	56  -  MemoryUsage of job (MB)
	57272  -  ResidentSetSize of job (KB)
...
006 (517015.000.000) 05/05 17:27:02 Image size of job updated: 936492
	92  -  MemoryUsage of job (MB)
	93312  -  ResidentSetSize of job (KB)
...
006 (517015.000.000) 05/05 17:32:02 Image size of job updated: 936544
	93  -  MemoryUsage of job (MB)
	95176  -  ResidentSetSize of job (KB)
...
006 (517015.000.000) 05/05 17:37:03 Image size of job updated: 936584
	96  -  MemoryUsage of job (MB)
	97384  -  ResidentSetSize of job (KB)
...
006 (517015.000.000) 05/05 17:42:04 Image size of job updated: 936840
	97  -  MemoryUsage of job (MB)
	98440  -  ResidentSetSize of job (KB)
...
006 (517015.000.000) 05/05 17:47:04 Image size of job updated: 936840
	97  -  MemoryUsage of job (MB)
	99024  -  ResidentSetSize of job (KB)
...
006 (517015.000.000) 05/05 17:48:52 Image size of job updated: 936856
	97  -  MemoryUsage of job (MB)
	99024  -  ResidentSetSize of job (KB)
...
005 (517015.000.000) 05/05 17:48:52 Job terminated.
	(1) Normal termination (return value 0)
		Usr 0 00:25:20, Sys 0 00:00:25  -  Run Remote Usage
		Usr 0 00:00:00, Sys 0 00:00:00  -  Run Local Usage
		Usr 0 00:25:20, Sys 0 00:00:25  -  Total Remote Usage
		Usr 0 00:00:00, Sys 0 00:00:00  -  Total Local Usage
	0  -  Run Bytes Sent By Job
	0  -  Run Bytes Received By Job
	0  -  Total Bytes Sent By Job
	0  -  Total Bytes Received By Job
	Partitionable Resources :    Usage  Request Allocated
	   Cpus                 :                 1         1
	   Disk (KB)            :        1        1    812221
	   Gpus                 :                           0
	   Memory (MB)          :       97        1     12899
...
000 (382446.000.000) 05/07 03:39:51 Job submitted from host: <128.83.144.155:57685?addrs=128.83.144.155-57685>
...
001 (382446.000.000) 05/07 04:04:17 Job executing on host: <128.83.139.6:57138?addrs=128.83.139.6-57138>
...
006 (382446.000.000) 05/07 04:04:26 Image size of job updated: 764144
	57  -  MemoryUsage of job (MB)
	57512  -  ResidentSetSize of job (KB)
...
006 (382446.000.000) 05/07 04:09:27 Image size of job updated: 936716
	93  -  MemoryUsage of job (MB)
	94348  -  ResidentSetSize of job (KB)
...
006 (382446.000.000) 05/07 04:14:27 Image size of job updated: 936756
	101  -  MemoryUsage of job (MB)
	102660  -  ResidentSetSize of job (KB)
...
006 (382446.000.000) 05/07 04:19:28 Image size of job updated: 936760
	102  -  MemoryUsage of job (MB)
	103436  -  ResidentSetSize of job (KB)
...
006 (382446.000.000) 05/07 04:23:03 Image size of job updated: 936772
	102  -  MemoryUsage of job (MB)
	103436  -  ResidentSetSize of job (KB)
...
005 (382446.000.000) 05/07 04:23:04 Job terminated.
	(1) Normal termination (return value 0)
		Usr 0 00:18:12, Sys 0 00:00:20  -  Run Remote Usage
		Usr 0 00:00:00, Sys 0 00:00:00  -  Run Local Usage
		Usr 0 00:18:12, Sys 0 00:00:20  -  Total Remote Usage
		Usr 0 00:00:00, Sys 0 00:00:00  -  Total Local Usage
	0  -  Run Bytes Sent By Job
	0  -  Run Bytes Received By Job
	0  -  Total Bytes Sent By Job
	0  -  Total Bytes Received By Job
	Partitionable Resources :    Usage  Request Allocated
	   Cpus                 :                 1         1
	   Disk (KB)            :        1        1   1661813
	   Gpus                 :                           0
	   Memory (MB)          :      102        1     12899
...
000 (518464.000.000) 05/07 13:18:16 Job submitted from host: <128.83.144.149:44250?addrs=128.83.144.149-44250>
...
001 (518464.000.000) 05/07 13:18:52 Job executing on host: <128.83.144.5:44408?addrs=128.83.144.5-44408>
...
006 (518464.000.000) 05/07 13:19:00 Image size of job updated: 764140
	56  -  MemoryUsage of job (MB)
	57296  -  ResidentSetSize of job (KB)
...
006 (518464.000.000) 05/07 13:23:39 Image size of job updated: 936660
	91  -  MemoryUsage of job (MB)
	92612  -  ResidentSetSize of job (KB)
...
004 (518464.000.000) 05/07 13:23:39 Job was evicted.
	(0) Job was not checkpointed.
		Usr 0 00:03:32, Sys 0 00:00:06  -  Run Remote Usage
		Usr 0 00:00:00, Sys 0 00:00:00  -  Run Local Usage
	0  -  Run Bytes Sent By Job
	0  -  Run Bytes Received By Job
	Partitionable Resources :    Usage  Request Allocated
	   Cpus                 :                 1         1
	   Disk (KB)            :        1        1    790323
	   Gpus                 :                           0
	   Memory (MB)          :       91        1     12899
...
009 (518464.000.000) 05/07 13:23:39 Job was aborted by the user.
	via condor_rm (by user ypei)
...
000 (518671.000.000) 05/07 13:23:46 Job submitted from host: <128.83.144.149:44250?addrs=128.83.144.149-44250>
...
001 (518671.000.000) 05/07 13:23:54 Job executing on host: <128.83.139.149:35296?addrs=128.83.139.149-35296>
...
006 (518671.000.000) 05/07 13:24:02 Image size of job updated: 340324
	21  -  MemoryUsage of job (MB)
	20768  -  ResidentSetSize of job (KB)
...
006 (518671.000.000) 05/07 13:29:02 Image size of job updated: 936524
	95  -  MemoryUsage of job (MB)
	96276  -  ResidentSetSize of job (KB)
...
006 (518671.000.000) 05/07 13:34:02 Image size of job updated: 936564
	98  -  MemoryUsage of job (MB)
	99896  -  ResidentSetSize of job (KB)
...
006 (518671.000.000) 05/07 13:39:04 Image size of job updated: 936564
	99  -  MemoryUsage of job (MB)
	100660  -  ResidentSetSize of job (KB)
...
006 (518671.000.000) 05/07 13:40:41 Image size of job updated: 936580
	99  -  MemoryUsage of job (MB)
	100660  -  ResidentSetSize of job (KB)
...
005 (518671.000.000) 05/07 13:40:41 Job terminated.
	(1) Normal termination (return value 0)
		Usr 0 00:15:22, Sys 0 00:00:10  -  Run Remote Usage
		Usr 0 00:00:00, Sys 0 00:00:00  -  Run Local Usage
		Usr 0 00:15:22, Sys 0 00:00:10  -  Total Remote Usage
		Usr 0 00:00:00, Sys 0 00:00:00  -  Total Local Usage
	0  -  Run Bytes Sent By Job
	0  -  Run Bytes Received By Job
	0  -  Total Bytes Sent By Job
	0  -  Total Bytes Received By Job
	Partitionable Resources :    Usage  Request Allocated
	   Cpus                 :                 1         1
	   Disk (KB)            :        1        1   7530434
	   Gpus                 :                           0
	   Memory (MB)          :       99        1      4027
...
000 (519085.000.000) 05/07 14:36:26 Job submitted from host: <128.83.144.149:44250?addrs=128.83.144.149-44250>
...
001 (519085.000.000) 05/07 14:36:37 Job executing on host: <128.83.130.161:35317?addrs=128.83.130.161-35317>
...
006 (519085.000.000) 05/07 14:36:46 Image size of job updated: 764004
	58  -  MemoryUsage of job (MB)
	59316  -  ResidentSetSize of job (KB)
...
006 (519085.000.000) 05/07 14:41:47 Image size of job updated: 936524
	95  -  MemoryUsage of job (MB)
	96812  -  ResidentSetSize of job (KB)
...
006 (519085.000.000) 05/07 14:46:47 Image size of job updated: 936820
	98  -  MemoryUsage of job (MB)
	100020  -  ResidentSetSize of job (KB)
...
006 (519085.000.000) 05/07 14:51:47 Image size of job updated: 936836
	100  -  MemoryUsage of job (MB)
	101624  -  ResidentSetSize of job (KB)
...
005 (519085.000.000) 05/07 14:51:48 Job terminated.
	(1) Normal termination (return value 0)
		Usr 0 00:14:16, Sys 0 00:00:07  -  Run Remote Usage
		Usr 0 00:00:00, Sys 0 00:00:00  -  Run Local Usage
		Usr 0 00:14:16, Sys 0 00:00:07  -  Total Remote Usage
		Usr 0 00:00:00, Sys 0 00:00:00  -  Total Local Usage
	0  -  Run Bytes Sent By Job
	0  -  Run Bytes Received By Job
	0  -  Total Bytes Sent By Job
	0  -  Total Bytes Received By Job
	Partitionable Resources :    Usage  Request Allocated
	   Cpus                 :                 1         1
	   Disk (KB)            :        1        1   1909593
	   Gpus                 :                           0
	   Memory (MB)          :      100        1     21164
...
000 (382860.000.000) 05/07 20:16:57 Job submitted from host: <128.83.144.155:57685?addrs=128.83.144.155-57685>
...
001 (382860.000.000) 05/07 20:36:20 Job executing on host: <128.83.144.9:40986?addrs=128.83.144.9-40986>
...
006 (382860.000.000) 05/07 20:36:29 Image size of job updated: 934592
	86  -  MemoryUsage of job (MB)
	87348  -  ResidentSetSize of job (KB)
...
006 (382860.000.000) 05/07 20:41:30 Image size of job updated: 936580
	97  -  MemoryUsage of job (MB)
	98428  -  ResidentSetSize of job (KB)
...
006 (382860.000.000) 05/07 20:46:30 Image size of job updated: 936620
	100  -  MemoryUsage of job (MB)
	101496  -  ResidentSetSize of job (KB)
...
006 (382860.000.000) 05/07 20:50:31 Image size of job updated: 936636
	100  -  MemoryUsage of job (MB)
	101496  -  ResidentSetSize of job (KB)
...
005 (382860.000.000) 05/07 20:50:31 Job terminated.
	(1) Normal termination (return value 0)
		Usr 0 00:14:01, Sys 0 00:00:03  -  Run Remote Usage
		Usr 0 00:00:00, Sys 0 00:00:00  -  Run Local Usage
		Usr 0 00:14:01, Sys 0 00:00:03  -  Total Remote Usage
		Usr 0 00:00:00, Sys 0 00:00:00  -  Total Local Usage
	0  -  Run Bytes Sent By Job
	0  -  Run Bytes Received By Job
	0  -  Total Bytes Sent By Job
	0  -  Total Bytes Received By Job
	Partitionable Resources :    Usage  Request Allocated
	   Cpus                 :                 1         1
	   Disk (KB)            :        1        1  70340529
	   Gpus                 :                           0
	   Memory (MB)          :      100        1      4028
...
000 (384102.000.000) 05/08 05:52:59 Job submitted from host: <128.83.144.155:57685?addrs=128.83.144.155-57685>
...
001 (384102.000.000) 05/08 06:14:30 Job executing on host: <128.83.144.131:50598?addrs=128.83.144.131-50598>
...
006 (384102.000.000) 05/08 06:14:39 Image size of job updated: 933656
	77  -  MemoryUsage of job (MB)
	78164  -  ResidentSetSize of job (KB)
...
006 (384102.000.000) 05/08 06:19:40 Image size of job updated: 936720
	98  -  MemoryUsage of job (MB)
	99808  -  ResidentSetSize of job (KB)
...
006 (384102.000.000) 05/08 06:24:40 Image size of job updated: 936760
	101  -  MemoryUsage of job (MB)
	102876  -  ResidentSetSize of job (KB)
...
006 (384102.000.000) 05/08 06:28:20 Image size of job updated: 936776
	101  -  MemoryUsage of job (MB)
	102876  -  ResidentSetSize of job (KB)
...
005 (384102.000.000) 05/08 06:28:20 Job terminated.
	(1) Normal termination (return value 0)
		Usr 0 00:13:21, Sys 0 00:00:03  -  Run Remote Usage
		Usr 0 00:00:00, Sys 0 00:00:00  -  Run Local Usage
		Usr 0 00:13:21, Sys 0 00:00:03  -  Total Remote Usage
		Usr 0 00:00:00, Sys 0 00:00:00  -  Total Local Usage
	0  -  Run Bytes Sent By Job
	0  -  Run Bytes Received By Job
	0  -  Total Bytes Sent By Job
	0  -  Total Bytes Received By Job
	Partitionable Resources :    Usage  Request Allocated
	   Cpus                 :                 1         1
	   Disk (KB)            :        1        1   2204417
	   Gpus                 :                           0
	   Memory (MB)          :      101        1      4028
...
000 (417495.000.000) 05/09 03:37:24 Job submitted from host: <128.83.144.154:52346?addrs=128.83.144.154-52346>
...
001 (417495.000.000) 05/09 03:57:52 Job executing on host: <128.83.139.146:44201?addrs=128.83.139.146-44201>
...
006 (417495.000.000) 05/09 03:58:01 Image size of job updated: 935532
	84  -  MemoryUsage of job (MB)
	85480  -  ResidentSetSize of job (KB)
...
006 (417495.000.000) 05/09 04:03:02 Image size of job updated: 936568
	96  -  MemoryUsage of job (MB)
	97460  -  ResidentSetSize of job (KB)
...
005 (417495.000.000) 05/09 04:07:45 Job terminated.
	(1) Normal termination (return value 0)
		Usr 0 00:09:31, Sys 0 00:00:04  -  Run Remote Usage
		Usr 0 00:00:00, Sys 0 00:00:00  -  Run Local Usage
		Usr 0 00:09:31, Sys 0 00:00:04  -  Total Remote Usage
		Usr 0 00:00:00, Sys 0 00:00:00  -  Total Local Usage
	0  -  Run Bytes Sent By Job
	0  -  Run Bytes Received By Job
	0  -  Total Bytes Sent By Job
	0  -  Total Bytes Received By Job
	Partitionable Resources :    Usage  Request Allocated
	   Cpus                 :                 1         1
	   Disk (KB)            :        2        2   7541864
	   Gpus                 :                           0
	   Memory (MB)          :       96        1      4027
...
