000 (515914.000.000) 05/05 17:12:17 Job submitted from host: <128.83.144.149:44250?addrs=128.83.144.149-44250>
...
001 (515914.000.000) 05/05 17:12:28 Job executing on host: <128.83.130.161:35317?addrs=128.83.130.161-35317>
...
006 (515914.000.000) 05/05 17:12:36 Image size of job updated: 1090180
	54  -  MemoryUsage of job (MB)
	55204  -  ResidentSetSize of job (KB)
...
006 (515914.000.000) 05/05 17:12:50 Image size of job updated: 1095316
	54  -  MemoryUsage of job (MB)
	55204  -  ResidentSetSize of job (KB)
...
004 (515914.000.000) 05/05 17:12:50 Job was evicted.
	(0) Job was not checkpointed.
		Usr 0 00:00:00, Sys 0 00:00:00  -  Run Remote Usage
		Usr 0 00:00:00, Sys 0 00:00:00  -  Run Local Usage
	0  -  Run Bytes Sent By Job
	0  -  Run Bytes Received By Job
	Partitionable Resources :    Usage  Request Allocated
	   Cpus                 :                 1         1
	   Disk (KB)            :        1        1   1888652
	   Gpus                 :                           0
	   Memory (MB)          :       54        1     21164
...
009 (515914.000.000) 05/05 17:12:51 Job was aborted by the user.
	via condor_rm (by user ypei)
...
000 (515944.000.000) 05/05 17:13:06 Job submitted from host: <128.83.144.149:44250?addrs=128.83.144.149-44250>
...
001 (515944.000.000) 05/05 17:13:29 Job executing on host: <128.83.130.161:35317?addrs=128.83.130.161-35317>
...
006 (515944.000.000) 05/05 17:13:37 Image size of job updated: 1089668
	52  -  MemoryUsage of job (MB)
	52688  -  ResidentSetSize of job (KB)
...
006 (515944.000.000) 05/05 17:14:27 Image size of job updated: 1090180
	52  -  MemoryUsage of job (MB)
	52688  -  ResidentSetSize of job (KB)
...
004 (515944.000.000) 05/05 17:14:27 Job was evicted.
	(0) Job was not checkpointed.
		Usr 0 00:00:00, Sys 0 00:00:00  -  Run Remote Usage
		Usr 0 00:00:00, Sys 0 00:00:00  -  Run Local Usage
	0  -  Run Bytes Sent By Job
	0  -  Run Bytes Received By Job
	Partitionable Resources :    Usage  Request Allocated
	   Cpus                 :                 1         1
	   Disk (KB)            :        1        1   1888652
	   Gpus                 :                           0
	   Memory (MB)          :       52        1     21164
...
009 (515944.000.000) 05/05 17:14:27 Job was aborted by the user.
	via condor_rm (by user ypei)
...
000 (516169.000.000) 05/05 17:14:49 Job submitted from host: <128.83.144.149:44250?addrs=128.83.144.149-44250>
...
001 (516169.000.000) 05/05 17:14:59 Job executing on host: <128.83.120.128:51378?addrs=128.83.120.128-51378>
...
006 (516169.000.000) 05/05 17:15:07 Image size of job updated: 1089532
	56  -  MemoryUsage of job (MB)
	56752  -  ResidentSetSize of job (KB)
...
006 (516169.000.000) 05/05 17:18:12 Image size of job updated: 1261312
	244  -  MemoryUsage of job (MB)
	249136  -  ResidentSetSize of job (KB)
...
004 (516169.000.000) 05/05 17:18:12 Job was evicted.
	(0) Job was not checkpointed.
		Usr 0 00:00:58, Sys 0 00:00:01  -  Run Remote Usage
		Usr 0 00:00:00, Sys 0 00:00:00  -  Run Local Usage
	0  -  Run Bytes Sent By Job
	0  -  Run Bytes Received By Job
	Partitionable Resources :    Usage  Request Allocated
	   Cpus                 :                 1         1
	   Disk (KB)            :        1        1    812215
	   Gpus                 :                           0
	   Memory (MB)          :      244        1     12899
...
009 (516169.000.000) 05/05 17:18:12 Job was aborted by the user.
	via condor_rm (by user ypei)
...
000 (516376.000.000) 05/05 17:18:19 Job submitted from host: <128.83.144.149:44250?addrs=128.83.144.149-44250>
...
001 (516376.000.000) 05/05 17:18:30 Job executing on host: <128.83.120.230:37764?addrs=128.83.120.230-37764>
...
006 (516376.000.000) 05/05 17:18:39 Image size of job updated: 1089668
	54  -  MemoryUsage of job (MB)
	54928  -  ResidentSetSize of job (KB)
...
010 (516376.000.000) 05/05 17:20:56 Job was suspended.
	Number of processes actually suspended: 8
...
006 (516376.000.000) 05/05 17:20:56 Image size of job updated: 1261452
	240  -  MemoryUsage of job (MB)
	245448  -  ResidentSetSize of job (KB)
...
011 (516376.000.000) 05/05 17:21:11 Job was unsuspended.
...
004 (516376.000.000) 05/05 17:21:21 Job was evicted.
	(0) Job was not checkpointed.
		Usr 0 00:01:03, Sys 0 00:00:00  -  Run Remote Usage
		Usr 0 00:00:00, Sys 0 00:00:00  -  Run Local Usage
	0  -  Run Bytes Sent By Job
	0  -  Run Bytes Received By Job
	Partitionable Resources :    Usage  Request Allocated
	   Cpus                 :                 1         1
	   Disk (KB)            :        1        1    827436
	   Gpus                 :                           0
	   Memory (MB)          :      240        1     12899
...
009 (516376.000.000) 05/05 17:21:21 Job was aborted by the user.
	via condor_rm (by user ypei)
...
000 (516997.000.000) 05/05 17:21:41 Job submitted from host: <128.83.144.149:44250?addrs=128.83.144.149-44250>
...
001 (516997.000.000) 05/05 17:21:51 Job executing on host: <128.83.120.230:37764?addrs=128.83.120.230-37764>
...
006 (516997.000.000) 05/05 17:22:00 Image size of job updated: 1090044
	54  -  MemoryUsage of job (MB)
	55268  -  ResidentSetSize of job (KB)
...
006 (516997.000.000) 05/05 17:27:01 Image size of job updated: 1261692
	271  -  MemoryUsage of job (MB)
	276740  -  ResidentSetSize of job (KB)
...
006 (516997.000.000) 05/05 17:32:02 Image size of job updated: 1261692
	279  -  MemoryUsage of job (MB)
	285544  -  ResidentSetSize of job (KB)
...
006 (516997.000.000) 05/05 17:37:02 Image size of job updated: 1261692
	285  -  MemoryUsage of job (MB)
	291492  -  ResidentSetSize of job (KB)
...
006 (516997.000.000) 05/05 17:42:03 Image size of job updated: 1327228
	290  -  MemoryUsage of job (MB)
	296056  -  ResidentSetSize of job (KB)
...
006 (516997.000.000) 05/05 17:47:04 Image size of job updated: 1327228
	293  -  MemoryUsage of job (MB)
	299464  -  ResidentSetSize of job (KB)
...
005 (516997.000.000) 05/05 17:50:21 Job terminated.
	(1) Normal termination (return value 0)
		Usr 0 00:26:51, Sys 0 00:00:18  -  Run Remote Usage
		Usr 0 00:00:00, Sys 0 00:00:00  -  Run Local Usage
		Usr 0 00:26:51, Sys 0 00:00:18  -  Total Remote Usage
		Usr 0 00:00:00, Sys 0 00:00:00  -  Total Local Usage
	0  -  Run Bytes Sent By Job
	0  -  Run Bytes Received By Job
	0  -  Total Bytes Sent By Job
	0  -  Total Bytes Received By Job
	Partitionable Resources :    Usage  Request Allocated
	   Cpus                 :                 1         1
	   Disk (KB)            :        1        1    827436
	   Gpus                 :                           0
	   Memory (MB)          :      293        1     12899
...
000 (518032.000.000) 05/06 21:33:01 Job submitted from host: <128.83.144.149:44250?addrs=128.83.144.149-44250>
...
001 (518032.000.000) 05/06 21:33:11 Job executing on host: <128.83.120.128:51378?addrs=128.83.120.128-51378>
...
006 (518032.000.000) 05/06 21:33:19 Image size of job updated: 1090180
	56  -  MemoryUsage of job (MB)
	57292  -  ResidentSetSize of job (KB)
...
006 (518032.000.000) 05/06 21:33:45 Image size of job updated: 1095064
	56  -  MemoryUsage of job (MB)
	57292  -  ResidentSetSize of job (KB)
...
004 (518032.000.000) 05/06 21:33:45 Job was evicted.
	(0) Job was not checkpointed.
		Usr 0 00:00:00, Sys 0 00:00:00  -  Run Remote Usage
		Usr 0 00:00:00, Sys 0 00:00:00  -  Run Local Usage
	0  -  Run Bytes Sent By Job
	0  -  Run Bytes Received By Job
	Partitionable Resources :    Usage  Request Allocated
	   Cpus                 :                 1         1
	   Disk (KB)            :        1        1    803076
	   Gpus                 :                           0
	   Memory (MB)          :       56        1     12899
...
009 (518032.000.000) 05/06 21:33:46 Job was aborted by the user.
	via condor_rm (by user ypei)
...
000 (518239.000.000) 05/06 21:34:08 Job submitted from host: <128.83.144.149:44250?addrs=128.83.144.149-44250>
...
001 (518239.000.000) 05/06 21:34:17 Job executing on host: <128.83.139.15:46714?addrs=128.83.139.15-46714>
...
006 (518239.000.000) 05/06 21:34:26 Image size of job updated: 1091728
	58  -  MemoryUsage of job (MB)
	58876  -  ResidentSetSize of job (KB)
...
006 (518239.000.000) 05/06 21:39:27 Image size of job updated: 1261604
	270  -  MemoryUsage of job (MB)
	275592  -  ResidentSetSize of job (KB)
...
006 (518239.000.000) 05/06 21:44:27 Image size of job updated: 1261604
	276  -  MemoryUsage of job (MB)
	282508  -  ResidentSetSize of job (KB)
...
006 (518239.000.000) 05/06 21:49:27 Image size of job updated: 1261604
	281  -  MemoryUsage of job (MB)
	287068  -  ResidentSetSize of job (KB)
...
006 (518239.000.000) 05/06 21:54:29 Image size of job updated: 1261860
	287  -  MemoryUsage of job (MB)
	293000  -  ResidentSetSize of job (KB)
...
006 (518239.000.000) 05/06 21:59:29 Image size of job updated: 1327396
	291  -  MemoryUsage of job (MB)
	297456  -  ResidentSetSize of job (KB)
...
006 (518239.000.000) 05/06 22:04:29 Image size of job updated: 1327396
	295  -  MemoryUsage of job (MB)
	301456  -  ResidentSetSize of job (KB)
...
005 (518239.000.000) 05/06 22:08:31 Job terminated.
	(1) Normal termination (return value 0)
		Usr 0 00:32:50, Sys 0 00:00:28  -  Run Remote Usage
		Usr 0 00:00:00, Sys 0 00:00:00  -  Run Local Usage
		Usr 0 00:32:50, Sys 0 00:00:28  -  Total Remote Usage
		Usr 0 00:00:00, Sys 0 00:00:00  -  Total Local Usage
	0  -  Run Bytes Sent By Job
	0  -  Run Bytes Received By Job
	0  -  Total Bytes Sent By Job
	0  -  Total Bytes Received By Job
	Partitionable Resources :    Usage  Request Allocated
	   Cpus                 :                 1         1
	   Disk (KB)            :        1        1   1672476
	   Gpus                 :                           0
	   Memory (MB)          :      295        1     12899
...
000 (381807.000.000) 05/07 00:29:00 Job submitted from host: <128.83.144.155:57685?addrs=128.83.144.155-57685>
...
001 (381807.000.000) 05/07 00:29:19 Job executing on host: <128.83.144.147:58788?addrs=128.83.144.147-58788>
...
006 (381807.000.000) 05/07 00:29:27 Image size of job updated: 1
	2  -  MemoryUsage of job (MB)
	1636  -  ResidentSetSize of job (KB)
...
006 (381807.000.000) 05/07 00:34:27 Image size of job updated: 1261508
	259  -  MemoryUsage of job (MB)
	264624  -  ResidentSetSize of job (KB)
...
006 (381807.000.000) 05/07 00:39:28 Image size of job updated: 1261512
	262  -  MemoryUsage of job (MB)
	267844  -  ResidentSetSize of job (KB)
...
006 (381807.000.000) 05/07 00:44:29 Image size of job updated: 1261512
	263  -  MemoryUsage of job (MB)
	269068  -  ResidentSetSize of job (KB)
...
006 (381807.000.000) 05/07 00:49:29 Image size of job updated: 1261512
	264  -  MemoryUsage of job (MB)
	269744  -  ResidentSetSize of job (KB)
...
006 (381807.000.000) 05/07 00:54:29 Image size of job updated: 1261512
	264  -  MemoryUsage of job (MB)
	270220  -  ResidentSetSize of job (KB)
...
006 (381807.000.000) 05/07 00:59:31 Image size of job updated: 1261512
	265  -  MemoryUsage of job (MB)
	270660  -  ResidentSetSize of job (KB)
...
006 (381807.000.000) 05/07 01:04:31 Image size of job updated: 1261512
	265  -  MemoryUsage of job (MB)
	271148  -  ResidentSetSize of job (KB)
...
005 (381807.000.000) 05/07 01:05:45 Job terminated.
	(1) Normal termination (return value 0)
		Usr 0 00:34:31, Sys 0 00:00:47  -  Run Remote Usage
		Usr 0 00:00:00, Sys 0 00:00:00  -  Run Local Usage
		Usr 0 00:34:31, Sys 0 00:00:47  -  Total Remote Usage
		Usr 0 00:00:00, Sys 0 00:00:00  -  Total Local Usage
	0  -  Run Bytes Sent By Job
	0  -  Run Bytes Received By Job
	0  -  Total Bytes Sent By Job
	0  -  Total Bytes Received By Job
	Partitionable Resources :    Usage  Request Allocated
	   Cpus                 :                 1         1
	   Disk (KB)            :        1        1   1862089
	   Gpus                 :                           0
	   Memory (MB)          :      265        1     21164
...
