[SNIPER] Start
Sampler: 4, 32, 0
itlb_cache: 32, 1
itlb_cache_L1: 32, 1
Sampler: 4, 128, 0
dtlb_cache: 128, 4
dtlb_cache_L1: 128, 4
L1-I 2
Sampler: 4, 4, 128
L1-I: 2048, 64
L1-I_L1: 2048, 64
L1-D 3
Sampler: 4, 8, 32
L1-D: 1024, 32
L1-D_L1: 1024, 32
L2 4
Sampler: 122, 16, 16
L2: 32768, 1024
L2_L1: 32768, 1024
Executing Python script /v/filer4b/v20q001/ypei/Desktop/cs395t-lin/output/run_all_hybrid_headroom2/astar/17/sim.scripts.py
[STOPBYICOUNT] Starting in ROI (detail)
[STOPBYICOUNT] Then stopping after simulating at least 250000000 instructions in detail
[SNIPER] --------------------------------------------------------------------------------
[SNIPER] Sniper using SIFT/trace-driven frontend
[SNIPER] Running full application in DETAILED mode
[SNIPER] --------------------------------------------------------------------------------
[SNIPER] Enabling performance models
[SNIPER] Setting instrumentation mode to DETAILED
[STOPBYICOUNT] Ending ROI after 250000006 instructions (250000000 requested)
[SNIPER] Disabling performance models
[SNIPER] Leaving ROI after 2120.19 seconds
[SNIPER] Simulated 250.0M instructions, 1138.0M cycles, 0.22 IPC
[SNIPER] Simulation speed 117.9 KIPS (117.9 KIPS / target core - 8480.6ns/instr)
[SNIPER] Setting instrumentation mode to FAST_FORWARD
[app0] [SIFT_RECORDER] sift_writer.cc:550: Sift::Mode Sift::Writer::Sync(): Assertion `!response->fail()' failed.
[app0] Pin app terminated abnormally due to signal 6.
Hawkeye Victims: 0
LRU Victims: 0
Hawkeye Victims: 0
LRU Victims: 0
Hawkeye Victims: 0
LRU Victims: 0
a test for execution

Inserted: 0
Redundant.progress: 0
Redundant.cache: 0
Redundant.buffer: 0
Hawkeye Victims: 0
LRU Victims: 0
a test for execution

Inserted: 0
Redundant.progress: 0
Redundant.cache: 0
Redundant.buffer: 0
Hawkeye Victims: 0
LRU Victims: 0
 =========================================================== 
Triggers: 8409342
Repeats: 0

Same addr: 3412723 40.5825
New addr: 319 0.0037934

Distribution of new addresses: 
Stream Head: 255 79.9373
Stream Divergence: 4791453 1.50202e+06

Invalidation count: 4861701 1.52404e+06
No Conflict count: 70876 22218.2
Same Stream count: 0 0
New Stream count: 0 0

Not found: 4993671
On Chip Mispredictions: 0
 =========================================================== 
Distribution of predictions: 
Predict Init: 8277053 98.4269
Total Predictions: 8237768
Predict OCI Miss: 9293 0.112274
Predict Stream End: 39285 0.474625
Buffer Success: 0 0
Stride Distribution: 0, 5075823, 577714, 312800, 166934, 128800, 93794, 92000, 87400, 861755, 75486, 37582, 42182, 55982, 16008, 45356, 53130, 0, 28704, 0, 29026, 0, 0, 0, 40158, 0, 0, 0, 0, 0, 26312, 0, 47288, 0, 0, 0, 36478, 0, 0, 0, 30452, 0, 0, 0, 0, 0, 0, 0, 0, 0, 0, 0, 0, 0, 0, 0, 0, 0, 0, 0, 0, 0, 0, 0, 0, 0, 33, 0, 0, 0, 0, 0, 22770832, 0, 49, 0, 15, 0, 15, 0, 0, 6644585, 1868787317, 1915577714, 1702195557, 7566451, 113, 0, 5073232, 0, 19444192, 0, 0, 0, 5073232, 0, 20002608, 0, 0, 0, 5073232, 0, 20274960, 0, 0, 0, 5165152, 0, 2137320816, 11021, 0, 11021, 22769136, 0, 49, 0, 6, 0, 6, 0, 0, 0, 1919906931, 29541, 48, 0, 49, 0, 
a test for execution

Inserted: 11105185
Redundant.progress: 86922
Redundant.cache: 6596497
Redundant.buffer: 0
[SNIPER] End
[SNIPER] Elapsed time: 2184.72 seconds
