000 (516069.000.000) 05/05 17:13:17 Job submitted from host: <128.83.144.149:44250?addrs=128.83.144.149-44250>
...
001 (516069.000.000) 05/05 17:13:33 Job executing on host: <128.83.144.13:57145?addrs=128.83.144.13-57145>
...
006 (516069.000.000) 05/05 17:13:41 Image size of job updated: 922512
	54  -  MemoryUsage of job (MB)
	54460  -  ResidentSetSize of job (KB)
...
006 (516069.000.000) 05/05 17:14:26 Image size of job updated: 923632
	54  -  MemoryUsage of job (MB)
	54792  -  ResidentSetSize of job (KB)
...
004 (516069.000.000) 05/05 17:14:26 Job was evicted.
	(0) Job was not checkpointed.
		Usr 0 00:00:00, Sys 0 00:00:00  -  Run Remote Usage
		Usr 0 00:00:00, Sys 0 00:00:00  -  Run Local Usage
	0  -  Run Bytes Sent By Job
	0  -  Run Bytes Received By Job
	Partitionable Resources :    Usage  Request Allocated
	   Cpus                 :                 1         1
	   Disk (KB)            :        1        1    824403
	   Gpus                 :                           0
	   Memory (MB)          :       54        1     12899
...
009 (516069.000.000) 05/05 17:14:26 Job was aborted by the user.
	via condor_rm (by user ypei)
...
