[SNIPER] Start
Sampler: 4, 32, 0
itlb_cache: 32, 1
itlb_cache_L1: 32, 1
Sampler: 4, 128, 0
dtlb_cache: 128, 4
dtlb_cache_L1: 128, 4
L1-I 2
Sampler: 4, 4, 128
L1-I: 2048, 64
L1-I_L1: 2048, 64
L1-D 3
Sampler: 4, 8, 32
L1-D: 1024, 32
L1-D_L1: 1024, 32
L2 4
Sampler: 122, 16, 16
L2: 32768, 1024
L2_L1: 32768, 1024
Executing Python script /v/filer4b/v20q001/ypei/Desktop/cs395t-lin/output/run_all_hybrid_headroom2/sphinx3/14/sim.scripts.py
[STOPBYICOUNT] Starting in ROI (detail)
[STOPBYICOUNT] Then stopping after simulating at least 250000000 instructions in detail
[SNIPER] --------------------------------------------------------------------------------
[SNIPER] Sniper using SIFT/trace-driven frontend
[SNIPER] Running full application in DETAILED mode
[SNIPER] --------------------------------------------------------------------------------
[SNIPER] Enabling performance models
[SNIPER] Setting instrumentation mode to DETAILED
[STOPBYICOUNT] Ending ROI after 250000010 instructions (250000000 requested)
[SNIPER] Disabling performance models
[SNIPER] Leaving ROI after 996.41 seconds
[SNIPER] Simulated 250.0M instructions, 220.3M cycles, 1.13 IPC
[SNIPER] Simulation speed 250.9 KIPS (250.9 KIPS / target core - 3985.7ns/instr)
[SNIPER] Setting instrumentation mode to FAST_FORWARD
[app0] [SIFT_RECORDER] sift_writer.cc:550: Sift::Mode Sift::Writer::Sync(): Assertion `!response->fail()' failed.
[app0] Pin app terminated abnormally due to signal 6.
Hawkeye Victims: 0
LRU Victims: 0
Hawkeye Victims: 0
LRU Victims: 0
Hawkeye Victims: 0
LRU Victims: 0
a test for execution

Inserted: 0
Redundant.progress: 0
Redundant.cache: 0
Redundant.buffer: 0
Hawkeye Victims: 0
LRU Victims: 0
a test for execution

Inserted: 0
Redundant.progress: 0
Redundant.cache: 0
Redundant.buffer: 0
Hawkeye Victims: 0
LRU Victims: 0
 =========================================================== 
Triggers: 3691039
Repeats: 0

Same addr: 2886843 78.2122
New addr: 761 0.0206175

Distribution of new addresses: 
Stream Head: 516 67.8055
Stream Divergence: 463360 60888.3

Invalidation count: 641547 84303.2
No Conflict count: 179220 23550.6
Same Stream count: 0 0
New Stream count: 0 0

Not found: 796807
On Chip Mispredictions: 0
 =========================================================== 
Distribution of predictions: 
Predict Init: 3535018 95.773
Total Predictions: 3508327
Predict OCI Miss: 12878 0.364298
Predict Stream End: 26691 0.755046
Buffer Success: 0 0
Stride Distribution: 0, 10395, 7590, 7866, 96922, 1320982, 635996, 478354, 321816, 216936, 188048, 92368, 102810, 71208, 43194, 15778, 26910, 0, 12834, 0, 5428, 0, 0, 0, 7912, 0, 0, 0, 0, 0, 3726, 0, 6072, 0, 0, 0, 5566, 0, 0, 0, 3450, 0, 0, 0, 0, 0, 0, 0, 0, 0, 0, 0, 0, 0, 0, 0, 0, 0, 0, 0, 0, 0, 0, 0, 0, 0, 33, 0, 0, 0, 0, 0, 22721696, 0, 49, 0, 15, 0, 15, 0, 0, 6644585, 1868787317, 1915577714, 1702195557, 7566451, 113, 0, 5073232, 0, 19395056, 0, 0, 0, 5073232, 0, 19953472, 0, 0, 0, 5073232, 0, 20225824, 0, 0, 0, 5165152, 0, 1601473904, 10933, 0, 10933, 22720000, 0, 49, 0, 6, 0, 6, 0, 0, 0, 1919906931, 29541, 48, 0, 49, 0, 
a test for execution

Inserted: 6167289
Redundant.progress: 35005
Redundant.cache: 2965388
Redundant.buffer: 0
[SNIPER] End
[SNIPER] Elapsed time: 1002.62 seconds
