[SNIPER] Start
Sampler: 4, 4, 32
stlb_cache: 512, 16
stlb_cache_L1: 512, 16
Sampler: 4, 32, 0
itlb_cache: 32, 1
itlb_cache_L1: 32, 1
Sampler: 4, 128, 0
dtlb_cache: 128, 4
dtlb_cache_L1: 128, 4
num_memory_controller = 1
L1-I 2
Sampler: 4, 4, 128
L1-I: 2048, 64
L1-I_L1: 2048, 64
Creating prefetcher object 0 0
Creating prefetcher object 1 0
Creating prefetcher object 2 0
Creating prefetcher object 3 0
L1-D 3
Sampler: 4, 8, 20
L1-D: 400, 20
L1-D_L1: 400, 20
Creating prefetcher object 0 0
Creating prefetcher object 1 0
Creating prefetcher object 2 0
Creating prefetcher object 3 0
L2 4
Sampler: 25f, 10, d
L2: 20000, 1000
L2_L1: 20000, 1000
EimanPrefetcher2 running
Creating prefetcher object 0 0x2cc8ee0
EimanPrefetcher2 running
Creating prefetcher object 1 0x2dcb7e0
EimanPrefetcher2 running
Creating prefetcher object 2 0x2ece120
EimanPrefetcher2 running
Creating prefetcher object 3 0x2fd0a60
Sampler: 4, 4, 20
stlb_cache: 200, 10
stlb_cache_L1: 200, 10
Sampler: 4, 20, 0
itlb_cache: 20, 1
itlb_cache_L1: 20, 1
Sampler: 4, 80, 0
dtlb_cache: 80, 4
dtlb_cache_L1: 80, 4
num_memory_controller = 1
L1-I 2
Sampler: 4, 4, 80
L1-I: 800, 40
L1-I_L1: 800, 40
Creating prefetcher object 0 0
Creating prefetcher object 1 0
Creating prefetcher object 2 0
Creating prefetcher object 3 0
L1-D 3
Sampler: 4, 8, 20
L1-D: 400, 20
L1-D_L1: 400, 20
Creating prefetcher object 0 0
Creating prefetcher object 1 0
Creating prefetcher object 2 0
Creating prefetcher object 3 0
L2 4
Sampler: 4, 4, 20
stlb_cache: 200, 10
stlb_cache_L1: 200, 10
Sampler: 4, 20, 0
itlb_cache: 20, 1
itlb_cache_L1: 20, 1
Sampler: 4, 80, 0
dtlb_cache: 80, 4
dtlb_cache_L1: 80, 4
num_memory_controller = 1
L1-I 2
Sampler: 4, 4, 80
L1-I: 800, 40
L1-I_L1: 800, 40
Creating prefetcher object 0 0
Creating prefetcher object 1 0
Creating prefetcher object 2 0
Creating prefetcher object 3 0
L1-D 3
Sampler: 4, 8, 20
L1-D: 400, 20
L1-D_L1: 400, 20
Creating prefetcher object 0 0
Creating prefetcher object 1 0
Creating prefetcher object 2 0
Creating prefetcher object 3 0
L2 4
Sampler: 4, 4, 20
stlb_cache: 200, 10
stlb_cache_L1: 200, 10
Sampler: 4, 20, 0
itlb_cache: 20, 1
itlb_cache_L1: 20, 1
Sampler: 4, 80, 0
dtlb_cache: 80, 4
dtlb_cache_L1: 80, 4
num_memory_controller = 1
L1-I 2
Sampler: 4, 4, 80
L1-I: 800, 40
L1-I_L1: 800, 40
Creating prefetcher object 0 0
Creating prefetcher object 1 0
Creating prefetcher object 2 0
Creating prefetcher object 3 0
L1-D 3
Sampler: 4, 8, 20
L1-D: 400, 20
L1-D_L1: 400, 20
Creating prefetcher object 0 0
Creating prefetcher object 1 0
Creating prefetcher object 2 0
Creating prefetcher object 3 0
L2 4
[SNIPER] --------------------------------------------------------------------------------
[SNIPER] Sniper using SIFT/trace-driven frontend
[SNIPER] Running full application in DETAILED mode
[SNIPER] --------------------------------------------------------------------------------
[SNIPER] Enabling performance models
[SNIPER] Setting instrumentation mode to DETAILED
0	1
0	1
0	6
0	1
isb_agg = 1, bo_agg = 1
isb_agg = 1, bo_agg = 1
isb_agg = 0, bo_agg = 1
isb_agg = 0, bo_agg = 1
isb_agg = 0, bo_agg = 0
isb_agg = 0, bo_agg = 1
isb_agg = 0, bo_agg = 1
isb_agg = 0, bo_agg = 1
phase = 0
1	35946
1	54883
1	7585
1	7515
isb_agg = 0, bo_agg = 1
isb_agg = 0, bo_agg = 1
isb_agg = 0, bo_agg = 1
isb_agg = 0, bo_agg = 1
isb_agg = 0, bo_agg = 1
isb_agg = 0, bo_agg = 1
isb_agg = 0, bo_agg = 0
isb_agg = 0, bo_agg = 0
isb_agg = 0, bo_agg = 1
isb_agg = 0, bo_agg = 1
isb_agg = 0, bo_agg = 1
isb_agg = 0, bo_agg = 1
isb_agg = 0, bo_agg = 1
isb_agg = 0, bo_agg = 1
phase = 1
isb_agg = 0, bo_agg = 1
isb_agg = 0, bo_agg = 0
isb_agg = 0, bo_agg = 0
2	74649
2	38759
2	5684
2	5937
isb_agg = 0, bo_agg = 0
isb_agg = 0, bo_agg = 0
isb_agg = 0, bo_agg = 0
isb_agg = 0, bo_agg = 0
isb_agg = 0, bo_agg = 0
phase = 0
isb_agg = 0, bo_agg = 1
isb_agg = 0, bo_agg = 1
isb_agg = 0, bo_agg = 1
isb_agg = 1, bo_agg = 1
isb_agg = 1, bo_agg = 1
isb_agg = 0, bo_agg = 1
isb_agg = 0, bo_agg = 1
isb_agg = 0, bo_agg = 1
isb_agg = 0, bo_agg = 1
isb_agg = 0, bo_agg = 1
isb_agg = 0, bo_agg = 1
isb_agg = 0, bo_agg = 1
isb_agg = 0, bo_agg = 1
isb_agg = 0, bo_agg = 1
isb_agg = 0, bo_agg = 1
isb_agg = 0, bo_agg = 1
phase = 1
isb_agg = 0, bo_agg = 1
isb_agg = 0, bo_agg = 1
isb_agg = 1, bo_agg = 1
3	5245
3	5088
3	29547
isb_agg = 0, bo_agg = 0
isb_agg = 0, bo_agg = 0
3	65634
isb_agg = 0, bo_agg = 0
isb_agg = 0, bo_agg = 0
isb_agg = 0, bo_agg = 0
phase = 2
isb_agg = 0, bo_agg = 0
isb_agg = 0, bo_agg = 0
isb_agg = 0, bo_agg = 0
isb_agg = 0, bo_agg = 1
isb_agg = 0, bo_agg = 0
4	52811
4	6272
4	1143
4	1318
isb_agg = 0, bo_agg = 1
isb_agg = 0, bo_agg = 0
isb_agg = 0, bo_agg = 1
isb_agg = 0, bo_agg = 1
isb_agg = 0, bo_agg = 0
isb_agg = 1, bo_agg = 1
isb_agg = 1, bo_agg = 1
phase = 3
isb_agg = 0, bo_agg = 1
isb_agg = 0, bo_agg = 0
isb_agg = 0, bo_agg = 1
isb_agg = 0, bo_agg = 1
isb_agg = 1, bo_agg = 0
5	47791
5	20974
5	4973
5	4772
isb_agg = 0, bo_agg = 1
isb_agg = 1, bo_agg = 0
phase = 2
isb_agg = 0, bo_agg = 1
phase = 4
isb_agg = 1, bo_agg = 0
isb_agg = 0, bo_agg = 1
isb_agg = 1, bo_agg = 0
isb_agg = 0, bo_agg = 1
isb_agg = 1, bo_agg = 0
isb_agg = 0, bo_agg = 1
isb_agg = 0, bo_agg = 1
isb_agg = 1, bo_agg = 0
isb_agg = 0, bo_agg = 1
isb_agg = 0, bo_agg = 1
isb_agg = 0, bo_agg = 1
6	29565
6	55944
6	6580
6	6491
isb_agg = 0, bo_agg = 1
isb_agg = 1, bo_agg = 0
phase = 5
isb_agg = 1, bo_agg = 0
isb_agg = 1, bo_agg = 0
isb_agg = 1, bo_agg = 0
isb_agg = 1, bo_agg = 0
isb_agg = 1, bo_agg = 0
isb_agg = 1, bo_agg = 0
isb_agg = 1, bo_agg = 0
isb_agg = 1, bo_agg = 0
phase = 3
isb_agg = 1, bo_agg = 0
isb_agg = 1, bo_agg = 0
isb_agg = 1, bo_agg = 0
isb_agg = 0, bo_agg = 1
isb_agg = 1, bo_agg = 0
isb_agg = 0, bo_agg = 1
phase = 6
isb_agg = 1, bo_agg = 0
isb_agg = 1, bo_agg = 0
isb_agg = 1, bo_agg = 0
isb_agg = 1, bo_agg = 0
7	69657
7	26691
7	8573
7	8261
isb_agg = 1, bo_agg = 0
isb_agg = 1, bo_agg = 0
isb_agg = 1, bo_agg = 0
isb_agg = 1, bo_agg = 0
isb_agg = 1, bo_agg = 0
isb_agg = 1, bo_agg = 1
isb_agg = 1, bo_agg = 0
isb_agg = 1, bo_agg = 0
phase = 7
isb_agg = 1, bo_agg = 1
isb_agg = 1, bo_agg = 1
isb_agg = 0, bo_agg = 1
phase = 4
isb_agg = 0, bo_agg = 1
8	60072
8	13703
8	4792
8	4875
isb_agg = 0, bo_agg = 1
isb_agg = 1, bo_agg = 1
isb_agg = 0, bo_agg = 1
isb_agg = 0, bo_agg = 1
isb_agg = 0, bo_agg = 1
phase = 8
isb_agg = 0, bo_agg = 1
isb_agg = 1, bo_agg = 1
isb_agg = 0, bo_agg = 1
isb_agg = 1, bo_agg = 1
isb_agg = 0, bo_agg = 1
phase = 5
isb_agg = 0, bo_agg = 1
isb_agg = 0, bo_agg = 1
9	47281
9	11585
9	4043
9	3932
isb_agg = 1, bo_agg = 1
phase = 9
isb_agg = 0, bo_agg = 1
isb_agg = 0, bo_agg = 1
isb_agg = 1, bo_agg = 1
isb_agg = 0, bo_agg = 1
isb_agg = 1, bo_agg = 1
phase = 6
isb_agg = 0, bo_agg = 1
isb_agg = 1, bo_agg = 1
phase = 10
isb_agg = 0, bo_agg = 1
isb_agg = 1, bo_agg = 1
isb_agg = 0, bo_agg = 1
isb_agg = 0, bo_agg = 1
a	13810
a	44873
a	4093
a	3869
isb_agg = 0, bo_agg = 1
isb_agg = 1, bo_agg = 1
isb_agg = 1, bo_agg = 1
isb_agg = 1, bo_agg = 1
isb_agg = 1, bo_agg = 0
phase = 7
isb_agg = 1, bo_agg = 0
isb_agg = 1, bo_agg = 1
isb_agg = 1, bo_agg = 0
isb_agg = 1, bo_agg = 0
isb_agg = 1, bo_agg = 0
isb_agg = 1, bo_agg = 1
isb_agg = 1, bo_agg = 0
phase = 11
isb_agg = 1, bo_agg = 0
isb_agg = 1, bo_agg = 0
isb_agg = 1, bo_agg = 0
isb_agg = 1, bo_agg = 1
isb_agg = 0, bo_agg = 1
phase = 8
isb_agg = 1, bo_agg = 1
b	28492
b	59588
b	7242
b	7068
isb_agg = 1, bo_agg = 0
isb_agg = 0, bo_agg = 1
isb_agg = 1, bo_agg = 0
isb_agg = 1, bo_agg = 0
isb_agg = 0, bo_agg = 1
isb_agg = 1, bo_agg = 0
isb_agg = 1, bo_agg = 0
isb_agg = 1, bo_agg = 0
isb_agg = 1, bo_agg = 0
isb_agg = 0, bo_agg = 1
phase = 12
isb_agg = 1, bo_agg = 0
phase = 9
isb_agg = 0, bo_agg = 1
isb_agg = 1, bo_agg = 0
isb_agg = 0, bo_agg = 1
c	30776
c	52644
c	5494
c	5901
isb_agg = 0, bo_agg = 1
isb_agg = 0, bo_agg = 1
isb_agg = 1, bo_agg = 1
isb_agg = 1, bo_agg = 0
isb_agg = 0, bo_agg = 1
isb_agg = 0, bo_agg = 1
isb_agg = 1, bo_agg = 0
isb_agg = 0, bo_agg = 1
isb_agg = 1, bo_agg = 0
isb_agg = 0, bo_agg = 1
isb_agg = 1, bo_agg = 1
isb_agg = 0, bo_agg = 1
phase = 10
d	25989
d	27972
d	3925
d	4086
isb_agg = 1, bo_agg = 1
isb_agg = 0, bo_agg = 1
phase = 13
isb_agg = 0, bo_agg = 1
isb_agg = 0, bo_agg = 1
isb_agg = 0, bo_agg = 1
isb_agg = 0, bo_agg = 1
isb_agg = 0, bo_agg = 1
isb_agg = 0, bo_agg = 1
isb_agg = 0, bo_agg = 1
isb_agg = 0, bo_agg = 1
isb_agg = 0, bo_agg = 1
isb_agg = 0, bo_agg = 1
isb_agg = 0, bo_agg = 1
isb_agg = 0, bo_agg = 1
phase = 14
isb_agg = 0, bo_agg = 1
e	40109
e	52322
e	6740
isb_agg = 0, bo_agg = 1
e	6805
isb_agg = 0, bo_agg = 1
isb_agg = 0, bo_agg = 1
isb_agg = 0, bo_agg = 1
isb_agg = 0, bo_agg = 1
phase = 11
isb_agg = 0, bo_agg = 1
isb_agg = 0, bo_agg = 1
isb_agg = 0, bo_agg = 1
phase = 15
isb_agg = 0, bo_agg = 1
isb_agg = 0, bo_agg = 1
isb_agg = 0, bo_agg = 1
isb_agg = 0, bo_agg = 1
isb_agg = 0, bo_agg = 1
isb_agg = 0, bo_agg = 1
isb_agg = 0, bo_agg = 1
f	53334
f	9051
f	9356
f	25542
isb_agg = 0, bo_agg = 1
isb_agg = 0, bo_agg = 1
isb_agg = 1, bo_agg = 1
isb_agg = 1, bo_agg = 1
isb_agg = 1, bo_agg = 1
isb_agg = 1, bo_agg = 1
phase = 0
isb_agg = 1, bo_agg = 1
isb_agg = 1, bo_agg = 1
isb_agg = 0, bo_agg = 1
isb_agg = 0, bo_agg = 1
isb_agg = 1, bo_agg = 1
isb_agg = 1, bo_agg = 1
isb_agg = 1, bo_agg = 1
phase = 0
isb_agg = 1, bo_agg = 1
isb_agg = 1, bo_agg = 1
isb_agg = 1, bo_agg = 1
10	10148
10	17323
10	12985
10	11525
isb_agg = 1, bo_agg = 1
isb_agg = 0, bo_agg = 1
phase = 1
isb_agg = 1, bo_agg = 1
isb_agg = 1, bo_agg = 1
isb_agg = 1, bo_agg = 1
isb_agg = 1, bo_agg = 1
isb_agg = 1, bo_agg = 1
isb_agg = 0, bo_agg = 1
isb_agg = 1, bo_agg = 1
isb_agg = 1, bo_agg = 1
isb_agg = 1, bo_agg = 1
isb_agg = 1, bo_agg = 1
isb_agg = 1, bo_agg = 1
isb_agg = 1, bo_agg = 1
isb_agg = 1, bo_agg = 1
isb_agg = 1, bo_agg = 1
phase = 1
11	4808
11	12237
11	10255
11	8445
isb_agg = 1, bo_agg = 1
isb_agg = 1, bo_agg = 1
isb_agg = 1, bo_agg = 1
isb_agg = 1, bo_agg = 1
isb_agg = 1, bo_agg = 1
isb_agg = 1, bo_agg = 0
isb_agg = 0, bo_agg = 1
isb_agg = 1, bo_agg = 1
isb_agg = 1, bo_agg = 0
isb_agg = 1, bo_agg = 1
phase = 16
isb_agg = 0, bo_agg = 1
isb_agg = 1, bo_agg = 0
phase = 2
isb_agg = 1, bo_agg = 1
12	21547
12	19536
12	13868
12	6249
isb_agg = 1, bo_agg = 0
isb_agg = 0, bo_agg = 1
isb_agg = 1, bo_agg = 0
isb_agg = 1, bo_agg = 1
isb_agg = 0, bo_agg = 1
phase = 2
isb_agg = 1, bo_agg = 0
isb_agg = 0, bo_agg = 1
isb_agg = 1, bo_agg = 0
isb_agg = 1, bo_agg = 1
isb_agg = 0, bo_agg = 1
isb_agg = 1, bo_agg = 0
isb_agg = 1, bo_agg = 1
isb_agg = 1, bo_agg = 0
isb_agg = 1, bo_agg = 0
isb_agg = 1, bo_agg = 1
isb_agg = 1, bo_agg = 0
13	39938
13	9064
13	25908
13	9439
isb_agg = 1, bo_agg = 0
isb_agg = 1, bo_agg = 0
phase = 17
isb_agg = 1, bo_agg = 1
isb_agg = 1, bo_agg = 0
phase = 12
isb_agg = 1, bo_agg = 1
isb_agg = 1, bo_agg = 0
isb_agg = 1, bo_agg = 0
isb_agg = 1, bo_agg = 1
isb_agg = 1, bo_agg = 0
isb_agg = 1, bo_agg = 1
isb_agg = 1, bo_agg = 0
isb_agg = 1, bo_agg = 0
isb_agg = 1, bo_agg = 0
14	60481
14	19933
14	7848
14	7728
isb_agg = 0, bo_agg = 1
isb_agg = 1, bo_agg = 1
phase = 18
isb_agg = 0, bo_agg = 1
isb_agg = 1, bo_agg = 1
isb_agg = 0, bo_agg = 1
isb_agg = 0, bo_agg = 1
isb_agg = 1, bo_agg = 1
isb_agg = 0, bo_agg = 1
isb_agg = 0, bo_agg = 1
isb_agg = 1, bo_agg = 1
isb_agg = 1, bo_agg = 1
isb_agg = 0, bo_agg = 1
isb_agg = 1, bo_agg = 0
phase = 3
isb_agg = 0, bo_agg = 1
phase = 19
15	27196
15	44618
15	6968
15	7657
isb_agg = 0, bo_agg = 1
isb_agg = 0, bo_agg = 1
phase = 13
isb_agg = 1, bo_agg = 0
isb_agg = 1, bo_agg = 1
isb_agg = 0, bo_agg = 1
phase = 3
isb_agg = 1, bo_agg = 0
isb_agg = 0, bo_agg = 1
isb_agg = 1, bo_agg = 0
isb_agg = 0, bo_agg = 1
isb_agg = 1, bo_agg = 0
isb_agg = 1, bo_agg = 0
isb_agg = 0, bo_agg = 1
phase = 20
isb_agg = 1, bo_agg = 0
isb_agg = 1, bo_agg = 1
isb_agg = 0, bo_agg = 1
isb_agg = 1, bo_agg = 1
isb_agg = 1, bo_agg = 0
phase = 14
16	49592
16	39210
16	9953
16	10119
isb_agg = 1, bo_agg = 0
isb_agg = 0, bo_agg = 1
isb_agg = 1, bo_agg = 0
isb_agg = 0, bo_agg = 1
isb_agg = 0, bo_agg = 1
isb_agg = 1, bo_agg = 1
isb_agg = 0, bo_agg = 1
isb_agg = 1, bo_agg = 0
isb_agg = 0, bo_agg = 1
isb_agg = 1, bo_agg = 1
isb_agg = 0, bo_agg = 1
isb_agg = 1, bo_agg = 0
isb_agg = 1, bo_agg = 0
phase = 21
isb_agg = 1, bo_agg = 0
isb_agg = 1, bo_agg = 0
17	54901
17	20368
17	8158
17	8480
isb_agg = 1, bo_agg = 0
isb_agg = 1, bo_agg = 0
isb_agg = 1, bo_agg = 0
isb_agg = 1, bo_agg = 0
isb_agg = 1, bo_agg = 1
isb_agg = 1, bo_agg = 0
isb_agg = 1, bo_agg = 0
isb_agg = 1, bo_agg = 1
isb_agg = 1, bo_agg = 0
isb_agg = 1, bo_agg = 0
isb_agg = 1, bo_agg = 0
isb_agg = 1, bo_agg = 0
phase = 22
isb_agg = 1, bo_agg = 0
isb_agg = 1, bo_agg = 0
phase = 4
isb_agg = 1, bo_agg = 0
isb_agg = 1, bo_agg = 1
isb_agg = 1, bo_agg = 0
isb_agg = 1, bo_agg = 0
isb_agg = 1, bo_agg = 1
18	35351
18	56478
18	11166
18	10819
isb_agg = 1, bo_agg = 0
phase = 15
phase = 4
isb_agg = 1, bo_agg = 0
isb_agg = 1, bo_agg = 0
isb_agg = 1, bo_agg = 0
isb_agg = 1, bo_agg = 0
isb_agg = 1, bo_agg = 0
isb_agg = 1, bo_agg = 0
isb_agg = 1, bo_agg = 1
isb_agg = 1, bo_agg = 0
isb_agg = 1, bo_agg = 0
phase = 23
isb_agg = 1, bo_agg = 1
19	23092
19	6590
19	47580
19	5886
isb_agg = 0, bo_agg = 1
isb_agg = 0, bo_agg = 1
isb_agg = 0, bo_agg = 1
isb_agg = 1, bo_agg = 0
isb_agg = 0, bo_agg = 1
isb_agg = 0, bo_agg = 1
phase = 24
isb_agg = 0, bo_agg = 1
isb_agg = 0, bo_agg = 1
isb_agg = 1, bo_agg = 0
isb_agg = 0, bo_agg = 1
isb_agg = 0, bo_agg = 1
isb_agg = 0, bo_agg = 1
1a	16015
1a	51272
1a	6998
1a	7667
isb_agg = 1, bo_agg = 0
isb_agg = 0, bo_agg = 1
phase = 16
isb_agg = 1, bo_agg = 0
isb_agg = 1, bo_agg = 1
phase = 25
isb_agg = 1, bo_agg = 1
isb_agg = 0, bo_agg = 1
isb_agg = 1, bo_agg = 1
isb_agg = 0, bo_agg = 1
isb_agg = 0, bo_agg = 1
isb_agg = 0, bo_agg = 1
isb_agg = 1, bo_agg = 1
isb_agg = 1, bo_agg = 1
isb_agg = 1, bo_agg = 1
isb_agg = 1, bo_agg = 0
isb_agg = 1, bo_agg = 0
isb_agg = 1, bo_agg = 1
isb_agg = 1, bo_agg = 0
isb_agg = 1, bo_agg = 0
1b	33667
1b	9897
1b	9820
1b	51874
isb_agg = 1, bo_agg = 0
phase = 5
isb_agg = 1, bo_agg = 0
isb_agg = 1, bo_agg = 0
isb_agg = 1, bo_agg = 1
isb_agg = 1, bo_agg = 0
isb_agg = 1, bo_agg = 1
isb_agg = 1, bo_agg = 0
phase = 17
phase = 26
isb_agg = 1, bo_agg = 0
isb_agg = 1, bo_agg = 0
phase = 5
isb_agg = 1, bo_agg = 0
isb_agg = 1, bo_agg = 0
isb_agg = 1, bo_agg = 0
isb_agg = 1, bo_agg = 0
isb_agg = 1, bo_agg = 0
isb_agg = 1, bo_agg = 0
isb_agg = 1, bo_agg = 1
isb_agg = 1, bo_agg = 0
isb_agg = 1, bo_agg = 0
isb_agg = 1, bo_agg = 1
isb_agg = 1, bo_agg = 0
isb_agg = 1, bo_agg = 0
isb_agg = 1, bo_agg = 0
1c	11338
1c	58634
1c	11527
1c	39318
isb_agg = 1, bo_agg = 0
isb_agg = 1, bo_agg = 0
isb_agg = 1, bo_agg = 0
phase = 27
isb_agg = 1, bo_agg = 0
isb_agg = 1, bo_agg = 0
isb_agg = 1, bo_agg = 1
isb_agg = 1, bo_agg = 0
isb_agg = 1, bo_agg = 1
isb_agg = 1, bo_agg = 1
phase = 18
isb_agg = 0, bo_agg = 1
isb_agg = 1, bo_agg = 0
1d	54288
1d	6725
1d	15617
1d	7446
isb_agg = 0, bo_agg = 1
phase = 28
isb_agg = 0, bo_agg = 1
isb_agg = 1, bo_agg = 0
isb_agg = 1, bo_agg = 0
isb_agg = 0, bo_agg = 1
isb_agg = 0, bo_agg = 1
isb_agg = 1, bo_agg = 1
isb_agg = 1, bo_agg = 0
isb_agg = 0, bo_agg = 1
isb_agg = 1, bo_agg = 0
isb_agg = 0, bo_agg = 1
isb_agg = 1, bo_agg = 0
isb_agg = 1, bo_agg = 0
phase = 29
isb_agg = 0, bo_agg = 1
1e	42653
1e	41382
1e	9122
1e	9114
isb_agg = 1, bo_agg = 0
isb_agg = 0, bo_agg = 1
isb_agg = 1, bo_agg = 1
phase = 6
isb_agg = 1, bo_agg = 1
isb_agg = 0, bo_agg = 1
phase = 6
isb_agg = 0, bo_agg = 1
isb_agg = 1, bo_agg = 0
phase = 19
isb_agg = 0, bo_agg = 1
isb_agg = 0, bo_agg = 1
isb_agg = 1, bo_agg = 1
phase = 30
isb_agg = 1, bo_agg = 0
isb_agg = 1, bo_agg = 1
isb_agg = 1, bo_agg = 0
isb_agg = 1, bo_agg = 0
isb_agg = 1, bo_agg = 0
isb_agg = 1, bo_agg = 1
1f	60818
1f	17851
1f	9212
1f	10167
isb_agg = 1, bo_agg = 0
isb_agg = 1, bo_agg = 0
isb_agg = 1, bo_agg = 0
isb_agg = 1, bo_agg = 0
isb_agg = 1, bo_agg = 0
isb_agg = 1, bo_agg = 0
isb_agg = 1, bo_agg = 0
isb_agg = 1, bo_agg = 1
phase = 31
isb_agg = 1, bo_agg = 0
isb_agg = 1, bo_agg = 0
isb_agg = 1, bo_agg = 1
isb_agg = 1, bo_agg = 0
isb_agg = 1, bo_agg = 0
isb_agg = 1, bo_agg = 1
isb_agg = 1, bo_agg = 1
isb_agg = 1, bo_agg = 1
20	21419
20	9983
20	9923
20	47410
isb_agg = 1, bo_agg = 0
isb_agg = 1, bo_agg = 1
isb_agg = 1, bo_agg = 0
isb_agg = 1, bo_agg = 0
isb_agg = 1, bo_agg = 1
isb_agg = 1, bo_agg = 0
phase = 20
isb_agg = 1, bo_agg = 0
isb_agg = 1, bo_agg = 0
isb_agg = 1, bo_agg = 0
isb_agg = 1, bo_agg = 0
isb_agg = 1, bo_agg = 0
phase = 32
isb_agg = 1, bo_agg = 0
isb_agg = 1, bo_agg = 1
isb_agg = 1, bo_agg = 1
isb_agg = 1, bo_agg = 0
21	40313
21	32554
21	8330
21	8790
isb_agg = 1, bo_agg = 1
isb_agg = 1, bo_agg = 1
isb_agg = 1, bo_agg = 0
isb_agg = 0, bo_agg = 1
phase = 21
isb_agg = 1, bo_agg = 0
phase = 7
isb_agg = 0, bo_agg = 1
isb_agg = 1, bo_agg = 0
isb_agg = 1, bo_agg = 1
isb_agg = 0, bo_agg = 1
phase = 7
phase = 33
isb_agg = 0, bo_agg = 1
isb_agg = 1, bo_agg = 1
isb_agg = 0, bo_agg = 1
22	24753
22	45919
22	10444
22	9870
isb_agg = 1, bo_agg = 0
isb_agg = 0, bo_agg = 1
isb_agg = 0, bo_agg = 1
isb_agg = 1, bo_agg = 1
isb_agg = 1, bo_agg = 0
isb_agg = 0, bo_agg = 1
phase = 34
isb_agg = 1, bo_agg = 0
isb_agg = 1, bo_agg = 1
isb_agg = 0, bo_agg = 1
isb_agg = 0, bo_agg = 1
isb_agg = 1, bo_agg = 0
isb_agg = 0, bo_agg = 1
isb_agg = 1, bo_agg = 1
isb_agg = 1, bo_agg = 1
isb_agg = 1, bo_agg = 0
isb_agg = 1, bo_agg = 0
phase = 22
23	53236
isb_agg = 1, bo_agg = 0
23	10798
23	36496
23	11547
isb_agg = 1, bo_agg = 0
isb_agg = 1, bo_agg = 0
isb_agg = 1, bo_agg = 1
isb_agg = 1, bo_agg = 0
isb_agg = 1, bo_agg = 0
isb_agg = 1, bo_agg = 0
phase = 35
isb_agg = 1, bo_agg = 0
isb_agg = 1, bo_agg = 0
isb_agg = 1, bo_agg = 1
isb_agg = 1, bo_agg = 0
isb_agg = 1, bo_agg = 0
isb_agg = 1, bo_agg = 0
isb_agg = 1, bo_agg = 0
isb_agg = 1, bo_agg = 1
isb_agg = 1, bo_agg = 0
isb_agg = 1, bo_agg = 0
isb_agg = 1, bo_agg = 0
24	10143
24	61916
24	18865
24	10610
isb_agg = 1, bo_agg = 0
isb_agg = 1, bo_agg = 0
isb_agg = 1, bo_agg = 1
isb_agg = 1, bo_agg = 0
phase = 36
phase = 8
isb_agg = 1, bo_agg = 0
isb_agg = 1, bo_agg = 0
isb_agg = 1, bo_agg = 0
isb_agg = 1, bo_agg = 1
phase = 8
isb_agg = 1, bo_agg = 0
isb_agg = 1, bo_agg = 0
isb_agg = 1, bo_agg = 0
isb_agg = 1, bo_agg = 0
25	43942
25	17116
25	6745
25	6016
isb_agg = 1, bo_agg = 1
phase = 23
isb_agg = 1, bo_agg = 1
isb_agg = 1, bo_agg = 0
isb_agg = 1, bo_agg = 0
isb_agg = 1, bo_agg = 0
isb_agg = 0, bo_agg = 1
phase = 37
isb_agg = 1, bo_agg = 1
isb_agg = 0, bo_agg = 1
isb_agg = 1, bo_agg = 0
isb_agg = 0, bo_agg = 1
isb_agg = 1, bo_agg = 0
isb_agg = 0, bo_agg = 1
isb_agg = 1, bo_agg = 0
26	29526
26	39526
26	7954
26	7786
isb_agg = 1, bo_agg = 1
isb_agg = 0, bo_agg = 1
isb_agg = 1, bo_agg = 0
phase = 24
isb_agg = 1, bo_agg = 0
isb_agg = 0, bo_agg = 1
isb_agg = 1, bo_agg = 1
phase = 38
isb_agg = 1, bo_agg = 0
isb_agg = 0, bo_agg = 1
isb_agg = 1, bo_agg = 0
isb_agg = 1, bo_agg = 0
isb_agg = 0, bo_agg = 1
isb_agg = 1, bo_agg = 1
isb_agg = 0, bo_agg = 1
isb_agg = 1, bo_agg = 0
isb_agg = 0, bo_agg = 1
27	38823
27	33756
27	9471
27	9430
isb_agg = 0, bo_agg = 1
isb_agg = 1, bo_agg = 1
isb_agg = 0, bo_agg = 1
phase = 9
isb_agg = 1, bo_agg = 1
isb_agg = 1, bo_agg = 0
phase = 39
phase = 25
isb_agg = 1, bo_agg = 1
isb_agg = 1, bo_agg = 0
isb_agg = 0, bo_agg = 1
phase = 9
isb_agg = 1, bo_agg = 1
isb_agg = 1, bo_agg = 0
isb_agg = 1, bo_agg = 1
isb_agg = 1, bo_agg = 0
isb_agg = 1, bo_agg = 1
28	24249
28	29298
28	7511
28	8158
isb_agg = 1, bo_agg = 0
isb_agg = 1, bo_agg = 0
isb_agg = 1, bo_agg = 0
isb_agg = 0, bo_agg = 1
isb_agg = 1, bo_agg = 1
isb_agg = 1, bo_agg = 0
isb_agg = 1, bo_agg = 0
isb_agg = 1, bo_agg = 1
isb_agg = 1, bo_agg = 0
phase = 40
isb_agg = 1, bo_agg = 0
isb_agg = 1, bo_agg = 0
isb_agg = 1, bo_agg = 0
isb_agg = 1, bo_agg = 0
isb_agg = 1, bo_agg = 0
29	52714
29	18767
29	10317
29	9755
isb_agg = 1, bo_agg = 1
isb_agg = 1, bo_agg = 0
isb_agg = 1, bo_agg = 0
isb_agg = 1, bo_agg = 1
isb_agg = 1, bo_agg = 0
isb_agg = 1, bo_agg = 0
phase = 26
isb_agg = 1, bo_agg = 0
isb_agg = 1, bo_agg = 0
isb_agg = 1, bo_agg = 0
phase = 41
isb_agg = 1, bo_agg = 0
isb_agg = 1, bo_agg = 0
isb_agg = 1, bo_agg = 1
isb_agg = 1, bo_agg = 0
isb_agg = 1, bo_agg = 0
isb_agg = 1, bo_agg = 1
isb_agg = 1, bo_agg = 0
2a	16675
2a	10005
2a	57491
2a	9704
isb_agg = 1, bo_agg = 0
isb_agg = 1, bo_agg = 1
isb_agg = 1, bo_agg = 1
isb_agg = 1, bo_agg = 0
isb_agg = 1, bo_agg = 0
phase = 10
isb_agg = 1, bo_agg = 0
isb_agg = 1, bo_agg = 0
phase = 42
phase = 10
isb_agg = 0, bo_agg = 1
isb_agg = 1, bo_agg = 1
isb_agg = 1, bo_agg = 0
phase = 27
isb_agg = 1, bo_agg = 0
isb_agg = 0, bo_agg = 1
isb_agg = 0, bo_agg = 1
2b	29895
2b	6851
2b	6510
2b	33291
isb_agg = 1, bo_agg = 0
isb_agg = 0, bo_agg = 1
isb_agg = 1, bo_agg = 0
isb_agg = 1, bo_agg = 0
isb_agg = 0, bo_agg = 1
isb_agg = 1, bo_agg = 1
isb_agg = 1, bo_agg = 0
phase = 43
isb_agg = 0, bo_agg = 1
isb_agg = 1, bo_agg = 1
isb_agg = 1, bo_agg = 0
isb_agg = 0, bo_agg = 1
phase = 28
isb_agg = 0, bo_agg = 1
isb_agg = 1, bo_agg = 0
isb_agg = 1, bo_agg = 1
2c	42788
2c	32892
2c	10486
2c	10455
isb_agg = 0, bo_agg = 1
isb_agg = 0, bo_agg = 1
isb_agg = 1, bo_agg = 1
isb_agg = 0, bo_agg = 1
phase = 44
isb_agg = 0, bo_agg = 1
isb_agg = 1, bo_agg = 0
isb_agg = 0, bo_agg = 1
isb_agg = 1, bo_agg = 0
isb_agg = 1, bo_agg = 0
isb_agg = 0, bo_agg = 1
isb_agg = 1, bo_agg = 1
isb_agg = 1, bo_agg = 0
isb_agg = 1, bo_agg = 0
2d	8424
2d	30554
2d	33152
2d	8548
isb_agg = 1, bo_agg = 1
isb_agg = 0, bo_agg = 1
isb_agg = 0, bo_agg = 1
isb_agg = 1, bo_agg = 1
isb_agg = 1, bo_agg = 0
isb_agg = 1, bo_agg = 0
phase = 29
isb_agg = 1, bo_agg = 0
phase = 11
isb_agg = 1, bo_agg = 1
phase = 45
isb_agg = 1, bo_agg = 0
isb_agg = 1, bo_agg = 0
isb_agg = 1, bo_agg = 1
isb_agg = 1, bo_agg = 0
isb_agg = 1, bo_agg = 0
isb_agg = 1, bo_agg = 0
phase = 11
isb_agg = 1, bo_agg = 0
isb_agg = 1, bo_agg = 0
2e	62214
2e	11086
2e	17385
2e	9958
isb_agg = 1, bo_agg = 0
isb_agg = 1, bo_agg = 1
isb_agg = 1, bo_agg = 0
isb_agg = 1, bo_agg = 0
isb_agg = 1, bo_agg = 0
isb_agg = 1, bo_agg = 0
isb_agg = 1, bo_agg = 1
phase = 46
isb_agg = 1, bo_agg = 0
isb_agg = 1, bo_agg = 0
isb_agg = 1, bo_agg = 0
isb_agg = 1, bo_agg = 0
isb_agg = 1, bo_agg = 0
isb_agg = 1, bo_agg = 0
isb_agg = 1, bo_agg = 1
2f	55517
2f	15512
2f	8167
2f	8239
isb_agg = 1, bo_agg = 1
isb_agg = 1, bo_agg = 0
isb_agg = 0, bo_agg = 1
phase = 47
isb_agg = 1, bo_agg = 1
isb_agg = 1, bo_agg = 1
isb_agg = 1, bo_agg = 1
isb_agg = 1, bo_agg = 1
phase = 30
isb_agg = 1, bo_agg = 0
isb_agg = 0, bo_agg = 1
isb_agg = 1, bo_agg = 1
isb_agg = 0, bo_agg = 1
isb_agg = 1, bo_agg = 0
isb_agg = 0, bo_agg = 1
isb_agg = 1, bo_agg = 0
30	35243
30	28172
30	8675
30	7886
isb_agg = 1, bo_agg = 1
isb_agg = 0, bo_agg = 1
isb_agg = 1, bo_agg = 0
isb_agg = 1, bo_agg = 0
isb_agg = 0, bo_agg = 1
phase = 48
isb_agg = 1, bo_agg = 1
isb_agg = 1, bo_agg = 0
phase = 31
isb_agg = 1, bo_agg = 0
isb_agg = 0, bo_agg = 1
isb_agg = 1, bo_agg = 1
isb_agg = 1, bo_agg = 0
isb_agg = 0, bo_agg = 1
isb_agg = 1, bo_agg = 0
phase = 12
isb_agg = 1, bo_agg = 1
isb_agg = 0, bo_agg = 1
isb_agg = 0, bo_agg = 1
isb_agg = 1, bo_agg = 1
isb_agg = 1, bo_agg = 0
31	49673
31	40606
31	13236
31	13317
isb_agg = 1, bo_agg = 0
isb_agg = 1, bo_agg = 1
phase = 12
isb_agg = 1, bo_agg = 0
phase = 49
isb_agg = 1, bo_agg = 0
isb_agg = 1, bo_agg = 0
isb_agg = 1, bo_agg = 1
isb_agg = 1, bo_agg = 0
isb_agg = 1, bo_agg = 0
isb_agg = 1, bo_agg = 0
isb_agg = 1, bo_agg = 0
isb_agg = 1, bo_agg = 0
isb_agg = 1, bo_agg = 1
isb_agg = 1, bo_agg = 0
isb_agg = 1, bo_agg = 0
isb_agg = 1, bo_agg = 0
isb_agg = 1, bo_agg = 0
isb_agg = 1, bo_agg = 1
32	19408
32	11682
32	62834
32	11728
isb_agg = 1, bo_agg = 0
phase = 50
isb_agg = 1, bo_agg = 0
isb_agg = 1, bo_agg = 0
isb_agg = 1, bo_agg = 0
isb_agg = 1, bo_agg = 0
isb_agg = 1, bo_agg = 1
isb_agg = 1, bo_agg = 0
isb_agg = 1, bo_agg = 0
phase = 32
isb_agg = 1, bo_agg = 0
isb_agg = 1, bo_agg = 0
isb_agg = 1, bo_agg = 1
isb_agg = 1, bo_agg = 0
isb_agg = 1, bo_agg = 0
isb_agg = 1, bo_agg = 0
isb_agg = 1, bo_agg = 0
33	39885
33	9925
33	9396
33	45491
isb_agg = 1, bo_agg = 1
isb_agg = 1, bo_agg = 1
isb_agg = 1, bo_agg = 0
phase = 51
isb_agg = 0, bo_agg = 1
isb_agg = 0, bo_agg = 1
isb_agg = 1, bo_agg = 1
isb_agg = 1, bo_agg = 0
isb_agg = 0, bo_agg = 1
isb_agg = 0, bo_agg = 1
isb_agg = 0, bo_agg = 1
isb_agg = 1, bo_agg = 0
phase = 13
isb_agg = 0, bo_agg = 1
34	18414
34	7682
34	37778
34	7377
isb_agg = 1, bo_agg = 1
isb_agg = 0, bo_agg = 1
phase = 52
isb_agg = 1, bo_agg = 1
phase = 33
phase = 13
isb_agg = 1, bo_agg = 0
isb_agg = 1, bo_agg = 1
isb_agg = 0, bo_agg = 1
isb_agg = 1, bo_agg = 1
isb_agg = 1, bo_agg = 1
isb_agg = 1, bo_agg = 0
isb_agg = 1, bo_agg = 0
isb_agg = 1, bo_agg = 1
35	18551
35	28643
35	6180
35	6136
isb_agg = 0, bo_agg = 1
isb_agg = 1, bo_agg = 0
isb_agg = 0, bo_agg = 1
isb_agg = 0, bo_agg = 1
phase = 53
isb_agg = 1, bo_agg = 0
isb_agg = 0, bo_agg = 1
isb_agg = 0, bo_agg = 1
isb_agg = 1, bo_agg = 0
isb_agg = 0, bo_agg = 1
phase = 34
isb_agg = 1, bo_agg = 0
isb_agg = 0, bo_agg = 1
isb_agg = 1, bo_agg = 1
isb_agg = 1, bo_agg = 0
isb_agg = 0, bo_agg = 1
isb_agg = 1, bo_agg = 1
isb_agg = 1, bo_agg = 0
36	48478
36	31498
36	10338
36	10538
isb_agg = 1, bo_agg = 1
isb_agg = 1, bo_agg = 0
isb_agg = 1, bo_agg = 0
isb_agg = 1, bo_agg = 0
phase = 54
isb_agg = 1, bo_agg = 0
isb_agg = 1, bo_agg = 0
isb_agg = 1, bo_agg = 1
isb_agg = 1, bo_agg = 0
isb_agg = 1, bo_agg = 0
isb_agg = 1, bo_agg = 0
isb_agg = 1, bo_agg = 1
isb_agg = 1, bo_agg = 0
isb_agg = 1, bo_agg = 0
isb_agg = 1, bo_agg = 0
isb_agg = 1, bo_agg = 0
isb_agg = 1, bo_agg = 1
isb_agg = 1, bo_agg = 0
isb_agg = 1, bo_agg = 0
phase = 35
isb_agg = 1, bo_agg = 0
phase = 14
37	58359
37	30746
37	13366
37	12714
isb_agg = 1, bo_agg = 0
isb_agg = 1, bo_agg = 0
phase = 55
isb_agg = 1, bo_agg = 1
isb_agg = 1, bo_agg = 0
isb_agg = 1, bo_agg = 0
isb_agg = 1, bo_agg = 0
isb_agg = 1, bo_agg = 0
phase = 14
isb_agg = 1, bo_agg = 0
isb_agg = 1, bo_agg = 1
isb_agg = 1, bo_agg = 0
isb_agg = 1, bo_agg = 0
isb_agg = 1, bo_agg = 0
isb_agg = 1, bo_agg = 0
isb_agg = 1, bo_agg = 1
38	18909
38	52113
38	8154
38	7639
phase = 56
isb_agg = 1, bo_agg = 0
isb_agg = 1, bo_agg = 1
isb_agg = 1, bo_agg = 0
isb_agg = 1, bo_agg = 1
isb_agg = 0, bo_agg = 1
isb_agg = 1, bo_agg = 0
isb_agg = 1, bo_agg = 1
isb_agg = 0, bo_agg = 1
isb_agg = 1, bo_agg = 0
isb_agg = 1, bo_agg = 0
isb_agg = 1, bo_agg = 1
isb_agg = 1, bo_agg = 0
phase = 36
isb_agg = 0, bo_agg = 1
39	29876
39	33650
39	13052
39	12573
isb_agg = 0, bo_agg = 1
isb_agg = 1, bo_agg = 1
isb_agg = 0, bo_agg = 1
isb_agg = 1, bo_agg = 0
phase = 57
isb_agg = 0, bo_agg = 1
isb_agg = 0, bo_agg = 1
isb_agg = 1, bo_agg = 1
isb_agg = 0, bo_agg = 1
isb_agg = 1, bo_agg = 0
isb_agg = 0, bo_agg = 1
3a	16205
3a	33636
3a	7493
3a	7286
isb_agg = 1, bo_agg = 1
phase = 15
[TRACE:0] -- DONE --
[TRACE:2] -- STOP --
[TRACE:1] -- STOP --
[TRACE:3] -- STOP --
[SNIPER] Disabling performance models
[SNIPER] Leaving ROI after 2277.74 seconds
[SNIPER] Simulated 638.6M instructions, 197.4M cycles, 3.23 IPC
[SNIPER] Simulation speed 280.4 KIPS (70.1 KIPS / target core - 14267.5ns/instr)
[SNIPER] Setting instrumentation mode to FAST_FORWARD
Hawkeye Victims: 0
LRU Victims: 0
Hawkeye Victims: 0
LRU Victims: 0
Hawkeye Victims: 0
LRU Victims: 0
Hawkeye Victims: 0
LRU Victims: 0
Inserted: 0
Redundant.progress: 0
Redundant.cache: 0
Redundant.buffer: 0
Hawkeye Victims: 0
LRU Victims: 0
Inserted: 0
Redundant.progress: 0
Redundant.cache: 0
Redundant.buffer: 0
Hawkeye Victims: 0
LRU Victims: 0
phase = 16
Inserted: 11e583
Redundant.progress: def
Redundant.cache: f9c28
Redundant.buffer: 0
Hawkeye Victims: 0
LRU Victims: 0
Hawkeye Victims: 0
LRU Victims: 0
Hawkeye Victims: 0
LRU Victims: 0
Hawkeye Victims: 0
LRU Victims: 0
Inserted: 0
Redundant.progress: 0
Redundant.cache: 0
Redundant.buffer: 0
Hawkeye Victims: 0
LRU Victims: 0
Inserted: 0
Redundant.progress: 0
Redundant.cache: 0
Redundant.buffer: 0
phase = 15
Inserted: 1258fd
Redundant.progress: f01
Redundant.cache: 1016d3
Redundant.buffer: 0
Hawkeye Victims: 0
LRU Victims: 0
Hawkeye Victims: 0
LRU Victims: 0
Hawkeye Victims: 0
LRU Victims: 0
Hawkeye Victims: 0
LRU Victims: 0
Inserted: 0
Redundant.progress: 0
Redundant.cache: 0
Redundant.buffer: 0
Hawkeye Victims: 0
LRU Victims: 0
Inserted: 0
Redundant.progress: 0
Redundant.cache: 0
Redundant.buffer: 0
phase = 58
Inserted: 4e3713
Redundant.progress: f046
Redundant.cache: 296f1f
Redundant.buffer: 0
Hawkeye Victims: 0
LRU Victims: 0
Hawkeye Victims: 0
LRU Victims: 0
Hawkeye Victims: 0
LRU Victims: 0
Hawkeye Victims: 0
LRU Victims: 0
Inserted: 0
Redundant.progress: 0
Redundant.cache: 0
Redundant.buffer: 0
Hawkeye Victims: 0
LRU Victims: 0
Inserted: 0
Redundant.progress: 0
Redundant.cache: 0
Redundant.buffer: 0
phase = 37
Inserted: 312e12
Redundant.progress: 56f9
Redundant.cache: 1e22f3
Redundant.buffer: 0
[SNIPER] End
[SNIPER] Elapsed time: 2321.13 seconds
