000 (15005810.000.000) 08/01 20:50:08 Job submitted from host: <128.83.130.153:51299?addrs=128.83.130.153-51299>
...
001 (15005810.000.000) 08/01 20:50:13 Job executing on host: <128.83.130.232:41359?addrs=128.83.130.232-41359>
...
006 (15005810.000.000) 08/01 20:50:22 Image size of job updated: 49184
	10  -  MemoryUsage of job (MB)
	10132  -  ResidentSetSize of job (KB)
...
006 (15005810.000.000) 08/01 20:55:23 Image size of job updated: 7366244
	2152  -  MemoryUsage of job (MB)
	2203008  -  ResidentSetSize of job (KB)
...
006 (15005810.000.000) 08/01 21:00:23 Image size of job updated: 7501532
	2270  -  MemoryUsage of job (MB)
	2323876  -  ResidentSetSize of job (KB)
...
006 (15005810.000.000) 08/01 21:05:24 Image size of job updated: 7571480
	2444  -  MemoryUsage of job (MB)
	2502432  -  ResidentSetSize of job (KB)
...
006 (15005810.000.000) 08/01 21:10:25 Image size of job updated: 7571940
	2492  -  MemoryUsage of job (MB)
	2551256  -  ResidentSetSize of job (KB)
...
006 (15005810.000.000) 08/01 21:15:25 Image size of job updated: 7571956
	2549  -  MemoryUsage of job (MB)
	2609776  -  ResidentSetSize of job (KB)
...
006 (15005810.000.000) 08/01 21:20:25 Image size of job updated: 7637496
	2594  -  MemoryUsage of job (MB)
	2655508  -  ResidentSetSize of job (KB)
...
006 (15005810.000.000) 08/01 21:25:26 Image size of job updated: 7768580
	2641  -  MemoryUsage of job (MB)
	2703468  -  ResidentSetSize of job (KB)
...
006 (15005810.000.000) 08/01 21:28:56 Image size of job updated: 7768600
	2641  -  MemoryUsage of job (MB)
	2703468  -  ResidentSetSize of job (KB)
...
005 (15005810.000.000) 08/01 21:28:56 Job terminated.
	(1) Normal termination (return value 0)
		Usr 0 00:39:10, Sys 0 00:01:02  -  Run Remote Usage
		Usr 0 00:00:00, Sys 0 00:00:00  -  Run Local Usage
		Usr 0 00:39:10, Sys 0 00:01:02  -  Total Remote Usage
		Usr 0 00:00:00, Sys 0 00:00:00  -  Total Local Usage
	0  -  Run Bytes Sent By Job
	0  -  Run Bytes Received By Job
	0  -  Total Bytes Sent By Job
	0  -  Total Bytes Received By Job
	Partitionable Resources :    Usage  Request Allocated
	   Cpus                 :                 1         1
	   Disk (KB)            :        1        1    749983
	   Gpus                 :                           0
	   Memory (MB)          :     2641        1      4021
...
