000 (15005726.000.000) 08/01 19:38:49 Job submitted from host: <128.83.130.153:51299?addrs=128.83.130.153-51299>
...
001 (15005726.000.000) 08/01 19:39:09 Job executing on host: <128.83.120.217:37024?addrs=128.83.120.217-37024>
...
006 (15005726.000.000) 08/01 19:39:18 Image size of job updated: 1643860
	44  -  MemoryUsage of job (MB)
	44780  -  ResidentSetSize of job (KB)
...
006 (15005726.000.000) 08/01 19:44:19 Image size of job updated: 4813364
	531  -  MemoryUsage of job (MB)
	543588  -  ResidentSetSize of job (KB)
...
006 (15005726.000.000) 08/01 19:49:19 Image size of job updated: 4814872
	592  -  MemoryUsage of job (MB)
	606064  -  ResidentSetSize of job (KB)
...
006 (15005726.000.000) 08/01 19:54:20 Image size of job updated: 4814928
	604  -  MemoryUsage of job (MB)
	618084  -  ResidentSetSize of job (KB)
...
006 (15005726.000.000) 08/01 19:59:21 Image size of job updated: 4880632
	624  -  MemoryUsage of job (MB)
	638556  -  ResidentSetSize of job (KB)
...
006 (15005726.000.000) 08/01 20:03:20 Image size of job updated: 4880720
	624  -  MemoryUsage of job (MB)
	638556  -  ResidentSetSize of job (KB)
...
005 (15005726.000.000) 08/01 20:03:20 Job terminated.
	(1) Normal termination (return value 0)
		Usr 0 00:31:18, Sys 0 00:00:42  -  Run Remote Usage
		Usr 0 00:00:00, Sys 0 00:00:00  -  Run Local Usage
		Usr 0 00:31:18, Sys 0 00:00:42  -  Total Remote Usage
		Usr 0 00:00:00, Sys 0 00:00:00  -  Total Local Usage
	0  -  Run Bytes Sent By Job
	0  -  Run Bytes Received By Job
	0  -  Total Bytes Sent By Job
	0  -  Total Bytes Received By Job
	Partitionable Resources :    Usage  Request Allocated
	   Cpus                 :                 1         1
	   Disk (KB)            :        1        1    749975
	   Gpus                 :                           0
	   Memory (MB)          :      624        1      4021
...
