[SNIPER] Start
Sampler: 4, 32, 0
itlb_cache: 32, 1
itlb_cache_L1: 32, 1
Sampler: 4, 128, 0
dtlb_cache: 128, 4
dtlb_cache_L1: 128, 4
L1-I 2
Sampler: 4, 4, 128
L1-I: 2048, 64
L1-I_L1: 2048, 64
L1-D 3
Sampler: 4, 8, 32
L1-D: 1024, 32
L1-D_L1: 1024, 32
L2 4
Sampler: 122, 16, 16
L2: 32768, 1024
L2_L1: 32768, 1024
Executing Python script /v/filer4b/v20q001/ypei/Desktop/cs395t-lin/output/low_bandwidth/run_all_hybrid_headroom9/mcf/14/sim.scripts.py
[STOPBYICOUNT] Starting in ROI (detail)
[STOPBYICOUNT] Then stopping after simulating at least 250000000 instructions in detail
[SNIPER] --------------------------------------------------------------------------------
[SNIPER] Sniper using SIFT/trace-driven frontend
[SNIPER] Running full application in DETAILED mode
[SNIPER] --------------------------------------------------------------------------------
[SNIPER] Enabling performance models
[SNIPER] Setting instrumentation mode to DETAILED
[STOPBYICOUNT] Ending ROI after 250000005 instructions (250000000 requested)
[SNIPER] Disabling performance models
[SNIPER] Leaving ROI after 691.82 seconds
[SNIPER] Simulated 250.0M instructions, 822.0M cycles, 0.30 IPC
[SNIPER] Simulation speed 361.4 KIPS (361.4 KIPS / target core - 2767.3ns/instr)
[SNIPER] Setting instrumentation mode to FAST_FORWARD
Hawkeye Victims: 0
LRU Victims: 0
Hawkeye Victims: 0
LRU Victims: 0
Hawkeye Victims: 0
LRU Victims: 0
a test for execution
[app0] [SIFT_RECORDER] sift_writer.cc:550: Sift::Mode Sift::Writer::Sync(): Assertion `!response->fail()' failed.

Inserted: 0
Redundant.progress: 0
Redundant.cache: 0
Redundant.buffer: 0
Hawkeye Victims: 0
LRU Victims: 0
a test for execution

Inserted: 0
Redundant.progress: 0
Redundant.cache: 0
Redundant.buffer: 0
Hawkeye Victims: 0
LRU Victims: 0
 =========================================================== 
Triggers: 12458999
Repeats: 0

Same addr: 11445282 91.8636
New addr: 2787 0.0223694

Distribution of new addresses: 
Stream Head: 2766 99.2465
Stream Divergence: 70225 2519.73

Invalidation count: 116049 4163.94
No Conflict count: 50303 1804.92
Same Stream count: 0 0
New Stream count: 0 0

Not found: 1007335
On Chip Mispredictions: 0
 =========================================================== 
Distribution of predictions: 
Predict Init: 11564926 92.8239
Total Predictions: 11510439
Predict OCI Miss: 8358 0.0722702
Predict Stream End: 54487 0.47114
Buffer Success: 0 0
[app0] Pin app terminated abnormally due to signal 6.
Stride Distribution: 0, 1977, 0, 0, 3404, 2392, 0, 0, 0, 0, 0, 0, 0, 0, 5474, 0, 2898, 0, 0, 0, 0, 0, 0, 0, 0, 0, 0, 0, 0, 0, 0, 0, 0, 0, 0, 0, 0, 0, 0, 0, 0, 0, 0, 0, 0, 0, 0, 0, 0, 0, 0, 0, 0, 0, 0, 0, 0, 0, 0, 0, 0, 0, 0, 0, 0, 0, 33, 0, 0, 0, 0, 0, 36410672, 0, 49, 0, 15, 0, 15, 0, 0, 6644585, 1868787317, 1915577714, 1702195557, 7566451, 113, 0, 5073232, 0, 33084064, 0, 0, 0, 5073232, 0, 33642480, 0, 0, 0, 5073232, 0, 33914800, 0, 0, 0, 5165152, 0, 2003004784, 11069, 0, 11069, 36408976, 0, 49, 0, 6, 0, 6, 0, 0, 0, 1919906931, 29541, 48, 0, 49, 0, 
a test for execution

Inserted: 23045113
Redundant.progress: 3149323
Redundant.cache: 8258843
Redundant.buffer: 0
[SNIPER] End
[SNIPER] Elapsed time: 695.60 seconds
