000 (15005770.000.000) 08/01 20:50:05 Job submitted from host: <128.83.130.153:51299?addrs=128.83.130.153-51299>
...
001 (15005770.000.000) 08/01 20:50:13 Job executing on host: <128.83.120.75:36144?addrs=128.83.120.75-36144>
...
006 (15005770.000.000) 08/01 20:50:21 Image size of job updated: 5987468
	183  -  MemoryUsage of job (MB)
	186568  -  ResidentSetSize of job (KB)
...
006 (15005770.000.000) 08/01 20:55:21 Image size of job updated: 6640016
	2089  -  MemoryUsage of job (MB)
	2138244  -  ResidentSetSize of job (KB)
...
006 (15005770.000.000) 08/01 21:00:22 Image size of job updated: 6640632
	2170  -  MemoryUsage of job (MB)
	2221792  -  ResidentSetSize of job (KB)
...
006 (15005770.000.000) 08/01 21:05:23 Image size of job updated: 6707564
	2248  -  MemoryUsage of job (MB)
	2301720  -  ResidentSetSize of job (KB)
...
006 (15005770.000.000) 08/01 21:10:23 Image size of job updated: 6843096
	2363  -  MemoryUsage of job (MB)
	2418960  -  ResidentSetSize of job (KB)
...
006 (15005770.000.000) 08/01 21:15:23 Image size of job updated: 6843132
	2398  -  MemoryUsage of job (MB)
	2455400  -  ResidentSetSize of job (KB)
...
006 (15005770.000.000) 08/01 21:20:24 Image size of job updated: 6843148
	2436  -  MemoryUsage of job (MB)
	2494240  -  ResidentSetSize of job (KB)
...
006 (15005770.000.000) 08/01 21:25:24 Image size of job updated: 6843160
	2484  -  MemoryUsage of job (MB)
	2542780  -  ResidentSetSize of job (KB)
...
006 (15005770.000.000) 08/01 21:30:24 Image size of job updated: 6909020
	2537  -  MemoryUsage of job (MB)
	2597728  -  ResidentSetSize of job (KB)
...
005 (15005770.000.000) 08/01 21:30:32 Job terminated.
	(1) Normal termination (return value 0)
		Usr 0 00:39:23, Sys 0 00:00:52  -  Run Remote Usage
		Usr 0 00:00:00, Sys 0 00:00:00  -  Run Local Usage
		Usr 0 00:39:23, Sys 0 00:00:52  -  Total Remote Usage
		Usr 0 00:00:00, Sys 0 00:00:00  -  Total Local Usage
	0  -  Run Bytes Sent By Job
	0  -  Run Bytes Received By Job
	0  -  Total Bytes Sent By Job
	0  -  Total Bytes Received By Job
	Partitionable Resources :    Usage  Request Allocated
	   Cpus                 :                 1         1
	   Disk (KB)            :        1        1   8862903
	   Gpus                 :                           0
	   Memory (MB)          :     2537        1      4028
...
