000 (15005756.000.000) 08/01 19:38:51 Job submitted from host: <128.83.130.153:51299?addrs=128.83.130.153-51299>
...
001 (15005756.000.000) 08/01 19:39:10 Job executing on host: <128.83.144.243:36766?addrs=128.83.144.243-36766>
...
006 (15005756.000.000) 08/01 19:39:19 Image size of job updated: 46700
	10  -  MemoryUsage of job (MB)
	9268  -  ResidentSetSize of job (KB)
...
006 (15005756.000.000) 08/01 19:44:20 Image size of job updated: 5996104
	2121  -  MemoryUsage of job (MB)
	2171456  -  ResidentSetSize of job (KB)
...
006 (15005756.000.000) 08/01 19:49:21 Image size of job updated: 6065852
	2268  -  MemoryUsage of job (MB)
	2321892  -  ResidentSetSize of job (KB)
...
006 (15005756.000.000) 08/01 19:54:21 Image size of job updated: 6132300
	2358  -  MemoryUsage of job (MB)
	2414468  -  ResidentSetSize of job (KB)
...
006 (15005756.000.000) 08/01 19:58:13 Image size of job updated: 6198108
	2358  -  MemoryUsage of job (MB)
	2414468  -  ResidentSetSize of job (KB)
...
005 (15005756.000.000) 08/01 19:58:13 Job terminated.
	(1) Normal termination (return value 0)
		Usr 0 00:20:04, Sys 0 00:00:36  -  Run Remote Usage
		Usr 0 00:00:00, Sys 0 00:00:00  -  Run Local Usage
		Usr 0 00:20:04, Sys 0 00:00:36  -  Total Remote Usage
		Usr 0 00:00:00, Sys 0 00:00:00  -  Total Local Usage
	0  -  Run Bytes Sent By Job
	0  -  Run Bytes Received By Job
	0  -  Total Bytes Sent By Job
	0  -  Total Bytes Received By Job
	Partitionable Resources :    Usage  Request Allocated
	   Cpus                 :                 1         1
	   Disk (KB)            :        1        1    728116
	   Gpus                 :                           0
	   Memory (MB)          :     2358        1      4021
...
