[SNIPER] Start
Sampler: 4, 32, 0
itlb_cache: 32, 1
itlb_cache_L1: 32, 1
Sampler: 4, 128, 0
dtlb_cache: 128, 4
dtlb_cache_L1: 128, 4
L1-I 2
Sampler: 4, 4, 128
L1-I: 2048, 64
L1-I_L1: 2048, 64
L1-D 3
Sampler: 4, 8, 32
L1-D: 1024, 32
L1-D_L1: 1024, 32
L2 4
Sampler: 122, 16, 16
L2: 32768, 1024
L2_L1: 32768, 1024
Executing Python script /v/filer4b/v20q001/ypei/Desktop/cs395t-lin/output/low_bandwidth/run_all_hybrid_headroom9/bzip2/9/sim.scripts.py
[STOPBYICOUNT] Starting in ROI (detail)
[STOPBYICOUNT] Then stopping after simulating at least 250000000 instructions in detail
[SNIPER] --------------------------------------------------------------------------------
[SNIPER] Sniper using SIFT/trace-driven frontend
[SNIPER] Running full application in DETAILED mode
[SNIPER] --------------------------------------------------------------------------------
[SNIPER] Enabling performance models
[SNIPER] Setting instrumentation mode to DETAILED
[STOPBYICOUNT] Ending ROI after 250000002 instructions (250000000 requested)
[SNIPER] Disabling performance models
[SNIPER] Leaving ROI after 1009.50 seconds
[SNIPER] Simulated 250.0M instructions, 262.8M cycles, 0.95 IPC
[SNIPER] Simulation speed 247.6 KIPS (247.6 KIPS / target core - 4038.0ns/instr)
[SNIPER] Setting instrumentation mode to FAST_FORWARD
Hawkeye Victims: 0
LRU Victims: 0
Hawkeye Victims: 0
LRU Victims: 0
Hawkeye Victims: 0
LRU Victims: 0
a test for execution

Inserted: 0
Redundant.progress: 0
Redundant.cache: 0
Redundant.buffer: 0
Hawkeye Victims: 0
LRU Victims: 0
a test for execution

Inserted: 0
Redundant.progress: 0
Redundant.cache: 0
Redundant.buffer: 0
Hawkeye Victims: 0
LRU Victims: 0
 =========================================================== 
Triggers: 2822517
Repeats: 0

Same addr: 1669373 59.1448
New addr: 260 0.00921164

Distribution of new addresses: 
Stream Head: 205 78.8462
Stream Divergence: 1000605 384848

Invalidation count: 1057528 406742
No Conflict count: 57776 22221.5
Same Stream count: 0 0
New Stream count: 0 0

Not found: 1149941
On Chip Mispredictions: 0
 =========================================================== 
Distribution of predictions: 
Predict Init: 2729844 96.7167
Total Predictions: 2712612
Predict OCI Miss: 7097 0.259978
Predict Stream End: 17232 0.631245
Buffer Success: 0 0
[app0] [SIFT_RECORDER] sift_writer.cc:550: Sift::Mode Sift::Writer::Sync(): Assertion `!response->fail()' failed.
[app0] Pin app terminated abnormally due to signal 6.
Stride Distribution: 0, 245409, 105616, 135332, 93104, 122180, 91494, 83950, 50600, 101062, 50416, 67206, 78200, 62514, 36156, 24426, 100786, 0, 72220, 0, 45402, 0, 0, 0, 48530, 0, 0, 0, 0, 0, 43332, 0, 35282, 0, 0, 0, 16928, 0, 0, 0, 0, 0, 0, 0, 0, 0, 0, 0, 0, 0, 0, 0, 0, 0, 0, 0, 0, 0, 0, 0, 0, 0, 0, 0, 0, 0, 33, 0, 0, 0, 0, 0, 44062000, 0, 49, 0, 15, 0, 15, 0, 0, 6644585, 1868787317, 1915577714, 1702195557, 7566451, 113, 0, 5073232, 0, 40735392, 0, 0, 0, 5073232, 0, 41293808, 0, 0, 0, 5073232, 0, 41566128, 0, 0, 0, 5165152, 0, 2862534000, 11160, 0, 11160, 44060304, 0, 49, 0, 6, 0, 6, 0, 0, 0, 1919906931, 29541, 48, 0, 49, 0, 
a test for execution

Inserted: 4980050
Redundant.progress: 22291
Redundant.cache: 4653710
Redundant.buffer: 0
[SNIPER] End
[SNIPER] Elapsed time: 1011.87 seconds
