[SNIPER] Start
Sampler: 4, 32, 0
itlb_cache: 32, 1
itlb_cache_L1: 32, 1
Sampler: 4, 128, 0
dtlb_cache: 128, 4
dtlb_cache_L1: 128, 4
L1-I 2
Sampler: 4, 4, 128
L1-I: 2048, 64
L1-I_L1: 2048, 64
L1-D 3
Sampler: 4, 8, 32
L1-D: 1024, 32
L1-D_L1: 1024, 32
L2 4
Sampler: 122, 16, 16
L2: 32768, 1024
L2_L1: 32768, 1024
Executing Python script /v/filer4b/v20q001/ypei/Desktop/cs395t-lin/output/run_all_hybrid_headroom2/astar/18/sim.scripts.py
[STOPBYICOUNT] Starting in ROI (detail)
[STOPBYICOUNT] Then stopping after simulating at least 250000000 instructions in detail
[SNIPER] --------------------------------------------------------------------------------
[SNIPER] Sniper using SIFT/trace-driven frontend
[SNIPER] Running full application in DETAILED mode
[SNIPER] --------------------------------------------------------------------------------
[SNIPER] Enabling performance models
[SNIPER] Setting instrumentation mode to DETAILED
[STOPBYICOUNT] Ending ROI after 250000003 instructions (250000000 requested)
[SNIPER] Disabling performance models
[SNIPER] Leaving ROI after 1530.99 seconds
[SNIPER] Simulated 250.0M instructions, 449.4M cycles, 0.56 IPC
[SNIPER] Simulation speed 163.3 KIPS (163.3 KIPS / target core - 6123.7ns/instr)
[SNIPER] Setting instrumentation mode to FAST_FORWARD
[app0] [SIFT_RECORDER] sift_writer.cc:550: Sift::Mode Sift::Writer::Sync(): Assertion `!response->fail()' failed.
Hawkeye Victims: 0
LRU Victims: 0
Hawkeye Victims: 0
LRU Victims: 0
Hawkeye Victims: 0
LRU Victims: 0
a test for execution

Inserted: 0
Redundant.progress: 0
Redundant.cache: 0
Redundant.buffer: 0
Hawkeye Victims: 0
[app0] Pin app terminated abnormally due to signal 6.
LRU Victims: 0
a test for execution

Inserted: 0
Redundant.progress: 0
Redundant.cache: 0
Redundant.buffer: 0
Hawkeye Victims: 0
LRU Victims: 0
 =========================================================== 
Triggers: 2337736
Repeats: 0

Same addr: 1144956 48.9771
New addr: 2336 0.0999257

Distribution of new addresses: 
Stream Head: 2323 99.4435
Stream Divergence: 68853 2947.47

Invalidation count: 187579 8029.92
No Conflict count: 126165 5400.9
Same Stream count: 0 0
New Stream count: 0 0

Not found: 1189613
On Chip Mispredictions: 0
 =========================================================== 
Distribution of predictions: 
Predict Init: 1333366 57.0366
Total Predictions: 1313837
Predict OCI Miss: 18044 1.35327
Predict Stream End: 19529 1.46464
Buffer Success: 0 0
Stride Distribution: 0, 535117, 730388, 330343, 185150, 115920, 60950, 53728, 44114, 48300, 26496, 27600, 29670, 12190, 7958, 13800, 12512, 0, 25070, 0, 0, 0, 0, 0, 4600, 0, 0, 0, 0, 0, 9200, 0, 53774, 0, 0, 0, 10856, 0, 0, 0, 0, 0, 0, 0, 0, 0, 0, 0, 0, 0, 0, 0, 0, 0, 0, 0, 0, 0, 0, 0, 0, 0, 0, 0, 0, 0, 33, 0, 0, 0, 0, 0, 45659280, 0, 49, 0, 15, 0, 15, 0, 0, 6644585, 1868787317, 1915577714, 1702195557, 7566451, 113, 0, 5073232, 0, 42332640, 0, 0, 0, 5073232, 0, 42891056, 0, 0, 0, 5073232, 0, 43163408, 0, 0, 0, 5165152, 0, 2471521648, 11092, 0, 11092, 45657584, 0, 49, 0, 6, 0, 6, 0, 0, 0, 1919906931, 29541, 48, 0, 49, 0, 
a test for execution

Inserted: 3471880
Redundant.progress: 52261
Redundant.cache: 1537119
Redundant.buffer: 0
[SNIPER] End
[SNIPER] Elapsed time: 1599.46 seconds
