000 (15005597.000.000) 08/01 18:26:31 Job submitted from host: <128.83.130.153:51299?addrs=128.83.130.153-51299>
...
001 (15005597.000.000) 08/01 18:26:36 Job executing on host: <128.83.130.232:41359?addrs=128.83.130.232-41359>
...
006 (15005597.000.000) 08/01 18:26:36 Image size of job updated: 52036
	0  -  MemoryUsage of job (MB)
	0  -  ResidentSetSize of job (KB)
...
005 (15005597.000.000) 08/01 18:26:36 Job terminated.
	(1) Normal termination (return value 126)
		Usr 0 00:00:00, Sys 0 00:00:00  -  Run Remote Usage
		Usr 0 00:00:00, Sys 0 00:00:00  -  Run Local Usage
		Usr 0 00:00:00, Sys 0 00:00:00  -  Total Remote Usage
		Usr 0 00:00:00, Sys 0 00:00:00  -  Total Local Usage
	0  -  Run Bytes Sent By Job
	0  -  Run Bytes Received By Job
	0  -  Total Bytes Sent By Job
	0  -  Total Bytes Received By Job
	Partitionable Resources :    Usage  Request Allocated
	   Cpus                 :                 1         1
	   Disk (KB)            :        1        1    749983
	   Gpus                 :                           0
	   Memory (MB)          :        0        1      4021
...
000 (15005672.000.000) 08/01 18:32:06 Job submitted from host: <128.83.130.153:51299?addrs=128.83.130.153-51299>
...
001 (15005672.000.000) 08/01 18:32:31 Job executing on host: <128.83.130.232:41359?addrs=128.83.130.232-41359>
...
006 (15005672.000.000) 08/01 18:32:40 Image size of job updated: 41480
	9  -  MemoryUsage of job (MB)
	8364  -  ResidentSetSize of job (KB)
...
006 (15005672.000.000) 08/01 18:37:41 Image size of job updated: 5664696
	729  -  MemoryUsage of job (MB)
	745856  -  ResidentSetSize of job (KB)
...
006 (15005672.000.000) 08/01 18:42:42 Image size of job updated: 5798108
	900  -  MemoryUsage of job (MB)
	920844  -  ResidentSetSize of job (KB)
...
006 (15005672.000.000) 08/01 18:47:42 Image size of job updated: 5863692
	1045  -  MemoryUsage of job (MB)
	1069864  -  ResidentSetSize of job (KB)
...
006 (15005672.000.000) 08/01 18:52:43 Image size of job updated: 5995204
	1270  -  MemoryUsage of job (MB)
	1300052  -  ResidentSetSize of job (KB)
...
006 (15005672.000.000) 08/01 18:57:44 Image size of job updated: 6062148
	1445  -  MemoryUsage of job (MB)
	1478748  -  ResidentSetSize of job (KB)
...
006 (15005672.000.000) 08/01 18:59:45 Image size of job updated: 6127684
	1445  -  MemoryUsage of job (MB)
	1478748  -  ResidentSetSize of job (KB)
...
005 (15005672.000.000) 08/01 18:59:45 Job terminated.
	(1) Normal termination (return value 0)
		Usr 0 00:25:47, Sys 0 00:00:26  -  Run Remote Usage
		Usr 0 00:00:00, Sys 0 00:00:00  -  Run Local Usage
		Usr 0 00:25:47, Sys 0 00:00:26  -  Total Remote Usage
		Usr 0 00:00:00, Sys 0 00:00:00  -  Total Local Usage
	0  -  Run Bytes Sent By Job
	0  -  Run Bytes Received By Job
	0  -  Total Bytes Sent By Job
	0  -  Total Bytes Received By Job
	Partitionable Resources :    Usage  Request Allocated
	   Cpus                 :                 1         1
	   Disk (KB)            :        1        1    749983
	   Gpus                 :                           0
	   Memory (MB)          :     1445        1      4021
...
