000 (15005706.000.000) 08/01 19:38:47 Job submitted from host: <128.83.130.153:51299?addrs=128.83.130.153-51299>
...
001 (15005706.000.000) 08/01 19:39:11 Job executing on host: <128.83.120.75:36144?addrs=128.83.120.75-36144>
...
006 (15005706.000.000) 08/01 19:39:20 Image size of job updated: 5781560
	185  -  MemoryUsage of job (MB)
	188676  -  ResidentSetSize of job (KB)
...
006 (15005706.000.000) 08/01 19:44:21 Image size of job updated: 6564100
	771  -  MemoryUsage of job (MB)
	788592  -  ResidentSetSize of job (KB)
...
006 (15005706.000.000) 08/01 19:49:21 Image size of job updated: 6630908
	1076  -  MemoryUsage of job (MB)
	1101120  -  ResidentSetSize of job (KB)
...
006 (15005706.000.000) 08/01 19:54:21 Image size of job updated: 6827516
	1391  -  MemoryUsage of job (MB)
	1423992  -  ResidentSetSize of job (KB)
...
006 (15005706.000.000) 08/01 19:59:22 Image size of job updated: 6958588
	1726  -  MemoryUsage of job (MB)
	1766540  -  ResidentSetSize of job (KB)
...
006 (15005706.000.000) 08/01 20:04:22 Image size of job updated: 7089660
	2095  -  MemoryUsage of job (MB)
	2144320  -  ResidentSetSize of job (KB)
...
006 (15005706.000.000) 08/01 20:09:22 Image size of job updated: 7351804
	2391  -  MemoryUsage of job (MB)
	2447504  -  ResidentSetSize of job (KB)
...
006 (15005706.000.000) 08/01 20:14:23 Image size of job updated: 7417340
	2578  -  MemoryUsage of job (MB)
	2639664  -  ResidentSetSize of job (KB)
...
006 (15005706.000.000) 08/01 20:19:24 Image size of job updated: 7679484
	2782  -  MemoryUsage of job (MB)
	2848136  -  ResidentSetSize of job (KB)
...
006 (15005706.000.000) 08/01 20:24:24 Image size of job updated: 7876120
	3069  -  MemoryUsage of job (MB)
	3142056  -  ResidentSetSize of job (KB)
...
005 (15005706.000.000) 08/01 20:24:53 Job terminated.
	(1) Normal termination (return value 0)
		Usr 0 00:54:56, Sys 0 00:01:20  -  Run Remote Usage
		Usr 0 00:00:00, Sys 0 00:00:00  -  Run Local Usage
		Usr 0 00:54:56, Sys 0 00:01:20  -  Total Remote Usage
		Usr 0 00:00:00, Sys 0 00:00:00  -  Total Local Usage
	0  -  Run Bytes Sent By Job
	0  -  Run Bytes Received By Job
	0  -  Total Bytes Sent By Job
	0  -  Total Bytes Received By Job
	Partitionable Resources :    Usage  Request Allocated
	   Cpus                 :                 1         1
	   Disk (KB)            :        1        1   8862903
	   Gpus                 :                           0
	   Memory (MB)          :     3069        1      4028
...
