000 (15005834.000.000) 08/01 20:50:10 Job submitted from host: <128.83.130.153:51299?addrs=128.83.130.153-51299>
...
001 (15005834.000.000) 08/01 20:50:14 Job executing on host: <128.83.130.228:56128?addrs=128.83.130.228-56128>
...
006 (15005834.000.000) 08/01 20:50:22 Image size of job updated: 49196
	10  -  MemoryUsage of job (MB)
	10108  -  ResidentSetSize of job (KB)
...
006 (15005834.000.000) 08/01 20:55:22 Image size of job updated: 4864972
	594  -  MemoryUsage of job (MB)
	607268  -  ResidentSetSize of job (KB)
...
006 (15005834.000.000) 08/01 21:00:23 Image size of job updated: 4865004
	632  -  MemoryUsage of job (MB)
	646604  -  ResidentSetSize of job (KB)
...
006 (15005834.000.000) 08/01 21:05:24 Image size of job updated: 4930556
	662  -  MemoryUsage of job (MB)
	677396  -  ResidentSetSize of job (KB)
...
006 (15005834.000.000) 08/01 21:10:24 Image size of job updated: 4932956
	770  -  MemoryUsage of job (MB)
	787580  -  ResidentSetSize of job (KB)
...
005 (15005834.000.000) 08/01 21:11:55 Job terminated.
	(1) Normal termination (return value 0)
		Usr 0 00:22:56, Sys 0 00:00:20  -  Run Remote Usage
		Usr 0 00:00:00, Sys 0 00:00:00  -  Run Local Usage
		Usr 0 00:22:56, Sys 0 00:00:20  -  Total Remote Usage
		Usr 0 00:00:00, Sys 0 00:00:00  -  Total Local Usage
	0  -  Run Bytes Sent By Job
	0  -  Run Bytes Received By Job
	0  -  Total Bytes Sent By Job
	0  -  Total Bytes Received By Job
	Partitionable Resources :    Usage  Request Allocated
	   Cpus                 :                 1         1
	   Disk (KB)            :        1        1    749983
	   Gpus                 :                           0
	   Memory (MB)          :      770        1      4021
...
