000 (515975.000.000) 05/05 17:13:09 Job submitted from host: <128.83.144.149:44250?addrs=128.83.144.149-44250>
...
001 (515975.000.000) 05/05 17:13:30 Job executing on host: <128.83.120.128:51378?addrs=128.83.120.128-51378>
...
006 (515975.000.000) 05/05 17:13:39 Image size of job updated: 866624
	58  -  MemoryUsage of job (MB)
	59012  -  ResidentSetSize of job (KB)
...
006 (515975.000.000) 05/05 17:14:29 Image size of job updated: 868156
	58  -  MemoryUsage of job (MB)
	59012  -  ResidentSetSize of job (KB)
...
004 (515975.000.000) 05/05 17:14:29 Job was evicted.
	(0) Job was not checkpointed.
		Usr 0 00:00:00, Sys 0 00:00:00  -  Run Remote Usage
		Usr 0 00:00:00, Sys 0 00:00:00  -  Run Local Usage
	0  -  Run Bytes Sent By Job
	0  -  Run Bytes Received By Job
	Partitionable Resources :    Usage  Request Allocated
	   Cpus                 :                 1         1
	   Disk (KB)            :        1        1    812221
	   Gpus                 :                           0
	   Memory (MB)          :       58        1     12899
...
009 (515975.000.000) 05/05 17:14:30 Job was aborted by the user.
	via condor_rm (by user ypei)
...
000 (516200.000.000) 05/05 17:14:51 Job submitted from host: <128.83.144.149:44250?addrs=128.83.144.149-44250>
...
001 (516200.000.000) 05/05 17:15:00 Job executing on host: <128.83.144.13:57145?addrs=128.83.144.13-57145>
...
006 (516200.000.000) 05/05 17:15:08 Image size of job updated: 866624
	54  -  MemoryUsage of job (MB)
	54840  -  ResidentSetSize of job (KB)
...
006 (516200.000.000) 05/05 17:18:07 Image size of job updated: 1040764
	96  -  MemoryUsage of job (MB)
	97964  -  ResidentSetSize of job (KB)
...
004 (516200.000.000) 05/05 17:18:07 Job was evicted.
	(0) Job was not checkpointed.
		Usr 0 00:00:52, Sys 0 00:00:01  -  Run Remote Usage
		Usr 0 00:00:00, Sys 0 00:00:00  -  Run Local Usage
	0  -  Run Bytes Sent By Job
	0  -  Run Bytes Received By Job
	Partitionable Resources :    Usage  Request Allocated
	   Cpus                 :                 1         1
	   Disk (KB)            :        1        1    824403
	   Gpus                 :                           0
	   Memory (MB)          :       96        1     12899
...
009 (516200.000.000) 05/05 17:18:08 Job was aborted by the user.
	via condor_rm (by user ypei)
...
000 (516407.000.000) 05/05 17:18:22 Job submitted from host: <128.83.144.149:44250?addrs=128.83.144.149-44250>
...
001 (516407.000.000) 05/05 17:18:30 Job executing on host: <128.83.120.229:58979?addrs=128.83.120.229-58979>
...
006 (516407.000.000) 05/05 17:18:39 Image size of job updated: 866624
	56  -  MemoryUsage of job (MB)
	56968  -  ResidentSetSize of job (KB)
...
006 (516407.000.000) 05/05 17:21:22 Image size of job updated: 1040744
	56  -  MemoryUsage of job (MB)
	56968  -  ResidentSetSize of job (KB)
...
004 (516407.000.000) 05/05 17:21:22 Job was evicted.
	(0) Job was not checkpointed.
		Usr 0 00:01:23, Sys 0 00:00:01  -  Run Remote Usage
		Usr 0 00:00:00, Sys 0 00:00:00  -  Run Local Usage
	0  -  Run Bytes Sent By Job
	0  -  Run Bytes Received By Job
	Partitionable Resources :    Usage  Request Allocated
	   Cpus                 :                 1         1
	   Disk (KB)            :        1        1    828969
	   Gpus                 :                           0
	   Memory (MB)          :       56        1     12899
...
009 (516407.000.000) 05/05 17:21:23 Job was aborted by the user.
	via condor_rm (by user ypei)
...
000 (517028.000.000) 05/05 17:21:44 Job submitted from host: <128.83.144.149:44250?addrs=128.83.144.149-44250>
...
001 (517028.000.000) 05/05 17:21:53 Job executing on host: <128.83.120.250:59851?addrs=128.83.120.250-59851>
...
006 (517028.000.000) 05/05 17:22:01 Image size of job updated: 866624
	56  -  MemoryUsage of job (MB)
	57004  -  ResidentSetSize of job (KB)
...
006 (517028.000.000) 05/05 17:27:01 Image size of job updated: 1040768
	101  -  MemoryUsage of job (MB)
	103212  -  ResidentSetSize of job (KB)
...
006 (517028.000.000) 05/05 17:32:02 Image size of job updated: 1040848
	107  -  MemoryUsage of job (MB)
	109140  -  ResidentSetSize of job (KB)
...
006 (517028.000.000) 05/05 17:37:02 Image size of job updated: 1042552
	115  -  MemoryUsage of job (MB)
	116812  -  ResidentSetSize of job (KB)
...
006 (517028.000.000) 05/05 17:42:02 Image size of job updated: 1043048
	118  -  MemoryUsage of job (MB)
	120788  -  ResidentSetSize of job (KB)
...
006 (517028.000.000) 05/05 17:44:03 Image size of job updated: 1043052
	118  -  MemoryUsage of job (MB)
	120788  -  ResidentSetSize of job (KB)
...
005 (517028.000.000) 05/05 17:44:03 Job terminated.
	(1) Normal termination (return value 0)
		Usr 0 00:20:27, Sys 0 00:00:22  -  Run Remote Usage
		Usr 0 00:00:00, Sys 0 00:00:00  -  Run Local Usage
		Usr 0 00:20:27, Sys 0 00:00:22  -  Total Remote Usage
		Usr 0 00:00:00, Sys 0 00:00:00  -  Total Local Usage
	0  -  Run Bytes Sent By Job
	0  -  Run Bytes Received By Job
	0  -  Total Bytes Sent By Job
	0  -  Total Bytes Received By Job
	Partitionable Resources :    Usage  Request Allocated
	   Cpus                 :                 1         1
	   Disk (KB)            :        1        1    815261
	   Gpus                 :                           0
	   Memory (MB)          :      118        1     12899
...
000 (382459.000.000) 05/07 03:39:52 Job submitted from host: <128.83.144.155:57685?addrs=128.83.144.155-57685>
...
001 (382459.000.000) 05/07 04:06:50 Job executing on host: <128.83.139.6:57138?addrs=128.83.139.6-57138>
...
006 (382459.000.000) 05/07 04:06:59 Image size of job updated: 868296
	60  -  MemoryUsage of job (MB)
	60628  -  ResidentSetSize of job (KB)
...
006 (382459.000.000) 05/07 04:11:59 Image size of job updated: 1040956
	109  -  MemoryUsage of job (MB)
	110924  -  ResidentSetSize of job (KB)
...
006 (382459.000.000) 05/07 04:16:59 Image size of job updated: 1041276
	120  -  MemoryUsage of job (MB)
	122740  -  ResidentSetSize of job (KB)
...
006 (382459.000.000) 05/07 04:22:00 Image size of job updated: 1042964
	127  -  MemoryUsage of job (MB)
	130036  -  ResidentSetSize of job (KB)
...
005 (382459.000.000) 05/07 04:24:44 Job terminated.
	(1) Normal termination (return value 0)
		Usr 0 00:17:10, Sys 0 00:00:22  -  Run Remote Usage
		Usr 0 00:00:00, Sys 0 00:00:00  -  Run Local Usage
		Usr 0 00:17:10, Sys 0 00:00:22  -  Total Remote Usage
		Usr 0 00:00:00, Sys 0 00:00:00  -  Total Local Usage
	0  -  Run Bytes Sent By Job
	0  -  Run Bytes Received By Job
	0  -  Total Bytes Sent By Job
	0  -  Total Bytes Received By Job
	Partitionable Resources :    Usage  Request Allocated
	   Cpus                 :                 1         1
	   Disk (KB)            :        1        1   1661813
	   Gpus                 :                           0
	   Memory (MB)          :      127        1     12899
...
000 (518477.000.000) 05/07 13:18:17 Job submitted from host: <128.83.144.149:44250?addrs=128.83.144.149-44250>
...
001 (518477.000.000) 05/07 13:18:54 Job executing on host: <128.83.120.250:59851?addrs=128.83.120.250-59851>
...
006 (518477.000.000) 05/07 13:19:02 Image size of job updated: 866760
	54  -  MemoryUsage of job (MB)
	54956  -  ResidentSetSize of job (KB)
...
006 (518477.000.000) 05/07 13:23:39 Image size of job updated: 1040940
	99  -  MemoryUsage of job (MB)
	100912  -  ResidentSetSize of job (KB)
...
004 (518477.000.000) 05/07 13:23:39 Job was evicted.
	(0) Job was not checkpointed.
		Usr 0 00:03:22, Sys 0 00:00:05  -  Run Remote Usage
		Usr 0 00:00:00, Sys 0 00:00:00  -  Run Local Usage
	0  -  Run Bytes Sent By Job
	0  -  Run Bytes Received By Job
	Partitionable Resources :    Usage  Request Allocated
	   Cpus                 :                 1         1
	   Disk (KB)            :        1        1    798504
	   Gpus                 :                           0
	   Memory (MB)          :       99        1     12899
...
009 (518477.000.000) 05/07 13:23:41 Job was aborted by the user.
	via condor_rm (by user ypei)
...
000 (518684.000.000) 05/07 13:23:47 Job submitted from host: <128.83.144.149:44250?addrs=128.83.144.149-44250>
...
001 (518684.000.000) 05/07 13:23:54 Job executing on host: <128.83.139.192:55868?addrs=128.83.139.192-55868>
...
006 (518684.000.000) 05/07 13:24:03 Image size of job updated: 867272
	55  -  MemoryUsage of job (MB)
	55504  -  ResidentSetSize of job (KB)
...
006 (518684.000.000) 05/07 13:29:04 Image size of job updated: 1041000
	105  -  MemoryUsage of job (MB)
	107036  -  ResidentSetSize of job (KB)
...
006 (518684.000.000) 05/07 13:34:04 Image size of job updated: 1042720
	114  -  MemoryUsage of job (MB)
	116724  -  ResidentSetSize of job (KB)
...
006 (518684.000.000) 05/07 13:39:04 Image size of job updated: 1042960
	126  -  MemoryUsage of job (MB)
	128840  -  ResidentSetSize of job (KB)
...
005 (518684.000.000) 05/07 13:39:30 Job terminated.
	(1) Normal termination (return value 0)
		Usr 0 00:14:15, Sys 0 00:00:21  -  Run Remote Usage
		Usr 0 00:00:00, Sys 0 00:00:00  -  Run Local Usage
		Usr 0 00:14:15, Sys 0 00:00:21  -  Total Remote Usage
		Usr 0 00:00:00, Sys 0 00:00:00  -  Total Local Usage
	0  -  Run Bytes Sent By Job
	0  -  Run Bytes Received By Job
	0  -  Total Bytes Sent By Job
	0  -  Total Bytes Received By Job
	Partitionable Resources :    Usage  Request Allocated
	   Cpus                 :                 1         1
	   Disk (KB)            :        1        1    772169
	   Gpus                 :                           0
	   Memory (MB)          :      126        1      4021
...
000 (519098.000.000) 05/07 14:36:27 Job submitted from host: <128.83.144.149:44250?addrs=128.83.144.149-44250>
...
001 (519098.000.000) 05/07 14:36:38 Job executing on host: <128.83.130.161:35317?addrs=128.83.130.161-35317>
...
006 (519098.000.000) 05/07 14:36:47 Image size of job updated: 866624
	56  -  MemoryUsage of job (MB)
	56984  -  ResidentSetSize of job (KB)
...
006 (519098.000.000) 05/07 14:41:48 Image size of job updated: 1041128
	106  -  MemoryUsage of job (MB)
	107856  -  ResidentSetSize of job (KB)
...
006 (519098.000.000) 05/07 14:46:48 Image size of job updated: 1043044
	116  -  MemoryUsage of job (MB)
	118296  -  ResidentSetSize of job (KB)
...
006 (519098.000.000) 05/07 14:50:59 Image size of job updated: 1043076
	116  -  MemoryUsage of job (MB)
	118296  -  ResidentSetSize of job (KB)
...
005 (519098.000.000) 05/07 14:50:59 Job terminated.
	(1) Normal termination (return value 0)
		Usr 0 00:13:19, Sys 0 00:00:07  -  Run Remote Usage
		Usr 0 00:00:00, Sys 0 00:00:00  -  Run Local Usage
		Usr 0 00:13:19, Sys 0 00:00:07  -  Total Remote Usage
		Usr 0 00:00:00, Sys 0 00:00:00  -  Total Local Usage
	0  -  Run Bytes Sent By Job
	0  -  Run Bytes Received By Job
	0  -  Total Bytes Sent By Job
	0  -  Total Bytes Received By Job
	Partitionable Resources :    Usage  Request Allocated
	   Cpus                 :                 1         1
	   Disk (KB)            :        1        1   1909593
	   Gpus                 :                           0
	   Memory (MB)          :      116        1     21164
...
000 (382873.000.000) 05/07 20:16:58 Job submitted from host: <128.83.144.155:57685?addrs=128.83.144.155-57685>
...
001 (382873.000.000) 05/07 20:37:18 Job executing on host: <128.83.139.143:55125?addrs=128.83.139.143-55125>
...
006 (382873.000.000) 05/07 20:37:26 Image size of job updated: 1040272
	89  -  MemoryUsage of job (MB)
	90564  -  ResidentSetSize of job (KB)
...
006 (382873.000.000) 05/07 20:42:26 Image size of job updated: 1041012
	106  -  MemoryUsage of job (MB)
	107616  -  ResidentSetSize of job (KB)
...
006 (382873.000.000) 05/07 20:47:27 Image size of job updated: 1042172
	112  -  MemoryUsage of job (MB)
	114580  -  ResidentSetSize of job (KB)
...
006 (382873.000.000) 05/07 20:52:28 Image size of job updated: 1042960
	119  -  MemoryUsage of job (MB)
	120996  -  ResidentSetSize of job (KB)
...
005 (382873.000.000) 05/07 20:54:37 Job terminated.
	(1) Normal termination (return value 0)
		Usr 0 00:15:42, Sys 0 00:00:13  -  Run Remote Usage
		Usr 0 00:00:00, Sys 0 00:00:00  -  Run Local Usage
		Usr 0 00:15:42, Sys 0 00:00:13  -  Total Remote Usage
		Usr 0 00:00:00, Sys 0 00:00:00  -  Total Local Usage
	0  -  Run Bytes Sent By Job
	0  -  Run Bytes Received By Job
	0  -  Total Bytes Sent By Job
	0  -  Total Bytes Received By Job
	Partitionable Resources :    Usage  Request Allocated
	   Cpus                 :                 1         1
	   Disk (KB)            :        1        1   7526610
	   Gpus                 :                           0
	   Memory (MB)          :      119        1      4027
...
000 (384115.000.000) 05/08 05:53:00 Job submitted from host: <128.83.144.155:57685?addrs=128.83.144.155-57685>
...
001 (384115.000.000) 05/08 06:16:05 Job executing on host: <128.83.144.168:35892?addrs=128.83.144.168-35892>
...
006 (384115.000.000) 05/08 06:16:13 Image size of job updated: 342156
	23  -  MemoryUsage of job (MB)
	23316  -  ResidentSetSize of job (KB)
...
006 (384115.000.000) 05/08 06:21:13 Image size of job updated: 1042276
	114  -  MemoryUsage of job (MB)
	116728  -  ResidentSetSize of job (KB)
...
006 (384115.000.000) 05/08 06:24:14 Image size of job updated: 1042960
	114  -  MemoryUsage of job (MB)
	116728  -  ResidentSetSize of job (KB)
...
005 (384115.000.000) 05/08 06:24:15 Job terminated.
	(1) Normal termination (return value 0)
		Usr 0 00:07:55, Sys 0 00:00:04  -  Run Remote Usage
		Usr 0 00:00:00, Sys 0 00:00:00  -  Run Local Usage
		Usr 0 00:07:55, Sys 0 00:00:04  -  Total Remote Usage
		Usr 0 00:00:00, Sys 0 00:00:00  -  Total Local Usage
	0  -  Run Bytes Sent By Job
	0  -  Run Bytes Received By Job
	0  -  Total Bytes Sent By Job
	0  -  Total Bytes Received By Job
	Partitionable Resources :    Usage  Request Allocated
	   Cpus                 :                 1         1
	   Disk (KB)            :        1        1   7539965
	   Gpus                 :                           0
	   Memory (MB)          :      114        1      4027
...
000 (417508.000.000) 05/09 03:37:25 Job submitted from host: <128.83.144.154:52346?addrs=128.83.144.154-52346>
...
001 (417508.000.000) 05/09 03:59:59 Job executing on host: <128.83.139.143:55125?addrs=128.83.139.143-55125>
...
006 (417508.000.000) 05/09 04:00:08 Image size of job updated: 868292
	60  -  MemoryUsage of job (MB)
	60632  -  ResidentSetSize of job (KB)
...
006 (417508.000.000) 05/09 04:05:09 Image size of job updated: 1041268
	110  -  MemoryUsage of job (MB)
	111820  -  ResidentSetSize of job (KB)
...
006 (417508.000.000) 05/09 04:10:10 Image size of job updated: 1043180
	119  -  MemoryUsage of job (MB)
	121424  -  ResidentSetSize of job (KB)
...
006 (417508.000.000) 05/09 04:15:10 Image size of job updated: 1043212
	123  -  MemoryUsage of job (MB)
	125248  -  ResidentSetSize of job (KB)
...
005 (417508.000.000) 05/09 04:15:24 Job terminated.
	(1) Normal termination (return value 0)
		Usr 0 00:14:54, Sys 0 00:00:09  -  Run Remote Usage
		Usr 0 00:00:00, Sys 0 00:00:00  -  Run Local Usage
		Usr 0 00:14:54, Sys 0 00:00:09  -  Total Remote Usage
		Usr 0 00:00:00, Sys 0 00:00:00  -  Total Local Usage
	0  -  Run Bytes Sent By Job
	0  -  Run Bytes Received By Job
	0  -  Total Bytes Sent By Job
	0  -  Total Bytes Received By Job
	Partitionable Resources :    Usage  Request Allocated
	   Cpus                 :                 1         1
	   Disk (KB)            :        2        2   7539964
	   Gpus                 :                           0
	   Memory (MB)          :      123        1      4027
...
