000 (15005807.000.000) 08/01 20:50:08 Job submitted from host: <128.83.130.153:51299?addrs=128.83.130.153-51299>
...
001 (15005807.000.000) 08/01 20:50:13 Job executing on host: <128.83.130.232:41359?addrs=128.83.130.232-41359>
...
006 (15005807.000.000) 08/01 20:50:22 Image size of job updated: 49196
	10  -  MemoryUsage of job (MB)
	10132  -  ResidentSetSize of job (KB)
...
006 (15005807.000.000) 08/01 20:55:23 Image size of job updated: 4512672
	601  -  MemoryUsage of job (MB)
	614904  -  ResidentSetSize of job (KB)
...
006 (15005807.000.000) 08/01 21:00:23 Image size of job updated: 4512704
	601  -  MemoryUsage of job (MB)
	615100  -  ResidentSetSize of job (KB)
...
006 (15005807.000.000) 08/01 21:05:23 Image size of job updated: 4513072
	609  -  MemoryUsage of job (MB)
	623228  -  ResidentSetSize of job (KB)
...
006 (15005807.000.000) 08/01 21:10:24 Image size of job updated: 4513328
	613  -  MemoryUsage of job (MB)
	626960  -  ResidentSetSize of job (KB)
...
005 (15005807.000.000) 08/01 21:11:22 Job terminated.
	(1) Normal termination (return value 0)
		Usr 0 00:20:10, Sys 0 00:00:10  -  Run Remote Usage
		Usr 0 00:00:00, Sys 0 00:00:00  -  Run Local Usage
		Usr 0 00:20:10, Sys 0 00:00:10  -  Total Remote Usage
		Usr 0 00:00:00, Sys 0 00:00:00  -  Total Local Usage
	0  -  Run Bytes Sent By Job
	0  -  Run Bytes Received By Job
	0  -  Total Bytes Sent By Job
	0  -  Total Bytes Received By Job
	Partitionable Resources :    Usage  Request Allocated
	   Cpus                 :                 1         1
	   Disk (KB)            :        1        1    749983
	   Gpus                 :                           0
	   Memory (MB)          :      613        1      4021
...
