[SNIPER] Start
Sampler: 4, 32, 0
itlb_cache: 32, 1
itlb_cache_L1: 32, 1
Sampler: 4, 128, 0
dtlb_cache: 128, 4
dtlb_cache_L1: 128, 4
L1-I 2
Sampler: 4, 4, 128
L1-I: 2048, 64
L1-I_L1: 2048, 64
L1-D 3
Sampler: 4, 8, 32
L1-D: 1024, 32
L1-D_L1: 1024, 32
L2 4
Sampler: 122, 16, 16
L2: 32768, 1024
L2_L1: 32768, 1024
Executing Python script /v/filer4b/v20q001/ypei/Desktop/cs395t-lin/output/run_all_hybrid_headroom2/xalancbmk/23/sim.scripts.py
[STOPBYICOUNT] Starting in ROI (detail)
[STOPBYICOUNT] Then stopping after simulating at least 250000000 instructions in detail
[SNIPER] --------------------------------------------------------------------------------
[SNIPER] Sniper using SIFT/trace-driven frontend
[SNIPER] Running full application in DETAILED mode
[SNIPER] --------------------------------------------------------------------------------
[SNIPER] Enabling performance models
[SNIPER] Setting instrumentation mode to DETAILED
[app0] neels glove land obscurely chide northumberland not saint maidenliest fancy mortality mistaken abus strange heraldry ten rugby chariot cozen prophesied praised perform forbear account sway dance lead march undone estate removes blood stock reclaims cried dower index right worthiest known captive afoot match struck thrives despiteful performance damage rul wear affairs chitopher reproach street worst bondman lane fostered haught one rais curb won flout guard noble baser fault triumph support proof parthian <b> pandars admiring gold <i> passes rom seal amongst instantly </i> composition march reasonable </b> hadst meet lame needs daily creditors caesar hearing lads violence lending slain practise bodies than idly tarquin tiger boy sweet poison determin maidens inconstancy frowns among yours single smiling buried clay familiar camel madness wildly bed hour crown lamentable rich boy preventions charged earth neck open lucio despiteful devours single storm ravish business scant rascals rated wanteth among flies salisbury gent ripe parties strumpet pudding right winter wren infected honour brown eight slightly immortal amber harvest kiss austere rises eleanor shalt immediately forgotten unseasonable renascence imperial shot sad tewksbury chisel celia killing dwell shak drunk herring did disguis york huge
[app0] <p>Encrypted Version</p>
[app0] eguh kroy siugsid did gnirreh knurd kahs llewd gnillik ailec lesihc yrubskwet das tohs lairepmi ecnecsaner elbanosaesnu nettogrof yletaidemmi tlahs ronaele sesir eretsua ssik tsevrah rebma latrommi ylthgils thgie nworb ruonoh detcefni nerw retniw thgir gniddup tepmurts seitrap epir tneg yrubsilas seilf gnoma htetnaw detar slacsar tnacs ssenisub hsivar mrots elgnis sruoved lufetipsed oicul nepo kcen htrae degrahc snoitneverp yob hcir elbatnemal nworc ruoh deb yldliw ssendam lemac railimaf yalc deirub gnilims elgnis sruoy gnoma snworf ycnatsnocni snediam nimreted nosiop teews yob regit niuqrat yldi naht seidob esitcarp nials gnidnel ecneloiv sdal gniraeh raseac srotiderc yliad sdeen emal teem tsdah elbanosaer hcram noitisopmoc yltnatsni tsgnoma laes mor sessap dlog gnirimda sradnap naihtrap foorp troppus hpmuirt tluaf resab elbon draug tuolf now bruc siar eno thguah deretsof enal namdnob tsrow teerts hcaorper rehpotihc sriaffa raew lur egamad ecnamrofrep lufetipsed sevirht kcurts hctam toofa evitpac nwonk tseihtrow thgir xedni rewod deirc smialcer kcots doolb sevomer etatse enodnu hcram dael ecnad yaws tnuocca raebrof mrofrep desiarp deisehporp nezoc toirahc ybgur net yrdlareh egnarts suba nekatsim ytilatrom ycnaf tseilnediam tnias ton dnalrebmuhtron edihc ylerucsbo dnal evolg sleenk nameltneg lufecaep tnemniatretne etulosba draeh thgis nettirw ekat hcraes cipsa noitarujnoc ragde nodnol secrof dednetni livic alloh skool gnitaeb dereffo eriuqne dedne noitaro ylekil nommoc mialcxe hctef enim noisses ytisoiruc gnitcaxe lever otac emag flesreh seidal ecnelitsep selcitra lacinahcem dda olegna latrommi tsenoh detnetnoc dereuqnocnu sevorp tnemegduj suoicarg hsiri yllauqe rednaxela elihw kciroy smodgnik bmemer aybil mah erussa nager eropmetxe evael hctam ecnecsaner ekats mranu sbmil eviecrep retam noitcerid lluf erehps ebab thgirb esoolnu detca setutats ecart suoedih reehc sdnih elpurcs eltneg emeh sreehc noinipo dlofdnilb mra eye ruoivaheb drocer deirrac serutcip evigrof yrotciv sehceeps deecxe owt seusne thguan ylthgink sdiam seinitum alloh ewoh lufeow renroc yerdua yrunep eunitnoc eud tnematset rebos siht rehtien draeh htrae ytud etunim detluassa kcocillip rewsna krowidnah semaht reve erom nori cte sisi htworg htlaets deirrac nur llahs tneve wohs ykni elicnocer ssendnik txen sehctaw nials eulav tips nroc snisuoc rolav hguohtla eugolatac revessid sehsif dil ywenis eton gniddup soporp nemeltneg elbaruonohsid reidlos gagne detpurroc lessev reverof yebo tlov ssem gnidnats sesnes taoc lluks syas ydeen tneloiv gniworg tnemyap hceel tsrow mrifnoc ecnatsnoc elbissop enworeb edivid tseteews ynapmoc selliesram reredrum smosob ssobme did gnidda rohba gnihsulb ecuas was nwarb yldesivdanu serusaelp rem sitamard raey raggeb noissessop etiteppa ymene knilc etab
[app0] </p>
[app0] <p>
[app0] <b>To: </b>Fredric Riitters <a href="mailto:Riitters@twsu.edu">Riitters@twsu.edu</a>
[app0] <br>
[app0] <b>From: </b>Doohun DasSarma <a href="mailto:DasSarma@tue.nl">DasSarma@tue.nl</a>
[app0] <br>
[app0] <b>Date: </b>11/03/1999<br>
[app0] <b>Note: </b>
[app0] <br>
[app0] prithee kissing clovest princely tower came confess manifest wildest aspect stale people obey spoken forehead shook revenues stirring gon affections dull casca lays hear idleness get dross food barnardine some sooner drum preventions prize eleanor audience scale dreadful <i> dauphin <b> mountains lend feels grapes behold delivery capulet </b> fury swain enjoy right keeping </i> least heavily officers pour face fine expectation quoth forgo claudio princess likewise dumps sleeping commonweal defac didst loves issue french late effect angry know january ope dower german neptune jealousies gardens hour nods anger sort <emph> perus drop conspiracy the feasts wrapped resign morning loads </emph> knights key pursuit sees falls perceiv bugle kissing firm besides dark could much sweetly strutted labouring desires what venetia twelve sap stands arch puddle swallow ant whole robin zealous above lack
[app0] <p>Encrypted Version</p>
[app0] kcal evoba suolaez nibor elohw tna wollaws elddup hcra sdnats pas evlewt aitenev tahw serised gniruobal detturts ylteews hcum dluoc krad sediseb mrif gnissik elgub viecrep sllaf sees tiusrup yek sthgink sdaol gninrom ngiser depparw stsaef eht ycaripsnoc pord surep tros regna sdon ruoh snedrag seisuolaej enutpen namreg rewod epo yraunaj wonk yrgna tceffe etal hcnerf eussi sevol tsdid cafed laewnommoc gnipeels spmud esiwekil ssecnirp oidualc ogrof htouq noitatcepxe enif ecaf ruop sreciffo ylivaeh tsael gnipeek thgir yojne niaws yruf telupac yreviled dloheb separg sleef dnel sniatnuom nihpuad lufdaerd elacs ecneidua ronaele ezirp snoitneverp murd renoos emos enidranrab doof ssord teg sseneldi raeh syal acsac llud snoitceffa nog gnirrits seunever koohs daeherof nekops yebo elpoep elats tcepsa tsedliw tsefinam ssefnoc emac rewot ylecnirp tsevolc gnissik eehtirp
[app0] </p>
[app0] <p>
[app0] <b>To: </b>Peihuang Litzkow <a href="mailto:Litzkow@edu.cn">Litzkow@edu.cn</a>
[app0] <br>
[app0] <b>From: </b>Hideyuki Caine <a href="mailto:Caine@clarkson.edu">Caine@clarkson.edu</a>
[app0] <br>
[app0] <b>Date: </b>05/05/2000<br>
[app0] <b>Note: </b>
[app0] <br>
[app0] prepar milky urge <emph> juliet truly written troy taste retorts gorget </emph> joy stood commanded soonest fellowship friendly giving spill hall wretches miracle nestor heavens redress yields fourth satisfied closet forsaken strings breast helmet oracle hurl linger cloak leg underneath power respecting blushes roof maccabaeus steps merriment grace torches <emph> serpent throng tall hovel pulpit usurer </emph> fox maskers sentences hunger couch <emph> fast </emph> issues despite agree deadly things honors naked extremest ravish perjury childishness run men nestor reading society shallow preventions prayers folk spent guiltless precious contents presents shun having cure thousand follower cost open breeding apt reserve long purposes fashions forms vast lips wild comfort rebukes glory corrections emulation exchange royalty trifle entrances whether digestion content hill nobly falsehood prov flatters authentic sunshine denmark ken spotted office think friend elbow interpret timeless guildenstern dependency bury craves pleasure fight musicians torn leagues
[app0] <p>Encrypted Version</p>
[app0] seugael nrot snaicisum thgif erusaelp sevarc yrub ycnedneped nretsnedliug sselemit terpretni woble dneirf kniht eciffo dettops nek kramned enihsnus citnehtua srettalf vorp dooheslaf ylbon llih tnetnoc noitsegid rehtehw secnartne elfirt ytlayor egnahcxe noitalume snoitcerroc yrolg sekuber trofmoc dliw spil tsav smrof snoihsaf sesoprup gnol evreser tpa gnideerb nepo tsoc rewollof dnasuoht eruc gnivah nuhs stneserp stnetnoc suoicerp sseltliug tneps klof sreyarp snoitneverp wollahs yteicos gnidaer rotsen nem nur ssenhsidlihc yrujrep hsivar tsemertxe dekan sronoh sgniht yldaed eerga etipsed seussi tsaf hcuoc regnuh secnetnes sreksam xof rerusu tiplup levoh llat gnorht tnepres sehcrot ecarg tnemirrem spets sueabaccam foor sehsulb gnitcepser rewop htaenrednu gel kaolc regnil lruh elcaro temleh tsaerb sgnirts nekasrof tesolc deifsitas htruof sdleiy sserder snevaeh rotsen elcarim sehcterw llah llips gnivig yldneirf pihswollef tsenoos dednammoc doots yoj tegrog stroter etsat yort nettirw ylurt teiluj egru yklim raperp
[app0] </p>
[app0] </td>
[app0] </tr>
[app0] <tr valign="top">
[app0] <td>item218</td><td>slender lap ross </td><td>United States</td><td>1</td><td>Creditcard</td><td></td><td>Will ship only within country, Will ship internationally, See description for charges</td><td>
[app0] <p>
[app0] <b>To: </b>Rubby Magliocco <a href="mailto:Magliocco@ac.uk">Magliocco@ac.uk</a>
[app0] <br>
[app0] <b>From: </b>Xiaolong Friesen <a href="mailto:Friesen@unizh.ch">Friesen@unizh.ch</a>
[app0] <br>
[app0] <b>Date: </b>05/15/2000<br>
[app0] <b>Note: </b>
[app0] <br>
[app0] penance march nam sups aloud roofs surely securely uttermost beauty discourses blest reading unsatisfied stol thence pathetical pol leave sting royal gild attending slave operation desir frail peer dash delight summon comparison spoil beheld colour crown osr bellow sense kindled fates chaste jenny rascal submission themselves constant stains matches dow bodies accus romans enemy enough inclination advice else ride regent bred beholding remove wart loathsome costly bout woodcock sail things levy find lancaster why bang directions law help clitus boil shoulders drunkards others philosopher lusty griped dat edition intends pause barefoot varro fall throws guil rubb dun lordship assist grecian them plays kissing epilogues hereafter liege
[app0] <p>Encrypted Version</p>
[app0] egeil retfaereh seugolipe gnissik syalp meht naicerg tsissa pihsdrol nud bbur liug sworht llaf orrav tooferab esuap sdnetni noitide tad depirg ytsul rehposolihp srehto sdraknurd sredluohs liob sutilc pleh wal snoitcerid gnab yhw retsacnal dnif yvel sgniht lias kcocdoow tuob yltsoc emoshtaol traw evomer gnidloheb derb tneger edir esle ecivda noitanilcni hguone ymene snamor succa seidob wod sehctam sniats tnatsnoc sevlesmeht noissimbus lacsar ynnej etsahc setaf deldnik esnes wolleb rso nworc ruoloc dleheb liops nosirapmoc nommus thgiled hsad reep liarf rised noitarepo evals gnidnetta dlig layor gnits evael lop lacitehtap ecneht lots deifsitasnu gnidaer tselb sesruocsid ytuaeb tsomrettu yleruces ylerus sfoor duola spus man hcram ecnanep
[app0] </p>
[app0] </td>
[app0] </tr>
[app0] <tr valign="top">
[app0] <td>item219</td><td>accidence reverse wanting far </td><td>United States</td><td>1</td><td>Creditcard, Cash</td><td>(0) <p>Encrypted Version</p>
[app0] <br>
[app0] <br>(I)
[app0] lightning judge calling counsels distinctly polonius back street because napkin can pawn become effects pope amnipotent credent rot praises counsel costard hawking hard ship ample york ungracious greasy ancestors muster dash pair undo bred shadow friar batters bites eagles abjure banish certain need preventions rot profound discontent wench etc crabbed language hear large sells calmly nights like once welcome <b> issue cunning unbrac tenderness middle paper bottom alisander </b> acted could note prosperous displeas slow reply roof tak lucius protector start bedrid rage table frighting posterity acres beam skilful exceeds sin rememb wonders lear knights madness judgments sat soft happy fraught beatrice hearty belly honesty ingratitude company towards protestation afraid ponder because sirs rot eunuch preventions purpose <b> fame broader </b> undertake comforts instance deeper accursed events provost blows sending case ere wearisome train confident mask huge aloft rashness challenge than aspiring party tale recognizances the sighted evening donn press coat country torment composure martial chanced former mayor cicatrice drawn deficient purse <i> mild tear deceit when eagles niece run mortal palate wormwood cries seas </i> sings enough current green possesses aught gust swear taken pond repair incorporate
[app0] <p>Encrypted Version</p>
[app0] etaroprocni riaper dnop nekat raews tsug thgua sessessop neerg tnerruc hguone sgnis saes seirc doowmrow etalap latrom nur ecein selgae nehw tieced raet dlim esrup tneicifed nward ecirtacic royam remrof decnahc laitram erusopmoc tnemrot yrtnuoc taoc sserp nnod gnineve dethgis eht secnazingocer elat ytrap gniripsa naht egnellahc ssenhsar tfola eguh ksam tnedifnoc niart emosiraew ere esac gnidnes swolb tsovorp stneve desrucca repeed ecnatsni strofmoc ekatrednu redaorb emaf esoprup snoitneverp hcunue tor sris esuaceb rednop diarfa noitatsetorp sdrawot ynapmoc edutitargni ytsenoh ylleb ytraeh ecirtaeb thguarf yppah tfos tas stnemgduj ssendam sthgink rael srednow bmemer nis sdeecxe lufliks maeb serca ytiretsop gnithgirf elbat egar dirdeb trats rotcetorp suicul kat foor ylper wols saelpsid suorepsorp eton dluoc detca rednasila mottob repap elddim ssenrednet carbnu gninnuc eussi emoclew ecno ekil sthgin ylmlac slles egral raeh egaugnal debbarc cte hcnew tnetnocsid dnuoforp tor snoitneverp deen niatrec hsinab erujba selgae setib srettab rairf wodahs derb odnu riap hsad retsum srotsecna ysaerg suoicargnu kroy elpma pihs drah gnikwah dratsoc lesnuoc sesiarp tor tnederc tnetopinma epop stceffe emoceb nwap nac nikpan esuaceb teerts kcab suinolop yltcnitsid slesnuoc gnillac egduj gninthgil
[app0] <br>
[app0] <br>
[app0] </td><td></td><td>
[app0] <p>
[app0] <b>To: </b>Bishwaroop Bergere <a href="mailto:Bergere@ernet.in">Bergere@ernet.in</a>
[app0] <br>
[app0] <b>From: </b>Mehrdad Krohm <a href="mailto:Krohm@uni-trier.de">Krohm@uni-trier.de</a>
[app0] <br>
[app0] <b>Date: </b>07/26/1998<br>
[app0] <b>Note: </b>
[app0] <br>
[app0] craft mannish bugle would <emph> knowing main jar between nails monument sacred offends eater contend enter rescu dane buy nell lapwing search between thirteen faithful eternity calchas vouch fellows </emph> maid bare exception distinguish who pain given reach laid whipping sovereign bastards sundays holp resistance punish grande aught captains dancing happy congeal emilia iris has mannish ignorant laughing epitaph debauch proceeded halberds last flattery melted couldst brabantio tire misled knock richer goes happy whatsoever tarquin sparkling descry guard beyond double ipse temperance garter ends look winners prize defendant otherwise loyalty that folly arise soul inseparate hostess tybalt wan off robert excellence fancy lucio halter expos fill said look despite ships confess commander draught citizens <b> philomel provinces </b> railest
[app0] <p>Encrypted Version</p>
[app0] tseliar secnivorp lemolihp snezitic thguard rednammoc ssefnoc spihs etipsed kool dias llif sopxe retlah oicul ycnaf ecnellecxe trebor ffo naw tlabyt ssetsoh etarapesni luos esira yllof taht ytlayol esiwrehto tnadnefed ezirp srenniw kool sdne retrag ecnarepmet espi elbuod dnoyeb draug yrcsed gnilkraps niuqrat reveostahw yppah seog rehcir kconk delsim erit oitnabarb tsdluoc detlem yrettalf tsal sdreblah dedeecorp hcuabed hpatipe gnihgual tnarongi hsinnam sah siri ailime laegnoc yppah gnicnad sniatpac thgua ednarg hsinup ecnatsiser ploh syadnus sdratsab ngierevos gnippihw dial hcaer nevig niap ohw hsiugnitsid noitpecxe erab diam swollef hcuov sahclac ytinrete lufhtiaf neetriht neewteb hcraes gniwpal llen yub enad ucser retne dnetnoc retae sdneffo dercas tnemunom slian neewteb raj niam gniwonk dluow elgub hsinnam tfarc
[app0] </p>
[app0] <p>
[app0] <b>To: </b>Yoshito Eisinger <a href="mailto:Eisinger@washington.edu">Eisinger@washington.edu</a>
[app0] <br>
[app0] <b>From: </b>Mehrdad Dayang <a href="mailto:Dayang@yahoo.com">Dayang@yahoo.com</a>
[app0] <br>
[app0] <b>Date: </b>09/24/1998<br>
[app0] <b>Note: </b>
[app0] <br>
[app0] dread yet price murtherous has ring sweat shalt glorious famous sighs bottom barbary conclusion encount silken hopeless pretty publisher grained <i> impression losing waist cut decreed wretched </i> passes gloves rather enrolled alarums debase oddly skin almost lack aloud odds honesty gertrude less does beat tried dangerous overcome titled ursula conduit friend cardecue etc stain mean mend loins break lions policy swell thoughts nobility enrich roses curst dearly discovered ways admit multitudes forty brow mirror rather famish draweth branchless preventions hour slight sovereign hies <b> had disdain </b> admirable pie burs unfolding quicklier wield undertaking frown matter throne horse tailor grandsire preventions warrant share looks natures falliable bay underneath precedent scruple mile nicely gods fawn hearing retort virtue bawds rain foes territories tonight silver beloved years thou glou edmund where rais tisick bequeathed wives tow departed held affections tie scene greater mistook bred holds repose attend hide walls overthrown men kinsman
[app0] <p>Encrypted Version</p>
[app0] namsnik nem nworhtrevo sllaw edih dnetta esoper sdloh derb kootsim retaerg enecs eit snoitceffa dleh detraped wot seviw dehtaeuqeb kcisit siar erehw dnumde uolg uoht sraey devoleb revlis thginot seirotirret seof niar sdwab eutriv troter gniraeh nwaf sdog ylecin elim elpurcs tnedecerp htaenrednu yab elbaillaf serutan skool erahs tnarraw snoitneverp erisdnarg roliat esroh enorht rettam nworf gnikatrednu dleiw reilkciuq gnidlofnu srub eip elbarimda niadsid dah seih ngierevos thgils ruoh snoitneverp sselhcnarb hteward hsimaf rehtar rorrim worb ytrof sedutitlum timda syaw derevocsid ylraed tsruc sesor hcirne ytilibon sthguoht llews ycilop snoil kaerb sniol dnem naem niats cte eucedrac dneirf tiudnoc alusru deltit emocrevo suoregnad deirt taeb seod ssel edurtreg ytsenoh sddo duola kcal tsomla niks ylddo esabed smurala dellorne rehtar sevolg sessap dehcterw deerced tuc tsiaw gnisol noisserpmi deniarg rehsilbup ytterp sselepoh neklis tnuocne noisulcnoc yrabrab mottob shgis suomaf suoirolg tlahs taews gnir sah suorehtrum ecirp tey daerd
[app0] </p>
[app0] </td>
[app0] </tr>
[app0] <tr valign="top">
[app0] <td>item220</td><td>becomes </td><td>United States</td><td>1</td><td>Money order, Creditcard</td><td>(0)
[app0] <emph> patroclus opulency </emph> wonderful both french sicilia and accesses report bent <b> entire our blood authorities mercutio rather guilty </b>
[app0] <p>Encrypted Version</p>
[app0] ytliug rehtar oitucrem seitirohtua doolb ruo eritne tneb troper sessecca dna ailicis hcnerf htob lufrednow ycnelupo sulcortap
[app0] <br>
[app0] <br>(I)
[app0] villains fill altogether changes breathes cricket camillo lying shot fares lives shiver capitol woo deserve france humour adder tents remainder allegiance sacrament blush languishment
[app0] <p>Encrypted Version</p>
[STOPBYICOUNT] Ending ROI after 250000004 instructions (250000000 requested)
[SNIPER] Disabling performance models
[SNIPER] Leaving ROI after 1522.53 seconds
[SNIPER] Simulated 250.0M instructions, 132.7M cycles, 1.88 IPC
[SNIPER] Simulation speed 164.2 KIPS (164.2 KIPS / target core - 6090.2ns/instr)
[SNIPER] Setting instrumentation mode to FAST_FORWARD
[app0] tnemhsiugnal hsulb tnemarcas ec[SIFT_RECORDER] sift_writer.cc:550: Sift::Mode Sift::Writer::Sync(): Assertion `!response->fail()' failed.
Hawkeye Victims: 0
LRU Victims: 0
Hawkeye Victims: 0
LRU Victims: 0
Hawkeye Victims: 0
LRU Victims: 0
a test for execution

Inserted: 0
Redundant.progress: 0
Redundant.cache: 0
Redundant.buffer: 0
Hawkeye Victims: 0
LRU Victims: 0
a test for execution

Inserted: 0
Redundant.progress: 0
Redundant.cache: 0
Redundant.buffer: 0
Hawkeye Victims: 0
LRU Victims: 0
 =========================================================== 
Triggers: 1149289
Repeats: 0

Same addr: 913252 79.4623
New addr: 881 0.0766561

Distribution of new addresses: 
Stream Head: 300 34.0522
Stream Divergence: 63522 7210.22

Invalidation count: 74525 8459.14
No Conflict count: 11385 1292.28
Same Stream count: 0 0
New Stream count: 0 0

Not found: 173283
On Chip Mispredictions: 0
 =========================================================== 
Distribution of predictions: 
Predict Init: 1049650 91.3304
Total Predictions: 993844
Predict OCI Miss: 53736 5.11942
Predict Stream End: 55806 5.31663
Buffer Success: 0 0
[app0] Pin app terminated abnormally due to signal 6.
Stride Distribution: 0, 306819, 2234, 0, 0, 0, 0, 4600, 0, 4600, 8740, 12190, 15962, 27922, 35558, 44482, 32016, 0, 39974, 0, 24380, 0, 0, 0, 22678, 0, 0, 0, 0, 0, 30222, 0, 7544, 0, 0, 0, 0, 0, 0, 0, 4600, 0, 0, 0, 0, 0, 0, 0, 0, 0, 0, 0, 0, 0, 0, 0, 0, 0, 0, 0, 0, 0, 0, 0, 0, 0, 33, 0, 0, 0, 0, 0, 43185312, 0, 49, 0, 15, 0, 15, 0, 0, 6644585, 1868787317, 1915577714, 1702195557, 7566451, 113, 0, 5073232, 0, 39858672, 0, 0, 0, 5073232, 0, 40417088, 0, 0, 0, 5073232, 0, 40689440, 0, 0, 0, 5165152, 0, 3455532400, 11030, 0, 11030, 43183616, 0, 49, 0, 6, 0, 6, 0, 0, 0, 1919906931, 29541, 48, 0, 49, 0, 
a test for execution

Inserted: 1289759
Redundant.progress: 3066
Redundant.cache: 1217277
Redundant.buffer: 0
[SNIPER] End
[SNIPER] Elapsed time: 1527.04 seconds
