000 (516152.000.000) 05/05 17:13:25 Job submitted from host: <128.83.144.149:44250?addrs=128.83.144.149-44250>
...
009 (516152.000.000) 05/05 17:14:25 Job was aborted by the user.
	via condor_rm (by user ypei)
...
000 (516359.000.000) 05/05 17:15:10 Job submitted from host: <128.83.144.149:44250?addrs=128.83.144.149-44250>
...
009 (516359.000.000) 05/05 17:18:08 Job was aborted by the user.
	via condor_rm (by user ypei)
...
000 (516566.000.000) 05/05 17:18:40 Job submitted from host: <128.83.144.149:44250?addrs=128.83.144.149-44250>
...
009 (516566.000.000) 05/05 17:21:25 Job was aborted by the user.
	via condor_rm (by user ypei)
...
000 (517187.000.000) 05/05 17:22:04 Job submitted from host: <128.83.144.149:44250?addrs=128.83.144.149-44250>
...
001 (517187.000.000) 05/05 17:41:36 Job executing on host: <128.83.120.229:58979?addrs=128.83.120.229-58979>
...
006 (517187.000.000) 05/05 17:41:45 Image size of job updated: 955744
	64  -  MemoryUsage of job (MB)
	65176  -  ResidentSetSize of job (KB)
...
006 (517187.000.000) 05/05 17:46:46 Image size of job updated: 1132120
	176  -  MemoryUsage of job (MB)
	179360  -  ResidentSetSize of job (KB)
...
006 (517187.000.000) 05/05 17:51:46 Image size of job updated: 1132180
	211  -  MemoryUsage of job (MB)
	216048  -  ResidentSetSize of job (KB)
...
006 (517187.000.000) 05/05 17:56:46 Image size of job updated: 1133816
	238  -  MemoryUsage of job (MB)
	242872  -  ResidentSetSize of job (KB)
...
006 (517187.000.000) 05/05 17:59:30 Image size of job updated: 1133820
	238  -  MemoryUsage of job (MB)
	242872  -  ResidentSetSize of job (KB)
...
005 (517187.000.000) 05/05 17:59:30 Job terminated.
	(1) Normal termination (return value 0)
		Usr 0 00:17:30, Sys 0 00:00:14  -  Run Remote Usage
		Usr 0 00:00:00, Sys 0 00:00:00  -  Run Local Usage
		Usr 0 00:17:30, Sys 0 00:00:14  -  Total Remote Usage
		Usr 0 00:00:00, Sys 0 00:00:00  -  Total Local Usage
	0  -  Run Bytes Sent By Job
	0  -  Run Bytes Received By Job
	0  -  Total Bytes Sent By Job
	0  -  Total Bytes Received By Job
	Partitionable Resources :    Usage  Request Allocated
	   Cpus                 :                 1         1
	   Disk (KB)            :        2        2    828969
	   Gpus                 :                           0
	   Memory (MB)          :      238        1     12899
...
000 (518222.000.000) 05/06 21:33:21 Job submitted from host: <128.83.144.149:44250?addrs=128.83.144.149-44250>
...
009 (518222.000.000) 05/06 21:33:42 Job was aborted by the user.
	via condor_rm (by user ypei)
...
000 (518429.000.000) 05/06 21:34:29 Job submitted from host: <128.83.144.149:44250?addrs=128.83.144.149-44250>
...
001 (518429.000.000) 05/06 21:58:51 Job executing on host: <128.83.139.15:46714?addrs=128.83.139.15-46714>
...
006 (518429.000.000) 05/06 21:58:59 Image size of job updated: 1128760
	92  -  MemoryUsage of job (MB)
	93880  -  ResidentSetSize of job (KB)
...
006 (518429.000.000) 05/06 22:03:59 Image size of job updated: 1131880
	172  -  MemoryUsage of job (MB)
	176128  -  ResidentSetSize of job (KB)
...
006 (518429.000.000) 05/06 22:09:00 Image size of job updated: 1132548
	196  -  MemoryUsage of job (MB)
	200088  -  ResidentSetSize of job (KB)
...
006 (518429.000.000) 05/06 22:14:01 Image size of job updated: 1132548
	221  -  MemoryUsage of job (MB)
	225640  -  ResidentSetSize of job (KB)
...
006 (518429.000.000) 05/06 22:19:01 Image size of job updated: 1133588
	234  -  MemoryUsage of job (MB)
	239132  -  ResidentSetSize of job (KB)
...
005 (518429.000.000) 05/06 22:22:19 Job terminated.
	(1) Normal termination (return value 0)
		Usr 0 00:22:53, Sys 0 00:00:30  -  Run Remote Usage
		Usr 0 00:00:00, Sys 0 00:00:00  -  Run Local Usage
		Usr 0 00:22:53, Sys 0 00:00:30  -  Total Remote Usage
		Usr 0 00:00:00, Sys 0 00:00:00  -  Total Local Usage
	0  -  Run Bytes Sent By Job
	0  -  Run Bytes Received By Job
	0  -  Total Bytes Sent By Job
	0  -  Total Bytes Received By Job
	Partitionable Resources :    Usage  Request Allocated
	   Cpus                 :                 1         1
	   Disk (KB)            :        2        2   1672476
	   Gpus                 :                           0
	   Memory (MB)          :      234        1     12899
...
000 (381997.000.000) 05/07 00:29:15 Job submitted from host: <128.83.144.155:57685?addrs=128.83.144.155-57685>
...
001 (381997.000.000) 05/07 00:51:14 Job executing on host: <128.83.139.15:46714?addrs=128.83.139.15-46714>
...
006 (381997.000.000) 05/07 00:51:23 Image size of job updated: 951444
	59  -  MemoryUsage of job (MB)
	60328  -  ResidentSetSize of job (KB)
...
006 (381997.000.000) 05/07 00:56:24 Image size of job updated: 1131556
	161  -  MemoryUsage of job (MB)
	164080  -  ResidentSetSize of job (KB)
...
006 (381997.000.000) 05/07 01:01:24 Image size of job updated: 1131868
	194  -  MemoryUsage of job (MB)
	198096  -  ResidentSetSize of job (KB)
...
006 (381997.000.000) 05/07 01:06:24 Image size of job updated: 1132428
	214  -  MemoryUsage of job (MB)
	218668  -  ResidentSetSize of job (KB)
...
006 (381997.000.000) 05/07 01:11:25 Image size of job updated: 1133848
	234  -  MemoryUsage of job (MB)
	238680  -  ResidentSetSize of job (KB)
...
006 (381997.000.000) 05/07 01:16:26 Image size of job updated: 1133848
	241  -  MemoryUsage of job (MB)
	246548  -  ResidentSetSize of job (KB)
...
005 (381997.000.000) 05/07 01:16:42 Job terminated.
	(1) Normal termination (return value 0)
		Usr 0 00:24:49, Sys 0 00:00:32  -  Run Remote Usage
		Usr 0 00:00:00, Sys 0 00:00:00  -  Run Local Usage
		Usr 0 00:24:49, Sys 0 00:00:32  -  Total Remote Usage
		Usr 0 00:00:00, Sys 0 00:00:00  -  Total Local Usage
	0  -  Run Bytes Sent By Job
	0  -  Run Bytes Received By Job
	0  -  Total Bytes Sent By Job
	0  -  Total Bytes Received By Job
	Partitionable Resources :    Usage  Request Allocated
	   Cpus                 :                 1         1
	   Disk (KB)            :        2        2   1672476
	   Gpus                 :                           0
	   Memory (MB)          :      241        1     12899
...
