000 (516115.000.000) 05/05 17:13:22 Job submitted from host: <128.83.144.149:44250?addrs=128.83.144.149-44250>
...
009 (516115.000.000) 05/05 17:14:24 Job was aborted by the user.
	via condor_rm (by user ypei)
...
000 (516322.000.000) 05/05 17:15:06 Job submitted from host: <128.83.144.149:44250?addrs=128.83.144.149-44250>
...
009 (516322.000.000) 05/05 17:18:08 Job was aborted by the user.
	via condor_rm (by user ypei)
...
000 (516529.000.000) 05/05 17:18:37 Job submitted from host: <128.83.144.149:44250?addrs=128.83.144.149-44250>
...
009 (516529.000.000) 05/05 17:21:28 Job was aborted by the user.
	via condor_rm (by user ypei)
...
000 (517150.000.000) 05/05 17:22:00 Job submitted from host: <128.83.144.149:44250?addrs=128.83.144.149-44250>
...
001 (517150.000.000) 05/05 17:39:15 Job executing on host: <128.83.144.88:55827?addrs=128.83.144.88-55827>
...
006 (517150.000.000) 05/05 17:39:23 Image size of job updated: 341136
	22  -  MemoryUsage of job (MB)
	21912  -  ResidentSetSize of job (KB)
...
006 (517150.000.000) 05/05 17:44:23 Image size of job updated: 939588
	121  -  MemoryUsage of job (MB)
	123864  -  ResidentSetSize of job (KB)
...
006 (517150.000.000) 05/05 17:49:24 Image size of job updated: 939664
	134  -  MemoryUsage of job (MB)
	136244  -  ResidentSetSize of job (KB)
...
006 (517150.000.000) 05/05 17:51:58 Image size of job updated: 939684
	134  -  MemoryUsage of job (MB)
	136244  -  ResidentSetSize of job (KB)
...
005 (517150.000.000) 05/05 17:51:58 Job terminated.
	(1) Normal termination (return value 0)
		Usr 0 00:12:10, Sys 0 00:00:03  -  Run Remote Usage
		Usr 0 00:00:00, Sys 0 00:00:00  -  Run Local Usage
		Usr 0 00:12:10, Sys 0 00:00:03  -  Total Remote Usage
		Usr 0 00:00:00, Sys 0 00:00:00  -  Total Local Usage
	0  -  Run Bytes Sent By Job
	0  -  Run Bytes Received By Job
	0  -  Total Bytes Sent By Job
	0  -  Total Bytes Received By Job
	Partitionable Resources :    Usage  Request Allocated
	   Cpus                 :                 1         1
	   Disk (KB)            :        1        1   2250170
	   Gpus                 :                           0
	   Memory (MB)          :      134        1      4028
...
000 (382581.000.000) 05/07 03:40:02 Job submitted from host: <128.83.144.155:57685?addrs=128.83.144.155-57685>
...
001 (382581.000.000) 05/07 04:24:39 Job executing on host: <128.83.120.250:59851?addrs=128.83.120.250-59851>
...
006 (382581.000.000) 05/07 04:24:48 Image size of job updated: 1
	2  -  MemoryUsage of job (MB)
	1692  -  ResidentSetSize of job (KB)
...
006 (382581.000.000) 05/07 04:29:49 Image size of job updated: 939624
	116  -  MemoryUsage of job (MB)
	118228  -  ResidentSetSize of job (KB)
...
006 (382581.000.000) 05/07 04:34:49 Image size of job updated: 939688
	121  -  MemoryUsage of job (MB)
	123664  -  ResidentSetSize of job (KB)
...
006 (382581.000.000) 05/07 04:39:49 Image size of job updated: 939720
	123  -  MemoryUsage of job (MB)
	125800  -  ResidentSetSize of job (KB)
...
005 (382581.000.000) 05/07 04:42:50 Job terminated.
	(1) Normal termination (return value 0)
		Usr 0 00:17:38, Sys 0 00:00:22  -  Run Remote Usage
		Usr 0 00:00:00, Sys 0 00:00:00  -  Run Local Usage
		Usr 0 00:17:38, Sys 0 00:00:22  -  Total Remote Usage
		Usr 0 00:00:00, Sys 0 00:00:00  -  Total Local Usage
	0  -  Run Bytes Sent By Job
	0  -  Run Bytes Received By Job
	0  -  Total Bytes Sent By Job
	0  -  Total Bytes Received By Job
	Partitionable Resources :    Usage  Request Allocated
	   Cpus                 :                 1         1
	   Disk (KB)            :        1        1    798511
	   Gpus                 :                           0
	   Memory (MB)          :      123        1     12899
...
000 (518599.000.000) 05/07 13:18:27 Job submitted from host: <128.83.144.149:44250?addrs=128.83.144.149-44250>
...
009 (518599.000.000) 05/07 13:23:36 Job was aborted by the user.
	via condor_rm (by user ypei)
...
000 (518806.000.000) 05/07 13:24:01 Job submitted from host: <128.83.144.149:44250?addrs=128.83.144.149-44250>
...
001 (518806.000.000) 05/07 13:39:46 Job executing on host: <128.83.144.147:58788?addrs=128.83.144.147-58788>
...
006 (518806.000.000) 05/07 13:39:54 Image size of job updated: 1
	2  -  MemoryUsage of job (MB)
	1624  -  ResidentSetSize of job (KB)
...
006 (518806.000.000) 05/07 13:44:54 Image size of job updated: 940056
	114  -  MemoryUsage of job (MB)
	115964  -  ResidentSetSize of job (KB)
...
006 (518806.000.000) 05/07 13:49:56 Image size of job updated: 940132
	119  -  MemoryUsage of job (MB)
	121436  -  ResidentSetSize of job (KB)
...
006 (518806.000.000) 05/07 13:53:09 Image size of job updated: 940156
	119  -  MemoryUsage of job (MB)
	121436  -  ResidentSetSize of job (KB)
...
005 (518806.000.000) 05/07 13:53:10 Job terminated.
	(1) Normal termination (return value 0)
		Usr 0 00:13:07, Sys 0 00:00:07  -  Run Remote Usage
		Usr 0 00:00:00, Sys 0 00:00:00  -  Run Local Usage
		Usr 0 00:13:07, Sys 0 00:00:07  -  Total Remote Usage
		Usr 0 00:00:00, Sys 0 00:00:00  -  Total Local Usage
	0  -  Run Bytes Sent By Job
	0  -  Run Bytes Received By Job
	0  -  Total Bytes Sent By Job
	0  -  Total Bytes Received By Job
	Partitionable Resources :    Usage  Request Allocated
	   Cpus                 :                 1         1
	   Disk (KB)            :        1        1   1862075
	   Gpus                 :                           0
	   Memory (MB)          :      119        1     21164
...
000 (519220.000.000) 05/07 14:36:43 Job submitted from host: <128.83.144.149:44250?addrs=128.83.144.149-44250>
...
001 (519220.000.000) 05/07 14:52:14 Job executing on host: <128.83.130.161:35317?addrs=128.83.130.161-35317>
...
006 (519220.000.000) 05/07 14:52:22 Image size of job updated: 1
	2  -  MemoryUsage of job (MB)
	1624  -  ResidentSetSize of job (KB)
...
006 (519220.000.000) 05/07 14:57:22 Image size of job updated: 940056
	111  -  MemoryUsage of job (MB)
	113484  -  ResidentSetSize of job (KB)
...
006 (519220.000.000) 05/07 15:02:23 Image size of job updated: 940132
	117  -  MemoryUsage of job (MB)
	118868  -  ResidentSetSize of job (KB)
...
006 (519220.000.000) 05/07 15:05:54 Image size of job updated: 940156
	117  -  MemoryUsage of job (MB)
	118868  -  ResidentSetSize of job (KB)
...
005 (519220.000.000) 05/07 15:05:54 Job terminated.
	(1) Normal termination (return value 0)
		Usr 0 00:13:19, Sys 0 00:00:07  -  Run Remote Usage
		Usr 0 00:00:00, Sys 0 00:00:00  -  Run Local Usage
		Usr 0 00:13:19, Sys 0 00:00:07  -  Total Remote Usage
		Usr 0 00:00:00, Sys 0 00:00:00  -  Total Local Usage
	0  -  Run Bytes Sent By Job
	0  -  Run Bytes Received By Job
	0  -  Total Bytes Sent By Job
	0  -  Total Bytes Received By Job
	Partitionable Resources :    Usage  Request Allocated
	   Cpus                 :                 1         1
	   Disk (KB)            :        1        1   1909593
	   Gpus                 :                           0
	   Memory (MB)          :      117        1     21164
...
000 (382995.000.000) 05/07 20:17:07 Job submitted from host: <128.83.144.155:57685?addrs=128.83.144.155-57685>
...
001 (382995.000.000) 05/07 20:54:49 Job executing on host: <128.83.144.5:44408?addrs=128.83.144.5-44408>
...
006 (382995.000.000) 05/07 20:54:58 Image size of job updated: 2
	2  -  MemoryUsage of job (MB)
	1668  -  ResidentSetSize of job (KB)
...
006 (382995.000.000) 05/07 20:59:59 Image size of job updated: 939484
	116  -  MemoryUsage of job (MB)
	118400  -  ResidentSetSize of job (KB)
...
006 (382995.000.000) 05/07 21:04:59 Image size of job updated: 939548
	121  -  MemoryUsage of job (MB)
	122980  -  ResidentSetSize of job (KB)
...
006 (382995.000.000) 05/07 21:09:59 Image size of job updated: 939572
	123  -  MemoryUsage of job (MB)
	125684  -  ResidentSetSize of job (KB)
...
006 (382995.000.000) 05/07 21:13:22 Image size of job updated: 939580
	123  -  MemoryUsage of job (MB)
	125684  -  ResidentSetSize of job (KB)
...
005 (382995.000.000) 05/07 21:13:22 Job terminated.
	(1) Normal termination (return value 0)
		Usr 0 00:17:56, Sys 0 00:00:31  -  Run Remote Usage
		Usr 0 00:00:00, Sys 0 00:00:00  -  Run Local Usage
		Usr 0 00:17:56, Sys 0 00:00:31  -  Total Remote Usage
		Usr 0 00:00:00, Sys 0 00:00:00  -  Total Local Usage
	0  -  Run Bytes Sent By Job
	0  -  Run Bytes Received By Job
	0  -  Total Bytes Sent By Job
	0  -  Total Bytes Received By Job
	Partitionable Resources :    Usage  Request Allocated
	   Cpus                 :                 1         1
	   Disk (KB)            :        2        2    787234
	   Gpus                 :                           0
	   Memory (MB)          :      123        1     12899
...
000 (384237.000.000) 05/08 05:53:10 Job submitted from host: <128.83.144.155:57685?addrs=128.83.144.155-57685>
...
001 (384237.000.000) 05/08 06:30:39 Job executing on host: <128.83.139.9:47643?addrs=128.83.139.9-47643>
...
006 (384237.000.000) 05/08 06:30:48 Image size of job updated: 938120
	86  -  MemoryUsage of job (MB)
	87148  -  ResidentSetSize of job (KB)
...
006 (384237.000.000) 05/08 06:35:49 Image size of job updated: 939740
	116  -  MemoryUsage of job (MB)
	118588  -  ResidentSetSize of job (KB)
...
006 (384237.000.000) 05/08 06:40:49 Image size of job updated: 939804
	122  -  MemoryUsage of job (MB)
	123992  -  ResidentSetSize of job (KB)
...
006 (384237.000.000) 05/08 06:45:49 Image size of job updated: 939836
	124  -  MemoryUsage of job (MB)
	126404  -  ResidentSetSize of job (KB)
...
005 (384237.000.000) 05/08 06:47:51 Job terminated.
	(1) Normal termination (return value 0)
		Usr 0 00:16:33, Sys 0 00:00:18  -  Run Remote Usage
		Usr 0 00:00:00, Sys 0 00:00:00  -  Run Local Usage
		Usr 0 00:16:33, Sys 0 00:00:18  -  Total Remote Usage
		Usr 0 00:00:00, Sys 0 00:00:00  -  Total Local Usage
	0  -  Run Bytes Sent By Job
	0  -  Run Bytes Received By Job
	0  -  Total Bytes Sent By Job
	0  -  Total Bytes Received By Job
	Partitionable Resources :    Usage  Request Allocated
	   Cpus                 :                 1         1
	   Disk (KB)            :        1        1   1678545
	   Gpus                 :                           0
	   Memory (MB)          :      124        1     12899
...
000 (417630.000.000) 05/09 03:37:35 Job submitted from host: <128.83.144.154:52346?addrs=128.83.144.154-52346>
...
001 (417630.000.000) 05/09 04:12:59 Job executing on host: <128.83.139.143:55125?addrs=128.83.139.143-55125>
...
006 (417630.000.000) 05/09 04:13:08 Image size of job updated: 938152
	84  -  MemoryUsage of job (MB)
	85532  -  ResidentSetSize of job (KB)
...
006 (417630.000.000) 05/09 04:18:09 Image size of job updated: 939920
	116  -  MemoryUsage of job (MB)
	117764  -  ResidentSetSize of job (KB)
...
006 (417630.000.000) 05/09 04:23:09 Image size of job updated: 940020
	123  -  MemoryUsage of job (MB)
	124992  -  ResidentSetSize of job (KB)
...
005 (417630.000.000) 05/09 04:25:34 Job terminated.
	(1) Normal termination (return value 0)
		Usr 0 00:12:14, Sys 0 00:00:08  -  Run Remote Usage
		Usr 0 00:00:00, Sys 0 00:00:00  -  Run Local Usage
		Usr 0 00:12:14, Sys 0 00:00:08  -  Total Remote Usage
		Usr 0 00:00:00, Sys 0 00:00:00  -  Total Local Usage
	0  -  Run Bytes Sent By Job
	0  -  Run Bytes Received By Job
	0  -  Total Bytes Sent By Job
	0  -  Total Bytes Received By Job
	Partitionable Resources :    Usage  Request Allocated
	   Cpus                 :                 1         1
	   Disk (KB)            :        2        2   7539964
	   Gpus                 :                           0
	   Memory (MB)          :      123        1      4027
...
