000 (516097.000.000) 05/05 17:13:20 Job submitted from host: <128.83.144.149:44250?addrs=128.83.144.149-44250>
...
009 (516097.000.000) 05/05 17:14:24 Job was aborted by the user.
	via condor_rm (by user ypei)
...
000 (516304.000.000) 05/05 17:15:05 Job submitted from host: <128.83.144.149:44250?addrs=128.83.144.149-44250>
...
009 (516304.000.000) 05/05 17:18:08 Job was aborted by the user.
	via condor_rm (by user ypei)
...
000 (516511.000.000) 05/05 17:18:35 Job submitted from host: <128.83.144.149:44250?addrs=128.83.144.149-44250>
...
009 (516511.000.000) 05/05 17:21:20 Job was aborted by the user.
	via condor_rm (by user ypei)
...
000 (517132.000.000) 05/05 17:21:59 Job submitted from host: <128.83.144.149:44250?addrs=128.83.144.149-44250>
...
001 (517132.000.000) 05/05 17:34:36 Job executing on host: <128.83.139.14:44306?addrs=128.83.139.14-44306>
...
006 (517132.000.000) 05/05 17:34:45 Image size of job updated: 1007732
	85  -  MemoryUsage of job (MB)
	86476  -  ResidentSetSize of job (KB)
...
006 (517132.000.000) 05/05 17:39:46 Image size of job updated: 1081636
	223  -  MemoryUsage of job (MB)
	228016  -  ResidentSetSize of job (KB)
...
006 (517132.000.000) 05/05 17:44:46 Image size of job updated: 1081636
	232  -  MemoryUsage of job (MB)
	237556  -  ResidentSetSize of job (KB)
...
005 (517132.000.000) 05/05 17:46:24 Job terminated.
	(1) Normal termination (return value 0)
		Usr 0 00:11:29, Sys 0 00:00:09  -  Run Remote Usage
		Usr 0 00:00:00, Sys 0 00:00:00  -  Run Local Usage
		Usr 0 00:11:29, Sys 0 00:00:09  -  Total Remote Usage
		Usr 0 00:00:00, Sys 0 00:00:00  -  Total Local Usage
	0  -  Run Bytes Sent By Job
	0  -  Run Bytes Received By Job
	0  -  Total Bytes Sent By Job
	0  -  Total Bytes Received By Job
	Partitionable Resources :    Usage  Request Allocated
	   Cpus                 :                 1         1
	   Disk (KB)            :        1        1   1695320
	   Gpus                 :                           0
	   Memory (MB)          :      232        1     12899
...
000 (518167.000.000) 05/06 21:33:17 Job submitted from host: <128.83.144.149:44250?addrs=128.83.144.149-44250>
...
009 (518167.000.000) 05/06 21:33:42 Job was aborted by the user.
	via condor_rm (by user ypei)
...
000 (518374.000.000) 05/06 21:34:24 Job submitted from host: <128.83.144.149:44250?addrs=128.83.144.149-44250>
...
001 (518374.000.000) 05/06 21:52:17 Job executing on host: <128.83.139.15:46714?addrs=128.83.139.15-46714>
...
006 (518374.000.000) 05/06 21:52:26 Image size of job updated: 1
	2  -  MemoryUsage of job (MB)
	1680  -  ResidentSetSize of job (KB)
...
006 (518374.000.000) 05/06 21:57:28 Image size of job updated: 1015168
	194  -  MemoryUsage of job (MB)
	198372  -  ResidentSetSize of job (KB)
...
006 (518374.000.000) 05/06 22:02:28 Image size of job updated: 1081704
	223  -  MemoryUsage of job (MB)
	228188  -  ResidentSetSize of job (KB)
...
006 (518374.000.000) 05/06 22:07:28 Image size of job updated: 1081720
	229  -  MemoryUsage of job (MB)
	234496  -  ResidentSetSize of job (KB)
...
006 (518374.000.000) 05/06 22:12:29 Image size of job updated: 1081736
	232  -  MemoryUsage of job (MB)
	237300  -  ResidentSetSize of job (KB)
...
005 (518374.000.000) 05/06 22:14:41 Job terminated.
	(1) Normal termination (return value 0)
		Usr 0 00:21:33, Sys 0 00:00:32  -  Run Remote Usage
		Usr 0 00:00:00, Sys 0 00:00:00  -  Run Local Usage
		Usr 0 00:21:33, Sys 0 00:00:32  -  Total Remote Usage
		Usr 0 00:00:00, Sys 0 00:00:00  -  Total Local Usage
	0  -  Run Bytes Sent By Job
	0  -  Run Bytes Received By Job
	0  -  Total Bytes Sent By Job
	0  -  Total Bytes Received By Job
	Partitionable Resources :    Usage  Request Allocated
	   Cpus                 :                 1         1
	   Disk (KB)            :        1        1   1672476
	   Gpus                 :                           0
	   Memory (MB)          :      232        1     12899
...
000 (381942.000.000) 05/07 00:29:10 Job submitted from host: <128.83.144.155:57685?addrs=128.83.144.155-57685>
...
001 (381942.000.000) 05/07 00:44:03 Job executing on host: <128.83.144.147:58788?addrs=128.83.144.147-58788>
...
006 (381942.000.000) 05/07 00:44:11 Image size of job updated: 842960
	62  -  MemoryUsage of job (MB)
	62756  -  ResidentSetSize of job (KB)
...
006 (381942.000.000) 05/07 00:49:11 Image size of job updated: 1015332
	190  -  MemoryUsage of job (MB)
	193964  -  ResidentSetSize of job (KB)
...
006 (381942.000.000) 05/07 00:54:12 Image size of job updated: 1081836
	220  -  MemoryUsage of job (MB)
	224604  -  ResidentSetSize of job (KB)
...
006 (381942.000.000) 05/07 00:59:12 Image size of job updated: 1081856
	224  -  MemoryUsage of job (MB)
	228684  -  ResidentSetSize of job (KB)
...
006 (381942.000.000) 05/07 01:04:12 Image size of job updated: 1081856
	226  -  MemoryUsage of job (MB)
	231232  -  ResidentSetSize of job (KB)
...
006 (381942.000.000) 05/07 01:09:13 Image size of job updated: 1081868
	229  -  MemoryUsage of job (MB)
	233628  -  ResidentSetSize of job (KB)
...
005 (381942.000.000) 05/07 01:09:49 Job terminated.
	(1) Normal termination (return value 0)
		Usr 0 00:24:47, Sys 0 00:00:50  -  Run Remote Usage
		Usr 0 00:00:00, Sys 0 00:00:00  -  Run Local Usage
		Usr 0 00:24:47, Sys 0 00:00:50  -  Total Remote Usage
		Usr 0 00:00:00, Sys 0 00:00:00  -  Total Local Usage
	0  -  Run Bytes Sent By Job
	0  -  Run Bytes Received By Job
	0  -  Total Bytes Sent By Job
	0  -  Total Bytes Received By Job
	Partitionable Resources :    Usage  Request Allocated
	   Cpus                 :                 1         1
	   Disk (KB)            :        1        1   1862089
	   Gpus                 :                           0
	   Memory (MB)          :      229        1     21164
...
