[SNIPER] Start
Sampler: 4, 32, 0
itlb_cache: 32, 1
itlb_cache_L1: 32, 1
Sampler: 4, 128, 0
dtlb_cache: 128, 4
dtlb_cache_L1: 128, 4
L1-I 2
Sampler: 4, 4, 128
L1-I: 2048, 64
L1-I_L1: 2048, 64
L1-D 3
Sampler: 4, 8, 32
L1-D: 1024, 32
L1-D_L1: 1024, 32
L2 4
Sampler: 122, 16, 16
L2: 32768, 1024
L2_L1: 32768, 1024
Executing Python script /v/filer4b/v20q001/ypei/Desktop/cs395t-lin/output/run_all_hybrid_headroom2/soplex/11/sim.scripts.py
[STOPBYICOUNT] Starting in ROI (detail)
[STOPBYICOUNT] Then stopping after simulating at least 250000000 instructions in detail
[SNIPER] --------------------------------------------------------------------------------
[SNIPER] Sniper using SIFT/trace-driven frontend
[SNIPER] Running full application in DETAILED mode
[SNIPER] --------------------------------------------------------------------------------
[SNIPER] Enabling performance models
[SNIPER] Setting instrumentation mode to DETAILED
[STOPBYICOUNT] Ending ROI after 250000017 instructions (250000000 requested)
[SNIPER] Disabling performance models
[SNIPER] Leaving ROI after 1541.53 seconds
[SNIPER] Simulated 250.0M instructions, 384.3M cycles, 0.65 IPC
[SNIPER] Simulation speed 162.2 KIPS (162.2 KIPS / target core - 6166.2ns/instr)
[SNIPER] Setting instrumentation mode to FAST_FORWARD
[app0] [SIFT_RECORDER] sift_writer.cc:550: Sift::Mode Sift::Writer::Sync(): Assertion `!response->fail()' failed.
Hawkeye Victims: 0
LRU Victims: 0
Hawkeye Victims: 0
LRU Victims: 0
Hawkeye Victims: 0
LRU Victims: 0
a test for execution

Inserted: 0
Redundant.progress: 0
Redundant.cache: 0
Redundant.buffer: 0
Hawkeye Victims: 0
LRU Victims: 0
a test for execution

Inserted: 0
Redundant.progress: 0
Redundant.cache: 0
Redundant.buffer: 0
Hawkeye Victims: 0
LRU Victims: 0
[app0] Pin app terminated abnormally due to signal 6.
 =========================================================== 
Triggers: 7420881
Repeats: 0

Same addr: 5048583 68.0321
New addr: 1056 0.0142301

Distribution of new addresses: 
Stream Head: 738 69.8864
Stream Divergence: 1948957 184560

Invalidation count: 2112591 200056
No Conflict count: 165126 15636.9
Same Stream count: 0 0
New Stream count: 0 0

Not found: 2363531
On Chip Mispredictions: 0
 =========================================================== 
Distribution of predictions: 
Predict Init: 7168885 96.6042
Total Predictions: 7124651
Predict OCI Miss: 19277 0.268898
Predict Stream End: 44234 0.617028
Buffer Success: 0 0
Stride Distribution: 0, 24333, 167578, 331614, 345414, 176364, 177170, 411470, 195224, 1230592, 171810, 761254, 147706, 260682, 204516, 256956, 106950, 0, 264822, 0, 145728, 0, 0, 0, 128570, 0, 0, 0, 0, 0, 57178, 0, 57086, 0, 0, 0, 92368, 0, 0, 0, 96278, 0, 0, 0, 0, 0, 0, 0, 0, 0, 0, 0, 0, 0, 0, 0, 0, 0, 0, 0, 0, 0, 0, 0, 0, 0, 33, 0, 0, 0, 0, 0, 39392400, 0, 49, 0, 15, 0, 15, 0, 0, 6644585, 1868787317, 1915577714, 1702195557, 7566451, 113, 0, 5073232, 0, 36065760, 0, 0, 0, 5073232, 0, 36624176, 0, 0, 0, 5073232, 0, 36896528, 0, 0, 0, 5165152, 0, 2695564656, 11055, 0, 11055, 39390704, 0, 49, 0, 6, 0, 6, 0, 0, 0, 1919906931, 29541, 48, 0, 49, 0, 
a test for execution

Inserted: 11693385
Redundant.progress: 316488
Redundant.cache: 6296939
Redundant.buffer: 0
[SNIPER] End
[SNIPER] Elapsed time: 1545.78 seconds
