000 (516127.000.000) 05/05 17:13:23 Job submitted from host: <128.83.144.149:44250?addrs=128.83.144.149-44250>
...
009 (516127.000.000) 05/05 17:14:24 Job was aborted by the user.
	via condor_rm (by user ypei)
...
000 (516334.000.000) 05/05 17:15:08 Job submitted from host: <128.83.144.149:44250?addrs=128.83.144.149-44250>
...
009 (516334.000.000) 05/05 17:18:07 Job was aborted by the user.
	via condor_rm (by user ypei)
...
000 (516541.000.000) 05/05 17:18:38 Job submitted from host: <128.83.144.149:44250?addrs=128.83.144.149-44250>
...
009 (516541.000.000) 05/05 17:21:28 Job was aborted by the user.
	via condor_rm (by user ypei)
...
000 (517162.000.000) 05/05 17:22:01 Job submitted from host: <128.83.144.149:44250?addrs=128.83.144.149-44250>
...
001 (517162.000.000) 05/05 17:40:31 Job executing on host: <128.83.120.229:58979?addrs=128.83.120.229-58979>
...
006 (517162.000.000) 05/05 17:40:39 Image size of job updated: 1
	2  -  MemoryUsage of job (MB)
	1680  -  ResidentSetSize of job (KB)
...
006 (517162.000.000) 05/05 17:45:40 Image size of job updated: 920760
	84  -  MemoryUsage of job (MB)
	85260  -  ResidentSetSize of job (KB)
...
006 (517162.000.000) 05/05 17:50:41 Image size of job updated: 921012
	84  -  MemoryUsage of job (MB)
	85640  -  ResidentSetSize of job (KB)
...
006 (517162.000.000) 05/05 17:55:41 Image size of job updated: 921920
	89  -  MemoryUsage of job (MB)
	90400  -  ResidentSetSize of job (KB)
...
006 (517162.000.000) 05/05 17:59:03 Image size of job updated: 921948
	89  -  MemoryUsage of job (MB)
	90400  -  ResidentSetSize of job (KB)
...
005 (517162.000.000) 05/05 17:59:03 Job terminated.
	(1) Normal termination (return value 0)
		Usr 0 00:18:12, Sys 0 00:00:13  -  Run Remote Usage
		Usr 0 00:00:00, Sys 0 00:00:00  -  Run Local Usage
		Usr 0 00:18:12, Sys 0 00:00:13  -  Total Remote Usage
		Usr 0 00:00:00, Sys 0 00:00:00  -  Total Local Usage
	0  -  Run Bytes Sent By Job
	0  -  Run Bytes Received By Job
	0  -  Total Bytes Sent By Job
	0  -  Total Bytes Received By Job
	Partitionable Resources :    Usage  Request Allocated
	   Cpus                 :                 1         1
	   Disk (KB)            :        1        1    828969
	   Gpus                 :                           0
	   Memory (MB)          :       89        1     12899
...
000 (382593.000.000) 05/07 03:40:03 Job submitted from host: <128.83.144.155:57685?addrs=128.83.144.155-57685>
...
001 (382593.000.000) 05/07 04:26:58 Job executing on host: <128.83.144.5:44408?addrs=128.83.144.5-44408>
...
006 (382593.000.000) 05/07 04:27:07 Image size of job updated: 749532
	57  -  MemoryUsage of job (MB)
	58344  -  ResidentSetSize of job (KB)
...
006 (382593.000.000) 05/07 04:32:08 Image size of job updated: 920652
	86  -  MemoryUsage of job (MB)
	87380  -  ResidentSetSize of job (KB)
...
006 (382593.000.000) 05/07 04:37:08 Image size of job updated: 920652
	86  -  MemoryUsage of job (MB)
	87772  -  ResidentSetSize of job (KB)
...
006 (382593.000.000) 05/07 04:42:08 Image size of job updated: 921560
	89  -  MemoryUsage of job (MB)
	90556  -  ResidentSetSize of job (KB)
...
006 (382593.000.000) 05/07 04:47:09 Image size of job updated: 921560
	91  -  MemoryUsage of job (MB)
	92556  -  ResidentSetSize of job (KB)
...
006 (382593.000.000) 05/07 04:52:10 Image size of job updated: 921588
	92  -  MemoryUsage of job (MB)
	93320  -  ResidentSetSize of job (KB)
...
005 (382593.000.000) 05/07 04:52:47 Job terminated.
	(1) Normal termination (return value 0)
		Usr 0 00:25:04, Sys 0 00:00:35  -  Run Remote Usage
		Usr 0 00:00:00, Sys 0 00:00:00  -  Run Local Usage
		Usr 0 00:25:04, Sys 0 00:00:35  -  Total Remote Usage
		Usr 0 00:00:00, Sys 0 00:00:00  -  Total Local Usage
	0  -  Run Bytes Sent By Job
	0  -  Run Bytes Received By Job
	0  -  Total Bytes Sent By Job
	0  -  Total Bytes Received By Job
	Partitionable Resources :    Usage  Request Allocated
	   Cpus                 :                 1         1
	   Disk (KB)            :        1        1    790395
	   Gpus                 :                           0
	   Memory (MB)          :       92        1     12899
...
000 (518611.000.000) 05/07 13:18:28 Job submitted from host: <128.83.144.149:44250?addrs=128.83.144.149-44250>
...
009 (518611.000.000) 05/07 13:23:36 Job was aborted by the user.
	via condor_rm (by user ypei)
...
000 (518818.000.000) 05/07 13:24:02 Job submitted from host: <128.83.144.149:44250?addrs=128.83.144.149-44250>
...
001 (518818.000.000) 05/07 13:40:59 Job executing on host: <128.83.130.161:35317?addrs=128.83.130.161-35317>
...
006 (518818.000.000) 05/07 13:41:07 Image size of job updated: 411116
	39  -  MemoryUsage of job (MB)
	39140  -  ResidentSetSize of job (KB)
...
006 (518818.000.000) 05/07 13:46:07 Image size of job updated: 920820
	84  -  MemoryUsage of job (MB)
	85216  -  ResidentSetSize of job (KB)
...
006 (518818.000.000) 05/07 13:51:08 Image size of job updated: 921980
	87  -  MemoryUsage of job (MB)
	88400  -  ResidentSetSize of job (KB)
...
006 (518818.000.000) 05/07 13:55:47 Image size of job updated: 922012
	87  -  MemoryUsage of job (MB)
	88400  -  ResidentSetSize of job (KB)
...
005 (518818.000.000) 05/07 13:55:47 Job terminated.
	(1) Normal termination (return value 0)
		Usr 0 00:14:13, Sys 0 00:00:07  -  Run Remote Usage
		Usr 0 00:00:00, Sys 0 00:00:00  -  Run Local Usage
		Usr 0 00:14:13, Sys 0 00:00:07  -  Total Remote Usage
		Usr 0 00:00:00, Sys 0 00:00:00  -  Total Local Usage
	0  -  Run Bytes Sent By Job
	0  -  Run Bytes Received By Job
	0  -  Total Bytes Sent By Job
	0  -  Total Bytes Received By Job
	Partitionable Resources :    Usage  Request Allocated
	   Cpus                 :                 1         1
	   Disk (KB)            :        1        1   1865789
	   Gpus                 :                           0
	   Memory (MB)          :       87        1     21164
...
000 (519232.000.000) 05/07 14:36:44 Job submitted from host: <128.83.144.149:44250?addrs=128.83.144.149-44250>
...
001 (519232.000.000) 05/07 14:52:40 Job executing on host: <128.83.144.147:58788?addrs=128.83.144.147-58788>
...
006 (519232.000.000) 05/07 14:52:49 Image size of job updated: 920616
	85  -  MemoryUsage of job (MB)
	86456  -  ResidentSetSize of job (KB)
...
006 (519232.000.000) 05/07 14:57:50 Image size of job updated: 920928
	86  -  MemoryUsage of job (MB)
	87772  -  ResidentSetSize of job (KB)
...
006 (519232.000.000) 05/07 15:02:50 Image size of job updated: 921840
	90  -  MemoryUsage of job (MB)
	91588  -  ResidentSetSize of job (KB)
...
006 (519232.000.000) 05/07 15:06:02 Image size of job updated: 921868
	90  -  MemoryUsage of job (MB)
	91588  -  ResidentSetSize of job (KB)
...
005 (519232.000.000) 05/07 15:06:02 Job terminated.
	(1) Normal termination (return value 0)
		Usr 0 00:13:03, Sys 0 00:00:06  -  Run Remote Usage
		Usr 0 00:00:00, Sys 0 00:00:00  -  Run Local Usage
		Usr 0 00:13:03, Sys 0 00:00:06  -  Total Remote Usage
		Usr 0 00:00:00, Sys 0 00:00:00  -  Total Local Usage
	0  -  Run Bytes Sent By Job
	0  -  Run Bytes Received By Job
	0  -  Total Bytes Sent By Job
	0  -  Total Bytes Received By Job
	Partitionable Resources :    Usage  Request Allocated
	   Cpus                 :                 1         1
	   Disk (KB)            :        1        1   1911592
	   Gpus                 :                           0
	   Memory (MB)          :       90        1     21164
...
000 (383007.000.000) 05/07 20:17:08 Job submitted from host: <128.83.144.155:57685?addrs=128.83.144.155-57685>
...
001 (383007.000.000) 05/07 20:55:38 Job executing on host: <128.83.139.143:55125?addrs=128.83.139.143-55125>
...
006 (383007.000.000) 05/07 20:55:47 Image size of job updated: 920504
	84  -  MemoryUsage of job (MB)
	85320  -  ResidentSetSize of job (KB)
...
006 (383007.000.000) 05/07 21:00:48 Image size of job updated: 920816
	86  -  MemoryUsage of job (MB)
	87280  -  ResidentSetSize of job (KB)
...
006 (383007.000.000) 05/07 21:05:49 Image size of job updated: 920816
	86  -  MemoryUsage of job (MB)
	87664  -  ResidentSetSize of job (KB)
...
006 (383007.000.000) 05/07 21:10:49 Image size of job updated: 921724
	91  -  MemoryUsage of job (MB)
	92612  -  ResidentSetSize of job (KB)
...
006 (383007.000.000) 05/07 21:13:50 Image size of job updated: 921756
	91  -  MemoryUsage of job (MB)
	92612  -  ResidentSetSize of job (KB)
...
005 (383007.000.000) 05/07 21:13:50 Job terminated.
	(1) Normal termination (return value 0)
		Usr 0 00:17:23, Sys 0 00:00:13  -  Run Remote Usage
		Usr 0 00:00:00, Sys 0 00:00:00  -  Run Local Usage
		Usr 0 00:17:23, Sys 0 00:00:13  -  Total Remote Usage
		Usr 0 00:00:00, Sys 0 00:00:00  -  Total Local Usage
	0  -  Run Bytes Sent By Job
	0  -  Run Bytes Received By Job
	0  -  Total Bytes Sent By Job
	0  -  Total Bytes Received By Job
	Partitionable Resources :    Usage  Request Allocated
	   Cpus                 :                 1         1
	   Disk (KB)            :        2        2   7526610
	   Gpus                 :                           0
	   Memory (MB)          :       91        1      4027
...
000 (384249.000.000) 05/08 05:53:11 Job submitted from host: <128.83.144.155:57685?addrs=128.83.144.155-57685>
...
001 (384249.000.000) 05/08 06:32:00 Job executing on host: <128.83.139.14:44306?addrs=128.83.139.14-44306>
...
006 (384249.000.000) 05/08 06:32:08 Image size of job updated: 920624
	84  -  MemoryUsage of job (MB)
	85844  -  ResidentSetSize of job (KB)
...
006 (384249.000.000) 05/08 06:37:08 Image size of job updated: 920652
	85  -  MemoryUsage of job (MB)
	86904  -  ResidentSetSize of job (KB)
...
006 (384249.000.000) 05/08 06:42:08 Image size of job updated: 920908
	86  -  MemoryUsage of job (MB)
	87196  -  ResidentSetSize of job (KB)
...
006 (384249.000.000) 05/08 06:47:09 Image size of job updated: 921816
	88  -  MemoryUsage of job (MB)
	90096  -  ResidentSetSize of job (KB)
...
006 (384249.000.000) 05/08 06:52:09 Image size of job updated: 921844
	91  -  MemoryUsage of job (MB)
	92908  -  ResidentSetSize of job (KB)
...
005 (384249.000.000) 05/08 06:55:13 Job terminated.
	(1) Normal termination (return value 0)
		Usr 0 00:22:35, Sys 0 00:00:21  -  Run Remote Usage
		Usr 0 00:00:00, Sys 0 00:00:00  -  Run Local Usage
		Usr 0 00:22:35, Sys 0 00:00:21  -  Total Remote Usage
		Usr 0 00:00:00, Sys 0 00:00:00  -  Total Local Usage
	0  -  Run Bytes Sent By Job
	0  -  Run Bytes Received By Job
	0  -  Total Bytes Sent By Job
	0  -  Total Bytes Received By Job
	Partitionable Resources :    Usage  Request Allocated
	   Cpus                 :                 1         1
	   Disk (KB)            :        1        1   1675495
	   Gpus                 :                           0
	   Memory (MB)          :       91        1     12899
...
000 (417642.000.000) 05/09 03:37:36 Job submitted from host: <128.83.144.154:52346?addrs=128.83.144.154-52346>
...
001 (417642.000.000) 05/09 04:13:30 Job executing on host: <128.83.144.84:60326?addrs=128.83.144.84-60326>
...
006 (417642.000.000) 05/09 04:13:39 Image size of job updated: 920808
	87  -  MemoryUsage of job (MB)
	88908  -  ResidentSetSize of job (KB)
...
006 (417642.000.000) 05/09 04:18:40 Image size of job updated: 921068
	88  -  MemoryUsage of job (MB)
	89796  -  ResidentSetSize of job (KB)
...
006 (417642.000.000) 05/09 04:23:40 Image size of job updated: 921976
	92  -  MemoryUsage of job (MB)
	93696  -  ResidentSetSize of job (KB)
...
006 (417642.000.000) 05/09 04:27:10 Image size of job updated: 922008
	92  -  MemoryUsage of job (MB)
	93696  -  ResidentSetSize of job (KB)
...
005 (417642.000.000) 05/09 04:27:10 Job terminated.
	(1) Normal termination (return value 0)
		Usr 0 00:13:24, Sys 0 00:00:07  -  Run Remote Usage
		Usr 0 00:00:00, Sys 0 00:00:00  -  Run Local Usage
		Usr 0 00:13:24, Sys 0 00:00:07  -  Total Remote Usage
		Usr 0 00:00:00, Sys 0 00:00:00  -  Total Local Usage
	0  -  Run Bytes Sent By Job
	0  -  Run Bytes Received By Job
	0  -  Total Bytes Sent By Job
	0  -  Total Bytes Received By Job
	Partitionable Resources :    Usage  Request Allocated
	   Cpus                 :                 1         1
	   Disk (KB)            :        2        2   7541873
	   Gpus                 :                           0
	   Memory (MB)          :       92        1      4027
...
