[SNIPER] Start
Sampler: 4, 32, 0
itlb_cache: 32, 1
itlb_cache_L1: 32, 1
Sampler: 4, 128, 0
dtlb_cache: 128, 4
dtlb_cache_L1: 128, 4
L1-I 2
Sampler: 4, 4, 128
L1-I: 2048, 64
L1-I_L1: 2048, 64
L1-D 3
Sampler: 4, 8, 32
L1-D: 1024, 32
L1-D_L1: 1024, 32
L2 4
Sampler: 122, 16, 16
L2: 32768, 1024
L2_L1: 32768, 1024
Executing Python script /v/filer4b/v20q001/ypei/Desktop/cs395t-lin/output/run_all_hybrid_headroom2/gcc/17/sim.scripts.py
[STOPBYICOUNT] Starting in ROI (detail)
[STOPBYICOUNT] Then stopping after simulating at least 250000000 instructions in detail
[SNIPER] --------------------------------------------------------------------------------
[SNIPER] Sniper using SIFT/trace-driven frontend
[SNIPER] Running full application in DETAILED mode
[SNIPER] --------------------------------------------------------------------------------
[SNIPER] Enabling performance models
[SNIPER] Setting instrumentation mode to DETAILED
[STOPBYICOUNT] Ending ROI after 250000003 instructions (250000000 requested)
[SNIPER] Disabling performance models
[SNIPER] Leaving ROI after 1383.31 seconds
[SNIPER] Simulated 250.0M instructions, 292.9M cycles, 0.85 IPC
[SNIPER] Simulation speed 180.7 KIPS (180.7 KIPS / target core - 5533.1ns/instr)
[SNIPER] Setting instrumentation mode to FAST_FORWARD
[app0] [SIFT_RECORDER] sift_writer.cc:550: Sift::Mode Sift::Writer::Sync(): Assertion `!response->fail()' failed.
Hawkeye Victims: 0
LRU Victims: 0
Hawkeye Victims: 0
LRU Victims: 0
Hawkeye Victims: 0
LRU Victims: 0
a test for execution

Inserted: 0
Redundant.progress: 0
Redundant.cache: 0
Redundant.buffer: 0
Hawkeye Victims: 0
LRU Victims: 0
a test for execution

Inserted: 0
Redundant.progress: 0
Redundant.cache: 0
Redundant.buffer: 0
Hawkeye Victims: 0
LRU Victims: 0
 =========================================================== 
Triggers: 1470505
Repeats: 0

Same addr: 768368 52.252
New addr: 2417 0.164365

Distribution of new addresses: 
Stream Head: 2128 88.043
Stream Divergence: 32352 1338.52

Invalidation count: 52028 2152.59
No Conflict count: 20462 846.587
Same Stream count: 0 0
New Stream count: 0 0

Not found: 687528
On Chip Mispredictions: 0
 =========================================================== 
Distribution of predictions: 
Predict Init: 832588 56.6192
Total Predictions: 818712
Predict OCI Miss: 11117 1.33523
Predict Stream End: 13876 1.66661
Buffer Success: 0 0
[app0] Pin app terminated abnormally due to signal 6.
Stride Distribution: 0, 2253, 4600, 0, 77464, 15180, 31188, 7912, 256588, 258428, 115874, 17618, 184852, 216522, 19412, 20746, 60720, 0, 17204, 0, 22816, 0, 0, 0, 5612, 0, 0, 0, 0, 0, 100234, 0, 6900, 0, 0, 0, 3450, 0, 0, 0, 1656, 0, 0, 0, 0, 0, 0, 0, 0, 0, 0, 0, 0, 0, 0, 0, 0, 0, 0, 0, 0, 0, 0, 0, 0, 0, 33, 0, 0, 0, 0, 0, 22279312, 0, 49, 0, 15, 0, 15, 0, 0, 6644585, 1868787317, 1915577714, 1702195557, 7566451, 113, 0, 5073232, 0, 18952672, 0, 0, 0, 5073232, 0, 19511088, 0, 0, 0, 5073232, 0, 19783440, 0, 0, 0, 5165152, 0, 625216880, 10994, 0, 10994, 22277616, 0, 49, 0, 6, 0, 6, 0, 0, 0, 1919906931, 29541, 48, 0, 49, 0, 
a test for execution

Inserted: 1496916
Redundant.progress: 56807
Redundant.cache: 260606
Redundant.buffer: 0
[SNIPER] End
[SNIPER] Elapsed time: 1454.16 seconds
