[SNIPER] Start
Sampler: 4, 32, 0
itlb_cache: 32, 1
itlb_cache_L1: 32, 1
Sampler: 4, 128, 0
dtlb_cache: 128, 4
dtlb_cache_L1: 128, 4
L1-I 2
Sampler: 4, 4, 128
L1-I: 2048, 64
L1-I_L1: 2048, 64
L1-D 3
Sampler: 4, 8, 32
L1-D: 1024, 32
L1-D_L1: 1024, 32
L2 4
Sampler: 122, 16, 16
L2: 32768, 1024
L2_L1: 32768, 1024
Executing Python script /v/filer4b/v20q001/ypei/Desktop/cs395t-lin/output/run_all_hybrid_headroom2/sphinx3/12/sim.scripts.py
[STOPBYICOUNT] Starting in ROI (detail)
[STOPBYICOUNT] Then stopping after simulating at least 250000000 instructions in detail
[SNIPER] --------------------------------------------------------------------------------
[SNIPER] Sniper using SIFT/trace-driven frontend
[SNIPER] Running full application in DETAILED mode
[SNIPER] --------------------------------------------------------------------------------
[SNIPER] Enabling performance models
[SNIPER] Setting instrumentation mode to DETAILED
[STOPBYICOUNT] Ending ROI after 250000007 instructions (250000000 requested)
[SNIPER] Disabling performance models
[SNIPER] Leaving ROI after 1202.94 seconds
[SNIPER] Simulated 250.0M instructions, 227.8M cycles, 1.10 IPC
[SNIPER] Simulation speed 207.8 KIPS (207.8 KIPS / target core - 4811.8ns/instr)
[SNIPER] Setting instrumentation mode to FAST_FORWARD
[app0] [SIFT_RECORDER] sift_writer.cc:550: Sift::Mode Sift::Writer::Sync(): Assertion `!response->fail()' failed.
Hawkeye Victims: 0
LRU Victims: 0
Hawkeye Victims: 0
LRU Victims: 0
Hawkeye Victims: 0
LRU Victims: 0
a test for execution

Inserted: 0
Redundant.progress: 0
Redundant.cache: 0
Redundant.buffer: 0
Hawkeye Victims: 0
LRU Victims: 0
a test for execution

Inserted: 0
Redundant.progress: 0
Redundant.cache: 0
Redundant.buffer: 0
Hawkeye Victims: 0
LRU Victims: 0
[app0] Pin app terminated abnormally due to signal 6.
 =========================================================== 
Triggers: 4105864
Repeats: 0

Same addr: 3201986 77.9857
New addr: 608 0.0148081

Distribution of new addresses: 
Stream Head: 368 60.5263
Stream Divergence: 447612 73620.4

Invalidation count: 766110 126005
No Conflict count: 320197 52664
Same Stream count: 0 0
New Stream count: 0 0

Not found: 892341
On Chip Mispredictions: 0
 =========================================================== 
Distribution of predictions: 
Predict Init: 3979025 96.9108
Total Predictions: 3944076
Predict OCI Miss: 19483 0.489643
Predict Stream End: 34949 0.878331
Buffer Success: 0 0
Stride Distribution: 0, 123601, 109296, 78706, 167762, 1105285, 466532, 357006, 274114, 198812, 311374, 197018, 159482, 88274, 127328, 86894, 64124, 0, 64170, 0, 34638, 0, 0, 0, 26680, 0, 0, 0, 0, 0, 11592, 0, 26772, 0, 0, 0, 13386, 0, 0, 0, 13018, 0, 0, 0, 0, 0, 0, 0, 0, 0, 0, 0, 0, 0, 0, 0, 0, 0, 0, 0, 0, 0, 0, 0, 0, 0, 33, 0, 0, 0, 0, 0, 41440416, 0, 49, 0, 15, 0, 15, 0, 0, 6644585, 1868787317, 1915577714, 1702195557, 7566451, 113, 0, 5073232, 0, 38113776, 0, 0, 0, 5073232, 0, 38672192, 0, 0, 0, 5073232, 0, 38944544, 0, 0, 0, 5165152, 0, 1154669936, 11119, 0, 11119, 41438720, 0, 49, 0, 6, 0, 6, 0, 0, 0, 1919906931, 29541, 48, 0, 49, 0, 
a test for execution

Inserted: 5161971
Redundant.progress: 35905
Redundant.cache: 2156814
Redundant.buffer: 0
[SNIPER] End
[SNIPER] Elapsed time: 1206.77 seconds
