000 (15005572.000.000) 08/01 18:26:29 Job submitted from host: <128.83.130.153:51299?addrs=128.83.130.153-51299>
...
001 (15005572.000.000) 08/01 18:26:35 Job executing on host: <128.83.130.197:45650?addrs=128.83.130.197-45650>
...
006 (15005572.000.000) 08/01 18:26:35 Image size of job updated: 52036
	0  -  MemoryUsage of job (MB)
	0  -  ResidentSetSize of job (KB)
...
005 (15005572.000.000) 08/01 18:26:35 Job terminated.
	(1) Normal termination (return value 126)
		Usr 0 00:00:00, Sys 0 00:00:00  -  Run Remote Usage
		Usr 0 00:00:00, Sys 0 00:00:00  -  Run Local Usage
		Usr 0 00:00:00, Sys 0 00:00:00  -  Total Remote Usage
		Usr 0 00:00:00, Sys 0 00:00:00  -  Total Local Usage
	0  -  Run Bytes Sent By Job
	0  -  Run Bytes Received By Job
	0  -  Total Bytes Sent By Job
	0  -  Total Bytes Received By Job
	Partitionable Resources :    Usage  Request Allocated
	   Cpus                 :                 1         1
	   Disk (KB)            :        1        1   4239689
	   Gpus                 :                           0
	   Memory (MB)          :        0        1      4021
...
000 (15005647.000.000) 08/01 18:32:04 Job submitted from host: <128.83.130.153:51299?addrs=128.83.130.153-51299>
...
001 (15005647.000.000) 08/01 18:32:31 Job executing on host: <128.83.130.197:45650?addrs=128.83.130.197-45650>
...
006 (15005647.000.000) 08/01 18:32:39 Image size of job updated: 1373168
	44  -  MemoryUsage of job (MB)
	44600  -  ResidentSetSize of job (KB)
...
006 (15005647.000.000) 08/01 18:37:39 Image size of job updated: 5401848
	541  -  MemoryUsage of job (MB)
	553860  -  ResidentSetSize of job (KB)
...
006 (15005647.000.000) 08/01 18:42:39 Image size of job updated: 5403636
	609  -  MemoryUsage of job (MB)
	622908  -  ResidentSetSize of job (KB)
...
006 (15005647.000.000) 08/01 18:47:40 Image size of job updated: 5403924
	642  -  MemoryUsage of job (MB)
	656968  -  ResidentSetSize of job (KB)
...
006 (15005647.000.000) 08/01 18:52:41 Image size of job updated: 5405796
	724  -  MemoryUsage of job (MB)
	740556  -  ResidentSetSize of job (KB)
...
006 (15005647.000.000) 08/01 18:57:41 Image size of job updated: 5471396
	748  -  MemoryUsage of job (MB)
	765076  -  ResidentSetSize of job (KB)
...
006 (15005647.000.000) 08/01 19:02:42 Image size of job updated: 5536948
	778  -  MemoryUsage of job (MB)
	796624  -  ResidentSetSize of job (KB)
...
006 (15005647.000.000) 08/01 19:07:43 Image size of job updated: 5536976
	813  -  MemoryUsage of job (MB)
	832204  -  ResidentSetSize of job (KB)
...
005 (15005647.000.000) 08/01 19:07:44 Job terminated.
	(1) Normal termination (return value 0)
		Usr 0 00:33:59, Sys 0 00:00:32  -  Run Remote Usage
		Usr 0 00:00:00, Sys 0 00:00:00  -  Run Local Usage
		Usr 0 00:33:59, Sys 0 00:00:32  -  Total Remote Usage
		Usr 0 00:00:00, Sys 0 00:00:00  -  Total Local Usage
	0  -  Run Bytes Sent By Job
	0  -  Run Bytes Received By Job
	0  -  Total Bytes Sent By Job
	0  -  Total Bytes Received By Job
	Partitionable Resources :    Usage  Request Allocated
	   Cpus                 :                 1         1
	   Disk (KB)            :        1        1   4239689
	   Gpus                 :                           0
	   Memory (MB)          :      813        1      4021
...
