[SNIPER] Start
Sampler: 4, 32, 0
itlb_cache: 32, 1
itlb_cache_L1: 32, 1
Sampler: 4, 128, 0
dtlb_cache: 128, 4
dtlb_cache_L1: 128, 4
L1-I 2
Sampler: 4, 4, 128
L1-I: 2048, 64
L1-I_L1: 2048, 64
L1-D 3
Sampler: 4, 8, 32
L1-D: 1024, 32
L1-D_L1: 1024, 32
L2 4
Sampler: 122, 16, 16
L2: 32768, 1024
L2_L1: 32768, 1024
Executing Python script /v/filer4b/v20q001/ypei/Desktop/cs395t-lin/output/low_bandwidth/run_all_hybrid_headroom9/gcc/20/sim.scripts.py
[STOPBYICOUNT] Starting in ROI (detail)
[STOPBYICOUNT] Then stopping after simulating at least 250000000 instructions in detail
[SNIPER] --------------------------------------------------------------------------------
[SNIPER] Sniper using SIFT/trace-driven frontend
[SNIPER] Running full application in DETAILED mode
[SNIPER] --------------------------------------------------------------------------------
[SNIPER] Enabling performance models
[SNIPER] Setting instrumentation mode to DETAILED
[STOPBYICOUNT] Ending ROI after 250000004 instructions (250000000 requested)
[SNIPER] Disabling performance models
[SNIPER] Leaving ROI after 921.15 seconds
[SNIPER] Simulated 250.0M instructions, 89.2M cycles, 2.80 IPC
[SNIPER] Simulation speed 271.4 KIPS (271.4 KIPS / target core - 3684.7ns/instr)
[SNIPER] Setting instrumentation mode to FAST_FORWARD
[app0] [SIFT_RECORDER] sift_writer.cc:550: Sift::Mode Sift::Writer::Sync(): Assertion `!response->fail()' failed.
Hawkeye Victims: 0
LRU Victims: 0
Hawkeye Victims: 0
LRU Victims: 0
Hawkeye Victims: 0
[app0] Pin app terminated abnormally due to signal 6.
LRU Victims: 0
a test for execution

Inserted: 0
Redundant.progress: 0
Redundant.cache: 0
Redundant.buffer: 0
Hawkeye Victims: 0
LRU Victims: 0
a test for execution

Inserted: 0
Redundant.progress: 0
Redundant.cache: 0
Redundant.buffer: 0
Hawkeye Victims: 0
LRU Victims: 0
 =========================================================== 
Triggers: 339502
Repeats: 0

Same addr: 241591 71.1604
New addr: 152 0.0447715

Distribution of new addresses: 
Stream Head: 83 54.6053
Stream Divergence: 30478 20051.3

Invalidation count: 30551 20099.3
No Conflict count: 1103 725.658
Same Stream count: 0 0
New Stream count: 0 0

Not found: 82039
On Chip Mispredictions: 0
 =========================================================== 
Distribution of predictions: 
Predict Init: 287862 84.7895
Total Predictions: 271834
Predict OCI Miss: 16026 5.56725
Predict Stream End: 16028 5.56795
Buffer Success: 0 0
Stride Distribution: 0, 8785, 0, 0, 0, 0, 9200, 0, 258129, 0, 0, 0, 0, 0, 0, 0, 0, 0, 0, 0, 0, 0, 0, 0, 8418, 0, 0, 0, 0, 0, 0, 0, 0, 0, 0, 0, 0, 0, 0, 0, 0, 0, 0, 0, 0, 0, 0, 0, 0, 0, 0, 0, 0, 0, 0, 0, 0, 0, 0, 0, 0, 0, 0, 0, 0, 0, 33, 0, 0, 0, 0, 0, 46720304, 0, 49, 0, 15, 0, 15, 0, 0, 6644585, 1868787317, 1915577714, 1702195557, 7566451, 113, 0, 5073232, 0, 43393696, 0, 0, 0, 5073232, 0, 43952112, 0, 0, 0, 5073232, 0, 44224432, 0, 0, 0, 5165152, 0, 3956469104, 11095, 0, 11095, 46718608, 0, 49, 0, 6, 0, 6, 0, 0, 0, 1919906931, 29541, 48, 0, 49, 0, 
a test for execution

Inserted: 63993
Redundant.progress: 174
Redundant.cache: 38724
Redundant.buffer: 0
[SNIPER] End
[SNIPER] Elapsed time: 928.47 seconds
