000 (15005809.000.000) 08/01 20:50:08 Job submitted from host: <128.83.130.153:51299?addrs=128.83.130.153-51299>
...
001 (15005809.000.000) 08/01 20:50:13 Job executing on host: <128.83.130.232:41359?addrs=128.83.130.232-41359>
...
006 (15005809.000.000) 08/01 20:50:22 Image size of job updated: 52036
	10  -  MemoryUsage of job (MB)
	10132  -  ResidentSetSize of job (KB)
...
006 (15005809.000.000) 08/01 20:55:23 Image size of job updated: 4920220
	926  -  MemoryUsage of job (MB)
	947704  -  ResidentSetSize of job (KB)
...
006 (15005809.000.000) 08/01 21:00:23 Image size of job updated: 4920976
	1029  -  MemoryUsage of job (MB)
	1052760  -  ResidentSetSize of job (KB)
...
006 (15005809.000.000) 08/01 21:05:23 Image size of job updated: 4921064
	1083  -  MemoryUsage of job (MB)
	1108104  -  ResidentSetSize of job (KB)
...
006 (15005809.000.000) 08/01 21:10:24 Image size of job updated: 4921080
	1148  -  MemoryUsage of job (MB)
	1175232  -  ResidentSetSize of job (KB)
...
006 (15005809.000.000) 08/01 21:15:25 Image size of job updated: 4986700
	1191  -  MemoryUsage of job (MB)
	1219184  -  ResidentSetSize of job (KB)
...
006 (15005809.000.000) 08/01 21:20:25 Image size of job updated: 4986760
	1240  -  MemoryUsage of job (MB)
	1269196  -  ResidentSetSize of job (KB)
...
006 (15005809.000.000) 08/01 21:25:26 Image size of job updated: 4987128
	1363  -  MemoryUsage of job (MB)
	1395604  -  ResidentSetSize of job (KB)
...
006 (15005809.000.000) 08/01 21:27:25 Image size of job updated: 4987136
	1363  -  MemoryUsage of job (MB)
	1395604  -  ResidentSetSize of job (KB)
...
005 (15005809.000.000) 08/01 21:27:25 Job terminated.
	(1) Normal termination (return value 0)
		Usr 0 00:38:49, Sys 0 00:00:55  -  Run Remote Usage
		Usr 0 00:00:00, Sys 0 00:00:00  -  Run Local Usage
		Usr 0 00:38:49, Sys 0 00:00:55  -  Total Remote Usage
		Usr 0 00:00:00, Sys 0 00:00:00  -  Total Local Usage
	0  -  Run Bytes Sent By Job
	0  -  Run Bytes Received By Job
	0  -  Total Bytes Sent By Job
	0  -  Total Bytes Received By Job
	Partitionable Resources :    Usage  Request Allocated
	   Cpus                 :                 1         1
	   Disk (KB)            :        1        1    749983
	   Gpus                 :                           0
	   Memory (MB)          :     1363        1      4021
...
