000 (516013.000.000) 05/05 17:13:12 Job submitted from host: <128.83.144.149:44250?addrs=128.83.144.149-44250>
...
001 (516013.000.000) 05/05 17:13:34 Job executing on host: <128.83.120.250:59851?addrs=128.83.120.250-59851>
...
006 (516013.000.000) 05/05 17:13:42 Image size of job updated: 1
	2  -  MemoryUsage of job (MB)
	1680  -  ResidentSetSize of job (KB)
...
006 (516013.000.000) 05/05 17:14:28 Image size of job updated: 2308268
	58  -  MemoryUsage of job (MB)
	58592  -  ResidentSetSize of job (KB)
...
004 (516013.000.000) 05/05 17:14:28 Job was evicted.
	(0) Job was not checkpointed.
		Usr 0 00:00:00, Sys 0 00:00:00  -  Run Remote Usage
		Usr 0 00:00:00, Sys 0 00:00:00  -  Run Local Usage
	0  -  Run Bytes Sent By Job
	0  -  Run Bytes Received By Job
	Partitionable Resources :    Usage  Request Allocated
	   Cpus                 :                 1         1
	   Disk (KB)            :        1        1    815266
	   Gpus                 :                           0
	   Memory (MB)          :       58        1     12899
...
009 (516013.000.000) 05/05 17:14:28 Job was aborted by the user.
	via condor_rm (by user ypei)
...
000 (516238.000.000) 05/05 17:14:54 Job submitted from host: <128.83.144.149:44250?addrs=128.83.144.149-44250>
...
001 (516238.000.000) 05/05 17:15:03 Job executing on host: <128.83.139.15:46714?addrs=128.83.139.15-46714>
...
006 (516238.000.000) 05/05 17:15:11 Image size of job updated: 808744
	40  -  MemoryUsage of job (MB)
	40344  -  ResidentSetSize of job (KB)
...
010 (516238.000.000) 05/05 17:17:18 Job was suspended.
	Number of processes actually suspended: 8
...
006 (516238.000.000) 05/05 17:17:18 Image size of job updated: 2482904
	218  -  MemoryUsage of job (MB)
	222540  -  ResidentSetSize of job (KB)
...
011 (516238.000.000) 05/05 17:17:59 Job was unsuspended.
...
004 (516238.000.000) 05/05 17:18:13 Job was evicted.
	(0) Job was not checkpointed.
		Usr 0 00:00:28, Sys 0 00:00:01  -  Run Remote Usage
		Usr 0 00:00:00, Sys 0 00:00:00  -  Run Local Usage
	0  -  Run Bytes Sent By Job
	0  -  Run Bytes Received By Job
	Partitionable Resources :    Usage  Request Allocated
	   Cpus                 :                 1         1
	   Disk (KB)            :        1        1   1684662
	   Gpus                 :                           0
	   Memory (MB)          :      218        1     12899
...
009 (516238.000.000) 05/05 17:18:13 Job was aborted by the user.
	via condor_rm (by user ypei)
...
000 (516445.000.000) 05/05 17:18:25 Job submitted from host: <128.83.144.149:44250?addrs=128.83.144.149-44250>
...
001 (516445.000.000) 05/05 17:18:32 Job executing on host: <128.83.139.15:46714?addrs=128.83.139.15-46714>
...
006 (516445.000.000) 05/05 17:18:40 Image size of job updated: 2307440
	58  -  MemoryUsage of job (MB)
	58552  -  ResidentSetSize of job (KB)
...
006 (516445.000.000) 05/05 17:21:22 Image size of job updated: 2548580
	58  -  MemoryUsage of job (MB)
	58552  -  ResidentSetSize of job (KB)
...
004 (516445.000.000) 05/05 17:21:22 Job was evicted.
	(0) Job was not checkpointed.
		Usr 0 00:01:15, Sys 0 00:00:01  -  Run Remote Usage
		Usr 0 00:00:00, Sys 0 00:00:00  -  Run Local Usage
	0  -  Run Bytes Sent By Job
	0  -  Run Bytes Received By Job
	Partitionable Resources :    Usage  Request Allocated
	   Cpus                 :                 1         1
	   Disk (KB)            :        1        1   1684648
	   Gpus                 :                           0
	   Memory (MB)          :       58        1     12899
...
009 (516445.000.000) 05/05 17:21:22 Job was aborted by the user.
	via condor_rm (by user ypei)
...
000 (517066.000.000) 05/05 17:21:50 Job submitted from host: <128.83.144.149:44250?addrs=128.83.144.149-44250>
...
001 (517066.000.000) 05/05 17:21:54 Job executing on host: <128.83.144.13:57145?addrs=128.83.144.13-57145>
...
006 (517066.000.000) 05/05 17:22:03 Image size of job updated: 340324
	21  -  MemoryUsage of job (MB)
	21276  -  ResidentSetSize of job (KB)
...
006 (517066.000.000) 05/05 17:27:04 Image size of job updated: 2613984
	416  -  MemoryUsage of job (MB)
	425548  -  ResidentSetSize of job (KB)
...
006 (517066.000.000) 05/05 17:32:04 Image size of job updated: 2679520
	525  -  MemoryUsage of job (MB)
	536600  -  ResidentSetSize of job (KB)
...
006 (517066.000.000) 05/05 17:37:04 Image size of job updated: 2810592
	627  -  MemoryUsage of job (MB)
	641212  -  ResidentSetSize of job (KB)
...
006 (517066.000.000) 05/05 17:42:05 Image size of job updated: 2941920
	801  -  MemoryUsage of job (MB)
	819608  -  ResidentSetSize of job (KB)
...
006 (517066.000.000) 05/05 17:47:06 Image size of job updated: 3072992
	986  -  MemoryUsage of job (MB)
	1009320  -  ResidentSetSize of job (KB)
...
006 (517066.000.000) 05/05 17:47:31 Image size of job updated: 3072996
	986  -  MemoryUsage of job (MB)
	1009320  -  ResidentSetSize of job (KB)
...
005 (517066.000.000) 05/05 17:47:31 Job terminated.
	(1) Normal termination (return value 0)
		Usr 0 00:24:03, Sys 0 00:00:26  -  Run Remote Usage
		Usr 0 00:00:00, Sys 0 00:00:00  -  Run Local Usage
		Usr 0 00:24:03, Sys 0 00:00:26  -  Total Remote Usage
		Usr 0 00:00:00, Sys 0 00:00:00  -  Total Local Usage
	0  -  Run Bytes Sent By Job
	0  -  Run Bytes Received By Job
	0  -  Total Bytes Sent By Job
	0  -  Total Bytes Received By Job
	Partitionable Resources :    Usage  Request Allocated
	   Cpus                 :                 1         1
	   Disk (KB)            :        1        1    824398
	   Gpus                 :                           0
	   Memory (MB)          :      986        1     12899
...
000 (382497.000.000) 05/07 03:39:56 Job submitted from host: <128.83.144.155:57685?addrs=128.83.144.155-57685>
...
001 (382497.000.000) 05/07 04:14:50 Job executing on host: <128.83.139.15:46714?addrs=128.83.139.15-46714>
...
006 (382497.000.000) 05/07 04:14:59 Image size of job updated: 2312836
	63  -  MemoryUsage of job (MB)
	64144  -  ResidentSetSize of job (KB)
...
006 (382497.000.000) 05/07 04:20:00 Image size of job updated: 2614092
	387  -  MemoryUsage of job (MB)
	395380  -  ResidentSetSize of job (KB)
...
006 (382497.000.000) 05/07 04:25:00 Image size of job updated: 2679884
	477  -  MemoryUsage of job (MB)
	488164  -  ResidentSetSize of job (KB)
...
006 (382497.000.000) 05/07 04:30:01 Image size of job updated: 2745420
	553  -  MemoryUsage of job (MB)
	565480  -  ResidentSetSize of job (KB)
...
006 (382497.000.000) 05/07 04:35:02 Image size of job updated: 2810956
	643  -  MemoryUsage of job (MB)
	658008  -  ResidentSetSize of job (KB)
...
006 (382497.000.000) 05/07 04:40:02 Image size of job updated: 2942028
	778  -  MemoryUsage of job (MB)
	796212  -  ResidentSetSize of job (KB)
...
006 (382497.000.000) 05/07 04:45:02 Image size of job updated: 3007564
	885  -  MemoryUsage of job (MB)
	905612  -  ResidentSetSize of job (KB)
...
006 (382497.000.000) 05/07 04:50:03 Image size of job updated: 3073104
	980  -  MemoryUsage of job (MB)
	1002724  -  ResidentSetSize of job (KB)
...
005 (382497.000.000) 05/07 04:50:08 Job terminated.
	(1) Normal termination (return value 0)
		Usr 0 00:34:28, Sys 0 00:00:38  -  Run Remote Usage
		Usr 0 00:00:00, Sys 0 00:00:00  -  Run Local Usage
		Usr 0 00:34:28, Sys 0 00:00:38  -  Total Remote Usage
		Usr 0 00:00:00, Sys 0 00:00:00  -  Total Local Usage
	0  -  Run Bytes Sent By Job
	0  -  Run Bytes Received By Job
	0  -  Total Bytes Sent By Job
	0  -  Total Bytes Received By Job
	Partitionable Resources :    Usage  Request Allocated
	   Cpus                 :                 1         1
	   Disk (KB)            :        1        1   1672474
	   Gpus                 :                           0
	   Memory (MB)          :      980        1     12899
...
000 (518515.000.000) 05/07 13:18:20 Job submitted from host: <128.83.144.149:44250?addrs=128.83.144.149-44250>
...
001 (518515.000.000) 05/07 13:18:55 Job executing on host: <128.83.120.231:41298?addrs=128.83.120.231-41298>
...
006 (518515.000.000) 05/07 13:19:03 Image size of job updated: 2307824
	54  -  MemoryUsage of job (MB)
	54984  -  ResidentSetSize of job (KB)
...
006 (518515.000.000) 05/07 13:23:39 Image size of job updated: 2548424
	54  -  MemoryUsage of job (MB)
	54984  -  ResidentSetSize of job (KB)
...
004 (518515.000.000) 05/07 13:23:39 Job was evicted.
	(0) Job was not checkpointed.
		Usr 0 00:03:19, Sys 0 00:00:04  -  Run Remote Usage
		Usr 0 00:00:00, Sys 0 00:00:00  -  Run Local Usage
	0  -  Run Bytes Sent By Job
	0  -  Run Bytes Received By Job
	Partitionable Resources :    Usage  Request Allocated
	   Cpus                 :                 1         1
	   Disk (KB)            :        1        1    789357
	   Gpus                 :                           0
	   Memory (MB)          :       54        1     12899
...
009 (518515.000.000) 05/07 13:23:40 Job was aborted by the user.
	via condor_rm (by user ypei)
...
000 (518722.000.000) 05/07 13:23:50 Job submitted from host: <128.83.144.149:44250?addrs=128.83.144.149-44250>
...
001 (518722.000.000) 05/07 13:23:55 Job executing on host: <128.83.144.147:58788?addrs=128.83.144.147-58788>
...
006 (518722.000.000) 05/07 13:24:04 Image size of job updated: 2307312
	54  -  MemoryUsage of job (MB)
	54460  -  ResidentSetSize of job (KB)
...
006 (518722.000.000) 05/07 13:29:05 Image size of job updated: 2613968
	389  -  MemoryUsage of job (MB)
	398152  -  ResidentSetSize of job (KB)
...
006 (518722.000.000) 05/07 13:34:05 Image size of job updated: 2679760
	497  -  MemoryUsage of job (MB)
	508356  -  ResidentSetSize of job (KB)
...
006 (518722.000.000) 05/07 13:39:06 Image size of job updated: 2745296
	596  -  MemoryUsage of job (MB)
	610172  -  ResidentSetSize of job (KB)
...
006 (518722.000.000) 05/07 13:44:07 Image size of job updated: 2876368
	767  -  MemoryUsage of job (MB)
	785220  -  ResidentSetSize of job (KB)
...
006 (518722.000.000) 05/07 13:49:07 Image size of job updated: 3072976
	962  -  MemoryUsage of job (MB)
	984792  -  ResidentSetSize of job (KB)
...
005 (518722.000.000) 05/07 13:49:31 Job terminated.
	(1) Normal termination (return value 0)
		Usr 0 00:24:14, Sys 0 00:00:16  -  Run Remote Usage
		Usr 0 00:00:00, Sys 0 00:00:00  -  Run Local Usage
		Usr 0 00:24:14, Sys 0 00:00:16  -  Total Remote Usage
		Usr 0 00:00:00, Sys 0 00:00:00  -  Total Local Usage
	0  -  Run Bytes Sent By Job
	0  -  Run Bytes Received By Job
	0  -  Total Bytes Sent By Job
	0  -  Total Bytes Received By Job
	Partitionable Resources :    Usage  Request Allocated
	   Cpus                 :                 1         1
	   Disk (KB)            :        1        1   1862075
	   Gpus                 :                           0
	   Memory (MB)          :      962        1     21164
...
000 (519136.000.000) 05/07 14:36:30 Job submitted from host: <128.83.144.149:44250?addrs=128.83.144.149-44250>
...
001 (519136.000.000) 05/07 14:36:40 Job executing on host: <128.83.120.128:51378?addrs=128.83.120.128-51378>
...
006 (519136.000.000) 05/07 14:36:49 Image size of job updated: 980660
	40  -  MemoryUsage of job (MB)
	40596  -  ResidentSetSize of job (KB)
...
006 (519136.000.000) 05/07 14:41:50 Image size of job updated: 2548556
	361  -  MemoryUsage of job (MB)
	368980  -  ResidentSetSize of job (KB)
...
006 (519136.000.000) 05/07 14:46:50 Image size of job updated: 2679628
	457  -  MemoryUsage of job (MB)
	467768  -  ResidentSetSize of job (KB)
...
006 (519136.000.000) 05/07 14:51:50 Image size of job updated: 2745164
	532  -  MemoryUsage of job (MB)
	544276  -  ResidentSetSize of job (KB)
...
006 (519136.000.000) 05/07 14:56:51 Image size of job updated: 2745420
	605  -  MemoryUsage of job (MB)
	619456  -  ResidentSetSize of job (KB)
...
006 (519136.000.000) 05/07 15:01:52 Image size of job updated: 2876492
	738  -  MemoryUsage of job (MB)
	755444  -  ResidentSetSize of job (KB)
...
006 (519136.000.000) 05/07 15:06:52 Image size of job updated: 2942028
	822  -  MemoryUsage of job (MB)
	841248  -  ResidentSetSize of job (KB)
...
006 (519136.000.000) 05/07 15:11:53 Image size of job updated: 3007564
	901  -  MemoryUsage of job (MB)
	922472  -  ResidentSetSize of job (KB)
...
006 (519136.000.000) 05/07 15:16:33 Image size of job updated: 3073104
	901  -  MemoryUsage of job (MB)
	922472  -  ResidentSetSize of job (KB)
...
005 (519136.000.000) 05/07 15:16:33 Job terminated.
	(1) Normal termination (return value 0)
		Usr 0 00:38:09, Sys 0 00:00:42  -  Run Remote Usage
		Usr 0 00:00:00, Sys 0 00:00:00  -  Run Local Usage
		Usr 0 00:38:09, Sys 0 00:00:42  -  Total Remote Usage
		Usr 0 00:00:00, Sys 0 00:00:00  -  Total Local Usage
	0  -  Run Bytes Sent By Job
	0  -  Run Bytes Received By Job
	0  -  Total Bytes Sent By Job
	0  -  Total Bytes Received By Job
	Partitionable Resources :    Usage  Request Allocated
	   Cpus                 :                 1         1
	   Disk (KB)            :        1        1    802867
	   Gpus                 :                           0
	   Memory (MB)          :      901        1     12899
...
000 (382911.000.000) 05/07 20:17:00 Job submitted from host: <128.83.144.155:57685?addrs=128.83.144.155-57685>
...
001 (382911.000.000) 05/07 20:45:31 Job executing on host: <128.83.130.161:35317?addrs=128.83.130.161-35317>
...
006 (382911.000.000) 05/07 20:45:39 Image size of job updated: 2308840
	58  -  MemoryUsage of job (MB)
	58388  -  ResidentSetSize of job (KB)
...
006 (382911.000.000) 05/07 20:50:39 Image size of job updated: 2614280
	413  -  MemoryUsage of job (MB)
	421972  -  ResidentSetSize of job (KB)
...
006 (382911.000.000) 05/07 20:55:40 Image size of job updated: 2679816
	519  -  MemoryUsage of job (MB)
	530760  -  ResidentSetSize of job (KB)
...
006 (382911.000.000) 05/07 21:00:41 Image size of job updated: 2810888
	626  -  MemoryUsage of job (MB)
	640672  -  ResidentSetSize of job (KB)
...
006 (382911.000.000) 05/07 21:05:41 Image size of job updated: 2941960
	811  -  MemoryUsage of job (MB)
	829912  -  ResidentSetSize of job (KB)
...
006 (382911.000.000) 05/07 21:09:52 Image size of job updated: 3073032
	811  -  MemoryUsage of job (MB)
	829912  -  ResidentSetSize of job (KB)
...
005 (382911.000.000) 05/07 21:09:52 Job terminated.
	(1) Normal termination (return value 0)
		Usr 0 00:23:53, Sys 0 00:00:16  -  Run Remote Usage
		Usr 0 00:00:00, Sys 0 00:00:00  -  Run Local Usage
		Usr 0 00:23:53, Sys 0 00:00:16  -  Total Remote Usage
		Usr 0 00:00:00, Sys 0 00:00:00  -  Total Local Usage
	0  -  Run Bytes Sent By Job
	0  -  Run Bytes Received By Job
	0  -  Total Bytes Sent By Job
	0  -  Total Bytes Received By Job
	Partitionable Resources :    Usage  Request Allocated
	   Cpus                 :                 1         1
	   Disk (KB)            :        1        1   1909590
	   Gpus                 :                           0
	   Memory (MB)          :      811        1     21164
...
000 (384153.000.000) 05/08 05:53:03 Job submitted from host: <128.83.144.155:57685?addrs=128.83.144.155-57685>
...
001 (384153.000.000) 05/08 06:21:50 Job executing on host: <128.83.139.6:57138?addrs=128.83.139.6-57138>
...
006 (384153.000.000) 05/08 06:21:59 Image size of job updated: 1
	2  -  MemoryUsage of job (MB)
	1684  -  ResidentSetSize of job (KB)
...
006 (384153.000.000) 05/08 06:26:59 Image size of job updated: 2614096
	378  -  MemoryUsage of job (MB)
	386476  -  ResidentSetSize of job (KB)
...
006 (384153.000.000) 05/08 06:31:59 Image size of job updated: 2679632
	472  -  MemoryUsage of job (MB)
	482484  -  ResidentSetSize of job (KB)
...
006 (384153.000.000) 05/08 06:37:00 Image size of job updated: 2745168
	547  -  MemoryUsage of job (MB)
	559580  -  ResidentSetSize of job (KB)
...
006 (384153.000.000) 05/08 06:42:01 Image size of job updated: 2810704
	628  -  MemoryUsage of job (MB)
	642148  -  ResidentSetSize of job (KB)
...
006 (384153.000.000) 05/08 06:47:01 Image size of job updated: 2876496
	755  -  MemoryUsage of job (MB)
	772784  -  ResidentSetSize of job (KB)
...
006 (384153.000.000) 05/08 06:52:02 Image size of job updated: 3007568
	893  -  MemoryUsage of job (MB)
	914416  -  ResidentSetSize of job (KB)
...
006 (384153.000.000) 05/08 06:55:14 Image size of job updated: 3073108
	893  -  MemoryUsage of job (MB)
	914416  -  ResidentSetSize of job (KB)
...
005 (384153.000.000) 05/08 06:55:14 Job terminated.
	(1) Normal termination (return value 0)
		Usr 0 00:32:16, Sys 0 00:00:38  -  Run Remote Usage
		Usr 0 00:00:00, Sys 0 00:00:00  -  Run Local Usage
		Usr 0 00:32:16, Sys 0 00:00:38  -  Total Remote Usage
		Usr 0 00:00:00, Sys 0 00:00:00  -  Total Local Usage
	0  -  Run Bytes Sent By Job
	0  -  Run Bytes Received By Job
	0  -  Total Bytes Sent By Job
	0  -  Total Bytes Received By Job
	Partitionable Resources :    Usage  Request Allocated
	   Cpus                 :                 1         1
	   Disk (KB)            :        1        1   1657229
	   Gpus                 :                           0
	   Memory (MB)          :      893        1     12899
...
000 (417546.000.000) 05/09 03:37:28 Job submitted from host: <128.83.144.154:52346?addrs=128.83.144.154-52346>
...
001 (417546.000.000) 05/09 04:05:45 Job executing on host: <128.83.144.84:60326?addrs=128.83.144.84-60326>
...
006 (417546.000.000) 05/09 04:05:53 Image size of job updated: 1972984
	42  -  MemoryUsage of job (MB)
	42484  -  ResidentSetSize of job (KB)
...
006 (417546.000.000) 05/09 04:10:53 Image size of job updated: 2614412
	425  -  MemoryUsage of job (MB)
	434380  -  ResidentSetSize of job (KB)
...
006 (417546.000.000) 05/09 04:15:53 Image size of job updated: 2679948
	516  -  MemoryUsage of job (MB)
	527648  -  ResidentSetSize of job (KB)
...
006 (417546.000.000) 05/09 04:20:54 Image size of job updated: 2811020
	619  -  MemoryUsage of job (MB)
	633132  -  ResidentSetSize of job (KB)
...
006 (417546.000.000) 05/09 04:25:54 Image size of job updated: 2942092
	796  -  MemoryUsage of job (MB)
	814952  -  ResidentSetSize of job (KB)
...
006 (417546.000.000) 05/09 04:28:45 Image size of job updated: 3073164
	796  -  MemoryUsage of job (MB)
	814952  -  ResidentSetSize of job (KB)
...
005 (417546.000.000) 05/09 04:28:45 Job terminated.
	(1) Normal termination (return value 0)
		Usr 0 00:22:37, Sys 0 00:00:15  -  Run Remote Usage
		Usr 0 00:00:00, Sys 0 00:00:00  -  Run Local Usage
		Usr 0 00:22:37, Sys 0 00:00:15  -  Total Remote Usage
		Usr 0 00:00:00, Sys 0 00:00:00  -  Total Local Usage
	0  -  Run Bytes Sent By Job
	0  -  Run Bytes Received By Job
	0  -  Total Bytes Sent By Job
	0  -  Total Bytes Received By Job
	Partitionable Resources :    Usage  Request Allocated
	   Cpus                 :                 1         1
	   Disk (KB)            :        2        2   7541873
	   Gpus                 :                           0
	   Memory (MB)          :      796        1      4027
...
