[SNIPER] Start
Sampler: 4, 32, 0
itlb_cache: 32, 1
itlb_cache_L1: 32, 1
Sampler: 4, 128, 0
dtlb_cache: 128, 4
dtlb_cache_L1: 128, 4
L1-I 2
Sampler: 4, 4, 128
L1-I: 2048, 64
L1-I_L1: 2048, 64
L1-D 3
Sampler: 4, 8, 32
L1-D: 1024, 32
L1-D_L1: 1024, 32
L2 4
Sampler: 122, 16, 16
L2: 32768, 1024
L2_L1: 32768, 1024
Executing Python script /v/filer4b/v20q001/ypei/Desktop/cs395t-lin/output/low_bandwidth/run_all_hybrid_headroom9/omnetpp/24/sim.scripts.py
[STOPBYICOUNT] Starting in ROI (detail)
[STOPBYICOUNT] Then stopping after simulating at least 250000000 instructions in detail
[SNIPER] --------------------------------------------------------------------------------
[SNIPER] Sniper using SIFT/trace-driven frontend
[SNIPER] Running full application in DETAILED mode
[SNIPER] --------------------------------------------------------------------------------
[SNIPER] Enabling performance models
[SNIPER] Setting instrumentation mode to DETAILED
[app0] Running simulation...
[STOPBYICOUNT] Ending ROI after 250000001 instructions (250000000 requested)
[SNIPER] Disabling performance models
[SNIPER] Leaving ROI after 543.03 seconds
[SNIPER] Simulated 250.0M instructions, 257.0M cycles, 0.97 IPC
[SNIPER] Simulation speed 460.4 KIPS (460.4 KIPS / target core - 2171.9ns/instr)
[SNIPER] Setting instrumentation mode to FAST_FORWARD
[app0] [SIFT_RECORDER] sift_writer.cc:550: Sift::Mode Sift::Writer::Sync(): Assertion `!response->fail()' failed.
Hawkeye Victims: 0
LRU Victims: 0
Hawkeye Victims: 0
LRU Victims: 0
Hawkeye Victims: 0
LRU Victims: 0
a test for execution

[app0] Pin app terminated abnormally due to signal 6.
Inserted: 0
Redundant.progress: 0
Redundant.cache: 0
Redundant.buffer: 0
Hawkeye Victims: 0
LRU Victims: 0
a test for execution

Inserted: 0
Redundant.progress: 0
Redundant.cache: 0
Redundant.buffer: 0
Hawkeye Victims: 0
LRU Victims: 0
 =========================================================== 
Triggers: 6860042
Repeats: 0

Same addr: 6406667 93.3911
New addr: 629 0.00916904

Distribution of new addresses: 
Stream Head: 361 57.3927
Stream Divergence: 315962 50232.4

Invalidation count: 336390 53480.1
No Conflict count: 20703 3291.41
Same Stream count: 0 0
New Stream count: 0 0

Not found: 437129
On Chip Mispredictions: 0
 =========================================================== 
Distribution of predictions: 
Predict Init: 6758674 98.5223
Total Predictions: 6713167
Predict OCI Miss: 18893 0.279537
Predict Stream End: 45507 0.673313
Buffer Success: 0 0
Stride Distribution: 0, 907165, 827770, 696210, 707572, 683146, 410090, 475410, 475042, 445740, 111504, 103730, 126730, 129904, 147200, 151800, 99406, 0, 162426, 0, 122653, 0, 0, 0, 1426, 0, 0, 0, 0, 0, 36800, 0, 6118, 0, 0, 0, 9200, 0, 0, 0, 23000, 0, 0, 0, 0, 0, 0, 0, 0, 0, 0, 0, 0, 0, 0, 0, 0, 0, 0, 0, 0, 0, 0, 0, 0, 0, 33, 0, 0, 0, 0, 0, 30541120, 0, 49, 0, 15, 0, 15, 0, 0, 6644585, 1868787317, 1915577714, 1702195557, 7566451, 113, 0, 5073232, 0, 27214512, 0, 0, 0, 5073232, 0, 27772928, 0, 0, 0, 5073232, 0, 28045248, 0, 0, 0, 5165152, 0, 3483970928, 11103, 0, 11103, 30539424, 0, 49, 0, 6, 0, 6, 0, 0, 0, 1919906931, 29541, 48, 0, 49, 0, 
a test for execution

Inserted: 7597142
Redundant.progress: 1107084
Redundant.cache: 3423512
Redundant.buffer: 0
[SNIPER] End
[SNIPER] Elapsed time: 572.19 seconds
