000 (516090.000.000) 05/05 17:13:19 Job submitted from host: <128.83.144.149:44250?addrs=128.83.144.149-44250>
...
009 (516090.000.000) 05/05 17:14:26 Job was aborted by the user.
	via condor_rm (by user ypei)
...
000 (516297.000.000) 05/05 17:15:04 Job submitted from host: <128.83.144.149:44250?addrs=128.83.144.149-44250>
...
001 (516297.000.000) 05/05 17:15:30 Job executing on host: <128.83.144.21:40345?addrs=128.83.144.21-40345>
...
006 (516297.000.000) 05/05 17:15:38 Image size of job updated: 783284
	56  -  MemoryUsage of job (MB)
	56452  -  ResidentSetSize of job (KB)
...
006 (516297.000.000) 05/05 17:18:07 Image size of job updated: 956680
	56  -  MemoryUsage of job (MB)
	56452  -  ResidentSetSize of job (KB)
...
004 (516297.000.000) 05/05 17:18:07 Job was evicted.
	(0) Job was not checkpointed.
		Usr 0 00:00:49, Sys 0 00:00:00  -  Run Remote Usage
		Usr 0 00:00:00, Sys 0 00:00:00  -  Run Local Usage
	0  -  Run Bytes Sent By Job
	0  -  Run Bytes Received By Job
	Partitionable Resources :    Usage  Request Allocated
	   Cpus                 :                 1         1
	   Disk (KB)            :        1        1   2234941
	   Gpus                 :                           0
	   Memory (MB)          :       56        1      4028
...
009 (516297.000.000) 05/05 17:18:08 Job was aborted by the user.
	via condor_rm (by user ypei)
...
000 (516504.000.000) 05/05 17:18:34 Job submitted from host: <128.83.144.149:44250?addrs=128.83.144.149-44250>
...
001 (516504.000.000) 05/05 17:19:02 Job executing on host: <128.83.144.48:34977?addrs=128.83.144.48-34977>
...
006 (516504.000.000) 05/05 17:19:10 Image size of job updated: 340460
	21  -  MemoryUsage of job (MB)
	21312  -  ResidentSetSize of job (KB)
...
006 (516504.000.000) 05/05 17:21:22 Image size of job updated: 956684
	94  -  MemoryUsage of job (MB)
	96040  -  ResidentSetSize of job (KB)
...
004 (516504.000.000) 05/05 17:21:22 Job was evicted.
	(0) Job was not checkpointed.
		Usr 0 00:01:07, Sys 0 00:00:01  -  Run Remote Usage
		Usr 0 00:00:00, Sys 0 00:00:00  -  Run Local Usage
	0  -  Run Bytes Sent By Job
	0  -  Run Bytes Received By Job
	Partitionable Resources :    Usage  Request Allocated
	   Cpus                 :                 1         1
	   Disk (KB)            :        1        1   4682463
	   Gpus                 :                           0
	   Memory (MB)          :       94        1      4027
...
009 (516504.000.000) 05/05 17:21:22 Job was aborted by the user.
	via condor_rm (by user ypei)
...
000 (517125.000.000) 05/05 17:21:58 Job submitted from host: <128.83.144.149:44250?addrs=128.83.144.149-44250>
...
001 (517125.000.000) 05/05 17:22:24 Job executing on host: <128.83.144.88:55827?addrs=128.83.144.88-55827>
...
006 (517125.000.000) 05/05 17:22:33 Image size of job updated: 783288
	56  -  MemoryUsage of job (MB)
	56488  -  ResidentSetSize of job (KB)
...
006 (517125.000.000) 05/05 17:27:34 Image size of job updated: 956808
	102  -  MemoryUsage of job (MB)
	104084  -  ResidentSetSize of job (KB)
...
006 (517125.000.000) 05/05 17:32:34 Image size of job updated: 956808
	102  -  MemoryUsage of job (MB)
	104340  -  ResidentSetSize of job (KB)
...
006 (517125.000.000) 05/05 17:37:34 Image size of job updated: 956808
	102  -  MemoryUsage of job (MB)
	104436  -  ResidentSetSize of job (KB)
...
006 (517125.000.000) 05/05 17:39:35 Image size of job updated: 958424
	102  -  MemoryUsage of job (MB)
	104436  -  ResidentSetSize of job (KB)
...
005 (517125.000.000) 05/05 17:39:35 Job terminated.
	(1) Normal termination (return value 0)
		Usr 0 00:15:39, Sys 0 00:00:06  -  Run Remote Usage
		Usr 0 00:00:00, Sys 0 00:00:00  -  Run Local Usage
		Usr 0 00:15:39, Sys 0 00:00:06  -  Total Remote Usage
		Usr 0 00:00:00, Sys 0 00:00:00  -  Total Local Usage
	0  -  Run Bytes Sent By Job
	0  -  Run Bytes Received By Job
	0  -  Total Bytes Sent By Job
	0  -  Total Bytes Received By Job
	Partitionable Resources :    Usage  Request Allocated
	   Cpus                 :                 1         1
	   Disk (KB)            :        1        1   2250170
	   Gpus                 :                           0
	   Memory (MB)          :      102        1      4028
...
000 (382556.000.000) 05/07 03:40:00 Job submitted from host: <128.83.144.155:57685?addrs=128.83.144.155-57685>
...
001 (382556.000.000) 05/07 04:21:01 Job executing on host: <128.83.120.128:51378?addrs=128.83.120.128-51378>
...
006 (382556.000.000) 05/07 04:21:09 Image size of job updated: 1
	2  -  MemoryUsage of job (MB)
	1684  -  ResidentSetSize of job (KB)
...
006 (382556.000.000) 05/07 04:26:09 Image size of job updated: 956840
	98  -  MemoryUsage of job (MB)
	99464  -  ResidentSetSize of job (KB)
...
006 (382556.000.000) 05/07 04:31:09 Image size of job updated: 956840
	98  -  MemoryUsage of job (MB)
	99772  -  ResidentSetSize of job (KB)
...
006 (382556.000.000) 05/07 04:36:11 Image size of job updated: 957096
	98  -  MemoryUsage of job (MB)
	99960  -  ResidentSetSize of job (KB)
...
006 (382556.000.000) 05/07 04:41:11 Image size of job updated: 958300
	112  -  MemoryUsage of job (MB)
	113852  -  ResidentSetSize of job (KB)
...
006 (382556.000.000) 05/07 04:44:15 Image size of job updated: 958712
	112  -  MemoryUsage of job (MB)
	113852  -  ResidentSetSize of job (KB)
...
005 (382556.000.000) 05/07 04:44:15 Job terminated.
	(1) Normal termination (return value 0)
		Usr 0 00:22:38, Sys 0 00:00:24  -  Run Remote Usage
		Usr 0 00:00:00, Sys 0 00:00:00  -  Run Local Usage
		Usr 0 00:22:38, Sys 0 00:00:24  -  Total Remote Usage
		Usr 0 00:00:00, Sys 0 00:00:00  -  Total Local Usage
	0  -  Run Bytes Sent By Job
	0  -  Run Bytes Received By Job
	0  -  Total Bytes Sent By Job
	0  -  Total Bytes Received By Job
	Partitionable Resources :    Usage  Request Allocated
	   Cpus                 :                 1         1
	   Disk (KB)            :        1        1    803077
	   Gpus                 :                           0
	   Memory (MB)          :      112        1     12899
...
000 (518574.000.000) 05/07 13:18:25 Job submitted from host: <128.83.144.149:44250?addrs=128.83.144.149-44250>
...
001 (518574.000.000) 05/07 13:18:58 Job executing on host: <128.83.139.146:44201?addrs=128.83.139.146-44201>
...
006 (518574.000.000) 05/07 13:19:06 Image size of job updated: 1
	2  -  MemoryUsage of job (MB)
	1632  -  ResidentSetSize of job (KB)
...
010 (518574.000.000) 05/07 13:21:24 Job was suspended.
	Number of processes actually suspended: 8
...
006 (518574.000.000) 05/07 13:21:24 Image size of job updated: 956580
	96  -  MemoryUsage of job (MB)
	97496  -  ResidentSetSize of job (KB)
...
011 (518574.000.000) 05/07 13:21:39 Job was unsuspended.
...
004 (518574.000.000) 05/07 13:23:39 Job was evicted.
	(0) Job was not checkpointed.
		Usr 0 00:03:03, Sys 0 00:00:02  -  Run Remote Usage
		Usr 0 00:00:00, Sys 0 00:00:00  -  Run Local Usage
	0  -  Run Bytes Sent By Job
	0  -  Run Bytes Received By Job
	Partitionable Resources :    Usage  Request Allocated
	   Cpus                 :                 1         1
	   Disk (KB)            :        1        1   7501869
	   Gpus                 :                           0
	   Memory (MB)          :       96        1      4027
...
009 (518574.000.000) 05/07 13:23:40 Job was aborted by the user.
	via condor_rm (by user ypei)
...
000 (518781.000.000) 05/07 13:23:59 Job submitted from host: <128.83.144.149:44250?addrs=128.83.144.149-44250>
...
001 (518781.000.000) 05/07 13:25:26 Job executing on host: <128.83.139.142:37279?addrs=128.83.139.142-37279>
...
006 (518781.000.000) 05/07 13:25:34 Image size of job updated: 953716
	78  -  MemoryUsage of job (MB)
	78960  -  ResidentSetSize of job (KB)
...
006 (518781.000.000) 05/07 13:30:34 Image size of job updated: 956856
	97  -  MemoryUsage of job (MB)
	98400  -  ResidentSetSize of job (KB)
...
006 (518781.000.000) 05/07 13:35:35 Image size of job updated: 956856
	97  -  MemoryUsage of job (MB)
	98620  -  ResidentSetSize of job (KB)
...
006 (518781.000.000) 05/07 13:40:36 Image size of job updated: 956860
	97  -  MemoryUsage of job (MB)
	98756  -  ResidentSetSize of job (KB)
...
006 (518781.000.000) 05/07 13:45:36 Image size of job updated: 958168
	139  -  MemoryUsage of job (MB)
	141352  -  ResidentSetSize of job (KB)
...
006 (518781.000.000) 05/07 13:46:04 Image size of job updated: 958452
	139  -  MemoryUsage of job (MB)
	141352  -  ResidentSetSize of job (KB)
...
005 (518781.000.000) 05/07 13:46:04 Job terminated.
	(1) Normal termination (return value 0)
		Usr 0 00:19:51, Sys 0 00:00:22  -  Run Remote Usage
		Usr 0 00:00:00, Sys 0 00:00:00  -  Run Local Usage
		Usr 0 00:19:51, Sys 0 00:00:22  -  Total Remote Usage
		Usr 0 00:00:00, Sys 0 00:00:00  -  Total Local Usage
	0  -  Run Bytes Sent By Job
	0  -  Run Bytes Received By Job
	0  -  Total Bytes Sent By Job
	0  -  Total Bytes Received By Job
	Partitionable Resources :    Usage  Request Allocated
	   Cpus                 :                 1         1
	   Disk (KB)            :        1        1   7532333
	   Gpus                 :                           0
	   Memory (MB)          :      139        1      4027
...
000 (519195.000.000) 05/07 14:36:35 Job submitted from host: <128.83.144.149:44250?addrs=128.83.144.149-44250>
...
001 (519195.000.000) 05/07 14:38:34 Job executing on host: <128.83.139.5:46458?addrs=128.83.139.5-46458>
...
006 (519195.000.000) 05/07 14:38:42 Image size of job updated: 785344
	58  -  MemoryUsage of job (MB)
	58912  -  ResidentSetSize of job (KB)
...
006 (519195.000.000) 05/07 14:43:42 Image size of job updated: 956856
	99  -  MemoryUsage of job (MB)
	101232  -  ResidentSetSize of job (KB)
...
006 (519195.000.000) 05/07 14:48:43 Image size of job updated: 956856
	100  -  MemoryUsage of job (MB)
	101580  -  ResidentSetSize of job (KB)
...
006 (519195.000.000) 05/07 14:53:43 Image size of job updated: 956856
	100  -  MemoryUsage of job (MB)
	101676  -  ResidentSetSize of job (KB)
...
006 (519195.000.000) 05/07 14:58:43 Image size of job updated: 956856
	100  -  MemoryUsage of job (MB)
	101756  -  ResidentSetSize of job (KB)
...
006 (519195.000.000) 05/07 15:03:44 Image size of job updated: 956856
	100  -  MemoryUsage of job (MB)
	101836  -  ResidentSetSize of job (KB)
...
006 (519195.000.000) 05/07 15:08:45 Image size of job updated: 958436
	147  -  MemoryUsage of job (MB)
	149832  -  ResidentSetSize of job (KB)
...
006 (519195.000.000) 05/07 15:09:15 Image size of job updated: 958452
	147  -  MemoryUsage of job (MB)
	149832  -  ResidentSetSize of job (KB)
...
005 (519195.000.000) 05/07 15:09:15 Job terminated.
	(1) Normal termination (return value 0)
		Usr 0 00:29:40, Sys 0 00:00:57  -  Run Remote Usage
		Usr 0 00:00:00, Sys 0 00:00:00  -  Run Local Usage
		Usr 0 00:29:40, Sys 0 00:00:57  -  Total Remote Usage
		Usr 0 00:00:00, Sys 0 00:00:00  -  Total Local Usage
	0  -  Run Bytes Sent By Job
	0  -  Run Bytes Received By Job
	0  -  Total Bytes Sent By Job
	0  -  Total Bytes Received By Job
	Partitionable Resources :    Usage  Request Allocated
	   Cpus                 :                 1         1
	   Disk (KB)            :        1        1   4646194
	   Gpus                 :                           0
	   Memory (MB)          :      147        1      4027
...
000 (382970.000.000) 05/07 20:17:05 Job submitted from host: <128.83.144.155:57685?addrs=128.83.144.155-57685>
...
001 (382970.000.000) 05/07 20:51:50 Job executing on host: <128.83.144.96:35052?addrs=128.83.144.96-35052>
...
006 (382970.000.000) 05/07 20:51:58 Image size of job updated: 1
	2  -  MemoryUsage of job (MB)
	1632  -  ResidentSetSize of job (KB)
...
006 (382970.000.000) 05/07 20:56:58 Image size of job updated: 956844
	99  -  MemoryUsage of job (MB)
	100836  -  ResidentSetSize of job (KB)
...
006 (382970.000.000) 05/07 21:01:59 Image size of job updated: 956844
	99  -  MemoryUsage of job (MB)
	101080  -  ResidentSetSize of job (KB)
...
006 (382970.000.000) 05/07 21:06:59 Image size of job updated: 958048
	114  -  MemoryUsage of job (MB)
	116380  -  ResidentSetSize of job (KB)
...
006 (382970.000.000) 05/07 21:08:13 Image size of job updated: 958460
	114  -  MemoryUsage of job (MB)
	116380  -  ResidentSetSize of job (KB)
...
005 (382970.000.000) 05/07 21:08:13 Job terminated.
	(1) Normal termination (return value 0)
		Usr 0 00:16:01, Sys 0 00:00:06  -  Run Remote Usage
		Usr 0 00:00:00, Sys 0 00:00:00  -  Run Local Usage
		Usr 0 00:16:01, Sys 0 00:00:06  -  Total Remote Usage
		Usr 0 00:00:00, Sys 0 00:00:00  -  Total Local Usage
	0  -  Run Bytes Sent By Job
	0  -  Run Bytes Received By Job
	0  -  Total Bytes Sent By Job
	0  -  Total Bytes Received By Job
	Partitionable Resources :    Usage  Request Allocated
	   Cpus                 :                 1         1
	   Disk (KB)            :        1        1   2219663
	   Gpus                 :                           0
	   Memory (MB)          :      114        1      4028
...
000 (384212.000.000) 05/08 05:53:08 Job submitted from host: <128.83.144.155:57685?addrs=128.83.144.155-57685>
...
001 (384212.000.000) 05/08 06:27:27 Job executing on host: <128.83.144.168:35892?addrs=128.83.144.168-35892>
...
006 (384212.000.000) 05/08 06:27:36 Image size of job updated: 956524
	87  -  MemoryUsage of job (MB)
	88792  -  ResidentSetSize of job (KB)
...
006 (384212.000.000) 05/08 06:32:37 Image size of job updated: 956720
	97  -  MemoryUsage of job (MB)
	98584  -  ResidentSetSize of job (KB)
...
006 (384212.000.000) 05/08 06:37:37 Image size of job updated: 958076
	97  -  MemoryUsage of job (MB)
	98584  -  ResidentSetSize of job (KB)
...
005 (384212.000.000) 05/08 06:37:37 Job terminated.
	(1) Normal termination (return value 0)
		Usr 0 00:09:49, Sys 0 00:00:04  -  Run Remote Usage
		Usr 0 00:00:00, Sys 0 00:00:00  -  Run Local Usage
		Usr 0 00:09:49, Sys 0 00:00:04  -  Total Remote Usage
		Usr 0 00:00:00, Sys 0 00:00:00  -  Total Local Usage
	0  -  Run Bytes Sent By Job
	0  -  Run Bytes Received By Job
	0  -  Total Bytes Sent By Job
	0  -  Total Bytes Received By Job
	Partitionable Resources :    Usage  Request Allocated
	   Cpus                 :                 1         1
	   Disk (KB)            :        1        1   7539965
	   Gpus                 :                           0
	   Memory (MB)          :       97        1      4027
...
000 (417605.000.000) 05/09 03:37:33 Job submitted from host: <128.83.144.154:52346?addrs=128.83.144.154-52346>
...
001 (417605.000.000) 05/09 04:10:36 Job executing on host: <128.83.144.55:40067?addrs=128.83.144.55-40067>
...
006 (417605.000.000) 05/09 04:10:44 Image size of job updated: 341000
	22  -  MemoryUsage of job (MB)
	22100  -  ResidentSetSize of job (KB)
...
006 (417605.000.000) 05/09 04:15:44 Image size of job updated: 956980
	99  -  MemoryUsage of job (MB)
	100700  -  ResidentSetSize of job (KB)
...
006 (417605.000.000) 05/09 04:20:45 Image size of job updated: 956980
	99  -  MemoryUsage of job (MB)
	100872  -  ResidentSetSize of job (KB)
...
006 (417605.000.000) 05/09 04:25:46 Image size of job updated: 956980
	99  -  MemoryUsage of job (MB)
	101132  -  ResidentSetSize of job (KB)
...
006 (417605.000.000) 05/09 04:27:40 Image size of job updated: 958576
	99  -  MemoryUsage of job (MB)
	101132  -  ResidentSetSize of job (KB)
...
005 (417605.000.000) 05/09 04:27:40 Job terminated.
	(1) Normal termination (return value 0)
		Usr 0 00:16:48, Sys 0 00:00:10  -  Run Remote Usage
		Usr 0 00:00:00, Sys 0 00:00:00  -  Run Local Usage
		Usr 0 00:16:48, Sys 0 00:00:10  -  Total Remote Usage
		Usr 0 00:00:00, Sys 0 00:00:00  -  Total Local Usage
	0  -  Run Bytes Sent By Job
	0  -  Run Bytes Received By Job
	0  -  Total Bytes Sent By Job
	0  -  Total Bytes Received By Job
	Partitionable Resources :    Usage  Request Allocated
	   Cpus                 :                 1         1
	   Disk (KB)            :        2        2   7539970
	   Gpus                 :                           0
	   Memory (MB)          :       99        1      4027
...
