[SNIPER] Start
Sampler: 4, 32, 0
itlb_cache: 32, 1
itlb_cache_L1: 32, 1
Sampler: 4, 128, 0
dtlb_cache: 128, 4
dtlb_cache_L1: 128, 4
L1-I 2
Sampler: 4, 4, 128
L1-I: 2048, 64
L1-I_L1: 2048, 64
L1-D 3
Sampler: 4, 8, 32
L1-D: 1024, 32
L1-D_L1: 1024, 32
L2 4
Sampler: 122, 16, 16
L2: 32768, 1024
L2_L1: 32768, 1024
Executing Python script /v/filer4b/v20q001/ypei/Desktop/cs395t-lin/output/low_bandwidth/run_all_hybrid_headroom9/soplex/4/sim.scripts.py
[STOPBYICOUNT] Starting in ROI (detail)
[STOPBYICOUNT] Then stopping after simulating at least 250000000 instructions in detail
[SNIPER] --------------------------------------------------------------------------------
[SNIPER] Sniper using SIFT/trace-driven frontend
[SNIPER] Running full application in DETAILED mode
[SNIPER] --------------------------------------------------------------------------------
[SNIPER] Enabling performance models
[SNIPER] Setting instrumentation mode to DETAILED
[STOPBYICOUNT] Ending ROI after 250000002 instructions (250000000 requested)
[SNIPER] Disabling performance models
[SNIPER] Leaving ROI after 1020.41 seconds
[SNIPER] Simulated 250.0M instructions, 415.3M cycles, 0.60 IPC
[SNIPER] Simulation speed 245.0 KIPS (245.0 KIPS / target core - 4081.7ns/instr)
[SNIPER] Setting instrumentation mode to FAST_FORWARD
[app0] [SIFT_RECORDER] sift_writer.cc:550: Sift::Mode Sift::Writer::Sync(): Assertion `!response->fail()' failed.
Hawkeye Victims: 0
LRU Victims: 0
Hawkeye Victims: 0
LRU Victims: 0
Hawkeye Victims: 0
LRU Victims: 0
a test for execution

Inserted: 0
Redundant.progress: 0
Redundant.cache: 0
Redundant.buffer: 0
Hawkeye Victims: 0
LRU Victims: 0
a test for execution
[app0] Pin app terminated abnormally due to signal 6.

Inserted: 0
Redundant.progress: 0
Redundant.cache: 0
Redundant.buffer: 0
Hawkeye Victims: 0
LRU Victims: 0
 =========================================================== 
Triggers: 14151949
Repeats: 0

Same addr: 6573474 46.4492
New addr: 639 0.00451528

Distribution of new addresses: 
Stream Head: 526 82.3161
Stream Divergence: 7372152 1.1537e+06

Invalidation count: 7418620 1.16097e+06
No Conflict count: 46752 7316.43
Same Stream count: 0 0
New Stream count: 0 0

Not found: 7568130
On Chip Mispredictions: 0
 =========================================================== 
Distribution of predictions: 
Predict Init: 14001800 98.939
Total Predictions: 13922483
Predict OCI Miss: 9844 0.0703052
Predict Stream End: 79317 0.566477
Buffer Success: 0 0
Stride Distribution: 0, 2391, 826620, 0, 0, 66056, 1426, 0, 0, 45126, 1426, 0, 3128, 0, 0, 6854, 96880, 0, 10291580, 0, 0, 0, 0, 0, 0, 0, 0, 0, 0, 0, 4324, 0, 7866, 0, 0, 0, 2757608, 0, 0, 0, 0, 0, 0, 0, 0, 0, 0, 0, 0, 0, 0, 0, 0, 0, 0, 0, 0, 0, 0, 0, 0, 0, 0, 0, 0, 0, 33, 0, 0, 0, 0, 0, 23135536, 0, 49, 0, 15, 0, 15, 0, 0, 6644585, 1868787317, 1915577714, 1702195557, 7566451, 113, 0, 5073232, 0, 19808928, 0, 0, 0, 5073232, 0, 20367344, 0, 0, 0, 5073232, 0, 20639664, 0, 0, 0, 5165152, 0, 2942745968, 10952, 0, 10952, 23133840, 0, 49, 0, 6, 0, 6, 0, 0, 0, 1919906931, 29541, 48, 0, 49, 0, 
a test for execution

Inserted: 19644676
Redundant.progress: 437
Redundant.cache: 19453097
Redundant.buffer: 0
[SNIPER] End
[SNIPER] Elapsed time: 1022.83 seconds
