[SNIPER] Start
Sampler: 4, 32, 0
itlb_cache: 32, 1
itlb_cache_L1: 32, 1
Sampler: 4, 128, 0
dtlb_cache: 128, 4
dtlb_cache_L1: 128, 4
L1-I 2
Sampler: 4, 4, 128
L1-I: 2048, 64
L1-I_L1: 2048, 64
L1-D 3
Sampler: 4, 8, 32
L1-D: 1024, 32
L1-D_L1: 1024, 32
L2 4
Sampler: 122, 16, 16
L2: 32768, 1024
L2_L1: 32768, 1024
Executing Python script /v/filer4b/v20q001/ypei/Desktop/cs395t-lin/output/low_bandwidth/run_all_hybrid_headroom9/omnetpp/9/sim.scripts.py
[STOPBYICOUNT] Starting in ROI (detail)
[STOPBYICOUNT] Then stopping after simulating at least 250000000 instructions in detail
[SNIPER] --------------------------------------------------------------------------------
[SNIPER] Sniper using SIFT/trace-driven frontend
[SNIPER] Running full application in DETAILED mode
[SNIPER] --------------------------------------------------------------------------------
[SNIPER] Enabling performance models
[SNIPER] Setting instrumentation mode to DETAILED
[STOPBYICOUNT] Ending ROI after 250000004 instructions (250000000 requested)
[SNIPER] Disabling performance models
[SNIPER] Leaving ROI after 1155.45 seconds
[SNIPER] Simulated 250.0M instructions, 474.9M cycles, 0.53 IPC
[SNIPER] Simulation speed 216.4 KIPS (216.4 KIPS / target core - 4621.8ns/instr)
[SNIPER] Setting instrumentation mode to FAST_FORWARD
[app0] [SIFT_RECORDER] sift_writer.cc:550: Sift::Mode Sift::Writer::Sync(): Assertion `!response->fail()' failed.
Hawkeye Victims: 0
LRU Victims: 0
Hawkeye Victims: 0
LRU Victims: 0
Hawkeye Victims: 0
LRU Victims: 0
a test for execution

[app0] Pin app terminated abnormally due to signal 6.
Inserted: 0
Redundant.progress: 0
Redundant.cache: 0
Redundant.buffer: 0
Hawkeye Victims: 0
LRU Victims: 0
a test for execution

Inserted: 0
Redundant.progress: 0
Redundant.cache: 0
Redundant.buffer: 0
Hawkeye Victims: 0
LRU Victims: 0
 =========================================================== 
Triggers: 4953478
Repeats: 0

Same addr: 3383310 68.3017
New addr: 1256 0.0253559

Distribution of new addresses: 
Stream Head: 964 76.7516
Stream Divergence: 602644 47981.2

Invalidation count: 1126901 89721.4
No Conflict count: 531928 42351
Same Stream count: 0 0
New Stream count: 0 0

Not found: 1548247
On Chip Mispredictions: 0
 =========================================================== 
Distribution of predictions: 
Predict Init: 4530876 91.4686
Total Predictions: 4464104
Predict OCI Miss: 56878 1.25534
Predict Stream End: 66772 1.47371
Buffer Success: 0 0
Stride Distribution: 0, 510599, 340323, 427570, 96600, 69000, 23000, 55200, 276000, 119600, 179354, 82800, 170200, 386400, 92000, 78200, 78200, 0, 23000, 0, 59800, 0, 0, 0, 0, 0, 0, 0, 0, 0, 317400, 0, 184000, 0, 0, 0, 450800, 0, 0, 0, 846032, 0, 0, 0, 0, 0, 0, 0, 0, 0, 0, 0, 0, 0, 0, 0, 0, 0, 0, 0, 0, 0, 0, 0, 0, 0, 33, 0, 0, 0, 0, 0, 33637680, 0, 49, 0, 15, 0, 15, 0, 0, 6644585, 1868787317, 1915577714, 1702195557, 7566451, 113, 0, 5073232, 0, 30311072, 0, 0, 0, 5073232, 0, 30869488, 0, 0, 0, 5073232, 0, 31141808, 0, 0, 0, 5165152, 0, 3314777456, 10990, 0, 10990, 33635984, 0, 49, 0, 6, 0, 6, 0, 0, 0, 1919906931, 29541, 48, 0, 49, 0, 
a test for execution

Inserted: 4568829
Redundant.progress: 35936
Redundant.cache: 1784422
Redundant.buffer: 0
[SNIPER] End
[SNIPER] Elapsed time: 1161.99 seconds
