000 (516089.000.000) 05/05 17:13:19 Job submitted from host: <128.83.144.149:44250?addrs=128.83.144.149-44250>
...
009 (516089.000.000) 05/05 17:14:25 Job was aborted by the user.
	via condor_rm (by user ypei)
...
000 (516296.000.000) 05/05 17:15:04 Job submitted from host: <128.83.144.149:44250?addrs=128.83.144.149-44250>
...
001 (516296.000.000) 05/05 17:15:30 Job executing on host: <128.83.144.21:40345?addrs=128.83.144.21-40345>
...
006 (516296.000.000) 05/05 17:15:38 Image size of job updated: 842356
	56  -  MemoryUsage of job (MB)
	56612  -  ResidentSetSize of job (KB)
...
006 (516296.000.000) 05/05 17:18:09 Image size of job updated: 1019388
	151  -  MemoryUsage of job (MB)
	153924  -  ResidentSetSize of job (KB)
...
004 (516296.000.000) 05/05 17:18:09 Job was evicted.
	(0) Job was not checkpointed.
		Usr 0 00:00:52, Sys 0 00:00:00  -  Run Remote Usage
		Usr 0 00:00:00, Sys 0 00:00:00  -  Run Local Usage
	0  -  Run Bytes Sent By Job
	0  -  Run Bytes Received By Job
	Partitionable Resources :    Usage  Request Allocated
	   Cpus                 :                 1         1
	   Disk (KB)            :        1        1   2234941
	   Gpus                 :                           0
	   Memory (MB)          :      151        1      4028
...
009 (516296.000.000) 05/05 17:18:10 Job was aborted by the user.
	via condor_rm (by user ypei)
...
000 (516503.000.000) 05/05 17:18:34 Job submitted from host: <128.83.144.149:44250?addrs=128.83.144.149-44250>
...
001 (516503.000.000) 05/05 17:19:01 Job executing on host: <128.83.144.83:49976?addrs=128.83.144.83-49976>
...
006 (516503.000.000) 05/05 17:19:10 Image size of job updated: 1
	2  -  MemoryUsage of job (MB)
	1636  -  ResidentSetSize of job (KB)
...
006 (516503.000.000) 05/05 17:21:19 Image size of job updated: 1019388
	151  -  MemoryUsage of job (MB)
	154056  -  ResidentSetSize of job (KB)
...
004 (516503.000.000) 05/05 17:21:19 Job was evicted.
	(0) Job was not checkpointed.
		Usr 0 00:01:04, Sys 0 00:00:00  -  Run Remote Usage
		Usr 0 00:00:00, Sys 0 00:00:00  -  Run Local Usage
	0  -  Run Bytes Sent By Job
	0  -  Run Bytes Received By Job
	Partitionable Resources :    Usage  Request Allocated
	   Cpus                 :                 1         1
	   Disk (KB)            :        1        1   2234942
	   Gpus                 :                           0
	   Memory (MB)          :      151        1      4028
...
009 (516503.000.000) 05/05 17:21:19 Job was aborted by the user.
	via condor_rm (by user ypei)
...
000 (517124.000.000) 05/05 17:21:58 Job submitted from host: <128.83.144.149:44250?addrs=128.83.144.149-44250>
...
001 (517124.000.000) 05/05 17:22:26 Job executing on host: <128.83.139.9:47643?addrs=128.83.139.9-47643>
...
006 (517124.000.000) 05/05 17:22:35 Image size of job updated: 1
	2  -  MemoryUsage of job (MB)
	1692  -  ResidentSetSize of job (KB)
...
006 (517124.000.000) 05/05 17:27:36 Image size of job updated: 1019548
	156  -  MemoryUsage of job (MB)
	159496  -  ResidentSetSize of job (KB)
...
006 (517124.000.000) 05/05 17:32:37 Image size of job updated: 1086616
	245  -  MemoryUsage of job (MB)
	250336  -  ResidentSetSize of job (KB)
...
006 (517124.000.000) 05/05 17:37:37 Image size of job updated: 1086616
	251  -  MemoryUsage of job (MB)
	256552  -  ResidentSetSize of job (KB)
...
006 (517124.000.000) 05/05 17:42:37 Image size of job updated: 1086616
	262  -  MemoryUsage of job (MB)
	267856  -  ResidentSetSize of job (KB)
...
005 (517124.000.000) 05/05 17:46:15 Job terminated.
	(1) Normal termination (return value 0)
		Usr 0 00:22:03, Sys 0 00:00:36  -  Run Remote Usage
		Usr 0 00:00:00, Sys 0 00:00:00  -  Run Local Usage
		Usr 0 00:22:03, Sys 0 00:00:36  -  Total Remote Usage
		Usr 0 00:00:00, Sys 0 00:00:00  -  Total Local Usage
	0  -  Run Bytes Sent By Job
	0  -  Run Bytes Received By Job
	0  -  Total Bytes Sent By Job
	0  -  Total Bytes Received By Job
	Partitionable Resources :    Usage  Request Allocated
	   Cpus                 :                 1         1
	   Disk (KB)            :        1        1   1654205
	   Gpus                 :                           0
	   Memory (MB)          :      262        1     12899
...
000 (382555.000.000) 05/07 03:40:00 Job submitted from host: <128.83.144.155:57685?addrs=128.83.144.155-57685>
...
001 (382555.000.000) 05/07 04:20:55 Job executing on host: <128.83.120.250:59851?addrs=128.83.120.250-59851>
...
006 (382555.000.000) 05/07 04:21:04 Image size of job updated: 1
	2  -  MemoryUsage of job (MB)
	1680  -  ResidentSetSize of job (KB)
...
006 (382555.000.000) 05/07 04:26:05 Image size of job updated: 1019776
	153  -  MemoryUsage of job (MB)
	156144  -  ResidentSetSize of job (KB)
...
006 (382555.000.000) 05/07 04:31:05 Image size of job updated: 1086632
	237  -  MemoryUsage of job (MB)
	242640  -  ResidentSetSize of job (KB)
...
006 (382555.000.000) 05/07 04:36:06 Image size of job updated: 1086632
	246  -  MemoryUsage of job (MB)
	251456  -  ResidentSetSize of job (KB)
...
006 (382555.000.000) 05/07 04:41:07 Image size of job updated: 1086900
	252  -  MemoryUsage of job (MB)
	257548  -  ResidentSetSize of job (KB)
...
005 (382555.000.000) 05/07 04:42:43 Job terminated.
	(1) Normal termination (return value 0)
		Usr 0 00:21:00, Sys 0 00:00:28  -  Run Remote Usage
		Usr 0 00:00:00, Sys 0 00:00:00  -  Run Local Usage
		Usr 0 00:21:00, Sys 0 00:00:28  -  Total Remote Usage
		Usr 0 00:00:00, Sys 0 00:00:00  -  Total Local Usage
	0  -  Run Bytes Sent By Job
	0  -  Run Bytes Received By Job
	0  -  Total Bytes Sent By Job
	0  -  Total Bytes Received By Job
	Partitionable Resources :    Usage  Request Allocated
	   Cpus                 :                 1         1
	   Disk (KB)            :        1        1    798511
	   Gpus                 :                           0
	   Memory (MB)          :      252        1     12899
...
000 (518573.000.000) 05/07 13:18:25 Job submitted from host: <128.83.144.149:44250?addrs=128.83.144.149-44250>
...
001 (518573.000.000) 05/07 13:18:58 Job executing on host: <128.83.139.146:44201?addrs=128.83.139.146-44201>
...
006 (518573.000.000) 05/07 13:19:06 Image size of job updated: 51988
	10  -  MemoryUsage of job (MB)
	9632  -  ResidentSetSize of job (KB)
...
006 (518573.000.000) 05/07 13:23:37 Image size of job updated: 1019440
	10  -  MemoryUsage of job (MB)
	9632  -  ResidentSetSize of job (KB)
...
004 (518573.000.000) 05/07 13:23:37 Job was evicted.
	(0) Job was not checkpointed.
		Usr 0 00:03:17, Sys 0 00:00:03  -  Run Remote Usage
		Usr 0 00:00:00, Sys 0 00:00:00  -  Run Local Usage
	0  -  Run Bytes Sent By Job
	0  -  Run Bytes Received By Job
	Partitionable Resources :    Usage  Request Allocated
	   Cpus                 :                 1         1
	   Disk (KB)            :        1        1   7501869
	   Gpus                 :                           0
	   Memory (MB)          :       10        1      4027
...
009 (518573.000.000) 05/07 13:23:38 Job was aborted by the user.
	via condor_rm (by user ypei)
...
000 (518780.000.000) 05/07 13:23:59 Job submitted from host: <128.83.144.149:44250?addrs=128.83.144.149-44250>
...
001 (518780.000.000) 05/07 13:24:35 Job executing on host: <128.83.120.250:59851?addrs=128.83.120.250-59851>
...
006 (518780.000.000) 05/07 13:24:44 Image size of job updated: 842492
	56  -  MemoryUsage of job (MB)
	56908  -  ResidentSetSize of job (KB)
...
006 (518780.000.000) 05/07 13:29:45 Image size of job updated: 1019748
	161  -  MemoryUsage of job (MB)
	164856  -  ResidentSetSize of job (KB)
...
006 (518780.000.000) 05/07 13:34:45 Image size of job updated: 1086616
	246  -  MemoryUsage of job (MB)
	251360  -  ResidentSetSize of job (KB)
...
006 (518780.000.000) 05/07 13:39:46 Image size of job updated: 1086624
	251  -  MemoryUsage of job (MB)
	256456  -  ResidentSetSize of job (KB)
...
006 (518780.000.000) 05/07 13:44:47 Image size of job updated: 1086636
	261  -  MemoryUsage of job (MB)
	266320  -  ResidentSetSize of job (KB)
...
005 (518780.000.000) 05/07 13:47:19 Job terminated.
	(1) Normal termination (return value 0)
		Usr 0 00:21:28, Sys 0 00:00:31  -  Run Remote Usage
		Usr 0 00:00:00, Sys 0 00:00:00  -  Run Local Usage
		Usr 0 00:21:28, Sys 0 00:00:31  -  Total Remote Usage
		Usr 0 00:00:00, Sys 0 00:00:00  -  Total Local Usage
	0  -  Run Bytes Sent By Job
	0  -  Run Bytes Received By Job
	0  -  Total Bytes Sent By Job
	0  -  Total Bytes Received By Job
	Partitionable Resources :    Usage  Request Allocated
	   Cpus                 :                 1         1
	   Disk (KB)            :        1        1    798503
	   Gpus                 :                           0
	   Memory (MB)          :      261        1     12899
...
000 (519194.000.000) 05/07 14:36:35 Job submitted from host: <128.83.144.149:44250?addrs=128.83.144.149-44250>
...
001 (519194.000.000) 05/07 14:37:42 Job executing on host: <128.83.139.146:44201?addrs=128.83.139.146-44201>
...
006 (519194.000.000) 05/07 14:37:51 Image size of job updated: 842492
	50  -  MemoryUsage of job (MB)
	50792  -  ResidentSetSize of job (KB)
...
006 (519194.000.000) 05/07 14:42:51 Image size of job updated: 1021124
	153  -  MemoryUsage of job (MB)
	155788  -  ResidentSetSize of job (KB)
...
006 (519194.000.000) 05/07 14:47:51 Image size of job updated: 1086648
	236  -  MemoryUsage of job (MB)
	241652  -  ResidentSetSize of job (KB)
...
006 (519194.000.000) 05/07 14:52:52 Image size of job updated: 1086652
	241  -  MemoryUsage of job (MB)
	246524  -  ResidentSetSize of job (KB)
...
006 (519194.000.000) 05/07 14:57:53 Image size of job updated: 1086656
	247  -  MemoryUsage of job (MB)
	252364  -  ResidentSetSize of job (KB)
...
006 (519194.000.000) 05/07 15:02:53 Image size of job updated: 1086664
	252  -  MemoryUsage of job (MB)
	257088  -  ResidentSetSize of job (KB)
...
005 (519194.000.000) 05/07 15:04:50 Job terminated.
	(1) Normal termination (return value 0)
		Usr 0 00:26:09, Sys 0 00:00:33  -  Run Remote Usage
		Usr 0 00:00:00, Sys 0 00:00:00  -  Run Local Usage
		Usr 0 00:26:09, Sys 0 00:00:33  -  Total Remote Usage
		Usr 0 00:00:00, Sys 0 00:00:00  -  Total Local Usage
	0  -  Run Bytes Sent By Job
	0  -  Run Bytes Received By Job
	0  -  Total Bytes Sent By Job
	0  -  Total Bytes Received By Job
	Partitionable Resources :    Usage  Request Allocated
	   Cpus                 :                 1         1
	   Disk (KB)            :        1        1   7501859
	   Gpus                 :                           0
	   Memory (MB)          :      252        1      4027
...
000 (382969.000.000) 05/07 20:17:05 Job submitted from host: <128.83.144.155:57685?addrs=128.83.144.155-57685>
...
001 (382969.000.000) 05/07 20:51:44 Job executing on host: <128.83.144.49:50113?addrs=128.83.144.49-50113>
...
006 (382969.000.000) 05/07 20:51:53 Image size of job updated: 844556
	56  -  MemoryUsage of job (MB)
	57112  -  ResidentSetSize of job (KB)
...
006 (382969.000.000) 05/07 20:56:54 Image size of job updated: 1085420
	214  -  MemoryUsage of job (MB)
	219116  -  ResidentSetSize of job (KB)
...
006 (382969.000.000) 05/07 21:01:54 Image size of job updated: 1086632
	242  -  MemoryUsage of job (MB)
	247456  -  ResidentSetSize of job (KB)
...
006 (382969.000.000) 05/07 21:06:54 Image size of job updated: 1086644
	252  -  MemoryUsage of job (MB)
	257968  -  ResidentSetSize of job (KB)
...
005 (382969.000.000) 05/07 21:07:07 Job terminated.
	(1) Normal termination (return value 0)
		Usr 0 00:15:03, Sys 0 00:00:07  -  Run Remote Usage
		Usr 0 00:00:00, Sys 0 00:00:00  -  Run Local Usage
		Usr 0 00:15:03, Sys 0 00:00:07  -  Total Remote Usage
		Usr 0 00:00:00, Sys 0 00:00:00  -  Total Local Usage
	0  -  Run Bytes Sent By Job
	0  -  Run Bytes Received By Job
	0  -  Total Bytes Sent By Job
	0  -  Total Bytes Received By Job
	Partitionable Resources :    Usage  Request Allocated
	   Cpus                 :                 1         1
	   Disk (KB)            :        1        1   2204435
	   Gpus                 :                           0
	   Memory (MB)          :      252        1      4028
...
000 (384211.000.000) 05/08 05:53:07 Job submitted from host: <128.83.144.155:57685?addrs=128.83.144.155-57685>
...
001 (384211.000.000) 05/08 06:27:23 Job executing on host: <128.83.144.168:35892?addrs=128.83.144.168-35892>
...
006 (384211.000.000) 05/08 06:27:32 Image size of job updated: 1018884
	109  -  MemoryUsage of job (MB)
	111092  -  ResidentSetSize of job (KB)
...
006 (384211.000.000) 05/08 06:32:33 Image size of job updated: 1086516
	243  -  MemoryUsage of job (MB)
	248256  -  ResidentSetSize of job (KB)
...
006 (384211.000.000) 05/08 06:37:08 Image size of job updated: 1086528
	243  -  MemoryUsage of job (MB)
	248256  -  ResidentSetSize of job (KB)
...
005 (384211.000.000) 05/08 06:37:08 Job terminated.
	(1) Normal termination (return value 0)
		Usr 0 00:09:26, Sys 0 00:00:05  -  Run Remote Usage
		Usr 0 00:00:00, Sys 0 00:00:00  -  Run Local Usage
		Usr 0 00:09:26, Sys 0 00:00:05  -  Total Remote Usage
		Usr 0 00:00:00, Sys 0 00:00:00  -  Total Local Usage
	0  -  Run Bytes Sent By Job
	0  -  Run Bytes Received By Job
	0  -  Total Bytes Sent By Job
	0  -  Total Bytes Received By Job
	Partitionable Resources :    Usage  Request Allocated
	   Cpus                 :                 1         1
	   Disk (KB)            :        1        1   7539965
	   Gpus                 :                           0
	   Memory (MB)          :      243        1      4027
...
000 (417604.000.000) 05/09 03:37:33 Job submitted from host: <128.83.144.154:52346?addrs=128.83.144.154-52346>
...
001 (417604.000.000) 05/09 04:10:33 Job executing on host: <128.83.120.75:40005?addrs=128.83.120.75-40005>
...
006 (417604.000.000) 05/09 04:10:42 Image size of job updated: 844556
	58  -  MemoryUsage of job (MB)
	59064  -  ResidentSetSize of job (KB)
...
006 (417604.000.000) 05/09 04:15:43 Image size of job updated: 1019780
	161  -  MemoryUsage of job (MB)
	164004  -  ResidentSetSize of job (KB)
...
006 (417604.000.000) 05/09 04:20:43 Image size of job updated: 1086632
	243  -  MemoryUsage of job (MB)
	248644  -  ResidentSetSize of job (KB)
...
006 (417604.000.000) 05/09 04:25:43 Image size of job updated: 1086632
	253  -  MemoryUsage of job (MB)
	258876  -  ResidentSetSize of job (KB)
...
006 (417604.000.000) 05/09 04:27:15 Image size of job updated: 1086644
	253  -  MemoryUsage of job (MB)
	258876  -  ResidentSetSize of job (KB)
...
005 (417604.000.000) 05/09 04:27:15 Job terminated.
	(1) Normal termination (return value 0)
		Usr 0 00:16:24, Sys 0 00:00:08  -  Run Remote Usage
		Usr 0 00:00:00, Sys 0 00:00:00  -  Run Local Usage
		Usr 0 00:16:24, Sys 0 00:00:08  -  Total Remote Usage
		Usr 0 00:00:00, Sys 0 00:00:00  -  Total Local Usage
	0  -  Run Bytes Sent By Job
	0  -  Run Bytes Received By Job
	0  -  Total Bytes Sent By Job
	0  -  Total Bytes Received By Job
	Partitionable Resources :    Usage  Request Allocated
	   Cpus                 :                 1         1
	   Disk (KB)            :        2        2   8863131
	   Gpus                 :                           0
	   Memory (MB)          :      253        1      4028
...
