000 (515921.000.000) 05/05 17:12:18 Job submitted from host: <128.83.144.149:44250?addrs=128.83.144.149-44250>
...
001 (515921.000.000) 05/05 17:12:29 Job executing on host: <128.83.130.161:35317?addrs=128.83.130.161-35317>
...
006 (515921.000.000) 05/05 17:12:37 Image size of job updated: 749992
	52  -  MemoryUsage of job (MB)
	53220  -  ResidentSetSize of job (KB)
...
006 (515921.000.000) 05/05 17:12:50 Image size of job updated: 755128
	52  -  MemoryUsage of job (MB)
	53220  -  ResidentSetSize of job (KB)
...
004 (515921.000.000) 05/05 17:12:50 Job was evicted.
	(0) Job was not checkpointed.
		Usr 0 00:00:00, Sys 0 00:00:00  -  Run Remote Usage
		Usr 0 00:00:00, Sys 0 00:00:00  -  Run Local Usage
	0  -  Run Bytes Sent By Job
	0  -  Run Bytes Received By Job
	Partitionable Resources :    Usage  Request Allocated
	   Cpus                 :                 1         1
	   Disk (KB)            :        1        1   1888652
	   Gpus                 :                           0
	   Memory (MB)          :       52        1     21164
...
009 (515921.000.000) 05/05 17:12:51 Job was aborted by the user.
	via condor_rm (by user ypei)
...
000 (515951.000.000) 05/05 17:13:07 Job submitted from host: <128.83.144.149:44250?addrs=128.83.144.149-44250>
...
001 (515951.000.000) 05/05 17:13:28 Job executing on host: <128.83.120.230:37764?addrs=128.83.120.230-37764>
...
006 (515951.000.000) 05/05 17:13:36 Image size of job updated: 749184
	54  -  MemoryUsage of job (MB)
	54448  -  ResidentSetSize of job (KB)
...
006 (515951.000.000) 05/05 17:14:29 Image size of job updated: 750880
	54  -  MemoryUsage of job (MB)
	54448  -  ResidentSetSize of job (KB)
...
004 (515951.000.000) 05/05 17:14:29 Job was evicted.
	(0) Job was not checkpointed.
		Usr 0 00:00:00, Sys 0 00:00:00  -  Run Remote Usage
		Usr 0 00:00:00, Sys 0 00:00:00  -  Run Local Usage
	0  -  Run Bytes Sent By Job
	0  -  Run Bytes Received By Job
	Partitionable Resources :    Usage  Request Allocated
	   Cpus                 :                 1         1
	   Disk (KB)            :        1        1    827431
	   Gpus                 :                           0
	   Memory (MB)          :       54        1     12899
...
009 (515951.000.000) 05/05 17:14:29 Job was aborted by the user.
	via condor_rm (by user ypei)
...
000 (516176.000.000) 05/05 17:14:49 Job submitted from host: <128.83.144.149:44250?addrs=128.83.144.149-44250>
...
001 (516176.000.000) 05/05 17:14:59 Job executing on host: <128.83.120.250:59851?addrs=128.83.120.250-59851>
...
006 (516176.000.000) 05/05 17:15:07 Image size of job updated: 340324
	21  -  MemoryUsage of job (MB)
	21268  -  ResidentSetSize of job (KB)
...
006 (516176.000.000) 05/05 17:18:08 Image size of job updated: 920640
	21  -  MemoryUsage of job (MB)
	21268  -  ResidentSetSize of job (KB)
...
004 (516176.000.000) 05/05 17:18:08 Job was evicted.
	(0) Job was not checkpointed.
		Usr 0 00:00:54, Sys 0 00:00:01  -  Run Remote Usage
		Usr 0 00:00:00, Sys 0 00:00:00  -  Run Local Usage
	0  -  Run Bytes Sent By Job
	0  -  Run Bytes Received By Job
	Partitionable Resources :    Usage  Request Allocated
	   Cpus                 :                 1         1
	   Disk (KB)            :        1        1    815266
	   Gpus                 :                           0
	   Memory (MB)          :       21        1     12899
...
009 (516176.000.000) 05/05 17:18:09 Job was aborted by the user.
	via condor_rm (by user ypei)
...
000 (516383.000.000) 05/05 17:18:19 Job submitted from host: <128.83.144.149:44250?addrs=128.83.144.149-44250>
...
001 (516383.000.000) 05/05 17:18:30 Job executing on host: <128.83.120.128:51378?addrs=128.83.120.128-51378>
...
006 (516383.000.000) 05/05 17:18:38 Image size of job updated: 749992
	54  -  MemoryUsage of job (MB)
	55248  -  ResidentSetSize of job (KB)
...
006 (516383.000.000) 05/05 17:21:24 Image size of job updated: 921880
	54  -  MemoryUsage of job (MB)
	55248  -  ResidentSetSize of job (KB)
...
004 (516383.000.000) 05/05 17:21:24 Job was evicted.
	(0) Job was not checkpointed.
		Usr 0 00:01:23, Sys 0 00:00:01  -  Run Remote Usage
		Usr 0 00:00:00, Sys 0 00:00:00  -  Run Local Usage
	0  -  Run Bytes Sent By Job
	0  -  Run Bytes Received By Job
	Partitionable Resources :    Usage  Request Allocated
	   Cpus                 :                 1         1
	   Disk (KB)            :        1        1    812217
	   Gpus                 :                           0
	   Memory (MB)          :       54        1     12899
...
009 (516383.000.000) 05/05 17:21:24 Job was aborted by the user.
	via condor_rm (by user ypei)
...
000 (517004.000.000) 05/05 17:21:41 Job submitted from host: <128.83.144.149:44250?addrs=128.83.144.149-44250>
...
001 (517004.000.000) 05/05 17:21:52 Job executing on host: <128.83.120.230:37764?addrs=128.83.120.230-37764>
...
006 (517004.000.000) 05/05 17:22:01 Image size of job updated: 749856
	56  -  MemoryUsage of job (MB)
	57332  -  ResidentSetSize of job (KB)
...
006 (517004.000.000) 05/05 17:27:02 Image size of job updated: 923816
	97  -  MemoryUsage of job (MB)
	98872  -  ResidentSetSize of job (KB)
...
006 (517004.000.000) 05/05 17:32:02 Image size of job updated: 923816
	102  -  MemoryUsage of job (MB)
	104244  -  ResidentSetSize of job (KB)
...
006 (517004.000.000) 05/05 17:37:02 Image size of job updated: 923856
	109  -  MemoryUsage of job (MB)
	110836  -  ResidentSetSize of job (KB)
...
006 (517004.000.000) 05/05 17:40:23 Image size of job updated: 927080
	109  -  MemoryUsage of job (MB)
	110836  -  ResidentSetSize of job (KB)
...
005 (517004.000.000) 05/05 17:40:23 Job terminated.
	(1) Normal termination (return value 0)
		Usr 0 00:16:56, Sys 0 00:00:13  -  Run Remote Usage
		Usr 0 00:00:00, Sys 0 00:00:00  -  Run Local Usage
		Usr 0 00:16:56, Sys 0 00:00:13  -  Total Remote Usage
		Usr 0 00:00:00, Sys 0 00:00:00  -  Total Local Usage
	0  -  Run Bytes Sent By Job
	0  -  Run Bytes Received By Job
	0  -  Total Bytes Sent By Job
	0  -  Total Bytes Received By Job
	Partitionable Resources :    Usage  Request Allocated
	   Cpus                 :                 1         1
	   Disk (KB)            :        1        1    827436
	   Gpus                 :                           0
	   Memory (MB)          :      109        1     12899
...
000 (382435.000.000) 05/07 03:39:51 Job submitted from host: <128.83.144.155:57685?addrs=128.83.144.155-57685>
...
001 (382435.000.000) 05/07 04:02:33 Job executing on host: <128.83.139.9:47643?addrs=128.83.139.9-47643>
...
006 (382435.000.000) 05/07 04:02:43 Image size of job updated: 749996
	56  -  MemoryUsage of job (MB)
	57300  -  ResidentSetSize of job (KB)
...
006 (382435.000.000) 05/07 04:07:43 Image size of job updated: 923736
	100  -  MemoryUsage of job (MB)
	101572  -  ResidentSetSize of job (KB)
...
006 (382435.000.000) 05/07 04:12:43 Image size of job updated: 923736
	103  -  MemoryUsage of job (MB)
	105392  -  ResidentSetSize of job (KB)
...
006 (382435.000.000) 05/07 04:17:44 Image size of job updated: 923740
	107  -  MemoryUsage of job (MB)
	109064  -  ResidentSetSize of job (KB)
...
006 (382435.000.000) 05/07 04:22:45 Image size of job updated: 923776
	111  -  MemoryUsage of job (MB)
	113000  -  ResidentSetSize of job (KB)
...
006 (382435.000.000) 05/07 04:25:52 Image size of job updated: 927256
	111  -  MemoryUsage of job (MB)
	113000  -  ResidentSetSize of job (KB)
...
005 (382435.000.000) 05/07 04:25:52 Job terminated.
	(1) Normal termination (return value 0)
		Usr 0 00:22:32, Sys 0 00:00:26  -  Run Remote Usage
		Usr 0 00:00:00, Sys 0 00:00:00  -  Run Local Usage
		Usr 0 00:22:32, Sys 0 00:00:26  -  Total Remote Usage
		Usr 0 00:00:00, Sys 0 00:00:00  -  Total Local Usage
	0  -  Run Bytes Sent By Job
	0  -  Run Bytes Received By Job
	0  -  Total Bytes Sent By Job
	0  -  Total Bytes Received By Job
	Partitionable Resources :    Usage  Request Allocated
	   Cpus                 :                 1         1
	   Disk (KB)            :        1        1   1678566
	   Gpus                 :                           0
	   Memory (MB)          :      111        1     12899
...
000 (518453.000.000) 05/07 13:18:15 Job submitted from host: <128.83.144.149:44250?addrs=128.83.144.149-44250>
...
001 (518453.000.000) 05/07 13:18:52 Job executing on host: <128.83.139.6:57138?addrs=128.83.139.6-57138>
...
006 (518453.000.000) 05/07 13:19:01 Image size of job updated: 749992
	56  -  MemoryUsage of job (MB)
	57272  -  ResidentSetSize of job (KB)
...
006 (518453.000.000) 05/07 13:23:36 Image size of job updated: 923728
	56  -  MemoryUsage of job (MB)
	57272  -  ResidentSetSize of job (KB)
...
004 (518453.000.000) 05/07 13:23:36 Job was evicted.
	(0) Job was not checkpointed.
		Usr 0 00:03:24, Sys 0 00:00:05  -  Run Remote Usage
		Usr 0 00:00:00, Sys 0 00:00:00  -  Run Local Usage
	0  -  Run Bytes Sent By Job
	0  -  Run Bytes Received By Job
	Partitionable Resources :    Usage  Request Allocated
	   Cpus                 :                 1         1
	   Disk (KB)            :        1        1   1661809
	   Gpus                 :                           0
	   Memory (MB)          :       56        1     12899
...
009 (518453.000.000) 05/07 13:23:37 Job was aborted by the user.
	via condor_rm (by user ypei)
...
000 (518660.000.000) 05/07 13:23:45 Job submitted from host: <128.83.144.149:44250?addrs=128.83.144.149-44250>
...
001 (518660.000.000) 05/07 13:23:54 Job executing on host: <128.83.144.55:40067?addrs=128.83.144.55-40067>
...
006 (518660.000.000) 05/07 13:24:02 Image size of job updated: 749480
	56  -  MemoryUsage of job (MB)
	56952  -  ResidentSetSize of job (KB)
...
006 (518660.000.000) 05/07 13:29:02 Image size of job updated: 923840
	101  -  MemoryUsage of job (MB)
	103060  -  ResidentSetSize of job (KB)
...
006 (518660.000.000) 05/07 13:34:02 Image size of job updated: 923840
	106  -  MemoryUsage of job (MB)
	107792  -  ResidentSetSize of job (KB)
...
006 (518660.000.000) 05/07 13:39:03 Image size of job updated: 923840
	110  -  MemoryUsage of job (MB)
	112168  -  ResidentSetSize of job (KB)
...
006 (518660.000.000) 05/07 13:44:03 Image size of job updated: 927032
	120  -  MemoryUsage of job (MB)
	122452  -  ResidentSetSize of job (KB)
...
006 (518660.000.000) 05/07 13:44:21 Image size of job updated: 927044
	120  -  MemoryUsage of job (MB)
	122452  -  ResidentSetSize of job (KB)
...
005 (518660.000.000) 05/07 13:44:21 Job terminated.
	(1) Normal termination (return value 0)
		Usr 0 00:19:01, Sys 0 00:00:19  -  Run Remote Usage
		Usr 0 00:00:00, Sys 0 00:00:00  -  Run Local Usage
		Usr 0 00:19:01, Sys 0 00:00:19  -  Total Remote Usage
		Usr 0 00:00:00, Sys 0 00:00:00  -  Total Local Usage
	0  -  Run Bytes Sent By Job
	0  -  Run Bytes Received By Job
	0  -  Total Bytes Sent By Job
	0  -  Total Bytes Received By Job
	Partitionable Resources :    Usage  Request Allocated
	   Cpus                 :                 1         1
	   Disk (KB)            :        1        1   7499962
	   Gpus                 :                           0
	   Memory (MB)          :      120        1      4027
...
000 (519074.000.000) 05/07 14:36:25 Job submitted from host: <128.83.144.149:44250?addrs=128.83.144.149-44250>
...
001 (519074.000.000) 05/07 14:36:38 Job executing on host: <128.83.144.147:58788?addrs=128.83.144.147-58788>
...
006 (519074.000.000) 05/07 14:36:47 Image size of job updated: 749344
	56  -  MemoryUsage of job (MB)
	56784  -  ResidentSetSize of job (KB)
...
006 (519074.000.000) 05/07 14:41:48 Image size of job updated: 923956
	97  -  MemoryUsage of job (MB)
	98364  -  ResidentSetSize of job (KB)
...
006 (519074.000.000) 05/07 14:46:49 Image size of job updated: 923956
	103  -  MemoryUsage of job (MB)
	104760  -  ResidentSetSize of job (KB)
...
006 (519074.000.000) 05/07 14:51:46 Image size of job updated: 927164
	103  -  MemoryUsage of job (MB)
	104760  -  ResidentSetSize of job (KB)
...
005 (519074.000.000) 05/07 14:51:46 Job terminated.
	(1) Normal termination (return value 0)
		Usr 0 00:13:57, Sys 0 00:00:06  -  Run Remote Usage
		Usr 0 00:00:00, Sys 0 00:00:00  -  Run Local Usage
		Usr 0 00:13:57, Sys 0 00:00:06  -  Total Remote Usage
		Usr 0 00:00:00, Sys 0 00:00:00  -  Total Local Usage
	0  -  Run Bytes Sent By Job
	0  -  Run Bytes Received By Job
	0  -  Total Bytes Sent By Job
	0  -  Total Bytes Received By Job
	Partitionable Resources :    Usage  Request Allocated
	   Cpus                 :                 1         1
	   Disk (KB)            :        1        1   1911592
	   Gpus                 :                           0
	   Memory (MB)          :      103        1     21164
...
000 (382849.000.000) 05/07 20:16:56 Job submitted from host: <128.83.144.155:57685?addrs=128.83.144.155-57685>
...
001 (382849.000.000) 05/07 20:35:41 Job executing on host: <128.83.144.3:55710?addrs=128.83.144.3-55710>
...
006 (382849.000.000) 05/07 20:35:49 Image size of job updated: 920816
	79  -  MemoryUsage of job (MB)
	80536  -  ResidentSetSize of job (KB)
...
006 (382849.000.000) 05/07 20:40:49 Image size of job updated: 923736
	99  -  MemoryUsage of job (MB)
	100528  -  ResidentSetSize of job (KB)
...
006 (382849.000.000) 05/07 20:45:49 Image size of job updated: 923736
	110  -  MemoryUsage of job (MB)
	111952  -  ResidentSetSize of job (KB)
...
006 (382849.000.000) 05/07 20:50:21 Image size of job updated: 927000
	110  -  MemoryUsage of job (MB)
	111952  -  ResidentSetSize of job (KB)
...
005 (382849.000.000) 05/07 20:50:21 Job terminated.
	(1) Normal termination (return value 0)
		Usr 0 00:14:26, Sys 0 00:00:05  -  Run Remote Usage
		Usr 0 00:00:00, Sys 0 00:00:00  -  Run Local Usage
		Usr 0 00:14:26, Sys 0 00:00:05  -  Total Remote Usage
		Usr 0 00:00:00, Sys 0 00:00:00  -  Total Local Usage
	0  -  Run Bytes Sent By Job
	0  -  Run Bytes Received By Job
	0  -  Total Bytes Sent By Job
	0  -  Total Bytes Received By Job
	Partitionable Resources :    Usage  Request Allocated
	   Cpus                 :                 1         1
	   Disk (KB)            :        1        1  14478257
	   Gpus                 :                           0
	   Memory (MB)          :      110        1      4028
...
000 (384091.000.000) 05/08 05:52:58 Job submitted from host: <128.83.144.155:57685?addrs=128.83.144.155-57685>
...
001 (384091.000.000) 05/08 06:13:31 Job executing on host: <128.83.144.8:45931?addrs=128.83.144.8-45931>
...
006 (384091.000.000) 05/08 06:13:40 Image size of job updated: 920616
	79  -  MemoryUsage of job (MB)
	80020  -  ResidentSetSize of job (KB)
...
006 (384091.000.000) 05/08 06:18:41 Image size of job updated: 923736
	104  -  MemoryUsage of job (MB)
	105956  -  ResidentSetSize of job (KB)
...
006 (384091.000.000) 05/08 06:23:41 Image size of job updated: 923736
	110  -  MemoryUsage of job (MB)
	112260  -  ResidentSetSize of job (KB)
...
006 (384091.000.000) 05/08 06:28:07 Image size of job updated: 926992
	110  -  MemoryUsage of job (MB)
	112260  -  ResidentSetSize of job (KB)
...
005 (384091.000.000) 05/08 06:28:07 Job terminated.
	(1) Normal termination (return value 0)
		Usr 0 00:13:59, Sys 0 00:00:05  -  Run Remote Usage
		Usr 0 00:00:00, Sys 0 00:00:00  -  Run Local Usage
		Usr 0 00:13:59, Sys 0 00:00:05  -  Total Remote Usage
		Usr 0 00:00:00, Sys 0 00:00:00  -  Total Local Usage
	0  -  Run Bytes Sent By Job
	0  -  Run Bytes Received By Job
	0  -  Total Bytes Sent By Job
	0  -  Total Bytes Received By Job
	Partitionable Resources :    Usage  Request Allocated
	   Cpus                 :                 1         1
	   Disk (KB)            :        1        1   2250170
	   Gpus                 :                           0
	   Memory (MB)          :      110        1      4028
...
000 (417484.000.000) 05/09 03:37:23 Job submitted from host: <128.83.144.154:52346?addrs=128.83.144.154-52346>
...
001 (417484.000.000) 05/09 03:56:10 Job executing on host: <128.83.144.84:60326?addrs=128.83.144.84-60326>
...
006 (417484.000.000) 05/09 03:56:18 Image size of job updated: 920904
	78  -  MemoryUsage of job (MB)
	79304  -  ResidentSetSize of job (KB)
...
006 (417484.000.000) 05/09 04:01:18 Image size of job updated: 924096
	95  -  MemoryUsage of job (MB)
	96608  -  ResidentSetSize of job (KB)
...
006 (417484.000.000) 05/09 04:06:19 Image size of job updated: 924096
	100  -  MemoryUsage of job (MB)
	102088  -  ResidentSetSize of job (KB)
...
006 (417484.000.000) 05/09 04:11:20 Image size of job updated: 927176
	111  -  MemoryUsage of job (MB)
	112652  -  ResidentSetSize of job (KB)
...
006 (417484.000.000) 05/09 04:12:54 Image size of job updated: 927300
	111  -  MemoryUsage of job (MB)
	112652  -  ResidentSetSize of job (KB)
...
005 (417484.000.000) 05/09 04:12:54 Job terminated.
	(1) Normal termination (return value 0)
		Usr 0 00:16:29, Sys 0 00:00:09  -  Run Remote Usage
		Usr 0 00:00:00, Sys 0 00:00:00  -  Run Local Usage
		Usr 0 00:16:29, Sys 0 00:00:09  -  Total Remote Usage
		Usr 0 00:00:00, Sys 0 00:00:00  -  Total Local Usage
	0  -  Run Bytes Sent By Job
	0  -  Run Bytes Received By Job
	0  -  Total Bytes Sent By Job
	0  -  Total Bytes Received By Job
	Partitionable Resources :    Usage  Request Allocated
	   Cpus                 :                 1         1
	   Disk (KB)            :        2        2   7541873
	   Gpus                 :                           0
	   Memory (MB)          :      111        1      4027
...
