[SNIPER] Start
Sampler: 4, 32, 0
itlb_cache: 32, 1
itlb_cache_L1: 32, 1
Sampler: 4, 128, 0
dtlb_cache: 128, 4
dtlb_cache_L1: 128, 4
L1-I 2
Sampler: 4, 4, 128
L1-I: 2048, 64
L1-I_L1: 2048, 64
L1-D 3
Sampler: 4, 8, 32
L1-D: 1024, 32
L1-D_L1: 1024, 32
L2 4
Sampler: 122, 16, 16
L2: 32768, 1024
L2_L1: 32768, 1024
Executing Python script /v/filer4b/v20q001/ypei/Desktop/cs395t-lin/output/low_bandwidth/run_all_hybrid_headroom9/sphinx3/1/sim.scripts.py
[STOPBYICOUNT] Starting in ROI (detail)
[STOPBYICOUNT] Then stopping after simulating at least 250000000 instructions in detail
[SNIPER] --------------------------------------------------------------------------------
[SNIPER] Sniper using SIFT/trace-driven frontend
[SNIPER] Running full application in DETAILED mode
[SNIPER] --------------------------------------------------------------------------------
[SNIPER] Enabling performance models
[SNIPER] Setting instrumentation mode to DETAILED
[app0] 
[app0] INFO: utt.c(337): 291 frm; 637 sen, 4656 gau/fr, Sen 0.00 CPU 0.00 Clk [Ovrhd 0.00 CPU 0.00 Clk]; 141 hmm, 8 wd/fr, 0.00 CPU 0.00 Clk (cen7-menk-b)
[app0] INFO: utt.c(375): HMMHist[0..0](cen7-menk-b): 6(2)
[app0] INFO: lm.c(823): 0 tg(), 0 tgcache, 0 bo; 0 fills, 0 in mem (0.0%)
[app0] INFO: lm.c(826): 24638 bg(), 24633 bo; 0 fills, 1 in mem (50.0%)
[app0] 
[app0] Backtrace(cen7-miry-b)
[app0] LatID SFrm EFrm AScr LScr Type
[app0] 78 0 32 -319958 -74100 -1 <sil>
[app0] 119 33 58 -219674 -148846 0 TWO
[app0] 155 59 97 -205982 -148846 0 SIX
[app0] 357 98 129 -345175 -148846 0 EIGHT
[app0] 504 130 165 -322443 -74100 -1 <sil>
[app0] 577 166 196 -269850 -148846 0 FOUR
[app0] 666 197 254 -552286 -148846 0 SIX
[app0] 835 255 294 -471072 -148846 0 NINTH
[app0] 1175 295 331 -423730 -148846 0 FOUR
[app0] 1294 332 350 -172745 -74100 -1 <sil>
[app0] 1296 351 351 0 -148846 0 </s>
[app0] 0 351 -3302915 -1413068 (Total)
[app0] 
[app0] FWDVIT: 'TWO SIX EIGHT FOUR SIX NINTH FOUR ' (cen7-miry-b)
[app0] 
[app0] FWDXCT: cen7-miry-b S 0 T -4715983 A -3302915 L -1413068 0 -319958 -74100 <sil> 33 -219674 -148846 TWO 59 -205982 -148846 SIX 98 -345175 -148846 EIGHT 130 -322443 -74100 <sil> 166 -269850 -148846 FOUR 197 -552286 -148846 SIX 255 -471072 -148846 NINTH 295 -423730 -148846 FOUR 332 -172745 -74100 <sil> 351
[STOPBYICOUNT] Ending ROI after 250000006 instructions (250000000 requested)
[SNIPER] Disabling performance models
[SNIPER] Leaving ROI after 813.50 seconds
[SNIPER] Simulated 250.0M instructions, 195.4M cycles, 1.28 IPC
[SNIPER] Simulation speed 307.3 KIPS (307.3 KIPS / target core - 3254.0ns/instr)
[SNIPER] Setting instrumentation mode to FAST_FORWARD
[app0] [SIFT_RECORDER] sift_writer.cc:550: Sift::Mode Sift::Writer::Sync(): Assertion `!response->fail()' failed.
[app0] Pin app terminated abnormally due to signal 6.
Hawkeye Victims: 0
LRU Victims: 0
Hawkeye Victims: 0
LRU Victims: 0
Hawkeye Victims: 0
LRU Victims: 0
a test for execution

Inserted: 0
Redundant.progress: 0
Redundant.cache: 0
Redundant.buffer: 0
Hawkeye Victims: 0
LRU Victims: 0
a test for execution

Inserted: 0
Redundant.progress: 0
Redundant.cache: 0
Redundant.buffer: 0
Hawkeye Victims: 0
LRU Victims: 0
 =========================================================== 
Triggers: 3271988
Repeats: 0

Same addr: 2827824 86.4253
New addr: 576 0.017604

Distribution of new addresses: 
Stream Head: 275 47.7431
Stream Divergence: 296097 51405.7

Invalidation count: 348846 60563.5
No Conflict count: 53234 9242.01
Same Stream count: 0 0
New Stream count: 0 0

Not found: 434642
On Chip Mispredictions: 0
 =========================================================== 
Distribution of predictions: 
Predict Init: 3185616 97.3603
Total Predictions: 3157497
Predict OCI Miss: 15647 0.491177
Predict Stream End: 28119 0.882686
Buffer Success: 0 0
Stride Distribution: 0, 2943, 0, 0, 85468, 1439441, 620816, 304888, 231196, 149730, 135516, 72450, 58098, 39376, 39882, 18354, 31694, 0, 10442, 0, 15778, 0, 0, 0, 8418, 0, 0, 0, 0, 0, 4462, 0, 1426, 0, 0, 0, 0, 0, 0, 0, 1610, 0, 0, 0, 0, 0, 0, 0, 0, 0, 0, 0, 0, 0, 0, 0, 0, 0, 0, 0, 0, 0, 0, 0, 0, 0, 33, 0, 0, 0, 0, 0, 20469040, 0, 49, 0, 15, 0, 15, 0, 0, 6644585, 1868787317, 1915577714, 1702195557, 7566451, 113, 0, 5073232, 0, 17142432, 0, 0, 0, 5073232, 0, 17700848, 0, 0, 0, 5073232, 0, 17973168, 0, 0, 0, 5165152, 0, 4102847856, 10980, 0, 10980, 20467344, 0, 49, 0, 6, 0, 6, 0, 0, 0, 1919906931, 29541, 48, 0, 49, 0, 
a test for execution

Inserted: 5696980
Redundant.progress: 91589
Redundant.cache: 2719366
Redundant.buffer: 0
[SNIPER] End
[SNIPER] Elapsed time: 820.75 seconds
