000 (15005545.000.000) 08/01 18:26:27 Job submitted from host: <128.83.130.153:51299?addrs=128.83.130.153-51299>
...
001 (15005545.000.000) 08/01 18:26:35 Job executing on host: <128.83.120.75:36144?addrs=128.83.120.75-36144>
...
006 (15005545.000.000) 08/01 18:26:35 Image size of job updated: 1
	0  -  MemoryUsage of job (MB)
	0  -  ResidentSetSize of job (KB)
...
005 (15005545.000.000) 08/01 18:26:35 Job terminated.
	(1) Normal termination (return value 126)
		Usr 0 00:00:00, Sys 0 00:00:00  -  Run Remote Usage
		Usr 0 00:00:00, Sys 0 00:00:00  -  Run Local Usage
		Usr 0 00:00:00, Sys 0 00:00:00  -  Total Remote Usage
		Usr 0 00:00:00, Sys 0 00:00:00  -  Total Local Usage
	0  -  Run Bytes Sent By Job
	0  -  Run Bytes Received By Job
	0  -  Total Bytes Sent By Job
	0  -  Total Bytes Received By Job
	Partitionable Resources :    Usage  Request Allocated
	   Cpus                 :                 1         1
	   Disk (KB)            :        1        1   8862904
	   Gpus                 :                           0
	   Memory (MB)          :        0        1      4028
...
000 (15005620.000.000) 08/01 18:32:03 Job submitted from host: <128.83.130.153:51299?addrs=128.83.130.153-51299>
...
001 (15005620.000.000) 08/01 18:32:30 Job executing on host: <128.83.120.75:36144?addrs=128.83.120.75-36144>
...
006 (15005620.000.000) 08/01 18:32:39 Image size of job updated: 5581944
	185  -  MemoryUsage of job (MB)
	188600  -  ResidentSetSize of job (KB)
...
006 (15005620.000.000) 08/01 18:37:40 Image size of job updated: 6237056
	2085  -  MemoryUsage of job (MB)
	2134180  -  ResidentSetSize of job (KB)
...
006 (15005620.000.000) 08/01 18:42:40 Image size of job updated: 6237928
	2163  -  MemoryUsage of job (MB)
	2214852  -  ResidentSetSize of job (KB)
...
006 (15005620.000.000) 08/01 18:47:40 Image size of job updated: 6304604
	2243  -  MemoryUsage of job (MB)
	2296408  -  ResidentSetSize of job (KB)
...
006 (15005620.000.000) 08/01 18:52:41 Image size of job updated: 6438764
	2344  -  MemoryUsage of job (MB)
	2400248  -  ResidentSetSize of job (KB)
...
006 (15005620.000.000) 08/01 18:57:41 Image size of job updated: 6440152
	2393  -  MemoryUsage of job (MB)
	2450284  -  ResidentSetSize of job (KB)
...
006 (15005620.000.000) 08/01 19:02:41 Image size of job updated: 6440184
	2435  -  MemoryUsage of job (MB)
	2492996  -  ResidentSetSize of job (KB)
...
006 (15005620.000.000) 08/01 19:07:42 Image size of job updated: 6440200
	2471  -  MemoryUsage of job (MB)
	2529556  -  ResidentSetSize of job (KB)
...
006 (15005620.000.000) 08/01 19:12:43 Image size of job updated: 6505736
	2508  -  MemoryUsage of job (MB)
	2568128  -  ResidentSetSize of job (KB)
...
006 (15005620.000.000) 08/01 19:17:43 Image size of job updated: 6506060
	2562  -  MemoryUsage of job (MB)
	2623228  -  ResidentSetSize of job (KB)
...
006 (15005620.000.000) 08/01 19:20:41 Image size of job updated: 6506108
	2562  -  MemoryUsage of job (MB)
	2623228  -  ResidentSetSize of job (KB)
...
005 (15005620.000.000) 08/01 19:20:41 Job terminated.
	(1) Normal termination (return value 0)
		Usr 0 00:49:40, Sys 0 00:01:06  -  Run Remote Usage
		Usr 0 00:00:00, Sys 0 00:00:00  -  Run Local Usage
		Usr 0 00:49:40, Sys 0 00:01:06  -  Total Remote Usage
		Usr 0 00:00:00, Sys 0 00:00:00  -  Total Local Usage
	0  -  Run Bytes Sent By Job
	0  -  Run Bytes Received By Job
	0  -  Total Bytes Sent By Job
	0  -  Total Bytes Received By Job
	Partitionable Resources :    Usage  Request Allocated
	   Cpus                 :                 1         1
	   Disk (KB)            :        1        1   8862904
	   Gpus                 :                           0
	   Memory (MB)          :     2562        1      4028
...
