000 (15005799.000.000) 08/01 20:50:07 Job submitted from host: <128.83.130.153:51299?addrs=128.83.130.153-51299>
...
001 (15005799.000.000) 08/01 20:50:13 Job executing on host: <128.83.130.203:52232?addrs=128.83.130.203-52232>
...
006 (15005799.000.000) 08/01 20:50:22 Image size of job updated: 52036
	10  -  MemoryUsage of job (MB)
	10140  -  ResidentSetSize of job (KB)
...
006 (15005799.000.000) 08/01 20:55:23 Image size of job updated: 6993712
	2176  -  MemoryUsage of job (MB)
	2227928  -  ResidentSetSize of job (KB)
...
006 (15005799.000.000) 08/01 21:00:24 Image size of job updated: 7125164
	2362  -  MemoryUsage of job (MB)
	2418340  -  ResidentSetSize of job (KB)
...
006 (15005799.000.000) 08/01 21:05:24 Image size of job updated: 7127404
	2582  -  MemoryUsage of job (MB)
	2643688  -  ResidentSetSize of job (KB)
...
006 (15005799.000.000) 08/01 21:10:25 Image size of job updated: 7193264
	2708  -  MemoryUsage of job (MB)
	2772552  -  ResidentSetSize of job (KB)
...
006 (15005799.000.000) 08/01 21:15:26 Image size of job updated: 7259880
	2801  -  MemoryUsage of job (MB)
	2867612  -  ResidentSetSize of job (KB)
...
006 (15005799.000.000) 08/01 21:19:45 Image size of job updated: 7390956
	2801  -  MemoryUsage of job (MB)
	2867612  -  ResidentSetSize of job (KB)
...
005 (15005799.000.000) 08/01 21:19:45 Job terminated.
	(1) Normal termination (return value 0)
		Usr 0 00:31:03, Sys 0 00:00:53  -  Run Remote Usage
		Usr 0 00:00:00, Sys 0 00:00:00  -  Run Local Usage
		Usr 0 00:31:03, Sys 0 00:00:53  -  Total Remote Usage
		Usr 0 00:00:00, Sys 0 00:00:00  -  Total Local Usage
	0  -  Run Bytes Sent By Job
	0  -  Run Bytes Received By Job
	0  -  Total Bytes Sent By Job
	0  -  Total Bytes Received By Job
	Partitionable Resources :    Usage  Request Allocated
	   Cpus                 :                 1         1
	   Disk (KB)            :        1        1    749983
	   Gpus                 :                           0
	   Memory (MB)          :     2801        1      4021
...
