[SNIPER] Start
Sampler: 4, 32, 0
itlb_cache: 32, 1
itlb_cache_L1: 32, 1
Sampler: 4, 128, 0
dtlb_cache: 128, 4
dtlb_cache_L1: 128, 4
L1-I 2
Sampler: 4, 4, 128
L1-I: 2048, 64
L1-I_L1: 2048, 64
L1-D 3
Sampler: 4, 8, 32
L1-D: 1024, 32
L1-D_L1: 1024, 32
L2 4
Sampler: 122, 16, 16
L2: 32768, 1024
L2_L1: 32768, 1024
Executing Python script /v/filer4b/v20q001/ypei/Desktop/cs395t-lin/output/run_all_hybrid_headroom2/bzip2/17/sim.scripts.py
[STOPBYICOUNT] Starting in ROI (detail)
[STOPBYICOUNT] Then stopping after simulating at least 250000000 instructions in detail
[SNIPER] --------------------------------------------------------------------------------
[SNIPER] Sniper using SIFT/trace-driven frontend
[SNIPER] Running full application in DETAILED mode
[SNIPER] --------------------------------------------------------------------------------
[SNIPER] Enabling performance models
[SNIPER] Setting instrumentation mode to DETAILED
[STOPBYICOUNT] Ending ROI after 250000003 instructions (250000000 requested)
[SNIPER] Disabling performance models
[SNIPER] Leaving ROI after 1244.70 seconds
[SNIPER] Simulated 250.0M instructions, 200.1M cycles, 1.25 IPC
[SNIPER] Simulation speed 200.9 KIPS (200.9 KIPS / target core - 4978.3ns/instr)
[SNIPER] Setting instrumentation mode to FAST_FORWARD
[app0] [SIFT_RECORDER] sift_writer.cc:550: Sift::Mode Sift::Writer::Sync(): Assertion `!response->fail()' failed.
[app0] Pin app terminated abnormally due to signal 6.
Hawkeye Victims: 0
LRU Victims: 0
Hawkeye Victims: 0
LRU Victims: 0
Hawkeye Victims: 0
LRU Victims: 0
a test for execution

Inserted: 0
Redundant.progress: 0
Redundant.cache: 0
Redundant.buffer: 0
Hawkeye Victims: 0
LRU Victims: 0
a test for execution

Inserted: 0
Redundant.progress: 0
Redundant.cache: 0
Redundant.buffer: 0
Hawkeye Victims: 0
LRU Victims: 0
 =========================================================== 
Triggers: 2133142
Repeats: 0

Same addr: 780680 36.5977
New addr: 456 0.0213769

Distribution of new addresses: 
Stream Head: 283 62.0614
Stream Divergence: 1164700 255417

Invalidation count: 1240250 271985
No Conflict count: 76276 16727.2
Same Stream count: 0 0
New Stream count: 0 0

Not found: 1349770
On Chip Mispredictions: 0
 =========================================================== 
Distribution of predictions: 
Predict Init: 2023166 94.8444
Total Predictions: 2009415
Predict OCI Miss: 5897 0.291474
Predict Stream End: 13751 0.679677
Buffer Success: 0 0
Stride Distribution: 0, 58097, 50186, 44022, 65918, 23046, 60996, 27738, 68172, 179446, 150006, 94193, 109296, 53544, 77740, 63710, 148580, 0, 60996, 0, 36294, 0, 0, 0, 19596, 0, 0, 0, 0, 0, 29118, 0, 14260, 0, 0, 0, 13616, 0, 0, 0, 17526, 0, 0, 0, 0, 0, 0, 0, 0, 0, 0, 0, 0, 0, 0, 0, 0, 0, 0, 0, 0, 0, 0, 0, 0, 0, 33, 0, 0, 0, 0, 0, 37160080, 0, 49, 0, 15, 0, 15, 0, 0, 6644585, 1868787317, 1915577714, 1702195557, 7566451, 113, 0, 5073232, 0, 33833440, 0, 0, 0, 5073232, 0, 34391856, 0, 0, 0, 5073232, 0, 34664208, 0, 0, 0, 5165152, 0, 2386939248, 10970, 0, 10970, 37158384, 0, 49, 0, 6, 0, 6, 0, 0, 0, 1919906931, 29541, 48, 0, 49, 0, 
a test for execution

Inserted: 3961129
Redundant.progress: 12723
Redundant.cache: 3668333
Redundant.buffer: 0
[SNIPER] End
[SNIPER] Elapsed time: 1311.37 seconds
