000 (15005743.000.000) 08/01 19:38:50 Job submitted from host: <128.83.130.153:51299?addrs=128.83.130.153-51299>
...
001 (15005743.000.000) 08/01 19:39:10 Job executing on host: <128.83.144.245:52069?addrs=128.83.144.245-52069>
...
006 (15005743.000.000) 08/01 19:39:19 Image size of job updated: 5277904
	164  -  MemoryUsage of job (MB)
	167536  -  ResidentSetSize of job (KB)
...
006 (15005743.000.000) 08/01 19:44:20 Image size of job updated: 6059228
	741  -  MemoryUsage of job (MB)
	758468  -  ResidentSetSize of job (KB)
...
006 (15005743.000.000) 08/01 19:49:21 Image size of job updated: 6190684
	968  -  MemoryUsage of job (MB)
	990520  -  ResidentSetSize of job (KB)
...
006 (15005743.000.000) 08/01 19:54:21 Image size of job updated: 6324148
	1238  -  MemoryUsage of job (MB)
	1267592  -  ResidentSetSize of job (KB)
...
006 (15005743.000.000) 08/01 19:59:21 Image size of job updated: 6586292
	1509  -  MemoryUsage of job (MB)
	1544600  -  ResidentSetSize of job (KB)
...
006 (15005743.000.000) 08/01 20:04:22 Image size of job updated: 6782972
	1788  -  MemoryUsage of job (MB)
	1830156  -  ResidentSetSize of job (KB)
...
006 (15005743.000.000) 08/01 20:08:23 Image size of job updated: 6980464
	1788  -  MemoryUsage of job (MB)
	1830156  -  ResidentSetSize of job (KB)
...
005 (15005743.000.000) 08/01 20:08:23 Job terminated.
	(1) Normal termination (return value 0)
		Usr 0 00:37:09, Sys 0 00:00:58  -  Run Remote Usage
		Usr 0 00:00:00, Sys 0 00:00:00  -  Run Local Usage
		Usr 0 00:37:09, Sys 0 00:00:58  -  Total Remote Usage
		Usr 0 00:00:00, Sys 0 00:00:00  -  Total Local Usage
	0  -  Run Bytes Sent By Job
	0  -  Run Bytes Received By Job
	0  -  Total Bytes Sent By Job
	0  -  Total Bytes Received By Job
	Partitionable Resources :    Usage  Request Allocated
	   Cpus                 :                 1         1
	   Disk (KB)            :        1        1    742633
	   Gpus                 :                           0
	   Memory (MB)          :     1788        1      4021
...
