[SNIPER] Start
Sampler: 4, 4, 32
stlb_cache: 512, 16
stlb_cache_L1: 512, 16
Sampler: 4, 32, 0
itlb_cache: 32, 1
itlb_cache_L1: 32, 1
Sampler: 4, 128, 0
dtlb_cache: 128, 4
dtlb_cache_L1: 128, 4
num_memory_controller = 1
L1-I 2
Sampler: 4, 4, 128
L1-I: 2048, 64
L1-I_L1: 2048, 64
Creating prefetcher object 0 0
Creating prefetcher object 1 0
Creating prefetcher object 2 0
Creating prefetcher object 3 0
L1-D 3
Sampler: 4, 8, 20
L1-D: 400, 20
L1-D_L1: 400, 20
Creating prefetcher object 0 0
Creating prefetcher object 1 0
Creating prefetcher object 2 0
Creating prefetcher object 3 0
L2 4
Sampler: 25f, 10, d
L2: 20000, 1000
L2_L1: 20000, 1000
HybridPrefetcher3 running
Creating prefetcher object 0 0x1a9cf20
HybridPrefetcher3 running
Creating prefetcher object 1 0x1c3f850
HybridPrefetcher3 running
Creating prefetcher object 2 0x1de21b0
HybridPrefetcher3 running
Creating prefetcher object 3 0x1f84b10
Sampler: 4, 4, 20
stlb_cache: 200, 10
stlb_cache_L1: 200, 10
Sampler: 4, 20, 0
itlb_cache: 20, 1
itlb_cache_L1: 20, 1
Sampler: 4, 80, 0
dtlb_cache: 80, 4
dtlb_cache_L1: 80, 4
num_memory_controller = 1
L1-I 2
Sampler: 4, 4, 80
L1-I: 800, 40
L1-I_L1: 800, 40
Creating prefetcher object 0 0
Creating prefetcher object 1 0
Creating prefetcher object 2 0
Creating prefetcher object 3 0
L1-D 3
Sampler: 4, 8, 20
L1-D: 400, 20
L1-D_L1: 400, 20
Creating prefetcher object 0 0
Creating prefetcher object 1 0
Creating prefetcher object 2 0
Creating prefetcher object 3 0
L2 4
Sampler: 4, 4, 20
stlb_cache: 200, 10
stlb_cache_L1: 200, 10
Sampler: 4, 20, 0
itlb_cache: 20, 1
itlb_cache_L1: 20, 1
Sampler: 4, 80, 0
dtlb_cache: 80, 4
dtlb_cache_L1: 80, 4
num_memory_controller = 1
L1-I 2
Sampler: 4, 4, 80
L1-I: 800, 40
L1-I_L1: 800, 40
Creating prefetcher object 0 0
Creating prefetcher object 1 0
Creating prefetcher object 2 0
Creating prefetcher object 3 0
L1-D 3
Sampler: 4, 8, 20
L1-D: 400, 20
L1-D_L1: 400, 20
Creating prefetcher object 0 0
Creating prefetcher object 1 0
Creating prefetcher object 2 0
Creating prefetcher object 3 0
L2 4
Sampler: 4, 4, 20
stlb_cache: 200, 10
stlb_cache_L1: 200, 10
Sampler: 4, 20, 0
itlb_cache: 20, 1
itlb_cache_L1: 20, 1
Sampler: 4, 80, 0
dtlb_cache: 80, 4
dtlb_cache_L1: 80, 4
num_memory_controller = 1
L1-I 2
Sampler: 4, 4, 80
L1-I: 800, 40
L1-I_L1: 800, 40
Creating prefetcher object 0 0
Creating prefetcher object 1 0
Creating prefetcher object 2 0
Creating prefetcher object 3 0
L1-D 3
Sampler: 4, 8, 20
L1-D: 400, 20
L1-D_L1: 400, 20
Creating prefetcher object 0 0
Creating prefetcher object 1 0
Creating prefetcher object 2 0
Creating prefetcher object 3 0
L2 4
[SNIPER] --------------------------------------------------------------------------------
[SNIPER] Sniper using SIFT/trace-driven frontend
[SNIPER] Running full application in DETAILED mode
[SNIPER] --------------------------------------------------------------------------------
[SNIPER] Enabling performance models
[SNIPER] Setting instrumentation mode to DETAILED
0	1
0	1
0	1
0	4
shadow_cache used up once
shadow_cache used up once
shadow_cache used up once
shadow_cache used up once
shadow_cache used up once
shadow_cache used up once
shadow_cache used up once
shadow_cache used up once
shadow_cache used up once
shadow_cache used up once
shadow_cache used up once
phase = 0
shadow_cache used up once
shadow_cache used up once
shadow_cache used up once
1	11811
1	104995
1	3798
1	3398
shadow_cache used up once
shadow_cache used up once
shadow_cache used up once
shadow_cache used up once
shadow_cache used up once
shadow_cache used up once
shadow_cache used up once
phase = 1
shadow_cache used up once
shadow_cache used up once
shadow_cache used up once
shadow_cache used up once
shadow_cache used up once
shadow_cache used up once
2	93644
shadow_cache used up once
2	4967
2	6339
2	8508
shadow_cache used up once
shadow_cache used up once
shadow_cache used up once
shadow_cache used up once
phase = 2
shadow_cache used up once
shadow_cache used up once
shadow_cache used up once
shadow_cache used up once
shadow_cache used up once
shadow_cache used up once
shadow_cache used up once
shadow_cache used up once
shadow_cache used up once
3	98704
3	5076
3	10913
shadow_cache used up once
3	5268
shadow_cache used up once
shadow_cache used up once
phase = 3
shadow_cache used up once
shadow_cache used up once
shadow_cache used up once
shadow_cache used up once
phase = 0
shadow_cache used up once
shadow_cache used up once
shadow_cache used up once
shadow_cache used up once
shadow_cache used up once
shadow_cache used up once
shadow_cache used up once
shadow_cache used up once
shadow_cache used up once
phase = 4
shadow_cache used up once
shadow_cache used up once
4	118423
4	929
4	11964
4	6573
shadow_cache used up once
shadow_cache used up once
shadow_cache used up once
shadow_cache used up once
shadow_cache used up once
shadow_cache used up once
shadow_cache used up once
shadow_cache used up once
shadow_cache used up once
shadow_cache used up once
shadow_cache used up once
phase = 5
shadow_cache used up once
shadow_cache used up once
shadow_cache used up once
shadow_cache used up once
shadow_cache used up once
shadow_cache used up once
shadow_cache used up once
shadow_cache used up once
5	130550
5	9695
5	1530
5	15596
shadow_cache used up once
shadow_cache used up once
shadow_cache used up once
shadow_cache used up once
phase = 6
shadow_cache used up once
shadow_cache used up once
shadow_cache used up once
shadow_cache used up once
shadow_cache used up once
shadow_cache used up once
shadow_cache used up once
shadow_cache used up once
shadow_cache used up once
shadow_cache used up once
shadow_cache used up once
shadow_cache used up once
phase = 7
shadow_cache used up once
shadow_cache used up once
shadow_cache used up once
shadow_cache used up once
shadow_cache used up once
6	18984
6	128058
6	4449
6	28544
shadow_cache used up once
shadow_cache used up once
shadow_cache used up once
shadow_cache used up once
phase = 8
shadow_cache used up once
shadow_cache used up once
shadow_cache used up once
shadow_cache used up once
shadow_cache used up once
shadow_cache used up once
phase = 9
shadow_cache used up once
shadow_cache used up once
shadow_cache used up once
shadow_cache used up once
shadow_cache used up once
shadow_cache used up once
phase = 10
shadow_cache used up once
shadow_cache used up once
shadow_cache used up once
7	105521
7	31406
7	2221
7	13387
phase = 1
shadow_cache used up once
shadow_cache used up once
shadow_cache used up once
shadow_cache used up once
phase = 11
shadow_cache used up once
shadow_cache used up once
shadow_cache used up once
shadow_cache used up once
8	15161
8	41776
8	2851
8	2706
shadow_cache used up once
shadow_cache used up once
shadow_cache used up once
shadow_cache used up once
phase = 12
shadow_cache used up once
shadow_cache used up once
shadow_cache used up once
9	42300
9	14762
9	2646
9	3028
shadow_cache used up once
shadow_cache used up once
phase = 0
shadow_cache used up once
shadow_cache used up once
phase = 13
shadow_cache used up once
shadow_cache used up once
shadow_cache used up once
shadow_cache used up once
a	41610
a	16021
a	3611
a	3523
shadow_cache used up once
phase = 2
shadow_cache used up once
shadow_cache used up once
shadow_cache used up once
phase = 14
shadow_cache used up once
shadow_cache used up once
shadow_cache used up once
b	41583
b	16044
b	3030
b	3281
shadow_cache used up once
shadow_cache used up once
shadow_cache used up once
shadow_cache used up once
phase = 15
shadow_cache used up once
shadow_cache used up once
c	3007
c	17203
c	30365
c	2738
phase = 1
shadow_cache used up once
shadow_cache used up once
shadow_cache used up once
shadow_cache used up once
d	13519
d	10375
d	1373
d	784
shadow_cache used up once
shadow_cache used up once
shadow_cache used up once
shadow_cache used up once
shadow_cache used up once
phase = 16
shadow_cache used up once
shadow_cache used up once
shadow_cache used up once
shadow_cache used up once
e	17335
e	40960
e	4443
e	3257
phase = 3
shadow_cache used up once
shadow_cache used up once
shadow_cache used up once
shadow_cache used up once
phase = 2
shadow_cache used up once
phase = 17
shadow_cache used up once
shadow_cache used up once
shadow_cache used up once
f	18899
f	42017
f	4032
f	3822
shadow_cache used up once
shadow_cache used up once
shadow_cache used up once
shadow_cache used up once
shadow_cache used up once
phase = 18
shadow_cache used up once
shadow_cache used up once
shadow_cache used up once
shadow_cache used up once
shadow_cache used up once
10	55245
10	8788
10	10034
10	6975
shadow_cache used up once
shadow_cache used up once
shadow_cache used up once
shadow_cache used up once
shadow_cache used up once
shadow_cache used up once
shadow_cache used up once
phase = 19
shadow_cache used up once
shadow_cache used up once
shadow_cache used up once
shadow_cache used up once
shadow_cache used up once
shadow_cache used up once
shadow_cache used up once
11	83916
11	9386
11	1243
11	23275
shadow_cache used up once
shadow_cache used up once
shadow_cache used up once
shadow_cache used up once
shadow_cache used up once
shadow_cache used up once
phase = 20
shadow_cache used up once
shadow_cache used up once
shadow_cache used up once
phase = 4
shadow_cache used up once
shadow_cache used up once
shadow_cache used up once
shadow_cache used up once
shadow_cache used up once
shadow_cache used up once
shadow_cache used up once
12	92698
12	8754
12	32469
12	591
shadow_cache used up once
shadow_cache used up once
phase = 21
phase = 0
shadow_cache used up once
shadow_cache used up once
shadow_cache used up once
shadow_cache used up once
shadow_cache used up once
shadow_cache used up once
shadow_cache used up once
shadow_cache used up once
shadow_cache used up once
shadow_cache used up once
shadow_cache used up once
shadow_cache used up once
phase = 22
shadow_cache used up once
13	81956
13	3228
13	40619
13	540
shadow_cache used up once
shadow_cache used up once
shadow_cache used up once
shadow_cache used up once
shadow_cache used up once
shadow_cache used up once
shadow_cache used up once
shadow_cache used up once
shadow_cache used up once
shadow_cache used up once
phase = 23
shadow_cache used up once
shadow_cache used up once
shadow_cache used up once
shadow_cache used up once
shadow_cache used up once
shadow_cache used up once
shadow_cache used up once
14	85622
14	2889
14	42478
14	542
shadow_cache used up once
shadow_cache used up once
shadow_cache used up once
shadow_cache used up once
shadow_cache used up once
shadow_cache used up once
phase = 24
shadow_cache used up once
shadow_cache used up once
shadow_cache used up once
shadow_cache used up once
shadow_cache used up once
shadow_cache used up once
shadow_cache used up once
shadow_cache used up once
shadow_cache used up once
shadow_cache used up once
15	104066
15	11095
15	19046
15	405
shadow_cache used up once
shadow_cache used up once
shadow_cache used up once
phase = 25
shadow_cache used up once
shadow_cache used up once
shadow_cache used up once
shadow_cache used up once
shadow_cache used up once
phase = 1
shadow_cache used up once
shadow_cache used up once
shadow_cache used up once
shadow_cache used up once
shadow_cache used up once
shadow_cache used up once
shadow_cache used up once
shadow_cache used up once
phase = 26
shadow_cache used up once
16	128831
16	2713
16	897
16	13177
shadow_cache used up once
shadow_cache used up once
shadow_cache used up once
shadow_cache used up once
shadow_cache used up once
shadow_cache used up once
shadow_cache used up once
shadow_cache used up once
shadow_cache used up once
shadow_cache used up once
shadow_cache used up once
phase = 27
shadow_cache used up once
shadow_cache used up once
shadow_cache used up once
shadow_cache used up once
shadow_cache used up once
phase = 5
shadow_cache used up once
17	108848
17	629
17	25686
17	8330
shadow_cache used up once
shadow_cache used up once
shadow_cache used up once
shadow_cache used up once
shadow_cache used up once
shadow_cache used up once
phase = 28
shadow_cache used up once
shadow_cache used up once
shadow_cache used up once
shadow_cache used up once
shadow_cache used up once
shadow_cache used up once
shadow_cache used up once
shadow_cache used up once
shadow_cache used up once
shadow_cache used up once
shadow_cache used up once
phase = 29
shadow_cache used up once
18	778
18	85727
18	43815
18	7126
shadow_cache used up once
shadow_cache used up once
shadow_cache used up once
shadow_cache used up once
shadow_cache used up once
shadow_cache used up once
phase = 30
shadow_cache used up once
shadow_cache used up once
phase = 2
shadow_cache used up once
shadow_cache used up once
shadow_cache used up once
shadow_cache used up once
19	7458
19	10455
19	54265
19	22456
shadow_cache used up once
Hit: Address fe3e780 got flushed counter=0
Hit: Address fdfa240 got flushed counter=1
shadow_cache used up once
phase = 31
Hit: Address fdf9680 got flushed counter=2
Hit: Address fdbaec0 got flushed counter=3
shadow_cache used up once
shadow_cache used up once
shadow_cache used up once
Hit: Address 9a4b180 got flushed counter=4
Hit: Address 9aa2240 got flushed counter=5
Hit: Address fce9980 got flushed counter=6
Hit: Address 74d47c0 got flushed counter=7
Hit: Address 9bdbc00 got flushed counter=8
Hit: Address 754e800 got flushed counter=9
Hit: Address 75d4d00 got flushed counter=10
Hit: Address 92cbf00 got flushed counter=11
Hit: Address 74d0340 got flushed counter=12
Hit: Address 92cd040 got flushed counter=13
shadow_cache used up once
Hit: Address fdde880 got flushed counter=14
Hit: Address 273c9c0 got flushed counter=15
Hit: Address fd2a280 got flushed counter=16
Hit: Address ff320c0 got flushed counter=17
Hit: Address fd2c540 got flushed counter=18
Hit: Address fdaf780 got flushed counter=19
Hit: Address 28a7540 got flushed counter=20
Hit: Address fdf88c0 got flushed counter=21
Hit: Address 872b680 got flushed counter=22
shadow_cache used up once
Hit: Address 28a7580 got flushed counter=23
1a	39273
1a	15635
1a	4815
1a	5059
Hit: Address 7d941c0 got flushed counter=24
Hit: Address 7cfa840 got flushed counter=25
shadow_cache used up once
shadow_cache used up once
Hit: Address 7bc6d00 got flushed counter=26
shadow_cache used up once
phase = 6
Hit: Address fcab3c0 got flushed counter=27
shadow_cache used up once
Hit: Address 7972080 got flushed counter=28
phase = 32
shadow_cache used up once
shadow_cache used up once
shadow_cache used up once
shadow_cache used up once
phase = 3
shadow_cache used up once
shadow_cache used up once
shadow_cache used up once
1b	20145
1b	41098
1b	4647
1b	6282
shadow_cache used up once
shadow_cache used up once
phase = 33
shadow_cache used up once
phase = 3
shadow_cache used up once
shadow_cache used up once
shadow_cache used up once
shadow_cache used up once
shadow_cache used up once
1c	40620
1c	18405
1c	4389
1c	5795
Hit: Address fea6240 got flushed counter=29
shadow_cache used up once
shadow_cache used up once
Hit: Address fd147c0 got flushed counter=30
shadow_cache used up once
shadow_cache used up once
phase = 34
shadow_cache used up once
shadow_cache used up once
shadow_cache used up once
shadow_cache used up once
1d	39421
1d	18562
1d	5791
1d	6186
shadow_cache used up once
shadow_cache used up once
shadow_cache used up once
shadow_cache used up once
shadow_cache used up once
phase = 35
phase = 7
shadow_cache used up once
shadow_cache used up once
shadow_cache used up once
shadow_cache used up once
phase = 4
1e	17595
1e	40208
1e	5618
1e	5290
shadow_cache used up once
shadow_cache used up once
shadow_cache used up once
phase = 4
shadow_cache used up once
shadow_cache used up once
phase = 36
shadow_cache used up once
shadow_cache used up once
1f	22727
1f	4427
phase = 5
1f	3520
1f	21886
shadow_cache used up once
shadow_cache used up once
shadow_cache used up once
shadow_cache used up once
20	17915
20	8813
20	2274
20	3124
Hit: Address 7235640 got flushed counter=31
shadow_cache used up once
shadow_cache used up once
shadow_cache used up once
shadow_cache used up once
Hit: Address 2049580 got flushed counter=32
Hit: Address 17fff62beba80 got flushed counter=0
Hit: Address 42f6f80 got flushed counter=33
Hit: Address 100001135bd00 got flushed counter=1
Hit: Address 651db40 got flushed counter=34
Hit: Address 744b580 got flushed counter=35
shadow_cache used up once
Hit: Address 17fff62becc40 got flushed counter=2
shadow_cache used up once
Hit: Address 65a26c0 got flushed counter=36
Hit: Address ffcfb40 got flushed counter=37
Hit: Address 100001136e040 got flushed counter=3
Hit: Address 651a800 got flushed counter=38
Hit: Address 100001136e100 got flushed counter=4
Hit: Address ff9af00 got flushed counter=39
Hit: Address 1000c840 got flushed counter=40
Hit: Address 1001d480 got flushed counter=41
Hit: Address ff78b80 got flushed counter=42
phase = 37
shadow_cache used up once
shadow_cache used up once
Hit: Address 1000011370080 got flushed counter=5
Hit: Address 17fff62beb940 got flushed counter=6
Hit: Address 1000011372e00 got flushed counter=7
Hit: Address 17fff62bec600 got flushed counter=8
Hit: Address 100001135c2c0 got flushed counter=9
shadow_cache used up once
Hit: Address 9161fc0 got flushed counter=43
shadow_cache used up once
shadow_cache used up once
21	42369
21	21204
21	5876
21	5031
Hit: Address 9162000 got flushed counter=44
shadow_cache used up once
Hit: Address 91d4000 got flushed counter=45
Hit: Address fd54600 got flushed counter=46
shadow_cache used up once
shadow_cache used up once
shadow_cache used up once
shadow_cache used up once
Hit: Address f93cf80 got flushed counter=47
phase = 8
Hit: Address fb31080 got flushed counter=48
phase = 38
shadow_cache used up once
phase = 6
shadow_cache used up once
shadow_cache used up once
Hit: Address c545ec0 got flushed counter=49
Hit: Address c4bcec0 got flushed counter=50
Hit: Address c436100 got flushed counter=51
Hit: Address 1c14c00 got flushed counter=52
shadow_cache used up once
22	22407
22	42322
22	5945
22	5744
shadow_cache used up once
Hit: Address 1bd9a80 got flushed counter=53
shadow_cache used up once
Hit: Address 303ad00 got flushed counter=54
Hit: Address 3053400 got flushed counter=55
phase = 5
shadow_cache used up once
shadow_cache used up once
shadow_cache used up once
Hit: Address 100c1680 got flushed counter=56
phase = 39
shadow_cache used up once
shadow_cache used up once
shadow_cache used up once
shadow_cache used up once
shadow_cache used up once
shadow_cache used up once
23	55736
23	8416
23	10269
23	13740
shadow_cache used up once
shadow_cache used up once
shadow_cache used up once
shadow_cache used up once
shadow_cache used up once
shadow_cache used up once
shadow_cache used up once
phase = 40
shadow_cache used up once
shadow_cache used up once
shadow_cache used up once
shadow_cache used up once
shadow_cache used up once
shadow_cache used up once
shadow_cache used up once
shadow_cache used up once
shadow_cache used up once
24	2682
24	80747
24	27036
24	13091
shadow_cache used up once
shadow_cache used up once
shadow_cache used up once
shadow_cache used up once
shadow_cache used up once
phase = 41
shadow_cache used up once
shadow_cache used up once
shadow_cache used up once
shadow_cache used up once
shadow_cache used up once
shadow_cache used up once
shadow_cache used up once
shadow_cache used up once
shadow_cache used up once
shadow_cache used up once
shadow_cache used up once
shadow_cache used up once
phase = 42
shadow_cache used up once
phase = 9
shadow_cache used up once
25	111743
25	3257
25	16791
shadow_cache used up once
25	27424
shadow_cache used up once
shadow_cache used up once
shadow_cache used up once
shadow_cache used up once
[TRACE:3] -- DONE --
[TRACE:2] -- STOP --
[TRACE:1] -- STOP --
[TRACE:0] -- STOP --
[SNIPER] Disabling performance models
[SNIPER] Leaving ROI after 1496.66 seconds
[SNIPER] Simulated 505.9M instructions, 126.6M cycles, 4.00 IPC
[SNIPER] Simulation speed 338.0 KIPS (84.5 KIPS / target core - 11833.3ns/instr)
[SNIPER] Setting instrumentation mode to FAST_FORWARD
Hawkeye Victims: 0
LRU Victims: 0
Hawkeye Victims: 0
LRU Victims: 0
Hawkeye Victims: 0
LRU Victims: 0
Hawkeye Victims: 0
LRU Victims: 0
Inserted: 0
Redundant.progress: 0
Redundant.cache: 0
Redundant.buffer: 0
Hawkeye Victims: 0
LRU Victims: 0
Inserted: 0
Redundant.progress: 0
Redundant.cache: 0
Redundant.buffer: 0
Hawkeye Victims: 0
LRU Victims: 0
phase = 7
Inserted: 47e1a
Redundant.progress: ce7
Redundant.cache: 2508c
Redundant.buffer: 0
Hawkeye Victims: 0
LRU Victims: 0
Hawkeye Victims: 0
LRU Victims: 0
Hawkeye Victims: 0
LRU Victims: 0
Hawkeye Victims: 0
LRU Victims: 0
Inserted: 0
Redundant.progress: 0
Redundant.cache: 0
Redundant.buffer: 0
Hawkeye Victims: 0
LRU Victims: 0
Inserted: 0
Redundant.progress: 0
Redundant.cache: 0
Redundant.buffer: 0
phase = 6
Inserted: 69573
Redundant.progress: 18f
Redundant.cache: 57a13
Redundant.buffer: 0
Hawkeye Victims: 0
LRU Victims: 0
Hawkeye Victims: 0
LRU Victims: 0
Hawkeye Victims: 0
LRU Victims: 0
Hawkeye Victims: 0
LRU Victims: 0
Inserted: 0
Redundant.progress: 0
Redundant.cache: 0
Redundant.buffer: 0
Hawkeye Victims: 0
LRU Victims: 0
Inserted: 0
Redundant.progress: 0
Redundant.cache: 0
Redundant.buffer: 0
phase = 43
Inserted: 3c1023
Redundant.progress: 8fba1
Redundant.cache: 1e305
Redundant.buffer: 0
Hawkeye Victims: 0
LRU Victims: 0
Hawkeye Victims: 0
LRU Victims: 0
Hawkeye Victims: 0
LRU Victims: 0
Hawkeye Victims: 0
LRU Victims: 0
Inserted: 0
Redundant.progress: 0
Redundant.cache: 0
Redundant.buffer: 0
Hawkeye Victims: 0
LRU Victims: 0
Inserted: 0
Redundant.progress: 0
Redundant.cache: 0
Redundant.buffer: 0
phase = 10
Inserted: 7d237
Redundant.progress: 16d
Redundant.cache: 79c9f
Redundant.buffer: 0
[SNIPER] End
[SNIPER] Elapsed time: 1537.60 seconds
