000 (516099.000.000) 05/05 17:13:20 Job submitted from host: <128.83.144.149:44250?addrs=128.83.144.149-44250>
...
009 (516099.000.000) 05/05 17:14:24 Job was aborted by the user.
	via condor_rm (by user ypei)
...
000 (516306.000.000) 05/05 17:15:05 Job submitted from host: <128.83.144.149:44250?addrs=128.83.144.149-44250>
...
009 (516306.000.000) 05/05 17:18:08 Job was aborted by the user.
	via condor_rm (by user ypei)
...
000 (516513.000.000) 05/05 17:18:35 Job submitted from host: <128.83.144.149:44250?addrs=128.83.144.149-44250>
...
009 (516513.000.000) 05/05 17:21:20 Job was aborted by the user.
	via condor_rm (by user ypei)
...
000 (517134.000.000) 05/05 17:21:59 Job submitted from host: <128.83.144.149:44250?addrs=128.83.144.149-44250>
...
001 (517134.000.000) 05/05 17:35:00 Job executing on host: <128.83.139.14:44306?addrs=128.83.139.14-44306>
...
006 (517134.000.000) 05/05 17:35:09 Image size of job updated: 1
	2  -  MemoryUsage of job (MB)
	1684  -  ResidentSetSize of job (KB)
...
006 (517134.000.000) 05/05 17:40:10 Image size of job updated: 1094496
	250  -  MemoryUsage of job (MB)
	255120  -  ResidentSetSize of job (KB)
...
006 (517134.000.000) 05/05 17:45:10 Image size of job updated: 1094524
	261  -  MemoryUsage of job (MB)
	266484  -  ResidentSetSize of job (KB)
...
006 (517134.000.000) 05/05 17:47:54 Image size of job updated: 1094548
	261  -  MemoryUsage of job (MB)
	266484  -  ResidentSetSize of job (KB)
...
005 (517134.000.000) 05/05 17:47:54 Job terminated.
	(1) Normal termination (return value 0)
		Usr 0 00:12:38, Sys 0 00:00:09  -  Run Remote Usage
		Usr 0 00:00:00, Sys 0 00:00:00  -  Run Local Usage
		Usr 0 00:12:38, Sys 0 00:00:09  -  Total Remote Usage
		Usr 0 00:00:00, Sys 0 00:00:00  -  Total Local Usage
	0  -  Run Bytes Sent By Job
	0  -  Run Bytes Received By Job
	0  -  Total Bytes Sent By Job
	0  -  Total Bytes Received By Job
	Partitionable Resources :    Usage  Request Allocated
	   Cpus                 :                 1         1
	   Disk (KB)            :        1        1   1695320
	   Gpus                 :                           0
	   Memory (MB)          :      261        1     12899
...
000 (518169.000.000) 05/06 21:33:17 Job submitted from host: <128.83.144.149:44250?addrs=128.83.144.149-44250>
...
009 (518169.000.000) 05/06 21:33:42 Job was aborted by the user.
	via condor_rm (by user ypei)
...
000 (518376.000.000) 05/06 21:34:25 Job submitted from host: <128.83.144.149:44250?addrs=128.83.144.149-44250>
...
001 (518376.000.000) 05/06 21:52:35 Job executing on host: <128.83.144.5:44408?addrs=128.83.144.5-44408>
...
006 (518376.000.000) 05/06 21:52:43 Image size of job updated: 1
	2  -  MemoryUsage of job (MB)
	1684  -  ResidentSetSize of job (KB)
...
006 (518376.000.000) 05/06 21:57:43 Image size of job updated: 1027740
	173  -  MemoryUsage of job (MB)
	176472  -  ResidentSetSize of job (KB)
...
006 (518376.000.000) 05/06 22:02:44 Image size of job updated: 1094536
	255  -  MemoryUsage of job (MB)
	260892  -  ResidentSetSize of job (KB)
...
006 (518376.000.000) 05/06 22:07:45 Image size of job updated: 1094544
	259  -  MemoryUsage of job (MB)
	264348  -  ResidentSetSize of job (KB)
...
006 (518376.000.000) 05/06 22:12:45 Image size of job updated: 1094580
	266  -  MemoryUsage of job (MB)
	272080  -  ResidentSetSize of job (KB)
...
005 (518376.000.000) 05/06 22:17:24 Job terminated.
	(1) Normal termination (return value 0)
		Usr 0 00:23:51, Sys 0 00:00:34  -  Run Remote Usage
		Usr 0 00:00:00, Sys 0 00:00:00  -  Run Local Usage
		Usr 0 00:23:51, Sys 0 00:00:34  -  Total Remote Usage
		Usr 0 00:00:00, Sys 0 00:00:00  -  Total Local Usage
	0  -  Run Bytes Sent By Job
	0  -  Run Bytes Received By Job
	0  -  Total Bytes Sent By Job
	0  -  Total Bytes Received By Job
	Partitionable Resources :    Usage  Request Allocated
	   Cpus                 :                 1         1
	   Disk (KB)            :        1        1    790436
	   Gpus                 :                           0
	   Memory (MB)          :      266        1     12899
...
000 (381944.000.000) 05/07 00:29:10 Job submitted from host: <128.83.144.155:57685?addrs=128.83.144.155-57685>
...
001 (381944.000.000) 05/07 00:46:45 Job executing on host: <128.83.120.250:59851?addrs=128.83.120.250-59851>
...
006 (381944.000.000) 05/07 00:46:54 Image size of job updated: 1021580
	91  -  MemoryUsage of job (MB)
	92852  -  ResidentSetSize of job (KB)
...
006 (381944.000.000) 05/07 00:51:55 Image size of job updated: 1027740
	166  -  MemoryUsage of job (MB)
	169784  -  ResidentSetSize of job (KB)
...
006 (381944.000.000) 05/07 00:56:56 Image size of job updated: 1094536
	246  -  MemoryUsage of job (MB)
	251244  -  ResidentSetSize of job (KB)
...
006 (381944.000.000) 05/07 01:01:56 Image size of job updated: 1094544
	248  -  MemoryUsage of job (MB)
	253544  -  ResidentSetSize of job (KB)
...
006 (381944.000.000) 05/07 01:06:56 Image size of job updated: 1094548
	253  -  MemoryUsage of job (MB)
	258144  -  ResidentSetSize of job (KB)
...
006 (381944.000.000) 05/07 01:11:57 Image size of job updated: 1094580
	256  -  MemoryUsage of job (MB)
	261856  -  ResidentSetSize of job (KB)
...
005 (381944.000.000) 05/07 01:14:12 Job terminated.
	(1) Normal termination (return value 0)
		Usr 0 00:26:40, Sys 0 00:00:40  -  Run Remote Usage
		Usr 0 00:00:00, Sys 0 00:00:00  -  Run Local Usage
		Usr 0 00:26:40, Sys 0 00:00:40  -  Total Remote Usage
		Usr 0 00:00:00, Sys 0 00:00:00  -  Total Local Usage
	0  -  Run Bytes Sent By Job
	0  -  Run Bytes Received By Job
	0  -  Total Bytes Sent By Job
	0  -  Total Bytes Received By Job
	Partitionable Resources :    Usage  Request Allocated
	   Cpus                 :                 1         1
	   Disk (KB)            :        1        1    798512
	   Gpus                 :                           0
	   Memory (MB)          :      256        1     12899
...
