[SNIPER] Start
Sampler: 4, 32, 0
itlb_cache: 32, 1
itlb_cache_L1: 32, 1
Sampler: 4, 128, 0
dtlb_cache: 128, 4
dtlb_cache_L1: 128, 4
L1-I 2
Sampler: 4, 4, 128
L1-I: 2048, 64
L1-I_L1: 2048, 64
L1-D 3
Sampler: 4, 8, 32
L1-D: 1024, 32
L1-D_L1: 1024, 32
L2 4
Sampler: 122, 16, 16
L2: 32768, 1024
L2_L1: 32768, 1024
Executing Python script /v/filer4b/v20q001/ypei/Desktop/cs395t-lin/output/run_all_hybrid_headroom2/omnetpp/27/sim.scripts.py
[STOPBYICOUNT] Starting in ROI (detail)
[STOPBYICOUNT] Then stopping after simulating at least 250000000 instructions in detail
[SNIPER] --------------------------------------------------------------------------------
[SNIPER] Sniper using SIFT/trace-driven frontend
[SNIPER] Running full application in DETAILED mode
[SNIPER] --------------------------------------------------------------------------------
[SNIPER] Enabling performance models
[SNIPER] Setting instrumentation mode to DETAILED
[STOPBYICOUNT] Ending ROI after 250000005 instructions (250000000 requested)
[SNIPER] Disabling performance models
[SNIPER] Leaving ROI after 2390.10 seconds
[SNIPER] Simulated 250.0M instructions, 399.2M cycles, 0.63 IPC
[SNIPER] Simulation speed 104.6 KIPS (104.6 KIPS / target core - 9560.4ns/instr)
[SNIPER] Setting instrumentation mode to FAST_FORWARD
[app0] [SIFT_RECORDER] sift_writer.cc:550: Sift::Mode Sift::Writer::Sync(): Assertion `!response->fail()' failed.
Hawkeye Victims: 0
LRU Victims: 0
Hawkeye Victims: 0
LRU Victims: 0
Hawkeye Victims: 0
LRU Victims: 0
a test for execution

Inserted: 0
Redundant.progress: 0
Redundant.cache: 0
Redundant.buffer: 0
Hawkeye Victims: 0
LRU Victims: 0
a test for execution

Inserted: 0
Redundant.progress: 0
Redundant.cache: 0
Redundant.buffer: 0
Hawkeye Victims: 0
LRU Victims: 0
[app0] Pin app terminated abnormally due to signal 6.
 =========================================================== 
Triggers: 5205419
Repeats: 0

Same addr: 3575746 68.6928
New addr: 1383 0.0265685

Distribution of new addresses: 
Stream Head: 1074 77.6573
Stream Divergence: 614427 44427.1

Invalidation count: 1176821 85091.9
No Conflict count: 569840 41203.2
Same Stream count: 0 0
New Stream count: 0 0

Not found: 1609679
On Chip Mispredictions: 0
 =========================================================== 
Distribution of predictions: 
Predict Init: 4771178 91.6579
Total Predictions: 4706534
Predict OCI Miss: 53573 1.12285
Predict Stream End: 64644 1.35489
Buffer Success: 0 0
Stride Distribution: 0, 565799, 363400, 363400, 133400, 64400, 18400, 36800, 381800, 133400, 211600, 142600, 188600, 377200, 92000, 105800, 87400, 0, 9200, 0, 41354, 0, 0, 0, 0, 0, 0, 0, 0, 0, 331200, 0, 239200, 0, 0, 0, 439866, 0, 0, 0, 777400, 0, 0, 0, 0, 0, 0, 0, 0, 0, 0, 0, 0, 0, 0, 0, 0, 0, 0, 0, 0, 0, 0, 0, 0, 0, 33, 0, 0, 0, 0, 0, 34768032, 0, 49, 0, 15, 0, 15, 0, 0, 6644585, 1868787317, 1915577714, 1702195557, 7566451, 113, 0, 5073232, 0, 31441392, 0, 0, 0, 5073232, 0, 31999808, 0, 0, 0, 5073232, 0, 32272160, 0, 0, 0, 5165152, 0, 523263344, 11084, 0, 11084, 34766336, 0, 49, 0, 6, 0, 6, 0, 0, 0, 1919906931, 29541, 48, 0, 49, 0, 
a test for execution

Inserted: 6009700
Redundant.progress: 69767
Redundant.cache: 2342845
Redundant.buffer: 0
[SNIPER] End
[SNIPER] Elapsed time: 2456.63 seconds
