000 (516019.000.000) 05/05 17:13:13 Job submitted from host: <128.83.144.149:44250?addrs=128.83.144.149-44250>
...
001 (516019.000.000) 05/05 17:13:31 Job executing on host: <128.83.120.229:58979?addrs=128.83.120.229-58979>
...
006 (516019.000.000) 05/05 17:13:40 Image size of job updated: 2457216
	56  -  MemoryUsage of job (MB)
	56748  -  ResidentSetSize of job (KB)
...
006 (516019.000.000) 05/05 17:14:28 Image size of job updated: 2458748
	56  -  MemoryUsage of job (MB)
	56748  -  ResidentSetSize of job (KB)
...
004 (516019.000.000) 05/05 17:14:28 Job was evicted.
	(0) Job was not checkpointed.
		Usr 0 00:00:00, Sys 0 00:00:00  -  Run Remote Usage
		Usr 0 00:00:00, Sys 0 00:00:00  -  Run Local Usage
	0  -  Run Bytes Sent By Job
	0  -  Run Bytes Received By Job
	Partitionable Resources :    Usage  Request Allocated
	   Cpus                 :                 1         1
	   Disk (KB)            :        1        1    828970
	   Gpus                 :                           0
	   Memory (MB)          :       56        1     12899
...
009 (516019.000.000) 05/05 17:14:28 Job was aborted by the user.
	via condor_rm (by user ypei)
...
000 (516244.000.000) 05/05 17:14:55 Job submitted from host: <128.83.144.149:44250?addrs=128.83.144.149-44250>
...
001 (516244.000.000) 05/05 17:15:03 Job executing on host: <128.83.139.15:46714?addrs=128.83.139.15-46714>
...
006 (516244.000.000) 05/05 17:15:12 Image size of job updated: 340324
	21  -  MemoryUsage of job (MB)
	21324  -  ResidentSetSize of job (KB)
...
010 (516244.000.000) 05/05 17:17:39 Job was suspended.
	Number of processes actually suspended: 8
...
006 (516244.000.000) 05/05 17:17:39 Image size of job updated: 2628896
	808  -  MemoryUsage of job (MB)
	826652  -  ResidentSetSize of job (KB)
...
011 (516244.000.000) 05/05 17:17:54 Job was unsuspended.
...
006 (516244.000.000) 05/05 17:17:54 Image size of job updated: 2628896
	808  -  MemoryUsage of job (MB)
	826872  -  ResidentSetSize of job (KB)
...
006 (516244.000.000) 05/05 17:18:13 Image size of job updated: 2628900
	808  -  MemoryUsage of job (MB)
	826872  -  ResidentSetSize of job (KB)
...
004 (516244.000.000) 05/05 17:18:13 Job was evicted.
	(0) Job was not checkpointed.
		Usr 0 00:00:54, Sys 0 00:00:01  -  Run Remote Usage
		Usr 0 00:00:00, Sys 0 00:00:00  -  Run Local Usage
	0  -  Run Bytes Sent By Job
	0  -  Run Bytes Received By Job
	Partitionable Resources :    Usage  Request Allocated
	   Cpus                 :                 1         1
	   Disk (KB)            :        1        1   1684662
	   Gpus                 :                           0
	   Memory (MB)          :      808        1     12899
...
009 (516244.000.000) 05/05 17:18:13 Job was aborted by the user.
	via condor_rm (by user ypei)
...
000 (516451.000.000) 05/05 17:18:25 Job submitted from host: <128.83.144.149:44250?addrs=128.83.144.149-44250>
...
001 (516451.000.000) 05/05 17:18:32 Job executing on host: <128.83.139.15:46714?addrs=128.83.139.15-46714>
...
006 (516451.000.000) 05/05 17:18:41 Image size of job updated: 2457352
	56  -  MemoryUsage of job (MB)
	56772  -  ResidentSetSize of job (KB)
...
006 (516451.000.000) 05/05 17:21:22 Image size of job updated: 2694592
	56  -  MemoryUsage of job (MB)
	56772  -  ResidentSetSize of job (KB)
...
004 (516451.000.000) 05/05 17:21:22 Job was evicted.
	(0) Job was not checkpointed.
		Usr 0 00:01:14, Sys 0 00:00:02  -  Run Remote Usage
		Usr 0 00:00:00, Sys 0 00:00:00  -  Run Local Usage
	0  -  Run Bytes Sent By Job
	0  -  Run Bytes Received By Job
	Partitionable Resources :    Usage  Request Allocated
	   Cpus                 :                 1         1
	   Disk (KB)            :        1        1   1684662
	   Gpus                 :                           0
	   Memory (MB)          :       56        1     12899
...
009 (516451.000.000) 05/05 17:21:22 Job was aborted by the user.
	via condor_rm (by user ypei)
...
000 (517072.000.000) 05/05 17:21:50 Job submitted from host: <128.83.144.149:44250?addrs=128.83.144.149-44250>
...
001 (517072.000.000) 05/05 17:22:21 Job executing on host: <128.83.144.147:58788?addrs=128.83.144.147-58788>
...
006 (517072.000.000) 05/05 17:22:29 Image size of job updated: 340460
	21  -  MemoryUsage of job (MB)
	21276  -  ResidentSetSize of job (KB)
...
010 (517072.000.000) 05/05 17:24:10 Job was suspended.
	Number of processes actually suspended: 8
...
006 (517072.000.000) 05/05 17:24:10 Image size of job updated: 2629020
	763  -  MemoryUsage of job (MB)
	780624  -  ResidentSetSize of job (KB)
...
011 (517072.000.000) 05/05 17:24:21 Job was unsuspended.
...
006 (517072.000.000) 05/05 17:27:29 Image size of job updated: 2760120
	1915  -  MemoryUsage of job (MB)
	1960944  -  ResidentSetSize of job (KB)
...
006 (517072.000.000) 05/05 17:32:30 Image size of job updated: 3022264
	2154  -  MemoryUsage of job (MB)
	2204812  -  ResidentSetSize of job (KB)
...
006 (517072.000.000) 05/05 17:37:31 Image size of job updated: 3218872
	2350  -  MemoryUsage of job (MB)
	2405552  -  ResidentSetSize of job (KB)
...
006 (517072.000.000) 05/05 17:42:31 Image size of job updated: 3481016
	2579  -  MemoryUsage of job (MB)
	2640076  -  ResidentSetSize of job (KB)
...
006 (517072.000.000) 05/05 17:47:31 Image size of job updated: 3677624
	2785  -  MemoryUsage of job (MB)
	2851400  -  ResidentSetSize of job (KB)
...
006 (517072.000.000) 05/05 17:52:32 Image size of job updated: 3874232
	2987  -  MemoryUsage of job (MB)
	3058240  -  ResidentSetSize of job (KB)
...
006 (517072.000.000) 05/05 17:57:32 Image size of job updated: 4070840
	3198  -  MemoryUsage of job (MB)
	3274520  -  ResidentSetSize of job (KB)
...
006 (517072.000.000) 05/05 18:02:32 Image size of job updated: 4332984
	3424  -  MemoryUsage of job (MB)
	3505916  -  ResidentSetSize of job (KB)
...
006 (517072.000.000) 05/05 18:07:33 Image size of job updated: 4660920
	3730  -  MemoryUsage of job (MB)
	3819196  -  ResidentSetSize of job (KB)
...
006 (517072.000.000) 05/05 18:12:33 Image size of job updated: 4857528
	3939  -  MemoryUsage of job (MB)
	4032832  -  ResidentSetSize of job (KB)
...
006 (517072.000.000) 05/05 18:16:13 Image size of job updated: 4988600
	3939  -  MemoryUsage of job (MB)
	4032832  -  ResidentSetSize of job (KB)
...
005 (517072.000.000) 05/05 18:16:13 Job terminated.
	(1) Normal termination (return value 0)
		Usr 0 00:50:51, Sys 0 00:01:25  -  Run Remote Usage
		Usr 0 00:00:00, Sys 0 00:00:00  -  Run Local Usage
		Usr 0 00:50:51, Sys 0 00:01:25  -  Total Remote Usage
		Usr 0 00:00:00, Sys 0 00:00:00  -  Total Local Usage
	0  -  Run Bytes Sent By Job
	0  -  Run Bytes Received By Job
	0  -  Total Bytes Sent By Job
	0  -  Total Bytes Received By Job
	Partitionable Resources :    Usage  Request Allocated
	   Cpus                 :                 1         1
	   Disk (KB)            :        1        1   1887265
	   Gpus                 :                           0
	   Memory (MB)          :     3939        1     21164
...
000 (382503.000.000) 05/07 03:39:56 Job submitted from host: <128.83.144.155:57685?addrs=128.83.144.155-57685>
...
001 (382503.000.000) 05/07 04:16:03 Job executing on host: <128.83.120.128:51378?addrs=128.83.120.128-51378>
...
006 (382503.000.000) 05/07 04:16:11 Image size of job updated: 2458748
	58  -  MemoryUsage of job (MB)
	58608  -  ResidentSetSize of job (KB)
...
006 (382503.000.000) 05/07 04:21:11 Image size of job updated: 2956640
	2099  -  MemoryUsage of job (MB)
	2149128  -  ResidentSetSize of job (KB)
...
006 (382503.000.000) 05/07 04:26:12 Image size of job updated: 3284320
	2395  -  MemoryUsage of job (MB)
	2451608  -  ResidentSetSize of job (KB)
...
006 (382503.000.000) 05/07 04:31:13 Image size of job updated: 3612256
	2712  -  MemoryUsage of job (MB)
	2776388  -  ResidentSetSize of job (KB)
...
006 (382503.000.000) 05/07 04:36:13 Image size of job updated: 3939936
	3031  -  MemoryUsage of job (MB)
	3103104  -  ResidentSetSize of job (KB)
...
006 (382503.000.000) 05/07 04:41:14 Image size of job updated: 4202080
	3331  -  MemoryUsage of job (MB)
	3410880  -  ResidentSetSize of job (KB)
...
006 (382503.000.000) 05/07 04:46:15 Image size of job updated: 4398688
	3522  -  MemoryUsage of job (MB)
	3606072  -  ResidentSetSize of job (KB)
...
006 (382503.000.000) 05/07 04:51:15 Image size of job updated: 4660832
	3739  -  MemoryUsage of job (MB)
	3828652  -  ResidentSetSize of job (KB)
...
006 (382503.000.000) 05/07 04:56:15 Image size of job updated: 4791904
	3903  -  MemoryUsage of job (MB)
	3996616  -  ResidentSetSize of job (KB)
...
006 (382503.000.000) 05/07 05:00:14 Image size of job updated: 4988512
	3903  -  MemoryUsage of job (MB)
	3996616  -  ResidentSetSize of job (KB)
...
005 (382503.000.000) 05/07 05:00:14 Job terminated.
	(1) Normal termination (return value 0)
		Usr 0 00:43:08, Sys 0 00:01:00  -  Run Remote Usage
		Usr 0 00:00:00, Sys 0 00:00:00  -  Run Local Usage
		Usr 0 00:43:08, Sys 0 00:01:00  -  Total Remote Usage
		Usr 0 00:00:00, Sys 0 00:00:00  -  Total Local Usage
	0  -  Run Bytes Sent By Job
	0  -  Run Bytes Received By Job
	0  -  Total Bytes Sent By Job
	0  -  Total Bytes Received By Job
	Partitionable Resources :    Usage  Request Allocated
	   Cpus                 :                 1         1
	   Disk (KB)            :        1        1    803077
	   Gpus                 :                           0
	   Memory (MB)          :     3903        1     12899
...
000 (518521.000.000) 05/07 13:18:21 Job submitted from host: <128.83.144.149:44250?addrs=128.83.144.149-44250>
...
001 (518521.000.000) 05/07 13:18:56 Job executing on host: <128.83.120.231:41298?addrs=128.83.120.231-41298>
...
006 (518521.000.000) 05/07 13:19:05 Image size of job updated: 2457352
	52  -  MemoryUsage of job (MB)
	52680  -  ResidentSetSize of job (KB)
...
010 (518521.000.000) 05/07 13:21:28 Job was suspended.
	Number of processes actually suspended: 8
...
006 (518521.000.000) 05/07 13:21:28 Image size of job updated: 2694628
	1831  -  MemoryUsage of job (MB)
	1874220  -  ResidentSetSize of job (KB)
...
011 (518521.000.000) 05/07 13:21:43 Job was unsuspended.
...
006 (518521.000.000) 05/07 13:23:39 Image size of job updated: 2825708
	1831  -  MemoryUsage of job (MB)
	1874220  -  ResidentSetSize of job (KB)
...
004 (518521.000.000) 05/07 13:23:39 Job was evicted.
	(0) Job was not checkpointed.
		Usr 0 00:03:04, Sys 0 00:00:05  -  Run Remote Usage
		Usr 0 00:00:00, Sys 0 00:00:00  -  Run Local Usage
	0  -  Run Bytes Sent By Job
	0  -  Run Bytes Received By Job
	Partitionable Resources :    Usage  Request Allocated
	   Cpus                 :                 1         1
	   Disk (KB)            :        1        1    789357
	   Gpus                 :                           0
	   Memory (MB)          :     1831        1     12899
...
009 (518521.000.000) 05/07 13:23:40 Job was aborted by the user.
	via condor_rm (by user ypei)
...
000 (518728.000.000) 05/07 13:23:51 Job submitted from host: <128.83.144.149:44250?addrs=128.83.144.149-44250>
...
001 (518728.000.000) 05/07 13:23:58 Job executing on host: <128.83.144.147:58788?addrs=128.83.144.147-58788>
...
006 (518728.000.000) 05/07 13:24:07 Image size of job updated: 1
	2  -  MemoryUsage of job (MB)
	1632  -  ResidentSetSize of job (KB)
...
006 (518728.000.000) 05/07 13:29:08 Image size of job updated: 2956880
	2125  -  MemoryUsage of job (MB)
	2175892  -  ResidentSetSize of job (KB)
...
006 (518728.000.000) 05/07 13:34:09 Image size of job updated: 3415632
	2551  -  MemoryUsage of job (MB)
	2611616  -  ResidentSetSize of job (KB)
...
006 (518728.000.000) 05/07 13:39:09 Image size of job updated: 3808848
	2949  -  MemoryUsage of job (MB)
	3018756  -  ResidentSetSize of job (KB)
...
006 (518728.000.000) 05/07 13:44:09 Image size of job updated: 4267600
	3356  -  MemoryUsage of job (MB)
	3436288  -  ResidentSetSize of job (KB)
...
006 (518728.000.000) 05/07 13:49:10 Image size of job updated: 4660816
	3760  -  MemoryUsage of job (MB)
	3849760  -  ResidentSetSize of job (KB)
...
006 (518728.000.000) 05/07 13:54:10 Image size of job updated: 4922960
	4053  -  MemoryUsage of job (MB)
	4150108  -  ResidentSetSize of job (KB)
...
006 (518728.000.000) 05/07 13:54:37 Image size of job updated: 4988496
	4053  -  MemoryUsage of job (MB)
	4150108  -  ResidentSetSize of job (KB)
...
005 (518728.000.000) 05/07 13:54:37 Job terminated.
	(1) Normal termination (return value 0)
		Usr 0 00:29:22, Sys 0 00:00:24  -  Run Remote Usage
		Usr 0 00:00:00, Sys 0 00:00:00  -  Run Local Usage
		Usr 0 00:29:22, Sys 0 00:00:24  -  Total Remote Usage
		Usr 0 00:00:00, Sys 0 00:00:00  -  Total Local Usage
	0  -  Run Bytes Sent By Job
	0  -  Run Bytes Received By Job
	0  -  Total Bytes Sent By Job
	0  -  Total Bytes Received By Job
	Partitionable Resources :    Usage  Request Allocated
	   Cpus                 :                 1         1
	   Disk (KB)            :        1        1   1862075
	   Gpus                 :                           0
	   Memory (MB)          :     4053        1     21164
...
000 (519142.000.000) 05/07 14:36:30 Job submitted from host: <128.83.144.149:44250?addrs=128.83.144.149-44250>
...
001 (519142.000.000) 05/07 14:36:41 Job executing on host: <128.83.120.128:51378?addrs=128.83.120.128-51378>
...
006 (519142.000.000) 05/07 14:36:50 Image size of job updated: 340460
	21  -  MemoryUsage of job (MB)
	21292  -  ResidentSetSize of job (KB)
...
006 (519142.000.000) 05/07 14:41:50 Image size of job updated: 2891240
	2005  -  MemoryUsage of job (MB)
	2052908  -  ResidentSetSize of job (KB)
...
006 (519142.000.000) 05/07 14:46:50 Image size of job updated: 3153384
	2310  -  MemoryUsage of job (MB)
	2364704  -  ResidentSetSize of job (KB)
...
006 (519142.000.000) 05/07 14:51:51 Image size of job updated: 3481064
	2626  -  MemoryUsage of job (MB)
	2688924  -  ResidentSetSize of job (KB)
...
006 (519142.000.000) 05/07 14:56:52 Image size of job updated: 3809000
	2941  -  MemoryUsage of job (MB)
	3010732  -  ResidentSetSize of job (KB)
...
006 (519142.000.000) 05/07 15:01:52 Image size of job updated: 4136684
	3237  -  MemoryUsage of job (MB)
	3314592  -  ResidentSetSize of job (KB)
...
006 (519142.000.000) 05/07 15:06:53 Image size of job updated: 4333288
	3427  -  MemoryUsage of job (MB)
	3508964  -  ResidentSetSize of job (KB)
...
006 (519142.000.000) 05/07 15:11:54 Image size of job updated: 4464360
	3587  -  MemoryUsage of job (MB)
	3672276  -  ResidentSetSize of job (KB)
...
006 (519142.000.000) 05/07 15:16:54 Image size of job updated: 4660968
	3773  -  MemoryUsage of job (MB)
	3863360  -  ResidentSetSize of job (KB)
...
006 (519142.000.000) 05/07 15:21:54 Image size of job updated: 4792040
	3900  -  MemoryUsage of job (MB)
	3992728  -  ResidentSetSize of job (KB)
...
006 (519142.000.000) 05/07 15:26:55 Image size of job updated: 4988648
	4059  -  MemoryUsage of job (MB)
	4155864  -  ResidentSetSize of job (KB)
...
005 (519142.000.000) 05/07 15:27:49 Job terminated.
	(1) Normal termination (return value 0)
		Usr 0 00:48:50, Sys 0 00:01:09  -  Run Remote Usage
		Usr 0 00:00:00, Sys 0 00:00:00  -  Run Local Usage
		Usr 0 00:48:50, Sys 0 00:01:09  -  Total Remote Usage
		Usr 0 00:00:00, Sys 0 00:00:00  -  Total Local Usage
	0  -  Run Bytes Sent By Job
	0  -  Run Bytes Received By Job
	0  -  Total Bytes Sent By Job
	0  -  Total Bytes Received By Job
	Partitionable Resources :    Usage  Request Allocated
	   Cpus                 :                 1         1
	   Disk (KB)            :        1        1    802867
	   Gpus                 :                           0
	   Memory (MB)          :     4059        1     12899
...
000 (382917.000.000) 05/07 20:17:01 Job submitted from host: <128.83.144.155:57685?addrs=128.83.144.155-57685>
...
001 (382917.000.000) 05/07 20:46:11 Job executing on host: <128.83.130.161:35317?addrs=128.83.130.161-35317>
...
006 (382917.000.000) 05/07 20:46:20 Image size of job updated: 2462876
	62  -  MemoryUsage of job (MB)
	62652  -  ResidentSetSize of job (KB)
...
006 (382917.000.000) 05/07 20:51:21 Image size of job updated: 3088088
	2191  -  MemoryUsage of job (MB)
	2243176  -  ResidentSetSize of job (KB)
...
006 (382917.000.000) 05/07 20:56:22 Image size of job updated: 3481304
	2603  -  MemoryUsage of job (MB)
	2664788  -  ResidentSetSize of job (KB)
...
006 (382917.000.000) 05/07 21:01:22 Image size of job updated: 3940056
	3034  -  MemoryUsage of job (MB)
	3106424  -  ResidentSetSize of job (KB)
...
006 (382917.000.000) 05/07 21:06:23 Image size of job updated: 4333272
	3446  -  MemoryUsage of job (MB)
	3528084  -  ResidentSetSize of job (KB)
...
006 (382917.000.000) 05/07 21:11:24 Image size of job updated: 4726488
	3812  -  MemoryUsage of job (MB)
	3902704  -  ResidentSetSize of job (KB)
...
006 (382917.000.000) 05/07 21:14:33 Image size of job updated: 4988632
	3812  -  MemoryUsage of job (MB)
	3902704  -  ResidentSetSize of job (KB)
...
005 (382917.000.000) 05/07 21:14:33 Job terminated.
	(1) Normal termination (return value 0)
		Usr 0 00:27:49, Sys 0 00:00:21  -  Run Remote Usage
		Usr 0 00:00:00, Sys 0 00:00:00  -  Run Local Usage
		Usr 0 00:27:49, Sys 0 00:00:21  -  Total Remote Usage
		Usr 0 00:00:00, Sys 0 00:00:00  -  Total Local Usage
	0  -  Run Bytes Sent By Job
	0  -  Run Bytes Received By Job
	0  -  Total Bytes Sent By Job
	0  -  Total Bytes Received By Job
	Partitionable Resources :    Usage  Request Allocated
	   Cpus                 :                 1         1
	   Disk (KB)            :        1        1   1909590
	   Gpus                 :                           0
	   Memory (MB)          :     3812        1     21164
...
000 (384159.000.000) 05/08 05:53:03 Job submitted from host: <128.83.144.155:57685?addrs=128.83.144.155-57685>
...
001 (384159.000.000) 05/08 06:22:23 Job executing on host: <128.83.130.161:35317?addrs=128.83.130.161-35317>
...
006 (384159.000.000) 05/08 06:22:32 Image size of job updated: 2459412
	56  -  MemoryUsage of job (MB)
	56884  -  ResidentSetSize of job (KB)
...
006 (384159.000.000) 05/08 06:27:33 Image size of job updated: 3087832
	2203  -  MemoryUsage of job (MB)
	2255736  -  ResidentSetSize of job (KB)
...
006 (384159.000.000) 05/08 06:32:33 Image size of job updated: 3546840
	2643  -  MemoryUsage of job (MB)
	2706388  -  ResidentSetSize of job (KB)
...
006 (384159.000.000) 05/08 06:37:34 Image size of job updated: 4005592
	3091  -  MemoryUsage of job (MB)
	3164292  -  ResidentSetSize of job (KB)
...
006 (384159.000.000) 05/08 06:42:35 Image size of job updated: 4398808
	3473  -  MemoryUsage of job (MB)
	3555956  -  ResidentSetSize of job (KB)
...
006 (384159.000.000) 05/08 06:47:35 Image size of job updated: 4726488
	3821  -  MemoryUsage of job (MB)
	3911928  -  ResidentSetSize of job (KB)
...
006 (384159.000.000) 05/08 06:51:47 Image size of job updated: 4988632
	3821  -  MemoryUsage of job (MB)
	3911928  -  ResidentSetSize of job (KB)
...
005 (384159.000.000) 05/08 06:51:47 Job terminated.
	(1) Normal termination (return value 0)
		Usr 0 00:27:35, Sys 0 00:00:27  -  Run Remote Usage
		Usr 0 00:00:00, Sys 0 00:00:00  -  Run Local Usage
		Usr 0 00:27:35, Sys 0 00:00:27  -  Total Remote Usage
		Usr 0 00:00:00, Sys 0 00:00:00  -  Total Local Usage
	0  -  Run Bytes Sent By Job
	0  -  Run Bytes Received By Job
	0  -  Total Bytes Sent By Job
	0  -  Total Bytes Received By Job
	Partitionable Resources :    Usage  Request Allocated
	   Cpus                 :                 1         1
	   Disk (KB)            :        1        1   1909586
	   Gpus                 :                           0
	   Memory (MB)          :     3821        1     21164
...
000 (417552.000.000) 05/09 03:37:28 Job submitted from host: <128.83.144.154:52346?addrs=128.83.144.154-52346>
...
001 (417552.000.000) 05/09 04:06:36 Job executing on host: <128.83.144.106:41628?addrs=128.83.144.106-41628>
...
006 (417552.000.000) 05/09 04:06:45 Image size of job updated: 2627164
	543  -  MemoryUsage of job (MB)
	555660  -  ResidentSetSize of job (KB)
...
006 (417552.000.000) 05/09 04:11:46 Image size of job updated: 3087852
	2248  -  MemoryUsage of job (MB)
	2301824  -  ResidentSetSize of job (KB)
...
006 (417552.000.000) 05/09 04:16:46 Image size of job updated: 3677676
	2785  -  MemoryUsage of job (MB)
	2851364  -  ResidentSetSize of job (KB)
...
006 (417552.000.000) 05/09 04:21:46 Image size of job updated: 4136428
	3275  -  MemoryUsage of job (MB)
	3353168  -  ResidentSetSize of job (KB)
...
006 (417552.000.000) 05/09 04:26:47 Image size of job updated: 4660716
	3743  -  MemoryUsage of job (MB)
	3832492  -  ResidentSetSize of job (KB)
...
006 (417552.000.000) 05/09 04:31:48 Image size of job updated: 4988396
	3743  -  MemoryUsage of job (MB)
	3832492  -  ResidentSetSize of job (KB)
...
005 (417552.000.000) 05/09 04:31:57 Job terminated.
	(1) Normal termination (return value 0)
		Usr 0 00:24:25, Sys 0 00:00:32  -  Run Remote Usage
		Usr 0 00:00:00, Sys 0 00:00:00  -  Run Local Usage
		Usr 0 00:24:25, Sys 0 00:00:32  -  Total Remote Usage
		Usr 0 00:00:00, Sys 0 00:00:00  -  Total Local Usage
	0  -  Run Bytes Sent By Job
	0  -  Run Bytes Received By Job
	0  -  Total Bytes Sent By Job
	0  -  Total Bytes Received By Job
	Partitionable Resources :    Usage  Request Allocated
	   Cpus                 :                 1         1
	   Disk (KB)            :        2        2   2204485
	   Gpus                 :                           0
	   Memory (MB)          :     3743        1      4028
...
