000 (516132.000.000) 05/05 17:13:23 Job submitted from host: <128.83.144.149:44250?addrs=128.83.144.149-44250>
...
009 (516132.000.000) 05/05 17:14:25 Job was aborted by the user.
	via condor_rm (by user ypei)
...
000 (516339.000.000) 05/05 17:15:08 Job submitted from host: <128.83.144.149:44250?addrs=128.83.144.149-44250>
...
009 (516339.000.000) 05/05 17:18:09 Job was aborted by the user.
	via condor_rm (by user ypei)
...
000 (516546.000.000) 05/05 17:18:38 Job submitted from host: <128.83.144.149:44250?addrs=128.83.144.149-44250>
...
009 (516546.000.000) 05/05 17:21:26 Job was aborted by the user.
	via condor_rm (by user ypei)
...
000 (517167.000.000) 05/05 17:22:02 Job submitted from host: <128.83.144.149:44250?addrs=128.83.144.149-44250>
...
001 (517167.000.000) 05/05 17:40:43 Job executing on host: <128.83.120.229:58979?addrs=128.83.120.229-58979>
...
006 (517167.000.000) 05/05 17:40:52 Image size of job updated: 1
	2  -  MemoryUsage of job (MB)
	1676  -  ResidentSetSize of job (KB)
...
006 (517167.000.000) 05/05 17:45:52 Image size of job updated: 1237744
	196  -  MemoryUsage of job (MB)
	200256  -  ResidentSetSize of job (KB)
...
006 (517167.000.000) 05/05 17:50:52 Image size of job updated: 1238056
	222  -  MemoryUsage of job (MB)
	226812  -  ResidentSetSize of job (KB)
...
006 (517167.000.000) 05/05 17:55:53 Image size of job updated: 1238080
	243  -  MemoryUsage of job (MB)
	248332  -  ResidentSetSize of job (KB)
...
005 (517167.000.000) 05/05 17:59:24 Job terminated.
	(1) Normal termination (return value 0)
		Usr 0 00:18:20, Sys 0 00:00:14  -  Run Remote Usage
		Usr 0 00:00:00, Sys 0 00:00:00  -  Run Local Usage
		Usr 0 00:18:20, Sys 0 00:00:14  -  Total Remote Usage
		Usr 0 00:00:00, Sys 0 00:00:00  -  Total Local Usage
	0  -  Run Bytes Sent By Job
	0  -  Run Bytes Received By Job
	0  -  Total Bytes Sent By Job
	0  -  Total Bytes Received By Job
	Partitionable Resources :    Usage  Request Allocated
	   Cpus                 :                 1         1
	   Disk (KB)            :        1        1    828969
	   Gpus                 :                           0
	   Memory (MB)          :      243        1     12899
...
000 (382598.000.000) 05/07 03:40:04 Job submitted from host: <128.83.144.155:57685?addrs=128.83.144.155-57685>
...
001 (382598.000.000) 05/07 04:27:39 Job executing on host: <128.83.139.6:57138?addrs=128.83.139.6-57138>
...
006 (382598.000.000) 05/07 04:27:47 Image size of job updated: 1231792
	92  -  MemoryUsage of job (MB)
	94024  -  ResidentSetSize of job (KB)
...
006 (382598.000.000) 05/07 04:32:47 Image size of job updated: 1237768
	192  -  MemoryUsage of job (MB)
	196264  -  ResidentSetSize of job (KB)
...
006 (382598.000.000) 05/07 04:37:47 Image size of job updated: 1237824
	220  -  MemoryUsage of job (MB)
	224784  -  ResidentSetSize of job (KB)
...
006 (382598.000.000) 05/07 04:42:48 Image size of job updated: 1237828
	235  -  MemoryUsage of job (MB)
	240272  -  ResidentSetSize of job (KB)
...
006 (382598.000.000) 05/07 04:47:48 Image size of job updated: 1237848
	254  -  MemoryUsage of job (MB)
	260092  -  ResidentSetSize of job (KB)
...
005 (382598.000.000) 05/07 04:51:00 Job terminated.
	(1) Normal termination (return value 0)
		Usr 0 00:22:42, Sys 0 00:00:29  -  Run Remote Usage
		Usr 0 00:00:00, Sys 0 00:00:00  -  Run Local Usage
		Usr 0 00:22:42, Sys 0 00:00:29  -  Total Remote Usage
		Usr 0 00:00:00, Sys 0 00:00:00  -  Total Local Usage
	0  -  Run Bytes Sent By Job
	0  -  Run Bytes Received By Job
	0  -  Total Bytes Sent By Job
	0  -  Total Bytes Received By Job
	Partitionable Resources :    Usage  Request Allocated
	   Cpus                 :                 1         1
	   Disk (KB)            :        1        1   1661813
	   Gpus                 :                           0
	   Memory (MB)          :      254        1     12899
...
000 (518616.000.000) 05/07 13:18:28 Job submitted from host: <128.83.144.149:44250?addrs=128.83.144.149-44250>
...
009 (518616.000.000) 05/07 13:23:36 Job was aborted by the user.
	via condor_rm (by user ypei)
...
000 (518823.000.000) 05/07 13:24:02 Job submitted from host: <128.83.144.149:44250?addrs=128.83.144.149-44250>
...
001 (518823.000.000) 05/07 13:41:17 Job executing on host: <128.83.144.147:58788?addrs=128.83.144.147-58788>
...
006 (518823.000.000) 05/07 13:41:25 Image size of job updated: 1232876
	96  -  MemoryUsage of job (MB)
	97912  -  ResidentSetSize of job (KB)
...
006 (518823.000.000) 05/07 13:46:25 Image size of job updated: 1238064
	201  -  MemoryUsage of job (MB)
	205448  -  ResidentSetSize of job (KB)
...
006 (518823.000.000) 05/07 13:51:26 Image size of job updated: 1238112
	227  -  MemoryUsage of job (MB)
	232360  -  ResidentSetSize of job (KB)
...
006 (518823.000.000) 05/07 13:55:54 Image size of job updated: 1238136
	227  -  MemoryUsage of job (MB)
	232360  -  ResidentSetSize of job (KB)
...
005 (518823.000.000) 05/07 13:55:54 Job terminated.
	(1) Normal termination (return value 0)
		Usr 0 00:14:16, Sys 0 00:00:09  -  Run Remote Usage
		Usr 0 00:00:00, Sys 0 00:00:00  -  Run Local Usage
		Usr 0 00:14:16, Sys 0 00:00:09  -  Total Remote Usage
		Usr 0 00:00:00, Sys 0 00:00:00  -  Total Local Usage
	0  -  Run Bytes Sent By Job
	0  -  Run Bytes Received By Job
	0  -  Total Bytes Sent By Job
	0  -  Total Bytes Received By Job
	Partitionable Resources :    Usage  Request Allocated
	   Cpus                 :                 1         1
	   Disk (KB)            :        1        1   1862075
	   Gpus                 :                           0
	   Memory (MB)          :      227        1     21164
...
000 (519237.000.000) 05/07 14:36:44 Job submitted from host: <128.83.144.149:44250?addrs=128.83.144.149-44250>
...
001 (519237.000.000) 05/07 14:53:00 Job executing on host: <128.83.130.161:35317?addrs=128.83.130.161-35317>
...
006 (519237.000.000) 05/07 14:53:08 Image size of job updated: 1
	2  -  MemoryUsage of job (MB)
	1640  -  ResidentSetSize of job (KB)
...
006 (519237.000.000) 05/07 14:58:08 Image size of job updated: 1237812
	201  -  MemoryUsage of job (MB)
	205616  -  ResidentSetSize of job (KB)
...
006 (519237.000.000) 05/07 15:03:09 Image size of job updated: 1238116
	227  -  MemoryUsage of job (MB)
	232416  -  ResidentSetSize of job (KB)
...
006 (519237.000.000) 05/07 15:07:33 Image size of job updated: 1238140
	227  -  MemoryUsage of job (MB)
	232416  -  ResidentSetSize of job (KB)
...
005 (519237.000.000) 05/07 15:07:33 Job terminated.
	(1) Normal termination (return value 0)
		Usr 0 00:14:16, Sys 0 00:00:09  -  Run Remote Usage
		Usr 0 00:00:00, Sys 0 00:00:00  -  Run Local Usage
		Usr 0 00:14:16, Sys 0 00:00:09  -  Total Remote Usage
		Usr 0 00:00:00, Sys 0 00:00:00  -  Total Local Usage
	0  -  Run Bytes Sent By Job
	0  -  Run Bytes Received By Job
	0  -  Total Bytes Sent By Job
	0  -  Total Bytes Received By Job
	Partitionable Resources :    Usage  Request Allocated
	   Cpus                 :                 1         1
	   Disk (KB)            :        1        1   1909593
	   Gpus                 :                           0
	   Memory (MB)          :      227        1     21164
...
000 (383012.000.000) 05/07 20:17:08 Job submitted from host: <128.83.144.155:57685?addrs=128.83.144.155-57685>
...
001 (383012.000.000) 05/07 20:56:11 Job executing on host: <128.83.139.143:55125?addrs=128.83.139.143-55125>
...
006 (383012.000.000) 05/07 20:56:19 Image size of job updated: 1231780
	89  -  MemoryUsage of job (MB)
	90536  -  ResidentSetSize of job (KB)
...
006 (383012.000.000) 05/07 21:01:19 Image size of job updated: 1237804
	198  -  MemoryUsage of job (MB)
	202552  -  ResidentSetSize of job (KB)
...
006 (383012.000.000) 05/07 21:06:19 Image size of job updated: 1237860
	220  -  MemoryUsage of job (MB)
	224272  -  ResidentSetSize of job (KB)
...
006 (383012.000.000) 05/07 21:11:20 Image size of job updated: 1237884
	238  -  MemoryUsage of job (MB)
	243648  -  ResidentSetSize of job (KB)
...
005 (383012.000.000) 05/07 21:13:57 Job terminated.
	(1) Normal termination (return value 0)
		Usr 0 00:16:30, Sys 0 00:00:14  -  Run Remote Usage
		Usr 0 00:00:00, Sys 0 00:00:00  -  Run Local Usage
		Usr 0 00:16:30, Sys 0 00:00:14  -  Total Remote Usage
		Usr 0 00:00:00, Sys 0 00:00:00  -  Total Local Usage
	0  -  Run Bytes Sent By Job
	0  -  Run Bytes Received By Job
	0  -  Total Bytes Sent By Job
	0  -  Total Bytes Received By Job
	Partitionable Resources :    Usage  Request Allocated
	   Cpus                 :                 1         1
	   Disk (KB)            :        2        2   7526610
	   Gpus                 :                           0
	   Memory (MB)          :      238        1      4027
...
000 (384254.000.000) 05/08 05:53:11 Job submitted from host: <128.83.144.155:57685?addrs=128.83.144.155-57685>
...
001 (384254.000.000) 05/08 06:33:09 Job executing on host: <128.83.130.161:35317?addrs=128.83.130.161-35317>
...
006 (384254.000.000) 05/08 06:33:17 Image size of job updated: 1
	2  -  MemoryUsage of job (MB)
	1628  -  ResidentSetSize of job (KB)
...
006 (384254.000.000) 05/08 06:38:17 Image size of job updated: 1238072
	203  -  MemoryUsage of job (MB)
	207220  -  ResidentSetSize of job (KB)
...
006 (384254.000.000) 05/08 06:43:18 Image size of job updated: 1238120
	229  -  MemoryUsage of job (MB)
	234180  -  ResidentSetSize of job (KB)
...
006 (384254.000.000) 05/08 06:47:52 Image size of job updated: 1238144
	229  -  MemoryUsage of job (MB)
	234180  -  ResidentSetSize of job (KB)
...
005 (384254.000.000) 05/08 06:47:52 Job terminated.
	(1) Normal termination (return value 0)
		Usr 0 00:14:01, Sys 0 00:00:08  -  Run Remote Usage
		Usr 0 00:00:00, Sys 0 00:00:00  -  Run Local Usage
		Usr 0 00:14:01, Sys 0 00:00:08  -  Total Remote Usage
		Usr 0 00:00:00, Sys 0 00:00:00  -  Total Local Usage
	0  -  Run Bytes Sent By Job
	0  -  Run Bytes Received By Job
	0  -  Total Bytes Sent By Job
	0  -  Total Bytes Received By Job
	Partitionable Resources :    Usage  Request Allocated
	   Cpus                 :                 1         1
	   Disk (KB)            :        1        1   1909567
	   Gpus                 :                           0
	   Memory (MB)          :      229        1     21164
...
000 (417647.000.000) 05/09 03:37:36 Job submitted from host: <128.83.144.154:52346?addrs=128.83.144.154-52346>
...
001 (417647.000.000) 05/09 04:13:44 Job executing on host: <128.83.139.146:44201?addrs=128.83.139.146-44201>
...
006 (417647.000.000) 05/09 04:13:53 Image size of job updated: 1232600
	93  -  MemoryUsage of job (MB)
	94364  -  ResidentSetSize of job (KB)
...
006 (417647.000.000) 05/09 04:18:54 Image size of job updated: 1237720
	217  -  MemoryUsage of job (MB)
	221604  -  ResidentSetSize of job (KB)
...
006 (417647.000.000) 05/09 04:22:52 Image size of job updated: 1237744
	217  -  MemoryUsage of job (MB)
	221604  -  ResidentSetSize of job (KB)
...
005 (417647.000.000) 05/09 04:22:52 Job terminated.
	(1) Normal termination (return value 0)
		Usr 0 00:08:56, Sys 0 00:00:06  -  Run Remote Usage
		Usr 0 00:00:00, Sys 0 00:00:00  -  Run Local Usage
		Usr 0 00:08:56, Sys 0 00:00:06  -  Total Remote Usage
		Usr 0 00:00:00, Sys 0 00:00:00  -  Total Local Usage
	0  -  Run Bytes Sent By Job
	0  -  Run Bytes Received By Job
	0  -  Total Bytes Sent By Job
	0  -  Total Bytes Received By Job
	Partitionable Resources :    Usage  Request Allocated
	   Cpus                 :                 1         1
	   Disk (KB)            :        2        2   7541864
	   Gpus                 :                           0
	   Memory (MB)          :      217        1      4027
...
