[SNIPER] Start
Sampler: 4, 32, 0
itlb_cache: 32, 1
itlb_cache_L1: 32, 1
Sampler: 4, 128, 0
dtlb_cache: 128, 4
dtlb_cache_L1: 128, 4
L1-I 2
Sampler: 4, 4, 128
L1-I: 2048, 64
L1-I_L1: 2048, 64
L1-D 3
Sampler: 4, 8, 32
L1-D: 1024, 32
L1-D_L1: 1024, 32
L2 4
Sampler: 122, 16, 16
L2: 32768, 1024
L2_L1: 32768, 1024
Executing Python script /v/filer4b/v20q001/ypei/Desktop/cs395t-lin/output/low_bandwidth/run_all_hybrid_headroom9/soplex/16/sim.scripts.py
[STOPBYICOUNT] Starting in ROI (detail)
[STOPBYICOUNT] Then stopping after simulating at least 250000000 instructions in detail
[SNIPER] --------------------------------------------------------------------------------
[SNIPER] Sniper using SIFT/trace-driven frontend
[SNIPER] Running full application in DETAILED mode
[SNIPER] --------------------------------------------------------------------------------
[SNIPER] Enabling performance models
[SNIPER] Setting instrumentation mode to DETAILED
[STOPBYICOUNT] Ending ROI after 250000015 instructions (250000000 requested)
[SNIPER] Disabling performance models
[SNIPER] Leaving ROI after 982.82 seconds
[SNIPER] Simulated 250.0M instructions, 489.3M cycles, 0.51 IPC
[SNIPER] Simulation speed 254.4 KIPS (254.4 KIPS / target core - 3931.3ns/instr)
[SNIPER] Setting instrumentation mode to FAST_FORWARD
[app0] [SIFT_RECORDER] sift_writer.cc:550: Sift::Mode Sift::Writer::Sync(): Assertion `!response->fail()' failed.
Hawkeye Victims: 0
LRU Victims: 0
Hawkeye Victims: 0
LRU Victims: 0
Hawkeye Victims: 0
LRU Victims: 0
a test for execution

Inserted: 0
Redundant.progress: 0
Redundant.cache: 0
Redundant.buffer: 0
Hawkeye Victims: 0
LRU Victims: 0
a test for execution

Inserted: 0
Redundant.progress: 0
Redundant.cache: 0
Redundant.buffer: 0
Hawkeye Victims: 0
LRU Victims: 0
 =========================================================== 
Triggers: 8363623
Repeats: 0

Same addr: 4402408 52.6376
New addr: 1209 0.0144555

Distribution of new addresses: 
Stream Head: 889 73.5318
Stream Divergence: 3489608 288636

Invalidation count: 3649038 301823
No Conflict count: 161245 13337.1
Same Stream count: 0 0
New Stream count: 0 0

Not found: 3943412
On Chip Mispredictions: 0
 =========================================================== 
Distribution of predictions: 
Predict Init: 8068040 96.4658
Total Predictions: 8006112
Predict OCI Miss: 30471 0.377675
Predict Stream End: 61928 0.767572
Buffer Success: 0 0
[app0] Pin app terminated abnormally due to signal 6.
Stride Distribution: 0, 167991, 122084, 108422, 183034, 706878, 393438, 265926, 191728, 621920, 243110, 252080, 302956, 392242, 291410, 168314, 174386, 0, 206862, 0, 142094, 0, 0, 0, 166888, 0, 0, 0, 0, 0, 172868, 0, 109204, 0, 0, 0, 133814, 0, 0, 0, 136574, 0, 0, 0, 0, 0, 0, 0, 0, 0, 0, 0, 0, 0, 0, 0, 0, 0, 0, 0, 0, 0, 0, 0, 0, 0, 33, 0, 0, 0, 0, 0, 28554544, 0, 49, 0, 15, 0, 15, 0, 0, 6644585, 1868787317, 1915577714, 1702195557, 7566451, 113, 0, 5073232, 0, 25227936, 0, 0, 0, 5073232, 0, 25786352, 0, 0, 0, 5073232, 0, 26058672, 0, 0, 0, 5165152, 0, 1611562352, 11006, 0, 11006, 28552848, 0, 49, 0, 6, 0, 6, 0, 0, 0, 1919906931, 29541, 48, 0, 49, 0, 
a test for execution

Inserted: 12591993
Redundant.progress: 462556
Redundant.cache: 8578545
Redundant.buffer: 0
[SNIPER] End
[SNIPER] Elapsed time: 986.62 seconds
