[SNIPER] Start
Sampler: 4, 32, 0
itlb_cache: 32, 1
itlb_cache_L1: 32, 1
Sampler: 4, 128, 0
dtlb_cache: 128, 4
dtlb_cache_L1: 128, 4
L1-I 2
Sampler: 4, 4, 128
L1-I: 2048, 64
L1-I_L1: 2048, 64
L1-D 3
Sampler: 4, 8, 32
L1-D: 1024, 32
L1-D_L1: 1024, 32
L2 4
Sampler: 122, 16, 16
L2: 32768, 1024
L2_L1: 32768, 1024
Executing Python script /v/filer4b/v20q001/ypei/Desktop/cs395t-lin/output/run_all_hybrid_headroom2/omnetpp/15/sim.scripts.py
[STOPBYICOUNT] Starting in ROI (detail)
[STOPBYICOUNT] Then stopping after simulating at least 250000000 instructions in detail
[SNIPER] --------------------------------------------------------------------------------
[SNIPER] Sniper using SIFT/trace-driven frontend
[SNIPER] Running full application in DETAILED mode
[SNIPER] --------------------------------------------------------------------------------
[SNIPER] Enabling performance models
[SNIPER] Setting instrumentation mode to DETAILED
[STOPBYICOUNT] Ending ROI after 250000002 instructions (250000000 requested)
[SNIPER] Disabling performance models
[SNIPER] Leaving ROI after 1899.73 seconds
[SNIPER] Simulated 250.0M instructions, 402.4M cycles, 0.62 IPC
[SNIPER] Simulation speed 131.6 KIPS (131.6 KIPS / target core - 7598.8ns/instr)
[SNIPER] Setting instrumentation mode to FAST_FORWARD
[app0] [SIFT_RECORDER] sift_writer.cc:550: Sift::Mode Sift::Writer::Sync(): Assertion `!response->fail()' failed.
[app0] Pin app terminated abnormally due to signal 6.
Hawkeye Victims: 0
LRU Victims: 0
Hawkeye Victims: 0
LRU Victims: 0
Hawkeye Victims: 0
LRU Victims: 0
a test for execution

Inserted: 0
Redundant.progress: 0
Redundant.cache: 0
Redundant.buffer: 0
Hawkeye Victims: 0
LRU Victims: 0
a test for execution

Inserted: 0
Redundant.progress: 0
Redundant.cache: 0
Redundant.buffer: 0
Hawkeye Victims: 0
LRU Victims: 0
 =========================================================== 
Triggers: 5413104
Repeats: 0

Same addr: 3641801 67.2775
New addr: 1410 0.0260479

Distribution of new addresses: 
Stream Head: 1124 79.7163
Stream Divergence: 718140 50931.9

Invalidation count: 1308928 92831.8
No Conflict count: 597610 42383.7
Same Stream count: 0 0
New Stream count: 0 0

Not found: 1752948
On Chip Mispredictions: 0
 =========================================================== 
Distribution of predictions: 
Predict Init: 4967674 91.7713
Total Predictions: 4907738
Predict OCI Miss: 47546 0.957108
Predict Stream End: 59936 1.20652
Buffer Success: 0 0
Stride Distribution: 0, 496799, 322000, 331200, 138000, 101200, 41400, 59800, 469200, 146970, 308200, 124200, 174800, 427800, 82800, 69000, 50600, 0, 27600, 0, 23000, 0, 0, 0, 0, 0, 0, 0, 0, 0, 308200, 0, 262200, 0, 0, 0, 491694, 0, 0, 0, 864441, 0, 0, 0, 0, 0, 0, 0, 0, 0, 0, 0, 0, 0, 0, 0, 0, 0, 0, 0, 0, 0, 0, 0, 0, 0, 33, 0, 0, 0, 0, 0, 26490016, 0, 49, 0, 15, 0, 15, 0, 0, 6644585, 1868787317, 1915577714, 1702195557, 7566451, 113, 0, 5073232, 0, 23163376, 0, 0, 0, 5073232, 0, 23721792, 0, 0, 0, 5073232, 0, 23994144, 0, 0, 0, 5165152, 0, 827346288, 11084, 0, 11084, 26488320, 0, 49, 0, 6, 0, 6, 0, 0, 0, 1919906931, 29541, 48, 0, 49, 0, 
a test for execution

Inserted: 6135046
Redundant.progress: 70034
Redundant.cache: 2419286
Redundant.buffer: 0
[SNIPER] End
[SNIPER] Elapsed time: 1965.67 seconds
