000 (15005544.000.000) 08/01 18:26:27 Job submitted from host: <128.83.130.153:51299?addrs=128.83.130.153-51299>
...
001 (15005544.000.000) 08/01 18:26:35 Job executing on host: <128.83.120.75:36144?addrs=128.83.120.75-36144>
...
006 (15005544.000.000) 08/01 18:26:35 Image size of job updated: 1
	0  -  MemoryUsage of job (MB)
	0  -  ResidentSetSize of job (KB)
...
005 (15005544.000.000) 08/01 18:26:35 Job terminated.
	(1) Normal termination (return value 126)
		Usr 0 00:00:00, Sys 0 00:00:00  -  Run Remote Usage
		Usr 0 00:00:00, Sys 0 00:00:00  -  Run Local Usage
		Usr 0 00:00:00, Sys 0 00:00:00  -  Total Remote Usage
		Usr 0 00:00:00, Sys 0 00:00:00  -  Total Local Usage
	0  -  Run Bytes Sent By Job
	0  -  Run Bytes Received By Job
	0  -  Total Bytes Sent By Job
	0  -  Total Bytes Received By Job
	Partitionable Resources :    Usage  Request Allocated
	   Cpus                 :                 1         1
	   Disk (KB)            :        1        1   8862904
	   Gpus                 :                           0
	   Memory (MB)          :        0        1      4028
...
000 (15005619.000.000) 08/01 18:32:03 Job submitted from host: <128.83.130.153:51299?addrs=128.83.130.153-51299>
...
001 (15005619.000.000) 08/01 18:32:30 Job executing on host: <128.83.120.75:36144?addrs=128.83.120.75-36144>
...
006 (15005619.000.000) 08/01 18:32:39 Image size of job updated: 3375896
	177  -  MemoryUsage of job (MB)
	180480  -  ResidentSetSize of job (KB)
...
006 (15005619.000.000) 08/01 18:37:40 Image size of job updated: 4030504
	394  -  MemoryUsage of job (MB)
	402516  -  ResidentSetSize of job (KB)
...
006 (15005619.000.000) 08/01 18:42:40 Image size of job updated: 4032024
	417  -  MemoryUsage of job (MB)
	426040  -  ResidentSetSize of job (KB)
...
006 (15005619.000.000) 08/01 18:47:40 Image size of job updated: 4032024
	432  -  MemoryUsage of job (MB)
	441488  -  ResidentSetSize of job (KB)
...
006 (15005619.000.000) 08/01 18:52:41 Image size of job updated: 4032660
	482  -  MemoryUsage of job (MB)
	493248  -  ResidentSetSize of job (KB)
...
006 (15005619.000.000) 08/01 18:57:42 Image size of job updated: 4099324
	534  -  MemoryUsage of job (MB)
	546148  -  ResidentSetSize of job (KB)
...
006 (15005619.000.000) 08/01 19:02:42 Image size of job updated: 4099728
	573  -  MemoryUsage of job (MB)
	586428  -  ResidentSetSize of job (KB)
...
006 (15005619.000.000) 08/01 19:07:43 Image size of job updated: 4167532
	625  -  MemoryUsage of job (MB)
	639564  -  ResidentSetSize of job (KB)
...
006 (15005619.000.000) 08/01 19:12:44 Image size of job updated: 4167532
	647  -  MemoryUsage of job (MB)
	661900  -  ResidentSetSize of job (KB)
...
006 (15005619.000.000) 08/01 19:17:44 Image size of job updated: 4167532
	667  -  MemoryUsage of job (MB)
	682236  -  ResidentSetSize of job (KB)
...
006 (15005619.000.000) 08/01 19:18:14 Image size of job updated: 4167628
	667  -  MemoryUsage of job (MB)
	682236  -  ResidentSetSize of job (KB)
...
005 (15005619.000.000) 08/01 19:18:14 Job terminated.
	(1) Normal termination (return value 0)
		Usr 0 00:48:14, Sys 0 00:01:01  -  Run Remote Usage
		Usr 0 00:00:00, Sys 0 00:00:00  -  Run Local Usage
		Usr 0 00:48:14, Sys 0 00:01:01  -  Total Remote Usage
		Usr 0 00:00:00, Sys 0 00:00:00  -  Total Local Usage
	0  -  Run Bytes Sent By Job
	0  -  Run Bytes Received By Job
	0  -  Total Bytes Sent By Job
	0  -  Total Bytes Received By Job
	Partitionable Resources :    Usage  Request Allocated
	   Cpus                 :                 1         1
	   Disk (KB)            :        1        1   8862904
	   Gpus                 :                           0
	   Memory (MB)          :      667        1      4028
...
