000 (515904.000.000) 05/05 17:12:16 Job submitted from host: <128.83.144.149:44250?addrs=128.83.144.149-44250>
...
001 (515904.000.000) 05/05 17:12:26 Job executing on host: <128.83.144.147:58788?addrs=128.83.144.147-58788>
...
006 (515904.000.000) 05/05 17:12:35 Image size of job updated: 340624
	22  -  MemoryUsage of job (MB)
	21676  -  ResidentSetSize of job (KB)
...
006 (515904.000.000) 05/05 17:12:50 Image size of job updated: 1094564
	22  -  MemoryUsage of job (MB)
	21676  -  ResidentSetSize of job (KB)
...
004 (515904.000.000) 05/05 17:12:50 Job was evicted.
	(0) Job was not checkpointed.
		Usr 0 00:00:00, Sys 0 00:00:00  -  Run Remote Usage
		Usr 0 00:00:00, Sys 0 00:00:00  -  Run Local Usage
	0  -  Run Bytes Sent By Job
	0  -  Run Bytes Received By Job
	Partitionable Resources :    Usage  Request Allocated
	   Cpus                 :                 1         1
	   Disk (KB)            :        1        1   1883947
	   Gpus                 :                           0
	   Memory (MB)          :       22        1     21164
...
009 (515904.000.000) 05/05 17:12:51 Job was aborted by the user.
	via condor_rm (by user ypei)
...
000 (515934.000.000) 05/05 17:13:06 Job submitted from host: <128.83.144.149:44250?addrs=128.83.144.149-44250>
...
001 (515934.000.000) 05/05 17:13:27 Job executing on host: <128.83.144.147:58788?addrs=128.83.144.147-58788>
...
006 (515934.000.000) 05/05 17:13:36 Image size of job updated: 1088880
	56  -  MemoryUsage of job (MB)
	56516  -  ResidentSetSize of job (KB)
...
006 (515934.000.000) 05/05 17:14:27 Image size of job updated: 1090000
	56  -  MemoryUsage of job (MB)
	56516  -  ResidentSetSize of job (KB)
...
004 (515934.000.000) 05/05 17:14:27 Job was evicted.
	(0) Job was not checkpointed.
		Usr 0 00:00:00, Sys 0 00:00:00  -  Run Remote Usage
		Usr 0 00:00:00, Sys 0 00:00:00  -  Run Local Usage
	0  -  Run Bytes Sent By Job
	0  -  Run Bytes Received By Job
	Partitionable Resources :    Usage  Request Allocated
	   Cpus                 :                 1         1
	   Disk (KB)            :        1        1   1883947
	   Gpus                 :                           0
	   Memory (MB)          :       56        1     21164
...
009 (515934.000.000) 05/05 17:14:28 Job was aborted by the user.
	via condor_rm (by user ypei)
...
000 (516159.000.000) 05/05 17:14:47 Job submitted from host: <128.83.144.149:44250?addrs=128.83.144.149-44250>
...
001 (516159.000.000) 05/05 17:14:57 Job executing on host: <128.83.130.161:35317?addrs=128.83.130.161-35317>
...
006 (516159.000.000) 05/05 17:15:05 Image size of job updated: 340460
	21  -  MemoryUsage of job (MB)
	21284  -  ResidentSetSize of job (KB)
...
006 (516159.000.000) 05/05 17:18:12 Image size of job updated: 1262352
	21  -  MemoryUsage of job (MB)
	21284  -  ResidentSetSize of job (KB)
...
004 (516159.000.000) 05/05 17:18:12 Job was evicted.
	(0) Job was not checkpointed.
		Usr 0 00:01:04, Sys 0 00:00:02  -  Run Remote Usage
		Usr 0 00:00:00, Sys 0 00:00:00  -  Run Local Usage
	0  -  Run Bytes Sent By Job
	0  -  Run Bytes Received By Job
	Partitionable Resources :    Usage  Request Allocated
	   Cpus                 :                 1         1
	   Disk (KB)            :        1        1   1888653
	   Gpus                 :                           0
	   Memory (MB)          :       21        1     21164
...
009 (516159.000.000) 05/05 17:18:12 Job was aborted by the user.
	via condor_rm (by user ypei)
...
000 (516366.000.000) 05/05 17:18:18 Job submitted from host: <128.83.144.149:44250?addrs=128.83.144.149-44250>
...
001 (516366.000.000) 05/05 17:18:28 Job executing on host: <128.83.130.161:35317?addrs=128.83.130.161-35317>
...
006 (516366.000.000) 05/05 17:18:37 Image size of job updated: 340484
	22  -  MemoryUsage of job (MB)
	21544  -  ResidentSetSize of job (KB)
...
006 (516366.000.000) 05/05 17:21:21 Image size of job updated: 1262216
	22  -  MemoryUsage of job (MB)
	21544  -  ResidentSetSize of job (KB)
...
004 (516366.000.000) 05/05 17:21:21 Job was evicted.
	(0) Job was not checkpointed.
		Usr 0 00:01:33, Sys 0 00:00:03  -  Run Remote Usage
		Usr 0 00:00:00, Sys 0 00:00:00  -  Run Local Usage
	0  -  Run Bytes Sent By Job
	0  -  Run Bytes Received By Job
	Partitionable Resources :    Usage  Request Allocated
	   Cpus                 :                 1         1
	   Disk (KB)            :        1        1   1888653
	   Gpus                 :                           0
	   Memory (MB)          :       22        1     21164
...
009 (516366.000.000) 05/05 17:21:21 Job was aborted by the user.
	via condor_rm (by user ypei)
...
000 (516987.000.000) 05/05 17:21:40 Job submitted from host: <128.83.144.149:44250?addrs=128.83.144.149-44250>
...
001 (516987.000.000) 05/05 17:21:50 Job executing on host: <128.83.144.147:58788?addrs=128.83.144.147-58788>
...
006 (516987.000.000) 05/05 17:21:59 Image size of job updated: 340324
	21  -  MemoryUsage of job (MB)
	21288  -  ResidentSetSize of job (KB)
...
006 (516987.000.000) 05/05 17:27:00 Image size of job updated: 1262216
	157  -  MemoryUsage of job (MB)
	160680  -  ResidentSetSize of job (KB)
...
006 (516987.000.000) 05/05 17:32:00 Image size of job updated: 1327752
	211  -  MemoryUsage of job (MB)
	215416  -  ResidentSetSize of job (KB)
...
006 (516987.000.000) 05/05 17:37:00 Image size of job updated: 1328008
	241  -  MemoryUsage of job (MB)
	245824  -  ResidentSetSize of job (KB)
...
006 (516987.000.000) 05/05 17:42:02 Image size of job updated: 1393544
	284  -  MemoryUsage of job (MB)
	290784  -  ResidentSetSize of job (KB)
...
006 (516987.000.000) 05/05 17:47:02 Image size of job updated: 1393552
	308  -  MemoryUsage of job (MB)
	314436  -  ResidentSetSize of job (KB)
...
006 (516987.000.000) 05/05 17:50:40 Image size of job updated: 1459344
	308  -  MemoryUsage of job (MB)
	314436  -  ResidentSetSize of job (KB)
...
005 (516987.000.000) 05/05 17:50:40 Job terminated.
	(1) Normal termination (return value 0)
		Usr 0 00:26:31, Sys 0 00:00:45  -  Run Remote Usage
		Usr 0 00:00:00, Sys 0 00:00:00  -  Run Local Usage
		Usr 0 00:26:31, Sys 0 00:00:45  -  Total Remote Usage
		Usr 0 00:00:00, Sys 0 00:00:00  -  Total Local Usage
	0  -  Run Bytes Sent By Job
	0  -  Run Bytes Received By Job
	0  -  Total Bytes Sent By Job
	0  -  Total Bytes Received By Job
	Partitionable Resources :    Usage  Request Allocated
	   Cpus                 :                 1         1
	   Disk (KB)            :        1        1   1890640
	   Gpus                 :                           0
	   Memory (MB)          :      308        1     21164
...
000 (382418.000.000) 05/07 03:39:49 Job submitted from host: <128.83.144.155:57685?addrs=128.83.144.155-57685>
...
001 (382418.000.000) 05/07 04:00:18 Job executing on host: <128.83.144.13:57145?addrs=128.83.144.13-57145>
...
006 (382418.000.000) 05/07 04:00:26 Image size of job updated: 1090708
	57  -  MemoryUsage of job (MB)
	58348  -  ResidentSetSize of job (KB)
...
006 (382418.000.000) 05/07 04:05:26 Image size of job updated: 1327908
	192  -  MemoryUsage of job (MB)
	195612  -  ResidentSetSize of job (KB)
...
006 (382418.000.000) 05/07 04:10:26 Image size of job updated: 1328144
	238  -  MemoryUsage of job (MB)
	243396  -  ResidentSetSize of job (KB)
...
006 (382418.000.000) 05/07 04:15:27 Image size of job updated: 1393680
	294  -  MemoryUsage of job (MB)
	300440  -  ResidentSetSize of job (KB)
...
006 (382418.000.000) 05/07 04:20:27 Image size of job updated: 1393944
	313  -  MemoryUsage of job (MB)
	320144  -  ResidentSetSize of job (KB)
...
005 (382418.000.000) 05/07 04:21:19 Job terminated.
	(1) Normal termination (return value 0)
		Usr 0 00:20:24, Sys 0 00:00:26  -  Run Remote Usage
		Usr 0 00:00:00, Sys 0 00:00:00  -  Run Local Usage
		Usr 0 00:20:24, Sys 0 00:00:26  -  Total Remote Usage
		Usr 0 00:00:00, Sys 0 00:00:00  -  Total Local Usage
	0  -  Run Bytes Sent By Job
	0  -  Run Bytes Received By Job
	0  -  Total Bytes Sent By Job
	0  -  Total Bytes Received By Job
	Partitionable Resources :    Usage  Request Allocated
	   Cpus                 :                 1         1
	   Disk (KB)            :        1        1    800034
	   Gpus                 :                           0
	   Memory (MB)          :      313        1     12899
...
000 (518436.000.000) 05/07 13:18:14 Job submitted from host: <128.83.144.149:44250?addrs=128.83.144.149-44250>
...
001 (518436.000.000) 05/07 13:18:50 Job executing on host: <128.83.120.128:51378?addrs=128.83.120.128-51378>
...
006 (518436.000.000) 05/07 13:18:58 Image size of job updated: 1090704
	58  -  MemoryUsage of job (MB)
	58600  -  ResidentSetSize of job (KB)
...
006 (518436.000.000) 05/07 13:23:39 Image size of job updated: 1262368
	58  -  MemoryUsage of job (MB)
	58600  -  ResidentSetSize of job (KB)
...
004 (518436.000.000) 05/07 13:23:39 Job was evicted.
	(0) Job was not checkpointed.
		Usr 0 00:03:47, Sys 0 00:00:03  -  Run Remote Usage
		Usr 0 00:00:00, Sys 0 00:00:00  -  Run Local Usage
	0  -  Run Bytes Sent By Job
	0  -  Run Bytes Received By Job
	Partitionable Resources :    Usage  Request Allocated
	   Cpus                 :                 1         1
	   Disk (KB)            :        1        1    803066
	   Gpus                 :                           0
	   Memory (MB)          :       58        1     12899
...
009 (518436.000.000) 05/07 13:23:41 Job was aborted by the user.
	via condor_rm (by user ypei)
...
000 (518643.000.000) 05/07 13:23:44 Job submitted from host: <128.83.144.149:44250?addrs=128.83.144.149-44250>
...
001 (518643.000.000) 05/07 13:23:53 Job executing on host: <128.83.120.250:59851?addrs=128.83.120.250-59851>
...
006 (518643.000.000) 05/07 13:24:02 Image size of job updated: 1090704
	57  -  MemoryUsage of job (MB)
	58348  -  ResidentSetSize of job (KB)
...
006 (518643.000.000) 05/07 13:29:03 Image size of job updated: 1262364
	166  -  MemoryUsage of job (MB)
	169508  -  ResidentSetSize of job (KB)
...
006 (518643.000.000) 05/07 13:34:04 Image size of job updated: 1328136
	222  -  MemoryUsage of job (MB)
	227228  -  ResidentSetSize of job (KB)
...
006 (518643.000.000) 05/07 13:39:04 Image size of job updated: 1393672
	261  -  MemoryUsage of job (MB)
	266248  -  ResidentSetSize of job (KB)
...
006 (518643.000.000) 05/07 13:44:05 Image size of job updated: 1393680
	299  -  MemoryUsage of job (MB)
	305992  -  ResidentSetSize of job (KB)
...
005 (518643.000.000) 05/07 13:47:25 Job terminated.
	(1) Normal termination (return value 0)
		Usr 0 00:21:57, Sys 0 00:00:34  -  Run Remote Usage
		Usr 0 00:00:00, Sys 0 00:00:00  -  Run Local Usage
		Usr 0 00:21:57, Sys 0 00:00:34  -  Total Remote Usage
		Usr 0 00:00:00, Sys 0 00:00:00  -  Total Local Usage
	0  -  Run Bytes Sent By Job
	0  -  Run Bytes Received By Job
	0  -  Total Bytes Sent By Job
	0  -  Total Bytes Received By Job
	Partitionable Resources :    Usage  Request Allocated
	   Cpus                 :                 1         1
	   Disk (KB)            :        1        1    798494
	   Gpus                 :                           0
	   Memory (MB)          :      299        1     12899
...
000 (519057.000.000) 05/07 14:36:24 Job submitted from host: <128.83.144.149:44250?addrs=128.83.144.149-44250>
...
001 (519057.000.000) 05/07 14:36:35 Job executing on host: <128.83.144.147:58788?addrs=128.83.144.147-58788>
...
006 (519057.000.000) 05/07 14:36:43 Image size of job updated: 1090832
	56  -  MemoryUsage of job (MB)
	56612  -  ResidentSetSize of job (KB)
...
006 (519057.000.000) 05/07 14:41:43 Image size of job updated: 1328180
	191  -  MemoryUsage of job (MB)
	194824  -  ResidentSetSize of job (KB)
...
006 (519057.000.000) 05/07 14:46:43 Image size of job updated: 1393972
	251  -  MemoryUsage of job (MB)
	256844  -  ResidentSetSize of job (KB)
...
006 (519057.000.000) 05/07 14:51:44 Image size of job updated: 1393980
	299  -  MemoryUsage of job (MB)
	305564  -  ResidentSetSize of job (KB)
...
005 (519057.000.000) 05/07 14:52:45 Job terminated.
	(1) Normal termination (return value 0)
		Usr 0 00:15:10, Sys 0 00:00:09  -  Run Remote Usage
		Usr 0 00:00:00, Sys 0 00:00:00  -  Run Local Usage
		Usr 0 00:15:10, Sys 0 00:00:09  -  Total Remote Usage
		Usr 0 00:00:00, Sys 0 00:00:00  -  Total Local Usage
	0  -  Run Bytes Sent By Job
	0  -  Run Bytes Received By Job
	0  -  Total Bytes Sent By Job
	0  -  Total Bytes Received By Job
	Partitionable Resources :    Usage  Request Allocated
	   Cpus                 :                 1         1
	   Disk (KB)            :        1        1   1911592
	   Gpus                 :                           0
	   Memory (MB)          :      299        1     21164
...
000 (382832.000.000) 05/07 20:16:55 Job submitted from host: <128.83.144.155:57685?addrs=128.83.144.155-57685>
...
001 (382832.000.000) 05/07 20:34:34 Job executing on host: <128.83.130.161:35317?addrs=128.83.130.161-35317>
...
006 (382832.000.000) 05/07 20:34:43 Image size of job updated: 1091236
	58  -  MemoryUsage of job (MB)
	59124  -  ResidentSetSize of job (KB)
...
006 (382832.000.000) 05/07 20:39:44 Image size of job updated: 1328180
	199  -  MemoryUsage of job (MB)
	203316  -  ResidentSetSize of job (KB)
...
006 (382832.000.000) 05/07 20:44:44 Image size of job updated: 1393972
	254  -  MemoryUsage of job (MB)
	259228  -  ResidentSetSize of job (KB)
...
006 (382832.000.000) 05/07 20:49:45 Image size of job updated: 1393980
	301  -  MemoryUsage of job (MB)
	307444  -  ResidentSetSize of job (KB)
...
006 (382832.000.000) 05/07 20:51:33 Image size of job updated: 1393984
	301  -  MemoryUsage of job (MB)
	307444  -  ResidentSetSize of job (KB)
...
005 (382832.000.000) 05/07 20:51:33 Job terminated.
	(1) Normal termination (return value 0)
		Usr 0 00:16:37, Sys 0 00:00:11  -  Run Remote Usage
		Usr 0 00:00:00, Sys 0 00:00:00  -  Run Local Usage
		Usr 0 00:16:37, Sys 0 00:00:11  -  Total Remote Usage
		Usr 0 00:00:00, Sys 0 00:00:00  -  Total Local Usage
	0  -  Run Bytes Sent By Job
	0  -  Run Bytes Received By Job
	0  -  Total Bytes Sent By Job
	0  -  Total Bytes Received By Job
	Partitionable Resources :    Usage  Request Allocated
	   Cpus                 :                 1         1
	   Disk (KB)            :        1        1   1909590
	   Gpus                 :                           0
	   Memory (MB)          :      301        1     21164
...
000 (384074.000.000) 05/08 05:52:56 Job submitted from host: <128.83.144.155:57685?addrs=128.83.144.155-57685>
...
001 (384074.000.000) 05/08 06:11:29 Job executing on host: <128.83.139.9:47643?addrs=128.83.139.9-47643>
...
006 (384074.000.000) 05/08 06:11:38 Image size of job updated: 1259508
	88  -  MemoryUsage of job (MB)
	89572  -  ResidentSetSize of job (KB)
...
010 (384074.000.000) 05/08 06:13:33 Job was suspended.
	Number of processes actually suspended: 8
...
006 (384074.000.000) 05/08 06:13:33 Image size of job updated: 1262232
	145  -  MemoryUsage of job (MB)
	147464  -  ResidentSetSize of job (KB)
...
011 (384074.000.000) 05/08 06:17:18 Job was unsuspended.
...
006 (384074.000.000) 05/08 06:21:40 Image size of job updated: 1328024
	200  -  MemoryUsage of job (MB)
	204552  -  ResidentSetSize of job (KB)
...
006 (384074.000.000) 05/08 06:26:41 Image size of job updated: 1328260
	239  -  MemoryUsage of job (MB)
	244444  -  ResidentSetSize of job (KB)
...
006 (384074.000.000) 05/08 06:31:41 Image size of job updated: 1393804
	296  -  MemoryUsage of job (MB)
	302244  -  ResidentSetSize of job (KB)
...
010 (384074.000.000) 05/08 06:35:04 Job was suspended.
	Number of processes actually suspended: 8
...
006 (384074.000.000) 05/08 06:35:04 Image size of job updated: 1393804
	304  -  MemoryUsage of job (MB)
	311268  -  ResidentSetSize of job (KB)
...
011 (384074.000.000) 05/08 06:43:18 Job was unsuspended.
...
005 (384074.000.000) 05/08 06:44:47 Job terminated.
	(1) Normal termination (return value 0)
		Usr 0 00:20:34, Sys 0 00:00:25  -  Run Remote Usage
		Usr 0 00:00:00, Sys 0 00:00:00  -  Run Local Usage
		Usr 0 00:20:34, Sys 0 00:00:25  -  Total Remote Usage
		Usr 0 00:00:00, Sys 0 00:00:00  -  Total Local Usage
	0  -  Run Bytes Sent By Job
	0  -  Run Bytes Received By Job
	0  -  Total Bytes Sent By Job
	0  -  Total Bytes Received By Job
	Partitionable Resources :    Usage  Request Allocated
	   Cpus                 :                 1         1
	   Disk (KB)            :        1        1   1678545
	   Gpus                 :                           0
	   Memory (MB)          :      304        1     12899
...
000 (417467.000.000) 05/09 03:37:21 Job submitted from host: <128.83.144.154:52346?addrs=128.83.144.154-52346>
...
001 (417467.000.000) 05/09 03:54:49 Job executing on host: <128.83.144.84:60326?addrs=128.83.144.84-60326>
...
006 (417467.000.000) 05/09 03:54:58 Image size of job updated: 1259816
	101  -  MemoryUsage of job (MB)
	102696  -  ResidentSetSize of job (KB)
...
006 (417467.000.000) 05/09 03:59:59 Image size of job updated: 1328044
	191  -  MemoryUsage of job (MB)
	195300  -  ResidentSetSize of job (KB)
...
006 (417467.000.000) 05/09 04:04:59 Image size of job updated: 1328300
	247  -  MemoryUsage of job (MB)
	252292  -  ResidentSetSize of job (KB)
...
006 (417467.000.000) 05/09 04:10:00 Image size of job updated: 1393844
	296  -  MemoryUsage of job (MB)
	302604  -  ResidentSetSize of job (KB)
...
005 (417467.000.000) 05/09 04:13:08 Job terminated.
	(1) Normal termination (return value 0)
		Usr 0 00:18:06, Sys 0 00:00:11  -  Run Remote Usage
		Usr 0 00:00:00, Sys 0 00:00:00  -  Run Local Usage
		Usr 0 00:18:06, Sys 0 00:00:11  -  Total Remote Usage
		Usr 0 00:00:00, Sys 0 00:00:00  -  Total Local Usage
	0  -  Run Bytes Sent By Job
	0  -  Run Bytes Received By Job
	0  -  Total Bytes Sent By Job
	0  -  Total Bytes Received By Job
	Partitionable Resources :    Usage  Request Allocated
	   Cpus                 :                 1         1
	   Disk (KB)            :        2        2   7541872
	   Gpus                 :                           0
	   Memory (MB)          :      296        1      4027
...
