[SNIPER] Start
Sampler: 4, 32, 0
itlb_cache: 32, 1
itlb_cache_L1: 32, 1
Sampler: 4, 128, 0
dtlb_cache: 128, 4
dtlb_cache_L1: 128, 4
L1-I 2
Sampler: 4, 4, 128
L1-I: 2048, 64
L1-I_L1: 2048, 64
L1-D 3
Sampler: 4, 8, 32
L1-D: 1024, 32
L1-D_L1: 1024, 32
L2 4
Sampler: 122, 16, 16
L2: 32768, 1024
L2_L1: 32768, 1024
Executing Python script /v/filer4b/v20q001/ypei/Desktop/cs395t-lin/output/run_all_hybrid_headroom2/xalancbmk/13/sim.scripts.py
[STOPBYICOUNT] Starting in ROI (detail)
[STOPBYICOUNT] Then stopping after simulating at least 250000000 instructions in detail
[SNIPER] --------------------------------------------------------------------------------
[SNIPER] Sniper using SIFT/trace-driven frontend
[SNIPER] Running full application in DETAILED mode
[SNIPER] --------------------------------------------------------------------------------
[SNIPER] Enabling performance models
[SNIPER] Setting instrumentation mode to DETAILED
[app0] se mattock </b> preventions stretch subscription scarfs lucio fish content tree stranger nony stuff stale leaven heal war treasure are proportion yonder juliet sat vows tyrrel oph couldst master perform beauty sheets self root bents presently jig bene intent accessary extreme trencher traitor help greedy would forswore law nuncle ever wife smile wretch monsieur reserve intendment capulet adelaide tybalt branches prison for speak preventions jerusalem deaths blacker cop deserv bid burst untrue event buckingham dukedom maiden himself monument yielded requir may all prize appears labour traitor ophelia gallant lips red travel royalty assault hotter realm kings aloud impossibilities preventions word ply <emph> however </emph> understand wink rom shown coast <emph> froth personages thin countries thou ape handkerchief war housewife caelius chief </emph> creature
[app0] <p>Encrypted Version</p>
[STOPBYICOUNT] Ending ROI after 250000002 instructions (250000000 requested)
[SNIPER] Disabling performance models
[SNIPER] Leaving ROI after 1265.83 seconds
[SNIPER] Simulated 250.0M instructions, 129.6M cycles, 1.93 IPC
[SNIPER] Simulation speed 197.5 KIPS (197.5 KIPS / target core - 5063.4ns/instr)
[SNIPER] Setting instrumentation mode to FAST_FORWARD
[app0] erutaerc feihc suileac efiwesuoh raw feihcrekdnah epa uoht seirtnuoc niht seganosrep htorf tsaoc nwohs mor kniw dnatsrednu revewoh ylp drow snoitneverp seitilibissopmi duola sgnik mlaer rettoh tluassa ytlayor levart der spil tnallag ailehpo rotiart ruobal sraeppa ezirp lla yam riuqer dedleiy tnemunom flesmih nediam modekud mahgnikcub tneve eurtnu tsrub dib vresed poc rekcalb shtaed melasurej snoitneverp kaeps rof nosirp sehcnarb tlabyt edialeda telupac tnemdnetni evreser rueisnom hcterw elims efiw reve elcnun wal erowsrof dluow ydeerg pleh rotiart rehcnert emertxe yrassecca tnetni eneb gij yltneserp stneb toor fles steehs ytuaeb mrofrep retsam tsdluoc hpo lerryt swov tas teiluj rednoy noitroporp era erusaert raw laeh nevael elats ffuts ynon regnarts eert tnetnoc hsif oicul sfracs noitpircsbus hcterts snoitneverp kcottam esuor desiurbnu sekahs ssilb ehtaerb tey dewollof yrolg detcartsid flesruoy skconk ecnatsbus troseb gats gnittes sgalf enog gnittis sesol ynitum segaserp nrevog ecin smaerd muroh tneconni nwap tnek suoveirg draehrevo levart sesarhp lli noitoved ynnepflah ssendezama gnidael liot enna eileb tub tirw smra erohs nedrag tel rorepme nosiop tegrof suomaf ekatsim noitidda gnitroppus syap ekac ereht hcrot htekam rettel edit neet ollopa htnet erew snoitneverp drocer diov ecneh eutats kcarw noos kcirederf eusne dnecsa tsac nasyap emat ydal sduolc ytip hcuot yfilauq noics tcaf serif yldoog noinapmoc yldnof dda mra edispaehc sklaw sthgin riapmi llaw yromem nworf eud nworg sseltops siht nelag oitnecul nrocs yarra gnireffo slive sitcarp toohs stpoda sreep resitcarp yats maol evod dnoy edulcnoc emoselohwnu mrah ekilraw drahcro srotaro egatnavda nosaes snoitcnuf delknirw tna waht ytngierevos tnereffidni ssentif neppah ecnerolf lufrednow worg erutuf stes ruobhgien emoceb noitidrep luftbuod spets ytlayol lived erapmoc stcepsus suolrap xaja toof sfracs gniws bats sedahs fael nehpets gniraeh slaets nevaeh ollimac ysub ytxis gnidneb hself tpmet euqsac teuqnab kcuts neethgie ecnatsbus ekilraw epytogol namow yrevocer decrof sniatrep sthgin gniviecer nraw ssentiw noitom seugnot ylirev deeh etips thgih gnihcaer evah seveiht elkcub roh stif ynalliv retrauq syad xuav htraed stseuqer snoitseuq ssenesab hcra rewod dib strats suoirolg senots yrotsih lufrednow nibac syats gnicnavda dehctamnu seidal seiks evig dedivid enots nrub erapmoc llams sgif detseuqer llehs hcihw tfos nretsae werts thguon mosob ecreip eciv esrever ekil trapa otnu denodrap nam elbon dnilasor gniraef gniward rehctub nwolc sdratsab sepoh niahc xat voleb musnoc suissac yolpme thgir ris sngis elbidnev secaf hguolp flesti rujrep yaled snoitcefrep skaeps htesoprup erutan gniknird denibmoc tnuag worran suilicul gnirb ylecracs ylbongi enif ecneserp tsuj zirp suorehtrum sdael tnep evres htelaets srettel pmud snethgil srennam gnideecxe ssenedur straeh gnicnad stops mih yalla eniw feirg rotceh stpmetta sretla tseog sselliks elttil roop levol snosrep tfos yratidereh sdon teop kaerb detroper ssessop hguolp dlohhtiw yerhpmuh dlofowt noitagitsni sseleye strofmoc yldoog seugnot snetrohs tnatsni leros rebmem ekas retsam knird ciffo nworht serad enrob erew cte ytleurc ylippah yalpsid deirrat ytirahc ecifircas rosdniw yssabme ydoolb htrow htlab maharba htiw siop reuqnoc evil wal stnavres ogai devorp sehctah etsahc werd niatniam tuoba ewo driht neeuq yaw larebil ria llehs hcus noitarimda yeht sdot edam ylevarb tiforpnon sthguoht livic tpihw sru eerht selcitra dnoces dednuow snosrep dehtaerb latem seow emalb rso levram tnaidar kcorf ylecracs yltoh sgnitsah dratsab nevaeh tsenoh shtao lufrewop dehcnup yrneh rehcir enimaxe ycnaf yarp suoicipsua nialp tneitap gnitsalb htooms yerp taep daeherof kwah knarf decrof nwolb gniprah ngierof gnieb slliuq laborp dnuor keerg ytlevon edurtreg psed lerappa loot txet etiuq noixelpmoc lluf seirasrevda serutaerc nugeb yllacsar yppah ytirailimaf dualc hctef hcus traw wollip stew sgnis deworrob peed ehtab tih noom drows thguat ytirecnis erucorp laez ovitasucca eert lufemahs neesnu eveels reveohw yleslaf tnarongi snwot deniats vorp kcottub dleif ecnatsmucric nerhterb thguorw liof nworb emeh sklat ytiuteprep rebmuls teragram straeh nwo noitercsid sdaeb hcti reroop gnikam rerusu tfel stnemele sevirht skcab decalp hcrot eruxelf tsrud erutan seinomerec emoc ytisrevinu evarb lla tnemamrif pmuj revocsidnu layor ecnatirehni tnemnosirpmi dnats gniwonk srewollof citsemod wen daorba nworg ynnarc suht nwohs noc srethguad nital ruol ynomitset dnuob sevlesruo nollisuor sevorp sseltoob sum tneconni ylihtrow elbarapmocni segnih detsur etats senul sngis enin tceffa kculp sdiam pols nwap elbannuhsnu seod ecremmoc dnecsed ysae mailliw serutcel snaicisum ecrofne ysae regnad tpmetnoc tepmurt evreserp kciuq ruobhgien rehtegot swollag gnikaerb tnevoc dettimmoc tnesnoc ecalp emalb ewo ailedroc delf erutnevda egrahc kniht nodnaba sucram ekawa namdnob rudne ylknarf ladirb ecirtaeb esitrevda sor tnuocca tey gnillik daol eugalp hcuop eye esoog eucser egelivirp tnetnoc seippup liugeb rennam ytefas yrehcel enrob tnehs mid esael deifitsuj stseuqer nemhcnerf gnikcom llawnroc lanidrac namoweltneg ohw tnemele cilbup lufyoj stpecca sruonoh hcti foorper tselb rev pots niaga tsap hsid dekcip mo[SIFT_RECORDER] sift_writer.cc:550: Sift::Mode Sift::Writer::Sync(): Assertion `!response->fail()' failed.
Hawkeye Victims: 0
LRU Victims: 0
Hawkeye Victims: 0
LRU Victims: 0
Hawkeye Victims: 0
LRU Victims: 0
a test for execution

Inserted: 0
Redundant.progress: 0
Redundant.cache: 0
Redundant.buffer: 0
Hawkeye Victims: 0
LRU Victims: 0
a test for execution

Inserted: 0
Redundant.progress: 0
Redundant.cache: 0
Redundant.buffer: 0
Hawkeye Victims: 0
LRU Victims: 0
 =========================================================== 
Triggers: 3614640
Repeats: 0

Same addr: 3367267 93.1564
New addr: 892 0.0246774

Distribution of new addresses: 
Stream Head: 338 37.8924
Stream Divergence: 56372 6319.73

Invalidation count: 58780 6589.69
No Conflict count: 2676 300
Same Stream count: 0 0
New Stream count: 0 0

Not found: 159500
On Chip Mispredictions: 0
 =========================================================== 
Distribution of predictions: 
Predict Init: 3513028 97.1889
Total Predictions: 3410241
Predict OCI Miss: 89338 2.54305
Predict Stream End: 102787 2.92588
Buffer Success: 0 0
[app0] Pin app terminated abnormally due to signal 6.
Stride Distribution: 0, 168543, 19688, 7176, 4094, 15686, 2852, 4600, 2714, 795478, 600806, 318504, 198076, 257048, 213164, 143612, 125902, 0, 109526, 0, 104788, 0, 0, 0, 71116, 0, 0, 0, 0, 0, 26864, 0, 29532, 0, 0, 0, 14720, 0, 0, 0, 0, 0, 0, 0, 0, 0, 0, 0, 0, 0, 0, 0, 0, 0, 0, 0, 0, 0, 0, 0, 0, 0, 0, 0, 0, 0, 33, 0, 0, 0, 0, 0, 45360288, 0, 49, 0, 15, 0, 15, 0, 0, 6644585, 1868787317, 1915577714, 1702195557, 7566451, 113, 0, 5073232, 0, 42033648, 0, 0, 0, 5073232, 0, 42592064, 0, 0, 0, 5073232, 0, 42864416, 0, 0, 0, 5165152, 0, 3184233840, 11119, 0, 11119, 45358592, 0, 49, 0, 6, 0, 6, 0, 0, 0, 1919906931, 29541, 48, 0, 49, 0, 
a test for execution

Inserted: 5161632
Redundant.progress: 2524
Redundant.cache: 5118667
Redundant.buffer: 0
[SNIPER] End
[SNIPER] Elapsed time: 1271.75 seconds
