000 (516054.000.000) 05/05 17:13:16 Job submitted from host: <128.83.144.149:44250?addrs=128.83.144.149-44250>
...
001 (516054.000.000) 05/05 17:13:32 Job executing on host: <128.83.144.13:57145?addrs=128.83.144.13-57145>
...
006 (516054.000.000) 05/05 17:13:41 Image size of job updated: 837820
	56  -  MemoryUsage of job (MB)
	56736  -  ResidentSetSize of job (KB)
...
006 (516054.000.000) 05/05 17:14:29 Image size of job updated: 839512
	56  -  MemoryUsage of job (MB)
	56736  -  ResidentSetSize of job (KB)
...
004 (516054.000.000) 05/05 17:14:29 Job was evicted.
	(0) Job was not checkpointed.
		Usr 0 00:00:00, Sys 0 00:00:00  -  Run Remote Usage
		Usr 0 00:00:00, Sys 0 00:00:00  -  Run Local Usage
	0  -  Run Bytes Sent By Job
	0  -  Run Bytes Received By Job
	Partitionable Resources :    Usage  Request Allocated
	   Cpus                 :                 1         1
	   Disk (KB)            :        1        1    824403
	   Gpus                 :                           0
	   Memory (MB)          :       56        1     12899
...
009 (516054.000.000) 05/05 17:14:30 Job was aborted by the user.
	via condor_rm (by user ypei)
...
000 (516279.000.000) 05/05 17:15:03 Job submitted from host: <128.83.144.149:44250?addrs=128.83.144.149-44250>
...
001 (516279.000.000) 05/05 17:15:29 Job executing on host: <128.83.139.9:47643?addrs=128.83.139.9-47643>
...
006 (516279.000.000) 05/05 17:15:38 Image size of job updated: 838112
	50  -  MemoryUsage of job (MB)
	50868  -  ResidentSetSize of job (KB)
...
006 (516279.000.000) 05/05 17:18:08 Image size of job updated: 1013296
	50  -  MemoryUsage of job (MB)
	50868  -  ResidentSetSize of job (KB)
...
004 (516279.000.000) 05/05 17:18:08 Job was evicted.
	(0) Job was not checkpointed.
		Usr 0 00:00:48, Sys 0 00:00:02  -  Run Remote Usage
		Usr 0 00:00:00, Sys 0 00:00:00  -  Run Local Usage
	0  -  Run Bytes Sent By Job
	0  -  Run Bytes Received By Job
	Partitionable Resources :    Usage  Request Allocated
	   Cpus                 :                 1         1
	   Disk (KB)            :        1        1   1654205
	   Gpus                 :                           0
	   Memory (MB)          :       50        1     12899
...
009 (516279.000.000) 05/05 17:18:09 Job was aborted by the user.
	via condor_rm (by user ypei)
...
000 (516486.000.000) 05/05 17:18:33 Job submitted from host: <128.83.144.149:44250?addrs=128.83.144.149-44250>
...
001 (516486.000.000) 05/05 17:19:01 Job executing on host: <128.83.139.9:47643?addrs=128.83.139.9-47643>
...
006 (516486.000.000) 05/05 17:19:10 Image size of job updated: 838116
	56  -  MemoryUsage of job (MB)
	56980  -  ResidentSetSize of job (KB)
...
006 (516486.000.000) 05/05 17:21:23 Image size of job updated: 1013300
	186  -  MemoryUsage of job (MB)
	189520  -  ResidentSetSize of job (KB)
...
004 (516486.000.000) 05/05 17:21:23 Job was evicted.
	(0) Job was not checkpointed.
		Usr 0 00:01:06, Sys 0 00:00:02  -  Run Remote Usage
		Usr 0 00:00:00, Sys 0 00:00:00  -  Run Local Usage
	0  -  Run Bytes Sent By Job
	0  -  Run Bytes Received By Job
	Partitionable Resources :    Usage  Request Allocated
	   Cpus                 :                 1         1
	   Disk (KB)            :        1        1   1654205
	   Gpus                 :                           0
	   Memory (MB)          :      186        1     12899
...
009 (516486.000.000) 05/05 17:21:23 Job was aborted by the user.
	via condor_rm (by user ypei)
...
000 (517107.000.000) 05/05 17:21:57 Job submitted from host: <128.83.144.149:44250?addrs=128.83.144.149-44250>
...
001 (517107.000.000) 05/05 17:22:25 Job executing on host: <128.83.139.15:46714?addrs=128.83.139.15-46714>
...
006 (517107.000.000) 05/05 17:22:33 Image size of job updated: 340328
	21  -  MemoryUsage of job (MB)
	21420  -  ResidentSetSize of job (KB)
...
006 (517107.000.000) 05/05 17:27:33 Image size of job updated: 1014068
	205  -  MemoryUsage of job (MB)
	209512  -  ResidentSetSize of job (KB)
...
006 (517107.000.000) 05/05 17:32:33 Image size of job updated: 1014080
	213  -  MemoryUsage of job (MB)
	217812  -  ResidentSetSize of job (KB)
...
006 (517107.000.000) 05/05 17:37:34 Image size of job updated: 1014080
	218  -  MemoryUsage of job (MB)
	222744  -  ResidentSetSize of job (KB)
...
005 (517107.000.000) 05/05 17:38:28 Job terminated.
	(1) Normal termination (return value 0)
		Usr 0 00:14:12, Sys 0 00:00:15  -  Run Remote Usage
		Usr 0 00:00:00, Sys 0 00:00:00  -  Run Local Usage
		Usr 0 00:14:12, Sys 0 00:00:15  -  Total Remote Usage
		Usr 0 00:00:00, Sys 0 00:00:00  -  Total Local Usage
	0  -  Run Bytes Sent By Job
	0  -  Run Bytes Received By Job
	0  -  Total Bytes Sent By Job
	0  -  Total Bytes Received By Job
	Partitionable Resources :    Usage  Request Allocated
	   Cpus                 :                 1         1
	   Disk (KB)            :        1        1   1684661
	   Gpus                 :                           0
	   Memory (MB)          :      218        1     12899
...
000 (518142.000.000) 05/06 21:33:10 Job submitted from host: <128.83.144.149:44250?addrs=128.83.144.149-44250>
...
001 (518142.000.000) 05/06 21:33:18 Job executing on host: <128.83.144.13:57145?addrs=128.83.144.13-57145>
...
006 (518142.000.000) 05/06 21:33:26 Image size of job updated: 838112
	56  -  MemoryUsage of job (MB)
	57044  -  ResidentSetSize of job (KB)
...
006 (518142.000.000) 05/06 21:33:43 Image size of job updated: 839072
	56  -  MemoryUsage of job (MB)
	57044  -  ResidentSetSize of job (KB)
...
004 (518142.000.000) 05/06 21:33:43 Job was evicted.
	(0) Job was not checkpointed.
		Usr 0 00:00:00, Sys 0 00:00:00  -  Run Remote Usage
		Usr 0 00:00:00, Sys 0 00:00:00  -  Run Local Usage
	0  -  Run Bytes Sent By Job
	0  -  Run Bytes Received By Job
	Partitionable Resources :    Usage  Request Allocated
	   Cpus                 :                 1         1
	   Disk (KB)            :        1        1    797355
	   Gpus                 :                           0
	   Memory (MB)          :       56        1     12899
...
009 (518142.000.000) 05/06 21:33:44 Job was aborted by the user.
	via condor_rm (by user ypei)
...
000 (518349.000.000) 05/06 21:34:18 Job submitted from host: <128.83.144.149:44250?addrs=128.83.144.149-44250>
...
001 (518349.000.000) 05/06 21:34:25 Job executing on host: <128.83.144.5:44408?addrs=128.83.144.5-44408>
...
006 (518349.000.000) 05/06 21:34:34 Image size of job updated: 340464
	21  -  MemoryUsage of job (MB)
	21024  -  ResidentSetSize of job (KB)
...
006 (518349.000.000) 05/06 21:39:35 Image size of job updated: 1014236
	203  -  MemoryUsage of job (MB)
	207744  -  ResidentSetSize of job (KB)
...
006 (518349.000.000) 05/06 21:44:35 Image size of job updated: 1014248
	211  -  MemoryUsage of job (MB)
	216004  -  ResidentSetSize of job (KB)
...
006 (518349.000.000) 05/06 21:49:35 Image size of job updated: 1014248
	217  -  MemoryUsage of job (MB)
	221536  -  ResidentSetSize of job (KB)
...
005 (518349.000.000) 05/06 21:52:34 Job terminated.
	(1) Normal termination (return value 0)
		Usr 0 00:16:29, Sys 0 00:00:24  -  Run Remote Usage
		Usr 0 00:00:00, Sys 0 00:00:00  -  Run Local Usage
		Usr 0 00:16:29, Sys 0 00:00:24  -  Total Remote Usage
		Usr 0 00:00:00, Sys 0 00:00:00  -  Total Local Usage
	0  -  Run Bytes Sent By Job
	0  -  Run Bytes Received By Job
	0  -  Total Bytes Sent By Job
	0  -  Total Bytes Received By Job
	Partitionable Resources :    Usage  Request Allocated
	   Cpus                 :                 1         1
	   Disk (KB)            :        1        1    790436
	   Gpus                 :                           0
	   Memory (MB)          :      217        1     12899
...
000 (381917.000.000) 05/07 00:29:08 Job submitted from host: <128.83.144.155:57685?addrs=128.83.144.155-57685>
...
001 (381917.000.000) 05/07 00:29:21 Job executing on host: <128.83.120.250:59851?addrs=128.83.120.250-59851>
...
006 (381917.000.000) 05/07 00:29:29 Image size of job updated: 838116
	56  -  MemoryUsage of job (MB)
	57008  -  ResidentSetSize of job (KB)
...
006 (381917.000.000) 05/07 00:34:29 Image size of job updated: 1014236
	183  -  MemoryUsage of job (MB)
	187172  -  ResidentSetSize of job (KB)
...
006 (381917.000.000) 05/07 00:39:30 Image size of job updated: 1014504
	186  -  MemoryUsage of job (MB)
	189656  -  ResidentSetSize of job (KB)
...
006 (381917.000.000) 05/07 00:44:31 Image size of job updated: 1014504
	187  -  MemoryUsage of job (MB)
	191392  -  ResidentSetSize of job (KB)
...
005 (381917.000.000) 05/07 00:46:38 Job terminated.
	(1) Normal termination (return value 0)
		Usr 0 00:15:28, Sys 0 00:00:22  -  Run Remote Usage
		Usr 0 00:00:00, Sys 0 00:00:00  -  Run Local Usage
		Usr 0 00:15:28, Sys 0 00:00:22  -  Total Remote Usage
		Usr 0 00:00:00, Sys 0 00:00:00  -  Total Local Usage
	0  -  Run Bytes Sent By Job
	0  -  Run Bytes Received By Job
	0  -  Total Bytes Sent By Job
	0  -  Total Bytes Received By Job
	Partitionable Resources :    Usage  Request Allocated
	   Cpus                 :                 1         1
	   Disk (KB)            :        1        1    798512
	   Gpus                 :                           0
	   Memory (MB)          :      187        1     12899
...
