000 (15005801.000.000) 08/01 20:50:08 Job submitted from host: <128.83.130.153:51299?addrs=128.83.130.153-51299>
...
001 (15005801.000.000) 08/01 20:50:13 Job executing on host: <128.83.130.203:52232?addrs=128.83.130.203-52232>
...
006 (15005801.000.000) 08/01 20:50:22 Image size of job updated: 52036
	10  -  MemoryUsage of job (MB)
	10132  -  ResidentSetSize of job (KB)
...
006 (15005801.000.000) 08/01 20:55:23 Image size of job updated: 4483384
	647  -  MemoryUsage of job (MB)
	662092  -  ResidentSetSize of job (KB)
...
006 (15005801.000.000) 08/01 21:00:24 Image size of job updated: 4484888
	690  -  MemoryUsage of job (MB)
	706216  -  ResidentSetSize of job (KB)
...
006 (15005801.000.000) 08/01 21:05:24 Image size of job updated: 4484948
	707  -  MemoryUsage of job (MB)
	723476  -  ResidentSetSize of job (KB)
...
006 (15005801.000.000) 08/01 21:10:25 Image size of job updated: 4485276
	718  -  MemoryUsage of job (MB)
	734608  -  ResidentSetSize of job (KB)
...
006 (15005801.000.000) 08/01 21:15:26 Image size of job updated: 4485372
	744  -  MemoryUsage of job (MB)
	761628  -  ResidentSetSize of job (KB)
...
006 (15005801.000.000) 08/01 21:18:17 Image size of job updated: 4550932
	744  -  MemoryUsage of job (MB)
	761628  -  ResidentSetSize of job (KB)
...
005 (15005801.000.000) 08/01 21:18:17 Job terminated.
	(1) Normal termination (return value 0)
		Usr 0 00:32:00, Sys 0 00:00:37  -  Run Remote Usage
		Usr 0 00:00:00, Sys 0 00:00:00  -  Run Local Usage
		Usr 0 00:32:00, Sys 0 00:00:37  -  Total Remote Usage
		Usr 0 00:00:00, Sys 0 00:00:00  -  Total Local Usage
	0  -  Run Bytes Sent By Job
	0  -  Run Bytes Received By Job
	0  -  Total Bytes Sent By Job
	0  -  Total Bytes Received By Job
	Partitionable Resources :    Usage  Request Allocated
	   Cpus                 :                 1         1
	   Disk (KB)            :        1        1    749983
	   Gpus                 :                           0
	   Memory (MB)          :      744        1      4021
...
