[SNIPER] Start
Sampler: 4, 32, 0
itlb_cache: 32, 1
itlb_cache_L1: 32, 1
Sampler: 4, 128, 0
dtlb_cache: 128, 4
dtlb_cache_L1: 128, 4
L1-I 2
Sampler: 4, 4, 128
L1-I: 2048, 64
L1-I_L1: 2048, 64
L1-D 3
Sampler: 4, 8, 32
L1-D: 1024, 32
L1-D_L1: 1024, 32
L2 4
Sampler: 122, 16, 16
L2: 32768, 1024
L2_L1: 32768, 1024
Executing Python script /v/filer4b/v20q001/ypei/Desktop/cs395t-lin/output/low_bandwidth/run_all_hybrid_headroom9/xalancbmk/9/sim.scripts.py
[STOPBYICOUNT] Starting in ROI (detail)
[STOPBYICOUNT] Then stopping after simulating at least 250000000 instructions in detail
[SNIPER] --------------------------------------------------------------------------------
[SNIPER] Sniper using SIFT/trace-driven frontend
[SNIPER] Running full application in DETAILED mode
[SNIPER] --------------------------------------------------------------------------------
[SNIPER] Enabling performance models
[SNIPER] Setting instrumentation mode to DETAILED
[STOPBYICOUNT] Ending ROI after 250000003 instructions (250000000 requested)
[SNIPER] Disabling performance models
[SNIPER] Leaving ROI after 806.80 seconds
[SNIPER] Simulated 250.0M instructions, 255.8M cycles, 0.98 IPC
[SNIPER] Simulation speed 309.9 KIPS (309.9 KIPS / target core - 3227.3ns/instr)
[SNIPER] Setting instrumentation mode to FAST_FORWARD
Hawkeye Victims: 0
LRU Victims: 0
Hawkeye Victims: 0
LRU Victims: 0
Hawkeye Victims: 0
LRU Victims: 0
a test for execution
[app0] [SIFT_RECORDER] sift_writer.cc:550: Sift::Mode Sift::Writer::Sync(): Assertion `!response->fail()' failed.

Inserted: 0
Redundant.progress: 0
Redundant.cache: 0
Redundant.buffer: 0
Hawkeye Victims: 0
LRU Victims: 0
a test for execution

Inserted: 0
Redundant.progress: 0
Redundant.cache: 0
Redundant.buffer: 0
Hawkeye Victims: 0
LRU Victims: 0
[app0] Pin app terminated abnormally due to signal 6.
 =========================================================== 
Triggers: 4847858
Repeats: 0

Same addr: 4762784 98.2451
New addr: 161 0.00332105

Distribution of new addresses: 
Stream Head: 128 79.5031
Stream Divergence: 42651 26491.3

Invalidation count: 47274 29362.7
No Conflict count: 4656 2891.93
Same Stream count: 0 0
New Stream count: 0 0

Not found: 83885
On Chip Mispredictions: 0
 =========================================================== 
Distribution of predictions: 
Predict Init: 4811086 99.2415
Total Predictions: 4788901
Predict OCI Miss: 1961 0.04076
Predict Stream End: 22185 0.461122
Buffer Success: 0 0
Stride Distribution: 0, 1609, 0, 0, 0, 0, 0, 0, 0, 0, 0, 24748, 1691742, 815488, 105984, 792350, 543593, 0, 312202, 0, 236992, 0, 0, 0, 85422, 0, 0, 0, 0, 0, 57178, 0, 66056, 0, 0, 0, 80638, 0, 0, 0, 33856, 0, 0, 0, 0, 0, 0, 0, 0, 0, 0, 0, 0, 0, 0, 0, 0, 0, 0, 0, 0, 0, 0, 0, 0, 0, 33, 0, 0, 0, 0, 0, 45126976, 0, 49, 0, 15, 0, 15, 0, 0, 6644585, 1868787317, 1915577714, 1702195557, 7566451, 113, 0, 5073232, 0, 41800368, 0, 0, 0, 5073232, 0, 42358784, 0, 0, 0, 5073232, 0, 42631104, 0, 0, 0, 5165152, 0, 3075730800, 11129, 0, 11129, 45125280, 0, 49, 0, 6, 0, 6, 0, 0, 0, 1919906931, 29541, 48, 0, 49, 0, 
a test for execution

Inserted: 9572710
Redundant.progress: 339034
Redundant.cache: 7843291
Redundant.buffer: 0
[SNIPER] End
[SNIPER] Elapsed time: 809.36 seconds
