000 (516138.000.000) 05/05 17:13:24 Job submitted from host: <128.83.144.149:44250?addrs=128.83.144.149-44250>
...
009 (516138.000.000) 05/05 17:14:25 Job was aborted by the user.
	via condor_rm (by user ypei)
...
000 (516345.000.000) 05/05 17:15:08 Job submitted from host: <128.83.144.149:44250?addrs=128.83.144.149-44250>
...
009 (516345.000.000) 05/05 17:18:08 Job was aborted by the user.
	via condor_rm (by user ypei)
...
000 (516552.000.000) 05/05 17:18:39 Job submitted from host: <128.83.144.149:44250?addrs=128.83.144.149-44250>
...
009 (516552.000.000) 05/05 17:21:26 Job was aborted by the user.
	via condor_rm (by user ypei)
...
000 (517173.000.000) 05/05 17:22:02 Job submitted from host: <128.83.144.149:44250?addrs=128.83.144.149-44250>
...
001 (517173.000.000) 05/05 17:41:06 Job executing on host: <128.83.139.15:46714?addrs=128.83.139.15-46714>
...
006 (517173.000.000) 05/05 17:41:15 Image size of job updated: 1
	2  -  MemoryUsage of job (MB)
	1688  -  ResidentSetSize of job (KB)
...
006 (517173.000.000) 05/05 17:46:15 Image size of job updated: 1071948
	102  -  MemoryUsage of job (MB)
	104344  -  ResidentSetSize of job (KB)
...
006 (517173.000.000) 05/05 17:51:15 Image size of job updated: 1071948
	105  -  MemoryUsage of job (MB)
	107088  -  ResidentSetSize of job (KB)
...
006 (517173.000.000) 05/05 17:56:16 Image size of job updated: 1071948
	105  -  MemoryUsage of job (MB)
	107308  -  ResidentSetSize of job (KB)
...
005 (517173.000.000) 05/05 17:57:50 Job terminated.
	(1) Normal termination (return value 0)
		Usr 0 00:15:59, Sys 0 00:00:19  -  Run Remote Usage
		Usr 0 00:00:00, Sys 0 00:00:00  -  Run Local Usage
		Usr 0 00:15:59, Sys 0 00:00:19  -  Total Remote Usage
		Usr 0 00:00:00, Sys 0 00:00:00  -  Total Local Usage
	0  -  Run Bytes Sent By Job
	0  -  Run Bytes Received By Job
	0  -  Total Bytes Sent By Job
	0  -  Total Bytes Received By Job
	Partitionable Resources :    Usage  Request Allocated
	   Cpus                 :                 1         1
	   Disk (KB)            :        1        1   1684661
	   Gpus                 :                           0
	   Memory (MB)          :      105        1     12899
...
000 (382604.000.000) 05/07 03:40:04 Job submitted from host: <128.83.144.155:57685?addrs=128.83.144.155-57685>
...
001 (382604.000.000) 05/07 04:28:24 Job executing on host: <128.83.144.13:57145?addrs=128.83.144.13-57145>
...
006 (382604.000.000) 05/07 04:28:33 Image size of job updated: 1
	2  -  MemoryUsage of job (MB)
	1676  -  ResidentSetSize of job (KB)
...
006 (382604.000.000) 05/07 04:33:34 Image size of job updated: 1071848
	100  -  MemoryUsage of job (MB)
	102028  -  ResidentSetSize of job (KB)
...
006 (382604.000.000) 05/07 04:38:34 Image size of job updated: 1071848
	103  -  MemoryUsage of job (MB)
	104712  -  ResidentSetSize of job (KB)
...
006 (382604.000.000) 05/07 04:43:35 Image size of job updated: 1071848
	103  -  MemoryUsage of job (MB)
	104936  -  ResidentSetSize of job (KB)
...
006 (382604.000.000) 05/07 04:48:36 Image size of job updated: 1071848
	103  -  MemoryUsage of job (MB)
	105188  -  ResidentSetSize of job (KB)
...
006 (382604.000.000) 05/07 04:48:46 Image size of job updated: 1072104
	103  -  MemoryUsage of job (MB)
	105188  -  ResidentSetSize of job (KB)
...
005 (382604.000.000) 05/07 04:48:46 Job terminated.
	(1) Normal termination (return value 0)
		Usr 0 00:19:55, Sys 0 00:00:24  -  Run Remote Usage
		Usr 0 00:00:00, Sys 0 00:00:00  -  Run Local Usage
		Usr 0 00:19:55, Sys 0 00:00:24  -  Total Remote Usage
		Usr 0 00:00:00, Sys 0 00:00:00  -  Total Local Usage
	0  -  Run Bytes Sent By Job
	0  -  Run Bytes Received By Job
	0  -  Total Bytes Sent By Job
	0  -  Total Bytes Received By Job
	Partitionable Resources :    Usage  Request Allocated
	   Cpus                 :                 1         1
	   Disk (KB)            :        1        1    800034
	   Gpus                 :                           0
	   Memory (MB)          :      103        1     12899
...
000 (518622.000.000) 05/07 13:18:29 Job submitted from host: <128.83.144.149:44250?addrs=128.83.144.149-44250>
...
009 (518622.000.000) 05/07 13:23:36 Job was aborted by the user.
	via condor_rm (by user ypei)
...
000 (518829.000.000) 05/07 13:24:03 Job submitted from host: <128.83.144.149:44250?addrs=128.83.144.149-44250>
...
001 (518829.000.000) 05/07 13:42:00 Job executing on host: <128.83.144.147:58788?addrs=128.83.144.147-58788>
...
006 (518829.000.000) 05/07 13:42:09 Image size of job updated: 340484
	26  -  MemoryUsage of job (MB)
	25644  -  ResidentSetSize of job (KB)
...
006 (518829.000.000) 05/07 13:47:10 Image size of job updated: 1072112
	99  -  MemoryUsage of job (MB)
	100624  -  ResidentSetSize of job (KB)
...
006 (518829.000.000) 05/07 13:52:11 Image size of job updated: 1072112
	101  -  MemoryUsage of job (MB)
	103304  -  ResidentSetSize of job (KB)
...
005 (518829.000.000) 05/07 13:55:55 Job terminated.
	(1) Normal termination (return value 0)
		Usr 0 00:13:39, Sys 0 00:00:07  -  Run Remote Usage
		Usr 0 00:00:00, Sys 0 00:00:00  -  Run Local Usage
		Usr 0 00:13:39, Sys 0 00:00:07  -  Total Remote Usage
		Usr 0 00:00:00, Sys 0 00:00:00  -  Total Local Usage
	0  -  Run Bytes Sent By Job
	0  -  Run Bytes Received By Job
	0  -  Total Bytes Sent By Job
	0  -  Total Bytes Received By Job
	Partitionable Resources :    Usage  Request Allocated
	   Cpus                 :                 1         1
	   Disk (KB)            :        1        1   1862075
	   Gpus                 :                           0
	   Memory (MB)          :      101        1     21164
...
000 (519243.000.000) 05/07 14:36:45 Job submitted from host: <128.83.144.149:44250?addrs=128.83.144.149-44250>
...
001 (519243.000.000) 05/07 14:53:53 Job executing on host: <128.83.130.161:35317?addrs=128.83.130.161-35317>
...
006 (519243.000.000) 05/07 14:54:01 Image size of job updated: 1071784
	87  -  MemoryUsage of job (MB)
	88468  -  ResidentSetSize of job (KB)
...
006 (519243.000.000) 05/07 14:59:01 Image size of job updated: 1072248
	97  -  MemoryUsage of job (MB)
	98588  -  ResidentSetSize of job (KB)
...
006 (519243.000.000) 05/07 15:04:01 Image size of job updated: 1072248
	99  -  MemoryUsage of job (MB)
	101192  -  ResidentSetSize of job (KB)
...
005 (519243.000.000) 05/07 15:08:14 Job terminated.
	(1) Normal termination (return value 0)
		Usr 0 00:13:59, Sys 0 00:00:06  -  Run Remote Usage
		Usr 0 00:00:00, Sys 0 00:00:00  -  Run Local Usage
		Usr 0 00:13:59, Sys 0 00:00:06  -  Total Remote Usage
		Usr 0 00:00:00, Sys 0 00:00:00  -  Total Local Usage
	0  -  Run Bytes Sent By Job
	0  -  Run Bytes Received By Job
	0  -  Total Bytes Sent By Job
	0  -  Total Bytes Received By Job
	Partitionable Resources :    Usage  Request Allocated
	   Cpus                 :                 1         1
	   Disk (KB)            :        1        1   1909593
	   Gpus                 :                           0
	   Memory (MB)          :       99        1     21164
...
000 (383018.000.000) 05/07 20:17:08 Job submitted from host: <128.83.144.155:57685?addrs=128.83.144.155-57685>
...
001 (383018.000.000) 05/07 20:56:41 Job executing on host: <128.83.130.224:54373?addrs=128.83.130.224-54373>
...
006 (383018.000.000) 05/07 20:56:50 Image size of job updated: 2
	2  -  MemoryUsage of job (MB)
	1636  -  ResidentSetSize of job (KB)
...
006 (383018.000.000) 05/07 21:01:51 Image size of job updated: 1071988
	98  -  MemoryUsage of job (MB)
	100000  -  ResidentSetSize of job (KB)
...
006 (383018.000.000) 05/07 21:06:51 Image size of job updated: 1071988
	101  -  MemoryUsage of job (MB)
	102716  -  ResidentSetSize of job (KB)
...
005 (383018.000.000) 05/07 21:08:19 Job terminated.
	(1) Normal termination (return value 0)
		Usr 0 00:11:01, Sys 0 00:00:07  -  Run Remote Usage
		Usr 0 00:00:00, Sys 0 00:00:00  -  Run Local Usage
		Usr 0 00:11:01, Sys 0 00:00:07  -  Total Remote Usage
		Usr 0 00:00:00, Sys 0 00:00:00  -  Total Local Usage
	0  -  Run Bytes Sent By Job
	0  -  Run Bytes Received By Job
	0  -  Total Bytes Sent By Job
	0  -  Total Bytes Received By Job
	Partitionable Resources :    Usage  Request Allocated
	   Cpus                 :                 1         1
	   Disk (KB)            :        2        2   1848087
	   Gpus                 :                           0
	   Memory (MB)          :      101        1     12094
...
000 (384260.000.000) 05/08 05:53:12 Job submitted from host: <128.83.144.155:57685?addrs=128.83.144.155-57685>
...
001 (384260.000.000) 05/08 06:34:33 Job executing on host: <128.83.120.250:59851?addrs=128.83.120.250-59851>
...
006 (384260.000.000) 05/08 06:34:42 Image size of job updated: 1
	2  -  MemoryUsage of job (MB)
	1692  -  ResidentSetSize of job (KB)
...
006 (384260.000.000) 05/08 06:39:43 Image size of job updated: 1071984
	106  -  MemoryUsage of job (MB)
	108248  -  ResidentSetSize of job (KB)
...
006 (384260.000.000) 05/08 06:44:43 Image size of job updated: 1071984
	109  -  MemoryUsage of job (MB)
	110696  -  ResidentSetSize of job (KB)
...
006 (384260.000.000) 05/08 06:49:43 Image size of job updated: 1071984
	109  -  MemoryUsage of job (MB)
	111156  -  ResidentSetSize of job (KB)
...
005 (384260.000.000) 05/08 06:53:13 Job terminated.
	(1) Normal termination (return value 0)
		Usr 0 00:17:47, Sys 0 00:00:34  -  Run Remote Usage
		Usr 0 00:00:00, Sys 0 00:00:00  -  Run Local Usage
		Usr 0 00:17:47, Sys 0 00:00:34  -  Total Remote Usage
		Usr 0 00:00:00, Sys 0 00:00:00  -  Total Local Usage
	0  -  Run Bytes Sent By Job
	0  -  Run Bytes Received By Job
	0  -  Total Bytes Sent By Job
	0  -  Total Bytes Received By Job
	Partitionable Resources :    Usage  Request Allocated
	   Cpus                 :                 1         1
	   Disk (KB)            :        1        1    787838
	   Gpus                 :                           0
	   Memory (MB)          :      109        1     12899
...
000 (417653.000.000) 05/09 03:37:37 Job submitted from host: <128.83.144.154:52346?addrs=128.83.144.154-52346>
...
001 (417653.000.000) 05/09 04:14:31 Job executing on host: <128.83.144.84:60326?addrs=128.83.144.84-60326>
...
006 (417653.000.000) 05/09 04:14:39 Image size of job updated: 1071852
	91  -  MemoryUsage of job (MB)
	93088  -  ResidentSetSize of job (KB)
...
006 (417653.000.000) 05/09 04:19:39 Image size of job updated: 1072108
	97  -  MemoryUsage of job (MB)
	98892  -  ResidentSetSize of job (KB)
...
006 (417653.000.000) 05/09 04:24:40 Image size of job updated: 1072108
	100  -  MemoryUsage of job (MB)
	101552  -  ResidentSetSize of job (KB)
...
005 (417653.000.000) 05/09 04:28:01 Job terminated.
	(1) Normal termination (return value 0)
		Usr 0 00:13:20, Sys 0 00:00:07  -  Run Remote Usage
		Usr 0 00:00:00, Sys 0 00:00:00  -  Run Local Usage
		Usr 0 00:13:20, Sys 0 00:00:07  -  Total Remote Usage
		Usr 0 00:00:00, Sys 0 00:00:00  -  Total Local Usage
	0  -  Run Bytes Sent By Job
	0  -  Run Bytes Received By Job
	0  -  Total Bytes Sent By Job
	0  -  Total Bytes Received By Job
	Partitionable Resources :    Usage  Request Allocated
	   Cpus                 :                 1         1
	   Disk (KB)            :        2        2   7541873
	   Gpus                 :                           0
	   Memory (MB)          :      100        1      4027
...
