000 (515978.000.000) 05/05 17:13:09 Job submitted from host: <128.83.144.149:44250?addrs=128.83.144.149-44250>
...
001 (515978.000.000) 05/05 17:13:31 Job executing on host: <128.83.120.128:51378?addrs=128.83.120.128-51378>
...
006 (515978.000.000) 05/05 17:13:39 Image size of job updated: 942800
	56  -  MemoryUsage of job (MB)
	56524  -  ResidentSetSize of job (KB)
...
006 (515978.000.000) 05/05 17:14:25 Image size of job updated: 943472
	56  -  MemoryUsage of job (MB)
	56524  -  ResidentSetSize of job (KB)
...
004 (515978.000.000) 05/05 17:14:25 Job was evicted.
	(0) Job was not checkpointed.
		Usr 0 00:00:00, Sys 0 00:00:00  -  Run Remote Usage
		Usr 0 00:00:00, Sys 0 00:00:00  -  Run Local Usage
	0  -  Run Bytes Sent By Job
	0  -  Run Bytes Received By Job
	Partitionable Resources :    Usage  Request Allocated
	   Cpus                 :                 1         1
	   Disk (KB)            :        1        1    812221
	   Gpus                 :                           0
	   Memory (MB)          :       56        1     12899
...
009 (515978.000.000) 05/05 17:14:26 Job was aborted by the user.
	via condor_rm (by user ypei)
...
000 (516203.000.000) 05/05 17:14:51 Job submitted from host: <128.83.144.149:44250?addrs=128.83.144.149-44250>
...
001 (516203.000.000) 05/05 17:15:00 Job executing on host: <128.83.144.13:57145?addrs=128.83.144.13-57145>
...
006 (516203.000.000) 05/05 17:15:09 Image size of job updated: 942960
	56  -  MemoryUsage of job (MB)
	56780  -  ResidentSetSize of job (KB)
...
006 (516203.000.000) 05/05 17:18:09 Image size of job updated: 1117728
	56  -  MemoryUsage of job (MB)
	56780  -  ResidentSetSize of job (KB)
...
004 (516203.000.000) 05/05 17:18:09 Job was evicted.
	(0) Job was not checkpointed.
		Usr 0 00:00:54, Sys 0 00:00:02  -  Run Remote Usage
		Usr 0 00:00:00, Sys 0 00:00:00  -  Run Local Usage
	0  -  Run Bytes Sent By Job
	0  -  Run Bytes Received By Job
	Partitionable Resources :    Usage  Request Allocated
	   Cpus                 :                 1         1
	   Disk (KB)            :        1        1    824391
	   Gpus                 :                           0
	   Memory (MB)          :       56        1     12899
...
009 (516203.000.000) 05/05 17:18:10 Job was aborted by the user.
	via condor_rm (by user ypei)
...
000 (516410.000.000) 05/05 17:18:22 Job submitted from host: <128.83.144.149:44250?addrs=128.83.144.149-44250>
...
001 (516410.000.000) 05/05 17:18:31 Job executing on host: <128.83.120.229:58979?addrs=128.83.120.229-58979>
...
006 (516410.000.000) 05/05 17:18:39 Image size of job updated: 372756
	28  -  MemoryUsage of job (MB)
	28632  -  ResidentSetSize of job (KB)
...
010 (516410.000.000) 05/05 17:20:42 Job was suspended.
	Number of processes actually suspended: 8
...
006 (516410.000.000) 05/05 17:20:42 Image size of job updated: 1117708
	145  -  MemoryUsage of job (MB)
	147812  -  ResidentSetSize of job (KB)
...
011 (516410.000.000) 05/05 17:20:56 Job was unsuspended.
...
006 (516410.000.000) 05/05 17:21:19 Image size of job updated: 1117728
	145  -  MemoryUsage of job (MB)
	147812  -  ResidentSetSize of job (KB)
...
004 (516410.000.000) 05/05 17:21:19 Job was evicted.
	(0) Job was not checkpointed.
		Usr 0 00:01:05, Sys 0 00:00:02  -  Run Remote Usage
		Usr 0 00:00:00, Sys 0 00:00:00  -  Run Local Usage
	0  -  Run Bytes Sent By Job
	0  -  Run Bytes Received By Job
	Partitionable Resources :    Usage  Request Allocated
	   Cpus                 :                 1         1
	   Disk (KB)            :        1        1    828960
	   Gpus                 :                           0
	   Memory (MB)          :      145        1     12899
...
009 (516410.000.000) 05/05 17:21:20 Job was aborted by the user.
	via condor_rm (by user ypei)
...
000 (517031.000.000) 05/05 17:21:44 Job submitted from host: <128.83.144.149:44250?addrs=128.83.144.149-44250>
...
001 (517031.000.000) 05/05 17:21:53 Job executing on host: <128.83.120.250:59851?addrs=128.83.120.250-59851>
...
006 (517031.000.000) 05/05 17:22:02 Image size of job updated: 942960
	56  -  MemoryUsage of job (MB)
	56756  -  ResidentSetSize of job (KB)
...
006 (517031.000.000) 05/05 17:27:03 Image size of job updated: 1117848
	159  -  MemoryUsage of job (MB)
	162476  -  ResidentSetSize of job (KB)
...
006 (517031.000.000) 05/05 17:32:03 Image size of job updated: 1117872
	171  -  MemoryUsage of job (MB)
	175064  -  ResidentSetSize of job (KB)
...
006 (517031.000.000) 05/05 17:37:03 Image size of job updated: 1117952
	183  -  MemoryUsage of job (MB)
	186480  -  ResidentSetSize of job (KB)
...
006 (517031.000.000) 05/05 17:42:04 Image size of job updated: 1184516
	220  -  MemoryUsage of job (MB)
	224496  -  ResidentSetSize of job (KB)
...
006 (517031.000.000) 05/05 17:47:04 Image size of job updated: 1184776
	248  -  MemoryUsage of job (MB)
	253084  -  ResidentSetSize of job (KB)
...
006 (517031.000.000) 05/05 17:51:30 Image size of job updated: 1184848
	248  -  MemoryUsage of job (MB)
	253084  -  ResidentSetSize of job (KB)
...
005 (517031.000.000) 05/05 17:51:30 Job terminated.
	(1) Normal termination (return value 0)
		Usr 0 00:27:53, Sys 0 00:00:29  -  Run Remote Usage
		Usr 0 00:00:00, Sys 0 00:00:00  -  Run Local Usage
		Usr 0 00:27:53, Sys 0 00:00:29  -  Total Remote Usage
		Usr 0 00:00:00, Sys 0 00:00:00  -  Total Local Usage
	0  -  Run Bytes Sent By Job
	0  -  Run Bytes Received By Job
	0  -  Total Bytes Sent By Job
	0  -  Total Bytes Received By Job
	Partitionable Resources :    Usage  Request Allocated
	   Cpus                 :                 1         1
	   Disk (KB)            :        1        1    815265
	   Gpus                 :                           0
	   Memory (MB)          :      248        1     12899
...
000 (518066.000.000) 05/06 21:33:03 Job submitted from host: <128.83.144.149:44250?addrs=128.83.144.149-44250>
...
001 (518066.000.000) 05/06 21:33:15 Job executing on host: <128.83.144.112:35333?addrs=128.83.144.112-35333>
...
006 (518066.000.000) 05/06 21:33:23 Image size of job updated: 340460
	21  -  MemoryUsage of job (MB)
	21300  -  ResidentSetSize of job (KB)
...
006 (518066.000.000) 05/06 21:33:45 Image size of job updated: 945156
	57  -  MemoryUsage of job (MB)
	57844  -  ResidentSetSize of job (KB)
...
004 (518066.000.000) 05/06 21:33:45 Job was evicted.
	(0) Job was not checkpointed.
		Usr 0 00:00:00, Sys 0 00:00:00  -  Run Remote Usage
		Usr 0 00:00:00, Sys 0 00:00:00  -  Run Local Usage
	0  -  Run Bytes Sent By Job
	0  -  Run Bytes Received By Job
	Partitionable Resources :    Usage  Request Allocated
	   Cpus                 :                 1         1
	   Disk (KB)            :        1        1    803081
	   Gpus                 :                           0
	   Memory (MB)          :       57        1     12899
...
009 (518066.000.000) 05/06 21:33:45 Job was aborted by the user.
	via condor_rm (by user ypei)
...
000 (518273.000.000) 05/06 21:34:11 Job submitted from host: <128.83.144.149:44250?addrs=128.83.144.149-44250>
...
001 (518273.000.000) 05/06 21:34:22 Job executing on host: <128.83.139.9:47643?addrs=128.83.139.9-47643>
...
006 (518273.000.000) 05/06 21:34:30 Image size of job updated: 340324
	21  -  MemoryUsage of job (MB)
	21272  -  ResidentSetSize of job (KB)
...
006 (518273.000.000) 05/06 21:39:30 Image size of job updated: 1117880
	157  -  MemoryUsage of job (MB)
	160368  -  ResidentSetSize of job (KB)
...
006 (518273.000.000) 05/06 21:44:31 Image size of job updated: 1117908
	169  -  MemoryUsage of job (MB)
	172076  -  ResidentSetSize of job (KB)
...
006 (518273.000.000) 05/06 21:49:32 Image size of job updated: 1117980
	178  -  MemoryUsage of job (MB)
	181704  -  ResidentSetSize of job (KB)
...
006 (518273.000.000) 05/06 21:54:32 Image size of job updated: 1118332
	187  -  MemoryUsage of job (MB)
	190712  -  ResidentSetSize of job (KB)
...
006 (518273.000.000) 05/06 21:59:32 Image size of job updated: 1184588
	224  -  MemoryUsage of job (MB)
	229232  -  ResidentSetSize of job (KB)
...
006 (518273.000.000) 05/06 22:04:33 Image size of job updated: 1184808
	247  -  MemoryUsage of job (MB)
	252624  -  ResidentSetSize of job (KB)
...
006 (518273.000.000) 05/06 22:07:07 Image size of job updated: 1184880
	247  -  MemoryUsage of job (MB)
	252624  -  ResidentSetSize of job (KB)
...
005 (518273.000.000) 05/06 22:07:07 Job terminated.
	(1) Normal termination (return value 0)
		Usr 0 00:31:01, Sys 0 00:00:35  -  Run Remote Usage
		Usr 0 00:00:00, Sys 0 00:00:00  -  Run Local Usage
		Usr 0 00:31:01, Sys 0 00:00:35  -  Total Remote Usage
		Usr 0 00:00:00, Sys 0 00:00:00  -  Total Local Usage
	0  -  Run Bytes Sent By Job
	0  -  Run Bytes Received By Job
	0  -  Total Bytes Sent By Job
	0  -  Total Bytes Received By Job
	Partitionable Resources :    Usage  Request Allocated
	   Cpus                 :                 1         1
	   Disk (KB)            :        1        1   1678568
	   Gpus                 :                           0
	   Memory (MB)          :      247        1     12899
...
000 (381841.000.000) 05/07 00:29:02 Job submitted from host: <128.83.144.155:57685?addrs=128.83.144.155-57685>
...
001 (381841.000.000) 05/07 00:29:16 Job executing on host: <128.83.120.128:51378?addrs=128.83.120.128-51378>
...
006 (381841.000.000) 05/07 00:29:24 Image size of job updated: 943612
	53  -  MemoryUsage of job (MB)
	53436  -  ResidentSetSize of job (KB)
...
006 (381841.000.000) 05/07 00:34:24 Image size of job updated: 1118044
	156  -  MemoryUsage of job (MB)
	159640  -  ResidentSetSize of job (KB)
...
006 (381841.000.000) 05/07 00:39:25 Image size of job updated: 1118300
	169  -  MemoryUsage of job (MB)
	172080  -  ResidentSetSize of job (KB)
...
006 (381841.000.000) 05/07 00:44:26 Image size of job updated: 1118384
	179  -  MemoryUsage of job (MB)
	183208  -  ResidentSetSize of job (KB)
...
006 (381841.000.000) 05/07 00:49:26 Image size of job updated: 1184728
	217  -  MemoryUsage of job (MB)
	221976  -  ResidentSetSize of job (KB)
...
006 (381841.000.000) 05/07 00:54:27 Image size of job updated: 1184948
	245  -  MemoryUsage of job (MB)
	250456  -  ResidentSetSize of job (KB)
...
006 (381841.000.000) 05/07 00:57:24 Image size of job updated: 1185020
	245  -  MemoryUsage of job (MB)
	250456  -  ResidentSetSize of job (KB)
...
005 (381841.000.000) 05/07 00:57:24 Job terminated.
	(1) Normal termination (return value 0)
		Usr 0 00:26:31, Sys 0 00:00:30  -  Run Remote Usage
		Usr 0 00:00:00, Sys 0 00:00:00  -  Run Local Usage
		Usr 0 00:26:31, Sys 0 00:00:30  -  Total Remote Usage
		Usr 0 00:00:00, Sys 0 00:00:00  -  Total Local Usage
	0  -  Run Bytes Sent By Job
	0  -  Run Bytes Received By Job
	0  -  Total Bytes Sent By Job
	0  -  Total Bytes Received By Job
	Partitionable Resources :    Usage  Request Allocated
	   Cpus                 :                 1         1
	   Disk (KB)            :        1        1    803079
	   Gpus                 :                           0
	   Memory (MB)          :      245        1     12899
...
