000 (515988.000.000) 05/05 17:13:10 Job submitted from host: <128.83.144.149:44250?addrs=128.83.144.149-44250>
...
001 (515988.000.000) 05/05 17:13:32 Job executing on host: <128.83.120.128:51378?addrs=128.83.120.128-51378>
...
006 (515988.000.000) 05/05 17:13:40 Image size of job updated: 776716
	56  -  MemoryUsage of job (MB)
	56520  -  ResidentSetSize of job (KB)
...
006 (515988.000.000) 05/05 17:14:25 Image size of job updated: 777388
	56  -  MemoryUsage of job (MB)
	56520  -  ResidentSetSize of job (KB)
...
004 (515988.000.000) 05/05 17:14:25 Job was evicted.
	(0) Job was not checkpointed.
		Usr 0 00:00:00, Sys 0 00:00:00  -  Run Remote Usage
		Usr 0 00:00:00, Sys 0 00:00:00  -  Run Local Usage
	0  -  Run Bytes Sent By Job
	0  -  Run Bytes Received By Job
	Partitionable Resources :    Usage  Request Allocated
	   Cpus                 :                 1         1
	   Disk (KB)            :        2        2    812221
	   Gpus                 :                           0
	   Memory (MB)          :       56        1     12899
...
009 (515988.000.000) 05/05 17:14:25 Job was aborted by the user.
	via condor_rm (by user ypei)
...
000 (516213.000.000) 05/05 17:14:52 Job submitted from host: <128.83.144.149:44250?addrs=128.83.144.149-44250>
...
001 (516213.000.000) 05/05 17:15:01 Job executing on host: <128.83.144.13:57145?addrs=128.83.144.13-57145>
...
006 (516213.000.000) 05/05 17:15:09 Image size of job updated: 776740
	56  -  MemoryUsage of job (MB)
	56756  -  ResidentSetSize of job (KB)
...
006 (516213.000.000) 05/05 17:18:09 Image size of job updated: 1012032
	56  -  MemoryUsage of job (MB)
	56756  -  ResidentSetSize of job (KB)
...
004 (516213.000.000) 05/05 17:18:09 Job was evicted.
	(0) Job was not checkpointed.
		Usr 0 00:00:54, Sys 0 00:00:01  -  Run Remote Usage
		Usr 0 00:00:00, Sys 0 00:00:00  -  Run Local Usage
	0  -  Run Bytes Sent By Job
	0  -  Run Bytes Received By Job
	Partitionable Resources :    Usage  Request Allocated
	   Cpus                 :                 1         1
	   Disk (KB)            :        2        2    824403
	   Gpus                 :                           0
	   Memory (MB)          :       56        1     12899
...
009 (516213.000.000) 05/05 17:18:10 Job was aborted by the user.
	via condor_rm (by user ypei)
...
000 (516420.000.000) 05/05 17:18:23 Job submitted from host: <128.83.144.149:44250?addrs=128.83.144.149-44250>
...
001 (516420.000.000) 05/05 17:18:32 Job executing on host: <128.83.120.229:58979?addrs=128.83.120.229-58979>
...
006 (516420.000.000) 05/05 17:18:40 Image size of job updated: 340200
	20  -  MemoryUsage of job (MB)
	20164  -  ResidentSetSize of job (KB)
...
006 (516420.000.000) 05/05 17:21:19 Image size of job updated: 1012036
	20  -  MemoryUsage of job (MB)
	20164  -  ResidentSetSize of job (KB)
...
004 (516420.000.000) 05/05 17:21:19 Job was evicted.
	(0) Job was not checkpointed.
		Usr 0 00:01:19, Sys 0 00:00:01  -  Run Remote Usage
		Usr 0 00:00:00, Sys 0 00:00:00  -  Run Local Usage
	0  -  Run Bytes Sent By Job
	0  -  Run Bytes Received By Job
	Partitionable Resources :    Usage  Request Allocated
	   Cpus                 :                 1         1
	   Disk (KB)            :        2        2    828963
	   Gpus                 :                           0
	   Memory (MB)          :       20        1     12899
...
009 (516420.000.000) 05/05 17:21:20 Job was aborted by the user.
	via condor_rm (by user ypei)
...
000 (517041.000.000) 05/05 17:21:46 Job submitted from host: <128.83.144.149:44250?addrs=128.83.144.149-44250>
...
001 (517041.000.000) 05/05 17:21:53 Job executing on host: <128.83.120.229:58979?addrs=128.83.120.229-58979>
...
006 (517041.000.000) 05/05 17:22:02 Image size of job updated: 777256
	54  -  MemoryUsage of job (MB)
	55200  -  ResidentSetSize of job (KB)
...
006 (517041.000.000) 05/05 17:27:03 Image size of job updated: 1078196
	238  -  MemoryUsage of job (MB)
	243512  -  ResidentSetSize of job (KB)
...
006 (517041.000.000) 05/05 17:32:04 Image size of job updated: 1078832
	239  -  MemoryUsage of job (MB)
	244200  -  ResidentSetSize of job (KB)
...
006 (517041.000.000) 05/05 17:37:04 Image size of job updated: 1078880
	239  -  MemoryUsage of job (MB)
	244508  -  ResidentSetSize of job (KB)
...
005 (517041.000.000) 05/05 17:40:26 Job terminated.
	(1) Normal termination (return value 0)
		Usr 0 00:17:06, Sys 0 00:00:12  -  Run Remote Usage
		Usr 0 00:00:00, Sys 0 00:00:00  -  Run Local Usage
		Usr 0 00:17:06, Sys 0 00:00:12  -  Total Remote Usage
		Usr 0 00:00:00, Sys 0 00:00:00  -  Total Local Usage
	0  -  Run Bytes Sent By Job
	0  -  Run Bytes Received By Job
	0  -  Total Bytes Sent By Job
	0  -  Total Bytes Received By Job
	Partitionable Resources :    Usage  Request Allocated
	   Cpus                 :                 1         1
	   Disk (KB)            :        2        2    828961
	   Gpus                 :                           0
	   Memory (MB)          :      239        1     12899
...
000 (382472.000.000) 05/07 03:39:53 Job submitted from host: <128.83.144.155:57685?addrs=128.83.144.155-57685>
...
001 (382472.000.000) 05/07 04:09:40 Job executing on host: <128.83.144.5:44408?addrs=128.83.144.5-44408>
...
006 (382472.000.000) 05/07 04:09:48 Image size of job updated: 341136
	22  -  MemoryUsage of job (MB)
	22096  -  ResidentSetSize of job (KB)
...
006 (382472.000.000) 05/07 04:14:48 Image size of job updated: 1078724
	237  -  MemoryUsage of job (MB)
	241832  -  ResidentSetSize of job (KB)
...
006 (382472.000.000) 05/07 04:19:48 Image size of job updated: 1078748
	237  -  MemoryUsage of job (MB)
	242048  -  ResidentSetSize of job (KB)
...
006 (382472.000.000) 05/07 04:24:49 Image size of job updated: 1078796
	237  -  MemoryUsage of job (MB)
	242148  -  ResidentSetSize of job (KB)
...
005 (382472.000.000) 05/07 04:26:46 Job terminated.
	(1) Normal termination (return value 0)
		Usr 0 00:16:21, Sys 0 00:00:19  -  Run Remote Usage
		Usr 0 00:00:00, Sys 0 00:00:00  -  Run Local Usage
		Usr 0 00:16:21, Sys 0 00:00:19  -  Total Remote Usage
		Usr 0 00:00:00, Sys 0 00:00:00  -  Total Local Usage
	0  -  Run Bytes Sent By Job
	0  -  Run Bytes Received By Job
	0  -  Total Bytes Sent By Job
	0  -  Total Bytes Received By Job
	Partitionable Resources :    Usage  Request Allocated
	   Cpus                 :                 1         1
	   Disk (KB)            :        2        2    790395
	   Gpus                 :                           0
	   Memory (MB)          :      237        1     12899
...
000 (518490.000.000) 05/07 13:18:18 Job submitted from host: <128.83.144.149:44250?addrs=128.83.144.149-44250>
...
001 (518490.000.000) 05/07 13:18:54 Job executing on host: <128.83.120.229:58979?addrs=128.83.120.229-58979>
...
006 (518490.000.000) 05/07 13:19:02 Image size of job updated: 776744
	54  -  MemoryUsage of job (MB)
	54696  -  ResidentSetSize of job (KB)
...
006 (518490.000.000) 05/07 13:23:38 Image size of job updated: 1078552
	234  -  MemoryUsage of job (MB)
	238624  -  ResidentSetSize of job (KB)
...
004 (518490.000.000) 05/07 13:23:38 Job was evicted.
	(0) Job was not checkpointed.
		Usr 0 00:03:21, Sys 0 00:00:03  -  Run Remote Usage
		Usr 0 00:00:00, Sys 0 00:00:00  -  Run Local Usage
	0  -  Run Bytes Sent By Job
	0  -  Run Bytes Received By Job
	Partitionable Resources :    Usage  Request Allocated
	   Cpus                 :                 1         1
	   Disk (KB)            :        2        2    800016
	   Gpus                 :                           0
	   Memory (MB)          :      234        1     12899
...
009 (518490.000.000) 05/07 13:23:39 Job was aborted by the user.
	via condor_rm (by user ypei)
...
000 (518697.000.000) 05/07 13:23:48 Job submitted from host: <128.83.144.149:44250?addrs=128.83.144.149-44250>
...
001 (518697.000.000) 05/07 13:23:55 Job executing on host: <128.83.144.147:58788?addrs=128.83.144.147-58788>
...
006 (518697.000.000) 05/07 13:24:03 Image size of job updated: 776740
	56  -  MemoryUsage of job (MB)
	56752  -  ResidentSetSize of job (KB)
...
006 (518697.000.000) 05/07 13:29:03 Image size of job updated: 1078876
	241  -  MemoryUsage of job (MB)
	246128  -  ResidentSetSize of job (KB)
...
006 (518697.000.000) 05/07 13:34:04 Image size of job updated: 1078916
	241  -  MemoryUsage of job (MB)
	246252  -  ResidentSetSize of job (KB)
...
006 (518697.000.000) 05/07 13:39:05 Image size of job updated: 1078964
	241  -  MemoryUsage of job (MB)
	246616  -  ResidentSetSize of job (KB)
...
005 (518697.000.000) 05/07 13:39:46 Job terminated.
	(1) Normal termination (return value 0)
		Usr 0 00:14:50, Sys 0 00:00:08  -  Run Remote Usage
		Usr 0 00:00:00, Sys 0 00:00:00  -  Run Local Usage
		Usr 0 00:14:50, Sys 0 00:00:08  -  Total Remote Usage
		Usr 0 00:00:00, Sys 0 00:00:00  -  Total Local Usage
	0  -  Run Bytes Sent By Job
	0  -  Run Bytes Received By Job
	0  -  Total Bytes Sent By Job
	0  -  Total Bytes Received By Job
	Partitionable Resources :    Usage  Request Allocated
	   Cpus                 :                 1         1
	   Disk (KB)            :        2        2   1862075
	   Gpus                 :                           0
	   Memory (MB)          :      241        1     21164
...
000 (519111.000.000) 05/07 14:36:28 Job submitted from host: <128.83.144.149:44250?addrs=128.83.144.149-44250>
...
001 (519111.000.000) 05/07 14:36:40 Job executing on host: <128.83.130.161:35317?addrs=128.83.130.161-35317>
...
006 (519111.000.000) 05/07 14:36:48 Image size of job updated: 776744
	56  -  MemoryUsage of job (MB)
	56804  -  ResidentSetSize of job (KB)
...
006 (519111.000.000) 05/07 14:41:48 Image size of job updated: 1078880
	241  -  MemoryUsage of job (MB)
	246300  -  ResidentSetSize of job (KB)
...
006 (519111.000.000) 05/07 14:46:49 Image size of job updated: 1078928
	241  -  MemoryUsage of job (MB)
	246440  -  ResidentSetSize of job (KB)
...
006 (519111.000.000) 05/07 14:51:24 Image size of job updated: 1078968
	241  -  MemoryUsage of job (MB)
	246440  -  ResidentSetSize of job (KB)
...
005 (519111.000.000) 05/07 14:51:24 Job terminated.
	(1) Normal termination (return value 0)
		Usr 0 00:13:33, Sys 0 00:00:07  -  Run Remote Usage
		Usr 0 00:00:00, Sys 0 00:00:00  -  Run Local Usage
		Usr 0 00:13:33, Sys 0 00:00:07  -  Total Remote Usage
		Usr 0 00:00:00, Sys 0 00:00:00  -  Total Local Usage
	0  -  Run Bytes Sent By Job
	0  -  Run Bytes Received By Job
	0  -  Total Bytes Sent By Job
	0  -  Total Bytes Received By Job
	Partitionable Resources :    Usage  Request Allocated
	   Cpus                 :                 1         1
	   Disk (KB)            :        2        2   1909593
	   Gpus                 :                           0
	   Memory (MB)          :      241        1     21164
...
000 (382886.000.000) 05/07 20:16:58 Job submitted from host: <128.83.144.155:57685?addrs=128.83.144.155-57685>
...
001 (382886.000.000) 05/07 20:40:25 Job executing on host: <128.83.144.13:57145?addrs=128.83.144.13-57145>
...
006 (382886.000.000) 05/07 20:40:34 Image size of job updated: 946672
	79  -  MemoryUsage of job (MB)
	80172  -  ResidentSetSize of job (KB)
...
006 (382886.000.000) 05/07 20:45:35 Image size of job updated: 1078724
	239  -  MemoryUsage of job (MB)
	243804  -  ResidentSetSize of job (KB)
...
006 (382886.000.000) 05/07 20:50:35 Image size of job updated: 1078748
	239  -  MemoryUsage of job (MB)
	243964  -  ResidentSetSize of job (KB)
...
006 (382886.000.000) 05/07 20:55:36 Image size of job updated: 1078796
	239  -  MemoryUsage of job (MB)
	244064  -  ResidentSetSize of job (KB)
...
005 (382886.000.000) 05/07 20:58:18 Job terminated.
	(1) Normal termination (return value 0)
		Usr 0 00:17:09, Sys 0 00:00:22  -  Run Remote Usage
		Usr 0 00:00:00, Sys 0 00:00:00  -  Run Local Usage
		Usr 0 00:17:09, Sys 0 00:00:22  -  Total Remote Usage
		Usr 0 00:00:00, Sys 0 00:00:00  -  Total Local Usage
	0  -  Run Bytes Sent By Job
	0  -  Run Bytes Received By Job
	0  -  Total Bytes Sent By Job
	0  -  Total Bytes Received By Job
	Partitionable Resources :    Usage  Request Allocated
	   Cpus                 :                 1         1
	   Disk (KB)            :        2        2    796973
	   Gpus                 :                           0
	   Memory (MB)          :      239        1     12899
...
000 (384128.000.000) 05/08 05:53:01 Job submitted from host: <128.83.144.155:57685?addrs=128.83.144.155-57685>
...
001 (384128.000.000) 05/08 06:18:00 Job executing on host: <128.83.144.13:57145?addrs=128.83.144.13-57145>
...
006 (384128.000.000) 05/08 06:18:09 Image size of job updated: 782404
	60  -  MemoryUsage of job (MB)
	60748  -  ResidentSetSize of job (KB)
...
006 (384128.000.000) 05/08 06:23:10 Image size of job updated: 1078724
	237  -  MemoryUsage of job (MB)
	241956  -  ResidentSetSize of job (KB)
...
006 (384128.000.000) 05/08 06:28:11 Image size of job updated: 1078748
	237  -  MemoryUsage of job (MB)
	242144  -  ResidentSetSize of job (KB)
...
006 (384128.000.000) 05/08 06:33:11 Image size of job updated: 1078796
	237  -  MemoryUsage of job (MB)
	242244  -  ResidentSetSize of job (KB)
...
006 (384128.000.000) 05/08 06:35:41 Image size of job updated: 1079052
	237  -  MemoryUsage of job (MB)
	242244  -  ResidentSetSize of job (KB)
...
005 (384128.000.000) 05/08 06:35:41 Job terminated.
	(1) Normal termination (return value 0)
		Usr 0 00:16:57, Sys 0 00:00:22  -  Run Remote Usage
		Usr 0 00:00:00, Sys 0 00:00:00  -  Run Local Usage
		Usr 0 00:16:57, Sys 0 00:00:22  -  Total Remote Usage
		Usr 0 00:00:00, Sys 0 00:00:00  -  Total Local Usage
	0  -  Run Bytes Sent By Job
	0  -  Run Bytes Received By Job
	0  -  Total Bytes Sent By Job
	0  -  Total Bytes Received By Job
	Partitionable Resources :    Usage  Request Allocated
	   Cpus                 :                 1         1
	   Disk (KB)            :        2        2    796969
	   Gpus                 :                           0
	   Memory (MB)          :      237        1     12899
...
000 (417521.000.000) 05/09 03:37:26 Job submitted from host: <128.83.144.154:52346?addrs=128.83.144.154-52346>
...
001 (417521.000.000) 05/09 04:00:36 Job executing on host: <128.83.139.143:55125?addrs=128.83.139.143-55125>
...
006 (417521.000.000) 05/09 04:00:45 Image size of job updated: 782264
	62  -  MemoryUsage of job (MB)
	62592  -  ResidentSetSize of job (KB)
...
006 (417521.000.000) 05/09 04:05:46 Image size of job updated: 1078880
	237  -  MemoryUsage of job (MB)
	242212  -  ResidentSetSize of job (KB)
...
006 (417521.000.000) 05/09 04:10:47 Image size of job updated: 1078928
	237  -  MemoryUsage of job (MB)
	242340  -  ResidentSetSize of job (KB)
...
006 (417521.000.000) 05/09 04:15:34 Image size of job updated: 1078968
	237  -  MemoryUsage of job (MB)
	242340  -  ResidentSetSize of job (KB)
...
005 (417521.000.000) 05/09 04:15:34 Job terminated.
	(1) Normal termination (return value 0)
		Usr 0 00:14:34, Sys 0 00:00:09  -  Run Remote Usage
		Usr 0 00:00:00, Sys 0 00:00:00  -  Run Local Usage
		Usr 0 00:14:34, Sys 0 00:00:09  -  Total Remote Usage
		Usr 0 00:00:00, Sys 0 00:00:00  -  Total Local Usage
	0  -  Run Bytes Sent By Job
	0  -  Run Bytes Received By Job
	0  -  Total Bytes Sent By Job
	0  -  Total Bytes Received By Job
	Partitionable Resources :    Usage  Request Allocated
	   Cpus                 :                 1         1
	   Disk (KB)            :        2        2   7539964
	   Gpus                 :                           0
	   Memory (MB)          :      237        1      4027
...
