000 (516039.000.000) 05/05 17:13:15 Job submitted from host: <128.83.144.149:44250?addrs=128.83.144.149-44250>
...
001 (516039.000.000) 05/05 17:13:34 Job executing on host: <128.83.120.229:58979?addrs=128.83.120.229-58979>
...
006 (516039.000.000) 05/05 17:13:43 Image size of job updated: 831280
	52  -  MemoryUsage of job (MB)
	52928  -  ResidentSetSize of job (KB)
...
006 (516039.000.000) 05/05 17:14:27 Image size of job updated: 832812
	52  -  MemoryUsage of job (MB)
	52928  -  ResidentSetSize of job (KB)
...
004 (516039.000.000) 05/05 17:14:27 Job was evicted.
	(0) Job was not checkpointed.
		Usr 0 00:00:00, Sys 0 00:00:00  -  Run Remote Usage
		Usr 0 00:00:00, Sys 0 00:00:00  -  Run Local Usage
	0  -  Run Bytes Sent By Job
	0  -  Run Bytes Received By Job
	Partitionable Resources :    Usage  Request Allocated
	   Cpus                 :                 1         1
	   Disk (KB)            :        1        1    828970
	   Gpus                 :                           0
	   Memory (MB)          :       52        1     12899
...
009 (516039.000.000) 05/05 17:14:28 Job was aborted by the user.
	via condor_rm (by user ypei)
...
000 (516264.000.000) 05/05 17:14:57 Job submitted from host: <128.83.144.149:44250?addrs=128.83.144.149-44250>
...
001 (516264.000.000) 05/05 17:15:04 Job executing on host: <128.83.139.14:44306?addrs=128.83.139.14-44306>
...
006 (516264.000.000) 05/05 17:15:12 Image size of job updated: 340328
	21  -  MemoryUsage of job (MB)
	21316  -  ResidentSetSize of job (KB)
...
006 (516264.000.000) 05/05 17:18:12 Image size of job updated: 1002548
	21  -  MemoryUsage of job (MB)
	21316  -  ResidentSetSize of job (KB)
...
004 (516264.000.000) 05/05 17:18:12 Job was evicted.
	(0) Job was not checkpointed.
		Usr 0 00:01:14, Sys 0 00:00:00  -  Run Remote Usage
		Usr 0 00:00:00, Sys 0 00:00:00  -  Run Local Usage
	0  -  Run Bytes Sent By Job
	0  -  Run Bytes Received By Job
	Partitionable Resources :    Usage  Request Allocated
	   Cpus                 :                 1         1
	   Disk (KB)            :        1        1   1695320
	   Gpus                 :                           0
	   Memory (MB)          :       21        1     12899
...
009 (516264.000.000) 05/05 17:18:12 Job was aborted by the user.
	via condor_rm (by user ypei)
...
000 (516471.000.000) 05/05 17:18:27 Job submitted from host: <128.83.144.149:44250?addrs=128.83.144.149-44250>
...
001 (516471.000.000) 05/05 17:18:33 Job executing on host: <128.83.139.14:44306?addrs=128.83.139.14-44306>
...
006 (516471.000.000) 05/05 17:18:42 Image size of job updated: 831280
	56  -  MemoryUsage of job (MB)
	56988  -  ResidentSetSize of job (KB)
...
006 (516471.000.000) 05/05 17:21:21 Image size of job updated: 1002548
	191  -  MemoryUsage of job (MB)
	194808  -  ResidentSetSize of job (KB)
...
004 (516471.000.000) 05/05 17:21:21 Job was evicted.
	(0) Job was not checkpointed.
		Usr 0 00:01:15, Sys 0 00:00:01  -  Run Remote Usage
		Usr 0 00:00:00, Sys 0 00:00:00  -  Run Local Usage
	0  -  Run Bytes Sent By Job
	0  -  Run Bytes Received By Job
	Partitionable Resources :    Usage  Request Allocated
	   Cpus                 :                 1         1
	   Disk (KB)            :        1        1   1695320
	   Gpus                 :                           0
	   Memory (MB)          :      191        1     12899
...
009 (516471.000.000) 05/05 17:21:21 Job was aborted by the user.
	via condor_rm (by user ypei)
...
000 (517092.000.000) 05/05 17:21:55 Job submitted from host: <128.83.144.149:44250?addrs=128.83.144.149-44250>
...
001 (517092.000.000) 05/05 17:22:23 Job executing on host: <128.83.144.13:57145?addrs=128.83.144.13-57145>
...
006 (517092.000.000) 05/05 17:22:32 Image size of job updated: 410472
	38  -  MemoryUsage of job (MB)
	38648  -  ResidentSetSize of job (KB)
...
006 (517092.000.000) 05/05 17:27:33 Image size of job updated: 1002544
	200  -  MemoryUsage of job (MB)
	203880  -  ResidentSetSize of job (KB)
...
006 (517092.000.000) 05/05 17:32:33 Image size of job updated: 1002544
	204  -  MemoryUsage of job (MB)
	208432  -  ResidentSetSize of job (KB)
...
006 (517092.000.000) 05/05 17:37:34 Image size of job updated: 1002544
	205  -  MemoryUsage of job (MB)
	209872  -  ResidentSetSize of job (KB)
...
006 (517092.000.000) 05/05 17:40:40 Image size of job updated: 1002804
	205  -  MemoryUsage of job (MB)
	209872  -  ResidentSetSize of job (KB)
...
005 (517092.000.000) 05/05 17:40:40 Job terminated.
	(1) Normal termination (return value 0)
		Usr 0 00:16:47, Sys 0 00:00:13  -  Run Remote Usage
		Usr 0 00:00:00, Sys 0 00:00:00  -  Run Local Usage
		Usr 0 00:16:47, Sys 0 00:00:13  -  Total Remote Usage
		Usr 0 00:00:00, Sys 0 00:00:00  -  Total Local Usage
	0  -  Run Bytes Sent By Job
	0  -  Run Bytes Received By Job
	0  -  Total Bytes Sent By Job
	0  -  Total Bytes Received By Job
	Partitionable Resources :    Usage  Request Allocated
	   Cpus                 :                 1         1
	   Disk (KB)            :        1        1    824402
	   Gpus                 :                           0
	   Memory (MB)          :      205        1     12899
...
000 (518127.000.000) 05/06 21:33:08 Job submitted from host: <128.83.144.149:44250?addrs=128.83.144.149-44250>
...
001 (518127.000.000) 05/06 21:33:17 Job executing on host: <128.83.120.230:37764?addrs=128.83.120.230-37764>
...
006 (518127.000.000) 05/06 21:33:26 Image size of job updated: 831416
	56  -  MemoryUsage of job (MB)
	57000  -  ResidentSetSize of job (KB)
...
006 (518127.000.000) 05/06 21:33:45 Image size of job updated: 833072
	56  -  MemoryUsage of job (MB)
	57000  -  ResidentSetSize of job (KB)
...
004 (518127.000.000) 05/06 21:33:45 Job was evicted.
	(0) Job was not checkpointed.
		Usr 0 00:00:00, Sys 0 00:00:00  -  Run Remote Usage
		Usr 0 00:00:00, Sys 0 00:00:00  -  Run Local Usage
	0  -  Run Bytes Sent By Job
	0  -  Run Bytes Received By Job
	Partitionable Resources :    Usage  Request Allocated
	   Cpus                 :                 1         1
	   Disk (KB)            :        1        1    792422
	   Gpus                 :                           0
	   Memory (MB)          :       56        1     12899
...
009 (518127.000.000) 05/06 21:33:47 Job was aborted by the user.
	via condor_rm (by user ypei)
...
000 (518334.000.000) 05/06 21:34:16 Job submitted from host: <128.83.144.149:44250?addrs=128.83.144.149-44250>
...
001 (518334.000.000) 05/06 21:34:24 Job executing on host: <128.83.120.250:59851?addrs=128.83.120.250-59851>
...
006 (518334.000.000) 05/06 21:34:33 Image size of job updated: 831412
	56  -  MemoryUsage of job (MB)
	56992  -  ResidentSetSize of job (KB)
...
006 (518334.000.000) 05/06 21:39:33 Image size of job updated: 1002712
	199  -  MemoryUsage of job (MB)
	203348  -  ResidentSetSize of job (KB)
...
006 (518334.000.000) 05/06 21:44:33 Image size of job updated: 1002712
	204  -  MemoryUsage of job (MB)
	208152  -  ResidentSetSize of job (KB)
...
006 (518334.000.000) 05/06 21:49:34 Image size of job updated: 1002712
	206  -  MemoryUsage of job (MB)
	210732  -  ResidentSetSize of job (KB)
...
006 (518334.000.000) 05/06 21:54:35 Image size of job updated: 1002968
	207  -  MemoryUsage of job (MB)
	211708  -  ResidentSetSize of job (KB)
...
006 (518334.000.000) 05/06 21:59:35 Image size of job updated: 1002968
	208  -  MemoryUsage of job (MB)
	212592  -  ResidentSetSize of job (KB)
...
006 (518334.000.000) 05/06 21:59:45 Image size of job updated: 1002972
	208  -  MemoryUsage of job (MB)
	212592  -  ResidentSetSize of job (KB)
...
005 (518334.000.000) 05/06 21:59:45 Job terminated.
	(1) Normal termination (return value 0)
		Usr 0 00:23:38, Sys 0 00:00:27  -  Run Remote Usage
		Usr 0 00:00:00, Sys 0 00:00:00  -  Run Local Usage
		Usr 0 00:23:38, Sys 0 00:00:27  -  Total Remote Usage
		Usr 0 00:00:00, Sys 0 00:00:00  -  Total Local Usage
	0  -  Run Bytes Sent By Job
	0  -  Run Bytes Received By Job
	0  -  Total Bytes Sent By Job
	0  -  Total Bytes Received By Job
	Partitionable Resources :    Usage  Request Allocated
	   Cpus                 :                 1         1
	   Disk (KB)            :        1        1    798513
	   Gpus                 :                           0
	   Memory (MB)          :      208        1     12899
...
000 (381902.000.000) 05/07 00:29:07 Job submitted from host: <128.83.144.155:57685?addrs=128.83.144.155-57685>
...
001 (381902.000.000) 05/07 00:29:20 Job executing on host: <128.83.144.5:44408?addrs=128.83.144.5-44408>
...
006 (381902.000.000) 05/07 00:29:28 Image size of job updated: 831416
	56  -  MemoryUsage of job (MB)
	57160  -  ResidentSetSize of job (KB)
...
010 (381902.000.000) 05/07 00:31:43 Job was suspended.
	Number of processes actually suspended: 8
...
006 (381902.000.000) 05/07 00:31:43 Image size of job updated: 1002720
	169  -  MemoryUsage of job (MB)
	172820  -  ResidentSetSize of job (KB)
...
011 (381902.000.000) 05/07 00:31:59 Job was unsuspended.
...
006 (381902.000.000) 05/07 00:34:28 Image size of job updated: 1002720
	170  -  MemoryUsage of job (MB)
	173076  -  ResidentSetSize of job (KB)
...
006 (381902.000.000) 05/07 00:39:28 Image size of job updated: 1002720
	170  -  MemoryUsage of job (MB)
	173664  -  ResidentSetSize of job (KB)
...
006 (381902.000.000) 05/07 00:44:28 Image size of job updated: 1002720
	170  -  MemoryUsage of job (MB)
	174060  -  ResidentSetSize of job (KB)
...
006 (381902.000.000) 05/07 00:49:29 Image size of job updated: 1002720
	171  -  MemoryUsage of job (MB)
	174448  -  ResidentSetSize of job (KB)
...
005 (381902.000.000) 05/07 00:50:29 Job terminated.
	(1) Normal termination (return value 0)
		Usr 0 00:18:55, Sys 0 00:00:32  -  Run Remote Usage
		Usr 0 00:00:00, Sys 0 00:00:00  -  Run Local Usage
		Usr 0 00:18:55, Sys 0 00:00:32  -  Total Remote Usage
		Usr 0 00:00:00, Sys 0 00:00:00  -  Total Local Usage
	0  -  Run Bytes Sent By Job
	0  -  Run Bytes Received By Job
	0  -  Total Bytes Sent By Job
	0  -  Total Bytes Received By Job
	Partitionable Resources :    Usage  Request Allocated
	   Cpus                 :                 1         1
	   Disk (KB)            :        1        1    790418
	   Gpus                 :                           0
	   Memory (MB)          :      171        1     12899
...
