000 (516112.000.000) 05/05 17:13:21 Job submitted from host: <128.83.144.149:44250?addrs=128.83.144.149-44250>
...
009 (516112.000.000) 05/05 17:14:26 Job was aborted by the user.
	via condor_rm (by user ypei)
...
000 (516319.000.000) 05/05 17:15:06 Job submitted from host: <128.83.144.149:44250?addrs=128.83.144.149-44250>
...
009 (516319.000.000) 05/05 17:18:07 Job was aborted by the user.
	via condor_rm (by user ypei)
...
000 (516526.000.000) 05/05 17:18:36 Job submitted from host: <128.83.144.149:44250?addrs=128.83.144.149-44250>
...
009 (516526.000.000) 05/05 17:21:26 Job was aborted by the user.
	via condor_rm (by user ypei)
...
000 (517147.000.000) 05/05 17:22:00 Job submitted from host: <128.83.144.149:44250?addrs=128.83.144.149-44250>
...
001 (517147.000.000) 05/05 17:38:38 Job executing on host: <128.83.139.15:46714?addrs=128.83.139.15-46714>
...
006 (517147.000.000) 05/05 17:38:46 Image size of job updated: 936876
	79  -  MemoryUsage of job (MB)
	80344  -  ResidentSetSize of job (KB)
...
006 (517147.000.000) 05/05 17:43:46 Image size of job updated: 938856
	137  -  MemoryUsage of job (MB)
	140200  -  ResidentSetSize of job (KB)
...
006 (517147.000.000) 05/05 17:48:47 Image size of job updated: 939000
	152  -  MemoryUsage of job (MB)
	155496  -  ResidentSetSize of job (KB)
...
006 (517147.000.000) 05/05 17:53:48 Image size of job updated: 939000
	153  -  MemoryUsage of job (MB)
	156356  -  ResidentSetSize of job (KB)
...
005 (517147.000.000) 05/05 17:55:12 Job terminated.
	(1) Normal termination (return value 0)
		Usr 0 00:16:00, Sys 0 00:00:17  -  Run Remote Usage
		Usr 0 00:00:00, Sys 0 00:00:00  -  Run Local Usage
		Usr 0 00:16:00, Sys 0 00:00:17  -  Total Remote Usage
		Usr 0 00:00:00, Sys 0 00:00:00  -  Total Local Usage
	0  -  Run Bytes Sent By Job
	0  -  Run Bytes Received By Job
	0  -  Total Bytes Sent By Job
	0  -  Total Bytes Received By Job
	Partitionable Resources :    Usage  Request Allocated
	   Cpus                 :                 1         1
	   Disk (KB)            :        1        1   1684661
	   Gpus                 :                           0
	   Memory (MB)          :      153        1     12899
...
000 (382578.000.000) 05/07 03:40:02 Job submitted from host: <128.83.144.155:57685?addrs=128.83.144.155-57685>
...
001 (382578.000.000) 05/07 04:24:03 Job executing on host: <128.83.144.13:57145?addrs=128.83.144.13-57145>
...
006 (382578.000.000) 05/07 04:24:12 Image size of job updated: 1
	2  -  MemoryUsage of job (MB)
	1672  -  ResidentSetSize of job (KB)
...
006 (382578.000.000) 05/07 04:29:13 Image size of job updated: 938892
	131  -  MemoryUsage of job (MB)
	133784  -  ResidentSetSize of job (KB)
...
006 (382578.000.000) 05/07 04:34:13 Image size of job updated: 939036
	146  -  MemoryUsage of job (MB)
	148744  -  ResidentSetSize of job (KB)
...
006 (382578.000.000) 05/07 04:39:13 Image size of job updated: 939036
	147  -  MemoryUsage of job (MB)
	149600  -  ResidentSetSize of job (KB)
...
006 (382578.000.000) 05/07 04:41:47 Image size of job updated: 939292
	147  -  MemoryUsage of job (MB)
	149600  -  ResidentSetSize of job (KB)
...
005 (382578.000.000) 05/07 04:41:47 Job terminated.
	(1) Normal termination (return value 0)
		Usr 0 00:17:12, Sys 0 00:00:21  -  Run Remote Usage
		Usr 0 00:00:00, Sys 0 00:00:00  -  Run Local Usage
		Usr 0 00:17:12, Sys 0 00:00:21  -  Total Remote Usage
		Usr 0 00:00:00, Sys 0 00:00:00  -  Total Local Usage
	0  -  Run Bytes Sent By Job
	0  -  Run Bytes Received By Job
	0  -  Total Bytes Sent By Job
	0  -  Total Bytes Received By Job
	Partitionable Resources :    Usage  Request Allocated
	   Cpus                 :                 1         1
	   Disk (KB)            :        1        1    800034
	   Gpus                 :                           0
	   Memory (MB)          :      147        1     12899
...
000 (518596.000.000) 05/07 13:18:27 Job submitted from host: <128.83.144.149:44250?addrs=128.83.144.149-44250>
...
009 (518596.000.000) 05/07 13:23:37 Job was aborted by the user.
	via condor_rm (by user ypei)
...
000 (518803.000.000) 05/07 13:24:01 Job submitted from host: <128.83.144.149:44250?addrs=128.83.144.149-44250>
...
001 (518803.000.000) 05/07 13:39:40 Job executing on host: <128.83.130.161:35317?addrs=128.83.130.161-35317>
...
006 (518803.000.000) 05/07 13:39:49 Image size of job updated: 936408
	86  -  MemoryUsage of job (MB)
	88008  -  ResidentSetSize of job (KB)
...
006 (518803.000.000) 05/07 13:44:50 Image size of job updated: 939076
	140  -  MemoryUsage of job (MB)
	143184  -  ResidentSetSize of job (KB)
...
006 (518803.000.000) 05/07 13:49:50 Image size of job updated: 939452
	153  -  MemoryUsage of job (MB)
	155744  -  ResidentSetSize of job (KB)
...
005 (518803.000.000) 05/07 13:53:05 Job terminated.
	(1) Normal termination (return value 0)
		Usr 0 00:13:01, Sys 0 00:00:07  -  Run Remote Usage
		Usr 0 00:00:00, Sys 0 00:00:00  -  Run Local Usage
		Usr 0 00:13:01, Sys 0 00:00:07  -  Total Remote Usage
		Usr 0 00:00:00, Sys 0 00:00:00  -  Total Local Usage
	0  -  Run Bytes Sent By Job
	0  -  Run Bytes Received By Job
	0  -  Total Bytes Sent By Job
	0  -  Total Bytes Received By Job
	Partitionable Resources :    Usage  Request Allocated
	   Cpus                 :                 1         1
	   Disk (KB)            :        1        1   1865789
	   Gpus                 :                           0
	   Memory (MB)          :      153        1     21164
...
000 (519217.000.000) 05/07 14:36:43 Job submitted from host: <128.83.144.149:44250?addrs=128.83.144.149-44250>
...
001 (519217.000.000) 05/07 14:52:08 Job executing on host: <128.83.144.147:58788?addrs=128.83.144.147-58788>
...
006 (519217.000.000) 05/07 14:52:17 Image size of job updated: 936272
	86  -  MemoryUsage of job (MB)
	87456  -  ResidentSetSize of job (KB)
...
006 (519217.000.000) 05/07 14:57:18 Image size of job updated: 939192
	144  -  MemoryUsage of job (MB)
	146488  -  ResidentSetSize of job (KB)
...
006 (519217.000.000) 05/07 15:02:19 Image size of job updated: 939316
	155  -  MemoryUsage of job (MB)
	157748  -  ResidentSetSize of job (KB)
...
005 (519217.000.000) 05/07 15:05:30 Job terminated.
	(1) Normal termination (return value 0)
		Usr 0 00:13:04, Sys 0 00:00:06  -  Run Remote Usage
		Usr 0 00:00:00, Sys 0 00:00:00  -  Run Local Usage
		Usr 0 00:13:04, Sys 0 00:00:06  -  Total Remote Usage
		Usr 0 00:00:00, Sys 0 00:00:00  -  Total Local Usage
	0  -  Run Bytes Sent By Job
	0  -  Run Bytes Received By Job
	0  -  Total Bytes Sent By Job
	0  -  Total Bytes Received By Job
	Partitionable Resources :    Usage  Request Allocated
	   Cpus                 :                 1         1
	   Disk (KB)            :        1        1   1911592
	   Gpus                 :                           0
	   Memory (MB)          :      155        1     21164
...
000 (382992.000.000) 05/07 20:17:06 Job submitted from host: <128.83.144.155:57685?addrs=128.83.144.155-57685>
...
001 (382992.000.000) 05/07 20:54:36 Job executing on host: <128.83.139.6:57138?addrs=128.83.139.6-57138>
...
006 (382992.000.000) 05/07 20:54:45 Image size of job updated: 767440
	58  -  MemoryUsage of job (MB)
	59392  -  ResidentSetSize of job (KB)
...
006 (382992.000.000) 05/07 20:59:46 Image size of job updated: 938892
	138  -  MemoryUsage of job (MB)
	141148  -  ResidentSetSize of job (KB)
...
006 (382992.000.000) 05/07 21:04:47 Image size of job updated: 939036
	153  -  MemoryUsage of job (MB)
	156088  -  ResidentSetSize of job (KB)
...
006 (382992.000.000) 05/07 21:09:47 Image size of job updated: 939036
	154  -  MemoryUsage of job (MB)
	157300  -  ResidentSetSize of job (KB)
...
005 (382992.000.000) 05/07 21:13:38 Job terminated.
	(1) Normal termination (return value 0)
		Usr 0 00:18:24, Sys 0 00:00:27  -  Run Remote Usage
		Usr 0 00:00:00, Sys 0 00:00:00  -  Run Local Usage
		Usr 0 00:18:24, Sys 0 00:00:27  -  Total Remote Usage
		Usr 0 00:00:00, Sys 0 00:00:00  -  Total Local Usage
	0  -  Run Bytes Sent By Job
	0  -  Run Bytes Received By Job
	0  -  Total Bytes Sent By Job
	0  -  Total Bytes Received By Job
	Partitionable Resources :    Usage  Request Allocated
	   Cpus                 :                 1         1
	   Disk (KB)            :        2        2   1657234
	   Gpus                 :                           0
	   Memory (MB)          :      154        1     12899
...
000 (384234.000.000) 05/08 05:53:09 Job submitted from host: <128.83.144.155:57685?addrs=128.83.144.155-57685>
...
001 (384234.000.000) 05/08 06:29:54 Job executing on host: <128.83.144.13:57145?addrs=128.83.144.13-57145>
...
006 (384234.000.000) 05/08 06:30:03 Image size of job updated: 1
	2  -  MemoryUsage of job (MB)
	1680  -  ResidentSetSize of job (KB)
...
006 (384234.000.000) 05/08 06:35:05 Image size of job updated: 938888
	136  -  MemoryUsage of job (MB)
	138492  -  ResidentSetSize of job (KB)
...
006 (384234.000.000) 05/08 06:40:05 Image size of job updated: 939032
	151  -  MemoryUsage of job (MB)
	153608  -  ResidentSetSize of job (KB)
...
006 (384234.000.000) 05/08 06:45:05 Image size of job updated: 939032
	151  -  MemoryUsage of job (MB)
	154596  -  ResidentSetSize of job (KB)
...
006 (384234.000.000) 05/08 06:47:45 Image size of job updated: 939288
	151  -  MemoryUsage of job (MB)
	154596  -  ResidentSetSize of job (KB)
...
005 (384234.000.000) 05/08 06:47:45 Job terminated.
	(1) Normal termination (return value 0)
		Usr 0 00:17:10, Sys 0 00:00:23  -  Run Remote Usage
		Usr 0 00:00:00, Sys 0 00:00:00  -  Run Local Usage
		Usr 0 00:17:10, Sys 0 00:00:23  -  Total Remote Usage
		Usr 0 00:00:00, Sys 0 00:00:00  -  Total Local Usage
	0  -  Run Bytes Sent By Job
	0  -  Run Bytes Received By Job
	0  -  Total Bytes Sent By Job
	0  -  Total Bytes Received By Job
	Partitionable Resources :    Usage  Request Allocated
	   Cpus                 :                 1         1
	   Disk (KB)            :        1        1    796969
	   Gpus                 :                           0
	   Memory (MB)          :      151        1     12899
...
000 (417627.000.000) 05/09 03:37:34 Job submitted from host: <128.83.144.154:52346?addrs=128.83.144.154-52346>
...
001 (417627.000.000) 05/09 04:12:44 Job executing on host: <128.83.120.75:40005?addrs=128.83.120.75-40005>
...
006 (417627.000.000) 05/09 04:12:52 Image size of job updated: 119240
	11  -  MemoryUsage of job (MB)
	10296  -  ResidentSetSize of job (KB)
...
006 (417627.000.000) 05/09 04:17:52 Image size of job updated: 938892
	136  -  MemoryUsage of job (MB)
	138468  -  ResidentSetSize of job (KB)
...
006 (417627.000.000) 05/09 04:22:53 Image size of job updated: 939036
	149  -  MemoryUsage of job (MB)
	152576  -  ResidentSetSize of job (KB)
...
005 (417627.000.000) 05/09 04:26:46 Job terminated.
	(1) Normal termination (return value 0)
		Usr 0 00:13:41, Sys 0 00:00:08  -  Run Remote Usage
		Usr 0 00:00:00, Sys 0 00:00:00  -  Run Local Usage
		Usr 0 00:13:41, Sys 0 00:00:08  -  Total Remote Usage
		Usr 0 00:00:00, Sys 0 00:00:00  -  Total Local Usage
	0  -  Run Bytes Sent By Job
	0  -  Run Bytes Received By Job
	0  -  Total Bytes Sent By Job
	0  -  Total Bytes Received By Job
	Partitionable Resources :    Usage  Request Allocated
	   Cpus                 :                 1         1
	   Disk (KB)            :        2        2   8863132
	   Gpus                 :                           0
	   Memory (MB)          :      149        1      4028
...
