[SNIPER] Start
Sampler: 4, 32, 0
itlb_cache: 32, 1
itlb_cache_L1: 32, 1
Sampler: 4, 128, 0
dtlb_cache: 128, 4
dtlb_cache_L1: 128, 4
L1-I 2
Sampler: 4, 4, 128
L1-I: 2048, 64
L1-I_L1: 2048, 64
L1-D 3
Sampler: 4, 8, 32
L1-D: 1024, 32
L1-D_L1: 1024, 32
L2 4
Sampler: 122, 16, 16
L2: 32768, 1024
L2_L1: 32768, 1024
Executing Python script /v/filer4b/v20q001/ypei/Desktop/cs395t-lin/output/low_bandwidth/run_all_hybrid_headroom9/sphinx3/4/sim.scripts.py
[STOPBYICOUNT] Starting in ROI (detail)
[STOPBYICOUNT] Then stopping after simulating at least 250000000 instructions in detail
[SNIPER] --------------------------------------------------------------------------------
[SNIPER] Sniper using SIFT/trace-driven frontend
[SNIPER] Running full application in DETAILED mode
[SNIPER] --------------------------------------------------------------------------------
[SNIPER] Enabling performance models
[SNIPER] Setting instrumentation mode to DETAILED
[STOPBYICOUNT] Ending ROI after 250000006 instructions (250000000 requested)
[SNIPER] Disabling performance models
[SNIPER] Leaving ROI after 834.60 seconds
[SNIPER] Simulated 250.0M instructions, 210.6M cycles, 1.19 IPC
[SNIPER] Simulation speed 299.5 KIPS (299.5 KIPS / target core - 3338.4ns/instr)
[SNIPER] Setting instrumentation mode to FAST_FORWARD
Hawkeye Victims: 0
LRU Victims: 0
Hawkeye Victims: 0
LRU Victims: 0
Hawkeye Victims: 0
LRU Victims: 0
a test for execution
[app0] [SIFT_RECORDER] sift_writer.cc:550: Sift::Mode Sift::Writer::Sync(): Assertion `!response->fail()' failed.
[app0] Pin app terminated abnormally due to signal 6.

Inserted: 0
Redundant.progress: 0
Redundant.cache: 0
Redundant.buffer: 0
Hawkeye Victims: 0
LRU Victims: 0
a test for execution

Inserted: 0
Redundant.progress: 0
Redundant.cache: 0
Redundant.buffer: 0
Hawkeye Victims: 0
LRU Victims: 0
 =========================================================== 
Triggers: 3353372
Repeats: 0

Same addr: 2699164 80.491
New addr: 660 0.0196817

Distribution of new addresses: 
Stream Head: 421 63.7879
Stream Divergence: 390324 59140

Invalidation count: 509069 77131.7
No Conflict count: 119595 18120.5
Same Stream count: 0 0
New Stream count: 0 0

Not found: 646587
On Chip Mispredictions: 0
 =========================================================== 
Distribution of predictions: 
Predict Init: 3215194 95.8794
Total Predictions: 3188871
Predict OCI Miss: 13052 0.405948
Predict Stream End: 26323 0.818706
Buffer Success: 0 0
Stride Distribution: 0, 3725, 1794, 0, 175766, 1517678, 575985, 358386, 195822, 158102, 92598, 54280, 46460, 27094, 18446, 29992, 35374, 0, 14260, 0, 14720, 0, 0, 0, 12972, 0, 0, 0, 0, 0, 8004, 0, 4416, 0, 0, 0, 4554, 0, 0, 0, 2944, 0, 0, 0, 0, 0, 0, 0, 0, 0, 0, 0, 0, 0, 0, 0, 0, 0, 0, 0, 0, 0, 0, 0, 0, 0, 33, 0, 0, 0, 0, 0, 48006448, 0, 49, 0, 15, 0, 15, 0, 0, 6644585, 1868787317, 1915577714, 1702195557, 7566451, 113, 0, 5073232, 0, 44679840, 0, 0, 0, 5073232, 0, 45238256, 0, 0, 0, 5073232, 0, 45510576, 0, 0, 0, 5165152, 0, 442563952, 11131, 0, 11131, 48004752, 0, 49, 0, 6, 0, 6, 0, 0, 0, 1919906931, 29541, 48, 0, 49, 0, 
a test for execution

Inserted: 5721584
Redundant.progress: 78125
Redundant.cache: 2771285
Redundant.buffer: 0
[SNIPER] End
[SNIPER] Elapsed time: 841.99 seconds
