000 (516109.000.000) 05/05 17:13:21 Job submitted from host: <128.83.144.149:44250?addrs=128.83.144.149-44250>
...
009 (516109.000.000) 05/05 17:14:24 Job was aborted by the user.
	via condor_rm (by user ypei)
...
000 (516316.000.000) 05/05 17:15:06 Job submitted from host: <128.83.144.149:44250?addrs=128.83.144.149-44250>
...
009 (516316.000.000) 05/05 17:18:08 Job was aborted by the user.
	via condor_rm (by user ypei)
...
000 (516523.000.000) 05/05 17:18:36 Job submitted from host: <128.83.144.149:44250?addrs=128.83.144.149-44250>
...
009 (516523.000.000) 05/05 17:21:19 Job was aborted by the user.
	via condor_rm (by user ypei)
...
000 (517144.000.000) 05/05 17:22:00 Job submitted from host: <128.83.144.149:44250?addrs=128.83.144.149-44250>
...
001 (517144.000.000) 05/05 17:38:01 Job executing on host: <128.83.139.14:44306?addrs=128.83.139.14-44306>
...
006 (517144.000.000) 05/05 17:38:10 Image size of job updated: 1
	2  -  MemoryUsage of job (MB)
	1684  -  ResidentSetSize of job (KB)
...
006 (517144.000.000) 05/05 17:43:11 Image size of job updated: 941176
	134  -  MemoryUsage of job (MB)
	137024  -  ResidentSetSize of job (KB)
...
006 (517144.000.000) 05/05 17:47:26 Image size of job updated: 941200
	134  -  MemoryUsage of job (MB)
	137024  -  ResidentSetSize of job (KB)
...
005 (517144.000.000) 05/05 17:47:26 Job terminated.
	(1) Normal termination (return value 0)
		Usr 0 00:09:06, Sys 0 00:00:07  -  Run Remote Usage
		Usr 0 00:00:00, Sys 0 00:00:00  -  Run Local Usage
		Usr 0 00:09:06, Sys 0 00:00:07  -  Total Remote Usage
		Usr 0 00:00:00, Sys 0 00:00:00  -  Total Local Usage
	0  -  Run Bytes Sent By Job
	0  -  Run Bytes Received By Job
	0  -  Total Bytes Sent By Job
	0  -  Total Bytes Received By Job
	Partitionable Resources :    Usage  Request Allocated
	   Cpus                 :                 1         1
	   Disk (KB)            :        1        1   1695320
	   Gpus                 :                           0
	   Memory (MB)          :      134        1     12899
...
000 (518179.000.000) 05/06 21:33:18 Job submitted from host: <128.83.144.149:44250?addrs=128.83.144.149-44250>
...
009 (518179.000.000) 05/06 21:33:42 Job was aborted by the user.
	via condor_rm (by user ypei)
...
000 (518386.000.000) 05/06 21:34:25 Job submitted from host: <128.83.144.149:44250?addrs=128.83.144.149-44250>
...
001 (518386.000.000) 05/06 21:54:33 Job executing on host: <128.83.120.230:37764?addrs=128.83.120.230-37764>
...
006 (518386.000.000) 05/06 21:54:41 Image size of job updated: 771092
	62  -  MemoryUsage of job (MB)
	62644  -  ResidentSetSize of job (KB)
...
006 (518386.000.000) 05/06 21:59:41 Image size of job updated: 941336
	134  -  MemoryUsage of job (MB)
	137052  -  ResidentSetSize of job (KB)
...
006 (518386.000.000) 05/06 22:04:41 Image size of job updated: 941368
	138  -  MemoryUsage of job (MB)
	140468  -  ResidentSetSize of job (KB)
...
006 (518386.000.000) 05/06 22:09:42 Image size of job updated: 941372
	138  -  MemoryUsage of job (MB)
	141220  -  ResidentSetSize of job (KB)
...
005 (518386.000.000) 05/06 22:11:46 Job terminated.
	(1) Normal termination (return value 0)
		Usr 0 00:16:37, Sys 0 00:00:22  -  Run Remote Usage
		Usr 0 00:00:00, Sys 0 00:00:00  -  Run Local Usage
		Usr 0 00:16:37, Sys 0 00:00:22  -  Total Remote Usage
		Usr 0 00:00:00, Sys 0 00:00:00  -  Total Local Usage
	0  -  Run Bytes Sent By Job
	0  -  Run Bytes Received By Job
	0  -  Total Bytes Sent By Job
	0  -  Total Bytes Received By Job
	Partitionable Resources :    Usage  Request Allocated
	   Cpus                 :                 1         1
	   Disk (KB)            :        1        1    792422
	   Gpus                 :                           0
	   Memory (MB)          :      138        1     12899
...
000 (381954.000.000) 05/07 00:29:11 Job submitted from host: <128.83.144.155:57685?addrs=128.83.144.155-57685>
...
001 (381954.000.000) 05/07 00:48:27 Job executing on host: <128.83.139.15:46714?addrs=128.83.139.15-46714>
...
006 (381954.000.000) 05/07 00:48:35 Image size of job updated: 771096
	60  -  MemoryUsage of job (MB)
	60608  -  ResidentSetSize of job (KB)
...
006 (381954.000.000) 05/07 00:53:35 Image size of job updated: 941352
	128  -  MemoryUsage of job (MB)
	131072  -  ResidentSetSize of job (KB)
...
006 (381954.000.000) 05/07 00:58:37 Image size of job updated: 941608
	138  -  MemoryUsage of job (MB)
	140792  -  ResidentSetSize of job (KB)
...
006 (381954.000.000) 05/07 01:03:37 Image size of job updated: 941632
	139  -  MemoryUsage of job (MB)
	141516  -  ResidentSetSize of job (KB)
...
005 (381954.000.000) 05/07 01:08:02 Job terminated.
	(1) Normal termination (return value 0)
		Usr 0 00:19:05, Sys 0 00:00:23  -  Run Remote Usage
		Usr 0 00:00:00, Sys 0 00:00:00  -  Run Local Usage
		Usr 0 00:19:05, Sys 0 00:00:23  -  Total Remote Usage
		Usr 0 00:00:00, Sys 0 00:00:00  -  Total Local Usage
	0  -  Run Bytes Sent By Job
	0  -  Run Bytes Received By Job
	0  -  Total Bytes Sent By Job
	0  -  Total Bytes Received By Job
	Partitionable Resources :    Usage  Request Allocated
	   Cpus                 :                 1         1
	   Disk (KB)            :        1        1   1672476
	   Gpus                 :                           0
	   Memory (MB)          :      139        1     12899
...
