[SNIPER] Start
Sampler: 4, 32, 0
itlb_cache: 32, 1
itlb_cache_L1: 32, 1
Sampler: 4, 128, 0
dtlb_cache: 128, 4
dtlb_cache_L1: 128, 4
L1-I 2
Sampler: 4, 4, 128
L1-I: 2048, 64
L1-I_L1: 2048, 64
L1-D 3
Sampler: 4, 8, 32
L1-D: 1024, 32
L1-D_L1: 1024, 32
L2 4
Sampler: 122, 16, 16
L2: 32768, 1024
L2_L1: 32768, 1024
Executing Python script /v/filer4b/v20q001/ypei/Desktop/cs395t-lin/output/run_all_hybrid_headroom2/soplex/19/sim.scripts.py
[STOPBYICOUNT] Starting in ROI (detail)
[STOPBYICOUNT] Then stopping after simulating at least 250000000 instructions in detail
[SNIPER] --------------------------------------------------------------------------------
[SNIPER] Sniper using SIFT/trace-driven frontend
[SNIPER] Running full application in DETAILED mode
[SNIPER] --------------------------------------------------------------------------------
[SNIPER] Enabling performance models
[SNIPER] Setting instrumentation mode to DETAILED
[STOPBYICOUNT] Ending ROI after 250000006 instructions (250000000 requested)
[SNIPER] Disabling performance models
[SNIPER] Leaving ROI after 1718.63 seconds
[SNIPER] Simulated 250.0M instructions, 439.1M cycles, 0.57 IPC
[SNIPER] Simulation speed 145.5 KIPS (145.5 KIPS / target core - 6874.6ns/instr)
[SNIPER] Setting instrumentation mode to FAST_FORWARD
Hawkeye Victims: 0
LRU Victims: 0
Hawkeye Victims: 0
LRU Victims: 0
Hawkeye Victims: 0
LRU Victims: 0
a test for execution
[app0] [SIFT_RECORDER] sift_writer.cc:550: Sift::Mode Sift::Writer::Sync(): Assertion `!response->fail()' failed.

Inserted: 0
Redundant.progress: 0
Redundant.cache: 0
Redundant.buffer: 0
Hawkeye Victims: 0
LRU Victims: 0
a test for execution

Inserted: 0
Redundant.progress: 0
Redundant.cache: 0
Redundant.buffer: 0
Hawkeye Victims: 0
LRU Victims: 0
 =========================================================== 
Triggers: 11282391
Repeats: 0

Same addr: 5776703 51.2011
New addr: 1292 0.0114515

Distribution of new addresses: 
Stream Head: 1003 77.6316
Stream Divergence: 4943919 382656

Invalidation count: 5156266 399092
No Conflict count: 214293 16586.1
Same Stream count: 0 0
New Stream count: 0 0

Not found: 5498666
On Chip Mispredictions: 0
 =========================================================== 
Distribution of predictions: 
Predict Init: 10938699 96.9537
Total Predictions: 10880091
Predict OCI Miss: 19634 0.179491
Predict Stream End: 58608 0.535786
Buffer Success: 0 0
[app0] Pin app terminated abnormally due to signal 6.
Stride Distribution: 0, 124107, 443210, 1138546, 1369972, 282118, 342516, 648186, 240994, 1007354, 240304, 559286, 275954, 270112, 227010, 211508, 160908, 0, 274390, 0, 135378, 0, 0, 0, 104052, 0, 0, 0, 0, 0, 89608, 0, 65412, 0, 0, 0, 93794, 0, 0, 0, 114954, 0, 0, 0, 0, 0, 0, 0, 0, 0, 0, 0, 0, 0, 0, 0, 0, 0, 0, 0, 0, 0, 0, 0, 0, 0, 33, 0, 0, 0, 0, 0, 42607760, 0, 49, 0, 15, 0, 15, 0, 0, 6644585, 1868787317, 1915577714, 1702195557, 7566451, 113, 0, 5073232, 0, 39281120, 0, 0, 0, 5073232, 0, 39839536, 0, 0, 0, 5073232, 0, 40111888, 0, 0, 0, 5165152, 0, 4242034032, 11085, 0, 11085, 42606064, 0, 49, 0, 6, 0, 6, 0, 0, 0, 1919906931, 29541, 48, 0, 49, 0, 
a test for execution

Inserted: 19194310
Redundant.progress: 348161
Redundant.cache: 12080585
Redundant.buffer: 0
[SNIPER] End
[SNIPER] Elapsed time: 1721.31 seconds
