000 (516105.000.000) 05/05 17:13:21 Job submitted from host: <128.83.144.149:44250?addrs=128.83.144.149-44250>
...
009 (516105.000.000) 05/05 17:14:24 Job was aborted by the user.
	via condor_rm (by user ypei)
...
000 (516312.000.000) 05/05 17:15:06 Job submitted from host: <128.83.144.149:44250?addrs=128.83.144.149-44250>
...
009 (516312.000.000) 05/05 17:18:08 Job was aborted by the user.
	via condor_rm (by user ypei)
...
000 (516519.000.000) 05/05 17:18:36 Job submitted from host: <128.83.144.149:44250?addrs=128.83.144.149-44250>
...
009 (516519.000.000) 05/05 17:21:19 Job was aborted by the user.
	via condor_rm (by user ypei)
...
000 (517140.000.000) 05/05 17:22:00 Job submitted from host: <128.83.144.149:44250?addrs=128.83.144.149-44250>
...
001 (517140.000.000) 05/05 17:37:29 Job executing on host: <128.83.139.14:44306?addrs=128.83.139.14-44306>
...
006 (517140.000.000) 05/05 17:37:38 Image size of job updated: 858700
	58  -  MemoryUsage of job (MB)
	58680  -  ResidentSetSize of job (KB)
...
006 (517140.000.000) 05/05 17:42:39 Image size of job updated: 1100124
	201  -  MemoryUsage of job (MB)
	205540  -  ResidentSetSize of job (KB)
...
006 (517140.000.000) 05/05 17:47:40 Image size of job updated: 1101476
	276  -  MemoryUsage of job (MB)
	281944  -  ResidentSetSize of job (KB)
...
006 (517140.000.000) 05/05 17:50:48 Image size of job updated: 1101480
	276  -  MemoryUsage of job (MB)
	281944  -  ResidentSetSize of job (KB)
...
005 (517140.000.000) 05/05 17:50:48 Job terminated.
	(1) Normal termination (return value 0)
		Usr 0 00:12:55, Sys 0 00:00:10  -  Run Remote Usage
		Usr 0 00:00:00, Sys 0 00:00:00  -  Run Local Usage
		Usr 0 00:12:55, Sys 0 00:00:10  -  Total Remote Usage
		Usr 0 00:00:00, Sys 0 00:00:00  -  Total Local Usage
	0  -  Run Bytes Sent By Job
	0  -  Run Bytes Received By Job
	0  -  Total Bytes Sent By Job
	0  -  Total Bytes Received By Job
	Partitionable Resources :    Usage  Request Allocated
	   Cpus                 :                 1         1
	   Disk (KB)            :        1        1   1695320
	   Gpus                 :                           0
	   Memory (MB)          :      276        1     12899
...
000 (518175.000.000) 05/06 21:33:17 Job submitted from host: <128.83.144.149:44250?addrs=128.83.144.149-44250>
...
009 (518175.000.000) 05/06 21:33:42 Job was aborted by the user.
	via condor_rm (by user ypei)
...
000 (518382.000.000) 05/06 21:34:25 Job submitted from host: <128.83.144.149:44250?addrs=128.83.144.149-44250>
...
001 (518382.000.000) 05/06 21:53:59 Job executing on host: <128.83.120.230:37764?addrs=128.83.120.230-37764>
...
006 (518382.000.000) 05/06 21:54:07 Image size of job updated: 1027764
	87  -  MemoryUsage of job (MB)
	88900  -  ResidentSetSize of job (KB)
...
006 (518382.000.000) 05/06 21:59:07 Image size of job updated: 1100116
	194  -  MemoryUsage of job (MB)
	198268  -  ResidentSetSize of job (KB)
...
006 (518382.000.000) 05/06 22:04:07 Image size of job updated: 1100628
	249  -  MemoryUsage of job (MB)
	254088  -  ResidentSetSize of job (KB)
...
006 (518382.000.000) 05/06 22:09:08 Image size of job updated: 1101508
	272  -  MemoryUsage of job (MB)
	278200  -  ResidentSetSize of job (KB)
...
006 (518382.000.000) 05/06 22:14:08 Image size of job updated: 1101508
	274  -  MemoryUsage of job (MB)
	279716  -  ResidentSetSize of job (KB)
...
006 (518382.000.000) 05/06 22:19:08 Image size of job updated: 1101508
	278  -  MemoryUsage of job (MB)
	284276  -  ResidentSetSize of job (KB)
...
005 (518382.000.000) 05/06 22:20:52 Job terminated.
	(1) Normal termination (return value 0)
		Usr 0 00:26:07, Sys 0 00:00:33  -  Run Remote Usage
		Usr 0 00:00:00, Sys 0 00:00:00  -  Run Local Usage
		Usr 0 00:26:07, Sys 0 00:00:33  -  Total Remote Usage
		Usr 0 00:00:00, Sys 0 00:00:00  -  Total Local Usage
	0  -  Run Bytes Sent By Job
	0  -  Run Bytes Received By Job
	0  -  Total Bytes Sent By Job
	0  -  Total Bytes Received By Job
	Partitionable Resources :    Usage  Request Allocated
	   Cpus                 :                 1         1
	   Disk (KB)            :        1        1    792422
	   Gpus                 :                           0
	   Memory (MB)          :      278        1     12899
...
000 (381950.000.000) 05/07 00:29:11 Job submitted from host: <128.83.144.155:57685?addrs=128.83.144.155-57685>
...
001 (381950.000.000) 05/07 00:48:04 Job executing on host: <128.83.139.15:46714?addrs=128.83.139.15-46714>
...
006 (381950.000.000) 05/07 00:48:13 Image size of job updated: 1
	2  -  MemoryUsage of job (MB)
	1668  -  ResidentSetSize of job (KB)
...
006 (381950.000.000) 05/07 00:53:14 Image size of job updated: 1034588
	190  -  MemoryUsage of job (MB)
	193612  -  ResidentSetSize of job (KB)
...
006 (381950.000.000) 05/07 00:58:14 Image size of job updated: 1100452
	233  -  MemoryUsage of job (MB)
	237904  -  ResidentSetSize of job (KB)
...
006 (381950.000.000) 05/07 01:03:15 Image size of job updated: 1101768
	270  -  MemoryUsage of job (MB)
	275904  -  ResidentSetSize of job (KB)
...
006 (381950.000.000) 05/07 01:08:16 Image size of job updated: 1101768
	271  -  MemoryUsage of job (MB)
	277132  -  ResidentSetSize of job (KB)
...
006 (381950.000.000) 05/07 01:13:16 Image size of job updated: 1101768
	272  -  MemoryUsage of job (MB)
	278408  -  ResidentSetSize of job (KB)
...
006 (381950.000.000) 05/07 01:16:47 Image size of job updated: 1101776
	272  -  MemoryUsage of job (MB)
	278408  -  ResidentSetSize of job (KB)
...
005 (381950.000.000) 05/07 01:16:47 Job terminated.
	(1) Normal termination (return value 0)
		Usr 0 00:28:05, Sys 0 00:00:33  -  Run Remote Usage
		Usr 0 00:00:00, Sys 0 00:00:00  -  Run Local Usage
		Usr 0 00:28:05, Sys 0 00:00:33  -  Total Remote Usage
		Usr 0 00:00:00, Sys 0 00:00:00  -  Total Local Usage
	0  -  Run Bytes Sent By Job
	0  -  Run Bytes Received By Job
	0  -  Total Bytes Sent By Job
	0  -  Total Bytes Received By Job
	Partitionable Resources :    Usage  Request Allocated
	   Cpus                 :                 1         1
	   Disk (KB)            :        1        1   1672476
	   Gpus                 :                           0
	   Memory (MB)          :      272        1     12899
...
