[SNIPER] Start
Sampler: 4, 32, 0
itlb_cache: 32, 1
itlb_cache_L1: 32, 1
Sampler: 4, 128, 0
dtlb_cache: 128, 4
dtlb_cache_L1: 128, 4
L1-I 2
Sampler: 4, 4, 128
L1-I: 2048, 64
L1-I_L1: 2048, 64
L1-D 3
Sampler: 4, 8, 32
L1-D: 1024, 32
L1-D_L1: 1024, 32
L2 4
Sampler: 122, 16, 16
L2: 32768, 1024
L2_L1: 32768, 1024
Executing Python script /v/filer4b/v20q001/ypei/Desktop/cs395t-lin/output/low_bandwidth/run_all_hybrid_headroom9/sphinx3/10/sim.scripts.py
[STOPBYICOUNT] Starting in ROI (detail)
[STOPBYICOUNT] Then stopping after simulating at least 250000000 instructions in detail
[SNIPER] --------------------------------------------------------------------------------
[SNIPER] Sniper using SIFT/trace-driven frontend
[SNIPER] Running full application in DETAILED mode
[SNIPER] --------------------------------------------------------------------------------
[SNIPER] Enabling performance models
[SNIPER] Setting instrumentation mode to DETAILED
[STOPBYICOUNT] Ending ROI after 250000020 instructions (250000000 requested)
[SNIPER] Disabling performance models
[SNIPER] Leaving ROI after 813.60 seconds
[SNIPER] Simulated 250.0M instructions, 218.7M cycles, 1.14 IPC
[SNIPER] Simulation speed 307.3 KIPS (307.3 KIPS / target core - 3254.4ns/instr)
[SNIPER] Setting instrumentation mode to FAST_FORWARD
[app0] [SIFT_RECORDER] sift_writer.cc:550: Sift::Mode Sift::Writer::Sync(): Assertion `!response->fail()' failed.
Hawkeye Victims: 0
LRU Victims: 0
Hawkeye Victims: 0
LRU Victims: 0
Hawkeye Victims: 0
LRU Victims: 0
a test for execution

Inserted: 0
Redundant.progress: 0
Redundant.cache: 0
Redundant.buffer: 0
Hawkeye Victims: 0
LRU Victims: 0
a test for execution

Inserted: 0
Redundant.progress: 0
Redundant.cache: 0
Redundant.buffer: 0
Hawkeye Victims: 0
LRU Victims: 0
[app0] Pin app terminated abnormally due to signal 6.
 =========================================================== 
Triggers: 3528810
Repeats: 0

Same addr: 2874326 81.4531
New addr: 648 0.0183631

Distribution of new addresses: 
Stream Head: 409 63.1173
Stream Divergence: 341374 52681.2

Invalidation count: 518640 80037
No Conflict count: 178309 27516.8
Same Stream count: 0 0
New Stream count: 0 0

Not found: 646406
On Chip Mispredictions: 0
 =========================================================== 
Distribution of predictions: 
Predict Init: 3400396 96.361
Total Predictions: 3372952
Predict OCI Miss: 13954 0.410364
Predict Stream End: 27444 0.807082
Buffer Success: 0 0
Stride Distribution: 0, 2483, 3266, 0, 93794, 1379816, 597862, 422510, 291364, 243997, 157090, 88320, 75532, 44850, 32338, 24978, 22816, 0, 13110, 0, 5658, 0, 0, 0, 15226, 0, 0, 0, 0, 0, 3220, 0, 4278, 0, 0, 0, 3266, 0, 0, 0, 3036, 0, 0, 0, 0, 0, 0, 0, 0, 0, 0, 0, 0, 0, 0, 0, 0, 0, 0, 0, 0, 0, 0, 0, 0, 0, 33, 0, 0, 0, 0, 0, 15562048, 0, 49, 0, 15, 0, 15, 0, 0, 6644585, 1868787317, 1915577714, 1702195557, 7566451, 113, 0, 5073232, 0, 12235440, 0, 0, 0, 5073232, 0, 12793856, 0, 0, 0, 5073232, 0, 13066176, 0, 0, 0, 5165152, 0, 1357213040, 11014, 0, 11014, 15560352, 0, 49, 0, 6, 0, 6, 0, 0, 0, 1919906931, 29541, 48, 0, 49, 0, 
a test for execution

Inserted: 5986756
Redundant.progress: 87804
Redundant.cache: 2771394
Redundant.buffer: 0
[SNIPER] End
[SNIPER] Elapsed time: 819.84 seconds
