000 (516118.000.000) 05/05 17:13:22 Job submitted from host: <128.83.144.149:44250?addrs=128.83.144.149-44250>
...
009 (516118.000.000) 05/05 17:14:26 Job was aborted by the user.
	via condor_rm (by user ypei)
...
000 (516325.000.000) 05/05 17:15:07 Job submitted from host: <128.83.144.149:44250?addrs=128.83.144.149-44250>
...
009 (516325.000.000) 05/05 17:18:07 Job was aborted by the user.
	via condor_rm (by user ypei)
...
000 (516532.000.000) 05/05 17:18:37 Job submitted from host: <128.83.144.149:44250?addrs=128.83.144.149-44250>
...
009 (516532.000.000) 05/05 17:21:26 Job was aborted by the user.
	via condor_rm (by user ypei)
...
000 (517153.000.000) 05/05 17:22:01 Job submitted from host: <128.83.144.149:44250?addrs=128.83.144.149-44250>
...
001 (517153.000.000) 05/05 17:40:09 Job executing on host: <128.83.144.29:41674?addrs=128.83.144.29-41674>
...
006 (517153.000.000) 05/05 17:40:18 Image size of job updated: 935084
	84  -  MemoryUsage of job (MB)
	85528  -  ResidentSetSize of job (KB)
...
006 (517153.000.000) 05/05 17:45:19 Image size of job updated: 937416
	131  -  MemoryUsage of job (MB)
	133144  -  ResidentSetSize of job (KB)
...
006 (517153.000.000) 05/05 17:50:19 Image size of job updated: 937584
	151  -  MemoryUsage of job (MB)
	153796  -  ResidentSetSize of job (KB)
...
006 (517153.000.000) 05/05 17:51:52 Image size of job updated: 937636
	151  -  MemoryUsage of job (MB)
	153796  -  ResidentSetSize of job (KB)
...
005 (517153.000.000) 05/05 17:51:52 Job terminated.
	(1) Normal termination (return value 0)
		Usr 0 00:11:10, Sys 0 00:00:12  -  Run Remote Usage
		Usr 0 00:00:00, Sys 0 00:00:00  -  Run Local Usage
		Usr 0 00:11:10, Sys 0 00:00:12  -  Total Remote Usage
		Usr 0 00:00:00, Sys 0 00:00:00  -  Total Local Usage
	0  -  Run Bytes Sent By Job
	0  -  Run Bytes Received By Job
	0  -  Total Bytes Sent By Job
	0  -  Total Bytes Received By Job
	Partitionable Resources :    Usage  Request Allocated
	   Cpus                 :                 1         1
	   Disk (KB)            :        1        1   1214297
	   Gpus                 :                           0
	   Memory (MB)          :      151        1     10751
...
000 (382584.000.000) 05/07 03:40:03 Job submitted from host: <128.83.144.155:57685?addrs=128.83.144.155-57685>
...
001 (382584.000.000) 05/07 04:25:01 Job executing on host: <128.83.139.9:47643?addrs=128.83.139.9-47643>
...
006 (382584.000.000) 05/07 04:25:10 Image size of job updated: 935116
	84  -  MemoryUsage of job (MB)
	85272  -  ResidentSetSize of job (KB)
...
006 (382584.000.000) 05/07 04:30:11 Image size of job updated: 936828
	122  -  MemoryUsage of job (MB)
	124108  -  ResidentSetSize of job (KB)
...
006 (382584.000.000) 05/07 04:35:11 Image size of job updated: 937452
	127  -  MemoryUsage of job (MB)
	129432  -  ResidentSetSize of job (KB)
...
006 (382584.000.000) 05/07 04:40:11 Image size of job updated: 937452
	133  -  MemoryUsage of job (MB)
	135752  -  ResidentSetSize of job (KB)
...
006 (382584.000.000) 05/07 04:45:12 Image size of job updated: 937668
	152  -  MemoryUsage of job (MB)
	154864  -  ResidentSetSize of job (KB)
...
005 (382584.000.000) 05/07 04:46:02 Job terminated.
	(1) Normal termination (return value 0)
		Usr 0 00:20:24, Sys 0 00:00:26  -  Run Remote Usage
		Usr 0 00:00:00, Sys 0 00:00:00  -  Run Local Usage
		Usr 0 00:20:24, Sys 0 00:00:26  -  Total Remote Usage
		Usr 0 00:00:00, Sys 0 00:00:00  -  Total Local Usage
	0  -  Run Bytes Sent By Job
	0  -  Run Bytes Received By Job
	0  -  Total Bytes Sent By Job
	0  -  Total Bytes Received By Job
	Partitionable Resources :    Usage  Request Allocated
	   Cpus                 :                 1         1
	   Disk (KB)            :        1        1   1678566
	   Gpus                 :                           0
	   Memory (MB)          :      152        1     12899
...
000 (518602.000.000) 05/07 13:18:27 Job submitted from host: <128.83.144.149:44250?addrs=128.83.144.149-44250>
...
009 (518602.000.000) 05/07 13:23:37 Job was aborted by the user.
	via condor_rm (by user ypei)
...
000 (518809.000.000) 05/07 13:24:01 Job submitted from host: <128.83.144.149:44250?addrs=128.83.144.149-44250>
...
001 (518809.000.000) 05/07 13:40:04 Job executing on host: <128.83.144.147:58788?addrs=128.83.144.147-58788>
...
006 (518809.000.000) 05/07 13:40:13 Image size of job updated: 935124
	83  -  MemoryUsage of job (MB)
	84064  -  ResidentSetSize of job (KB)
...
006 (518809.000.000) 05/07 13:45:14 Image size of job updated: 937808
	127  -  MemoryUsage of job (MB)
	129148  -  ResidentSetSize of job (KB)
...
006 (518809.000.000) 05/07 13:50:14 Image size of job updated: 937808
	136  -  MemoryUsage of job (MB)
	138272  -  ResidentSetSize of job (KB)
...
006 (518809.000.000) 05/07 13:53:36 Image size of job updated: 938036
	136  -  MemoryUsage of job (MB)
	138272  -  ResidentSetSize of job (KB)
...
005 (518809.000.000) 05/07 13:53:36 Job terminated.
	(1) Normal termination (return value 0)
		Usr 0 00:13:16, Sys 0 00:00:06  -  Run Remote Usage
		Usr 0 00:00:00, Sys 0 00:00:00  -  Run Local Usage
		Usr 0 00:13:16, Sys 0 00:00:06  -  Total Remote Usage
		Usr 0 00:00:00, Sys 0 00:00:00  -  Total Local Usage
	0  -  Run Bytes Sent By Job
	0  -  Run Bytes Received By Job
	0  -  Total Bytes Sent By Job
	0  -  Total Bytes Received By Job
	Partitionable Resources :    Usage  Request Allocated
	   Cpus                 :                 1         1
	   Disk (KB)            :        1        1   1862075
	   Gpus                 :                           0
	   Memory (MB)          :      136        1     21164
...
000 (519223.000.000) 05/07 14:36:43 Job submitted from host: <128.83.144.149:44250?addrs=128.83.144.149-44250>
...
001 (519223.000.000) 05/07 14:52:18 Job executing on host: <128.83.144.147:58788?addrs=128.83.144.147-58788>
...
006 (519223.000.000) 05/07 14:52:26 Image size of job updated: 779812
	65  -  MemoryUsage of job (MB)
	66548  -  ResidentSetSize of job (KB)
...
006 (519223.000.000) 05/07 14:57:26 Image size of job updated: 937668
	127  -  MemoryUsage of job (MB)
	130032  -  ResidentSetSize of job (KB)
...
006 (519223.000.000) 05/07 15:02:26 Image size of job updated: 937668
	136  -  MemoryUsage of job (MB)
	138944  -  ResidentSetSize of job (KB)
...
006 (519223.000.000) 05/07 15:05:45 Image size of job updated: 937900
	136  -  MemoryUsage of job (MB)
	138944  -  ResidentSetSize of job (KB)
...
005 (519223.000.000) 05/07 15:05:45 Job terminated.
	(1) Normal termination (return value 0)
		Usr 0 00:13:09, Sys 0 00:00:06  -  Run Remote Usage
		Usr 0 00:00:00, Sys 0 00:00:00  -  Run Local Usage
		Usr 0 00:13:09, Sys 0 00:00:06  -  Total Remote Usage
		Usr 0 00:00:00, Sys 0 00:00:00  -  Total Local Usage
	0  -  Run Bytes Sent By Job
	0  -  Run Bytes Received By Job
	0  -  Total Bytes Sent By Job
	0  -  Total Bytes Received By Job
	Partitionable Resources :    Usage  Request Allocated
	   Cpus                 :                 1         1
	   Disk (KB)            :        1        1   1911592
	   Gpus                 :                           0
	   Memory (MB)          :      136        1     21164
...
000 (382998.000.000) 05/07 20:17:07 Job submitted from host: <128.83.144.155:57685?addrs=128.83.144.155-57685>
...
001 (382998.000.000) 05/07 20:54:55 Job executing on host: <128.83.120.231:41298?addrs=128.83.120.231-41298>
...
006 (382998.000.000) 05/07 20:55:04 Image size of job updated: 2
	2  -  MemoryUsage of job (MB)
	1676  -  ResidentSetSize of job (KB)
...
006 (382998.000.000) 05/07 21:00:05 Image size of job updated: 937320
	122  -  MemoryUsage of job (MB)
	124252  -  ResidentSetSize of job (KB)
...
006 (382998.000.000) 05/07 21:05:06 Image size of job updated: 937320
	124  -  MemoryUsage of job (MB)
	126500  -  ResidentSetSize of job (KB)
...
006 (382998.000.000) 05/07 21:10:06 Image size of job updated: 937532
	146  -  MemoryUsage of job (MB)
	148548  -  ResidentSetSize of job (KB)
...
005 (382998.000.000) 05/07 21:11:05 Job terminated.
	(1) Normal termination (return value 0)
		Usr 0 00:15:36, Sys 0 00:00:18  -  Run Remote Usage
		Usr 0 00:00:00, Sys 0 00:00:00  -  Run Local Usage
		Usr 0 00:15:36, Sys 0 00:00:18  -  Total Remote Usage
		Usr 0 00:00:00, Sys 0 00:00:00  -  Total Local Usage
	0  -  Run Bytes Sent By Job
	0  -  Run Bytes Received By Job
	0  -  Total Bytes Sent By Job
	0  -  Total Bytes Received By Job
	Partitionable Resources :    Usage  Request Allocated
	   Cpus                 :                 1         1
	   Disk (KB)            :        2        2    786301
	   Gpus                 :                           0
	   Memory (MB)          :      146        1     12899
...
000 (384240.000.000) 05/08 05:53:10 Job submitted from host: <128.83.144.155:57685?addrs=128.83.144.155-57685>
...
001 (384240.000.000) 05/08 06:31:02 Job executing on host: <128.83.120.229:58979?addrs=128.83.120.229-58979>
...
006 (384240.000.000) 05/08 06:31:10 Image size of job updated: 1
	2  -  MemoryUsage of job (MB)
	1688  -  ResidentSetSize of job (KB)
...
006 (384240.000.000) 05/08 06:36:10 Image size of job updated: 937452
	125  -  MemoryUsage of job (MB)
	127056  -  ResidentSetSize of job (KB)
...
006 (384240.000.000) 05/08 06:41:11 Image size of job updated: 937452
	126  -  MemoryUsage of job (MB)
	128736  -  ResidentSetSize of job (KB)
...
006 (384240.000.000) 05/08 06:46:12 Image size of job updated: 937616
	146  -  MemoryUsage of job (MB)
	148716  -  ResidentSetSize of job (KB)
...
006 (384240.000.000) 05/08 06:48:06 Image size of job updated: 937668
	146  -  MemoryUsage of job (MB)
	148716  -  ResidentSetSize of job (KB)
...
005 (384240.000.000) 05/08 06:48:06 Job terminated.
	(1) Normal termination (return value 0)
		Usr 0 00:16:38, Sys 0 00:00:19  -  Run Remote Usage
		Usr 0 00:00:00, Sys 0 00:00:00  -  Run Local Usage
		Usr 0 00:16:38, Sys 0 00:00:19  -  Total Remote Usage
		Usr 0 00:00:00, Sys 0 00:00:00  -  Total Local Usage
	0  -  Run Bytes Sent By Job
	0  -  Run Bytes Received By Job
	0  -  Total Bytes Sent By Job
	0  -  Total Bytes Received By Job
	Partitionable Resources :    Usage  Request Allocated
	   Cpus                 :                 1         1
	   Disk (KB)            :        1        1    799997
	   Gpus                 :                           0
	   Memory (MB)          :      146        1     12899
...
000 (417633.000.000) 05/09 03:37:35 Job submitted from host: <128.83.144.154:52346?addrs=128.83.144.154-52346>
...
001 (417633.000.000) 05/09 04:13:07 Job executing on host: <128.83.144.55:40067?addrs=128.83.144.55-40067>
...
006 (417633.000.000) 05/09 04:13:15 Image size of job updated: 935128
	83  -  MemoryUsage of job (MB)
	84084  -  ResidentSetSize of job (KB)
...
006 (417633.000.000) 05/09 04:18:15 Image size of job updated: 937556
	128  -  MemoryUsage of job (MB)
	130352  -  ResidentSetSize of job (KB)
...
006 (417633.000.000) 05/09 04:23:16 Image size of job updated: 937916
	138  -  MemoryUsage of job (MB)
	141252  -  ResidentSetSize of job (KB)
...
006 (417633.000.000) 05/09 04:26:47 Image size of job updated: 938044
	138  -  MemoryUsage of job (MB)
	141252  -  ResidentSetSize of job (KB)
...
005 (417633.000.000) 05/09 04:26:47 Job terminated.
	(1) Normal termination (return value 0)
		Usr 0 00:13:24, Sys 0 00:00:09  -  Run Remote Usage
		Usr 0 00:00:00, Sys 0 00:00:00  -  Run Local Usage
		Usr 0 00:13:24, Sys 0 00:00:09  -  Total Remote Usage
		Usr 0 00:00:00, Sys 0 00:00:00  -  Total Local Usage
	0  -  Run Bytes Sent By Job
	0  -  Run Bytes Received By Job
	0  -  Total Bytes Sent By Job
	0  -  Total Bytes Received By Job
	Partitionable Resources :    Usage  Request Allocated
	   Cpus                 :                 1         1
	   Disk (KB)            :        2        2   7539970
	   Gpus                 :                           0
	   Memory (MB)          :      138        1      4027
...
