000 (15005772.000.000) 08/01 20:50:05 Job submitted from host: <128.83.130.153:51299?addrs=128.83.130.153-51299>
...
001 (15005772.000.000) 08/01 20:50:12 Job executing on host: <128.83.120.75:36144?addrs=128.83.120.75-36144>
...
006 (15005772.000.000) 08/01 20:50:21 Image size of job updated: 4911708
	179  -  MemoryUsage of job (MB)
	182528  -  ResidentSetSize of job (KB)
...
006 (15005772.000.000) 08/01 20:55:21 Image size of job updated: 5569708
	628  -  MemoryUsage of job (MB)
	642960  -  ResidentSetSize of job (KB)
...
006 (15005772.000.000) 08/01 21:00:21 Image size of job updated: 5569708
	721  -  MemoryUsage of job (MB)
	738276  -  ResidentSetSize of job (KB)
...
006 (15005772.000.000) 08/01 21:05:22 Image size of job updated: 5569964
	819  -  MemoryUsage of job (MB)
	837888  -  ResidentSetSize of job (KB)
...
006 (15005772.000.000) 08/01 21:10:23 Image size of job updated: 5773404
	1105  -  MemoryUsage of job (MB)
	1131384  -  ResidentSetSize of job (KB)
...
006 (15005772.000.000) 08/01 21:15:23 Image size of job updated: 5773476
	1204  -  MemoryUsage of job (MB)
	1232416  -  ResidentSetSize of job (KB)
...
006 (15005772.000.000) 08/01 21:20:23 Image size of job updated: 5773476
	1294  -  MemoryUsage of job (MB)
	1324808  -  ResidentSetSize of job (KB)
...
006 (15005772.000.000) 08/01 21:25:24 Image size of job updated: 5970084
	1397  -  MemoryUsage of job (MB)
	1430212  -  ResidentSetSize of job (KB)
...
006 (15005772.000.000) 08/01 21:30:24 Image size of job updated: 5970084
	1496  -  MemoryUsage of job (MB)
	1531236  -  ResidentSetSize of job (KB)
...
006 (15005772.000.000) 08/01 21:35:24 Image size of job updated: 5970088
	1604  -  MemoryUsage of job (MB)
	1641680  -  ResidentSetSize of job (KB)
...
006 (15005772.000.000) 08/01 21:40:14 Image size of job updated: 6235016
	1604  -  MemoryUsage of job (MB)
	1641680  -  ResidentSetSize of job (KB)
...
005 (15005772.000.000) 08/01 21:40:14 Job terminated.
	(1) Normal termination (return value 0)
		Usr 0 00:51:05, Sys 0 00:00:55  -  Run Remote Usage
		Usr 0 00:00:00, Sys 0 00:00:00  -  Run Local Usage
		Usr 0 00:51:05, Sys 0 00:00:55  -  Total Remote Usage
		Usr 0 00:00:00, Sys 0 00:00:00  -  Total Local Usage
	0  -  Run Bytes Sent By Job
	0  -  Run Bytes Received By Job
	0  -  Total Bytes Sent By Job
	0  -  Total Bytes Received By Job
	Partitionable Resources :    Usage  Request Allocated
	   Cpus                 :                 1         1
	   Disk (KB)            :        1        1   8862903
	   Gpus                 :                           0
	   Memory (MB)          :     1604        1      4028
...
