[SNIPER] Start
Sampler: 4, 32, 0
itlb_cache: 32, 1
itlb_cache_L1: 32, 1
Sampler: 4, 128, 0
dtlb_cache: 128, 4
dtlb_cache_L1: 128, 4
L1-I 2
Sampler: 4, 4, 128
L1-I: 2048, 64
L1-I_L1: 2048, 64
L1-D 3
Sampler: 4, 8, 32
L1-D: 1024, 32
L1-D_L1: 1024, 32
L2 4
Sampler: 122, 16, 16
L2: 32768, 1024
L2_L1: 32768, 1024
Executing Python script /v/filer4b/v20q001/ypei/Desktop/cs395t-lin/output/low_bandwidth/run_all_hybrid_headroom9/sphinx3/18/sim.scripts.py
[STOPBYICOUNT] Starting in ROI (detail)
[STOPBYICOUNT] Then stopping after simulating at least 250000000 instructions in detail
[SNIPER] --------------------------------------------------------------------------------
[SNIPER] Sniper using SIFT/trace-driven frontend
[SNIPER] Running full application in DETAILED mode
[SNIPER] --------------------------------------------------------------------------------
[SNIPER] Enabling performance models
[SNIPER] Setting instrumentation mode to DETAILED
[STOPBYICOUNT] Ending ROI after 250000003 instructions (250000000 requested)
[SNIPER] Disabling performance models
[SNIPER] Leaving ROI after 804.08 seconds
[SNIPER] Simulated 250.0M instructions, 196.3M cycles, 1.27 IPC
[SNIPER] Simulation speed 310.9 KIPS (310.9 KIPS / target core - 3216.4ns/instr)
[SNIPER] Setting instrumentation mode to FAST_FORWARD
Hawkeye Victims: 0
LRU Victims: 0
Hawkeye Victims: 0
LRU Victims: 0
Hawkeye Victims: 0
LRU Victims: 0
a test for execution
[app0] [SIFT_RECORDER] sift_writer.cc:550: Sift::Mode Sift::Writer::Sync(): Assertion `!response->fail()' failed.
[app0] Pin app terminated abnormally due to signal 6.

Inserted: 0
Redundant.progress: 0
Redundant.cache: 0
Redundant.buffer: 0
Hawkeye Victims: 0
LRU Victims: 0
a test for execution

Inserted: 0
Redundant.progress: 0
Redundant.cache: 0
Redundant.buffer: 0
Hawkeye Victims: 0
LRU Victims: 0
 =========================================================== 
Triggers: 3260639
Repeats: 0

Same addr: 2782265 85.3288
New addr: 571 0.0175119

Distribution of new addresses: 
Stream Head: 325 56.9177
Stream Divergence: 259335 45417.7

Invalidation count: 357389 62590
No Conflict count: 98890 17318.7
Same Stream count: 0 0
New Stream count: 0 0

Not found: 468724
On Chip Mispredictions: 0
 =========================================================== 
Distribution of predictions: 
Predict Init: 3148733 96.568
Total Predictions: 3121292
Predict OCI Miss: 15889 0.504616
Predict Stream End: 27441 0.871493
Buffer Success: 0 0
Stride Distribution: 0, 1563, 0, 0, 48576, 1440352, 619804, 286488, 236348, 192924, 116886, 78314, 63158, 38962, 38778, 26450, 23828, 0, 16744, 0, 10764, 0, 0, 0, 7498, 0, 0, 0, 0, 0, 3082, 0, 6992, 0, 0, 0, 1610, 0, 0, 0, 1518, 0, 0, 0, 0, 0, 0, 0, 0, 0, 0, 0, 0, 0, 0, 0, 0, 0, 0, 0, 0, 0, 0, 0, 0, 0, 33, 0, 0, 0, 0, 0, 36382016, 0, 49, 0, 15, 0, 15, 0, 0, 6644585, 1868787317, 1915577714, 1702195557, 7566451, 113, 0, 5073232, 0, 33055408, 0, 0, 0, 5073232, 0, 33613824, 0, 0, 0, 5073232, 0, 33886144, 0, 0, 0, 5165152, 0, 1774177648, 11080, 0, 11080, 36380320, 0, 49, 0, 6, 0, 6, 0, 0, 0, 1919906931, 29541, 48, 0, 49, 0, 
a test for execution

Inserted: 5673137
Redundant.progress: 94691
Redundant.cache: 2711188
Redundant.buffer: 0
[SNIPER] End
[SNIPER] Elapsed time: 808.48 seconds
