000 (515962.000.000) 05/05 17:13:08 Job submitted from host: <128.83.144.149:44250?addrs=128.83.144.149-44250>
...
001 (515962.000.000) 05/05 17:13:29 Job executing on host: <128.83.120.230:37764?addrs=128.83.120.230-37764>
...
006 (515962.000.000) 05/05 17:13:38 Image size of job updated: 763332
	54  -  MemoryUsage of job (MB)
	54480  -  ResidentSetSize of job (KB)
...
006 (515962.000.000) 05/05 17:14:26 Image size of job updated: 765024
	54  -  MemoryUsage of job (MB)
	54480  -  ResidentSetSize of job (KB)
...
004 (515962.000.000) 05/05 17:14:26 Job was evicted.
	(0) Job was not checkpointed.
		Usr 0 00:00:00, Sys 0 00:00:00  -  Run Remote Usage
		Usr 0 00:00:00, Sys 0 00:00:00  -  Run Local Usage
	0  -  Run Bytes Sent By Job
	0  -  Run Bytes Received By Job
	Partitionable Resources :    Usage  Request Allocated
	   Cpus                 :                 1         1
	   Disk (KB)            :        1        1    827449
	   Gpus                 :                           0
	   Memory (MB)          :       54        1     12899
...
009 (515962.000.000) 05/05 17:14:27 Job was aborted by the user.
	via condor_rm (by user ypei)
...
000 (516187.000.000) 05/05 17:14:50 Job submitted from host: <128.83.144.149:44250?addrs=128.83.144.149-44250>
...
001 (516187.000.000) 05/05 17:14:59 Job executing on host: <128.83.120.229:58979?addrs=128.83.120.229-58979>
...
006 (516187.000.000) 05/05 17:15:08 Image size of job updated: 372596
	28  -  MemoryUsage of job (MB)
	28420  -  ResidentSetSize of job (KB)
...
006 (516187.000.000) 05/05 17:18:10 Image size of job updated: 936492
	88  -  MemoryUsage of job (MB)
	89300  -  ResidentSetSize of job (KB)
...
004 (516187.000.000) 05/05 17:18:10 Job was evicted.
	(0) Job was not checkpointed.
		Usr 0 00:00:55, Sys 0 00:00:01  -  Run Remote Usage
		Usr 0 00:00:00, Sys 0 00:00:00  -  Run Local Usage
	0  -  Run Bytes Sent By Job
	0  -  Run Bytes Received By Job
	Partitionable Resources :    Usage  Request Allocated
	   Cpus                 :                 1         1
	   Disk (KB)            :        1        1    828970
	   Gpus                 :                           0
	   Memory (MB)          :       88        1     12899
...
009 (516187.000.000) 05/05 17:18:11 Job was aborted by the user.
	via condor_rm (by user ypei)
...
000 (516394.000.000) 05/05 17:18:21 Job submitted from host: <128.83.144.149:44250?addrs=128.83.144.149-44250>
...
001 (516394.000.000) 05/05 17:18:30 Job executing on host: <128.83.120.250:59851?addrs=128.83.120.250-59851>
...
006 (516394.000.000) 05/05 17:18:39 Image size of job updated: 763492
	52  -  MemoryUsage of job (MB)
	52676  -  ResidentSetSize of job (KB)
...
006 (516394.000.000) 05/05 17:21:19 Image size of job updated: 936492
	52  -  MemoryUsage of job (MB)
	52676  -  ResidentSetSize of job (KB)
...
004 (516394.000.000) 05/05 17:21:19 Job was evicted.
	(0) Job was not checkpointed.
		Usr 0 00:01:14, Sys 0 00:00:01  -  Run Remote Usage
		Usr 0 00:00:00, Sys 0 00:00:00  -  Run Local Usage
	0  -  Run Bytes Sent By Job
	0  -  Run Bytes Received By Job
	Partitionable Resources :    Usage  Request Allocated
	   Cpus                 :                 1         1
	   Disk (KB)            :        1        1    812581
	   Gpus                 :                           0
	   Memory (MB)          :       52        1     12899
...
009 (516394.000.000) 05/05 17:21:20 Job was aborted by the user.
	via condor_rm (by user ypei)
...
000 (517015.000.000) 05/05 17:21:42 Job submitted from host: <128.83.144.149:44250?addrs=128.83.144.149-44250>
...
001 (517015.000.000) 05/05 17:21:52 Job executing on host: <128.83.120.128:51378?addrs=128.83.120.128-51378>
...
006 (517015.000.000) 05/05 17:22:01 Image size of job updated: 764004
	56  -  MemoryUsage of job (MB)
	57272  -  ResidentSetSize of job (KB)
...
006 (517015.000.000) 05/05 17:27:02 Image size of job updated: 936492
	92  -  MemoryUsage of job (MB)
	93312  -  ResidentSetSize of job (KB)
...
006 (517015.000.000) 05/05 17:32:02 Image size of job updated: 936544
	93  -  MemoryUsage of job (MB)
	95176  -  ResidentSetSize of job (KB)
...
006 (517015.000.000) 05/05 17:37:03 Image size of job updated: 936584
	96  -  MemoryUsage of job (MB)
	97384  -  ResidentSetSize of job (KB)
...
006 (517015.000.000) 05/05 17:42:04 Image size of job updated: 936840
	97  -  MemoryUsage of job (MB)
	98440  -  ResidentSetSize of job (KB)
...
006 (517015.000.000) 05/05 17:47:04 Image size of job updated: 936840
	97  -  MemoryUsage of job (MB)
	99024  -  ResidentSetSize of job (KB)
...
006 (517015.000.000) 05/05 17:48:52 Image size of job updated: 936856
	97  -  MemoryUsage of job (MB)
	99024  -  ResidentSetSize of job (KB)
...
005 (517015.000.000) 05/05 17:48:52 Job terminated.
	(1) Normal termination (return value 0)
		Usr 0 00:25:20, Sys 0 00:00:25  -  Run Remote Usage
		Usr 0 00:00:00, Sys 0 00:00:00  -  Run Local Usage
		Usr 0 00:25:20, Sys 0 00:00:25  -  Total Remote Usage
		Usr 0 00:00:00, Sys 0 00:00:00  -  Total Local Usage
	0  -  Run Bytes Sent By Job
	0  -  Run Bytes Received By Job
	0  -  Total Bytes Sent By Job
	0  -  Total Bytes Received By Job
	Partitionable Resources :    Usage  Request Allocated
	   Cpus                 :                 1         1
	   Disk (KB)            :        1        1    812221
	   Gpus                 :                           0
	   Memory (MB)          :       97        1     12899
...
000 (518050.000.000) 05/06 21:33:02 Job submitted from host: <128.83.144.149:44250?addrs=128.83.144.149-44250>
...
001 (518050.000.000) 05/06 21:33:15 Job executing on host: <128.83.139.15:46714?addrs=128.83.139.15-46714>
...
006 (518050.000.000) 05/06 21:33:23 Image size of job updated: 763492
	56  -  MemoryUsage of job (MB)
	56784  -  ResidentSetSize of job (KB)
...
006 (518050.000.000) 05/06 21:33:45 Image size of job updated: 765148
	56  -  MemoryUsage of job (MB)
	56784  -  ResidentSetSize of job (KB)
...
004 (518050.000.000) 05/06 21:33:45 Job was evicted.
	(0) Job was not checkpointed.
		Usr 0 00:00:00, Sys 0 00:00:00  -  Run Remote Usage
		Usr 0 00:00:00, Sys 0 00:00:00  -  Run Local Usage
	0  -  Run Bytes Sent By Job
	0  -  Run Bytes Received By Job
	Partitionable Resources :    Usage  Request Allocated
	   Cpus                 :                 1         1
	   Disk (KB)            :        1        1   1672476
	   Gpus                 :                           0
	   Memory (MB)          :       56        1     12899
...
009 (518050.000.000) 05/06 21:33:47 Job was aborted by the user.
	via condor_rm (by user ypei)
...
000 (518257.000.000) 05/06 21:34:10 Job submitted from host: <128.83.144.149:44250?addrs=128.83.144.149-44250>
...
001 (518257.000.000) 05/06 21:34:22 Job executing on host: <128.83.144.112:35333?addrs=128.83.144.112-35333>
...
006 (518257.000.000) 05/06 21:34:30 Image size of job updated: 340460
	21  -  MemoryUsage of job (MB)
	21296  -  ResidentSetSize of job (KB)
...
006 (518257.000.000) 05/06 21:39:30 Image size of job updated: 936660
	90  -  MemoryUsage of job (MB)
	91432  -  ResidentSetSize of job (KB)
...
006 (518257.000.000) 05/06 21:44:30 Image size of job updated: 936712
	92  -  MemoryUsage of job (MB)
	93436  -  ResidentSetSize of job (KB)
...
006 (518257.000.000) 05/06 21:49:31 Image size of job updated: 936752
	94  -  MemoryUsage of job (MB)
	95936  -  ResidentSetSize of job (KB)
...
006 (518257.000.000) 05/06 21:54:31 Image size of job updated: 936756
	95  -  MemoryUsage of job (MB)
	96296  -  ResidentSetSize of job (KB)
...
006 (518257.000.000) 05/06 21:59:21 Image size of job updated: 937024
	95  -  MemoryUsage of job (MB)
	96296  -  ResidentSetSize of job (KB)
...
005 (518257.000.000) 05/06 21:59:21 Job terminated.
	(1) Normal termination (return value 0)
		Usr 0 00:23:18, Sys 0 00:00:26  -  Run Remote Usage
		Usr 0 00:00:00, Sys 0 00:00:00  -  Run Local Usage
		Usr 0 00:23:18, Sys 0 00:00:26  -  Total Remote Usage
		Usr 0 00:00:00, Sys 0 00:00:00  -  Total Local Usage
	0  -  Run Bytes Sent By Job
	0  -  Run Bytes Received By Job
	0  -  Total Bytes Sent By Job
	0  -  Total Bytes Received By Job
	Partitionable Resources :    Usage  Request Allocated
	   Cpus                 :                 1         1
	   Disk (KB)            :        1        1    803073
	   Gpus                 :                           0
	   Memory (MB)          :       95        1     12899
...
000 (381825.000.000) 05/07 00:29:01 Job submitted from host: <128.83.144.155:57685?addrs=128.83.144.155-57685>
...
001 (381825.000.000) 05/07 00:29:17 Job executing on host: <128.83.139.15:46714?addrs=128.83.139.15-46714>
...
006 (381825.000.000) 05/07 00:29:25 Image size of job updated: 763496
	56  -  MemoryUsage of job (MB)
	56740  -  ResidentSetSize of job (KB)
...
006 (381825.000.000) 05/07 00:34:25 Image size of job updated: 936528
	99  -  MemoryUsage of job (MB)
	100516  -  ResidentSetSize of job (KB)
...
006 (381825.000.000) 05/07 00:39:25 Image size of job updated: 936844
	102  -  MemoryUsage of job (MB)
	103776  -  ResidentSetSize of job (KB)
...
006 (381825.000.000) 05/07 00:44:26 Image size of job updated: 936876
	103  -  MemoryUsage of job (MB)
	105020  -  ResidentSetSize of job (KB)
...
006 (381825.000.000) 05/07 00:48:53 Image size of job updated: 936892
	103  -  MemoryUsage of job (MB)
	105020  -  ResidentSetSize of job (KB)
...
005 (381825.000.000) 05/07 00:48:53 Job terminated.
	(1) Normal termination (return value 0)
		Usr 0 00:17:59, Sys 0 00:00:22  -  Run Remote Usage
		Usr 0 00:00:00, Sys 0 00:00:00  -  Run Local Usage
		Usr 0 00:17:59, Sys 0 00:00:22  -  Total Remote Usage
		Usr 0 00:00:00, Sys 0 00:00:00  -  Total Local Usage
	0  -  Run Bytes Sent By Job
	0  -  Run Bytes Received By Job
	0  -  Total Bytes Sent By Job
	0  -  Total Bytes Received By Job
	Partitionable Resources :    Usage  Request Allocated
	   Cpus                 :                 1         1
	   Disk (KB)            :        1        1   1672476
	   Gpus                 :                           0
	   Memory (MB)          :      103        1     12899
...
