[SNIPER] Start
Sampler: 4, 32, 0
itlb_cache: 32, 1
itlb_cache_L1: 32, 1
Sampler: 4, 128, 0
dtlb_cache: 128, 4
dtlb_cache_L1: 128, 4
L1-I 2
Sampler: 4, 4, 128
L1-I: 2048, 64
L1-I_L1: 2048, 64
L1-D 3
Sampler: 4, 8, 32
L1-D: 1024, 32
L1-D_L1: 1024, 32
L2 4
Sampler: 122, 16, 16
L2: 32768, 1024
L2_L1: 32768, 1024
Executing Python script /v/filer4b/v20q001/ypei/Desktop/cs395t-lin/output/low_bandwidth/run_all_hybrid_headroom9/omnetpp/18/sim.scripts.py
[STOPBYICOUNT] Starting in ROI (detail)
[STOPBYICOUNT] Then stopping after simulating at least 250000000 instructions in detail
[SNIPER] --------------------------------------------------------------------------------
[SNIPER] Sniper using SIFT/trace-driven frontend
[SNIPER] Running full application in DETAILED mode
[SNIPER] --------------------------------------------------------------------------------
[SNIPER] Enabling performance models
[SNIPER] Setting instrumentation mode to DETAILED
[STOPBYICOUNT] Ending ROI after 250000001 instructions (250000000 requested)
[SNIPER] Disabling performance models
[SNIPER] Leaving ROI after 1311.01 seconds
[SNIPER] Simulated 250.0M instructions, 489.0M cycles, 0.51 IPC
[SNIPER] Simulation speed 190.7 KIPS (190.7 KIPS / target core - 5244.1ns/instr)
[SNIPER] Setting instrumentation mode to FAST_FORWARD
[app0] [SIFT_RECORDER] sift_writer.cc:550: Sift::Mode Sift::Writer::Sync(): Assertion `!response->fail()' failed.
Hawkeye Victims: 0
LRU Victims: 0
Hawkeye Victims: 0
LRU Victims: 0
Hawkeye Victims: 0
LRU Victims: 0
a test for execution
[app0] Pin app terminated abnormally due to signal 6.

Inserted: 0
Redundant.progress: 0
Redundant.cache: 0
Redundant.buffer: 0
Hawkeye Victims: 0
LRU Victims: 0
a test for execution

Inserted: 0
Redundant.progress: 0
Redundant.cache: 0
Redundant.buffer: 0
Hawkeye Victims: 0
LRU Victims: 0
 =========================================================== 
Triggers: 5249493
Repeats: 0

Same addr: 3601483 68.6063
New addr: 1434 0.0273169

Distribution of new addresses: 
Stream Head: 1129 78.7308
Stream Divergence: 678477 47313.6

Invalidation count: 1191827 83112.1
No Conflict count: 519542 36230.3
Same Stream count: 0 0
New Stream count: 0 0

Not found: 1630560
On Chip Mispredictions: 0
 =========================================================== 
Distribution of predictions: 
Predict Init: 4809326 91.6151
Total Predictions: 4751385
Predict OCI Miss: 45423 0.944477
Predict Stream End: 57941 1.20476
Buffer Success: 0 0
Stride Distribution: 0, 335799, 248400, 289800, 101200, 147200, 59800, 46000, 322000, 184000, 333520, 110400, 170200, 492200, 73600, 87400, 50600, 0, 4600, 0, 46000, 0, 0, 0, 4600, 0, 0, 0, 0, 0, 326600, 0, 271400, 0, 0, 0, 487600, 0, 0, 0, 941574, 0, 0, 0, 0, 0, 0, 0, 0, 0, 0, 0, 0, 0, 0, 0, 0, 0, 0, 0, 0, 0, 0, 0, 0, 0, 33, 0, 0, 0, 0, 0, 27084096, 0, 49, 0, 15, 0, 15, 0, 0, 6644585, 1868787317, 1915577714, 1702195557, 7566451, 113, 0, 5073232, 0, 23757488, 0, 0, 0, 5073232, 0, 24315904, 0, 0, 0, 5073232, 0, 24588224, 0, 0, 0, 5165152, 0, 1369709936, 11004, 0, 11004, 27082400, 0, 49, 0, 6, 0, 6, 0, 0, 0, 1919906931, 29541, 48, 0, 49, 0, 
a test for execution

Inserted: 4837223
Redundant.progress: 28915
Redundant.cache: 1746245
Redundant.buffer: 0
[SNIPER] End
[SNIPER] Elapsed time: 1367.33 seconds
