000 (516046.000.000) 05/05 17:13:15 Job submitted from host: <128.83.144.149:44250?addrs=128.83.144.149-44250>
...
001 (516046.000.000) 05/05 17:13:31 Job executing on host: <128.83.144.13:57145?addrs=128.83.144.13-57145>
...
006 (516046.000.000) 05/05 17:13:40 Image size of job updated: 912396
	54  -  MemoryUsage of job (MB)
	54396  -  ResidentSetSize of job (KB)
...
006 (516046.000.000) 05/05 17:14:29 Image size of job updated: 914088
	54  -  MemoryUsage of job (MB)
	54396  -  ResidentSetSize of job (KB)
...
004 (516046.000.000) 05/05 17:14:29 Job was evicted.
	(0) Job was not checkpointed.
		Usr 0 00:00:00, Sys 0 00:00:00  -  Run Remote Usage
		Usr 0 00:00:00, Sys 0 00:00:00  -  Run Local Usage
	0  -  Run Bytes Sent By Job
	0  -  Run Bytes Received By Job
	Partitionable Resources :    Usage  Request Allocated
	   Cpus                 :                 1         1
	   Disk (KB)            :        1        1    824403
	   Gpus                 :                           0
	   Memory (MB)          :       54        1     12899
...
009 (516046.000.000) 05/05 17:14:30 Job was aborted by the user.
	via condor_rm (by user ypei)
...
000 (516271.000.000) 05/05 17:14:59 Job submitted from host: <128.83.144.149:44250?addrs=128.83.144.149-44250>
...
001 (516271.000.000) 05/05 17:16:01 Job executing on host: <128.83.144.83:49976?addrs=128.83.144.83-49976>
...
006 (516271.000.000) 05/05 17:16:09 Image size of job updated: 52036
	2  -  MemoryUsage of job (MB)
	1636  -  ResidentSetSize of job (KB)
...
006 (516271.000.000) 05/05 17:18:08 Image size of job updated: 1086984
	2  -  MemoryUsage of job (MB)
	1636  -  ResidentSetSize of job (KB)
...
004 (516271.000.000) 05/05 17:18:08 Job was evicted.
	(0) Job was not checkpointed.
		Usr 0 00:00:47, Sys 0 00:00:00  -  Run Remote Usage
		Usr 0 00:00:00, Sys 0 00:00:00  -  Run Local Usage
	0  -  Run Bytes Sent By Job
	0  -  Run Bytes Received By Job
	Partitionable Resources :    Usage  Request Allocated
	   Cpus                 :                 1         1
	   Disk (KB)            :        1        1   2234942
	   Gpus                 :                           0
	   Memory (MB)          :        2        1      4028
...
009 (516271.000.000) 05/05 17:18:08 Job was aborted by the user.
	via condor_rm (by user ypei)
...
000 (516478.000.000) 05/05 17:18:30 Job submitted from host: <128.83.144.149:44250?addrs=128.83.144.149-44250>
...
001 (516478.000.000) 05/05 17:19:01 Job executing on host: <128.83.144.88:55827?addrs=128.83.144.88-55827>
...
006 (516478.000.000) 05/05 17:19:09 Image size of job updated: 1
	2  -  MemoryUsage of job (MB)
	1636  -  ResidentSetSize of job (KB)
...
006 (516478.000.000) 05/05 17:21:24 Image size of job updated: 1087516
	284  -  MemoryUsage of job (MB)
	290088  -  ResidentSetSize of job (KB)
...
004 (516478.000.000) 05/05 17:21:24 Job was evicted.
	(0) Job was not checkpointed.
		Usr 0 00:01:08, Sys 0 00:00:02  -  Run Remote Usage
		Usr 0 00:00:00, Sys 0 00:00:00  -  Run Local Usage
	0  -  Run Bytes Sent By Job
	0  -  Run Bytes Received By Job
	Partitionable Resources :    Usage  Request Allocated
	   Cpus                 :                 1         1
	   Disk (KB)            :        1        1   2250170
	   Gpus                 :                           0
	   Memory (MB)          :      284        1      4028
...
009 (516478.000.000) 05/05 17:21:24 Job was aborted by the user.
	via condor_rm (by user ypei)
...
000 (517099.000.000) 05/05 17:21:56 Job submitted from host: <128.83.144.149:44250?addrs=128.83.144.149-44250>
...
001 (517099.000.000) 05/05 17:22:24 Job executing on host: <128.83.139.15:46714?addrs=128.83.139.15-46714>
...
006 (517099.000.000) 05/05 17:22:32 Image size of job updated: 912692
	56  -  MemoryUsage of job (MB)
	56788  -  ResidentSetSize of job (KB)
...
006 (517099.000.000) 05/05 17:27:32 Image size of job updated: 1153176
	333  -  MemoryUsage of job (MB)
	340004  -  ResidentSetSize of job (KB)
...
006 (517099.000.000) 05/05 17:32:32 Image size of job updated: 1218760
	387  -  MemoryUsage of job (MB)
	395428  -  ResidentSetSize of job (KB)
...
006 (517099.000.000) 05/05 17:37:33 Image size of job updated: 1218780
	410  -  MemoryUsage of job (MB)
	418864  -  ResidentSetSize of job (KB)
...
006 (517099.000.000) 05/05 17:42:33 Image size of job updated: 1218792
	431  -  MemoryUsage of job (MB)
	441244  -  ResidentSetSize of job (KB)
...
006 (517099.000.000) 05/05 17:47:33 Image size of job updated: 1284592
	450  -  MemoryUsage of job (MB)
	460792  -  ResidentSetSize of job (KB)
...
006 (517099.000.000) 05/05 17:52:08 Image size of job updated: 1284600
	450  -  MemoryUsage of job (MB)
	460792  -  ResidentSetSize of job (KB)
...
005 (517099.000.000) 05/05 17:52:08 Job terminated.
	(1) Normal termination (return value 0)
		Usr 0 00:27:55, Sys 0 00:00:26  -  Run Remote Usage
		Usr 0 00:00:00, Sys 0 00:00:00  -  Run Local Usage
		Usr 0 00:27:55, Sys 0 00:00:26  -  Total Remote Usage
		Usr 0 00:00:00, Sys 0 00:00:00  -  Total Local Usage
	0  -  Run Bytes Sent By Job
	0  -  Run Bytes Received By Job
	0  -  Total Bytes Sent By Job
	0  -  Total Bytes Received By Job
	Partitionable Resources :    Usage  Request Allocated
	   Cpus                 :                 1         1
	   Disk (KB)            :        1        1   1684661
	   Gpus                 :                           0
	   Memory (MB)          :      450        1     12899
...
000 (382530.000.000) 05/07 03:39:58 Job submitted from host: <128.83.144.155:57685?addrs=128.83.144.155-57685>
...
001 (382530.000.000) 05/07 04:18:45 Job executing on host: <128.83.139.14:44306?addrs=128.83.139.14-44306>
...
006 (382530.000.000) 05/07 04:18:54 Image size of job updated: 1
	2  -  MemoryUsage of job (MB)
	1676  -  ResidentSetSize of job (KB)
...
006 (382530.000.000) 05/07 04:23:55 Image size of job updated: 1153236
	325  -  MemoryUsage of job (MB)
	332252  -  ResidentSetSize of job (KB)
...
006 (382530.000.000) 05/07 04:28:56 Image size of job updated: 1153512
	361  -  MemoryUsage of job (MB)
	368736  -  ResidentSetSize of job (KB)
...
006 (382530.000.000) 05/07 04:33:56 Image size of job updated: 1219080
	379  -  MemoryUsage of job (MB)
	387320  -  ResidentSetSize of job (KB)
...
006 (382530.000.000) 05/07 04:38:57 Image size of job updated: 1219080
	395  -  MemoryUsage of job (MB)
	404100  -  ResidentSetSize of job (KB)
...
006 (382530.000.000) 05/07 04:43:58 Image size of job updated: 1219088
	402  -  MemoryUsage of job (MB)
	411288  -  ResidentSetSize of job (KB)
...
006 (382530.000.000) 05/07 04:48:58 Image size of job updated: 1219096
	409  -  MemoryUsage of job (MB)
	418304  -  ResidentSetSize of job (KB)
...
005 (382530.000.000) 05/07 04:50:58 Job terminated.
	(1) Normal termination (return value 0)
		Usr 0 00:31:29, Sys 0 00:00:30  -  Run Remote Usage
		Usr 0 00:00:00, Sys 0 00:00:00  -  Run Local Usage
		Usr 0 00:31:29, Sys 0 00:00:30  -  Total Remote Usage
		Usr 0 00:00:00, Sys 0 00:00:00  -  Total Local Usage
	0  -  Run Bytes Sent By Job
	0  -  Run Bytes Received By Job
	0  -  Total Bytes Sent By Job
	0  -  Total Bytes Received By Job
	Partitionable Resources :    Usage  Request Allocated
	   Cpus                 :                 1         1
	   Disk (KB)            :        1        1   1675519
	   Gpus                 :                           0
	   Memory (MB)          :      409        1     12899
...
000 (518548.000.000) 05/07 13:18:23 Job submitted from host: <128.83.144.149:44250?addrs=128.83.144.149-44250>
...
001 (518548.000.000) 05/07 13:18:58 Job executing on host: <128.83.139.5:46458?addrs=128.83.139.5-46458>
...
006 (518548.000.000) 05/07 13:19:07 Image size of job updated: 912692
	56  -  MemoryUsage of job (MB)
	56812  -  ResidentSetSize of job (KB)
...
006 (518548.000.000) 05/07 13:23:36 Image size of job updated: 1087692
	300  -  MemoryUsage of job (MB)
	306644  -  ResidentSetSize of job (KB)
...
004 (518548.000.000) 05/07 13:23:36 Job was evicted.
	(0) Job was not checkpointed.
		Usr 0 00:03:14, Sys 0 00:00:05  -  Run Remote Usage
		Usr 0 00:00:00, Sys 0 00:00:00  -  Run Local Usage
	0  -  Run Bytes Sent By Job
	0  -  Run Bytes Received By Job
	Partitionable Resources :    Usage  Request Allocated
	   Cpus                 :                 1         1
	   Disk (KB)            :        1        1   4646202
	   Gpus                 :                           0
	   Memory (MB)          :      300        1      4027
...
009 (518548.000.000) 05/07 13:23:37 Job was aborted by the user.
	via condor_rm (by user ypei)
...
000 (518755.000.000) 05/07 13:23:57 Job submitted from host: <128.83.144.149:44250?addrs=128.83.144.149-44250>
...
001 (518755.000.000) 05/07 13:24:34 Job executing on host: <128.83.120.230:37764?addrs=128.83.120.230-37764>
...
006 (518755.000.000) 05/07 13:24:42 Image size of job updated: 912556
	56  -  MemoryUsage of job (MB)
	56744  -  ResidentSetSize of job (KB)
...
006 (518755.000.000) 05/07 13:29:42 Image size of job updated: 1153072
	313  -  MemoryUsage of job (MB)
	319820  -  ResidentSetSize of job (KB)
...
006 (518755.000.000) 05/07 13:34:43 Image size of job updated: 1153120
	351  -  MemoryUsage of job (MB)
	358456  -  ResidentSetSize of job (KB)
...
006 (518755.000.000) 05/07 13:39:44 Image size of job updated: 1153128
	366  -  MemoryUsage of job (MB)
	374004  -  ResidentSetSize of job (KB)
...
006 (518755.000.000) 05/07 13:44:44 Image size of job updated: 1218688
	379  -  MemoryUsage of job (MB)
	387224  -  ResidentSetSize of job (KB)
...
006 (518755.000.000) 05/07 13:49:45 Image size of job updated: 1218688
	390  -  MemoryUsage of job (MB)
	399352  -  ResidentSetSize of job (KB)
...
006 (518755.000.000) 05/07 13:54:46 Image size of job updated: 1218952
	401  -  MemoryUsage of job (MB)
	409860  -  ResidentSetSize of job (KB)
...
006 (518755.000.000) 05/07 13:59:46 Image size of job updated: 1218960
	409  -  MemoryUsage of job (MB)
	417860  -  ResidentSetSize of job (KB)
...
005 (518755.000.000) 05/07 14:02:25 Job terminated.
	(1) Normal termination (return value 0)
		Usr 0 00:36:00, Sys 0 00:00:49  -  Run Remote Usage
		Usr 0 00:00:00, Sys 0 00:00:00  -  Run Local Usage
		Usr 0 00:36:00, Sys 0 00:00:49  -  Total Remote Usage
		Usr 0 00:00:00, Sys 0 00:00:00  -  Total Local Usage
	0  -  Run Bytes Sent By Job
	0  -  Run Bytes Received By Job
	0  -  Total Bytes Sent By Job
	0  -  Total Bytes Received By Job
	Partitionable Resources :    Usage  Request Allocated
	   Cpus                 :                 1         1
	   Disk (KB)            :        1        1    792415
	   Gpus                 :                           0
	   Memory (MB)          :      409        1     12899
...
000 (519169.000.000) 05/07 14:36:33 Job submitted from host: <128.83.144.149:44250?addrs=128.83.144.149-44250>
...
001 (519169.000.000) 05/07 14:36:41 Job executing on host: <128.83.139.6:57138?addrs=128.83.139.6-57138>
...
006 (519169.000.000) 05/07 14:36:49 Image size of job updated: 912692
	52  -  MemoryUsage of job (MB)
	52704  -  ResidentSetSize of job (KB)
...
006 (519169.000.000) 05/07 14:41:49 Image size of job updated: 1087672
	308  -  MemoryUsage of job (MB)
	315092  -  ResidentSetSize of job (KB)
...
006 (519169.000.000) 05/07 14:46:49 Image size of job updated: 1153256
	349  -  MemoryUsage of job (MB)
	356944  -  ResidentSetSize of job (KB)
...
006 (519169.000.000) 05/07 14:51:50 Image size of job updated: 1153264
	365  -  MemoryUsage of job (MB)
	372868  -  ResidentSetSize of job (KB)
...
006 (519169.000.000) 05/07 14:56:50 Image size of job updated: 1218824
	380  -  MemoryUsage of job (MB)
	388868  -  ResidentSetSize of job (KB)
...
006 (519169.000.000) 05/07 15:01:50 Image size of job updated: 1219080
	394  -  MemoryUsage of job (MB)
	403112  -  ResidentSetSize of job (KB)
...
006 (519169.000.000) 05/07 15:06:51 Image size of job updated: 1219092
	403  -  MemoryUsage of job (MB)
	412256  -  ResidentSetSize of job (KB)
...
006 (519169.000.000) 05/07 15:11:01 Image size of job updated: 1219096
	403  -  MemoryUsage of job (MB)
	412256  -  ResidentSetSize of job (KB)
...
005 (519169.000.000) 05/07 15:11:01 Job terminated.
	(1) Normal termination (return value 0)
		Usr 0 00:32:23, Sys 0 00:00:37  -  Run Remote Usage
		Usr 0 00:00:00, Sys 0 00:00:00  -  Run Local Usage
		Usr 0 00:32:23, Sys 0 00:00:37  -  Total Remote Usage
		Usr 0 00:00:00, Sys 0 00:00:00  -  Total Local Usage
	0  -  Run Bytes Sent By Job
	0  -  Run Bytes Received By Job
	0  -  Total Bytes Sent By Job
	0  -  Total Bytes Received By Job
	Partitionable Resources :    Usage  Request Allocated
	   Cpus                 :                 1         1
	   Disk (KB)            :        1        1   1657238
	   Gpus                 :                           0
	   Memory (MB)          :      403        1     12899
...
000 (382944.000.000) 05/07 20:17:03 Job submitted from host: <128.83.144.155:57685?addrs=128.83.144.155-57685>
...
001 (382944.000.000) 05/07 20:49:25 Job executing on host: <128.83.130.161:35317?addrs=128.83.130.161-35317>
...
006 (382944.000.000) 05/07 20:49:34 Image size of job updated: 1085492
	135  -  MemoryUsage of job (MB)
	137640  -  ResidentSetSize of job (KB)
...
006 (382944.000.000) 05/07 20:54:35 Image size of job updated: 1153520
	348  -  MemoryUsage of job (MB)
	355824  -  ResidentSetSize of job (KB)
...
006 (382944.000.000) 05/07 20:59:36 Image size of job updated: 1153540
	373  -  MemoryUsage of job (MB)
	381116  -  ResidentSetSize of job (KB)
...
006 (382944.000.000) 05/07 21:04:36 Image size of job updated: 1219096
	397  -  MemoryUsage of job (MB)
	405604  -  ResidentSetSize of job (KB)
...
006 (382944.000.000) 05/07 21:09:37 Image size of job updated: 1219108
	412  -  MemoryUsage of job (MB)
	420988  -  ResidentSetSize of job (KB)
...
005 (382944.000.000) 05/07 21:09:39 Job terminated.
	(1) Normal termination (return value 0)
		Usr 0 00:19:51, Sys 0 00:00:13  -  Run Remote Usage
		Usr 0 00:00:00, Sys 0 00:00:00  -  Run Local Usage
		Usr 0 00:19:51, Sys 0 00:00:13  -  Total Remote Usage
		Usr 0 00:00:00, Sys 0 00:00:00  -  Total Local Usage
	0  -  Run Bytes Sent By Job
	0  -  Run Bytes Received By Job
	0  -  Total Bytes Sent By Job
	0  -  Total Bytes Received By Job
	Partitionable Resources :    Usage  Request Allocated
	   Cpus                 :                 1         1
	   Disk (KB)            :        2        2   1909590
	   Gpus                 :                           0
	   Memory (MB)          :      412        1     21164
...
000 (384186.000.000) 05/08 05:53:06 Job submitted from host: <128.83.144.155:57685?addrs=128.83.144.155-57685>
...
001 (384186.000.000) 05/08 06:24:38 Job executing on host: <128.83.130.161:35317?addrs=128.83.130.161-35317>
...
006 (384186.000.000) 05/08 06:24:46 Image size of job updated: 1
	2  -  MemoryUsage of job (MB)
	1636  -  ResidentSetSize of job (KB)
...
006 (384186.000.000) 05/08 06:29:46 Image size of job updated: 1153384
	351  -  MemoryUsage of job (MB)
	358724  -  ResidentSetSize of job (KB)
...
006 (384186.000.000) 05/08 06:34:47 Image size of job updated: 1153408
	376  -  MemoryUsage of job (MB)
	385004  -  ResidentSetSize of job (KB)
...
006 (384186.000.000) 05/08 06:39:48 Image size of job updated: 1218960
	398  -  MemoryUsage of job (MB)
	406564  -  ResidentSetSize of job (KB)
...
006 (384186.000.000) 05/08 06:44:48 Image size of job updated: 1218972
	414  -  MemoryUsage of job (MB)
	423820  -  ResidentSetSize of job (KB)
...
005 (384186.000.000) 05/08 06:45:43 Job terminated.
	(1) Normal termination (return value 0)
		Usr 0 00:20:03, Sys 0 00:00:14  -  Run Remote Usage
		Usr 0 00:00:00, Sys 0 00:00:00  -  Run Local Usage
		Usr 0 00:20:03, Sys 0 00:00:14  -  Total Remote Usage
		Usr 0 00:00:00, Sys 0 00:00:00  -  Total Local Usage
	0  -  Run Bytes Sent By Job
	0  -  Run Bytes Received By Job
	0  -  Total Bytes Sent By Job
	0  -  Total Bytes Received By Job
	Partitionable Resources :    Usage  Request Allocated
	   Cpus                 :                 1         1
	   Disk (KB)            :        1        1   1909586
	   Gpus                 :                           0
	   Memory (MB)          :      414        1     21164
...
000 (417579.000.000) 05/09 03:37:30 Job submitted from host: <128.83.144.154:52346?addrs=128.83.144.154-52346>
...
001 (417579.000.000) 05/09 04:09:04 Job executing on host: <128.83.144.84:60326?addrs=128.83.144.84-60326>
...
006 (417579.000.000) 05/09 04:09:13 Image size of job updated: 912552
	56  -  MemoryUsage of job (MB)
	56792  -  ResidentSetSize of job (KB)
...
010 (417579.000.000) 05/09 04:11:11 Job was suspended.
	Number of processes actually suspended: 8
...
006 (417579.000.000) 05/09 04:11:11 Image size of job updated: 1087420
	266  -  MemoryUsage of job (MB)
	272336  -  ResidentSetSize of job (KB)
...
011 (417579.000.000) 05/09 04:15:32 Job was unsuspended.
...
006 (417579.000.000) 05/09 04:19:14 Image size of job updated: 1153672
	344  -  MemoryUsage of job (MB)
	351744  -  ResidentSetSize of job (KB)
...
006 (417579.000.000) 05/09 04:24:14 Image size of job updated: 1153672
	375  -  MemoryUsage of job (MB)
	383440  -  ResidentSetSize of job (KB)
...
006 (417579.000.000) 05/09 04:29:15 Image size of job updated: 1218960
	403  -  MemoryUsage of job (MB)
	412460  -  ResidentSetSize of job (KB)
...
006 (417579.000.000) 05/09 04:31:52 Image size of job updated: 1218968
	403  -  MemoryUsage of job (MB)
	412460  -  ResidentSetSize of job (KB)
...
005 (417579.000.000) 05/09 04:31:52 Job terminated.
	(1) Normal termination (return value 0)
		Usr 0 00:17:13, Sys 0 00:00:13  -  Run Remote Usage
		Usr 0 00:00:00, Sys 0 00:00:00  -  Run Local Usage
		Usr 0 00:17:13, Sys 0 00:00:13  -  Total Remote Usage
		Usr 0 00:00:00, Sys 0 00:00:00  -  Total Local Usage
	0  -  Run Bytes Sent By Job
	0  -  Run Bytes Received By Job
	0  -  Total Bytes Sent By Job
	0  -  Total Bytes Received By Job
	Partitionable Resources :    Usage  Request Allocated
	   Cpus                 :                 1         1
	   Disk (KB)            :        2        2   7541873
	   Gpus                 :                           0
	   Memory (MB)          :      403        1      4027
...
