000 (15005741.000.000) 08/01 19:38:50 Job submitted from host: <128.83.130.153:51299?addrs=128.83.130.153-51299>
...
001 (15005741.000.000) 08/01 19:39:10 Job executing on host: <128.83.144.245:52069?addrs=128.83.144.245-52069>
...
006 (15005741.000.000) 08/01 19:39:18 Image size of job updated: 4893428
	165  -  MemoryUsage of job (MB)
	168040  -  ResidentSetSize of job (KB)
...
010 (15005741.000.000) 08/01 19:41:24 Job was suspended.
	Number of processes actually suspended: 23
...
006 (15005741.000.000) 08/01 19:41:25 Image size of job updated: 5538788
	495  -  MemoryUsage of job (MB)
	506396  -  ResidentSetSize of job (KB)
...
011 (15005741.000.000) 08/01 19:51:25 Job was unsuspended.
...
004 (15005741.000.000) 08/01 19:51:25 Job was evicted.
	(0) Job was not checkpointed.
		Usr 0 00:01:21, Sys 0 00:00:01  -  Run Remote Usage
		Usr 0 00:00:00, Sys 0 00:00:00  -  Run Local Usage
	0  -  Run Bytes Sent By Job
	0  -  Run Bytes Received By Job
	Partitionable Resources :    Usage  Request Allocated
	   Cpus                 :                 1         1
	   Disk (KB)            :        1        1    742633
	   Gpus                 :                           0
	   Memory (MB)          :      495        1      4021
...
001 (15005741.000.000) 08/01 19:51:51 Job executing on host: <128.83.130.103:46771?addrs=128.83.130.103-46771>
...
006 (15005741.000.000) 08/01 20:02:00 Image size of job updated: 7500000
	888  -  MemoryUsage of job (MB)
	909284  -  ResidentSetSize of job (KB)
...
006 (15005741.000.000) 08/01 20:07:01 Image size of job updated: 7500000
	1129  -  MemoryUsage of job (MB)
	1156044  -  ResidentSetSize of job (KB)
...
005 (15005741.000.000) 08/01 20:10:30 Job terminated.
	(1) Normal termination (return value 0)
		Usr 0 00:20:59, Sys 0 00:00:25  -  Run Remote Usage
		Usr 0 00:00:00, Sys 0 00:00:00  -  Run Local Usage
		Usr 0 00:20:59, Sys 0 00:00:25  -  Total Remote Usage
		Usr 0 00:00:00, Sys 0 00:00:00  -  Total Local Usage
	0  -  Run Bytes Sent By Job
	0  -  Run Bytes Received By Job
	0  -  Total Bytes Sent By Job
	0  -  Total Bytes Received By Job
	Partitionable Resources :    Usage  Request Allocated
	   Cpus                 :                 1         1
	   Disk (KB)            :        1        1    749976
	   Gpus                 :                           0
	   Memory (MB)          :     1129      733      4021
...
