[SNIPER] Start
Sampler: 4, 4, 32
stlb_cache: 512, 16
stlb_cache_L1: 512, 16
Sampler: 4, 32, 0
itlb_cache: 32, 1
itlb_cache_L1: 32, 1
Sampler: 4, 128, 0
dtlb_cache: 128, 4
dtlb_cache_L1: 128, 4
num_memory_controller = 1
L1-I 2
Sampler: 4, 4, 128
L1-I: 2048, 64
L1-I_L1: 2048, 64
Creating prefetcher object 0 0
Creating prefetcher object 1 0
Creating prefetcher object 2 0
Creating prefetcher object 3 0
L1-D 3
Sampler: 4, 8, 20
L1-D: 400, 20
L1-D_L1: 400, 20
Creating prefetcher object 0 0
Creating prefetcher object 1 0
Creating prefetcher object 2 0
Creating prefetcher object 3 0
L2 4
Sampler: 25f, 10, d
L2: 20000, 1000
L2_L1: 20000, 1000
EimanPrefetcher2 running
Creating prefetcher object 0 0x25d2ee0
EimanPrefetcher2 running
Creating prefetcher object 1 0x26d57e0
EimanPrefetcher2 running
Creating prefetcher object 2 0x27d8120
EimanPrefetcher2 running
Creating prefetcher object 3 0x28daa60
Sampler: 4, 4, 20
stlb_cache: 200, 10
stlb_cache_L1: 200, 10
Sampler: 4, 20, 0
itlb_cache: 20, 1
itlb_cache_L1: 20, 1
Sampler: 4, 80, 0
dtlb_cache: 80, 4
dtlb_cache_L1: 80, 4
num_memory_controller = 1
L1-I 2
Sampler: 4, 4, 80
L1-I: 800, 40
L1-I_L1: 800, 40
Creating prefetcher object 0 0
Creating prefetcher object 1 0
Creating prefetcher object 2 0
Creating prefetcher object 3 0
L1-D 3
Sampler: 4, 8, 20
L1-D: 400, 20
L1-D_L1: 400, 20
Creating prefetcher object 0 0
Creating prefetcher object 1 0
Creating prefetcher object 2 0
Creating prefetcher object 3 0
L2 4
Sampler: 4, 4, 20
stlb_cache: 200, 10
stlb_cache_L1: 200, 10
Sampler: 4, 20, 0
itlb_cache: 20, 1
itlb_cache_L1: 20, 1
Sampler: 4, 80, 0
dtlb_cache: 80, 4
dtlb_cache_L1: 80, 4
num_memory_controller = 1
L1-I 2
Sampler: 4, 4, 80
L1-I: 800, 40
L1-I_L1: 800, 40
Creating prefetcher object 0 0
Creating prefetcher object 1 0
Creating prefetcher object 2 0
Creating prefetcher object 3 0
L1-D 3
Sampler: 4, 8, 20
L1-D: 400, 20
L1-D_L1: 400, 20
Creating prefetcher object 0 0
Creating prefetcher object 1 0
Creating prefetcher object 2 0
Creating prefetcher object 3 0
L2 4
Sampler: 4, 4, 20
stlb_cache: 200, 10
stlb_cache_L1: 200, 10
Sampler: 4, 20, 0
itlb_cache: 20, 1
itlb_cache_L1: 20, 1
Sampler: 4, 80, 0
dtlb_cache: 80, 4
dtlb_cache_L1: 80, 4
num_memory_controller = 1
L1-I 2
Sampler: 4, 4, 80
L1-I: 800, 40
L1-I_L1: 800, 40
Creating prefetcher object 0 0
Creating prefetcher object 1 0
Creating prefetcher object 2 0
Creating prefetcher object 3 0
L1-D 3
Sampler: 4, 8, 20
L1-D: 400, 20
L1-D_L1: 400, 20
Creating prefetcher object 0 0
Creating prefetcher object 1 0
Creating prefetcher object 2 0
Creating prefetcher object 3 0
L2 4
[SNIPER] --------------------------------------------------------------------------------
[SNIPER] Sniper using SIFT/trace-driven frontend
[SNIPER] Running full application in DETAILED mode
[SNIPER] --------------------------------------------------------------------------------
[SNIPER] Enabling performance models
[SNIPER] Setting instrumentation mode to DETAILED
0	1
0	3
0	2
0	3
isb_agg = 1, bo_agg = 1
isb_agg = 0, bo_agg = 1
isb_agg = 0, bo_agg = 1
isb_agg = 0, bo_agg = 1
isb_agg = 0, bo_agg = 1
isb_agg = 0, bo_agg = 1
phase = 0
isb_agg = 0, bo_agg = 1
isb_agg = 0, bo_agg = 1
isb_agg = 0, bo_agg = 1
isb_agg = 0, bo_agg = 1
isb_agg = 0, bo_agg = 1
isb_agg = 0, bo_agg = 1
phase = 1
isb_agg = 1, bo_agg = 1
isb_agg = 0, bo_agg = 1
isb_agg = 0, bo_agg = 1
isb_agg = 0, bo_agg = 1
isb_agg = 0, bo_agg = 1
1	3834
1	2476
1	41311
1	2365
phase = 2
isb_agg = 0, bo_agg = 1
isb_agg = 1, bo_agg = 1
isb_agg = 0, bo_agg = 1
isb_agg = 0, bo_agg = 1
isb_agg = 0, bo_agg = 1
phase = 3
isb_agg = 0, bo_agg = 1
isb_agg = 0, bo_agg = 1
isb_agg = 0, bo_agg = 1
phase = 4
isb_agg = 1, bo_agg = 1
isb_agg = 0, bo_agg = 1
isb_agg = 0, bo_agg = 1
isb_agg = 0, bo_agg = 1
isb_agg = 0, bo_agg = 1
phase = 5
2	785
2	44056
2	2526
2	2792
isb_agg = 0, bo_agg = 1
isb_agg = 1, bo_agg = 1
isb_agg = 0, bo_agg = 1
isb_agg = 0, bo_agg = 1
phase = 6
isb_agg = 0, bo_agg = 1
isb_agg = 0, bo_agg = 1
isb_agg = 0, bo_agg = 1
isb_agg = 0, bo_agg = 1
phase = 7
isb_agg = 0, bo_agg = 1
isb_agg = 0, bo_agg = 1
isb_agg = 1, bo_agg = 1
isb_agg = 0, bo_agg = 1
isb_agg = 0, bo_agg = 1
phase = 8
isb_agg = 0, bo_agg = 1
3	2578
3	1942
3	44385
3	3670
isb_agg = 0, bo_agg = 1
isb_agg = 1, bo_agg = 1
isb_agg = 0, bo_agg = 1
isb_agg = 0, bo_agg = 1
phase = 9
isb_agg = 0, bo_agg = 1
isb_agg = 0, bo_agg = 1
isb_agg = 0, bo_agg = 1
isb_agg = 1, bo_agg = 1
phase = 10
isb_agg = 0, bo_agg = 1
isb_agg = 0, bo_agg = 1
isb_agg = 0, bo_agg = 1
isb_agg = 0, bo_agg = 1
phase = 11
isb_agg = 1, bo_agg = 1
isb_agg = 0, bo_agg = 1
isb_agg = 0, bo_agg = 1
4	2747
4	553
4	43728
4	2880
isb_agg = 0, bo_agg = 1
isb_agg = 0, bo_agg = 1
phase = 12
isb_agg = 0, bo_agg = 1
isb_agg = 1, bo_agg = 1
isb_agg = 0, bo_agg = 1
phase = 0
isb_agg = 0, bo_agg = 1
phase = 13
isb_agg = 0, bo_agg = 1
isb_agg = 0, bo_agg = 1
isb_agg = 0, bo_agg = 1
isb_agg = 1, bo_agg = 1
isb_agg = 0, bo_agg = 1
phase = 14
isb_agg = 0, bo_agg = 1
isb_agg = 0, bo_agg = 1
isb_agg = 0, bo_agg = 1
5	44485
5	146
5	3304
5	1431
isb_agg = 1, bo_agg = 1
isb_agg = 0, bo_agg = 1
phase = 15
isb_agg = 0, bo_agg = 1
isb_agg = 0, bo_agg = 1
isb_agg = 0, bo_agg = 1
phase = 16
isb_agg = 0, bo_agg = 1
isb_agg = 1, bo_agg = 1
isb_agg = 0, bo_agg = 1
isb_agg = 0, bo_agg = 1
isb_agg = 0, bo_agg = 1
phase = 17
isb_agg = 0, bo_agg = 1
isb_agg = 0, bo_agg = 1
isb_agg = 0, bo_agg = 1
isb_agg = 1, bo_agg = 0
isb_agg = 0, bo_agg = 1
6	1652
6	768
6	3243
6	44409
phase = 18
isb_agg = 0, bo_agg = 1
isb_agg = 1, bo_agg = 1
isb_agg = 0, bo_agg = 1
isb_agg = 0, bo_agg = 1
isb_agg = 0, bo_agg = 1
isb_agg = 1, bo_agg = 1
phase = 19
isb_agg = 0, bo_agg = 1
isb_agg = 0, bo_agg = 1
isb_agg = 0, bo_agg = 1
phase = 20
isb_agg = 0, bo_agg = 1
isb_agg = 0, bo_agg = 1
isb_agg = 0, bo_agg = 1
isb_agg = 0, bo_agg = 1
phase = 21
isb_agg = 0, bo_agg = 1
7	1766
7	2209
7	2748
7	44148
isb_agg = 0, bo_agg = 1
isb_agg = 0, bo_agg = 1
isb_agg = 0, bo_agg = 1
phase = 22
isb_agg = 0, bo_agg = 1
isb_agg = 0, bo_agg = 1
isb_agg = 0, bo_agg = 1
isb_agg = 0, bo_agg = 1
phase = 23
isb_agg = 0, bo_agg = 1
isb_agg = 0, bo_agg = 1
isb_agg = 0, bo_agg = 1
isb_agg = 0, bo_agg = 1
phase = 24
isb_agg = 0, bo_agg = 1
isb_agg = 0, bo_agg = 1
isb_agg = 0, bo_agg = 1
8	979
isb_agg = 0, bo_agg = 1
phase = 25
8	1234
isb_agg = 0, bo_agg = 1
isb_agg = 0, bo_agg = 1
8	64399
8	1553
isb_agg = 0, bo_agg = 1
isb_agg = 0, bo_agg = 1
isb_agg = 0, bo_agg = 1
phase = 26
isb_agg = 0, bo_agg = 1
isb_agg = 0, bo_agg = 1
isb_agg = 0, bo_agg = 1
isb_agg = 0, bo_agg = 1
isb_agg = 0, bo_agg = 1
isb_agg = 0, bo_agg = 1
isb_agg = 0, bo_agg = 1
phase = 27
9	1378
isb_agg = 0, bo_agg = 1
isb_agg = 0, bo_agg = 1
9	25037
9	648
9	672
isb_agg = 0, bo_agg = 1
isb_agg = 0, bo_agg = 1
isb_agg = 0, bo_agg = 1
phase = 28
isb_agg = 0, bo_agg = 1
isb_agg = 0, bo_agg = 1
isb_agg = 0, bo_agg = 1
phase = 29
isb_agg = 0, bo_agg = 1
isb_agg = 0, bo_agg = 1
a	359
a	30795
a	1258
isb_agg = 1, bo_agg = 1
a	10
isb_agg = 0, bo_agg = 1
isb_agg = 0, bo_agg = 1
isb_agg = 1, bo_agg = 1
phase = 30
isb_agg = 0, bo_agg = 1
isb_agg = 0, bo_agg = 1
isb_agg = 1, bo_agg = 1
isb_agg = 0, bo_agg = 1
isb_agg = 0, bo_agg = 1
phase = 31
phase = 1
isb_agg = 0, bo_agg = 1
isb_agg = 0, bo_agg = 1
isb_agg = 0, bo_agg = 1
isb_agg = 1, bo_agg = 1
isb_agg = 0, bo_agg = 1
phase = 32
isb_agg = 0, bo_agg = 1
isb_agg = 0, bo_agg = 1
isb_agg = 0, bo_agg = 1
b	2145
b	1631
b	44883
b	2409
isb_agg = 0, bo_agg = 1
phase = 33
isb_agg = 0, bo_agg = 1
isb_agg = 1, bo_agg = 1
isb_agg = 0, bo_agg = 1
isb_agg = 0, bo_agg = 1
isb_agg = 0, bo_agg = 1
phase = 34
isb_agg = 0, bo_agg = 1
isb_agg = 1, bo_agg = 1
isb_agg = 0, bo_agg = 1
isb_agg = 0, bo_agg = 1
isb_agg = 0, bo_agg = 1
phase = 35
isb_agg = 0, bo_agg = 1
isb_agg = 0, bo_agg = 1
isb_agg = 0, bo_agg = 1
c	1013
isb_agg = 1, bo_agg = 1
c	74
c	45529
c	2598
isb_agg = 0, bo_agg = 1
phase = 36
isb_agg = 0, bo_agg = 1
isb_agg = 0, bo_agg = 1
isb_agg = 0, bo_agg = 1
isb_agg = 1, bo_agg = 1
phase = 37
isb_agg = 0, bo_agg = 1
isb_agg = 0, bo_agg = 1
isb_agg = 0, bo_agg = 1
isb_agg = 0, bo_agg = 1
phase = 38
isb_agg = 0, bo_agg = 1
isb_agg = 1, bo_agg = 1
isb_agg = 0, bo_agg = 1
isb_agg = 0, bo_agg = 1
isb_agg = 0, bo_agg = 1
d	65
phase = 39
d	552
d	46202
d	2462
isb_agg = 0, bo_agg = 1
isb_agg = 0, bo_agg = 1
isb_agg = 1, bo_agg = 1
isb_agg = 0, bo_agg = 1
isb_agg = 0, bo_agg = 1
phase = 40
isb_agg = 0, bo_agg = 1
isb_agg = 0, bo_agg = 1
isb_agg = 0, bo_agg = 1
phase = 41
isb_agg = 0, bo_agg = 1
isb_agg = 1, bo_agg = 1
isb_agg = 0, bo_agg = 1
isb_agg = 0, bo_agg = 1
isb_agg = 0, bo_agg = 1
phase = 42
isb_agg = 0, bo_agg = 1
e	524
e	3691
e	1861
e	45047
isb_agg = 0, bo_agg = 1
isb_agg = 0, bo_agg = 1
isb_agg = 0, bo_agg = 1
phase = 43
isb_agg = 0, bo_agg = 1
isb_agg = 0, bo_agg = 1
isb_agg = 0, bo_agg = 1
isb_agg = 1, bo_agg = 1
isb_agg = 0, bo_agg = 1
phase = 44
phase = 2
isb_agg = 0, bo_agg = 1
isb_agg = 0, bo_agg = 1
isb_agg = 0, bo_agg = 1
isb_agg = 0, bo_agg = 1
isb_agg = 1, bo_agg = 1
phase = 45
isb_agg = 0, bo_agg = 1
f	2286
f	996
f	45550
f	1698
isb_agg = 0, bo_agg = 1
isb_agg = 0, bo_agg = 1
phase = 46
isb_agg = 0, bo_agg = 1
isb_agg = 0, bo_agg = 1
isb_agg = 0, bo_agg = 1
isb_agg = 1, bo_agg = 1
isb_agg = 0, bo_agg = 1
isb_agg = 0, bo_agg = 1
phase = 47
isb_agg = 0, bo_agg = 1
isb_agg = 0, bo_agg = 1
isb_agg = 0, bo_agg = 1
isb_agg = 0, bo_agg = 1
phase = 48
isb_agg = 0, bo_agg = 1
isb_agg = 1, bo_agg = 1
isb_agg = 0, bo_agg = 1
10	45840
10	457
10	2627
10	2305
isb_agg = 0, bo_agg = 1
phase = 49
isb_agg = 0, bo_agg = 1
isb_agg = 0, bo_agg = 1
isb_agg = 0, bo_agg = 1
isb_agg = 0, bo_agg = 1
isb_agg = 1, bo_agg = 1
phase = 50
isb_agg = 0, bo_agg = 1
isb_agg = 0, bo_agg = 1
isb_agg = 0, bo_agg = 1
isb_agg = 0, bo_agg = 1
phase = 51
isb_agg = 0, bo_agg = 1
isb_agg = 0, bo_agg = 1
isb_agg = 0, bo_agg = 1
isb_agg = 0, bo_agg = 1
phase = 52
11	1166
11	2283
11	46899
11	2374
isb_agg = 0, bo_agg = 1
isb_agg = 1, bo_agg = 1
isb_agg = 0, bo_agg = 1
isb_agg = 0, bo_agg = 1
isb_agg = 0, bo_agg = 1
phase = 53
isb_agg = 0, bo_agg = 1
isb_agg = 0, bo_agg = 1
isb_agg = 0, bo_agg = 1
phase = 54
isb_agg = 0, bo_agg = 1
isb_agg = 0, bo_agg = 1
isb_agg = 1, bo_agg = 1
isb_agg = 0, bo_agg = 1
isb_agg = 0, bo_agg = 1
phase = 55
isb_agg = 0, bo_agg = 1
isb_agg = 0, bo_agg = 1
12	2555
12	2226
12	47687
12	446
isb_agg = 0, bo_agg = 1
isb_agg = 0, bo_agg = 1
phase = 56
isb_agg = 0, bo_agg = 1
isb_agg = 0, bo_agg = 1
isb_agg = 0, bo_agg = 1
phase = 57
isb_agg = 0, bo_agg = 1
isb_agg = 0, bo_agg = 0
isb_agg = 0, bo_agg = 1
isb_agg = 0, bo_agg = 1
isb_agg = 1, bo_agg = 1
isb_agg = 0, bo_agg = 1
phase = 58
isb_agg = 0, bo_agg = 1
isb_agg = 0, bo_agg = 1
isb_agg = 0, bo_agg = 1
isb_agg = 1, bo_agg = 1
isb_agg = 0, bo_agg = 1
13	45834
13	883
13	4001
13	1385
isb_agg = 0, bo_agg = 1
phase = 59
isb_agg = 0, bo_agg = 1
isb_agg = 0, bo_agg = 1
isb_agg = 0, bo_agg = 1
isb_agg = 0, bo_agg = 1
phase = 60
phase = 3
isb_agg = 0, bo_agg = 1
isb_agg = 0, bo_agg = 1
isb_agg = 0, bo_agg = 1
phase = 61
isb_agg = 0, bo_agg = 1
isb_agg = 0, bo_agg = 1
isb_agg = 1, bo_agg = 1
isb_agg = 0, bo_agg = 1
isb_agg = 0, bo_agg = 1
phase = 62
isb_agg = 0, bo_agg = 1
14	50214
14	494
14	2131
14	2249
isb_agg = 0, bo_agg = 1
isb_agg = 0, bo_agg = 1
isb_agg = 0, bo_agg = 1
phase = 63
isb_agg = 0, bo_agg = 1
isb_agg = 1, bo_agg = 1
isb_agg = 0, bo_agg = 1
isb_agg = 0, bo_agg = 1
phase = 64
isb_agg = 0, bo_agg = 1
isb_agg = 0, bo_agg = 1
isb_agg = 0, bo_agg = 1
isb_agg = 0, bo_agg = 1
phase = 65
isb_agg = 0, bo_agg = 1
isb_agg = 0, bo_agg = 1
isb_agg = 0, bo_agg = 1
15	50550
15	582
15	2036
15	2027
isb_agg = 0, bo_agg = 1
phase = 66
isb_agg = 1, bo_agg = 1
isb_agg = 0, bo_agg = 1
isb_agg = 0, bo_agg = 1
isb_agg = 0, bo_agg = 1
phase = 67
isb_agg = 0, bo_agg = 1
isb_agg = 0, bo_agg = 1
isb_agg = 1, bo_agg = 1
isb_agg = 0, bo_agg = 1
isb_agg = 0, bo_agg = 1
phase = 68
isb_agg = 0, bo_agg = 1
isb_agg = 0, bo_agg = 1
isb_agg = 0, bo_agg = 1
isb_agg = 0, bo_agg = 1
phase = 69
isb_agg = 0, bo_agg = 1
16	1501
16	50499
16	2960
isb_agg = 0, bo_agg = 1
16	787
isb_agg = 0, bo_agg = 1
isb_agg = 1, bo_agg = 1
phase = 70
isb_agg = 0, bo_agg = 1
isb_agg = 0, bo_agg = 1
isb_agg = 0, bo_agg = 1
isb_agg = 0, bo_agg = 1
phase = 71
isb_agg = 0, bo_agg = 1
isb_agg = 0, bo_agg = 1
isb_agg = 0, bo_agg = 1
isb_agg = 0, bo_agg = 1
phase = 72
isb_agg = 0, bo_agg = 1
isb_agg = 0, bo_agg = 1
isb_agg = 0, bo_agg = 1
isb_agg = 0, bo_agg = 1
phase = 73
17	2216
17	51389
17	155
17	1228
isb_agg = 1, bo_agg = 1
isb_agg = 0, bo_agg = 1
isb_agg = 0, bo_agg = 1
isb_agg = 0, bo_agg = 1
isb_agg = 0, bo_agg = 1
phase = 74
isb_agg = 1, bo_agg = 1
isb_agg = 0, bo_agg = 1
isb_agg = 0, bo_agg = 1
isb_agg = 0, bo_agg = 1
isb_agg = 0, bo_agg = 1
phase = 75
isb_agg = 0, bo_agg = 1
isb_agg = 0, bo_agg = 1
isb_agg = 0, bo_agg = 1
isb_agg = 0, bo_agg = 1
phase = 76
isb_agg = 0, bo_agg = 1
18	1094
18	2303
18	3448
18	44888
isb_agg = 0, bo_agg = 1
isb_agg = 0, bo_agg = 1
phase = 77
isb_agg = 0, bo_agg = 1
isb_agg = 0, bo_agg = 1
isb_agg = 0, bo_agg = 1
isb_agg = 0, bo_agg = 1
phase = 78
isb_agg = 0, bo_agg = 1
isb_agg = 0, bo_agg = 1
isb_agg = 0, bo_agg = 1
isb_agg = 1, bo_agg = 1
isb_agg = 0, bo_agg = 1
phase = 79
isb_agg = 0, bo_agg = 1
isb_agg = 0, bo_agg = 1
isb_agg = 0, bo_agg = 1
19	729
19	1560
19	51012
19	2149
isb_agg = 0, bo_agg = 1
phase = 80
isb_agg = 0, bo_agg = 1
isb_agg = 0, bo_agg = 1
phase = 4
isb_agg = 0, bo_agg = 1
isb_agg = 1, bo_agg = 1
phase = 81
isb_agg = 0, bo_agg = 1
isb_agg = 0, bo_agg = 1
isb_agg = 0, bo_agg = 1
isb_agg = 0, bo_agg = 1
phase = 82
isb_agg = 0, bo_agg = 1
isb_agg = 0, bo_agg = 1
isb_agg = 1, bo_agg = 1
isb_agg = 0, bo_agg = 1
isb_agg = 0, bo_agg = 1
phase = 83
1a	367
1a	2976
1a	47299
1a	1649
isb_agg = 0, bo_agg = 1
isb_agg = 0, bo_agg = 1
isb_agg = 1, bo_agg = 1
isb_agg = 0, bo_agg = 1
phase = 84
isb_agg = 0, bo_agg = 1
isb_agg = 0, bo_agg = 1
isb_agg = 0, bo_agg = 1
isb_agg = 0, bo_agg = 1
phase = 85
isb_agg = 0, bo_agg = 1
isb_agg = 1, bo_agg = 1
isb_agg = 0, bo_agg = 1
isb_agg = 0, bo_agg = 1
isb_agg = 0, bo_agg = 1
phase = 86
isb_agg = 0, bo_agg = 1
isb_agg = 0, bo_agg = 1
1b	365
isb_agg = 0, bo_agg = 1
1b	51784
1b	2443
1b	65
isb_agg = 0, bo_agg = 1
phase = 87
isb_agg = 1, bo_agg = 1
isb_agg = 0, bo_agg = 1
isb_agg = 0, bo_agg = 1
isb_agg = 0, bo_agg = 1
phase = 88
isb_agg = 0, bo_agg = 1
isb_agg = 1, bo_agg = 1
isb_agg = 0, bo_agg = 1
isb_agg = 0, bo_agg = 1
isb_agg = 0, bo_agg = 1
isb_agg = 0, bo_agg = 1
phase = 89
isb_agg = 0, bo_agg = 1
isb_agg = 0, bo_agg = 1
isb_agg = 1, bo_agg = 1
1c	158
isb_agg = 0, bo_agg = 1
1c	809
1c	43202
1c	3410
phase = 90
isb_agg = 0, bo_agg = 1
isb_agg = 0, bo_agg = 1
isb_agg = 0, bo_agg = 1
isb_agg = 0, bo_agg = 1
phase = 91
isb_agg = 0, bo_agg = 1
isb_agg = 0, bo_agg = 1
isb_agg = 0, bo_agg = 1
isb_agg = 0, bo_agg = 1
phase = 92
isb_agg = 0, bo_agg = 1
isb_agg = 0, bo_agg = 1
isb_agg = 0, bo_agg = 1
isb_agg = 1, bo_agg = 1
isb_agg = 0, bo_agg = 1
phase = 93
isb_agg = 0, bo_agg = 1
1d	40
1d	73
1d	1418
1d	52471
isb_agg = 0, bo_agg = 1
isb_agg = 0, bo_agg = 1
phase = 94
isb_agg = 0, bo_agg = 1
isb_agg = 0, bo_agg = 1
isb_agg = 0, bo_agg = 1
isb_agg = 0, bo_agg = 0
isb_agg = 0, bo_agg = 1
phase = 95
isb_agg = 1, bo_agg = 1
isb_agg = 0, bo_agg = 1
isb_agg = 0, bo_agg = 1
isb_agg = 0, bo_agg = 1
isb_agg = 0, bo_agg = 1
phase = 96
isb_agg = 0, bo_agg = 1
isb_agg = 0, bo_agg = 1
isb_agg = 0, bo_agg = 1
1e	1928
1e	485
1e	48197
isb_agg = 0, bo_agg = 1
phase = 97
1e	5207
isb_agg = 0, bo_agg = 1
isb_agg = 0, bo_agg = 1
isb_agg = 0, bo_agg = 1
isb_agg = 0, bo_agg = 1
isb_agg = 0, bo_agg = 1
phase = 98
isb_agg = 0, bo_agg = 1
isb_agg = 0, bo_agg = 1
isb_agg = 0, bo_agg = 1
phase = 99
isb_agg = 0, bo_agg = 1
isb_agg = 0, bo_agg = 1
isb_agg = 1, bo_agg = 1
isb_agg = 0, bo_agg = 1
isb_agg = 0, bo_agg = 1
phase = 100
isb_agg = 0, bo_agg = 1
1f	880
1f	51689
1f	2743
isb_agg = 0, bo_agg = 1
1f	754
isb_agg = 0, bo_agg = 1
isb_agg = 0, bo_agg = 1
phase = 101
isb_agg = 1, bo_agg = 1
isb_agg = 0, bo_agg = 1
isb_agg = 0, bo_agg = 1
isb_agg = 0, bo_agg = 1
isb_agg = 0, bo_agg = 1
phase = 102
phase = 5
isb_agg = 0, bo_agg = 1
isb_agg = 0, bo_agg = 1
isb_agg = 0, bo_agg = 1
isb_agg = 0, bo_agg = 1
phase = 103
isb_agg = 1, bo_agg = 1
isb_agg = 0, bo_agg = 1
isb_agg = 0, bo_agg = 1
20	1383
20	1544
20	140
20	48372
isb_agg = 0, bo_agg = 1
isb_agg = 0, bo_agg = 1
phase = 104
isb_agg = 0, bo_agg = 1
isb_agg = 1, bo_agg = 1
isb_agg = 0, bo_agg = 1
isb_agg = 0, bo_agg = 1
phase = 105
isb_agg = 0, bo_agg = 1
isb_agg = 0, bo_agg = 1
isb_agg = 0, bo_agg = 1
isb_agg = 1, bo_agg = 1
isb_agg = 0, bo_agg = 1
phase = 106
isb_agg = 0, bo_agg = 1
isb_agg = 0, bo_agg = 1
isb_agg = 0, bo_agg = 1
isb_agg = 1, bo_agg = 1
21	1034
21	3361
21	54
21	48045
isb_agg = 0, bo_agg = 1
phase = 107
isb_agg = 0, bo_agg = 1
isb_agg = 0, bo_agg = 1
isb_agg = 0, bo_agg = 1
isb_agg = 0, bo_agg = 1
phase = 108
isb_agg = 0, bo_agg = 1
isb_agg = 0, bo_agg = 1
isb_agg = 1, bo_agg = 1
isb_agg = 0, bo_agg = 1
isb_agg = 0, bo_agg = 1
phase = 109
isb_agg = 0, bo_agg = 1
isb_agg = 0, bo_agg = 1
isb_agg = 0, bo_agg = 1
isb_agg = 1, bo_agg = 1
phase = 110
isb_agg = 0, bo_agg = 1
22	102
22	1054
22	47902
22	2346
isb_agg = 0, bo_agg = 1
isb_agg = 0, bo_agg = 1
isb_agg = 0, bo_agg = 1
isb_agg = 0, bo_agg = 1
phase = 111
isb_agg = 0, bo_agg = 1
isb_agg = 1, bo_agg = 1
isb_agg = 0, bo_agg = 1
isb_agg = 0, bo_agg = 1
phase = 112
isb_agg = 0, bo_agg = 1
isb_agg = 0, bo_agg = 1
isb_agg = 1, bo_agg = 1
isb_agg = 0, bo_agg = 1
isb_agg = 0, bo_agg = 1
phase = 113
23	98
isb_agg = 0, bo_agg = 1
23	555
23	3125
23	43265
isb_agg = 0, bo_agg = 1
isb_agg = 1, bo_agg = 1
isb_agg = 0, bo_agg = 1
isb_agg = 0, bo_agg = 1
phase = 114
isb_agg = 1, bo_agg = 1
isb_agg = 0, bo_agg = 1
isb_agg = 0, bo_agg = 1
isb_agg = 0, bo_agg = 1
isb_agg = 0, bo_agg = 1
phase = 115
isb_agg = 1, bo_agg = 1
isb_agg = 0, bo_agg = 1
isb_agg = 0, bo_agg = 1
isb_agg = 0, bo_agg = 1
isb_agg = 0, bo_agg = 1
phase = 116
24	35
isb_agg = 0, bo_agg = 1
24	648
24	45162
24	3605
isb_agg = 0, bo_agg = 1
isb_agg = 0, bo_agg = 1
phase = 117
isb_agg = 0, bo_agg = 1
isb_agg = 1, bo_agg = 1
isb_agg = 0, bo_agg = 1
isb_agg = 0, bo_agg = 1
isb_agg = 0, bo_agg = 1
phase = 118
isb_agg = 0, bo_agg = 1
isb_agg = 0, bo_agg = 1
isb_agg = 1, bo_agg = 1
isb_agg = 0, bo_agg = 1
isb_agg = 0, bo_agg = 1
phase = 119
isb_agg = 0, bo_agg = 1
isb_agg = 0, bo_agg = 1
25	57
25	822
25	45145
25	3400
phase = 0
isb_agg = 0, bo_agg = 1
isb_agg = 0, bo_agg = 1
phase = 120
isb_agg = 1, bo_agg = 1
isb_agg = 0, bo_agg = 1
isb_agg = 0, bo_agg = 1
isb_agg = 0, bo_agg = 1
phase = 121
isb_agg = 0, bo_agg = 1
isb_agg = 1, bo_agg = 1
isb_agg = 0, bo_agg = 1
isb_agg = 0, bo_agg = 1
isb_agg = 0, bo_agg = 1
phase = 122
isb_agg = 0, bo_agg = 1
isb_agg = 1, bo_agg = 1
isb_agg = 0, bo_agg = 1
isb_agg = 0, bo_agg = 1
26	1247
26	4594
26	47978
26	605
isb_agg = 0, bo_agg = 1
phase = 123
isb_agg = 0, bo_agg = 1
isb_agg = 0, bo_agg = 1
isb_agg = 0, bo_agg = 1
isb_agg = 0, bo_agg = 1
phase = 124
isb_agg = 1, bo_agg = 1
isb_agg = 0, bo_agg = 1
isb_agg = 0, bo_agg = 1
isb_agg = 1, bo_agg = 1
isb_agg = 0, bo_agg = 1
phase = 125
isb_agg = 0, bo_agg = 1
isb_agg = 0, bo_agg = 1
isb_agg = 0, bo_agg = 1
isb_agg = 0, bo_agg = 1
27	2330
27	3769
27	592
27	45008
phase = 126
isb_agg = 1, bo_agg = 1
isb_agg = 0, bo_agg = 1
[TRACE:3] -- DONE --
[TRACE:2] -- STOP --
[TRACE:1] -- STOP --
[TRACE:0] -- STOP --
[SNIPER] Disabling performance models
[SNIPER] Leaving ROI after 2124.75 seconds
[SNIPER] Simulated 495.9M instructions, 132.9M cycles, 3.73 IPC
[SNIPER] Simulation speed 233.4 KIPS (58.3 KIPS / target core - 17138.1ns/instr)
[SNIPER] Setting instrumentation mode to FAST_FORWARD
Hawkeye Victims: 0
LRU Victims: 0
Hawkeye Victims: 0
LRU Victims: 0
Hawkeye Victims: 0
LRU Victims: 0
Hawkeye Victims: 0
LRU Victims: 0
Inserted: 0
Redundant.progress: 0
Redundant.cache: 0
Redundant.buffer: 0
Hawkeye Victims: 0
LRU Victims: 0
Inserted: 0
Redundant.progress: 0
Redundant.cache: 0
Redundant.buffer: 0
Hawkeye Victims: 0
LRU Victims: 0
phase = 0
Inserted: 2db6
Redundant.progress: 1b4
Redundant.cache: 153d
Redundant.buffer: 0
Hawkeye Victims: 0
LRU Victims: 0
Hawkeye Victims: 0
LRU Victims: 0
Hawkeye Victims: 0
LRU Victims: 0
Hawkeye Victims: 0
LRU Victims: 0
Inserted: 0
Redundant.progress: 0
Redundant.cache: 0
Redundant.buffer: 0
Hawkeye Victims: 0
LRU Victims: 0
Inserted: 0
Redundant.progress: 0
Redundant.cache: 0
Redundant.buffer: 0
phase = 6
Inserted: 584ce
Redundant.progress: 77
Redundant.cache: 53a7d
Redundant.buffer: 0
Hawkeye Victims: 0
LRU Victims: 0
Hawkeye Victims: 0
LRU Victims: 0
Hawkeye Victims: 0
LRU Victims: 0
Hawkeye Victims: 0
LRU Victims: 0
Inserted: 0
Redundant.progress: 0
Redundant.cache: 0
Redundant.buffer: 0
Hawkeye Victims: 0
LRU Victims: 0
Inserted: 0
Redundant.progress: 0
Redundant.cache: 0
Redundant.buffer: 0
phase = 1
Inserted: a999
Redundant.progress: df
Redundant.cache: 459d
Redundant.buffer: 0
Hawkeye Victims: 0
LRU Victims: 0
Hawkeye Victims: 0
LRU Victims: 0
Hawkeye Victims: 0
LRU Victims: 0
Hawkeye Victims: 0
LRU Victims: 0
Inserted: 0
Redundant.progress: 0
Redundant.cache: 0
Redundant.buffer: 0
Hawkeye Victims: 0
LRU Victims: 0
Inserted: 0
Redundant.progress: 0
Redundant.cache: 0
Redundant.buffer: 0
phase = 127
Inserted: 1d6d0d
Redundant.progress: 31d
Redundant.cache: 20c
Redundant.buffer: 0
[SNIPER] End
[SNIPER] Elapsed time: 2165.27 seconds
