[SNIPER] Start
Sampler: 4, 32, 0
itlb_cache: 32, 1
itlb_cache_L1: 32, 1
Sampler: 4, 128, 0
dtlb_cache: 128, 4
dtlb_cache_L1: 128, 4
L1-I 2
Sampler: 4, 4, 128
L1-I: 2048, 64
L1-I_L1: 2048, 64
L1-D 3
Sampler: 4, 8, 32
L1-D: 1024, 32
L1-D_L1: 1024, 32
L2 4
Sampler: 122, 16, 16
L2: 32768, 1024
L2_L1: 32768, 1024
Executing Python script /v/filer4b/v20q001/ypei/Desktop/cs395t-lin/output/run_all_hybrid_headroom2/astar/6/sim.scripts.py
[STOPBYICOUNT] Starting in ROI (detail)
[STOPBYICOUNT] Then stopping after simulating at least 250000000 instructions in detail
[SNIPER] --------------------------------------------------------------------------------
[SNIPER] Sniper using SIFT/trace-driven frontend
[SNIPER] Running full application in DETAILED mode
[SNIPER] --------------------------------------------------------------------------------
[SNIPER] Enabling performance models
[SNIPER] Setting instrumentation mode to DETAILED
[STOPBYICOUNT] Ending ROI after 250000005 instructions (250000000 requested)
[SNIPER] Disabling performance models
[SNIPER] Leaving ROI after 1299.14 seconds
[SNIPER] Simulated 250.0M instructions, 192.7M cycles, 1.30 IPC
[SNIPER] Simulation speed 192.4 KIPS (192.4 KIPS / target core - 5196.3ns/instr)
[SNIPER] Setting instrumentation mode to FAST_FORWARD
[app0] [SIFT_RECORDER] sift_writer.cc:550: Sift::Mode Sift::Writer::Sync(): Assertion `!response->fail()' failed.
[app0] Pin app terminated abnormally due to signal 6.
Hawkeye Victims: 0
LRU Victims: 0
Hawkeye Victims: 0
LRU Victims: 0
Hawkeye Victims: 0
LRU Victims: 0
a test for execution

Inserted: 0
Redundant.progress: 0
Redundant.cache: 0
Redundant.buffer: 0
Hawkeye Victims: 0
LRU Victims: 0
a test for execution

Inserted: 0
Redundant.progress: 0
Redundant.cache: 0
Redundant.buffer: 0
Hawkeye Victims: 0
LRU Victims: 0
 =========================================================== 
Triggers: 819754
Repeats: 0

Same addr: 318844 38.8951
New addr: 1080 0.131747

Distribution of new addresses: 
Stream Head: 1035 95.8333
Stream Divergence: 147530 13660.2

Invalidation count: 174526 16159.8
No Conflict count: 28842 2670.56
Same Stream count: 0 0
New Stream count: 0 0

Not found: 497926
On Chip Mispredictions: 0
 =========================================================== 
Distribution of predictions: 
Predict Init: 495274 60.4174
Total Predictions: 471340
Predict OCI Miss: 23838 4.81309
Predict Stream End: 23934 4.83248
Buffer Success: 0 0
Stride Distribution: 0, 307831, 58742, 110481, 91816, 38594, 39330, 21942, 21114, 4876, 14352, 4370, 2668, 3036, 14260, 2806, 0, 0, 10488, 0, 0, 0, 0, 0, 2438, 0, 0, 0, 0, 0, 0, 0, 19228, 0, 0, 0, 2438, 0, 0, 0, 0, 0, 0, 0, 0, 0, 0, 0, 0, 0, 0, 0, 0, 0, 0, 0, 0, 0, 0, 0, 0, 0, 0, 0, 0, 0, 33, 0, 0, 0, 0, 0, 26490000, 0, 49, 0, 15, 0, 15, 0, 0, 6644585, 1868787317, 1915577714, 1702195557, 7566451, 113, 0, 5073232, 0, 23163360, 0, 0, 0, 5073232, 0, 23721776, 0, 0, 0, 5073232, 0, 23994128, 0, 0, 0, 5165152, 0, 3555597680, 11161, 0, 11161, 26488304, 0, 49, 0, 6, 0, 6, 0, 0, 0, 1919906931, 29541, 48, 0, 49, 0, 
a test for execution

Inserted: 895128
Redundant.progress: 3172
Redundant.cache: 636871
Redundant.buffer: 0
[SNIPER] End
[SNIPER] Elapsed time: 1344.69 seconds
