000 (516139.000.000) 05/05 17:13:24 Job submitted from host: <128.83.144.149:44250?addrs=128.83.144.149-44250>
...
001 (516139.000.000) 05/05 17:13:34 Job executing on host: <128.83.144.13:57145?addrs=128.83.144.13-57145>
...
006 (516139.000.000) 05/05 17:13:43 Image size of job updated: 340324
	21  -  MemoryUsage of job (MB)
	21256  -  ResidentSetSize of job (KB)
...
006 (516139.000.000) 05/05 17:14:29 Image size of job updated: 1026012
	58  -  MemoryUsage of job (MB)
	58584  -  ResidentSetSize of job (KB)
...
004 (516139.000.000) 05/05 17:14:29 Job was evicted.
	(0) Job was not checkpointed.
		Usr 0 00:00:00, Sys 0 00:00:00  -  Run Remote Usage
		Usr 0 00:00:00, Sys 0 00:00:00  -  Run Local Usage
	0  -  Run Bytes Sent By Job
	0  -  Run Bytes Received By Job
	Partitionable Resources :    Usage  Request Allocated
	   Cpus                 :                 1         1
	   Disk (KB)            :        2        2    824403
	   Gpus                 :                           0
	   Memory (MB)          :       58        1     12899
...
009 (516139.000.000) 05/05 17:14:30 Job was aborted by the user.
	via condor_rm (by user ypei)
...
000 (516346.000.000) 05/05 17:15:09 Job submitted from host: <128.83.144.149:44250?addrs=128.83.144.149-44250>
...
001 (516346.000.000) 05/05 17:16:00 Job executing on host: <128.83.139.6:57138?addrs=128.83.139.6-57138>
...
006 (516346.000.000) 05/05 17:16:08 Image size of job updated: 340336
	20  -  MemoryUsage of job (MB)
	20176  -  ResidentSetSize of job (KB)
...
010 (516346.000.000) 05/05 17:18:05 Job was suspended.
	Number of processes actually suspended: 8
...
006 (516346.000.000) 05/05 17:18:05 Image size of job updated: 1204928
	115  -  MemoryUsage of job (MB)
	117196  -  ResidentSetSize of job (KB)
...
004 (516346.000.000) 05/05 17:18:09 Job was evicted.
	(0) Job was not checkpointed.
		Usr 0 00:00:44, Sys 0 00:00:01  -  Run Remote Usage
		Usr 0 00:00:00, Sys 0 00:00:00  -  Run Local Usage
	0  -  Run Bytes Sent By Job
	0  -  Run Bytes Received By Job
	Partitionable Resources :    Usage  Request Allocated
	   Cpus                 :                 1         1
	   Disk (KB)            :        2        2   1673987
	   Gpus                 :                           0
	   Memory (MB)          :      115        1     12899
...
009 (516346.000.000) 05/05 17:18:09 Job was aborted by the user.
	via condor_rm (by user ypei)
...
000 (516553.000.000) 05/05 17:18:39 Job submitted from host: <128.83.144.149:44250?addrs=128.83.144.149-44250>
...
001 (516553.000.000) 05/05 17:19:01 Job executing on host: <128.83.144.88:55827?addrs=128.83.144.88-55827>
...
006 (516553.000.000) 05/05 17:19:09 Image size of job updated: 49176
	10  -  MemoryUsage of job (MB)
	9768  -  ResidentSetSize of job (KB)
...
006 (516553.000.000) 05/05 17:21:25 Image size of job updated: 1204800
	126  -  MemoryUsage of job (MB)
	129024  -  ResidentSetSize of job (KB)
...
004 (516553.000.000) 05/05 17:21:25 Job was evicted.
	(0) Job was not checkpointed.
		Usr 0 00:01:10, Sys 0 00:00:00  -  Run Remote Usage
		Usr 0 00:00:00, Sys 0 00:00:00  -  Run Local Usage
	0  -  Run Bytes Sent By Job
	0  -  Run Bytes Received By Job
	Partitionable Resources :    Usage  Request Allocated
	   Cpus                 :                 1         1
	   Disk (KB)            :        2        2   2250170
	   Gpus                 :                           0
	   Memory (MB)          :      126        1      4028
...
009 (516553.000.000) 05/05 17:21:25 Job was aborted by the user.
	via condor_rm (by user ypei)
...
000 (517174.000.000) 05/05 17:22:02 Job submitted from host: <128.83.144.149:44250?addrs=128.83.144.149-44250>
...
001 (517174.000.000) 05/05 17:22:25 Job executing on host: <128.83.139.9:47643?addrs=128.83.139.9-47643>
...
006 (517174.000.000) 05/05 17:22:33 Image size of job updated: 340460
	21  -  MemoryUsage of job (MB)
	21288  -  ResidentSetSize of job (KB)
...
006 (517174.000.000) 05/05 17:27:34 Image size of job updated: 1206416
	156  -  MemoryUsage of job (MB)
	159648  -  ResidentSetSize of job (KB)
...
006 (517174.000.000) 05/05 17:32:35 Image size of job updated: 1208572
	186  -  MemoryUsage of job (MB)
	190452  -  ResidentSetSize of job (KB)
...
006 (517174.000.000) 05/05 17:37:35 Image size of job updated: 1208616
	207  -  MemoryUsage of job (MB)
	211416  -  ResidentSetSize of job (KB)
...
006 (517174.000.000) 05/05 17:42:35 Image size of job updated: 1208616
	227  -  MemoryUsage of job (MB)
	232052  -  ResidentSetSize of job (KB)
...
006 (517174.000.000) 05/05 17:47:36 Image size of job updated: 1208872
	246  -  MemoryUsage of job (MB)
	251816  -  ResidentSetSize of job (KB)
...
005 (517174.000.000) 05/05 17:49:23 Job terminated.
	(1) Normal termination (return value 0)
		Usr 0 00:24:52, Sys 0 00:00:50  -  Run Remote Usage
		Usr 0 00:00:00, Sys 0 00:00:00  -  Run Local Usage
		Usr 0 00:24:52, Sys 0 00:00:50  -  Total Remote Usage
		Usr 0 00:00:00, Sys 0 00:00:00  -  Total Local Usage
	0  -  Run Bytes Sent By Job
	0  -  Run Bytes Received By Job
	0  -  Total Bytes Sent By Job
	0  -  Total Bytes Received By Job
	Partitionable Resources :    Usage  Request Allocated
	   Cpus                 :                 1         1
	   Disk (KB)            :        2        2   1654205
	   Gpus                 :                           0
	   Memory (MB)          :      246        1     12899
...
000 (382605.000.000) 05/07 03:40:04 Job submitted from host: <128.83.144.155:57685?addrs=128.83.144.155-57685>
...
001 (382605.000.000) 05/07 04:28:27 Job executing on host: <128.83.139.15:46714?addrs=128.83.139.15-46714>
...
006 (382605.000.000) 05/07 04:28:35 Image size of job updated: 2
	2  -  MemoryUsage of job (MB)
	1676  -  ResidentSetSize of job (KB)
...
006 (382605.000.000) 05/07 04:33:35 Image size of job updated: 1206524
	164  -  MemoryUsage of job (MB)
	167568  -  ResidentSetSize of job (KB)
...
006 (382605.000.000) 05/07 04:38:36 Image size of job updated: 1208620
	194  -  MemoryUsage of job (MB)
	198524  -  ResidentSetSize of job (KB)
...
006 (382605.000.000) 05/07 04:43:36 Image size of job updated: 1208652
	214  -  MemoryUsage of job (MB)
	218636  -  ResidentSetSize of job (KB)
...
006 (382605.000.000) 05/07 04:48:36 Image size of job updated: 1208924
	226  -  MemoryUsage of job (MB)
	230464  -  ResidentSetSize of job (KB)
...
006 (382605.000.000) 05/07 04:53:13 Image size of job updated: 1209160
	226  -  MemoryUsage of job (MB)
	230464  -  ResidentSetSize of job (KB)
...
005 (382605.000.000) 05/07 04:53:13 Job terminated.
	(1) Normal termination (return value 0)
		Usr 0 00:24:08, Sys 0 00:00:27  -  Run Remote Usage
		Usr 0 00:00:00, Sys 0 00:00:00  -  Run Local Usage
		Usr 0 00:24:08, Sys 0 00:00:27  -  Total Remote Usage
		Usr 0 00:00:00, Sys 0 00:00:00  -  Total Local Usage
	0  -  Run Bytes Sent By Job
	0  -  Run Bytes Received By Job
	0  -  Total Bytes Sent By Job
	0  -  Total Bytes Received By Job
	Partitionable Resources :    Usage  Request Allocated
	   Cpus                 :                 1         1
	   Disk (KB)            :        2        2   1672474
	   Gpus                 :                           0
	   Memory (MB)          :      226        1     12899
...
000 (518623.000.000) 05/07 13:18:29 Job submitted from host: <128.83.144.149:44250?addrs=128.83.144.149-44250>
...
001 (518623.000.000) 05/07 13:18:57 Job executing on host: <128.83.139.145:36504?addrs=128.83.139.145-36504>
...
006 (518623.000.000) 05/07 13:19:06 Image size of job updated: 2
	2  -  MemoryUsage of job (MB)
	1628  -  ResidentSetSize of job (KB)
...
006 (518623.000.000) 05/07 13:23:37 Image size of job updated: 1205308
	132  -  MemoryUsage of job (MB)
	134460  -  ResidentSetSize of job (KB)
...
004 (518623.000.000) 05/07 13:23:37 Job was evicted.
	(0) Job was not checkpointed.
		Usr 0 00:03:20, Sys 0 00:00:05  -  Run Remote Usage
		Usr 0 00:00:00, Sys 0 00:00:00  -  Run Local Usage
	0  -  Run Bytes Sent By Job
	0  -  Run Bytes Received By Job
	Partitionable Resources :    Usage  Request Allocated
	   Cpus                 :                 1         1
	   Disk (KB)            :        2        2   7498063
	   Gpus                 :                           0
	   Memory (MB)          :      132        1      4027
...
009 (518623.000.000) 05/07 13:23:38 Job was aborted by the user.
	via condor_rm (by user ypei)
...
000 (518830.000.000) 05/07 13:24:03 Job submitted from host: <128.83.144.149:44250?addrs=128.83.144.149-44250>
...
001 (518830.000.000) 05/07 13:24:35 Job executing on host: <128.83.120.229:58979?addrs=128.83.120.229-58979>
...
006 (518830.000.000) 05/07 13:24:44 Image size of job updated: 340464
	21  -  MemoryUsage of job (MB)
	21284  -  ResidentSetSize of job (KB)
...
006 (518830.000.000) 05/07 13:29:44 Image size of job updated: 1206524
	161  -  MemoryUsage of job (MB)
	164848  -  ResidentSetSize of job (KB)
...
006 (518830.000.000) 05/07 13:34:44 Image size of job updated: 1208616
	193  -  MemoryUsage of job (MB)
	197208  -  ResidentSetSize of job (KB)
...
006 (518830.000.000) 05/07 13:39:45 Image size of job updated: 1208648
	218  -  MemoryUsage of job (MB)
	223188  -  ResidentSetSize of job (KB)
...
006 (518830.000.000) 05/07 13:44:46 Image size of job updated: 1208904
	238  -  MemoryUsage of job (MB)
	243348  -  ResidentSetSize of job (KB)
...
005 (518830.000.000) 05/07 13:45:38 Job terminated.
	(1) Normal termination (return value 0)
		Usr 0 00:19:19, Sys 0 00:00:21  -  Run Remote Usage
		Usr 0 00:00:00, Sys 0 00:00:00  -  Run Local Usage
		Usr 0 00:19:19, Sys 0 00:00:21  -  Total Remote Usage
		Usr 0 00:00:00, Sys 0 00:00:00  -  Total Local Usage
	0  -  Run Bytes Sent By Job
	0  -  Run Bytes Received By Job
	0  -  Total Bytes Sent By Job
	0  -  Total Bytes Received By Job
	Partitionable Resources :    Usage  Request Allocated
	   Cpus                 :                 1         1
	   Disk (KB)            :        2        2    800016
	   Gpus                 :                           0
	   Memory (MB)          :      238        1     12899
...
000 (519244.000.000) 05/07 14:36:45 Job submitted from host: <128.83.144.149:44250?addrs=128.83.144.149-44250>
...
001 (519244.000.000) 05/07 14:37:10 Job executing on host: <128.83.120.229:58979?addrs=128.83.120.229-58979>
...
006 (519244.000.000) 05/07 14:37:18 Image size of job updated: 1025000
	57  -  MemoryUsage of job (MB)
	58316  -  ResidentSetSize of job (KB)
...
006 (519244.000.000) 05/07 14:42:18 Image size of job updated: 1206500
	167  -  MemoryUsage of job (MB)
	170260  -  ResidentSetSize of job (KB)
...
006 (519244.000.000) 05/07 14:47:19 Image size of job updated: 1208492
	197  -  MemoryUsage of job (MB)
	201624  -  ResidentSetSize of job (KB)
...
006 (519244.000.000) 05/07 14:52:20 Image size of job updated: 1208524
	222  -  MemoryUsage of job (MB)
	226880  -  ResidentSetSize of job (KB)
...
006 (519244.000.000) 05/07 14:57:01 Image size of job updated: 1208776
	222  -  MemoryUsage of job (MB)
	226880  -  ResidentSetSize of job (KB)
...
005 (519244.000.000) 05/07 14:57:01 Job terminated.
	(1) Normal termination (return value 0)
		Usr 0 00:18:28, Sys 0 00:00:25  -  Run Remote Usage
		Usr 0 00:00:00, Sys 0 00:00:00  -  Run Local Usage
		Usr 0 00:18:28, Sys 0 00:00:25  -  Total Remote Usage
		Usr 0 00:00:00, Sys 0 00:00:00  -  Total Local Usage
	0  -  Run Bytes Sent By Job
	0  -  Run Bytes Received By Job
	0  -  Total Bytes Sent By Job
	0  -  Total Bytes Received By Job
	Partitionable Resources :    Usage  Request Allocated
	   Cpus                 :                 1         1
	   Disk (KB)            :        2        2    800012
	   Gpus                 :                           0
	   Memory (MB)          :      222        1     12899
...
000 (383019.000.000) 05/07 20:17:09 Job submitted from host: <128.83.144.155:57685?addrs=128.83.144.155-57685>
...
001 (383019.000.000) 05/07 20:56:45 Job executing on host: <128.83.144.13:57145?addrs=128.83.144.13-57145>
...
006 (383019.000.000) 05/07 20:56:54 Image size of job updated: 1026156
	59  -  MemoryUsage of job (MB)
	59844  -  ResidentSetSize of job (KB)
...
006 (383019.000.000) 05/07 21:01:55 Image size of job updated: 1206532
	166  -  MemoryUsage of job (MB)
	169612  -  ResidentSetSize of job (KB)
...
006 (383019.000.000) 05/07 21:06:56 Image size of job updated: 1208628
	196  -  MemoryUsage of job (MB)
	200068  -  ResidentSetSize of job (KB)
...
006 (383019.000.000) 05/07 21:11:56 Image size of job updated: 1208656
	219  -  MemoryUsage of job (MB)
	224092  -  ResidentSetSize of job (KB)
...
006 (383019.000.000) 05/07 21:16:57 Image size of job updated: 1208912
	239  -  MemoryUsage of job (MB)
	244412  -  ResidentSetSize of job (KB)
...
006 (383019.000.000) 05/07 21:18:40 Image size of job updated: 1209172
	239  -  MemoryUsage of job (MB)
	244412  -  ResidentSetSize of job (KB)
...
005 (383019.000.000) 05/07 21:18:40 Job terminated.
	(1) Normal termination (return value 0)
		Usr 0 00:21:11, Sys 0 00:00:26  -  Run Remote Usage
		Usr 0 00:00:00, Sys 0 00:00:00  -  Run Local Usage
		Usr 0 00:21:11, Sys 0 00:00:26  -  Total Remote Usage
		Usr 0 00:00:00, Sys 0 00:00:00  -  Total Local Usage
	0  -  Run Bytes Sent By Job
	0  -  Run Bytes Received By Job
	0  -  Total Bytes Sent By Job
	0  -  Total Bytes Received By Job
	Partitionable Resources :    Usage  Request Allocated
	   Cpus                 :                 1         1
	   Disk (KB)            :        2        2    796973
	   Gpus                 :                           0
	   Memory (MB)          :      239        1     12899
...
000 (384261.000.000) 05/08 05:53:12 Job submitted from host: <128.83.144.155:57685?addrs=128.83.144.155-57685>
...
001 (384261.000.000) 05/08 06:34:34 Job executing on host: <128.83.144.42:56007?addrs=128.83.144.42-56007>
...
006 (384261.000.000) 05/08 06:34:43 Image size of job updated: 1204356
	89  -  MemoryUsage of job (MB)
	90924  -  ResidentSetSize of job (KB)
...
006 (384261.000.000) 05/08 06:39:44 Image size of job updated: 1206592
	163  -  MemoryUsage of job (MB)
	166704  -  ResidentSetSize of job (KB)
...
006 (384261.000.000) 05/08 06:44:44 Image size of job updated: 1208680
	195  -  MemoryUsage of job (MB)
	199124  -  ResidentSetSize of job (KB)
...
006 (384261.000.000) 05/08 06:49:44 Image size of job updated: 1208708
	219  -  MemoryUsage of job (MB)
	224212  -  ResidentSetSize of job (KB)
...
006 (384261.000.000) 05/08 06:54:45 Image size of job updated: 1208956
	240  -  MemoryUsage of job (MB)
	245312  -  ResidentSetSize of job (KB)
...
005 (384261.000.000) 05/08 06:55:09 Job terminated.
	(1) Normal termination (return value 0)
		Usr 0 00:19:50, Sys 0 00:00:28  -  Run Remote Usage
		Usr 0 00:00:00, Sys 0 00:00:00  -  Run Local Usage
		Usr 0 00:19:50, Sys 0 00:00:28  -  Total Remote Usage
		Usr 0 00:00:00, Sys 0 00:00:00  -  Total Local Usage
	0  -  Run Bytes Sent By Job
	0  -  Run Bytes Received By Job
	0  -  Total Bytes Sent By Job
	0  -  Total Bytes Received By Job
	Partitionable Resources :    Usage  Request Allocated
	   Cpus                 :                 1         1
	   Disk (KB)            :        2        2   4663323
	   Gpus                 :                           0
	   Memory (MB)          :      240        1      4027
...
000 (417654.000.000) 05/09 03:37:37 Job submitted from host: <128.83.144.154:52346?addrs=128.83.144.154-52346>
...
001 (417654.000.000) 05/09 04:14:49 Job executing on host: <128.83.139.143:55125?addrs=128.83.139.143-55125>
...
006 (417654.000.000) 05/09 04:14:58 Image size of job updated: 1026536
	59  -  MemoryUsage of job (MB)
	59928  -  ResidentSetSize of job (KB)
...
006 (417654.000.000) 05/09 04:19:59 Image size of job updated: 1208780
	179  -  MemoryUsage of job (MB)
	182676  -  ResidentSetSize of job (KB)
...
006 (417654.000.000) 05/09 04:24:59 Image size of job updated: 1208824
	220  -  MemoryUsage of job (MB)
	224376  -  ResidentSetSize of job (KB)
...
006 (417654.000.000) 05/09 04:28:06 Image size of job updated: 1209072
	220  -  MemoryUsage of job (MB)
	224376  -  ResidentSetSize of job (KB)
...
005 (417654.000.000) 05/09 04:28:06 Job terminated.
	(1) Normal termination (return value 0)
		Usr 0 00:13:03, Sys 0 00:00:08  -  Run Remote Usage
		Usr 0 00:00:00, Sys 0 00:00:00  -  Run Local Usage
		Usr 0 00:13:03, Sys 0 00:00:08  -  Total Remote Usage
		Usr 0 00:00:00, Sys 0 00:00:00  -  Total Local Usage
	0  -  Run Bytes Sent By Job
	0  -  Run Bytes Received By Job
	0  -  Total Bytes Sent By Job
	0  -  Total Bytes Received By Job
	Partitionable Resources :    Usage  Request Allocated
	   Cpus                 :                 1         1
	   Disk (KB)            :        2        2   7539964
	   Gpus                 :                           0
	   Memory (MB)          :      220        1      4027
...
