000 (15005697.000.000) 08/01 19:38:46 Job submitted from host: <128.83.130.153:51299?addrs=128.83.130.153-51299>
...
001 (15005697.000.000) 08/01 19:39:10 Job executing on host: <128.83.120.75:36144?addrs=128.83.120.75-36144>
...
006 (15005697.000.000) 08/01 19:39:18 Image size of job updated: 5316276
	184  -  MemoryUsage of job (MB)
	187808  -  ResidentSetSize of job (KB)
...
006 (15005697.000.000) 08/01 19:44:18 Image size of job updated: 5969056
	640  -  MemoryUsage of job (MB)
	654720  -  ResidentSetSize of job (KB)
...
006 (15005697.000.000) 08/01 19:49:19 Image size of job updated: 5969312
	747  -  MemoryUsage of job (MB)
	763924  -  ResidentSetSize of job (KB)
...
006 (15005697.000.000) 08/01 19:54:20 Image size of job updated: 6165920
	850  -  MemoryUsage of job (MB)
	870060  -  ResidentSetSize of job (KB)
...
006 (15005697.000.000) 08/01 19:59:20 Image size of job updated: 6172824
	1164  -  MemoryUsage of job (MB)
	1191068  -  ResidentSetSize of job (KB)
...
006 (15005697.000.000) 08/01 20:04:20 Image size of job updated: 6172888
	1290  -  MemoryUsage of job (MB)
	1320408  -  ResidentSetSize of job (KB)
...
006 (15005697.000.000) 08/01 20:09:21 Image size of job updated: 6369432
	1425  -  MemoryUsage of job (MB)
	1458648  -  ResidentSetSize of job (KB)
...
006 (15005697.000.000) 08/01 20:14:21 Image size of job updated: 6369432
	1533  -  MemoryUsage of job (MB)
	1568804  -  ResidentSetSize of job (KB)
...
006 (15005697.000.000) 08/01 20:19:21 Image size of job updated: 6566636
	1648  -  MemoryUsage of job (MB)
	1687436  -  ResidentSetSize of job (KB)
...
006 (15005697.000.000) 08/01 20:23:13 Image size of job updated: 6765276
	1648  -  MemoryUsage of job (MB)
	1687436  -  ResidentSetSize of job (KB)
...
005 (15005697.000.000) 08/01 20:23:13 Job terminated.
	(1) Normal termination (return value 0)
		Usr 0 00:56:03, Sys 0 00:01:22  -  Run Remote Usage
		Usr 0 00:00:00, Sys 0 00:00:00  -  Run Local Usage
		Usr 0 00:56:03, Sys 0 00:01:22  -  Total Remote Usage
		Usr 0 00:00:00, Sys 0 00:00:00  -  Total Local Usage
	0  -  Run Bytes Sent By Job
	0  -  Run Bytes Received By Job
	0  -  Total Bytes Sent By Job
	0  -  Total Bytes Received By Job
	Partitionable Resources :    Usage  Request Allocated
	   Cpus                 :                 1         1
	   Disk (KB)            :        1        1   8862903
	   Gpus                 :                           0
	   Memory (MB)          :     1648        1      4028
...
