[SNIPER] Start
Sampler: 4, 32, 0
itlb_cache: 32, 1
itlb_cache_L1: 32, 1
Sampler: 4, 128, 0
dtlb_cache: 128, 4
dtlb_cache_L1: 128, 4
L1-I 2
Sampler: 4, 4, 128
L1-I: 2048, 64
L1-I_L1: 2048, 64
L1-D 3
Sampler: 4, 8, 32
L1-D: 1024, 32
L1-D_L1: 1024, 32
L2 4
Sampler: 122, 16, 16
L2: 32768, 1024
L2_L1: 32768, 1024
Executing Python script /v/filer4b/v20q001/ypei/Desktop/cs395t-lin/output/low_bandwidth/run_all_hybrid_headroom9/astar/17/sim.scripts.py
[STOPBYICOUNT] Starting in ROI (detail)
[STOPBYICOUNT] Then stopping after simulating at least 250000000 instructions in detail
[SNIPER] --------------------------------------------------------------------------------
[SNIPER] Sniper using SIFT/trace-driven frontend
[SNIPER] Running full application in DETAILED mode
[SNIPER] --------------------------------------------------------------------------------
[SNIPER] Enabling performance models
[SNIPER] Setting instrumentation mode to DETAILED
[STOPBYICOUNT] Ending ROI after 250000006 instructions (250000000 requested)
[SNIPER] Disabling performance models
[SNIPER] Leaving ROI after 1467.09 seconds
[SNIPER] Simulated 250.0M instructions, 1713.1M cycles, 0.15 IPC
[SNIPER] Simulation speed 170.4 KIPS (170.4 KIPS / target core - 5868.4ns/instr)
[SNIPER] Setting instrumentation mode to FAST_FORWARD
[app0] [SIFT_RECORDER] sift_writer.cc:550: Sift::Mode Sift::Writer::Sync(): Assertion `!response->fail()' failed.
Hawkeye Victims: 0
[app0] Pin app terminated abnormally due to signal 6.
LRU Victims: 0
Hawkeye Victims: 0
LRU Victims: 0
Hawkeye Victims: 0
LRU Victims: 0
a test for execution

Inserted: 0
Redundant.progress: 0
Redundant.cache: 0
Redundant.buffer: 0
Hawkeye Victims: 0
LRU Victims: 0
a test for execution

Inserted: 0
Redundant.progress: 0
Redundant.cache: 0
Redundant.buffer: 0
Hawkeye Victims: 0
LRU Victims: 0
 =========================================================== 
Triggers: 8409252
Repeats: 0

Same addr: 3412716 40.5829
New addr: 319 0.00379344

Distribution of new addresses: 
Stream Head: 255 79.9373
Stream Divergence: 4791462 1.50203e+06

Invalidation count: 4861710 1.52405e+06
No Conflict count: 70876 22218.2
Same Stream count: 0 0
New Stream count: 0 0

Not found: 4993680
On Chip Mispredictions: 0
 =========================================================== 
Distribution of predictions: 
Predict Init: 8276963 98.4269
Total Predictions: 8237771
Predict OCI Miss: 9200 0.111152
Predict Stream End: 39192 0.473507
Buffer Success: 0 0
Stride Distribution: 0, 4995875, 586362, 309626, 167440, 161322, 85422, 110400, 59800, 855738, 80776, 72634, 49956, 49634, 47886, 31556, 74704, 0, 23000, 0, 17427, 0, 0, 0, 24426, 0, 0, 0, 0, 0, 29026, 0, 19826, 0, 0, 0, 36800, 0, 0, 0, 50600, 0, 0, 0, 0, 0, 0, 0, 0, 0, 0, 0, 0, 0, 0, 0, 0, 0, 0, 0, 0, 0, 0, 0, 0, 0, 33, 0, 0, 0, 0, 0, 36087088, 0, 49, 0, 15, 0, 15, 0, 0, 6644585, 1868787317, 1915577714, 1702195557, 7566451, 113, 0, 5073232, 0, 32760480, 0, 0, 0, 5073232, 0, 33318896, 0, 0, 0, 5073232, 0, 33591216, 0, 0, 0, 5165152, 0, 3509366128, 11145, 0, 11145, 36085392, 0, 49, 0, 6, 0, 6, 0, 0, 0, 1919906931, 29541, 48, 0, 49, 0, 
a test for execution

Inserted: 8889533
Redundant.progress: 74742
Redundant.cache: 5420213
Redundant.buffer: 0
[SNIPER] End
[SNIPER] Elapsed time: 1469.16 seconds
