000 (516152.000.000) 05/05 17:13:25 Job submitted from host: <128.83.144.149:44250?addrs=128.83.144.149-44250>
...
009 (516152.000.000) 05/05 17:14:25 Job was aborted by the user.
	via condor_rm (by user ypei)
...
000 (516359.000.000) 05/05 17:15:10 Job submitted from host: <128.83.144.149:44250?addrs=128.83.144.149-44250>
...
009 (516359.000.000) 05/05 17:18:08 Job was aborted by the user.
	via condor_rm (by user ypei)
...
000 (516566.000.000) 05/05 17:18:40 Job submitted from host: <128.83.144.149:44250?addrs=128.83.144.149-44250>
...
009 (516566.000.000) 05/05 17:21:25 Job was aborted by the user.
	via condor_rm (by user ypei)
...
000 (517187.000.000) 05/05 17:22:04 Job submitted from host: <128.83.144.149:44250?addrs=128.83.144.149-44250>
...
001 (517187.000.000) 05/05 17:41:36 Job executing on host: <128.83.120.229:58979?addrs=128.83.120.229-58979>
...
006 (517187.000.000) 05/05 17:41:45 Image size of job updated: 955744
	64  -  MemoryUsage of job (MB)
	65176  -  ResidentSetSize of job (KB)
...
006 (517187.000.000) 05/05 17:46:46 Image size of job updated: 1132120
	176  -  MemoryUsage of job (MB)
	179360  -  ResidentSetSize of job (KB)
...
006 (517187.000.000) 05/05 17:51:46 Image size of job updated: 1132180
	211  -  MemoryUsage of job (MB)
	216048  -  ResidentSetSize of job (KB)
...
006 (517187.000.000) 05/05 17:56:46 Image size of job updated: 1133816
	238  -  MemoryUsage of job (MB)
	242872  -  ResidentSetSize of job (KB)
...
006 (517187.000.000) 05/05 17:59:30 Image size of job updated: 1133820
	238  -  MemoryUsage of job (MB)
	242872  -  ResidentSetSize of job (KB)
...
005 (517187.000.000) 05/05 17:59:30 Job terminated.
	(1) Normal termination (return value 0)
		Usr 0 00:17:30, Sys 0 00:00:14  -  Run Remote Usage
		Usr 0 00:00:00, Sys 0 00:00:00  -  Run Local Usage
		Usr 0 00:17:30, Sys 0 00:00:14  -  Total Remote Usage
		Usr 0 00:00:00, Sys 0 00:00:00  -  Total Local Usage
	0  -  Run Bytes Sent By Job
	0  -  Run Bytes Received By Job
	0  -  Total Bytes Sent By Job
	0  -  Total Bytes Received By Job
	Partitionable Resources :    Usage  Request Allocated
	   Cpus                 :                 1         1
	   Disk (KB)            :        2        2    828969
	   Gpus                 :                           0
	   Memory (MB)          :      238        1     12899
...
000 (382618.000.000) 05/07 03:40:06 Job submitted from host: <128.83.144.155:57685?addrs=128.83.144.155-57685>
...
001 (382618.000.000) 05/07 04:30:25 Job executing on host: <128.83.139.6:57138?addrs=128.83.139.6-57138>
...
006 (382618.000.000) 05/07 04:30:34 Image size of job updated: 1128612
	95  -  MemoryUsage of job (MB)
	96276  -  ResidentSetSize of job (KB)
...
006 (382618.000.000) 05/07 04:35:35 Image size of job updated: 1131780
	175  -  MemoryUsage of job (MB)
	178912  -  ResidentSetSize of job (KB)
...
006 (382618.000.000) 05/07 04:40:35 Image size of job updated: 1131956
	211  -  MemoryUsage of job (MB)
	215408  -  ResidentSetSize of job (KB)
...
006 (382618.000.000) 05/07 04:45:35 Image size of job updated: 1132424
	226  -  MemoryUsage of job (MB)
	230992  -  ResidentSetSize of job (KB)
...
006 (382618.000.000) 05/07 04:50:36 Image size of job updated: 1133592
	238  -  MemoryUsage of job (MB)
	243252  -  ResidentSetSize of job (KB)
...
005 (382618.000.000) 05/07 04:54:35 Job terminated.
	(1) Normal termination (return value 0)
		Usr 0 00:23:27, Sys 0 00:00:32  -  Run Remote Usage
		Usr 0 00:00:00, Sys 0 00:00:00  -  Run Local Usage
		Usr 0 00:23:27, Sys 0 00:00:32  -  Total Remote Usage
		Usr 0 00:00:00, Sys 0 00:00:00  -  Total Local Usage
	0  -  Run Bytes Sent By Job
	0  -  Run Bytes Received By Job
	0  -  Total Bytes Sent By Job
	0  -  Total Bytes Received By Job
	Partitionable Resources :    Usage  Request Allocated
	   Cpus                 :                 1         1
	   Disk (KB)            :        2        2   1661813
	   Gpus                 :                           0
	   Memory (MB)          :      238        1     12899
...
000 (518636.000.000) 05/07 13:18:30 Job submitted from host: <128.83.144.149:44250?addrs=128.83.144.149-44250>
...
009 (518636.000.000) 05/07 13:23:36 Job was aborted by the user.
	via condor_rm (by user ypei)
...
000 (518843.000.000) 05/07 13:24:04 Job submitted from host: <128.83.144.149:44250?addrs=128.83.144.149-44250>
...
001 (518843.000.000) 05/07 13:43:02 Job executing on host: <128.83.139.149:35296?addrs=128.83.139.149-35296>
...
006 (518843.000.000) 05/07 13:43:11 Image size of job updated: 1128636
	101  -  MemoryUsage of job (MB)
	102780  -  ResidentSetSize of job (KB)
...
006 (518843.000.000) 05/07 13:48:11 Image size of job updated: 1131800
	179  -  MemoryUsage of job (MB)
	182504  -  ResidentSetSize of job (KB)
...
006 (518843.000.000) 05/07 13:53:11 Image size of job updated: 1132500
	216  -  MemoryUsage of job (MB)
	220256  -  ResidentSetSize of job (KB)
...
006 (518843.000.000) 05/07 13:58:12 Image size of job updated: 1133660
	233  -  MemoryUsage of job (MB)
	237712  -  ResidentSetSize of job (KB)
...
005 (518843.000.000) 05/07 13:59:23 Job terminated.
	(1) Normal termination (return value 0)
		Usr 0 00:15:58, Sys 0 00:00:11  -  Run Remote Usage
		Usr 0 00:00:00, Sys 0 00:00:00  -  Run Local Usage
		Usr 0 00:15:58, Sys 0 00:00:11  -  Total Remote Usage
		Usr 0 00:00:00, Sys 0 00:00:00  -  Total Local Usage
	0  -  Run Bytes Sent By Job
	0  -  Run Bytes Received By Job
	0  -  Total Bytes Sent By Job
	0  -  Total Bytes Received By Job
	Partitionable Resources :    Usage  Request Allocated
	   Cpus                 :                 1         1
	   Disk (KB)            :        2        2   7530434
	   Gpus                 :                           0
	   Memory (MB)          :      233        1      4027
...
000 (519257.000.000) 05/07 14:36:46 Job submitted from host: <128.83.144.149:44250?addrs=128.83.144.149-44250>
...
001 (519257.000.000) 05/07 14:55:13 Job executing on host: <128.83.130.161:35317?addrs=128.83.130.161-35317>
...
006 (519257.000.000) 05/07 14:55:22 Image size of job updated: 951312
	59  -  MemoryUsage of job (MB)
	60076  -  ResidentSetSize of job (KB)
...
006 (519257.000.000) 05/07 15:00:23 Image size of job updated: 1131884
	184  -  MemoryUsage of job (MB)
	187976  -  ResidentSetSize of job (KB)
...
006 (519257.000.000) 05/07 15:05:23 Image size of job updated: 1132760
	220  -  MemoryUsage of job (MB)
	224440  -  ResidentSetSize of job (KB)
...
006 (519257.000.000) 05/07 15:09:24 Image size of job updated: 1133920
	220  -  MemoryUsage of job (MB)
	224440  -  ResidentSetSize of job (KB)
...
005 (519257.000.000) 05/07 15:09:24 Job terminated.
	(1) Normal termination (return value 0)
		Usr 0 00:13:56, Sys 0 00:00:08  -  Run Remote Usage
		Usr 0 00:00:00, Sys 0 00:00:00  -  Run Local Usage
		Usr 0 00:13:56, Sys 0 00:00:08  -  Total Remote Usage
		Usr 0 00:00:00, Sys 0 00:00:00  -  Total Local Usage
	0  -  Run Bytes Sent By Job
	0  -  Run Bytes Received By Job
	0  -  Total Bytes Sent By Job
	0  -  Total Bytes Received By Job
	Partitionable Resources :    Usage  Request Allocated
	   Cpus                 :                 1         1
	   Disk (KB)            :        2        2   1909593
	   Gpus                 :                           0
	   Memory (MB)          :      220        1     21164
...
000 (383032.000.000) 05/07 20:17:10 Job submitted from host: <128.83.144.155:57685?addrs=128.83.144.155-57685>
...
001 (383032.000.000) 05/07 21:00:09 Job executing on host: <128.83.139.143:55125?addrs=128.83.139.143-55125>
...
006 (383032.000.000) 05/07 21:00:17 Image size of job updated: 2
	2  -  MemoryUsage of job (MB)
	1624  -  ResidentSetSize of job (KB)
...
006 (383032.000.000) 05/07 21:05:17 Image size of job updated: 1131656
	177  -  MemoryUsage of job (MB)
	180932  -  ResidentSetSize of job (KB)
...
006 (383032.000.000) 05/07 21:10:18 Image size of job updated: 1132360
	215  -  MemoryUsage of job (MB)
	219524  -  ResidentSetSize of job (KB)
...
006 (383032.000.000) 05/07 21:15:19 Image size of job updated: 1133524
	234  -  MemoryUsage of job (MB)
	238620  -  ResidentSetSize of job (KB)
...
005 (383032.000.000) 05/07 21:16:50 Job terminated.
	(1) Normal termination (return value 0)
		Usr 0 00:15:41, Sys 0 00:00:15  -  Run Remote Usage
		Usr 0 00:00:00, Sys 0 00:00:00  -  Run Local Usage
		Usr 0 00:15:41, Sys 0 00:00:15  -  Total Remote Usage
		Usr 0 00:00:00, Sys 0 00:00:00  -  Total Local Usage
	0  -  Run Bytes Sent By Job
	0  -  Run Bytes Received By Job
	0  -  Total Bytes Sent By Job
	0  -  Total Bytes Received By Job
	Partitionable Resources :    Usage  Request Allocated
	   Cpus                 :                 1         1
	   Disk (KB)            :        2        2   7526610
	   Gpus                 :                           0
	   Memory (MB)          :      234        1      4027
...
000 (384274.000.000) 05/08 05:53:13 Job submitted from host: <128.83.144.155:57685?addrs=128.83.144.155-57685>
...
001 (384274.000.000) 05/08 06:35:53 Job executing on host: <128.83.144.168:35892?addrs=128.83.144.168-35892>
...
006 (384274.000.000) 05/08 06:36:01 Image size of job updated: 341000
	22  -  MemoryUsage of job (MB)
	22088  -  ResidentSetSize of job (KB)
...
006 (384274.000.000) 05/08 06:41:01 Image size of job updated: 1131844
	209  -  MemoryUsage of job (MB)
	213852  -  ResidentSetSize of job (KB)
...
006 (384274.000.000) 05/08 06:44:34 Image size of job updated: 1133528
	209  -  MemoryUsage of job (MB)
	213852  -  ResidentSetSize of job (KB)
...
005 (384274.000.000) 05/08 06:44:34 Job terminated.
	(1) Normal termination (return value 0)
		Usr 0 00:08:25, Sys 0 00:00:05  -  Run Remote Usage
		Usr 0 00:00:00, Sys 0 00:00:00  -  Run Local Usage
		Usr 0 00:08:25, Sys 0 00:00:05  -  Total Remote Usage
		Usr 0 00:00:00, Sys 0 00:00:00  -  Total Local Usage
	0  -  Run Bytes Sent By Job
	0  -  Run Bytes Received By Job
	0  -  Total Bytes Sent By Job
	0  -  Total Bytes Received By Job
	Partitionable Resources :    Usage  Request Allocated
	   Cpus                 :                 1         1
	   Disk (KB)            :        2        2   7539965
	   Gpus                 :                           0
	   Memory (MB)          :      209        1      4027
...
000 (417667.000.000) 05/09 03:37:38 Job submitted from host: <128.83.144.154:52346?addrs=128.83.144.154-52346>
...
001 (417667.000.000) 05/09 04:16:03 Job executing on host: <128.83.139.143:55125?addrs=128.83.139.143-55125>
...
006 (417667.000.000) 05/09 04:16:11 Image size of job updated: 1126936
	85  -  MemoryUsage of job (MB)
	86280  -  ResidentSetSize of job (KB)
...
006 (417667.000.000) 05/09 04:21:11 Image size of job updated: 1131736
	186  -  MemoryUsage of job (MB)
	190392  -  ResidentSetSize of job (KB)
...
006 (417667.000.000) 05/09 04:26:12 Image size of job updated: 1133776
	225  -  MemoryUsage of job (MB)
	229740  -  ResidentSetSize of job (KB)
...
005 (417667.000.000) 05/09 04:28:19 Job terminated.
	(1) Normal termination (return value 0)
		Usr 0 00:12:04, Sys 0 00:00:08  -  Run Remote Usage
		Usr 0 00:00:00, Sys 0 00:00:00  -  Run Local Usage
		Usr 0 00:12:04, Sys 0 00:00:08  -  Total Remote Usage
		Usr 0 00:00:00, Sys 0 00:00:00  -  Total Local Usage
	0  -  Run Bytes Sent By Job
	0  -  Run Bytes Received By Job
	0  -  Total Bytes Sent By Job
	0  -  Total Bytes Received By Job
	Partitionable Resources :    Usage  Request Allocated
	   Cpus                 :                 1         1
	   Disk (KB)            :        2        2   7539966
	   Gpus                 :                           0
	   Memory (MB)          :      225        1      4027
...
