000 (515916.000.000) 05/05 17:12:17 Job submitted from host: <128.83.144.149:44250?addrs=128.83.144.149-44250>
...
001 (515916.000.000) 05/05 17:12:28 Job executing on host: <128.83.130.161:35317?addrs=128.83.130.161-35317>
...
006 (515916.000.000) 05/05 17:12:36 Image size of job updated: 1089660
	54  -  MemoryUsage of job (MB)
	55232  -  ResidentSetSize of job (KB)
...
006 (515916.000.000) 05/05 17:12:50 Image size of job updated: 1094796
	54  -  MemoryUsage of job (MB)
	55232  -  ResidentSetSize of job (KB)
...
004 (515916.000.000) 05/05 17:12:50 Job was evicted.
	(0) Job was not checkpointed.
		Usr 0 00:00:00, Sys 0 00:00:00  -  Run Remote Usage
		Usr 0 00:00:00, Sys 0 00:00:00  -  Run Local Usage
	0  -  Run Bytes Sent By Job
	0  -  Run Bytes Received By Job
	Partitionable Resources :    Usage  Request Allocated
	   Cpus                 :                 1         1
	   Disk (KB)            :        1        1   1888652
	   Gpus                 :                           0
	   Memory (MB)          :       54        1     21164
...
009 (515916.000.000) 05/05 17:12:51 Job was aborted by the user.
	via condor_rm (by user ypei)
...
000 (515946.000.000) 05/05 17:13:06 Job submitted from host: <128.83.144.149:44250?addrs=128.83.144.149-44250>
...
001 (515946.000.000) 05/05 17:13:29 Job executing on host: <128.83.130.161:35317?addrs=128.83.130.161-35317>
...
006 (515946.000.000) 05/05 17:13:37 Image size of job updated: 1089148
	56  -  MemoryUsage of job (MB)
	56768  -  ResidentSetSize of job (KB)
...
006 (515946.000.000) 05/05 17:14:27 Image size of job updated: 1089660
	56  -  MemoryUsage of job (MB)
	56768  -  ResidentSetSize of job (KB)
...
004 (515946.000.000) 05/05 17:14:27 Job was evicted.
	(0) Job was not checkpointed.
		Usr 0 00:00:00, Sys 0 00:00:00  -  Run Remote Usage
		Usr 0 00:00:00, Sys 0 00:00:00  -  Run Local Usage
	0  -  Run Bytes Sent By Job
	0  -  Run Bytes Received By Job
	Partitionable Resources :    Usage  Request Allocated
	   Cpus                 :                 1         1
	   Disk (KB)            :        1        1   1888652
	   Gpus                 :                           0
	   Memory (MB)          :       56        1     21164
...
009 (515946.000.000) 05/05 17:14:27 Job was aborted by the user.
	via condor_rm (by user ypei)
...
000 (516171.000.000) 05/05 17:14:49 Job submitted from host: <128.83.144.149:44250?addrs=128.83.144.149-44250>
...
001 (516171.000.000) 05/05 17:14:59 Job executing on host: <128.83.120.128:51378?addrs=128.83.120.128-51378>
...
006 (516171.000.000) 05/05 17:15:08 Image size of job updated: 1089012
	50  -  MemoryUsage of job (MB)
	50616  -  ResidentSetSize of job (KB)
...
006 (516171.000.000) 05/05 17:18:12 Image size of job updated: 1259792
	50  -  MemoryUsage of job (MB)
	50616  -  ResidentSetSize of job (KB)
...
004 (516171.000.000) 05/05 17:18:12 Job was evicted.
	(0) Job was not checkpointed.
		Usr 0 00:00:57, Sys 0 00:00:01  -  Run Remote Usage
		Usr 0 00:00:00, Sys 0 00:00:00  -  Run Local Usage
	0  -  Run Bytes Sent By Job
	0  -  Run Bytes Received By Job
	Partitionable Resources :    Usage  Request Allocated
	   Cpus                 :                 1         1
	   Disk (KB)            :        1        1    812221
	   Gpus                 :                           0
	   Memory (MB)          :       50        1     12899
...
009 (516171.000.000) 05/05 17:18:12 Job was aborted by the user.
	via condor_rm (by user ypei)
...
000 (516378.000.000) 05/05 17:18:19 Job submitted from host: <128.83.144.149:44250?addrs=128.83.144.149-44250>
...
001 (516378.000.000) 05/05 17:18:29 Job executing on host: <128.83.120.128:51378?addrs=128.83.120.128-51378>
...
006 (516378.000.000) 05/05 17:18:38 Image size of job updated: 1089660
	54  -  MemoryUsage of job (MB)
	55260  -  ResidentSetSize of job (KB)
...
006 (516378.000.000) 05/05 17:21:21 Image size of job updated: 1259932
	54  -  MemoryUsage of job (MB)
	55260  -  ResidentSetSize of job (KB)
...
004 (516378.000.000) 05/05 17:21:21 Job was evicted.
	(0) Job was not checkpointed.
		Usr 0 00:01:21, Sys 0 00:00:01  -  Run Remote Usage
		Usr 0 00:00:00, Sys 0 00:00:00  -  Run Local Usage
	0  -  Run Bytes Sent By Job
	0  -  Run Bytes Received By Job
	Partitionable Resources :    Usage  Request Allocated
	   Cpus                 :                 1         1
	   Disk (KB)            :        1        1    812217
	   Gpus                 :                           0
	   Memory (MB)          :       54        1     12899
...
009 (516378.000.000) 05/05 17:21:21 Job was aborted by the user.
	via condor_rm (by user ypei)
...
000 (516999.000.000) 05/05 17:21:41 Job submitted from host: <128.83.144.149:44250?addrs=128.83.144.149-44250>
...
001 (516999.000.000) 05/05 17:21:51 Job executing on host: <128.83.120.230:37764?addrs=128.83.120.230-37764>
...
006 (516999.000.000) 05/05 17:22:00 Image size of job updated: 1089524
	56  -  MemoryUsage of job (MB)
	57316  -  ResidentSetSize of job (KB)
...
006 (516999.000.000) 05/05 17:27:01 Image size of job updated: 1260048
	147  -  MemoryUsage of job (MB)
	149696  -  ResidentSetSize of job (KB)
...
006 (516999.000.000) 05/05 17:32:01 Image size of job updated: 1325584
	191  -  MemoryUsage of job (MB)
	194812  -  ResidentSetSize of job (KB)
...
006 (516999.000.000) 05/05 17:37:02 Image size of job updated: 1325584
	232  -  MemoryUsage of job (MB)
	237300  -  ResidentSetSize of job (KB)
...
006 (516999.000.000) 05/05 17:42:03 Image size of job updated: 1391120
	268  -  MemoryUsage of job (MB)
	273896  -  ResidentSetSize of job (KB)
...
005 (516999.000.000) 05/05 17:42:36 Job terminated.
	(1) Normal termination (return value 0)
		Usr 0 00:19:02, Sys 0 00:00:15  -  Run Remote Usage
		Usr 0 00:00:00, Sys 0 00:00:00  -  Run Local Usage
		Usr 0 00:19:02, Sys 0 00:00:15  -  Total Remote Usage
		Usr 0 00:00:00, Sys 0 00:00:00  -  Total Local Usage
	0  -  Run Bytes Sent By Job
	0  -  Run Bytes Received By Job
	0  -  Total Bytes Sent By Job
	0  -  Total Bytes Received By Job
	Partitionable Resources :    Usage  Request Allocated
	   Cpus                 :                 1         1
	   Disk (KB)            :        1        1    827436
	   Gpus                 :                           0
	   Memory (MB)          :      268        1     12899
...
000 (382430.000.000) 05/07 03:39:50 Job submitted from host: <128.83.144.155:57685?addrs=128.83.144.155-57685>
...
001 (382430.000.000) 05/07 04:02:10 Job executing on host: <128.83.139.14:44306?addrs=128.83.139.14-44306>
...
006 (382430.000.000) 05/07 04:02:19 Image size of job updated: 1089664
	57  -  MemoryUsage of job (MB)
	57496  -  ResidentSetSize of job (KB)
...
006 (382430.000.000) 05/07 04:07:20 Image size of job updated: 1259968
	148  -  MemoryUsage of job (MB)
	150876  -  ResidentSetSize of job (KB)
...
006 (382430.000.000) 05/07 04:12:21 Image size of job updated: 1325760
	189  -  MemoryUsage of job (MB)
	192680  -  ResidentSetSize of job (KB)
...
006 (382430.000.000) 05/07 04:17:21 Image size of job updated: 1325760
	231  -  MemoryUsage of job (MB)
	235788  -  ResidentSetSize of job (KB)
...
005 (382430.000.000) 05/07 04:21:24 Job terminated.
	(1) Normal termination (return value 0)
		Usr 0 00:18:30, Sys 0 00:00:16  -  Run Remote Usage
		Usr 0 00:00:00, Sys 0 00:00:00  -  Run Local Usage
		Usr 0 00:18:30, Sys 0 00:00:16  -  Total Remote Usage
		Usr 0 00:00:00, Sys 0 00:00:00  -  Total Local Usage
	0  -  Run Bytes Sent By Job
	0  -  Run Bytes Received By Job
	0  -  Total Bytes Sent By Job
	0  -  Total Bytes Received By Job
	Partitionable Resources :    Usage  Request Allocated
	   Cpus                 :                 1         1
	   Disk (KB)            :        1        1   1675519
	   Gpus                 :                           0
	   Memory (MB)          :      231        1     12899
...
000 (518448.000.000) 05/07 13:18:15 Job submitted from host: <128.83.144.149:44250?addrs=128.83.144.149-44250>
...
001 (518448.000.000) 05/07 13:18:57 Job executing on host: <128.83.120.230:37764?addrs=128.83.120.230-37764>
...
006 (518448.000.000) 05/07 13:19:06 Image size of job updated: 1089660
	56  -  MemoryUsage of job (MB)
	57300  -  ResidentSetSize of job (KB)
...
006 (518448.000.000) 05/07 13:23:39 Image size of job updated: 1259960
	56  -  MemoryUsage of job (MB)
	57300  -  ResidentSetSize of job (KB)
...
004 (518448.000.000) 05/07 13:23:39 Job was evicted.
	(0) Job was not checkpointed.
		Usr 0 00:03:19, Sys 0 00:00:04  -  Run Remote Usage
		Usr 0 00:00:00, Sys 0 00:00:00  -  Run Local Usage
	0  -  Run Bytes Sent By Job
	0  -  Run Bytes Received By Job
	Partitionable Resources :    Usage  Request Allocated
	   Cpus                 :                 1         1
	   Disk (KB)            :        1        1    792415
	   Gpus                 :                           0
	   Memory (MB)          :       56        1     12899
...
009 (518448.000.000) 05/07 13:23:41 Job was aborted by the user.
	via condor_rm (by user ypei)
...
000 (518655.000.000) 05/07 13:23:45 Job submitted from host: <128.83.144.149:44250?addrs=128.83.144.149-44250>
...
001 (518655.000.000) 05/07 13:23:55 Job executing on host: <128.83.144.147:58788?addrs=128.83.144.147-58788>
...
006 (518655.000.000) 05/07 13:24:04 Image size of job updated: 1089016
	54  -  MemoryUsage of job (MB)
	54728  -  ResidentSetSize of job (KB)
...
006 (518655.000.000) 05/07 13:29:05 Image size of job updated: 1260100
	145  -  MemoryUsage of job (MB)
	148432  -  ResidentSetSize of job (KB)
...
006 (518655.000.000) 05/07 13:34:05 Image size of job updated: 1325636
	190  -  MemoryUsage of job (MB)
	193844  -  ResidentSetSize of job (KB)
...
006 (518655.000.000) 05/07 13:39:05 Image size of job updated: 1325636
	238  -  MemoryUsage of job (MB)
	243492  -  ResidentSetSize of job (KB)
...
005 (518655.000.000) 05/07 13:41:41 Job terminated.
	(1) Normal termination (return value 0)
		Usr 0 00:16:41, Sys 0 00:00:10  -  Run Remote Usage
		Usr 0 00:00:00, Sys 0 00:00:00  -  Run Local Usage
		Usr 0 00:16:41, Sys 0 00:00:10  -  Total Remote Usage
		Usr 0 00:00:00, Sys 0 00:00:00  -  Total Local Usage
	0  -  Run Bytes Sent By Job
	0  -  Run Bytes Received By Job
	0  -  Total Bytes Sent By Job
	0  -  Total Bytes Received By Job
	Partitionable Resources :    Usage  Request Allocated
	   Cpus                 :                 1         1
	   Disk (KB)            :        1        1   1862075
	   Gpus                 :                           0
	   Memory (MB)          :      238        1     21164
...
000 (519069.000.000) 05/07 14:36:25 Job submitted from host: <128.83.144.149:44250?addrs=128.83.144.149-44250>
...
001 (519069.000.000) 05/07 14:36:37 Job executing on host: <128.83.144.147:58788?addrs=128.83.144.147-58788>
...
006 (519069.000.000) 05/07 14:36:46 Image size of job updated: 1089524
	56  -  MemoryUsage of job (MB)
	57300  -  ResidentSetSize of job (KB)
...
006 (519069.000.000) 05/07 14:41:47 Image size of job updated: 1260096
	152  -  MemoryUsage of job (MB)
	155468  -  ResidentSetSize of job (KB)
...
006 (519069.000.000) 05/07 14:46:47 Image size of job updated: 1325632
	202  -  MemoryUsage of job (MB)
	206680  -  ResidentSetSize of job (KB)
...
006 (519069.000.000) 05/07 14:51:47 Image size of job updated: 1325632
	254  -  MemoryUsage of job (MB)
	259904  -  ResidentSetSize of job (KB)
...
005 (519069.000.000) 05/07 14:52:40 Job terminated.
	(1) Normal termination (return value 0)
		Usr 0 00:14:54, Sys 0 00:00:07  -  Run Remote Usage
		Usr 0 00:00:00, Sys 0 00:00:00  -  Run Local Usage
		Usr 0 00:14:54, Sys 0 00:00:07  -  Total Remote Usage
		Usr 0 00:00:00, Sys 0 00:00:00  -  Total Local Usage
	0  -  Run Bytes Sent By Job
	0  -  Run Bytes Received By Job
	0  -  Total Bytes Sent By Job
	0  -  Total Bytes Received By Job
	Partitionable Resources :    Usage  Request Allocated
	   Cpus                 :                 1         1
	   Disk (KB)            :        1        1   1911592
	   Gpus                 :                           0
	   Memory (MB)          :      254        1     21164
...
000 (382844.000.000) 05/07 20:16:55 Job submitted from host: <128.83.144.155:57685?addrs=128.83.144.155-57685>
...
001 (382844.000.000) 05/07 20:35:27 Job executing on host: <128.83.120.75:40005?addrs=128.83.120.75-40005>
...
006 (382844.000.000) 05/07 20:35:36 Image size of job updated: 1259800
	100  -  MemoryUsage of job (MB)
	101720  -  ResidentSetSize of job (KB)
...
006 (382844.000.000) 05/07 20:40:36 Image size of job updated: 1259964
	157  -  MemoryUsage of job (MB)
	159936  -  ResidentSetSize of job (KB)
...
006 (382844.000.000) 05/07 20:45:36 Image size of job updated: 1325500
	197  -  MemoryUsage of job (MB)
	201484  -  ResidentSetSize of job (KB)
...
006 (382844.000.000) 05/07 20:50:37 Image size of job updated: 1325500
	239  -  MemoryUsage of job (MB)
	244556  -  ResidentSetSize of job (KB)
...
005 (382844.000.000) 05/07 20:54:02 Job terminated.
	(1) Normal termination (return value 0)
		Usr 0 00:17:46, Sys 0 00:00:25  -  Run Remote Usage
		Usr 0 00:00:00, Sys 0 00:00:00  -  Run Local Usage
		Usr 0 00:17:46, Sys 0 00:00:25  -  Total Remote Usage
		Usr 0 00:00:00, Sys 0 00:00:00  -  Total Local Usage
	0  -  Run Bytes Sent By Job
	0  -  Run Bytes Received By Job
	0  -  Total Bytes Sent By Job
	0  -  Total Bytes Received By Job
	Partitionable Resources :    Usage  Request Allocated
	   Cpus                 :                 1         1
	   Disk (KB)            :        1        1   8812343
	   Gpus                 :                           0
	   Memory (MB)          :      239        1      4028
...
000 (384086.000.000) 05/08 05:52:57 Job submitted from host: <128.83.144.155:57685?addrs=128.83.144.155-57685>
...
001 (384086.000.000) 05/08 06:13:07 Job executing on host: <128.83.144.5:44408?addrs=128.83.144.5-44408>
...
006 (384086.000.000) 05/08 06:13:15 Image size of job updated: 1098456
	65  -  MemoryUsage of job (MB)
	65788  -  ResidentSetSize of job (KB)
...
006 (384086.000.000) 05/08 06:18:15 Image size of job updated: 1259964
	148  -  MemoryUsage of job (MB)
	151220  -  ResidentSetSize of job (KB)
...
006 (384086.000.000) 05/08 06:23:16 Image size of job updated: 1259964
	183  -  MemoryUsage of job (MB)
	186376  -  ResidentSetSize of job (KB)
...
006 (384086.000.000) 05/08 06:28:17 Image size of job updated: 1325504
	220  -  MemoryUsage of job (MB)
	224428  -  ResidentSetSize of job (KB)
...
006 (384086.000.000) 05/08 06:33:17 Image size of job updated: 1325504
	254  -  MemoryUsage of job (MB)
	259380  -  ResidentSetSize of job (KB)
...
005 (384086.000.000) 05/08 06:34:17 Job terminated.
	(1) Normal termination (return value 0)
		Usr 0 00:20:25, Sys 0 00:00:27  -  Run Remote Usage
		Usr 0 00:00:00, Sys 0 00:00:00  -  Run Local Usage
		Usr 0 00:20:25, Sys 0 00:00:27  -  Total Remote Usage
		Usr 0 00:00:00, Sys 0 00:00:00  -  Total Local Usage
	0  -  Run Bytes Sent By Job
	0  -  Run Bytes Received By Job
	0  -  Total Bytes Sent By Job
	0  -  Total Bytes Received By Job
	Partitionable Resources :    Usage  Request Allocated
	   Cpus                 :                 1         1
	   Disk (KB)            :        1        1    787172
	   Gpus                 :                           0
	   Memory (MB)          :      254        1     12899
...
000 (417479.000.000) 05/09 03:37:22 Job submitted from host: <128.83.144.154:52346?addrs=128.83.144.154-52346>
...
001 (417479.000.000) 05/09 03:55:36 Job executing on host: <128.83.144.84:60326?addrs=128.83.144.84-60326>
...
006 (417479.000.000) 05/09 03:55:45 Image size of job updated: 1259808
	101  -  MemoryUsage of job (MB)
	102644  -  ResidentSetSize of job (KB)
...
006 (417479.000.000) 05/09 04:00:45 Image size of job updated: 1260236
	149  -  MemoryUsage of job (MB)
	152088  -  ResidentSetSize of job (KB)
...
006 (417479.000.000) 05/09 04:05:45 Image size of job updated: 1325772
	195  -  MemoryUsage of job (MB)
	199656  -  ResidentSetSize of job (KB)
...
006 (417479.000.000) 05/09 04:10:46 Image size of job updated: 1325772
	243  -  MemoryUsage of job (MB)
	248688  -  ResidentSetSize of job (KB)
...
005 (417479.000.000) 05/09 04:13:36 Job terminated.
	(1) Normal termination (return value 0)
		Usr 0 00:17:42, Sys 0 00:00:10  -  Run Remote Usage
		Usr 0 00:00:00, Sys 0 00:00:00  -  Run Local Usage
		Usr 0 00:17:42, Sys 0 00:00:10  -  Total Remote Usage
		Usr 0 00:00:00, Sys 0 00:00:00  -  Total Local Usage
	0  -  Run Bytes Sent By Job
	0  -  Run Bytes Received By Job
	0  -  Total Bytes Sent By Job
	0  -  Total Bytes Received By Job
	Partitionable Resources :    Usage  Request Allocated
	   Cpus                 :                 1         1
	   Disk (KB)            :        2        2   7541873
	   Gpus                 :                           0
	   Memory (MB)          :      243        1      4027
...
