[SNIPER] Start
Sampler: 4, 32, 0
itlb_cache: 32, 1
itlb_cache_L1: 32, 1
Sampler: 4, 128, 0
dtlb_cache: 128, 4
dtlb_cache_L1: 128, 4
L1-I 2
Sampler: 4, 4, 128
L1-I: 2048, 64
L1-I_L1: 2048, 64
L1-D 3
Sampler: 4, 8, 32
L1-D: 1024, 32
L1-D_L1: 1024, 32
L2 4
Sampler: 122, 16, 16
L2: 32768, 1024
L2_L1: 32768, 1024
Executing Python script /v/filer4b/v20q001/ypei/Desktop/cs395t-lin/output/low_bandwidth/run_all_hybrid_headroom9/soplex/8/sim.scripts.py
[STOPBYICOUNT] Starting in ROI (detail)
[STOPBYICOUNT] Then stopping after simulating at least 250000000 instructions in detail
[SNIPER] --------------------------------------------------------------------------------
[SNIPER] Sniper using SIFT/trace-driven frontend
[SNIPER] Running full application in DETAILED mode
[SNIPER] --------------------------------------------------------------------------------
[SNIPER] Enabling performance models
[SNIPER] Setting instrumentation mode to DETAILED
[STOPBYICOUNT] Ending ROI after 250000001 instructions (250000000 requested)
[SNIPER] Disabling performance models
[SNIPER] Leaving ROI after 1001.33 seconds
[SNIPER] Simulated 250.0M instructions, 534.3M cycles, 0.47 IPC
[SNIPER] Simulation speed 249.7 KIPS (249.7 KIPS / target core - 4005.4ns/instr)
[SNIPER] Setting instrumentation mode to FAST_FORWARD
[app0] [SIFT_RECORDER] sift_writer.cc:550: Sift::Mode Sift::Writer::Sync(): Assertion `!response->fail()' failed.
Hawkeye Victims: 0
LRU Victims: 0
Hawkeye Victims: 0
LRU Victims: 0
Hawkeye Victims: 0
LRU Victims: 0
a test for execution

Inserted: 0
Redundant.progress: 0
Redundant.cache: 0
Redundant.buffer: 0
Hawkeye Victims: 0
LRU Victims: 0
a test for execution

Inserted: 0
Redundant.progress: 0
Redundant.cache: 0
Redundant.buffer: 0
Hawkeye Victims: 0
LRU Victims: 0
 =========================================================== 
Triggers: 7561653
Repeats: 0

Same addr: 4507092 59.6046
New addr: 1336 0.0176681

Distribution of new addresses: 
Stream Head: 1068 79.9401
Stream Divergence: 2556402 191347

Invalidation count: 2702593 202290
No Conflict count: 147689 11054.6
Same Stream count: 0 0
New Stream count: 0 0

Not found: 3047380
On Chip Mispredictions: 0
 =========================================================== 
Distribution of predictions: 
Predict Init: 7215530 95.4227
Total Predictions: 7171493
Predict OCI Miss: 17818 0.24694
Predict Stream End: 44037 0.610309
Buffer Success: 0 0
[app0] Pin app terminated abnormally due to signal 6.
Stride Distribution: 0, 75209, 233358, 500250, 647174, 350704, 196466, 486404, 176318, 873080, 170568, 491510, 235244, 218454, 177192, 203504, 76314, 0, 194028, 0, 67896, 0, 0, 0, 74060, 0, 0, 0, 0, 0, 69920, 0, 62146, 0, 0, 0, 46414, 0, 0, 0, 85882, 0, 0, 0, 0, 0, 0, 0, 0, 0, 0, 0, 0, 0, 0, 0, 0, 0, 0, 0, 0, 0, 0, 0, 0, 0, 33, 0, 0, 0, 0, 0, 26371376, 0, 49, 0, 15, 0, 15, 0, 0, 6644585, 1868787317, 1915577714, 1702195557, 7566451, 113, 0, 5073232, 0, 23044768, 0, 0, 0, 5073232, 0, 23603184, 0, 0, 0, 5073232, 0, 23875504, 0, 0, 0, 5165152, 0, 3861208432, 11011, 0, 11011, 26369680, 0, 49, 0, 6, 0, 6, 0, 0, 0, 1919906931, 29541, 48, 0, 49, 0, 
a test for execution

Inserted: 10077398
Redundant.progress: 275444
Redundant.cache: 5389491
Redundant.buffer: 0
[SNIPER] End
[SNIPER] Elapsed time: 1004.06 seconds
