000 (516094.000.000) 05/05 17:13:20 Job submitted from host: <128.83.144.149:44250?addrs=128.83.144.149-44250>
...
009 (516094.000.000) 05/05 17:14:26 Job was aborted by the user.
	via condor_rm (by user ypei)
...
000 (516301.000.000) 05/05 17:15:05 Job submitted from host: <128.83.144.149:44250?addrs=128.83.144.149-44250>
...
001 (516301.000.000) 05/05 17:15:30 Job executing on host: <128.83.144.131:50598?addrs=128.83.144.131-50598>
...
006 (516301.000.000) 05/05 17:15:38 Image size of job updated: 52036
	2  -  MemoryUsage of job (MB)
	1640  -  ResidentSetSize of job (KB)
...
006 (516301.000.000) 05/05 17:18:07 Image size of job updated: 1017696
	2  -  MemoryUsage of job (MB)
	1640  -  ResidentSetSize of job (KB)
...
004 (516301.000.000) 05/05 17:18:07 Job was evicted.
	(0) Job was not checkpointed.
		Usr 0 00:00:48, Sys 0 00:00:00  -  Run Remote Usage
		Usr 0 00:00:00, Sys 0 00:00:00  -  Run Local Usage
	0  -  Run Bytes Sent By Job
	0  -  Run Bytes Received By Job
	Partitionable Resources :    Usage  Request Allocated
	   Cpus                 :                 1         1
	   Disk (KB)            :        1        1   2250170
	   Gpus                 :                           0
	   Memory (MB)          :        2        1      4028
...
009 (516301.000.000) 05/05 17:18:08 Job was aborted by the user.
	via condor_rm (by user ypei)
...
000 (516508.000.000) 05/05 17:18:35 Job submitted from host: <128.83.144.149:44250?addrs=128.83.144.149-44250>
...
009 (516508.000.000) 05/05 17:21:27 Job was aborted by the user.
	via condor_rm (by user ypei)
...
000 (517129.000.000) 05/05 17:21:59 Job submitted from host: <128.83.144.149:44250?addrs=128.83.144.149-44250>
...
001 (517129.000.000) 05/05 17:22:24 Job executing on host: <128.83.144.96:35052?addrs=128.83.144.96-35052>
...
006 (517129.000.000) 05/05 17:22:33 Image size of job updated: 843724
	56  -  MemoryUsage of job (MB)
	57116  -  ResidentSetSize of job (KB)
...
006 (517129.000.000) 05/05 17:27:34 Image size of job updated: 1087792
	245  -  MemoryUsage of job (MB)
	250304  -  ResidentSetSize of job (KB)
...
006 (517129.000.000) 05/05 17:32:34 Image size of job updated: 1087792
	263  -  MemoryUsage of job (MB)
	268488  -  ResidentSetSize of job (KB)
...
006 (517129.000.000) 05/05 17:37:35 Image size of job updated: 1087804
	269  -  MemoryUsage of job (MB)
	275060  -  ResidentSetSize of job (KB)
...
005 (517129.000.000) 05/05 17:38:34 Job terminated.
	(1) Normal termination (return value 0)
		Usr 0 00:14:35, Sys 0 00:00:07  -  Run Remote Usage
		Usr 0 00:00:00, Sys 0 00:00:00  -  Run Local Usage
		Usr 0 00:14:35, Sys 0 00:00:07  -  Total Remote Usage
		Usr 0 00:00:00, Sys 0 00:00:00  -  Total Local Usage
	0  -  Run Bytes Sent By Job
	0  -  Run Bytes Received By Job
	0  -  Total Bytes Sent By Job
	0  -  Total Bytes Received By Job
	Partitionable Resources :    Usage  Request Allocated
	   Cpus                 :                 1         1
	   Disk (KB)            :        1        1   2234941
	   Gpus                 :                           0
	   Memory (MB)          :      269        1      4028
...
000 (382560.000.000) 05/07 03:40:01 Job submitted from host: <128.83.144.155:57685?addrs=128.83.144.155-57685>
...
001 (382560.000.000) 05/07 04:21:36 Job executing on host: <128.83.144.13:57145?addrs=128.83.144.13-57145>
...
006 (382560.000.000) 05/07 04:21:45 Image size of job updated: 1
	2  -  MemoryUsage of job (MB)
	1672  -  ResidentSetSize of job (KB)
...
006 (382560.000.000) 05/07 04:26:45 Image size of job updated: 1087968
	225  -  MemoryUsage of job (MB)
	230332  -  ResidentSetSize of job (KB)
...
006 (382560.000.000) 05/07 04:31:45 Image size of job updated: 1087968
	227  -  MemoryUsage of job (MB)
	232100  -  ResidentSetSize of job (KB)
...
006 (382560.000.000) 05/07 04:36:46 Image size of job updated: 1087968
	242  -  MemoryUsage of job (MB)
	246848  -  ResidentSetSize of job (KB)
...
006 (382560.000.000) 05/07 04:41:47 Image size of job updated: 1088236
	247  -  MemoryUsage of job (MB)
	252148  -  ResidentSetSize of job (KB)
...
005 (382560.000.000) 05/07 04:43:24 Job terminated.
	(1) Normal termination (return value 0)
		Usr 0 00:21:09, Sys 0 00:00:24  -  Run Remote Usage
		Usr 0 00:00:00, Sys 0 00:00:00  -  Run Local Usage
		Usr 0 00:21:09, Sys 0 00:00:24  -  Total Remote Usage
		Usr 0 00:00:00, Sys 0 00:00:00  -  Total Local Usage
	0  -  Run Bytes Sent By Job
	0  -  Run Bytes Received By Job
	0  -  Total Bytes Sent By Job
	0  -  Total Bytes Received By Job
	Partitionable Resources :    Usage  Request Allocated
	   Cpus                 :                 1         1
	   Disk (KB)            :        1        1    800034
	   Gpus                 :                           0
	   Memory (MB)          :      247        1     12899
...
000 (518578.000.000) 05/07 13:18:25 Job submitted from host: <128.83.144.149:44250?addrs=128.83.144.149-44250>
...
001 (518578.000.000) 05/07 13:18:57 Job executing on host: <128.83.139.145:36504?addrs=128.83.139.145-36504>
...
006 (518578.000.000) 05/07 13:19:06 Image size of job updated: 119236
	11  -  MemoryUsage of job (MB)
	10292  -  ResidentSetSize of job (KB)
...
006 (518578.000.000) 05/07 13:23:39 Image size of job updated: 1087256
	197  -  MemoryUsage of job (MB)
	201248  -  ResidentSetSize of job (KB)
...
004 (518578.000.000) 05/07 13:23:39 Job was evicted.
	(0) Job was not checkpointed.
		Usr 0 00:03:22, Sys 0 00:00:05  -  Run Remote Usage
		Usr 0 00:00:00, Sys 0 00:00:00  -  Run Local Usage
	0  -  Run Bytes Sent By Job
	0  -  Run Bytes Received By Job
	Partitionable Resources :    Usage  Request Allocated
	   Cpus                 :                 1         1
	   Disk (KB)            :        1        1   7498063
	   Gpus                 :                           0
	   Memory (MB)          :      197        1      4027
...
009 (518578.000.000) 05/07 13:23:40 Job was aborted by the user.
	via condor_rm (by user ypei)
...
000 (518785.000.000) 05/07 13:23:59 Job submitted from host: <128.83.144.149:44250?addrs=128.83.144.149-44250>
...
001 (518785.000.000) 05/07 13:24:37 Job executing on host: <128.83.120.250:59851?addrs=128.83.120.250-59851>
...
006 (518785.000.000) 05/07 13:24:45 Image size of job updated: 843352
	56  -  MemoryUsage of job (MB)
	56916  -  ResidentSetSize of job (KB)
...
006 (518785.000.000) 05/07 13:29:45 Image size of job updated: 1087228
	230  -  MemoryUsage of job (MB)
	234588  -  ResidentSetSize of job (KB)
...
006 (518785.000.000) 05/07 13:34:46 Image size of job updated: 1087964
	237  -  MemoryUsage of job (MB)
	242312  -  ResidentSetSize of job (KB)
...
006 (518785.000.000) 05/07 13:39:47 Image size of job updated: 1087964
	252  -  MemoryUsage of job (MB)
	257144  -  ResidentSetSize of job (KB)
...
006 (518785.000.000) 05/07 13:44:47 Image size of job updated: 1087964
	253  -  MemoryUsage of job (MB)
	258276  -  ResidentSetSize of job (KB)
...
006 (518785.000.000) 05/07 13:49:47 Image size of job updated: 1087976
	258  -  MemoryUsage of job (MB)
	264004  -  ResidentSetSize of job (KB)
...
005 (518785.000.000) 05/07 13:50:16 Job terminated.
	(1) Normal termination (return value 0)
		Usr 0 00:23:54, Sys 0 00:00:53  -  Run Remote Usage
		Usr 0 00:00:00, Sys 0 00:00:00  -  Run Local Usage
		Usr 0 00:23:54, Sys 0 00:00:53  -  Total Remote Usage
		Usr 0 00:00:00, Sys 0 00:00:00  -  Total Local Usage
	0  -  Run Bytes Sent By Job
	0  -  Run Bytes Received By Job
	0  -  Total Bytes Sent By Job
	0  -  Total Bytes Received By Job
	Partitionable Resources :    Usage  Request Allocated
	   Cpus                 :                 1         1
	   Disk (KB)            :        1        1    798503
	   Gpus                 :                           0
	   Memory (MB)          :      258        1     12899
...
000 (519199.000.000) 05/07 14:36:36 Job submitted from host: <128.83.144.149:44250?addrs=128.83.144.149-44250>
...
001 (519199.000.000) 05/07 14:47:55 Job executing on host: <128.83.144.13:57145?addrs=128.83.144.13-57145>
...
006 (519199.000.000) 05/07 14:48:04 Image size of job updated: 1
	2  -  MemoryUsage of job (MB)
	1692  -  ResidentSetSize of job (KB)
...
006 (519199.000.000) 05/07 14:53:05 Image size of job updated: 1087964
	230  -  MemoryUsage of job (MB)
	235124  -  ResidentSetSize of job (KB)
...
006 (519199.000.000) 05/07 14:58:06 Image size of job updated: 1087968
	232  -  MemoryUsage of job (MB)
	236976  -  ResidentSetSize of job (KB)
...
006 (519199.000.000) 05/07 15:03:06 Image size of job updated: 1087968
	245  -  MemoryUsage of job (MB)
	250444  -  ResidentSetSize of job (KB)
...
006 (519199.000.000) 05/07 15:08:07 Image size of job updated: 1087968
	247  -  MemoryUsage of job (MB)
	252136  -  ResidentSetSize of job (KB)
...
006 (519199.000.000) 05/07 15:13:08 Image size of job updated: 1087972
	247  -  MemoryUsage of job (MB)
	252904  -  ResidentSetSize of job (KB)
...
006 (519199.000.000) 05/07 15:18:08 Image size of job updated: 1087980
	253  -  MemoryUsage of job (MB)
	258148  -  ResidentSetSize of job (KB)
...
005 (519199.000.000) 05/07 15:19:34 Job terminated.
	(1) Normal termination (return value 0)
		Usr 0 00:30:51, Sys 0 00:00:47  -  Run Remote Usage
		Usr 0 00:00:00, Sys 0 00:00:00  -  Run Local Usage
		Usr 0 00:30:51, Sys 0 00:00:47  -  Total Remote Usage
		Usr 0 00:00:00, Sys 0 00:00:00  -  Total Local Usage
	0  -  Run Bytes Sent By Job
	0  -  Run Bytes Received By Job
	0  -  Total Bytes Sent By Job
	0  -  Total Bytes Received By Job
	Partitionable Resources :    Usage  Request Allocated
	   Cpus                 :                 1         1
	   Disk (KB)            :        1        1    796982
	   Gpus                 :                           0
	   Memory (MB)          :      253        1     12899
...
000 (382974.000.000) 05/07 20:17:05 Job submitted from host: <128.83.144.155:57685?addrs=128.83.144.155-57685>
...
001 (382974.000.000) 05/07 20:52:33 Job executing on host: <128.83.144.5:44408?addrs=128.83.144.5-44408>
...
006 (382974.000.000) 05/07 20:52:41 Image size of job updated: 1
	2  -  MemoryUsage of job (MB)
	1668  -  ResidentSetSize of job (KB)
...
006 (382974.000.000) 05/07 20:57:41 Image size of job updated: 1087968
	230  -  MemoryUsage of job (MB)
	234968  -  ResidentSetSize of job (KB)
...
006 (382974.000.000) 05/07 21:02:43 Image size of job updated: 1087968
	232  -  MemoryUsage of job (MB)
	237084  -  ResidentSetSize of job (KB)
...
006 (382974.000.000) 05/07 21:07:43 Image size of job updated: 1087972
	246  -  MemoryUsage of job (MB)
	251844  -  ResidentSetSize of job (KB)
...
006 (382974.000.000) 05/07 21:12:43 Image size of job updated: 1087980
	251  -  MemoryUsage of job (MB)
	256436  -  ResidentSetSize of job (KB)
...
005 (382974.000.000) 05/07 21:14:13 Job terminated.
	(1) Normal termination (return value 0)
		Usr 0 00:20:58, Sys 0 00:00:29  -  Run Remote Usage
		Usr 0 00:00:00, Sys 0 00:00:00  -  Run Local Usage
		Usr 0 00:20:58, Sys 0 00:00:29  -  Total Remote Usage
		Usr 0 00:00:00, Sys 0 00:00:00  -  Total Local Usage
	0  -  Run Bytes Sent By Job
	0  -  Run Bytes Received By Job
	0  -  Total Bytes Sent By Job
	0  -  Total Bytes Received By Job
	Partitionable Resources :    Usage  Request Allocated
	   Cpus                 :                 1         1
	   Disk (KB)            :        1        1    787234
	   Gpus                 :                           0
	   Memory (MB)          :      251        1     12899
...
000 (384216.000.000) 05/08 05:53:08 Job submitted from host: <128.83.144.155:57685?addrs=128.83.144.155-57685>
...
001 (384216.000.000) 05/08 06:27:59 Job executing on host: <128.83.144.42:56007?addrs=128.83.144.42-56007>
...
006 (384216.000.000) 05/08 06:28:08 Image size of job updated: 1
	2  -  MemoryUsage of job (MB)
	1624  -  ResidentSetSize of job (KB)
...
006 (384216.000.000) 05/08 06:33:09 Image size of job updated: 1088028
	231  -  MemoryUsage of job (MB)
	236296  -  ResidentSetSize of job (KB)
...
006 (384216.000.000) 05/08 06:38:10 Image size of job updated: 1088028
	245  -  MemoryUsage of job (MB)
	250720  -  ResidentSetSize of job (KB)
...
006 (384216.000.000) 05/08 06:43:10 Image size of job updated: 1088032
	248  -  MemoryUsage of job (MB)
	253468  -  ResidentSetSize of job (KB)
...
006 (384216.000.000) 05/08 06:46:37 Image size of job updated: 1088036
	248  -  MemoryUsage of job (MB)
	253468  -  ResidentSetSize of job (KB)
...
005 (384216.000.000) 05/08 06:46:37 Job terminated.
	(1) Normal termination (return value 0)
		Usr 0 00:17:51, Sys 0 00:00:26  -  Run Remote Usage
		Usr 0 00:00:00, Sys 0 00:00:00  -  Run Local Usage
		Usr 0 00:17:51, Sys 0 00:00:26  -  Total Remote Usage
		Usr 0 00:00:00, Sys 0 00:00:00  -  Total Local Usage
	0  -  Run Bytes Sent By Job
	0  -  Run Bytes Received By Job
	0  -  Total Bytes Sent By Job
	0  -  Total Bytes Received By Job
	Partitionable Resources :    Usage  Request Allocated
	   Cpus                 :                 1         1
	   Disk (KB)            :        1        1   4663323
	   Gpus                 :                           0
	   Memory (MB)          :      248        1      4027
...
000 (417609.000.000) 05/09 03:37:33 Job submitted from host: <128.83.144.154:52346?addrs=128.83.144.154-52346>
...
001 (417609.000.000) 05/09 04:10:50 Job executing on host: <128.83.144.55:40067?addrs=128.83.144.55-40067>
...
006 (417609.000.000) 05/09 04:10:59 Image size of job updated: 845276
	54  -  MemoryUsage of job (MB)
	55216  -  ResidentSetSize of job (KB)
...
006 (417609.000.000) 05/09 04:16:00 Image size of job updated: 1088148
	229  -  MemoryUsage of job (MB)
	233896  -  ResidentSetSize of job (KB)
...
006 (417609.000.000) 05/09 04:21:00 Image size of job updated: 1088148
	243  -  MemoryUsage of job (MB)
	248200  -  ResidentSetSize of job (KB)
...
006 (417609.000.000) 05/09 04:26:00 Image size of job updated: 1088152
	246  -  MemoryUsage of job (MB)
	251376  -  ResidentSetSize of job (KB)
...
006 (417609.000.000) 05/09 04:27:35 Image size of job updated: 1088156
	246  -  MemoryUsage of job (MB)
	251376  -  ResidentSetSize of job (KB)
...
005 (417609.000.000) 05/09 04:27:35 Job terminated.
	(1) Normal termination (return value 0)
		Usr 0 00:16:28, Sys 0 00:00:11  -  Run Remote Usage
		Usr 0 00:00:00, Sys 0 00:00:00  -  Run Local Usage
		Usr 0 00:16:28, Sys 0 00:00:11  -  Total Remote Usage
		Usr 0 00:00:00, Sys 0 00:00:00  -  Total Local Usage
	0  -  Run Bytes Sent By Job
	0  -  Run Bytes Received By Job
	0  -  Total Bytes Sent By Job
	0  -  Total Bytes Received By Job
	Partitionable Resources :    Usage  Request Allocated
	   Cpus                 :                 1         1
	   Disk (KB)            :        2        2   7539970
	   Gpus                 :                           0
	   Memory (MB)          :      246        1      4027
...
