[SNIPER] Start
Sampler: 4, 32, 0
itlb_cache: 32, 1
itlb_cache_L1: 32, 1
Sampler: 4, 128, 0
dtlb_cache: 128, 4
dtlb_cache_L1: 128, 4
L1-I 2
Sampler: 4, 4, 128
L1-I: 2048, 64
L1-I_L1: 2048, 64
L1-D 3
Sampler: 4, 8, 32
L1-D: 1024, 32
L1-D_L1: 1024, 32
L2 4
Sampler: 122, 16, 16
L2: 32768, 1024
L2_L1: 32768, 1024
Executing Python script /v/filer4b/v20q001/ypei/Desktop/cs395t-lin/output/low_bandwidth/run_all_hybrid_headroom9/bzip2/17/sim.scripts.py
[STOPBYICOUNT] Starting in ROI (detail)
[STOPBYICOUNT] Then stopping after simulating at least 250000000 instructions in detail
[SNIPER] --------------------------------------------------------------------------------
[SNIPER] Sniper using SIFT/trace-driven frontend
[SNIPER] Running full application in DETAILED mode
[SNIPER] --------------------------------------------------------------------------------
[SNIPER] Enabling performance models
[SNIPER] Setting instrumentation mode to DETAILED
[STOPBYICOUNT] Ending ROI after 250000003 instructions (250000000 requested)
[SNIPER] Disabling performance models
[SNIPER] Leaving ROI after 1058.61 seconds
[SNIPER] Simulated 250.0M instructions, 210.9M cycles, 1.19 IPC
[SNIPER] Simulation speed 236.2 KIPS (236.2 KIPS / target core - 4234.5ns/instr)
[SNIPER] Setting instrumentation mode to FAST_FORWARD
[app0] [SIFT_RECORDER] sift_writer.cc:550: Sift::Mode Sift::Writer::Sync(): Assertion `!response->fail()' failed.
Hawkeye Victims: 0
LRU Victims: 0
Hawkeye Victims: 0
LRU Victims: 0
Hawkeye Victims: 0
LRU Victims: 0
a test for execution
[app0] Pin app terminated abnormally due to signal 6.

Inserted: 0
Redundant.progress: 0
Redundant.cache: 0
Redundant.buffer: 0
Hawkeye Victims: 0
LRU Victims: 0
a test for execution

Inserted: 0
Redundant.progress: 0
Redundant.cache: 0
Redundant.buffer: 0
Hawkeye Victims: 0
LRU Victims: 0
 =========================================================== 
Triggers: 2133140
Repeats: 0

Same addr: 779928 36.5624
New addr: 455 0.0213301

Distribution of new addresses: 
Stream Head: 282 61.978
Stream Divergence: 1165313 256113

Invalidation count: 1241001 272747
No Conflict count: 76415 16794.5
Same Stream count: 0 0
New Stream count: 0 0

Not found: 1350522
On Chip Mispredictions: 0
 =========================================================== 
Distribution of predictions: 
Predict Init: 2023164 94.8444
Total Predictions: 2009063
Predict OCI Miss: 5963 0.294736
Predict Stream End: 14101 0.696978
Buffer Success: 0 0
Stride Distribution: 0, 41859, 51106, 46230, 30728, 41124, 46598, 30130, 26174, 199456, 124292, 122314, 92966, 72910, 103638, 84916, 124016, 0, 44160, 0, 58006, 0, 0, 0, 31510, 0, 0, 0, 0, 0, 29302, 0, 24564, 0, 0, 0, 12926, 0, 0, 0, 0, 0, 0, 0, 0, 0, 0, 0, 0, 0, 0, 0, 0, 0, 0, 0, 0, 0, 0, 0, 0, 0, 0, 0, 0, 0, 33, 0, 0, 0, 0, 0, 25097520, 0, 49, 0, 15, 0, 15, 0, 0, 6644585, 1868787317, 1915577714, 1702195557, 7566451, 113, 0, 5073232, 0, 21770912, 0, 0, 0, 5073232, 0, 22329328, 0, 0, 0, 5073232, 0, 22601648, 0, 0, 0, 5165152, 0, 3161681264, 10992, 0, 10992, 25095824, 0, 49, 0, 6, 0, 6, 0, 0, 0, 1919906931, 29541, 48, 0, 49, 0, 
a test for execution

Inserted: 3826582
Redundant.progress: 13236
Redundant.cache: 3561546
Redundant.buffer: 0
[SNIPER] End
[SNIPER] Elapsed time: 1061.09 seconds
