000 (516136.000.000) 05/05 17:13:24 Job submitted from host: <128.83.144.149:44250?addrs=128.83.144.149-44250>
...
009 (516136.000.000) 05/05 17:14:25 Job was aborted by the user.
	via condor_rm (by user ypei)
...
000 (516343.000.000) 05/05 17:15:08 Job submitted from host: <128.83.144.149:44250?addrs=128.83.144.149-44250>
...
009 (516343.000.000) 05/05 17:18:08 Job was aborted by the user.
	via condor_rm (by user ypei)
...
000 (516550.000.000) 05/05 17:18:38 Job submitted from host: <128.83.144.149:44250?addrs=128.83.144.149-44250>
...
009 (516550.000.000) 05/05 17:21:26 Job was aborted by the user.
	via condor_rm (by user ypei)
...
000 (517171.000.000) 05/05 17:22:02 Job submitted from host: <128.83.144.149:44250?addrs=128.83.144.149-44250>
...
001 (517171.000.000) 05/05 17:41:04 Job executing on host: <128.83.120.229:58979?addrs=128.83.120.229-58979>
...
006 (517171.000.000) 05/05 17:41:14 Image size of job updated: 896420
	61  -  MemoryUsage of job (MB)
	61492  -  ResidentSetSize of job (KB)
...
006 (517171.000.000) 05/05 17:46:14 Image size of job updated: 1069136
	108  -  MemoryUsage of job (MB)
	110108  -  ResidentSetSize of job (KB)
...
006 (517171.000.000) 05/05 17:51:14 Image size of job updated: 1069388
	108  -  MemoryUsage of job (MB)
	110380  -  ResidentSetSize of job (KB)
...
006 (517171.000.000) 05/05 17:56:15 Image size of job updated: 1069388
	109  -  MemoryUsage of job (MB)
	110796  -  ResidentSetSize of job (KB)
...
006 (517171.000.000) 05/05 18:01:01 Image size of job updated: 1069392
	109  -  MemoryUsage of job (MB)
	110796  -  ResidentSetSize of job (KB)
...
005 (517171.000.000) 05/05 18:01:01 Job terminated.
	(1) Normal termination (return value 0)
		Usr 0 00:19:34, Sys 0 00:00:13  -  Run Remote Usage
		Usr 0 00:00:00, Sys 0 00:00:00  -  Run Local Usage
		Usr 0 00:19:34, Sys 0 00:00:13  -  Total Remote Usage
		Usr 0 00:00:00, Sys 0 00:00:00  -  Total Local Usage
	0  -  Run Bytes Sent By Job
	0  -  Run Bytes Received By Job
	0  -  Total Bytes Sent By Job
	0  -  Total Bytes Received By Job
	Partitionable Resources :    Usage  Request Allocated
	   Cpus                 :                 1         1
	   Disk (KB)            :        1        1    828961
	   Gpus                 :                           0
	   Memory (MB)          :      109        1     12899
...
000 (382602.000.000) 05/07 03:40:04 Job submitted from host: <128.83.144.155:57685?addrs=128.83.144.155-57685>
...
001 (382602.000.000) 05/07 04:28:12 Job executing on host: <128.83.144.147:58788?addrs=128.83.144.147-58788>
...
006 (382602.000.000) 05/07 04:28:20 Image size of job updated: 1
	2  -  MemoryUsage of job (MB)
	1636  -  ResidentSetSize of job (KB)
...
006 (382602.000.000) 05/07 04:33:20 Image size of job updated: 1069164
	112  -  MemoryUsage of job (MB)
	113952  -  ResidentSetSize of job (KB)
...
006 (382602.000.000) 05/07 04:38:21 Image size of job updated: 1069168
	112  -  MemoryUsage of job (MB)
	114088  -  ResidentSetSize of job (KB)
...
006 (382602.000.000) 05/07 04:43:21 Image size of job updated: 1069168
	121  -  MemoryUsage of job (MB)
	123496  -  ResidentSetSize of job (KB)
...
006 (382602.000.000) 05/07 04:48:21 Image size of job updated: 1069168
	121  -  MemoryUsage of job (MB)
	123856  -  ResidentSetSize of job (KB)
...
006 (382602.000.000) 05/07 04:53:22 Image size of job updated: 1069168
	122  -  MemoryUsage of job (MB)
	123948  -  ResidentSetSize of job (KB)
...
005 (382602.000.000) 05/07 04:57:25 Job terminated.
	(1) Normal termination (return value 0)
		Usr 0 00:28:13, Sys 0 00:00:46  -  Run Remote Usage
		Usr 0 00:00:00, Sys 0 00:00:00  -  Run Local Usage
		Usr 0 00:28:13, Sys 0 00:00:46  -  Total Remote Usage
		Usr 0 00:00:00, Sys 0 00:00:00  -  Total Local Usage
	0  -  Run Bytes Sent By Job
	0  -  Run Bytes Received By Job
	0  -  Total Bytes Sent By Job
	0  -  Total Bytes Received By Job
	Partitionable Resources :    Usage  Request Allocated
	   Cpus                 :                 1         1
	   Disk (KB)            :        1        1   1862088
	   Gpus                 :                           0
	   Memory (MB)          :      122        1     21164
...
000 (518620.000.000) 05/07 13:18:29 Job submitted from host: <128.83.144.149:44250?addrs=128.83.144.149-44250>
...
009 (518620.000.000) 05/07 13:23:36 Job was aborted by the user.
	via condor_rm (by user ypei)
...
000 (518827.000.000) 05/07 13:24:03 Job submitted from host: <128.83.144.149:44250?addrs=128.83.144.149-44250>
...
001 (518827.000.000) 05/07 13:41:41 Job executing on host: <128.83.144.147:58788?addrs=128.83.144.147-58788>
...
006 (518827.000.000) 05/07 13:41:50 Image size of job updated: 1069004
	90  -  MemoryUsage of job (MB)
	91292  -  ResidentSetSize of job (KB)
...
006 (518827.000.000) 05/07 13:46:52 Image size of job updated: 1069416
	108  -  MemoryUsage of job (MB)
	110380  -  ResidentSetSize of job (KB)
...
006 (518827.000.000) 05/07 13:51:52 Image size of job updated: 1069416
	109  -  MemoryUsage of job (MB)
	110696  -  ResidentSetSize of job (KB)
...
006 (518827.000.000) 05/07 13:56:52 Image size of job updated: 1069416
	109  -  MemoryUsage of job (MB)
	111308  -  ResidentSetSize of job (KB)
...
005 (518827.000.000) 05/07 13:57:19 Job terminated.
	(1) Normal termination (return value 0)
		Usr 0 00:15:25, Sys 0 00:00:09  -  Run Remote Usage
		Usr 0 00:00:00, Sys 0 00:00:00  -  Run Local Usage
		Usr 0 00:15:25, Sys 0 00:00:09  -  Total Remote Usage
		Usr 0 00:00:00, Sys 0 00:00:00  -  Total Local Usage
	0  -  Run Bytes Sent By Job
	0  -  Run Bytes Received By Job
	0  -  Total Bytes Sent By Job
	0  -  Total Bytes Received By Job
	Partitionable Resources :    Usage  Request Allocated
	   Cpus                 :                 1         1
	   Disk (KB)            :        1        1   1862075
	   Gpus                 :                           0
	   Memory (MB)          :      109        1     21164
...
000 (519241.000.000) 05/07 14:36:45 Job submitted from host: <128.83.144.149:44250?addrs=128.83.144.149-44250>
...
001 (519241.000.000) 05/07 14:53:31 Job executing on host: <128.83.130.161:35317?addrs=128.83.130.161-35317>
...
006 (519241.000.000) 05/07 14:53:39 Image size of job updated: 1068868
	88  -  MemoryUsage of job (MB)
	89440  -  ResidentSetSize of job (KB)
...
006 (519241.000.000) 05/07 14:58:39 Image size of job updated: 1069028
	109  -  MemoryUsage of job (MB)
	111428  -  ResidentSetSize of job (KB)
...
006 (519241.000.000) 05/07 15:03:39 Image size of job updated: 1069280
	110  -  MemoryUsage of job (MB)
	111732  -  ResidentSetSize of job (KB)
...
006 (519241.000.000) 05/07 15:08:40 Image size of job updated: 1069280
	110  -  MemoryUsage of job (MB)
	112324  -  ResidentSetSize of job (KB)
...
005 (519241.000.000) 05/07 15:09:13 Job terminated.
	(1) Normal termination (return value 0)
		Usr 0 00:15:26, Sys 0 00:00:08  -  Run Remote Usage
		Usr 0 00:00:00, Sys 0 00:00:00  -  Run Local Usage
		Usr 0 00:15:26, Sys 0 00:00:08  -  Total Remote Usage
		Usr 0 00:00:00, Sys 0 00:00:00  -  Total Local Usage
	0  -  Run Bytes Sent By Job
	0  -  Run Bytes Received By Job
	0  -  Total Bytes Sent By Job
	0  -  Total Bytes Received By Job
	Partitionable Resources :    Usage  Request Allocated
	   Cpus                 :                 1         1
	   Disk (KB)            :        1        1   1909593
	   Gpus                 :                           0
	   Memory (MB)          :      110        1     21164
...
000 (383016.000.000) 05/07 20:17:08 Job submitted from host: <128.83.144.155:57685?addrs=128.83.144.155-57685>
...
001 (383016.000.000) 05/07 20:56:29 Job executing on host: <128.83.120.229:58979?addrs=128.83.120.229-58979>
...
006 (383016.000.000) 05/07 20:56:38 Image size of job updated: 2
	2  -  MemoryUsage of job (MB)
	1684  -  ResidentSetSize of job (KB)
...
006 (383016.000.000) 05/07 21:01:39 Image size of job updated: 1069160
	110  -  MemoryUsage of job (MB)
	111732  -  ResidentSetSize of job (KB)
...
006 (383016.000.000) 05/07 21:06:40 Image size of job updated: 1069160
	110  -  MemoryUsage of job (MB)
	112088  -  ResidentSetSize of job (KB)
...
006 (383016.000.000) 05/07 21:11:40 Image size of job updated: 1069164
	110  -  MemoryUsage of job (MB)
	112260  -  ResidentSetSize of job (KB)
...
005 (383016.000.000) 05/07 21:15:30 Job terminated.
	(1) Normal termination (return value 0)
		Usr 0 00:18:16, Sys 0 00:00:20  -  Run Remote Usage
		Usr 0 00:00:00, Sys 0 00:00:00  -  Run Local Usage
		Usr 0 00:18:16, Sys 0 00:00:20  -  Total Remote Usage
		Usr 0 00:00:00, Sys 0 00:00:00  -  Total Local Usage
	0  -  Run Bytes Sent By Job
	0  -  Run Bytes Received By Job
	0  -  Total Bytes Sent By Job
	0  -  Total Bytes Received By Job
	Partitionable Resources :    Usage  Request Allocated
	   Cpus                 :                 1         1
	   Disk (KB)            :        2        2    800002
	   Gpus                 :                           0
	   Memory (MB)          :      110        1     12899
...
000 (384258.000.000) 05/08 05:53:11 Job submitted from host: <128.83.144.155:57685?addrs=128.83.144.155-57685>
...
001 (384258.000.000) 05/08 06:33:34 Job executing on host: <128.83.120.228:59989?addrs=128.83.120.228-59989>
...
006 (384258.000.000) 05/08 06:33:42 Image size of job updated: 1
	2  -  MemoryUsage of job (MB)
	1696  -  ResidentSetSize of job (KB)
...
006 (384258.000.000) 05/08 06:38:42 Image size of job updated: 1069168
	108  -  MemoryUsage of job (MB)
	109576  -  ResidentSetSize of job (KB)
...
006 (384258.000.000) 05/08 06:43:42 Image size of job updated: 1069168
	108  -  MemoryUsage of job (MB)
	109816  -  ResidentSetSize of job (KB)
...
006 (384258.000.000) 05/08 06:48:43 Image size of job updated: 1069168
	108  -  MemoryUsage of job (MB)
	110060  -  ResidentSetSize of job (KB)
...
006 (384258.000.000) 05/08 06:53:43 Image size of job updated: 1069168
	108  -  MemoryUsage of job (MB)
	110444  -  ResidentSetSize of job (KB)
...
005 (384258.000.000) 05/08 06:53:50 Job terminated.
	(1) Normal termination (return value 0)
		Usr 0 00:19:24, Sys 0 00:00:29  -  Run Remote Usage
		Usr 0 00:00:00, Sys 0 00:00:00  -  Run Local Usage
		Usr 0 00:19:24, Sys 0 00:00:29  -  Total Remote Usage
		Usr 0 00:00:00, Sys 0 00:00:00  -  Total Local Usage
	0  -  Run Bytes Sent By Job
	0  -  Run Bytes Received By Job
	0  -  Total Bytes Sent By Job
	0  -  Total Bytes Received By Job
	Partitionable Resources :    Usage  Request Allocated
	   Cpus                 :                 1         1
	   Disk (KB)            :        1        1    781727
	   Gpus                 :                           0
	   Memory (MB)          :      108        1     12899
...
000 (417651.000.000) 05/09 03:37:36 Job submitted from host: <128.83.144.154:52346?addrs=128.83.144.154-52346>
...
001 (417651.000.000) 05/09 04:14:11 Job executing on host: <128.83.144.84:60326?addrs=128.83.144.84-60326>
...
006 (417651.000.000) 05/09 04:14:19 Image size of job updated: 2
	2  -  MemoryUsage of job (MB)
	1640  -  ResidentSetSize of job (KB)
...
006 (417651.000.000) 05/09 04:19:19 Image size of job updated: 1069272
	108  -  MemoryUsage of job (MB)
	110080  -  ResidentSetSize of job (KB)
...
006 (417651.000.000) 05/09 04:24:20 Image size of job updated: 1069272
	108  -  MemoryUsage of job (MB)
	110380  -  ResidentSetSize of job (KB)
...
005 (417651.000.000) 05/09 04:28:30 Job terminated.
	(1) Normal termination (return value 0)
		Usr 0 00:14:00, Sys 0 00:00:07  -  Run Remote Usage
		Usr 0 00:00:00, Sys 0 00:00:00  -  Run Local Usage
		Usr 0 00:14:00, Sys 0 00:00:07  -  Total Remote Usage
		Usr 0 00:00:00, Sys 0 00:00:00  -  Total Local Usage
	0  -  Run Bytes Sent By Job
	0  -  Run Bytes Received By Job
	0  -  Total Bytes Sent By Job
	0  -  Total Bytes Received By Job
	Partitionable Resources :    Usage  Request Allocated
	   Cpus                 :                 1         1
	   Disk (KB)            :        2        2   7541873
	   Gpus                 :                           0
	   Memory (MB)          :      108        1      4027
...
