[SNIPER] Start
Sampler: 4, 32, 0
itlb_cache: 32, 1
itlb_cache_L1: 32, 1
Sampler: 4, 128, 0
dtlb_cache: 128, 4
dtlb_cache_L1: 128, 4
L1-I 2
Sampler: 4, 4, 128
L1-I: 2048, 64
L1-I_L1: 2048, 64
L1-D 3
Sampler: 4, 8, 32
L1-D: 1024, 32
L1-D_L1: 1024, 32
L2 4
Sampler: 122, 16, 16
L2: 32768, 1024
L2_L1: 32768, 1024
Executing Python script /v/filer4b/v20q001/ypei/Desktop/cs395t-lin/output/low_bandwidth/run_all_hybrid_headroom9/xalancbmk/19/sim.scripts.py
[STOPBYICOUNT] Starting in ROI (detail)
[STOPBYICOUNT] Then stopping after simulating at least 250000000 instructions in detail
[SNIPER] --------------------------------------------------------------------------------
[SNIPER] Sniper using SIFT/trace-driven frontend
[SNIPER] Running full application in DETAILED mode
[SNIPER] --------------------------------------------------------------------------------
[SNIPER] Enabling performance models
[SNIPER] Setting instrumentation mode to DETAILED
[app0] excess ruled scorn catch loved approaches lustre business uncleanly winks aesculapius learn use weakness longer ascended broke seem freely point cornwall suspect blown examination running look robbers lodowick spend preventions through loser wench surfeits cause chosen grave heels eleven pardon heat entire thrall solemnity mingled wasteful syria birthright hopes enactures ten sav englishmen fail motion sum obscured valued common between creep tremblingly rogue marching meantime esteemed tongues calls deposing part persuaded dine grace resolv opportunities wounded
[app0] <p>Encrypted Version</p>
[app0] dednuow seitinutroppo vloser ecarg enid dedausrep trap gnisoped sllac seugnot demeetse emitnaem gnihcram eugor ylgnilbmert peerc neewteb nommoc deulav derucsbo mus noitom liaf nemhsilgne vas net serutcane sepoh thgirhtrib airys lufetsaw delgnim ytinmelos llarht eritne taeh nodrap nevele sleeh evarg nesohc esuac stiefrus hcnew resol hguorht snoitneverp dneps kciwodol srebbor kool gninnur noitanimaxe nwolb tcepsus llawnroc tniop yleerf mees ekorb dednecsa regnol ssenkaew esu nrael suipalucsea skniw ylnaelcnu ssenisub ertsul sehcaorppa devol hctac nrocs delur ssecxe yfingis stnavres deredrum gnilaed ffup autnam sdlareh ytinigriv meetse emor gnikat tcefed tnes tsap rotiart ellivagnol sopxe tsdid nrow selimis dleg gnorw rohtua sliar regnessem yltsenrae neves sliven hcaeppa stegrof elod rrits snaem ylper gnipeew ycnaf txen sraef hctac snialliv mlaer sthgirhtrib htxis legduc tsegid seitinutroppo lufhtiaf sdael strof reeb noitatisiv tpa snigriv hsimelb don lufepoh nwolb dlob slewej gniklat ecneht tnioppa yub notrom gniyal detroper yhtapmys esoper ybgur tnedifnoc retteb esoprup oemor sretsis dniheb dratsab gnidnats syob ruo nroc etah gnihtyreve yolc tnaw etaidemmi stis sseldraeb nevaeh sreffo eostahw elbaritnu niev snos ytilatipsoh tenegatnalp ecarg erofereht tlef gnillems sgniht gru ylohcnalem hceeps seno ybsetac serugif nosaer dnemmoc srevnoc tnanetueil snialliv mde kroy yhw ecalap demoid sdnah erow detniat lotsip dnalgne gnivol dedneb desuba swalc succa sehca nosaer layol ppots dniknam ppihw allebasi dediovanu bmal feihcsim yleerf deniadro snoitneverp kcas dnetta tirips modgnik eroda staeb etartsnomed hplus tlig gnitsaef lever elremua hserf noitpmuserp lennahc tpyge esrevda seerced knip worran eulb tnalleppa xaja sehceeps ssedrehpehs sthguard tnemesihcnarfne toh yteipmi sgnap etiteppa erew repsorp lows swad eparg hcamots regnessem nrowsrof drawde sfeirg gnirb lerappa sreffoc ssenideerg trew kcaj sitamard nayort harrihc eeht gnidnats dexif enna dnof dellorne sdeen lioc nevird dedneffo sregnessem otnu sehcuova yllub rab feirg hcir sesor nialrebmahc esihcnarfne egassabme niartsnoc enorht ecivres oitucrem devas hctapsid spac spahc esol tnemhsilbats rehserf liah snosaer rasahtlab noil larutannu noihclaf stsaef ggeb moor wels orrav reruomra tesrod wols enin tes gnitoof yaw gniyd dnals sthguard gnieb nodnol noitalpmetnoc sniol gniylf skeerg rehtihw detiefrus resruoc sessik muroced syats revod ydleiwnu dnif noitalosed sneeuq etanoissap gniraew reehc eldi sselewa ehtel tselb ram krah wehpen evislupmoc tnemegduj tsomla niatrec autnagrag ordep htiw ynitsed snoitneverp medaid sevrac ngier relgnarts revocsid tsefeihc ordep gnitnemmoc snoitneverp ecnamrofrep cigam sknihtem lausunu smeet yrros nmednoc kciwraw swonk rev siht eci gniruovaf tirips sknihtem nona eciffus devoleb nrows enicidem enog drocer slraep eruzies noserohw detcejed pac anorev worros seidal ylrennam taerg evorper tsur desiar mrofrep tseriaf dia sexof
[app0] <br>
[app0] <br>
[app0] </td><td>Will ship internationally, See description for charges</td><td>
[app0] <p>
[app0] <b>To: </b>KayLiang Rudmik <a href="mailto:Rudmik@auc.dk">Rudmik@auc.dk</a>
[app0] <br>
[app0] <b>From: </b>Xianging Yand <a href="mailto:Yand@prc.com">Yand@prc.com</a>
[app0] <br>
[app0] <b>Date: </b>04/06/2000<br>
[app0] <b>Note: </b>
[app0] <br>
[STOPBYICOUNT] Ending ROI after 250000002 instructions (250000000 requested)
[SNIPER] Disabling performance models
[SNIPER] Leaving ROI after 733.81 seconds
[SNIPER] Simulated 250.0M instructions, 137.3M cycles, 1.82 IPC
[SNIPER] Simulation speed 340.7 KIPS (340.7 KIPS / target core - 2935.3ns/instr)
[SNIPER] Setting instrumentation mode to FAST_FORWARD
[app0] sleep that train faulconbridge pregnant throat calmly peeping lately banished thing little doct purposes fourteen shuts cried fits hands rank capon reaping basket yea requires fatal full swoon needle scion diomed grows temper authority[SIFT_RECORDER] sift_writer.cc:550: Sift::Mode Sift::Writer::Sync(): Assertion `!response->fail()' failed.
Hawkeye Victims: 0
LRU Victims: 0
Hawkeye Victims: 0
LRU Victims: 0
Hawkeye Victims: 0
LRU Victims: 0
a test for execution

Inserted: 0
Redundant.progress: 0
Redundant.cache: 0
Redundant.buffer: 0
Hawkeye Victims: 0
LRU Victims: 0
a test for execution

Inserted: 0
Redundant.progress: 0
Redundant.cache: 0
Redundant.buffer: 0
Hawkeye Victims: 0
LRU Victims: 0
 =========================================================== 
Triggers: 3090360
Repeats: 0

Same addr: 1720860 55.6848
New addr: 1135 0.0367271

Distribution of new addresses: 
Stream Head: 542 47.7533
Stream Divergence: 839818 73992.8

Invalidation count: 1055028 92954
No Conflict count: 217555 19167.8
Same Stream count: 0 0
New Stream count: 0 0

Not found: 1218765
On Chip Mispredictions: 0
 =========================================================== 
Distribution of predictions: 
Predict Init: 2925488 94.665
Total Predictions: 2708730
Predict OCI Miss: 174937 5.97975
Predict Stream End: 216758 7.40929
Buffer Success: 0 0
[app0] Pin app terminated abnormally due to signal 6.
Stride Distribution: 0, 236393, 0, 4094, 4600, 0, 0, 0, 0, 130318, 290766, 360318, 207598, 195224, 266570, 225032, 121532, 0, 98164, 0, 142968, 0, 0, 0, 116794, 0, 0, 0, 0, 0, 66838, 0, 20746, 0, 0, 0, 36892, 0, 0, 0, 22816, 0, 0, 0, 0, 0, 0, 0, 0, 0, 0, 0, 0, 0, 0, 0, 0, 0, 0, 0, 0, 0, 0, 0, 0, 0, 33, 0, 0, 0, 0, 0, 21312848, 0, 49, 0, 15, 0, 15, 0, 0, 6644585, 1868787317, 1915577714, 1702195557, 7566451, 113, 0, 5073232, 0, 17986240, 0, 0, 0, 5073232, 0, 18544656, 0, 0, 0, 5073232, 0, 18816976, 0, 0, 0, 5165152, 0, 1524776304, 10937, 0, 10937, 21311152, 0, 49, 0, 6, 0, 6, 0, 0, 0, 1919906931, 29541, 48, 0, 49, 0, 
a test for execution

Inserted: 3745526
Redundant.progress: 1373
Redundant.cache: 3711522
Redundant.buffer: 0
[SNIPER] End
[SNIPER] Elapsed time: 737.89 seconds
