000 (516148.000.000) 05/05 17:13:25 Job submitted from host: <128.83.144.149:44250?addrs=128.83.144.149-44250>
...
009 (516148.000.000) 05/05 17:14:25 Job was aborted by the user.
	via condor_rm (by user ypei)
...
000 (516355.000.000) 05/05 17:15:09 Job submitted from host: <128.83.144.149:44250?addrs=128.83.144.149-44250>
...
009 (516355.000.000) 05/05 17:18:08 Job was aborted by the user.
	via condor_rm (by user ypei)
...
000 (516562.000.000) 05/05 17:18:39 Job submitted from host: <128.83.144.149:44250?addrs=128.83.144.149-44250>
...
009 (516562.000.000) 05/05 17:21:25 Job was aborted by the user.
	via condor_rm (by user ypei)
...
000 (517183.000.000) 05/05 17:22:03 Job submitted from host: <128.83.144.149:44250?addrs=128.83.144.149-44250>
...
001 (517183.000.000) 05/05 17:41:32 Job executing on host: <128.83.120.229:58979?addrs=128.83.120.229-58979>
...
006 (517183.000.000) 05/05 17:41:40 Image size of job updated: 997960
	59  -  MemoryUsage of job (MB)
	60340  -  ResidentSetSize of job (KB)
...
006 (517183.000.000) 05/05 17:46:40 Image size of job updated: 1176296
	166  -  MemoryUsage of job (MB)
	169164  -  ResidentSetSize of job (KB)
...
006 (517183.000.000) 05/05 17:51:40 Image size of job updated: 1177088
	203  -  MemoryUsage of job (MB)
	207444  -  ResidentSetSize of job (KB)
...
006 (517183.000.000) 05/05 17:56:41 Image size of job updated: 1180076
	244  -  MemoryUsage of job (MB)
	249508  -  ResidentSetSize of job (KB)
...
006 (517183.000.000) 05/05 18:00:01 Image size of job updated: 1246008
	244  -  MemoryUsage of job (MB)
	249508  -  ResidentSetSize of job (KB)
...
005 (517183.000.000) 05/05 18:00:01 Job terminated.
	(1) Normal termination (return value 0)
		Usr 0 00:18:02, Sys 0 00:00:14  -  Run Remote Usage
		Usr 0 00:00:00, Sys 0 00:00:00  -  Run Local Usage
		Usr 0 00:18:02, Sys 0 00:00:14  -  Total Remote Usage
		Usr 0 00:00:00, Sys 0 00:00:00  -  Total Local Usage
	0  -  Run Bytes Sent By Job
	0  -  Run Bytes Received By Job
	0  -  Total Bytes Sent By Job
	0  -  Total Bytes Received By Job
	Partitionable Resources :    Usage  Request Allocated
	   Cpus                 :                 1         1
	   Disk (KB)            :        2        2    828969
	   Gpus                 :                           0
	   Memory (MB)          :      244        1     12899
...
000 (382614.000.000) 05/07 03:40:05 Job submitted from host: <128.83.144.155:57685?addrs=128.83.144.155-57685>
...
001 (382614.000.000) 05/07 04:29:55 Job executing on host: <128.83.144.112:35333?addrs=128.83.144.112-35333>
...
006 (382614.000.000) 05/07 04:30:03 Image size of job updated: 340624
	22  -  MemoryUsage of job (MB)
	21572  -  ResidentSetSize of job (KB)
...
006 (382614.000.000) 05/07 04:35:03 Image size of job updated: 1176324
	161  -  MemoryUsage of job (MB)
	164224  -  ResidentSetSize of job (KB)
...
006 (382614.000.000) 05/07 04:40:04 Image size of job updated: 1176868
	197  -  MemoryUsage of job (MB)
	201396  -  ResidentSetSize of job (KB)
...
006 (382614.000.000) 05/07 04:45:05 Image size of job updated: 1176868
	204  -  MemoryUsage of job (MB)
	208880  -  ResidentSetSize of job (KB)
...
006 (382614.000.000) 05/07 04:50:05 Image size of job updated: 1180252
	255  -  MemoryUsage of job (MB)
	260608  -  ResidentSetSize of job (KB)
...
006 (382614.000.000) 05/07 04:52:01 Image size of job updated: 1245788
	255  -  MemoryUsage of job (MB)
	260608  -  ResidentSetSize of job (KB)
...
005 (382614.000.000) 05/07 04:52:01 Job terminated.
	(1) Normal termination (return value 0)
		Usr 0 00:21:27, Sys 0 00:00:29  -  Run Remote Usage
		Usr 0 00:00:00, Sys 0 00:00:00  -  Run Local Usage
		Usr 0 00:21:27, Sys 0 00:00:29  -  Total Remote Usage
		Usr 0 00:00:00, Sys 0 00:00:00  -  Total Local Usage
	0  -  Run Bytes Sent By Job
	0  -  Run Bytes Received By Job
	0  -  Total Bytes Sent By Job
	0  -  Total Bytes Received By Job
	Partitionable Resources :    Usage  Request Allocated
	   Cpus                 :                 1         1
	   Disk (KB)            :        2        2    803075
	   Gpus                 :                           0
	   Memory (MB)          :      255        1     12899
...
000 (518632.000.000) 05/07 13:18:30 Job submitted from host: <128.83.144.149:44250?addrs=128.83.144.149-44250>
...
009 (518632.000.000) 05/07 13:23:36 Job was aborted by the user.
	via condor_rm (by user ypei)
...
000 (518839.000.000) 05/07 13:24:04 Job submitted from host: <128.83.144.149:44250?addrs=128.83.144.149-44250>
...
001 (518839.000.000) 05/07 13:42:58 Job executing on host: <128.83.139.149:35296?addrs=128.83.139.149-35296>
...
006 (518839.000.000) 05/07 13:43:07 Image size of job updated: 1011920
	67  -  MemoryUsage of job (MB)
	67660  -  ResidentSetSize of job (KB)
...
006 (518839.000.000) 05/07 13:48:07 Image size of job updated: 1176328
	173  -  MemoryUsage of job (MB)
	176140  -  ResidentSetSize of job (KB)
...
006 (518839.000.000) 05/07 13:53:07 Image size of job updated: 1176892
	202  -  MemoryUsage of job (MB)
	206016  -  ResidentSetSize of job (KB)
...
006 (518839.000.000) 05/07 13:58:08 Image size of job updated: 1180276
	253  -  MemoryUsage of job (MB)
	258988  -  ResidentSetSize of job (KB)
...
005 (518839.000.000) 05/07 14:00:15 Job terminated.
	(1) Normal termination (return value 0)
		Usr 0 00:16:45, Sys 0 00:00:15  -  Run Remote Usage
		Usr 0 00:00:00, Sys 0 00:00:00  -  Run Local Usage
		Usr 0 00:16:45, Sys 0 00:00:15  -  Total Remote Usage
		Usr 0 00:00:00, Sys 0 00:00:00  -  Total Local Usage
	0  -  Run Bytes Sent By Job
	0  -  Run Bytes Received By Job
	0  -  Total Bytes Sent By Job
	0  -  Total Bytes Received By Job
	Partitionable Resources :    Usage  Request Allocated
	   Cpus                 :                 1         1
	   Disk (KB)            :        2        2   7530434
	   Gpus                 :                           0
	   Memory (MB)          :      253        1      4027
...
000 (519253.000.000) 05/07 14:36:46 Job submitted from host: <128.83.144.149:44250?addrs=128.83.144.149-44250>
...
001 (519253.000.000) 05/07 14:54:49 Job executing on host: <128.83.144.13:57145?addrs=128.83.144.13-57145>
...
006 (519253.000.000) 05/07 14:54:58 Image size of job updated: 1176160
	92  -  MemoryUsage of job (MB)
	93568  -  ResidentSetSize of job (KB)
...
006 (519253.000.000) 05/07 14:59:59 Image size of job updated: 1176324
	144  -  MemoryUsage of job (MB)
	146896  -  ResidentSetSize of job (KB)
...
006 (519253.000.000) 05/07 15:04:59 Image size of job updated: 1176328
	179  -  MemoryUsage of job (MB)
	183288  -  ResidentSetSize of job (KB)
...
006 (519253.000.000) 05/07 15:09:59 Image size of job updated: 1176868
	196  -  MemoryUsage of job (MB)
	200704  -  ResidentSetSize of job (KB)
...
006 (519253.000.000) 05/07 15:15:00 Image size of job updated: 1176868
	200  -  MemoryUsage of job (MB)
	203868  -  ResidentSetSize of job (KB)
...
006 (519253.000.000) 05/07 15:20:01 Image size of job updated: 1179916
	236  -  MemoryUsage of job (MB)
	240744  -  ResidentSetSize of job (KB)
...
006 (519253.000.000) 05/07 15:25:01 Image size of job updated: 1180252
	257  -  MemoryUsage of job (MB)
	263136  -  ResidentSetSize of job (KB)
...
005 (519253.000.000) 05/07 15:25:29 Job terminated.
	(1) Normal termination (return value 0)
		Usr 0 00:30:01, Sys 0 00:00:47  -  Run Remote Usage
		Usr 0 00:00:00, Sys 0 00:00:00  -  Run Local Usage
		Usr 0 00:30:01, Sys 0 00:00:47  -  Total Remote Usage
		Usr 0 00:00:00, Sys 0 00:00:00  -  Total Local Usage
	0  -  Run Bytes Sent By Job
	0  -  Run Bytes Received By Job
	0  -  Total Bytes Sent By Job
	0  -  Total Bytes Received By Job
	Partitionable Resources :    Usage  Request Allocated
	   Cpus                 :                 1         1
	   Disk (KB)            :        2        2    796982
	   Gpus                 :                           0
	   Memory (MB)          :      257        1     12899
...
000 (383028.000.000) 05/07 20:17:09 Job submitted from host: <128.83.144.155:57685?addrs=128.83.144.155-57685>
...
001 (383028.000.000) 05/07 20:59:46 Job executing on host: <128.83.120.231:41298?addrs=128.83.120.231-41298>
...
006 (383028.000.000) 05/07 20:59:54 Image size of job updated: 2
	2  -  MemoryUsage of job (MB)
	1696  -  ResidentSetSize of job (KB)
...
006 (383028.000.000) 05/07 21:04:54 Image size of job updated: 1176184
	169  -  MemoryUsage of job (MB)
	172428  -  ResidentSetSize of job (KB)
...
006 (383028.000.000) 05/07 21:09:55 Image size of job updated: 1176732
	200  -  MemoryUsage of job (MB)
	204636  -  ResidentSetSize of job (KB)
...
006 (383028.000.000) 05/07 21:14:56 Image size of job updated: 1179776
	241  -  MemoryUsage of job (MB)
	246096  -  ResidentSetSize of job (KB)
...
006 (383028.000.000) 05/07 21:17:56 Image size of job updated: 1180116
	241  -  MemoryUsage of job (MB)
	246096  -  ResidentSetSize of job (KB)
...
005 (383028.000.000) 05/07 21:17:56 Job terminated.
	(1) Normal termination (return value 0)
		Usr 0 00:17:30, Sys 0 00:00:20  -  Run Remote Usage
		Usr 0 00:00:00, Sys 0 00:00:00  -  Run Local Usage
		Usr 0 00:17:30, Sys 0 00:00:20  -  Total Remote Usage
		Usr 0 00:00:00, Sys 0 00:00:00  -  Total Local Usage
	0  -  Run Bytes Sent By Job
	0  -  Run Bytes Received By Job
	0  -  Total Bytes Sent By Job
	0  -  Total Bytes Received By Job
	Partitionable Resources :    Usage  Request Allocated
	   Cpus                 :                 1         1
	   Disk (KB)            :        2        2    786301
	   Gpus                 :                           0
	   Memory (MB)          :      241        1     12899
...
000 (384270.000.000) 05/08 05:53:12 Job submitted from host: <128.83.144.155:57685?addrs=128.83.144.155-57685>
...
001 (384270.000.000) 05/08 06:35:36 Job executing on host: <128.83.120.75:40005?addrs=128.83.120.75-40005>
...
006 (384270.000.000) 05/08 06:35:45 Image size of job updated: 997832
	59  -  MemoryUsage of job (MB)
	60264  -  ResidentSetSize of job (KB)
...
006 (384270.000.000) 05/08 06:40:46 Image size of job updated: 1176324
	178  -  MemoryUsage of job (MB)
	182084  -  ResidentSetSize of job (KB)
...
006 (384270.000.000) 05/08 06:45:47 Image size of job updated: 1176864
	201  -  MemoryUsage of job (MB)
	205288  -  ResidentSetSize of job (KB)
...
006 (384270.000.000) 05/08 06:50:47 Image size of job updated: 1180252
	254  -  MemoryUsage of job (MB)
	259604  -  ResidentSetSize of job (KB)
...
005 (384270.000.000) 05/08 06:52:07 Job terminated.
	(1) Normal termination (return value 0)
		Usr 0 00:15:49, Sys 0 00:00:21  -  Run Remote Usage
		Usr 0 00:00:00, Sys 0 00:00:00  -  Run Local Usage
		Usr 0 00:15:49, Sys 0 00:00:21  -  Total Remote Usage
		Usr 0 00:00:00, Sys 0 00:00:00  -  Total Local Usage
	0  -  Run Bytes Sent By Job
	0  -  Run Bytes Received By Job
	0  -  Total Bytes Sent By Job
	0  -  Total Bytes Received By Job
	Partitionable Resources :    Usage  Request Allocated
	   Cpus                 :                 1         1
	   Disk (KB)            :        2        2   8812332
	   Gpus                 :                           0
	   Memory (MB)          :      254        1      4028
...
000 (417663.000.000) 05/09 03:37:37 Job submitted from host: <128.83.144.154:52346?addrs=128.83.144.154-52346>
...
001 (417663.000.000) 05/09 04:15:37 Job executing on host: <128.83.139.143:55125?addrs=128.83.139.143-55125>
...
006 (417663.000.000) 05/09 04:15:46 Image size of job updated: 1011780
	67  -  MemoryUsage of job (MB)
	67664  -  ResidentSetSize of job (KB)
...
006 (417663.000.000) 05/09 04:20:47 Image size of job updated: 1176188
	184  -  MemoryUsage of job (MB)
	187804  -  ResidentSetSize of job (KB)
...
006 (417663.000.000) 05/09 04:25:47 Image size of job updated: 1179980
	231  -  MemoryUsage of job (MB)
	235552  -  ResidentSetSize of job (KB)
...
006 (417663.000.000) 05/09 04:27:56 Image size of job updated: 1180388
	231  -  MemoryUsage of job (MB)
	235552  -  ResidentSetSize of job (KB)
...
005 (417663.000.000) 05/09 04:27:56 Job terminated.
	(1) Normal termination (return value 0)
		Usr 0 00:11:57, Sys 0 00:00:08  -  Run Remote Usage
		Usr 0 00:00:00, Sys 0 00:00:00  -  Run Local Usage
		Usr 0 00:11:57, Sys 0 00:00:08  -  Total Remote Usage
		Usr 0 00:00:00, Sys 0 00:00:00  -  Total Local Usage
	0  -  Run Bytes Sent By Job
	0  -  Run Bytes Received By Job
	0  -  Total Bytes Sent By Job
	0  -  Total Bytes Received By Job
	Partitionable Resources :    Usage  Request Allocated
	   Cpus                 :                 1         1
	   Disk (KB)            :        2        2   7539964
	   Gpus                 :                           0
	   Memory (MB)          :      231        1      4027
...
