000 (516136.000.000) 05/05 17:13:24 Job submitted from host: <128.83.144.149:44250?addrs=128.83.144.149-44250>
...
009 (516136.000.000) 05/05 17:14:25 Job was aborted by the user.
	via condor_rm (by user ypei)
...
000 (516343.000.000) 05/05 17:15:08 Job submitted from host: <128.83.144.149:44250?addrs=128.83.144.149-44250>
...
009 (516343.000.000) 05/05 17:18:08 Job was aborted by the user.
	via condor_rm (by user ypei)
...
000 (516550.000.000) 05/05 17:18:38 Job submitted from host: <128.83.144.149:44250?addrs=128.83.144.149-44250>
...
009 (516550.000.000) 05/05 17:21:26 Job was aborted by the user.
	via condor_rm (by user ypei)
...
000 (517171.000.000) 05/05 17:22:02 Job submitted from host: <128.83.144.149:44250?addrs=128.83.144.149-44250>
...
001 (517171.000.000) 05/05 17:41:04 Job executing on host: <128.83.120.229:58979?addrs=128.83.120.229-58979>
...
006 (517171.000.000) 05/05 17:41:14 Image size of job updated: 896420
	61  -  MemoryUsage of job (MB)
	61492  -  ResidentSetSize of job (KB)
...
006 (517171.000.000) 05/05 17:46:14 Image size of job updated: 1069136
	108  -  MemoryUsage of job (MB)
	110108  -  ResidentSetSize of job (KB)
...
006 (517171.000.000) 05/05 17:51:14 Image size of job updated: 1069388
	108  -  MemoryUsage of job (MB)
	110380  -  ResidentSetSize of job (KB)
...
006 (517171.000.000) 05/05 17:56:15 Image size of job updated: 1069388
	109  -  MemoryUsage of job (MB)
	110796  -  ResidentSetSize of job (KB)
...
006 (517171.000.000) 05/05 18:01:01 Image size of job updated: 1069392
	109  -  MemoryUsage of job (MB)
	110796  -  ResidentSetSize of job (KB)
...
005 (517171.000.000) 05/05 18:01:01 Job terminated.
	(1) Normal termination (return value 0)
		Usr 0 00:19:34, Sys 0 00:00:13  -  Run Remote Usage
		Usr 0 00:00:00, Sys 0 00:00:00  -  Run Local Usage
		Usr 0 00:19:34, Sys 0 00:00:13  -  Total Remote Usage
		Usr 0 00:00:00, Sys 0 00:00:00  -  Total Local Usage
	0  -  Run Bytes Sent By Job
	0  -  Run Bytes Received By Job
	0  -  Total Bytes Sent By Job
	0  -  Total Bytes Received By Job
	Partitionable Resources :    Usage  Request Allocated
	   Cpus                 :                 1         1
	   Disk (KB)            :        1        1    828961
	   Gpus                 :                           0
	   Memory (MB)          :      109        1     12899
...
000 (518206.000.000) 05/06 21:33:20 Job submitted from host: <128.83.144.149:44250?addrs=128.83.144.149-44250>
...
009 (518206.000.000) 05/06 21:33:42 Job was aborted by the user.
	via condor_rm (by user ypei)
...
000 (518413.000.000) 05/06 21:34:28 Job submitted from host: <128.83.144.149:44250?addrs=128.83.144.149-44250>
...
001 (518413.000.000) 05/06 21:57:52 Job executing on host: <128.83.139.6:57138?addrs=128.83.139.6-57138>
...
006 (518413.000.000) 05/06 21:58:01 Image size of job updated: 1068876
	87  -  MemoryUsage of job (MB)
	88420  -  ResidentSetSize of job (KB)
...
006 (518413.000.000) 05/06 22:03:03 Image size of job updated: 1069028
	108  -  MemoryUsage of job (MB)
	109772  -  ResidentSetSize of job (KB)
...
006 (518413.000.000) 05/06 22:08:03 Image size of job updated: 1069028
	108  -  MemoryUsage of job (MB)
	110104  -  ResidentSetSize of job (KB)
...
006 (518413.000.000) 05/06 22:13:03 Image size of job updated: 1069028
	108  -  MemoryUsage of job (MB)
	110228  -  ResidentSetSize of job (KB)
...
006 (518413.000.000) 05/06 22:18:04 Image size of job updated: 1069028
	108  -  MemoryUsage of job (MB)
	110340  -  ResidentSetSize of job (KB)
...
006 (518413.000.000) 05/06 22:23:05 Image size of job updated: 1069028
	109  -  MemoryUsage of job (MB)
	110660  -  ResidentSetSize of job (KB)
...
005 (518413.000.000) 05/06 22:24:09 Job terminated.
	(1) Normal termination (return value 0)
		Usr 0 00:25:18, Sys 0 00:00:46  -  Run Remote Usage
		Usr 0 00:00:00, Sys 0 00:00:00  -  Run Local Usage
		Usr 0 00:25:18, Sys 0 00:00:46  -  Total Remote Usage
		Usr 0 00:00:00, Sys 0 00:00:00  -  Total Local Usage
	0  -  Run Bytes Sent By Job
	0  -  Run Bytes Received By Job
	0  -  Total Bytes Sent By Job
	0  -  Total Bytes Received By Job
	Partitionable Resources :    Usage  Request Allocated
	   Cpus                 :                 1         1
	   Disk (KB)            :        1        1   1661816
	   Gpus                 :                           0
	   Memory (MB)          :      109        1     12899
...
000 (381981.000.000) 05/07 00:29:14 Job submitted from host: <128.83.144.155:57685?addrs=128.83.144.155-57685>
...
001 (381981.000.000) 05/07 00:49:45 Job executing on host: <128.83.139.15:46714?addrs=128.83.139.15-46714>
...
006 (381981.000.000) 05/07 00:49:54 Image size of job updated: 892292
	59  -  MemoryUsage of job (MB)
	59648  -  ResidentSetSize of job (KB)
...
006 (381981.000.000) 05/07 00:54:55 Image size of job updated: 1069024
	110  -  MemoryUsage of job (MB)
	111944  -  ResidentSetSize of job (KB)
...
006 (381981.000.000) 05/07 00:59:55 Image size of job updated: 1069028
	118  -  MemoryUsage of job (MB)
	119992  -  ResidentSetSize of job (KB)
...
006 (381981.000.000) 05/07 01:04:55 Image size of job updated: 1069028
	118  -  MemoryUsage of job (MB)
	120160  -  ResidentSetSize of job (KB)
...
006 (381981.000.000) 05/07 01:09:57 Image size of job updated: 1069280
	118  -  MemoryUsage of job (MB)
	120640  -  ResidentSetSize of job (KB)
...
005 (381981.000.000) 05/07 01:13:10 Job terminated.
	(1) Normal termination (return value 0)
		Usr 0 00:22:51, Sys 0 00:00:23  -  Run Remote Usage
		Usr 0 00:00:00, Sys 0 00:00:00  -  Run Local Usage
		Usr 0 00:22:51, Sys 0 00:00:23  -  Total Remote Usage
		Usr 0 00:00:00, Sys 0 00:00:00  -  Total Local Usage
	0  -  Run Bytes Sent By Job
	0  -  Run Bytes Received By Job
	0  -  Total Bytes Sent By Job
	0  -  Total Bytes Received By Job
	Partitionable Resources :    Usage  Request Allocated
	   Cpus                 :                 1         1
	   Disk (KB)            :        1        1   1672476
	   Gpus                 :                           0
	   Memory (MB)          :      118        1     12899
...
