[SNIPER] Start
Sampler: 4, 32, 0
itlb_cache: 32, 1
itlb_cache_L1: 32, 1
Sampler: 4, 128, 0
dtlb_cache: 128, 4
dtlb_cache_L1: 128, 4
L1-I 2
Sampler: 4, 4, 128
L1-I: 2048, 64
L1-I_L1: 2048, 64
L1-D 3
Sampler: 4, 8, 32
L1-D: 1024, 32
L1-D_L1: 1024, 32
L2 4
Sampler: 122, 16, 16
L2: 32768, 1024
L2_L1: 32768, 1024
Executing Python script /v/filer4b/v20q001/ypei/Desktop/cs395t-lin/output/low_bandwidth/run_all_hybrid_headroom9/bzip2/14/sim.scripts.py
[STOPBYICOUNT] Starting in ROI (detail)
[STOPBYICOUNT] Then stopping after simulating at least 250000000 instructions in detail
[SNIPER] --------------------------------------------------------------------------------
[SNIPER] Sniper using SIFT/trace-driven frontend
[SNIPER] Running full application in DETAILED mode
[SNIPER] --------------------------------------------------------------------------------
[SNIPER] Enabling performance models
[SNIPER] Setting instrumentation mode to DETAILED
[STOPBYICOUNT] Ending ROI after 250000004 instructions (250000000 requested)
[SNIPER] Disabling performance models
[SNIPER] Leaving ROI after 1023.83 seconds
[SNIPER] Simulated 250.0M instructions, 217.8M cycles, 1.15 IPC
[SNIPER] Simulation speed 244.2 KIPS (244.2 KIPS / target core - 4095.4ns/instr)
[SNIPER] Setting instrumentation mode to FAST_FORWARD
[app0] [SIFT_RECORDER] sift_writer.cc:550: Sift::Mode Sift::Writer::Sync(): Assertion `!response->fail()' failed.
[app0] Pin app terminated abnormally due to signal 6.
Hawkeye Victims: 0
LRU Victims: 0
Hawkeye Victims: 0
LRU Victims: 0
Hawkeye Victims: 0
LRU Victims: 0
a test for execution

Inserted: 0
Redundant.progress: 0
Redundant.cache: 0
Redundant.buffer: 0
Hawkeye Victims: 0
LRU Victims: 0
a test for execution

Inserted: 0
Redundant.progress: 0
Redundant.cache: 0
Redundant.buffer: 0
Hawkeye Victims: 0
LRU Victims: 0
 =========================================================== 
Triggers: 1647198
Repeats: 0

Same addr: 1076964 65.3816
New addr: 264 0.0160272

Distribution of new addresses: 
Stream Head: 193 73.1061
Stream Divergence: 436714 165422

Invalidation count: 480390 181966
No Conflict count: 44529 16867
Same Stream count: 0 0
New Stream count: 0 0

Not found: 567599
On Chip Mispredictions: 0
 =========================================================== 
Distribution of predictions: 
Predict Init: 1559725 94.6896
Total Predictions: 1548350
Predict OCI Miss: 6252 0.40084
Predict Stream End: 11375 0.729295
Buffer Success: 0 0
Stride Distribution: 0, 143657, 27600, 20838, 32200, 22218, 32200, 13800, 4600, 42596, 27600, 31096, 13800, 46000, 17112, 30728, 86664, 0, 24840, 0, 44896, 0, 0, 0, 22816, 0, 0, 0, 0, 0, 26128, 0, 38272, 0, 0, 0, 30360, 0, 0, 0, 27600, 0, 0, 0, 0, 0, 0, 0, 0, 0, 0, 0, 0, 0, 0, 0, 0, 0, 0, 0, 0, 0, 0, 0, 0, 0, 33, 0, 0, 0, 0, 0, 41809200, 0, 49, 0, 15, 0, 15, 0, 0, 6644585, 1868787317, 1915577714, 1702195557, 7566451, 113, 0, 5073232, 0, 38482592, 0, 0, 0, 5073232, 0, 39041008, 0, 0, 0, 5073232, 0, 39313328, 0, 0, 0, 5165152, 0, 714665328, 10948, 0, 10948, 41807504, 0, 49, 0, 6, 0, 6, 0, 0, 0, 1919906931, 29541, 48, 0, 49, 0, 
a test for execution

Inserted: 2236922
Redundant.progress: 10100
Redundant.cache: 2045217
Redundant.buffer: 0
[SNIPER] End
[SNIPER] Elapsed time: 1026.60 seconds
