000 (516012.000.000) 05/05 17:13:12 Job submitted from host: <128.83.144.149:44250?addrs=128.83.144.149-44250>
...
001 (516012.000.000) 05/05 17:13:34 Job executing on host: <128.83.120.250:59851?addrs=128.83.120.250-59851>
...
006 (516012.000.000) 05/05 17:13:42 Image size of job updated: 119236
	11  -  MemoryUsage of job (MB)
	10284  -  ResidentSetSize of job (KB)
...
006 (516012.000.000) 05/05 17:14:25 Image size of job updated: 2457784
	11  -  MemoryUsage of job (MB)
	10284  -  ResidentSetSize of job (KB)
...
004 (516012.000.000) 05/05 17:14:25 Job was evicted.
	(0) Job was not checkpointed.
		Usr 0 00:00:00, Sys 0 00:00:00  -  Run Remote Usage
		Usr 0 00:00:00, Sys 0 00:00:00  -  Run Local Usage
	0  -  Run Bytes Sent By Job
	0  -  Run Bytes Received By Job
	Partitionable Resources :    Usage  Request Allocated
	   Cpus                 :                 1         1
	   Disk (KB)            :        1        1    815266
	   Gpus                 :                           0
	   Memory (MB)          :       11        1     12899
...
009 (516012.000.000) 05/05 17:14:26 Job was aborted by the user.
	via condor_rm (by user ypei)
...
000 (516237.000.000) 05/05 17:14:54 Job submitted from host: <128.83.144.149:44250?addrs=128.83.144.149-44250>
...
001 (516237.000.000) 05/05 17:15:03 Job executing on host: <128.83.139.15:46714?addrs=128.83.139.15-46714>
...
006 (516237.000.000) 05/05 17:15:11 Image size of job updated: 2457112
	54  -  MemoryUsage of job (MB)
	54452  -  ResidentSetSize of job (KB)
...
010 (516237.000.000) 05/05 17:17:29 Job was suspended.
	Number of processes actually suspended: 8
...
006 (516237.000.000) 05/05 17:17:29 Image size of job updated: 2627104
	137  -  MemoryUsage of job (MB)
	139628  -  ResidentSetSize of job (KB)
...
011 (516237.000.000) 05/05 17:17:54 Job was unsuspended.
...
006 (516237.000.000) 05/05 17:17:54 Image size of job updated: 2627104
	137  -  MemoryUsage of job (MB)
	139768  -  ResidentSetSize of job (KB)
...
006 (516237.000.000) 05/05 17:18:10 Image size of job updated: 2627108
	137  -  MemoryUsage of job (MB)
	139768  -  ResidentSetSize of job (KB)
...
004 (516237.000.000) 05/05 17:18:10 Job was evicted.
	(0) Job was not checkpointed.
		Usr 0 00:00:43, Sys 0 00:00:01  -  Run Remote Usage
		Usr 0 00:00:00, Sys 0 00:00:00  -  Run Local Usage
	0  -  Run Bytes Sent By Job
	0  -  Run Bytes Received By Job
	Partitionable Resources :    Usage  Request Allocated
	   Cpus                 :                 1         1
	   Disk (KB)            :        1        1   1684662
	   Gpus                 :                           0
	   Memory (MB)          :      137        1     12899
...
009 (516237.000.000) 05/05 17:18:11 Job was aborted by the user.
	via condor_rm (by user ypei)
...
000 (516444.000.000) 05/05 17:18:25 Job submitted from host: <128.83.144.149:44250?addrs=128.83.144.149-44250>
...
001 (516444.000.000) 05/05 17:18:32 Job executing on host: <128.83.139.15:46714?addrs=128.83.139.15-46714>
...
006 (516444.000.000) 05/05 17:18:40 Image size of job updated: 2457272
	54  -  MemoryUsage of job (MB)
	54696  -  ResidentSetSize of job (KB)
...
006 (516444.000.000) 05/05 17:21:25 Image size of job updated: 2758176
	54  -  MemoryUsage of job (MB)
	54696  -  ResidentSetSize of job (KB)
...
004 (516444.000.000) 05/05 17:21:25 Job was evicted.
	(0) Job was not checkpointed.
		Usr 0 00:01:18, Sys 0 00:00:02  -  Run Remote Usage
		Usr 0 00:00:00, Sys 0 00:00:00  -  Run Local Usage
	0  -  Run Bytes Sent By Job
	0  -  Run Bytes Received By Job
	Partitionable Resources :    Usage  Request Allocated
	   Cpus                 :                 1         1
	   Disk (KB)            :        1        1   1684662
	   Gpus                 :                           0
	   Memory (MB)          :       54        1     12899
...
009 (516444.000.000) 05/05 17:21:25 Job was aborted by the user.
	via condor_rm (by user ypei)
...
000 (517065.000.000) 05/05 17:21:50 Job submitted from host: <128.83.144.149:44250?addrs=128.83.144.149-44250>
...
001 (517065.000.000) 05/05 17:21:54 Job executing on host: <128.83.144.13:57145?addrs=128.83.144.13-57145>
...
006 (517065.000.000) 05/05 17:22:03 Image size of job updated: 340324
	21  -  MemoryUsage of job (MB)
	21272  -  ResidentSetSize of job (KB)
...
006 (517065.000.000) 05/05 17:27:04 Image size of job updated: 3151392
	733  -  MemoryUsage of job (MB)
	749804  -  ResidentSetSize of job (KB)
...
006 (517065.000.000) 05/05 17:32:05 Image size of job updated: 3675680
	1422  -  MemoryUsage of job (MB)
	1455716  -  ResidentSetSize of job (KB)
...
006 (517065.000.000) 05/05 17:37:05 Image size of job updated: 4265504
	2092  -  MemoryUsage of job (MB)
	2141604  -  ResidentSetSize of job (KB)
...
006 (517065.000.000) 05/05 17:42:06 Image size of job updated: 4790048
	2778  -  MemoryUsage of job (MB)
	2844160  -  ResidentSetSize of job (KB)
...
006 (517065.000.000) 05/05 17:47:07 Image size of job updated: 5316428
	3432  -  MemoryUsage of job (MB)
	3513748  -  ResidentSetSize of job (KB)
...
006 (517065.000.000) 05/05 17:52:07 Image size of job updated: 5316428
	3792  -  MemoryUsage of job (MB)
	3882404  -  ResidentSetSize of job (KB)
...
005 (517065.000.000) 05/05 17:55:15 Job terminated.
	(1) Normal termination (return value 0)
		Usr 0 00:31:40, Sys 0 00:00:42  -  Run Remote Usage
		Usr 0 00:00:00, Sys 0 00:00:00  -  Run Local Usage
		Usr 0 00:31:40, Sys 0 00:00:42  -  Total Remote Usage
		Usr 0 00:00:00, Sys 0 00:00:00  -  Total Local Usage
	0  -  Run Bytes Sent By Job
	0  -  Run Bytes Received By Job
	0  -  Total Bytes Sent By Job
	0  -  Total Bytes Received By Job
	Partitionable Resources :    Usage  Request Allocated
	   Cpus                 :                 1         1
	   Disk (KB)            :        1        1    824391
	   Gpus                 :                           0
	   Memory (MB)          :     3792        1     12899
...
000 (382496.000.000) 05/07 03:39:55 Job submitted from host: <128.83.144.155:57685?addrs=128.83.144.155-57685>
...
001 (382496.000.000) 05/07 04:14:48 Job executing on host: <128.83.120.128:51378?addrs=128.83.120.128-51378>
...
006 (382496.000.000) 05/07 04:14:56 Image size of job updated: 341132
	22  -  MemoryUsage of job (MB)
	22088  -  ResidentSetSize of job (KB)
...
006 (382496.000.000) 05/07 04:19:56 Image size of job updated: 3020432
	631  -  MemoryUsage of job (MB)
	645932  -  ResidentSetSize of job (KB)
...
006 (382496.000.000) 05/07 04:24:57 Image size of job updated: 3479184
	1143  -  MemoryUsage of job (MB)
	1170432  -  ResidentSetSize of job (KB)
...
006 (382496.000.000) 05/07 04:29:57 Image size of job updated: 3872656
	1669  -  MemoryUsage of job (MB)
	1708212  -  ResidentSetSize of job (KB)
...
006 (382496.000.000) 05/07 04:34:57 Image size of job updated: 4331408
	2192  -  MemoryUsage of job (MB)
	2243836  -  ResidentSetSize of job (KB)
...
006 (382496.000.000) 05/07 04:39:58 Image size of job updated: 4724624
	2703  -  MemoryUsage of job (MB)
	2766880  -  ResidentSetSize of job (KB)
...
006 (382496.000.000) 05/07 04:44:59 Image size of job updated: 5052304
	3096  -  MemoryUsage of job (MB)
	3169960  -  ResidentSetSize of job (KB)
...
006 (382496.000.000) 05/07 04:49:59 Image size of job updated: 5316536
	3402  -  MemoryUsage of job (MB)
	3482652  -  ResidentSetSize of job (KB)
...
006 (382496.000.000) 05/07 04:55:00 Image size of job updated: 5316536
	3584  -  MemoryUsage of job (MB)
	3669020  -  ResidentSetSize of job (KB)
...
006 (382496.000.000) 05/07 05:00:01 Image size of job updated: 5316536
	3808  -  MemoryUsage of job (MB)
	3898396  -  ResidentSetSize of job (KB)
...
005 (382496.000.000) 05/07 05:03:46 Job terminated.
	(1) Normal termination (return value 0)
		Usr 0 00:47:25, Sys 0 00:01:22  -  Run Remote Usage
		Usr 0 00:00:00, Sys 0 00:00:00  -  Run Local Usage
		Usr 0 00:47:25, Sys 0 00:01:22  -  Total Remote Usage
		Usr 0 00:00:00, Sys 0 00:00:00  -  Total Local Usage
	0  -  Run Bytes Sent By Job
	0  -  Run Bytes Received By Job
	0  -  Total Bytes Sent By Job
	0  -  Total Bytes Received By Job
	Partitionable Resources :    Usage  Request Allocated
	   Cpus                 :                 1         1
	   Disk (KB)            :        1        1    803077
	   Gpus                 :                           0
	   Memory (MB)          :     3808        1     12899
...
000 (518514.000.000) 05/07 13:18:20 Job submitted from host: <128.83.144.149:44250?addrs=128.83.144.149-44250>
...
001 (518514.000.000) 05/07 13:18:55 Job executing on host: <128.83.120.231:41298?addrs=128.83.120.231-41298>
...
006 (518514.000.000) 05/07 13:19:03 Image size of job updated: 2457920
	54  -  MemoryUsage of job (MB)
	55260  -  ResidentSetSize of job (KB)
...
006 (518514.000.000) 05/07 13:23:38 Image size of job updated: 2954892
	511  -  MemoryUsage of job (MB)
	522856  -  ResidentSetSize of job (KB)
...
004 (518514.000.000) 05/07 13:23:38 Job was evicted.
	(0) Job was not checkpointed.
		Usr 0 00:03:19, Sys 0 00:00:04  -  Run Remote Usage
		Usr 0 00:00:00, Sys 0 00:00:00  -  Run Local Usage
	0  -  Run Bytes Sent By Job
	0  -  Run Bytes Received By Job
	Partitionable Resources :    Usage  Request Allocated
	   Cpus                 :                 1         1
	   Disk (KB)            :        1        1    789357
	   Gpus                 :                           0
	   Memory (MB)          :      511        1     12899
...
009 (518514.000.000) 05/07 13:23:38 Job was aborted by the user.
	via condor_rm (by user ypei)
...
000 (518721.000.000) 05/07 13:23:50 Job submitted from host: <128.83.144.149:44250?addrs=128.83.144.149-44250>
...
001 (518721.000.000) 05/07 13:23:58 Job executing on host: <128.83.144.147:58788?addrs=128.83.144.147-58788>
...
006 (518721.000.000) 05/07 13:24:06 Image size of job updated: 340328
	21  -  MemoryUsage of job (MB)
	21236  -  ResidentSetSize of job (KB)
...
006 (518721.000.000) 05/07 13:29:06 Image size of job updated: 3086092
	706  -  MemoryUsage of job (MB)
	722648  -  ResidentSetSize of job (KB)
...
006 (518721.000.000) 05/07 13:34:06 Image size of job updated: 3741452
	1439  -  MemoryUsage of job (MB)
	1472928  -  ResidentSetSize of job (KB)
...
006 (518721.000.000) 05/07 13:39:07 Image size of job updated: 4331276
	2179  -  MemoryUsage of job (MB)
	2230296  -  ResidentSetSize of job (KB)
...
006 (518721.000.000) 05/07 13:44:07 Image size of job updated: 4921100
	2914  -  MemoryUsage of job (MB)
	2983468  -  ResidentSetSize of job (KB)
...
006 (518721.000.000) 05/07 13:49:07 Image size of job updated: 5316416
	3512  -  MemoryUsage of job (MB)
	3595596  -  ResidentSetSize of job (KB)
...
006 (518721.000.000) 05/07 13:54:08 Image size of job updated: 5316416
	3858  -  MemoryUsage of job (MB)
	3949900  -  ResidentSetSize of job (KB)
...
005 (518721.000.000) 05/07 13:56:13 Job terminated.
	(1) Normal termination (return value 0)
		Usr 0 00:30:53, Sys 0 00:00:22  -  Run Remote Usage
		Usr 0 00:00:00, Sys 0 00:00:00  -  Run Local Usage
		Usr 0 00:30:53, Sys 0 00:00:22  -  Total Remote Usage
		Usr 0 00:00:00, Sys 0 00:00:00  -  Total Local Usage
	0  -  Run Bytes Sent By Job
	0  -  Run Bytes Received By Job
	0  -  Total Bytes Sent By Job
	0  -  Total Bytes Received By Job
	Partitionable Resources :    Usage  Request Allocated
	   Cpus                 :                 1         1
	   Disk (KB)            :        1        1   1862075
	   Gpus                 :                           0
	   Memory (MB)          :     3858        1     21164
...
000 (519135.000.000) 05/07 14:36:30 Job submitted from host: <128.83.144.149:44250?addrs=128.83.144.149-44250>
...
001 (519135.000.000) 05/07 14:36:40 Job executing on host: <128.83.120.128:51378?addrs=128.83.120.128-51378>
...
006 (519135.000.000) 05/07 14:36:49 Image size of job updated: 2457408
	56  -  MemoryUsage of job (MB)
	56748  -  ResidentSetSize of job (KB)
...
006 (519135.000.000) 05/07 14:41:50 Image size of job updated: 2954892
	502  -  MemoryUsage of job (MB)
	513636  -  ResidentSetSize of job (KB)
...
006 (519135.000.000) 05/07 14:46:51 Image size of job updated: 3413644
	1037  -  MemoryUsage of job (MB)
	1060996  -  ResidentSetSize of job (KB)
...
006 (519135.000.000) 05/07 14:51:51 Image size of job updated: 3806860
	1564  -  MemoryUsage of job (MB)
	1600564  -  ResidentSetSize of job (KB)
...
006 (519135.000.000) 05/07 14:56:51 Image size of job updated: 4265868
	2100  -  MemoryUsage of job (MB)
	2150024  -  ResidentSetSize of job (KB)
...
006 (519135.000.000) 05/07 15:01:52 Image size of job updated: 4724620
	2642  -  MemoryUsage of job (MB)
	2705404  -  ResidentSetSize of job (KB)
...
006 (519135.000.000) 05/07 15:06:52 Image size of job updated: 4986764
	2978  -  MemoryUsage of job (MB)
	3049352  -  ResidentSetSize of job (KB)
...
006 (519135.000.000) 05/07 15:11:52 Image size of job updated: 5248908
	3303  -  MemoryUsage of job (MB)
	3382024  -  ResidentSetSize of job (KB)
...
006 (519135.000.000) 05/07 15:16:53 Image size of job updated: 5316532
	3491  -  MemoryUsage of job (MB)
	3574668  -  ResidentSetSize of job (KB)
...
006 (519135.000.000) 05/07 15:21:54 Image size of job updated: 5316536
	3650  -  MemoryUsage of job (MB)
	3737412  -  ResidentSetSize of job (KB)
...
006 (519135.000.000) 05/07 15:26:54 Image size of job updated: 5316536
	3804  -  MemoryUsage of job (MB)
	3895108  -  ResidentSetSize of job (KB)
...
005 (519135.000.000) 05/07 15:31:28 Job terminated.
	(1) Normal termination (return value 0)
		Usr 0 00:52:33, Sys 0 00:01:14  -  Run Remote Usage
		Usr 0 00:00:00, Sys 0 00:00:00  -  Run Local Usage
		Usr 0 00:52:33, Sys 0 00:01:14  -  Total Remote Usage
		Usr 0 00:00:00, Sys 0 00:00:00  -  Total Local Usage
	0  -  Run Bytes Sent By Job
	0  -  Run Bytes Received By Job
	0  -  Total Bytes Sent By Job
	0  -  Total Bytes Received By Job
	Partitionable Resources :    Usage  Request Allocated
	   Cpus                 :                 1         1
	   Disk (KB)            :        1        1    802867
	   Gpus                 :                           0
	   Memory (MB)          :     3804        1     12899
...
000 (382910.000.000) 05/07 20:17:00 Job submitted from host: <128.83.144.155:57685?addrs=128.83.144.155-57685>
...
001 (382910.000.000) 05/07 20:45:27 Job executing on host: <128.83.130.161:35317?addrs=128.83.130.161-35317>
...
006 (382910.000.000) 05/07 20:45:35 Image size of job updated: 2473420
	61  -  MemoryUsage of job (MB)
	62420  -  ResidentSetSize of job (KB)
...
006 (382910.000.000) 05/07 20:50:35 Image size of job updated: 3217220
	832  -  MemoryUsage of job (MB)
	851184  -  ResidentSetSize of job (KB)
...
006 (382910.000.000) 05/07 20:55:36 Image size of job updated: 3807044
	1561  -  MemoryUsage of job (MB)
	1597992  -  ResidentSetSize of job (KB)
...
006 (382910.000.000) 05/07 21:00:37 Image size of job updated: 4396868
	2272  -  MemoryUsage of job (MB)
	2325820  -  ResidentSetSize of job (KB)
...
006 (382910.000.000) 05/07 21:05:37 Image size of job updated: 4986692
	3009  -  MemoryUsage of job (MB)
	3080636  -  ResidentSetSize of job (KB)
...
006 (382910.000.000) 05/07 21:10:38 Image size of job updated: 5316472
	3555  -  MemoryUsage of job (MB)
	3640244  -  ResidentSetSize of job (KB)
...
005 (382910.000.000) 05/07 21:15:31 Job terminated.
	(1) Normal termination (return value 0)
		Usr 0 00:29:22, Sys 0 00:00:22  -  Run Remote Usage
		Usr 0 00:00:00, Sys 0 00:00:00  -  Run Local Usage
		Usr 0 00:29:22, Sys 0 00:00:22  -  Total Remote Usage
		Usr 0 00:00:00, Sys 0 00:00:00  -  Total Local Usage
	0  -  Run Bytes Sent By Job
	0  -  Run Bytes Received By Job
	0  -  Total Bytes Sent By Job
	0  -  Total Bytes Received By Job
	Partitionable Resources :    Usage  Request Allocated
	   Cpus                 :                 1         1
	   Disk (KB)            :        1        1   1909590
	   Gpus                 :                           0
	   Memory (MB)          :     3555        1     21164
...
000 (384152.000.000) 05/08 05:53:03 Job submitted from host: <128.83.144.155:57685?addrs=128.83.144.155-57685>
...
001 (384152.000.000) 05/08 06:21:46 Job executing on host: <128.83.144.147:58788?addrs=128.83.144.147-58788>
...
006 (384152.000.000) 05/08 06:21:55 Image size of job updated: 2627224
	89  -  MemoryUsage of job (MB)
	90704  -  ResidentSetSize of job (KB)
...
006 (384152.000.000) 05/08 06:26:56 Image size of job updated: 3217048
	829  -  MemoryUsage of job (MB)
	848580  -  ResidentSetSize of job (KB)
...
006 (384152.000.000) 05/08 06:31:56 Image size of job updated: 3807128
	1555  -  MemoryUsage of job (MB)
	1591860  -  ResidentSetSize of job (KB)
...
006 (384152.000.000) 05/08 06:36:56 Image size of job updated: 4396952
	2265  -  MemoryUsage of job (MB)
	2318484  -  ResidentSetSize of job (KB)
...
006 (384152.000.000) 05/08 06:41:57 Image size of job updated: 4986776
	2968  -  MemoryUsage of job (MB)
	3038628  -  ResidentSetSize of job (KB)
...
006 (384152.000.000) 05/08 06:46:58 Image size of job updated: 5316556
	3508  -  MemoryUsage of job (MB)
	3591312  -  ResidentSetSize of job (KB)
...
006 (384152.000.000) 05/08 06:51:58 Image size of job updated: 5316556
	3848  -  MemoryUsage of job (MB)
	3939472  -  ResidentSetSize of job (KB)
...
005 (384152.000.000) 05/08 06:54:06 Job terminated.
	(1) Normal termination (return value 0)
		Usr 0 00:28:51, Sys 0 00:00:22  -  Run Remote Usage
		Usr 0 00:00:00, Sys 0 00:00:00  -  Run Local Usage
		Usr 0 00:28:51, Sys 0 00:00:22  -  Total Remote Usage
		Usr 0 00:00:00, Sys 0 00:00:00  -  Total Local Usage
	0  -  Run Bytes Sent By Job
	0  -  Run Bytes Received By Job
	0  -  Total Bytes Sent By Job
	0  -  Total Bytes Received By Job
	Partitionable Resources :    Usage  Request Allocated
	   Cpus                 :                 1         1
	   Disk (KB)            :        1        1   1911585
	   Gpus                 :                           0
	   Memory (MB)          :     3848        1     21164
...
000 (417545.000.000) 05/09 03:37:28 Job submitted from host: <128.83.144.154:52346?addrs=128.83.144.154-52346>
...
001 (417545.000.000) 05/09 04:05:30 Job executing on host: <128.83.139.143:55125?addrs=128.83.139.143-55125>
...
006 (417545.000.000) 05/09 04:05:38 Image size of job updated: 340620
	22  -  MemoryUsage of job (MB)
	21572  -  ResidentSetSize of job (KB)
...
006 (417545.000.000) 05/09 04:10:38 Image size of job updated: 3217364
	847  -  MemoryUsage of job (MB)
	866480  -  ResidentSetSize of job (KB)
...
006 (417545.000.000) 05/09 04:15:38 Image size of job updated: 3807184
	1512  -  MemoryUsage of job (MB)
	1548260  -  ResidentSetSize of job (KB)
...
006 (417545.000.000) 05/09 04:20:39 Image size of job updated: 4331472
	2151  -  MemoryUsage of job (MB)
	2202456  -  ResidentSetSize of job (KB)
...
006 (417545.000.000) 05/09 04:25:39 Image size of job updated: 4921296
	2876  -  MemoryUsage of job (MB)
	2944972  -  ResidentSetSize of job (KB)
...
006 (417545.000.000) 05/09 04:30:39 Image size of job updated: 5316612
	3646  -  MemoryUsage of job (MB)
	3732872  -  ResidentSetSize of job (KB)
...
005 (417545.000.000) 05/09 04:35:13 Job terminated.
	(1) Normal termination (return value 0)
		Usr 0 00:28:56, Sys 0 00:00:29  -  Run Remote Usage
		Usr 0 00:00:00, Sys 0 00:00:00  -  Run Local Usage
		Usr 0 00:28:56, Sys 0 00:00:29  -  Total Remote Usage
		Usr 0 00:00:00, Sys 0 00:00:00  -  Total Local Usage
	0  -  Run Bytes Sent By Job
	0  -  Run Bytes Received By Job
	0  -  Total Bytes Sent By Job
	0  -  Total Bytes Received By Job
	Partitionable Resources :    Usage  Request Allocated
	   Cpus                 :                 1         1
	   Disk (KB)            :        2        2   7539964
	   Gpus                 :                           0
	   Memory (MB)          :     3646        1      4027
...
