000 (516142.000.000) 05/05 17:13:24 Job submitted from host: <128.83.144.149:44250?addrs=128.83.144.149-44250>
...
009 (516142.000.000) 05/05 17:14:25 Job was aborted by the user.
	via condor_rm (by user ypei)
...
000 (516349.000.000) 05/05 17:15:09 Job submitted from host: <128.83.144.149:44250?addrs=128.83.144.149-44250>
...
009 (516349.000.000) 05/05 17:18:08 Job was aborted by the user.
	via condor_rm (by user ypei)
...
000 (516556.000.000) 05/05 17:18:39 Job submitted from host: <128.83.144.149:44250?addrs=128.83.144.149-44250>
...
009 (516556.000.000) 05/05 17:21:26 Job was aborted by the user.
	via condor_rm (by user ypei)
...
000 (517177.000.000) 05/05 17:22:03 Job submitted from host: <128.83.144.149:44250?addrs=128.83.144.149-44250>
...
001 (517177.000.000) 05/05 17:41:14 Job executing on host: <128.83.120.230:37764?addrs=128.83.120.230-37764>
...
006 (517177.000.000) 05/05 17:41:22 Image size of job updated: 1226856
	92  -  MemoryUsage of job (MB)
	93612  -  ResidentSetSize of job (KB)
...
006 (517177.000.000) 05/05 17:46:22 Image size of job updated: 1227692
	133  -  MemoryUsage of job (MB)
	135284  -  ResidentSetSize of job (KB)
...
006 (517177.000.000) 05/05 17:51:22 Image size of job updated: 1227692
	165  -  MemoryUsage of job (MB)
	168468  -  ResidentSetSize of job (KB)
...
006 (517177.000.000) 05/05 17:54:29 Image size of job updated: 1234260
	165  -  MemoryUsage of job (MB)
	168468  -  ResidentSetSize of job (KB)
...
005 (517177.000.000) 05/05 17:54:29 Job terminated.
	(1) Normal termination (return value 0)
		Usr 0 00:12:58, Sys 0 00:00:09  -  Run Remote Usage
		Usr 0 00:00:00, Sys 0 00:00:00  -  Run Local Usage
		Usr 0 00:12:58, Sys 0 00:00:09  -  Total Remote Usage
		Usr 0 00:00:00, Sys 0 00:00:00  -  Total Local Usage
	0  -  Run Bytes Sent By Job
	0  -  Run Bytes Received By Job
	0  -  Total Bytes Sent By Job
	0  -  Total Bytes Received By Job
	Partitionable Resources :    Usage  Request Allocated
	   Cpus                 :                 1         1
	   Disk (KB)            :        2        2    827436
	   Gpus                 :                           0
	   Memory (MB)          :      165        1     12899
...
000 (382608.000.000) 05/07 03:40:05 Job submitted from host: <128.83.144.155:57685?addrs=128.83.144.155-57685>
...
001 (382608.000.000) 05/07 04:28:53 Job executing on host: <128.83.139.9:47643?addrs=128.83.139.9-47643>
...
006 (382608.000.000) 05/07 04:29:02 Image size of job updated: 1227304
	96  -  MemoryUsage of job (MB)
	97504  -  ResidentSetSize of job (KB)
...
006 (382608.000.000) 05/07 04:34:03 Image size of job updated: 1227332
	121  -  MemoryUsage of job (MB)
	123652  -  ResidentSetSize of job (KB)
...
006 (382608.000.000) 05/07 04:39:03 Image size of job updated: 1227332
	150  -  MemoryUsage of job (MB)
	153516  -  ResidentSetSize of job (KB)
...
006 (382608.000.000) 05/07 04:44:04 Image size of job updated: 1233820
	239  -  MemoryUsage of job (MB)
	243760  -  ResidentSetSize of job (KB)
...
006 (382608.000.000) 05/07 04:46:37 Image size of job updated: 1233904
	239  -  MemoryUsage of job (MB)
	243760  -  ResidentSetSize of job (KB)
...
005 (382608.000.000) 05/07 04:46:37 Job terminated.
	(1) Normal termination (return value 0)
		Usr 0 00:17:01, Sys 0 00:00:18  -  Run Remote Usage
		Usr 0 00:00:00, Sys 0 00:00:00  -  Run Local Usage
		Usr 0 00:17:01, Sys 0 00:00:18  -  Total Remote Usage
		Usr 0 00:00:00, Sys 0 00:00:00  -  Total Local Usage
	0  -  Run Bytes Sent By Job
	0  -  Run Bytes Received By Job
	0  -  Total Bytes Sent By Job
	0  -  Total Bytes Received By Job
	Partitionable Resources :    Usage  Request Allocated
	   Cpus                 :                 1         1
	   Disk (KB)            :        2        2   1678566
	   Gpus                 :                           0
	   Memory (MB)          :      239        1     12899
...
000 (518626.000.000) 05/07 13:18:29 Job submitted from host: <128.83.144.149:44250?addrs=128.83.144.149-44250>
...
009 (518626.000.000) 05/07 13:23:36 Job was aborted by the user.
	via condor_rm (by user ypei)
...
000 (518833.000.000) 05/07 13:24:03 Job submitted from host: <128.83.144.149:44250?addrs=128.83.144.149-44250>
...
001 (518833.000.000) 05/07 13:42:06 Job executing on host: <128.83.144.5:44408?addrs=128.83.144.5-44408>
...
006 (518833.000.000) 05/07 13:42:15 Image size of job updated: 2
	2  -  MemoryUsage of job (MB)
	1684  -  ResidentSetSize of job (KB)
...
006 (518833.000.000) 05/07 13:47:16 Image size of job updated: 1227464
	125  -  MemoryUsage of job (MB)
	127684  -  ResidentSetSize of job (KB)
...
006 (518833.000.000) 05/07 13:52:17 Image size of job updated: 1227464
	149  -  MemoryUsage of job (MB)
	151584  -  ResidentSetSize of job (KB)
...
006 (518833.000.000) 05/07 13:57:17 Image size of job updated: 1233944
	231  -  MemoryUsage of job (MB)
	235948  -  ResidentSetSize of job (KB)
...
006 (518833.000.000) 05/07 14:01:21 Image size of job updated: 1234032
	231  -  MemoryUsage of job (MB)
	235948  -  ResidentSetSize of job (KB)
...
005 (518833.000.000) 05/07 14:01:21 Job terminated.
	(1) Normal termination (return value 0)
		Usr 0 00:18:34, Sys 0 00:00:28  -  Run Remote Usage
		Usr 0 00:00:00, Sys 0 00:00:00  -  Run Local Usage
		Usr 0 00:18:34, Sys 0 00:00:28  -  Total Remote Usage
		Usr 0 00:00:00, Sys 0 00:00:00  -  Total Local Usage
	0  -  Run Bytes Sent By Job
	0  -  Run Bytes Received By Job
	0  -  Total Bytes Sent By Job
	0  -  Total Bytes Received By Job
	Partitionable Resources :    Usage  Request Allocated
	   Cpus                 :                 1         1
	   Disk (KB)            :        2        2    790322
	   Gpus                 :                           0
	   Memory (MB)          :      231        1     12899
...
000 (519247.000.000) 05/07 14:36:45 Job submitted from host: <128.83.144.149:44250?addrs=128.83.144.149-44250>
...
001 (519247.000.000) 05/07 14:54:02 Job executing on host: <128.83.139.14:44306?addrs=128.83.139.14-44306>
...
006 (519247.000.000) 05/07 14:54:12 Image size of job updated: 2
	2  -  MemoryUsage of job (MB)
	1680  -  ResidentSetSize of job (KB)
...
006 (519247.000.000) 05/07 14:59:12 Image size of job updated: 1227464
	131  -  MemoryUsage of job (MB)
	133136  -  ResidentSetSize of job (KB)
...
006 (519247.000.000) 05/07 15:04:12 Image size of job updated: 1227464
	152  -  MemoryUsage of job (MB)
	155128  -  ResidentSetSize of job (KB)
...
006 (519247.000.000) 05/07 15:09:13 Image size of job updated: 1233948
	235  -  MemoryUsage of job (MB)
	240364  -  ResidentSetSize of job (KB)
...
006 (519247.000.000) 05/07 15:11:59 Image size of job updated: 1234032
	235  -  MemoryUsage of job (MB)
	240364  -  ResidentSetSize of job (KB)
...
005 (519247.000.000) 05/07 15:11:59 Job terminated.
	(1) Normal termination (return value 0)
		Usr 0 00:17:14, Sys 0 00:00:23  -  Run Remote Usage
		Usr 0 00:00:00, Sys 0 00:00:00  -  Run Local Usage
		Usr 0 00:17:14, Sys 0 00:00:23  -  Total Remote Usage
		Usr 0 00:00:00, Sys 0 00:00:00  -  Total Local Usage
	0  -  Run Bytes Sent By Job
	0  -  Run Bytes Received By Job
	0  -  Total Bytes Sent By Job
	0  -  Total Bytes Received By Job
	Partitionable Resources :    Usage  Request Allocated
	   Cpus                 :                 1         1
	   Disk (KB)            :        2        2   1675512
	   Gpus                 :                           0
	   Memory (MB)          :      235        1     12899
...
000 (383022.000.000) 05/07 20:17:09 Job submitted from host: <128.83.144.155:57685?addrs=128.83.144.155-57685>
...
001 (383022.000.000) 05/07 20:58:18 Job executing on host: <128.83.144.13:57145?addrs=128.83.144.13-57145>
...
006 (383022.000.000) 05/07 20:58:27 Image size of job updated: 2
	2  -  MemoryUsage of job (MB)
	1676  -  ResidentSetSize of job (KB)
...
006 (383022.000.000) 05/07 21:03:28 Image size of job updated: 1227468
	126  -  MemoryUsage of job (MB)
	128024  -  ResidentSetSize of job (KB)
...
006 (383022.000.000) 05/07 21:08:28 Image size of job updated: 1227468
	151  -  MemoryUsage of job (MB)
	154136  -  ResidentSetSize of job (KB)
...
006 (383022.000.000) 05/07 21:13:28 Image size of job updated: 1233952
	233  -  MemoryUsage of job (MB)
	238360  -  ResidentSetSize of job (KB)
...
006 (383022.000.000) 05/07 21:16:30 Image size of job updated: 1234036
	233  -  MemoryUsage of job (MB)
	238360  -  ResidentSetSize of job (KB)
...
005 (383022.000.000) 05/07 21:16:30 Job terminated.
	(1) Normal termination (return value 0)
		Usr 0 00:17:38, Sys 0 00:00:23  -  Run Remote Usage
		Usr 0 00:00:00, Sys 0 00:00:00  -  Run Local Usage
		Usr 0 00:17:38, Sys 0 00:00:23  -  Total Remote Usage
		Usr 0 00:00:00, Sys 0 00:00:00  -  Total Local Usage
	0  -  Run Bytes Sent By Job
	0  -  Run Bytes Received By Job
	0  -  Total Bytes Sent By Job
	0  -  Total Bytes Received By Job
	Partitionable Resources :    Usage  Request Allocated
	   Cpus                 :                 1         1
	   Disk (KB)            :        2        2    796973
	   Gpus                 :                           0
	   Memory (MB)          :      233        1     12899
...
000 (384264.000.000) 05/08 05:53:12 Job submitted from host: <128.83.144.155:57685?addrs=128.83.144.155-57685>
...
001 (384264.000.000) 05/08 06:34:42 Job executing on host: <128.83.130.161:35317?addrs=128.83.130.161-35317>
...
006 (384264.000.000) 05/08 06:34:51 Image size of job updated: 1227476
	93  -  MemoryUsage of job (MB)
	95156  -  ResidentSetSize of job (KB)
...
006 (384264.000.000) 05/08 06:39:52 Image size of job updated: 1227732
	134  -  MemoryUsage of job (MB)
	136604  -  ResidentSetSize of job (KB)
...
006 (384264.000.000) 05/08 06:44:53 Image size of job updated: 1230752
	208  -  MemoryUsage of job (MB)
	212944  -  ResidentSetSize of job (KB)
...
006 (384264.000.000) 05/08 06:47:50 Image size of job updated: 1234348
	208  -  MemoryUsage of job (MB)
	212944  -  ResidentSetSize of job (KB)
...
005 (384264.000.000) 05/08 06:47:50 Job terminated.
	(1) Normal termination (return value 0)
		Usr 0 00:12:20, Sys 0 00:00:08  -  Run Remote Usage
		Usr 0 00:00:00, Sys 0 00:00:00  -  Run Local Usage
		Usr 0 00:12:20, Sys 0 00:00:08  -  Total Remote Usage
		Usr 0 00:00:00, Sys 0 00:00:00  -  Total Local Usage
	0  -  Run Bytes Sent By Job
	0  -  Run Bytes Received By Job
	0  -  Total Bytes Sent By Job
	0  -  Total Bytes Received By Job
	Partitionable Resources :    Usage  Request Allocated
	   Cpus                 :                 1         1
	   Disk (KB)            :        2        2   1909586
	   Gpus                 :                           0
	   Memory (MB)          :      208        1     21164
...
000 (417657.000.000) 05/09 03:37:37 Job submitted from host: <128.83.144.154:52346?addrs=128.83.144.154-52346>
...
001 (417657.000.000) 05/09 04:15:24 Job executing on host: <128.83.139.143:55125?addrs=128.83.139.143-55125>
...
006 (417657.000.000) 05/09 04:15:33 Image size of job updated: 1227332
	99  -  MemoryUsage of job (MB)
	101136  -  ResidentSetSize of job (KB)
...
006 (417657.000.000) 05/09 04:20:34 Image size of job updated: 1227332
	137  -  MemoryUsage of job (MB)
	139808  -  ResidentSetSize of job (KB)
...
006 (417657.000.000) 05/09 04:25:34 Image size of job updated: 1227588
	182  -  MemoryUsage of job (MB)
	185916  -  ResidentSetSize of job (KB)
...
006 (417657.000.000) 05/09 04:27:45 Image size of job updated: 1234224
	182  -  MemoryUsage of job (MB)
	185916  -  ResidentSetSize of job (KB)
...
005 (417657.000.000) 05/09 04:27:45 Job terminated.
	(1) Normal termination (return value 0)
		Usr 0 00:12:06, Sys 0 00:00:07  -  Run Remote Usage
		Usr 0 00:00:00, Sys 0 00:00:00  -  Run Local Usage
		Usr 0 00:12:06, Sys 0 00:00:07  -  Total Remote Usage
		Usr 0 00:00:00, Sys 0 00:00:00  -  Total Local Usage
	0  -  Run Bytes Sent By Job
	0  -  Run Bytes Received By Job
	0  -  Total Bytes Sent By Job
	0  -  Total Bytes Received By Job
	Partitionable Resources :    Usage  Request Allocated
	   Cpus                 :                 1         1
	   Disk (KB)            :        2        2   7539964
	   Gpus                 :                           0
	   Memory (MB)          :      182        1      4027
...
