000 (516024.000.000) 05/05 17:13:13 Job submitted from host: <128.83.144.149:44250?addrs=128.83.144.149-44250>
...
001 (516024.000.000) 05/05 17:13:32 Job executing on host: <128.83.120.229:58979?addrs=128.83.120.229-58979>
...
006 (516024.000.000) 05/05 17:13:41 Image size of job updated: 2457216
	54  -  MemoryUsage of job (MB)
	54676  -  ResidentSetSize of job (KB)
...
006 (516024.000.000) 05/05 17:14:25 Image size of job updated: 2458748
	54  -  MemoryUsage of job (MB)
	54676  -  ResidentSetSize of job (KB)
...
004 (516024.000.000) 05/05 17:14:25 Job was evicted.
	(0) Job was not checkpointed.
		Usr 0 00:00:00, Sys 0 00:00:00  -  Run Remote Usage
		Usr 0 00:00:00, Sys 0 00:00:00  -  Run Local Usage
	0  -  Run Bytes Sent By Job
	0  -  Run Bytes Received By Job
	Partitionable Resources :    Usage  Request Allocated
	   Cpus                 :                 1         1
	   Disk (KB)            :        1        1    828970
	   Gpus                 :                           0
	   Memory (MB)          :       54        1     12899
...
009 (516024.000.000) 05/05 17:14:26 Job was aborted by the user.
	via condor_rm (by user ypei)
...
000 (516249.000.000) 05/05 17:14:55 Job submitted from host: <128.83.144.149:44250?addrs=128.83.144.149-44250>
...
001 (516249.000.000) 05/05 17:15:02 Job executing on host: <128.83.139.14:44306?addrs=128.83.139.14-44306>
...
006 (516249.000.000) 05/05 17:15:10 Image size of job updated: 2457056
	56  -  MemoryUsage of job (MB)
	56492  -  ResidentSetSize of job (KB)
...
006 (516249.000.000) 05/05 17:18:10 Image size of job updated: 2629212
	56  -  MemoryUsage of job (MB)
	56492  -  ResidentSetSize of job (KB)
...
004 (516249.000.000) 05/05 17:18:10 Job was evicted.
	(0) Job was not checkpointed.
		Usr 0 00:01:12, Sys 0 00:00:02  -  Run Remote Usage
		Usr 0 00:00:00, Sys 0 00:00:00  -  Run Local Usage
	0  -  Run Bytes Sent By Job
	0  -  Run Bytes Received By Job
	Partitionable Resources :    Usage  Request Allocated
	   Cpus                 :                 1         1
	   Disk (KB)            :        1        1   1695320
	   Gpus                 :                           0
	   Memory (MB)          :       56        1     12899
...
009 (516249.000.000) 05/05 17:18:11 Job was aborted by the user.
	via condor_rm (by user ypei)
...
000 (516456.000.000) 05/05 17:18:26 Job submitted from host: <128.83.144.149:44250?addrs=128.83.144.149-44250>
...
001 (516456.000.000) 05/05 17:18:32 Job executing on host: <128.83.139.14:44306?addrs=128.83.139.14-44306>
...
006 (516456.000.000) 05/05 17:18:40 Image size of job updated: 2457216
	56  -  MemoryUsage of job (MB)
	56760  -  ResidentSetSize of job (KB)
...
006 (516456.000.000) 05/05 17:21:25 Image size of job updated: 2694892
	1815  -  MemoryUsage of job (MB)
	1858424  -  ResidentSetSize of job (KB)
...
004 (516456.000.000) 05/05 17:21:25 Job was evicted.
	(0) Job was not checkpointed.
		Usr 0 00:01:19, Sys 0 00:00:02  -  Run Remote Usage
		Usr 0 00:00:00, Sys 0 00:00:00  -  Run Local Usage
	0  -  Run Bytes Sent By Job
	0  -  Run Bytes Received By Job
	Partitionable Resources :    Usage  Request Allocated
	   Cpus                 :                 1         1
	   Disk (KB)            :        1        1   1695320
	   Gpus                 :                           0
	   Memory (MB)          :     1815        1     12899
...
009 (516456.000.000) 05/05 17:21:25 Job was aborted by the user.
	via condor_rm (by user ypei)
...
000 (517077.000.000) 05/05 17:21:53 Job submitted from host: <128.83.144.149:44250?addrs=128.83.144.149-44250>
...
001 (517077.000.000) 05/05 17:22:23 Job executing on host: <128.83.120.128:51378?addrs=128.83.120.128-51378>
...
006 (517077.000.000) 05/05 17:22:31 Image size of job updated: 2457216
	52  -  MemoryUsage of job (MB)
	52700  -  ResidentSetSize of job (KB)
...
006 (517077.000.000) 05/05 17:27:31 Image size of job updated: 2694892
	1833  -  MemoryUsage of job (MB)
	1876028  -  ResidentSetSize of job (KB)
...
006 (517077.000.000) 05/05 17:32:31 Image size of job updated: 2825964
	1939  -  MemoryUsage of job (MB)
	1985356  -  ResidentSetSize of job (KB)
...
006 (517077.000.000) 05/05 17:37:32 Image size of job updated: 2957036
	2039  -  MemoryUsage of job (MB)
	2087656  -  ResidentSetSize of job (KB)
...
006 (517077.000.000) 05/05 17:42:32 Image size of job updated: 3022828
	2130  -  MemoryUsage of job (MB)
	2180472  -  ResidentSetSize of job (KB)
...
006 (517077.000.000) 05/05 17:47:32 Image size of job updated: 3153900
	2234  -  MemoryUsage of job (MB)
	2287420  -  ResidentSetSize of job (KB)
...
006 (517077.000.000) 05/05 17:52:33 Image size of job updated: 3219436
	2339  -  MemoryUsage of job (MB)
	2394184  -  ResidentSetSize of job (KB)
...
006 (517077.000.000) 05/05 17:57:33 Image size of job updated: 3350508
	2431  -  MemoryUsage of job (MB)
	2488352  -  ResidentSetSize of job (KB)
...
006 (517077.000.000) 05/05 18:02:33 Image size of job updated: 3416044
	2550  -  MemoryUsage of job (MB)
	2611096  -  ResidentSetSize of job (KB)
...
006 (517077.000.000) 05/05 18:07:34 Image size of job updated: 3612652
	2712  -  MemoryUsage of job (MB)
	2776080  -  ResidentSetSize of job (KB)
...
005 (517077.000.000) 05/05 18:07:53 Job terminated.
	(1) Normal termination (return value 0)
		Usr 0 00:43:36, Sys 0 00:00:49  -  Run Remote Usage
		Usr 0 00:00:00, Sys 0 00:00:00  -  Run Local Usage
		Usr 0 00:43:36, Sys 0 00:00:49  -  Total Remote Usage
		Usr 0 00:00:00, Sys 0 00:00:00  -  Total Local Usage
	0  -  Run Bytes Sent By Job
	0  -  Run Bytes Received By Job
	0  -  Total Bytes Sent By Job
	0  -  Total Bytes Received By Job
	Partitionable Resources :    Usage  Request Allocated
	   Cpus                 :                 1         1
	   Disk (KB)            :        1        1    812209
	   Gpus                 :                           0
	   Memory (MB)          :     2712        1     12899
...
000 (382508.000.000) 05/07 03:39:56 Job submitted from host: <128.83.144.155:57685?addrs=128.83.144.155-57685>
...
001 (382508.000.000) 05/07 04:16:31 Job executing on host: <128.83.139.14:44306?addrs=128.83.139.14-44306>
...
006 (382508.000.000) 05/07 04:16:40 Image size of job updated: 1
	2  -  MemoryUsage of job (MB)
	1676  -  ResidentSetSize of job (KB)
...
006 (382508.000.000) 05/07 04:21:41 Image size of job updated: 2760600
	1875  -  MemoryUsage of job (MB)
	1919764  -  ResidentSetSize of job (KB)
...
006 (382508.000.000) 05/07 04:26:41 Image size of job updated: 2891672
	2005  -  MemoryUsage of job (MB)
	2052724  -  ResidentSetSize of job (KB)
...
006 (382508.000.000) 05/07 04:31:41 Image size of job updated: 3023000
	2117  -  MemoryUsage of job (MB)
	2166828  -  ResidentSetSize of job (KB)
...
006 (382508.000.000) 05/07 04:36:42 Image size of job updated: 3154072
	2243  -  MemoryUsage of job (MB)
	2296740  -  ResidentSetSize of job (KB)
...
006 (382508.000.000) 05/07 04:41:42 Image size of job updated: 3219608
	2336  -  MemoryUsage of job (MB)
	2391392  -  ResidentSetSize of job (KB)
...
006 (382508.000.000) 05/07 04:46:42 Image size of job updated: 3285144
	2415  -  MemoryUsage of job (MB)
	2472312  -  ResidentSetSize of job (KB)
...
006 (382508.000.000) 05/07 04:51:43 Image size of job updated: 3416220
	2523  -  MemoryUsage of job (MB)
	2582876  -  ResidentSetSize of job (KB)
...
006 (382508.000.000) 05/07 04:55:18 Image size of job updated: 3547288
	2523  -  MemoryUsage of job (MB)
	2582876  -  ResidentSetSize of job (KB)
...
005 (382508.000.000) 05/07 04:55:18 Job terminated.
	(1) Normal termination (return value 0)
		Usr 0 00:37:50, Sys 0 00:00:56  -  Run Remote Usage
		Usr 0 00:00:00, Sys 0 00:00:00  -  Run Local Usage
		Usr 0 00:37:50, Sys 0 00:00:56  -  Total Remote Usage
		Usr 0 00:00:00, Sys 0 00:00:00  -  Total Local Usage
	0  -  Run Bytes Sent By Job
	0  -  Run Bytes Received By Job
	0  -  Total Bytes Sent By Job
	0  -  Total Bytes Received By Job
	Partitionable Resources :    Usage  Request Allocated
	   Cpus                 :                 1         1
	   Disk (KB)            :        1        1   1675519
	   Gpus                 :                           0
	   Memory (MB)          :     2523        1     12899
...
000 (518526.000.000) 05/07 13:18:21 Job submitted from host: <128.83.144.149:44250?addrs=128.83.144.149-44250>
...
001 (518526.000.000) 05/07 13:18:56 Job executing on host: <128.83.144.15:36598?addrs=128.83.144.15-36598>
...
006 (518526.000.000) 05/07 13:19:04 Image size of job updated: 1469984
	36  -  MemoryUsage of job (MB)
	36760  -  ResidentSetSize of job (KB)
...
006 (518526.000.000) 05/07 13:23:38 Image size of job updated: 2695064
	36  -  MemoryUsage of job (MB)
	36760  -  ResidentSetSize of job (KB)
...
004 (518526.000.000) 05/07 13:23:38 Job was evicted.
	(0) Job was not checkpointed.
		Usr 0 00:03:20, Sys 0 00:00:07  -  Run Remote Usage
		Usr 0 00:00:00, Sys 0 00:00:00  -  Run Local Usage
	0  -  Run Bytes Sent By Job
	0  -  Run Bytes Received By Job
	Partitionable Resources :    Usage  Request Allocated
	   Cpus                 :                 1         1
	   Disk (KB)            :        1        1    784801
	   Gpus                 :                           0
	   Memory (MB)          :       36        1     12899
...
009 (518526.000.000) 05/07 13:23:38 Job was aborted by the user.
	via condor_rm (by user ypei)
...
000 (518733.000.000) 05/07 13:23:51 Job submitted from host: <128.83.144.149:44250?addrs=128.83.144.149-44250>
...
001 (518733.000.000) 05/07 13:24:33 Job executing on host: <128.83.120.128:51378?addrs=128.83.120.128-51378>
...
006 (518733.000.000) 05/07 13:24:42 Image size of job updated: 340460
	21  -  MemoryUsage of job (MB)
	21284  -  ResidentSetSize of job (KB)
...
006 (518733.000.000) 05/07 13:29:43 Image size of job updated: 2695060
	1831  -  MemoryUsage of job (MB)
	1874424  -  ResidentSetSize of job (KB)
...
010 (518733.000.000) 05/07 13:32:00 Job was suspended.
	Number of processes actually suspended: 8
...
006 (518733.000.000) 05/07 13:32:00 Image size of job updated: 2760596
	1874  -  MemoryUsage of job (MB)
	1918504  -  ResidentSetSize of job (KB)
...
011 (518733.000.000) 05/07 13:33:17 Job was unsuspended.
...
006 (518733.000.000) 05/07 13:34:44 Image size of job updated: 2760596
	1899  -  MemoryUsage of job (MB)
	1943944  -  ResidentSetSize of job (KB)
...
010 (518733.000.000) 05/07 13:36:15 Job was suspended.
	Number of processes actually suspended: 8
...
006 (518733.000.000) 05/07 13:36:15 Image size of job updated: 2826132
	1926  -  MemoryUsage of job (MB)
	1971472  -  ResidentSetSize of job (KB)
...
011 (518733.000.000) 05/07 13:37:33 Job was unsuspended.
...
006 (518733.000.000) 05/07 13:39:44 Image size of job updated: 2826132
	1961  -  MemoryUsage of job (MB)
	2007908  -  ResidentSetSize of job (KB)
...
006 (518733.000.000) 05/07 13:44:45 Image size of job updated: 2957204
	2048  -  MemoryUsage of job (MB)
	2096564  -  ResidentSetSize of job (KB)
...
010 (518733.000.000) 05/07 13:46:07 Job was suspended.
	Number of processes actually suspended: 8
...
006 (518733.000.000) 05/07 13:46:07 Image size of job updated: 2957204
	2065  -  MemoryUsage of job (MB)
	2113840  -  ResidentSetSize of job (KB)
...
011 (518733.000.000) 05/07 13:46:44 Job was unsuspended.
...
006 (518733.000.000) 05/07 13:49:46 Image size of job updated: 3022740
	2111  -  MemoryUsage of job (MB)
	2160936  -  ResidentSetSize of job (KB)
...
006 (518733.000.000) 05/07 13:54:46 Image size of job updated: 3088276
	2207  -  MemoryUsage of job (MB)
	2259648  -  ResidentSetSize of job (KB)
...
006 (518733.000.000) 05/07 13:59:47 Image size of job updated: 3153812
	2289  -  MemoryUsage of job (MB)
	2343724  -  ResidentSetSize of job (KB)
...
006 (518733.000.000) 05/07 14:04:48 Image size of job updated: 3284884
	2371  -  MemoryUsage of job (MB)
	2427372  -  ResidentSetSize of job (KB)
...
006 (518733.000.000) 05/07 14:09:48 Image size of job updated: 3350420
	2452  -  MemoryUsage of job (MB)
	2510368  -  ResidentSetSize of job (KB)
...
006 (518733.000.000) 05/07 14:14:49 Image size of job updated: 3415956
	2532  -  MemoryUsage of job (MB)
	2591896  -  ResidentSetSize of job (KB)
...
006 (518733.000.000) 05/07 14:19:50 Image size of job updated: 3481748
	2613  -  MemoryUsage of job (MB)
	2675700  -  ResidentSetSize of job (KB)
...
006 (518733.000.000) 05/07 14:23:39 Image size of job updated: 3547284
	2613  -  MemoryUsage of job (MB)
	2675700  -  ResidentSetSize of job (KB)
...
005 (518733.000.000) 05/07 14:23:39 Job terminated.
	(1) Normal termination (return value 0)
		Usr 0 00:54:17, Sys 0 00:01:07  -  Run Remote Usage
		Usr 0 00:00:00, Sys 0 00:00:00  -  Run Local Usage
		Usr 0 00:54:17, Sys 0 00:01:07  -  Total Remote Usage
		Usr 0 00:00:00, Sys 0 00:00:00  -  Total Local Usage
	0  -  Run Bytes Sent By Job
	0  -  Run Bytes Received By Job
	0  -  Total Bytes Sent By Job
	0  -  Total Bytes Received By Job
	Partitionable Resources :    Usage  Request Allocated
	   Cpus                 :                 1         1
	   Disk (KB)            :        1        1    803066
	   Gpus                 :                           0
	   Memory (MB)          :     2613        1     12899
...
000 (519147.000.000) 05/07 14:36:31 Job submitted from host: <128.83.144.149:44250?addrs=128.83.144.149-44250>
...
001 (519147.000.000) 05/07 14:36:40 Job executing on host: <128.83.139.9:47643?addrs=128.83.139.9-47643>
...
006 (519147.000.000) 05/07 14:36:49 Image size of job updated: 2457216
	52  -  MemoryUsage of job (MB)
	52868  -  ResidentSetSize of job (KB)
...
006 (519147.000.000) 05/07 14:41:50 Image size of job updated: 2760460
	1866  -  MemoryUsage of job (MB)
	1910384  -  ResidentSetSize of job (KB)
...
006 (519147.000.000) 05/07 14:46:51 Image size of job updated: 2891788
	2007  -  MemoryUsage of job (MB)
	2054476  -  ResidentSetSize of job (KB)
...
006 (519147.000.000) 05/07 14:51:51 Image size of job updated: 3022860
	2133  -  MemoryUsage of job (MB)
	2183776  -  ResidentSetSize of job (KB)
...
006 (519147.000.000) 05/07 14:56:51 Image size of job updated: 3153932
	2273  -  MemoryUsage of job (MB)
	2327156  -  ResidentSetSize of job (KB)
...
006 (519147.000.000) 05/07 15:01:52 Image size of job updated: 3219468
	2360  -  MemoryUsage of job (MB)
	2416056  -  ResidentSetSize of job (KB)
...
006 (519147.000.000) 05/07 15:06:52 Image size of job updated: 3350540
	2442  -  MemoryUsage of job (MB)
	2499692  -  ResidentSetSize of job (KB)
...
006 (519147.000.000) 05/07 15:11:52 Image size of job updated: 3416076
	2528  -  MemoryUsage of job (MB)
	2587828  -  ResidentSetSize of job (KB)
...
006 (519147.000.000) 05/07 15:16:04 Image size of job updated: 3547148
	2528  -  MemoryUsage of job (MB)
	2587828  -  ResidentSetSize of job (KB)
...
005 (519147.000.000) 05/07 15:16:04 Job terminated.
	(1) Normal termination (return value 0)
		Usr 0 00:37:31, Sys 0 00:00:43  -  Run Remote Usage
		Usr 0 00:00:00, Sys 0 00:00:00  -  Run Local Usage
		Usr 0 00:37:31, Sys 0 00:00:43  -  Total Remote Usage
		Usr 0 00:00:00, Sys 0 00:00:00  -  Total Local Usage
	0  -  Run Bytes Sent By Job
	0  -  Run Bytes Received By Job
	0  -  Total Bytes Sent By Job
	0  -  Total Bytes Received By Job
	Partitionable Resources :    Usage  Request Allocated
	   Cpus                 :                 1         1
	   Disk (KB)            :        1        1   1678560
	   Gpus                 :                           0
	   Memory (MB)          :     2528        1     12899
...
000 (382922.000.000) 05/07 20:17:01 Job submitted from host: <128.83.144.155:57685?addrs=128.83.144.155-57685>
...
001 (382922.000.000) 05/07 20:46:47 Job executing on host: <128.83.144.147:58788?addrs=128.83.144.147-58788>
...
006 (382922.000.000) 05/07 20:46:56 Image size of job updated: 1
	2  -  MemoryUsage of job (MB)
	1632  -  ResidentSetSize of job (KB)
...
006 (382922.000.000) 05/07 20:51:57 Image size of job updated: 2826252
	1929  -  MemoryUsage of job (MB)
	1974436  -  ResidentSetSize of job (KB)
...
006 (382922.000.000) 05/07 20:56:57 Image size of job updated: 2957324
	2089  -  MemoryUsage of job (MB)
	2138728  -  ResidentSetSize of job (KB)
...
006 (382922.000.000) 05/07 21:01:57 Image size of job updated: 3153932
	2266  -  MemoryUsage of job (MB)
	2319988  -  ResidentSetSize of job (KB)
...
006 (382922.000.000) 05/07 21:06:58 Image size of job updated: 3350540
	2441  -  MemoryUsage of job (MB)
	2499436  -  ResidentSetSize of job (KB)
...
006 (382922.000.000) 05/07 21:11:59 Image size of job updated: 3547148
	2631  -  MemoryUsage of job (MB)
	2694116  -  ResidentSetSize of job (KB)
...
005 (382922.000.000) 05/07 21:12:45 Job terminated.
	(1) Normal termination (return value 0)
		Usr 0 00:25:30, Sys 0 00:00:19  -  Run Remote Usage
		Usr 0 00:00:00, Sys 0 00:00:00  -  Run Local Usage
		Usr 0 00:25:30, Sys 0 00:00:19  -  Total Remote Usage
		Usr 0 00:00:00, Sys 0 00:00:00  -  Total Local Usage
	0  -  Run Bytes Sent By Job
	0  -  Run Bytes Received By Job
	0  -  Total Bytes Sent By Job
	0  -  Total Bytes Received By Job
	Partitionable Resources :    Usage  Request Allocated
	   Cpus                 :                 1         1
	   Disk (KB)            :        1        1   1911588
	   Gpus                 :                           0
	   Memory (MB)          :     2631        1     21164
...
000 (384164.000.000) 05/08 05:53:04 Job submitted from host: <128.83.144.155:57685?addrs=128.83.144.155-57685>
...
001 (384164.000.000) 05/08 06:22:49 Job executing on host: <128.83.144.147:58788?addrs=128.83.144.147-58788>
...
006 (384164.000.000) 05/08 06:22:58 Image size of job updated: 2629288
	695  -  MemoryUsage of job (MB)
	711284  -  ResidentSetSize of job (KB)
...
006 (384164.000.000) 05/08 06:27:59 Image size of job updated: 2826132
	1934  -  MemoryUsage of job (MB)
	1980328  -  ResidentSetSize of job (KB)
...
006 (384164.000.000) 05/08 06:32:59 Image size of job updated: 3022996
	2109  -  MemoryUsage of job (MB)
	2159188  -  ResidentSetSize of job (KB)
...
006 (384164.000.000) 05/08 06:37:59 Image size of job updated: 3219604
	2310  -  MemoryUsage of job (MB)
	2365400  -  ResidentSetSize of job (KB)
...
006 (384164.000.000) 05/08 06:43:00 Image size of job updated: 3350676
	2492  -  MemoryUsage of job (MB)
	2550972  -  ResidentSetSize of job (KB)
...
006 (384164.000.000) 05/08 06:48:00 Image size of job updated: 3547284
	2656  -  MemoryUsage of job (MB)
	2719512  -  ResidentSetSize of job (KB)
...
005 (384164.000.000) 05/08 06:48:17 Job terminated.
	(1) Normal termination (return value 0)
		Usr 0 00:23:26, Sys 0 00:00:18  -  Run Remote Usage
		Usr 0 00:00:00, Sys 0 00:00:00  -  Run Local Usage
		Usr 0 00:23:26, Sys 0 00:00:18  -  Total Remote Usage
		Usr 0 00:00:00, Sys 0 00:00:00  -  Total Local Usage
	0  -  Run Bytes Sent By Job
	0  -  Run Bytes Received By Job
	0  -  Total Bytes Sent By Job
	0  -  Total Bytes Received By Job
	Partitionable Resources :    Usage  Request Allocated
	   Cpus                 :                 1         1
	   Disk (KB)            :        1        1   1911585
	   Gpus                 :                           0
	   Memory (MB)          :     2656        1     21164
...
000 (417557.000.000) 05/09 03:37:29 Job submitted from host: <128.83.144.154:52346?addrs=128.83.144.154-52346>
...
001 (417557.000.000) 05/09 04:07:03 Job executing on host: <128.83.144.153:35434?addrs=128.83.144.153-35434>
...
006 (417557.000.000) 05/09 04:07:11 Image size of job updated: 340484
	21  -  MemoryUsage of job (MB)
	21360  -  ResidentSetSize of job (KB)
...
006 (417557.000.000) 05/09 04:12:11 Image size of job updated: 2825996
	1971  -  MemoryUsage of job (MB)
	2017340  -  ResidentSetSize of job (KB)
...
006 (417557.000.000) 05/09 04:17:12 Image size of job updated: 3022604
	2164  -  MemoryUsage of job (MB)
	2215532  -  ResidentSetSize of job (KB)
...
006 (417557.000.000) 05/09 04:22:12 Image size of job updated: 3284748
	2377  -  MemoryUsage of job (MB)
	2433504  -  ResidentSetSize of job (KB)
...
006 (417557.000.000) 05/09 04:27:12 Image size of job updated: 3481356
	2579  -  MemoryUsage of job (MB)
	2639928  -  ResidentSetSize of job (KB)
...
006 (417557.000.000) 05/09 04:29:40 Image size of job updated: 3546892
	2579  -  MemoryUsage of job (MB)
	2639928  -  ResidentSetSize of job (KB)
...
005 (417557.000.000) 05/09 04:29:40 Job terminated.
	(1) Normal termination (return value 0)
		Usr 0 00:21:53, Sys 0 00:00:17  -  Run Remote Usage
		Usr 0 00:00:00, Sys 0 00:00:00  -  Run Local Usage
		Usr 0 00:21:53, Sys 0 00:00:17  -  Total Remote Usage
		Usr 0 00:00:00, Sys 0 00:00:00  -  Total Local Usage
	0  -  Run Bytes Sent By Job
	0  -  Run Bytes Received By Job
	0  -  Total Bytes Sent By Job
	0  -  Total Bytes Received By Job
	Partitionable Resources :    Usage  Request Allocated
	   Cpus                 :                 1         1
	   Disk (KB)            :        2        2   2250158
	   Gpus                 :                           0
	   Memory (MB)          :     2579        1      4028
...
