000 (515969.000.000) 05/05 17:13:08 Job submitted from host: <128.83.144.149:44250?addrs=128.83.144.149-44250>
...
001 (515969.000.000) 05/05 17:13:29 Job executing on host: <128.83.120.128:51378?addrs=128.83.120.128-51378>
...
006 (515969.000.000) 05/05 17:13:38 Image size of job updated: 1073248
	56  -  MemoryUsage of job (MB)
	56812  -  ResidentSetSize of job (KB)
...
006 (515969.000.000) 05/05 17:14:29 Image size of job updated: 1074780
	56  -  MemoryUsage of job (MB)
	56812  -  ResidentSetSize of job (KB)
...
004 (515969.000.000) 05/05 17:14:29 Job was evicted.
	(0) Job was not checkpointed.
		Usr 0 00:00:00, Sys 0 00:00:00  -  Run Remote Usage
		Usr 0 00:00:00, Sys 0 00:00:00  -  Run Local Usage
	0  -  Run Bytes Sent By Job
	0  -  Run Bytes Received By Job
	Partitionable Resources :    Usage  Request Allocated
	   Cpus                 :                 1         1
	   Disk (KB)            :        1        1    812221
	   Gpus                 :                           0
	   Memory (MB)          :       56        1     12899
...
009 (515969.000.000) 05/05 17:14:30 Job was aborted by the user.
	via condor_rm (by user ypei)
...
000 (516194.000.000) 05/05 17:14:51 Job submitted from host: <128.83.144.149:44250?addrs=128.83.144.149-44250>
...
001 (516194.000.000) 05/05 17:15:00 Job executing on host: <128.83.120.229:58979?addrs=128.83.120.229-58979>
...
006 (516194.000.000) 05/05 17:15:09 Image size of job updated: 340324
	21  -  MemoryUsage of job (MB)
	21004  -  ResidentSetSize of job (KB)
...
006 (516194.000.000) 05/05 17:18:07 Image size of job updated: 1247944
	21  -  MemoryUsage of job (MB)
	21004  -  ResidentSetSize of job (KB)
...
004 (516194.000.000) 05/05 17:18:07 Job was evicted.
	(0) Job was not checkpointed.
		Usr 0 00:00:52, Sys 0 00:00:01  -  Run Remote Usage
		Usr 0 00:00:00, Sys 0 00:00:00  -  Run Local Usage
	0  -  Run Bytes Sent By Job
	0  -  Run Bytes Received By Job
	Partitionable Resources :    Usage  Request Allocated
	   Cpus                 :                 1         1
	   Disk (KB)            :        1        1    828970
	   Gpus                 :                           0
	   Memory (MB)          :       21        1     12899
...
009 (516194.000.000) 05/05 17:18:08 Job was aborted by the user.
	via condor_rm (by user ypei)
...
000 (516401.000.000) 05/05 17:18:21 Job submitted from host: <128.83.144.149:44250?addrs=128.83.144.149-44250>
...
001 (516401.000.000) 05/05 17:18:30 Job executing on host: <128.83.120.229:58979?addrs=128.83.120.229-58979>
...
006 (516401.000.000) 05/05 17:18:38 Image size of job updated: 1073248
	56  -  MemoryUsage of job (MB)
	56816  -  ResidentSetSize of job (KB)
...
006 (516401.000.000) 05/05 17:21:22 Image size of job updated: 1247944
	170  -  MemoryUsage of job (MB)
	173076  -  ResidentSetSize of job (KB)
...
004 (516401.000.000) 05/05 17:21:22 Job was evicted.
	(0) Job was not checkpointed.
		Usr 0 00:01:26, Sys 0 00:00:01  -  Run Remote Usage
		Usr 0 00:00:00, Sys 0 00:00:00  -  Run Local Usage
	0  -  Run Bytes Sent By Job
	0  -  Run Bytes Received By Job
	Partitionable Resources :    Usage  Request Allocated
	   Cpus                 :                 1         1
	   Disk (KB)            :        1        1    828960
	   Gpus                 :                           0
	   Memory (MB)          :      170        1     12899
...
009 (516401.000.000) 05/05 17:21:23 Job was aborted by the user.
	via condor_rm (by user ypei)
...
000 (517022.000.000) 05/05 17:21:43 Job submitted from host: <128.83.144.149:44250?addrs=128.83.144.149-44250>
...
001 (517022.000.000) 05/05 17:21:53 Job executing on host: <128.83.120.128:51378?addrs=128.83.120.128-51378>
...
006 (517022.000.000) 05/05 17:22:02 Image size of job updated: 1073384
	56  -  MemoryUsage of job (MB)
	56832  -  ResidentSetSize of job (KB)
...
006 (517022.000.000) 05/05 17:27:03 Image size of job updated: 1248084
	174  -  MemoryUsage of job (MB)
	177504  -  ResidentSetSize of job (KB)
...
006 (517022.000.000) 05/05 17:32:03 Image size of job updated: 1248092
	178  -  MemoryUsage of job (MB)
	181736  -  ResidentSetSize of job (KB)
...
006 (517022.000.000) 05/05 17:37:03 Image size of job updated: 1248124
	181  -  MemoryUsage of job (MB)
	184716  -  ResidentSetSize of job (KB)
...
006 (517022.000.000) 05/05 17:42:04 Image size of job updated: 1248380
	183  -  MemoryUsage of job (MB)
	187296  -  ResidentSetSize of job (KB)
...
006 (517022.000.000) 05/05 17:47:04 Image size of job updated: 1248388
	186  -  MemoryUsage of job (MB)
	189992  -  ResidentSetSize of job (KB)
...
006 (517022.000.000) 05/05 17:52:04 Image size of job updated: 1248388
	189  -  MemoryUsage of job (MB)
	192768  -  ResidentSetSize of job (KB)
...
006 (517022.000.000) 05/05 17:57:05 Image size of job updated: 1248408
	191  -  MemoryUsage of job (MB)
	194956  -  ResidentSetSize of job (KB)
...
006 (517022.000.000) 05/05 18:02:05 Image size of job updated: 1248632
	195  -  MemoryUsage of job (MB)
	199208  -  ResidentSetSize of job (KB)
...
006 (517022.000.000) 05/05 18:05:58 Image size of job updated: 1248644
	195  -  MemoryUsage of job (MB)
	199208  -  ResidentSetSize of job (KB)
...
005 (517022.000.000) 05/05 18:05:58 Job terminated.
	(1) Normal termination (return value 0)
		Usr 0 00:42:18, Sys 0 00:00:33  -  Run Remote Usage
		Usr 0 00:00:00, Sys 0 00:00:00  -  Run Local Usage
		Usr 0 00:42:18, Sys 0 00:00:33  -  Total Remote Usage
		Usr 0 00:00:00, Sys 0 00:00:00  -  Total Local Usage
	0  -  Run Bytes Sent By Job
	0  -  Run Bytes Received By Job
	0  -  Total Bytes Sent By Job
	0  -  Total Bytes Received By Job
	Partitionable Resources :    Usage  Request Allocated
	   Cpus                 :                 1         1
	   Disk (KB)            :        1        1    812221
	   Gpus                 :                           0
	   Memory (MB)          :      195        1     12899
...
000 (382453.000.000) 05/07 03:39:52 Job submitted from host: <128.83.144.155:57685?addrs=128.83.144.155-57685>
...
001 (382453.000.000) 05/07 04:05:18 Job executing on host: <128.83.139.15:46714?addrs=128.83.139.15-46714>
...
006 (382453.000.000) 05/07 04:05:26 Image size of job updated: 1089476
	64  -  MemoryUsage of job (MB)
	64696  -  ResidentSetSize of job (KB)
...
006 (382453.000.000) 05/07 04:10:26 Image size of job updated: 1248068
	162  -  MemoryUsage of job (MB)
	165504  -  ResidentSetSize of job (KB)
...
006 (382453.000.000) 05/07 04:15:27 Image size of job updated: 1248100
	166  -  MemoryUsage of job (MB)
	169076  -  ResidentSetSize of job (KB)
...
006 (382453.000.000) 05/07 04:20:28 Image size of job updated: 1248364
	169  -  MemoryUsage of job (MB)
	172768  -  ResidentSetSize of job (KB)
...
006 (382453.000.000) 05/07 04:25:28 Image size of job updated: 1248372
	173  -  MemoryUsage of job (MB)
	176596  -  ResidentSetSize of job (KB)
...
006 (382453.000.000) 05/07 04:30:28 Image size of job updated: 1248608
	177  -  MemoryUsage of job (MB)
	181156  -  ResidentSetSize of job (KB)
...
006 (382453.000.000) 05/07 04:35:06 Image size of job updated: 1248616
	177  -  MemoryUsage of job (MB)
	181156  -  ResidentSetSize of job (KB)
...
005 (382453.000.000) 05/07 04:35:06 Job terminated.
	(1) Normal termination (return value 0)
		Usr 0 00:29:03, Sys 0 00:00:27  -  Run Remote Usage
		Usr 0 00:00:00, Sys 0 00:00:00  -  Run Local Usage
		Usr 0 00:29:03, Sys 0 00:00:27  -  Total Remote Usage
		Usr 0 00:00:00, Sys 0 00:00:00  -  Total Local Usage
	0  -  Run Bytes Sent By Job
	0  -  Run Bytes Received By Job
	0  -  Total Bytes Sent By Job
	0  -  Total Bytes Received By Job
	Partitionable Resources :    Usage  Request Allocated
	   Cpus                 :                 1         1
	   Disk (KB)            :        1        1   1672474
	   Gpus                 :                           0
	   Memory (MB)          :      177        1     12899
...
000 (518471.000.000) 05/07 13:18:16 Job submitted from host: <128.83.144.149:44250?addrs=128.83.144.149-44250>
...
001 (518471.000.000) 05/07 13:18:55 Job executing on host: <128.83.144.5:44408?addrs=128.83.144.5-44408>
...
006 (518471.000.000) 05/07 13:19:03 Image size of job updated: 340620
	22  -  MemoryUsage of job (MB)
	21544  -  ResidentSetSize of job (KB)
...
006 (518471.000.000) 05/07 13:23:36 Image size of job updated: 1248060
	22  -  MemoryUsage of job (MB)
	21544  -  ResidentSetSize of job (KB)
...
004 (518471.000.000) 05/07 13:23:36 Job was evicted.
	(0) Job was not checkpointed.
		Usr 0 00:03:17, Sys 0 00:00:05  -  Run Remote Usage
		Usr 0 00:00:00, Sys 0 00:00:00  -  Run Local Usage
	0  -  Run Bytes Sent By Job
	0  -  Run Bytes Received By Job
	Partitionable Resources :    Usage  Request Allocated
	   Cpus                 :                 1         1
	   Disk (KB)            :        1        1    790323
	   Gpus                 :                           0
	   Memory (MB)          :       22        1     12899
...
009 (518471.000.000) 05/07 13:23:37 Job was aborted by the user.
	via condor_rm (by user ypei)
...
000 (518678.000.000) 05/07 13:23:47 Job submitted from host: <128.83.144.149:44250?addrs=128.83.144.149-44250>
...
001 (518678.000.000) 05/07 13:23:54 Job executing on host: <128.83.139.149:35296?addrs=128.83.139.149-35296>
...
006 (518678.000.000) 05/07 13:24:03 Image size of job updated: 41336
	8  -  MemoryUsage of job (MB)
	8128  -  ResidentSetSize of job (KB)
...
006 (518678.000.000) 05/07 13:29:04 Image size of job updated: 1248072
	159  -  MemoryUsage of job (MB)
	162128  -  ResidentSetSize of job (KB)
...
006 (518678.000.000) 05/07 13:34:04 Image size of job updated: 1248092
	163  -  MemoryUsage of job (MB)
	166216  -  ResidentSetSize of job (KB)
...
006 (518678.000.000) 05/07 13:39:05 Image size of job updated: 1248100
	167  -  MemoryUsage of job (MB)
	170060  -  ResidentSetSize of job (KB)
...
006 (518678.000.000) 05/07 13:44:06 Image size of job updated: 1248128
	170  -  MemoryUsage of job (MB)
	173640  -  ResidentSetSize of job (KB)
...
006 (518678.000.000) 05/07 13:49:06 Image size of job updated: 1248368
	175  -  MemoryUsage of job (MB)
	178512  -  ResidentSetSize of job (KB)
...
005 (518678.000.000) 05/07 13:51:34 Job terminated.
	(1) Normal termination (return value 0)
		Usr 0 00:26:18, Sys 0 00:00:17  -  Run Remote Usage
		Usr 0 00:00:00, Sys 0 00:00:00  -  Run Local Usage
		Usr 0 00:26:18, Sys 0 00:00:17  -  Total Remote Usage
		Usr 0 00:00:00, Sys 0 00:00:00  -  Total Local Usage
	0  -  Run Bytes Sent By Job
	0  -  Run Bytes Received By Job
	0  -  Total Bytes Sent By Job
	0  -  Total Bytes Received By Job
	Partitionable Resources :    Usage  Request Allocated
	   Cpus                 :                 1         1
	   Disk (KB)            :        1        1   7530434
	   Gpus                 :                           0
	   Memory (MB)          :      175        1      4027
...
000 (519092.000.000) 05/07 14:36:27 Job submitted from host: <128.83.144.149:44250?addrs=128.83.144.149-44250>
...
001 (519092.000.000) 05/07 14:36:38 Job executing on host: <128.83.130.161:35317?addrs=128.83.130.161-35317>
...
006 (519092.000.000) 05/07 14:36:46 Image size of job updated: 1073760
	55  -  MemoryUsage of job (MB)
	55304  -  ResidentSetSize of job (KB)
...
006 (519092.000.000) 05/07 14:41:46 Image size of job updated: 1248188
	163  -  MemoryUsage of job (MB)
	166068  -  ResidentSetSize of job (KB)
...
006 (519092.000.000) 05/07 14:46:47 Image size of job updated: 1248208
	167  -  MemoryUsage of job (MB)
	170404  -  ResidentSetSize of job (KB)
...
006 (519092.000.000) 05/07 14:51:47 Image size of job updated: 1248216
	172  -  MemoryUsage of job (MB)
	175524  -  ResidentSetSize of job (KB)
...
006 (519092.000.000) 05/07 14:56:47 Image size of job updated: 1248472
	177  -  MemoryUsage of job (MB)
	180564  -  ResidentSetSize of job (KB)
...
006 (519092.000.000) 05/07 15:00:26 Image size of job updated: 1248488
	177  -  MemoryUsage of job (MB)
	180564  -  ResidentSetSize of job (KB)
...
005 (519092.000.000) 05/07 15:00:26 Job terminated.
	(1) Normal termination (return value 0)
		Usr 0 00:22:37, Sys 0 00:00:13  -  Run Remote Usage
		Usr 0 00:00:00, Sys 0 00:00:00  -  Run Local Usage
		Usr 0 00:22:37, Sys 0 00:00:13  -  Total Remote Usage
		Usr 0 00:00:00, Sys 0 00:00:00  -  Total Local Usage
	0  -  Run Bytes Sent By Job
	0  -  Run Bytes Received By Job
	0  -  Total Bytes Sent By Job
	0  -  Total Bytes Received By Job
	Partitionable Resources :    Usage  Request Allocated
	   Cpus                 :                 1         1
	   Disk (KB)            :        1        1   1909593
	   Gpus                 :                           0
	   Memory (MB)          :      177        1     21164
...
000 (382867.000.000) 05/07 20:16:57 Job submitted from host: <128.83.144.155:57685?addrs=128.83.144.155-57685>
...
001 (382867.000.000) 05/07 20:36:45 Job executing on host: <128.83.139.143:55125?addrs=128.83.139.143-55125>
...
006 (382867.000.000) 05/07 20:36:54 Image size of job updated: 1245532
	132  -  MemoryUsage of job (MB)
	135088  -  ResidentSetSize of job (KB)
...
006 (382867.000.000) 05/07 20:41:55 Image size of job updated: 1248136
	163  -  MemoryUsage of job (MB)
	166108  -  ResidentSetSize of job (KB)
...
006 (382867.000.000) 05/07 20:46:55 Image size of job updated: 1248156
	167  -  MemoryUsage of job (MB)
	170260  -  ResidentSetSize of job (KB)
...
006 (382867.000.000) 05/07 20:51:55 Image size of job updated: 1248164
	171  -  MemoryUsage of job (MB)
	174704  -  ResidentSetSize of job (KB)
...
006 (382867.000.000) 05/07 20:56:56 Image size of job updated: 1248456
	174  -  MemoryUsage of job (MB)
	178152  -  ResidentSetSize of job (KB)
...
006 (382867.000.000) 05/07 21:01:56 Image size of job updated: 1248688
	178  -  MemoryUsage of job (MB)
	182132  -  ResidentSetSize of job (KB)
...
005 (382867.000.000) 05/07 21:03:16 Job terminated.
	(1) Normal termination (return value 0)
		Usr 0 00:24:47, Sys 0 00:00:18  -  Run Remote Usage
		Usr 0 00:00:00, Sys 0 00:00:00  -  Run Local Usage
		Usr 0 00:24:47, Sys 0 00:00:18  -  Total Remote Usage
		Usr 0 00:00:00, Sys 0 00:00:00  -  Total Local Usage
	0  -  Run Bytes Sent By Job
	0  -  Run Bytes Received By Job
	0  -  Total Bytes Sent By Job
	0  -  Total Bytes Received By Job
	Partitionable Resources :    Usage  Request Allocated
	   Cpus                 :                 1         1
	   Disk (KB)            :        1        1   7526610
	   Gpus                 :                           0
	   Memory (MB)          :      178        1      4027
...
000 (384109.000.000) 05/08 05:52:59 Job submitted from host: <128.83.144.155:57685?addrs=128.83.144.155-57685>
...
001 (384109.000.000) 05/08 06:15:23 Job executing on host: <128.83.130.161:35317?addrs=128.83.130.161-35317>
...
006 (384109.000.000) 05/08 06:15:32 Image size of job updated: 341132
	22  -  MemoryUsage of job (MB)
	22096  -  ResidentSetSize of job (KB)
...
006 (384109.000.000) 05/08 06:20:33 Image size of job updated: 1248348
	164  -  MemoryUsage of job (MB)
	167024  -  ResidentSetSize of job (KB)
...
006 (384109.000.000) 05/08 06:25:34 Image size of job updated: 1248352
	168  -  MemoryUsage of job (MB)
	171484  -  ResidentSetSize of job (KB)
...
006 (384109.000.000) 05/08 06:30:34 Image size of job updated: 1248372
	173  -  MemoryUsage of job (MB)
	176316  -  ResidentSetSize of job (KB)
...
006 (384109.000.000) 05/08 06:35:34 Image size of job updated: 1248624
	178  -  MemoryUsage of job (MB)
	181836  -  ResidentSetSize of job (KB)
...
005 (384109.000.000) 05/08 06:37:54 Job terminated.
	(1) Normal termination (return value 0)
		Usr 0 00:21:26, Sys 0 00:00:11  -  Run Remote Usage
		Usr 0 00:00:00, Sys 0 00:00:00  -  Run Local Usage
		Usr 0 00:21:26, Sys 0 00:00:11  -  Total Remote Usage
		Usr 0 00:00:00, Sys 0 00:00:00  -  Total Local Usage
	0  -  Run Bytes Sent By Job
	0  -  Run Bytes Received By Job
	0  -  Total Bytes Sent By Job
	0  -  Total Bytes Received By Job
	Partitionable Resources :    Usage  Request Allocated
	   Cpus                 :                 1         1
	   Disk (KB)            :        1        1   1909586
	   Gpus                 :                           0
	   Memory (MB)          :      178        1     21164
...
000 (417502.000.000) 05/09 03:37:24 Job submitted from host: <128.83.144.154:52346?addrs=128.83.144.154-52346>
...
001 (417502.000.000) 05/09 03:58:32 Job executing on host: <128.83.139.146:44201?addrs=128.83.139.146-44201>
...
006 (417502.000.000) 05/09 03:58:40 Image size of job updated: 2
	2  -  MemoryUsage of job (MB)
	1636  -  ResidentSetSize of job (KB)
...
006 (417502.000.000) 05/09 04:03:40 Image size of job updated: 1248012
	163  -  MemoryUsage of job (MB)
	166816  -  ResidentSetSize of job (KB)
...
006 (417502.000.000) 05/09 04:08:40 Image size of job updated: 1248036
	171  -  MemoryUsage of job (MB)
	174192  -  ResidentSetSize of job (KB)
...
006 (417502.000.000) 05/09 04:13:41 Image size of job updated: 1248292
	184  -  MemoryUsage of job (MB)
	187920  -  ResidentSetSize of job (KB)
...
005 (417502.000.000) 05/09 04:13:44 Job terminated.
	(1) Normal termination (return value 0)
		Usr 0 00:14:52, Sys 0 00:00:07  -  Run Remote Usage
		Usr 0 00:00:00, Sys 0 00:00:00  -  Run Local Usage
		Usr 0 00:14:52, Sys 0 00:00:07  -  Total Remote Usage
		Usr 0 00:00:00, Sys 0 00:00:00  -  Total Local Usage
	0  -  Run Bytes Sent By Job
	0  -  Run Bytes Received By Job
	0  -  Total Bytes Sent By Job
	0  -  Total Bytes Received By Job
	Partitionable Resources :    Usage  Request Allocated
	   Cpus                 :                 1         1
	   Disk (KB)            :        2        2   7541864
	   Gpus                 :                           0
	   Memory (MB)          :      184        1      4027
...
