000 (515999.000.000) 05/05 17:13:11 Job submitted from host: <128.83.144.149:44250?addrs=128.83.144.149-44250>
...
001 (515999.000.000) 05/05 17:13:31 Job executing on host: <128.83.120.250:59851?addrs=128.83.120.250-59851>
...
006 (515999.000.000) 05/05 17:13:40 Image size of job updated: 776584
	56  -  MemoryUsage of job (MB)
	56492  -  ResidentSetSize of job (KB)
...
006 (515999.000.000) 05/05 17:14:28 Image size of job updated: 778276
	56  -  MemoryUsage of job (MB)
	57320  -  ResidentSetSize of job (KB)
...
004 (515999.000.000) 05/05 17:14:28 Job was evicted.
	(0) Job was not checkpointed.
		Usr 0 00:00:00, Sys 0 00:00:00  -  Run Remote Usage
		Usr 0 00:00:00, Sys 0 00:00:00  -  Run Local Usage
	0  -  Run Bytes Sent By Job
	0  -  Run Bytes Received By Job
	Partitionable Resources :    Usage  Request Allocated
	   Cpus                 :                 1         1
	   Disk (KB)            :        2        2    815266
	   Gpus                 :                           0
	   Memory (MB)          :       56        1     12899
...
009 (515999.000.000) 05/05 17:14:28 Job was aborted by the user.
	via condor_rm (by user ypei)
...
000 (516224.000.000) 05/05 17:14:53 Job submitted from host: <128.83.144.149:44250?addrs=128.83.144.149-44250>
...
001 (516224.000.000) 05/05 17:15:01 Job executing on host: <128.83.139.15:46714?addrs=128.83.139.15-46714>
...
006 (516224.000.000) 05/05 17:15:10 Image size of job updated: 776880
	56  -  MemoryUsage of job (MB)
	56752  -  ResidentSetSize of job (KB)
...
006 (516224.000.000) 05/05 17:18:08 Image size of job updated: 946540
	56  -  MemoryUsage of job (MB)
	56752  -  ResidentSetSize of job (KB)
...
004 (516224.000.000) 05/05 17:18:08 Job was evicted.
	(0) Job was not checkpointed.
		Usr 0 00:01:05, Sys 0 00:00:01  -  Run Remote Usage
		Usr 0 00:00:00, Sys 0 00:00:00  -  Run Local Usage
	0  -  Run Bytes Sent By Job
	0  -  Run Bytes Received By Job
	Partitionable Resources :    Usage  Request Allocated
	   Cpus                 :                 1         1
	   Disk (KB)            :        2        2   1684662
	   Gpus                 :                           0
	   Memory (MB)          :       56        1     12899
...
009 (516224.000.000) 05/05 17:18:08 Job was aborted by the user.
	via condor_rm (by user ypei)
...
000 (516431.000.000) 05/05 17:18:24 Job submitted from host: <128.83.144.149:44250?addrs=128.83.144.149-44250>
...
001 (516431.000.000) 05/05 17:19:00 Job executing on host: <128.83.144.147:58788?addrs=128.83.144.147-58788>
...
006 (516431.000.000) 05/05 17:19:08 Image size of job updated: 776740
	56  -  MemoryUsage of job (MB)
	56760  -  ResidentSetSize of job (KB)
...
006 (516431.000.000) 05/05 17:21:22 Image size of job updated: 1012640
	56  -  MemoryUsage of job (MB)
	56760  -  ResidentSetSize of job (KB)
...
004 (516431.000.000) 05/05 17:21:22 Job was evicted.
	(0) Job was not checkpointed.
		Usr 0 00:01:05, Sys 0 00:00:02  -  Run Remote Usage
		Usr 0 00:00:00, Sys 0 00:00:00  -  Run Local Usage
	0  -  Run Bytes Sent By Job
	0  -  Run Bytes Received By Job
	Partitionable Resources :    Usage  Request Allocated
	   Cpus                 :                 1         1
	   Disk (KB)            :        2        2   1890651
	   Gpus                 :                           0
	   Memory (MB)          :       56        1     21164
...
009 (516431.000.000) 05/05 17:21:22 Job was aborted by the user.
	via condor_rm (by user ypei)
...
000 (517052.000.000) 05/05 17:21:48 Job submitted from host: <128.83.144.149:44250?addrs=128.83.144.149-44250>
...
001 (517052.000.000) 05/05 17:21:54 Job executing on host: <128.83.120.229:58979?addrs=128.83.120.229-58979>
...
006 (517052.000.000) 05/05 17:22:03 Image size of job updated: 777256
	56  -  MemoryUsage of job (MB)
	57196  -  ResidentSetSize of job (KB)
...
006 (517052.000.000) 05/05 17:27:04 Image size of job updated: 1078108
	242  -  MemoryUsage of job (MB)
	247520  -  ResidentSetSize of job (KB)
...
006 (517052.000.000) 05/05 17:32:04 Image size of job updated: 1078644
	243  -  MemoryUsage of job (MB)
	247988  -  ResidentSetSize of job (KB)
...
006 (517052.000.000) 05/05 17:37:04 Image size of job updated: 1078644
	243  -  MemoryUsage of job (MB)
	248244  -  ResidentSetSize of job (KB)
...
005 (517052.000.000) 05/05 17:41:36 Job terminated.
	(1) Normal termination (return value 0)
		Usr 0 00:18:12, Sys 0 00:00:13  -  Run Remote Usage
		Usr 0 00:00:00, Sys 0 00:00:00  -  Run Local Usage
		Usr 0 00:18:12, Sys 0 00:00:13  -  Total Remote Usage
		Usr 0 00:00:00, Sys 0 00:00:00  -  Total Local Usage
	0  -  Run Bytes Sent By Job
	0  -  Run Bytes Received By Job
	0  -  Total Bytes Sent By Job
	0  -  Total Bytes Received By Job
	Partitionable Resources :    Usage  Request Allocated
	   Cpus                 :                 1         1
	   Disk (KB)            :        2        2    828969
	   Gpus                 :                           0
	   Memory (MB)          :      243        1     12899
...
000 (518087.000.000) 05/06 21:33:05 Job submitted from host: <128.83.144.149:44250?addrs=128.83.144.149-44250>
...
001 (518087.000.000) 05/06 21:33:15 Job executing on host: <128.83.139.9:47643?addrs=128.83.139.9-47643>
...
006 (518087.000.000) 05/06 21:33:23 Image size of job updated: 776872
	56  -  MemoryUsage of job (MB)
	56736  -  ResidentSetSize of job (KB)
...
006 (518087.000.000) 05/06 21:33:45 Image size of job updated: 778932
	57  -  MemoryUsage of job (MB)
	58044  -  ResidentSetSize of job (KB)
...
004 (518087.000.000) 05/06 21:33:45 Job was evicted.
	(0) Job was not checkpointed.
		Usr 0 00:00:00, Sys 0 00:00:00  -  Run Remote Usage
		Usr 0 00:00:00, Sys 0 00:00:00  -  Run Local Usage
	0  -  Run Bytes Sent By Job
	0  -  Run Bytes Received By Job
	Partitionable Resources :    Usage  Request Allocated
	   Cpus                 :                 1         1
	   Disk (KB)            :        2        2   1678568
	   Gpus                 :                           0
	   Memory (MB)          :       57        1     12899
...
009 (518087.000.000) 05/06 21:33:46 Job was aborted by the user.
	via condor_rm (by user ypei)
...
000 (518294.000.000) 05/06 21:34:13 Job submitted from host: <128.83.144.149:44250?addrs=128.83.144.149-44250>
...
001 (518294.000.000) 05/06 21:34:22 Job executing on host: <128.83.120.230:37764?addrs=128.83.120.230-37764>
...
006 (518294.000.000) 05/06 21:34:30 Image size of job updated: 776872
	56  -  MemoryUsage of job (MB)
	56776  -  ResidentSetSize of job (KB)
...
006 (518294.000.000) 05/06 21:39:30 Image size of job updated: 1078532
	238  -  MemoryUsage of job (MB)
	243488  -  ResidentSetSize of job (KB)
...
006 (518294.000.000) 05/06 21:44:31 Image size of job updated: 1078548
	238  -  MemoryUsage of job (MB)
	243688  -  ResidentSetSize of job (KB)
...
006 (518294.000.000) 05/06 21:49:32 Image size of job updated: 1078552
	238  -  MemoryUsage of job (MB)
	243708  -  ResidentSetSize of job (KB)
...
006 (518294.000.000) 05/06 21:54:32 Image size of job updated: 1078552
	239  -  MemoryUsage of job (MB)
	243716  -  ResidentSetSize of job (KB)
...
005 (518294.000.000) 05/06 21:54:36 Job terminated.
	(1) Normal termination (return value 0)
		Usr 0 00:18:30, Sys 0 00:00:32  -  Run Remote Usage
		Usr 0 00:00:00, Sys 0 00:00:00  -  Run Local Usage
		Usr 0 00:18:30, Sys 0 00:00:32  -  Total Remote Usage
		Usr 0 00:00:00, Sys 0 00:00:00  -  Total Local Usage
	0  -  Run Bytes Sent By Job
	0  -  Run Bytes Received By Job
	0  -  Total Bytes Sent By Job
	0  -  Total Bytes Received By Job
	Partitionable Resources :    Usage  Request Allocated
	   Cpus                 :                 1         1
	   Disk (KB)            :        2        2    792422
	   Gpus                 :                           0
	   Memory (MB)          :      239        1     12899
...
000 (381862.000.000) 05/07 00:29:04 Job submitted from host: <128.83.144.155:57685?addrs=128.83.144.155-57685>
...
001 (381862.000.000) 05/07 00:29:19 Job executing on host: <128.83.120.230:37764?addrs=128.83.120.230-37764>
...
006 (381862.000.000) 05/07 00:29:27 Image size of job updated: 776876
	56  -  MemoryUsage of job (MB)
	56948  -  ResidentSetSize of job (KB)
...
006 (381862.000.000) 05/07 00:34:27 Image size of job updated: 1078536
	238  -  MemoryUsage of job (MB)
	243660  -  ResidentSetSize of job (KB)
...
006 (381862.000.000) 05/07 00:39:27 Image size of job updated: 1078552
	239  -  MemoryUsage of job (MB)
	243888  -  ResidentSetSize of job (KB)
...
006 (381862.000.000) 05/07 00:48:50 Image size of job updated: 1078556
	239  -  MemoryUsage of job (MB)
	243888  -  ResidentSetSize of job (KB)
...
005 (381862.000.000) 05/07 00:48:50 Job terminated.
	(1) Normal termination (return value 0)
		Usr 0 00:17:44, Sys 0 00:00:27  -  Run Remote Usage
		Usr 0 00:00:00, Sys 0 00:00:00  -  Run Local Usage
		Usr 0 00:17:44, Sys 0 00:00:27  -  Total Remote Usage
		Usr 0 00:00:00, Sys 0 00:00:00  -  Total Local Usage
	0  -  Run Bytes Sent By Job
	0  -  Run Bytes Received By Job
	0  -  Total Bytes Sent By Job
	0  -  Total Bytes Received By Job
	Partitionable Resources :    Usage  Request Allocated
	   Cpus                 :                 1         1
	   Disk (KB)            :        2        2    792421
	   Gpus                 :                           0
	   Memory (MB)          :      239        1     12899
...
