000 (516114.000.000) 05/05 17:13:22 Job submitted from host: <128.83.144.149:44250?addrs=128.83.144.149-44250>
...
009 (516114.000.000) 05/05 17:14:26 Job was aborted by the user.
	via condor_rm (by user ypei)
...
000 (516321.000.000) 05/05 17:15:06 Job submitted from host: <128.83.144.149:44250?addrs=128.83.144.149-44250>
...
009 (516321.000.000) 05/05 17:18:07 Job was aborted by the user.
	via condor_rm (by user ypei)
...
000 (516528.000.000) 05/05 17:18:37 Job submitted from host: <128.83.144.149:44250?addrs=128.83.144.149-44250>
...
009 (516528.000.000) 05/05 17:21:26 Job was aborted by the user.
	via condor_rm (by user ypei)
...
000 (517149.000.000) 05/05 17:22:00 Job submitted from host: <128.83.144.149:44250?addrs=128.83.144.149-44250>
...
001 (517149.000.000) 05/05 17:39:15 Job executing on host: <128.83.144.96:35052?addrs=128.83.144.96-35052>
...
006 (517149.000.000) 05/05 17:39:23 Image size of job updated: 771032
	61  -  MemoryUsage of job (MB)
	62344  -  ResidentSetSize of job (KB)
...
006 (517149.000.000) 05/05 17:44:23 Image size of job updated: 939144
	134  -  MemoryUsage of job (MB)
	136868  -  ResidentSetSize of job (KB)
...
006 (517149.000.000) 05/05 17:49:23 Image size of job updated: 939172
	148  -  MemoryUsage of job (MB)
	151444  -  ResidentSetSize of job (KB)
...
006 (517149.000.000) 05/05 17:51:52 Image size of job updated: 939212
	148  -  MemoryUsage of job (MB)
	151444  -  ResidentSetSize of job (KB)
...
005 (517149.000.000) 05/05 17:51:52 Job terminated.
	(1) Normal termination (return value 0)
		Usr 0 00:12:23, Sys 0 00:00:05  -  Run Remote Usage
		Usr 0 00:00:00, Sys 0 00:00:00  -  Run Local Usage
		Usr 0 00:12:23, Sys 0 00:00:05  -  Total Remote Usage
		Usr 0 00:00:00, Sys 0 00:00:00  -  Total Local Usage
	0  -  Run Bytes Sent By Job
	0  -  Run Bytes Received By Job
	0  -  Total Bytes Sent By Job
	0  -  Total Bytes Received By Job
	Partitionable Resources :    Usage  Request Allocated
	   Cpus                 :                 1         1
	   Disk (KB)            :        1        1   2234941
	   Gpus                 :                           0
	   Memory (MB)          :      148        1      4028
...
000 (382580.000.000) 05/07 03:40:02 Job submitted from host: <128.83.144.155:57685?addrs=128.83.144.155-57685>
...
001 (382580.000.000) 05/07 04:24:13 Job executing on host: <128.83.139.6:57138?addrs=128.83.139.6-57138>
...
006 (382580.000.000) 05/07 04:24:22 Image size of job updated: 341136
	22  -  MemoryUsage of job (MB)
	22088  -  ResidentSetSize of job (KB)
...
006 (382580.000.000) 05/07 04:29:23 Image size of job updated: 939304
	126  -  MemoryUsage of job (MB)
	128212  -  ResidentSetSize of job (KB)
...
006 (382580.000.000) 05/07 04:34:23 Image size of job updated: 939348
	137  -  MemoryUsage of job (MB)
	140208  -  ResidentSetSize of job (KB)
...
006 (382580.000.000) 05/07 04:39:23 Image size of job updated: 939388
	144  -  MemoryUsage of job (MB)
	146516  -  ResidentSetSize of job (KB)
...
005 (382580.000.000) 05/07 04:41:07 Job terminated.
	(1) Normal termination (return value 0)
		Usr 0 00:16:25, Sys 0 00:00:20  -  Run Remote Usage
		Usr 0 00:00:00, Sys 0 00:00:00  -  Run Local Usage
		Usr 0 00:16:25, Sys 0 00:00:20  -  Total Remote Usage
		Usr 0 00:00:00, Sys 0 00:00:00  -  Total Local Usage
	0  -  Run Bytes Sent By Job
	0  -  Run Bytes Received By Job
	0  -  Total Bytes Sent By Job
	0  -  Total Bytes Received By Job
	Partitionable Resources :    Usage  Request Allocated
	   Cpus                 :                 1         1
	   Disk (KB)            :        1        1   1661813
	   Gpus                 :                           0
	   Memory (MB)          :      144        1     12899
...
000 (518598.000.000) 05/07 13:18:27 Job submitted from host: <128.83.144.149:44250?addrs=128.83.144.149-44250>
...
009 (518598.000.000) 05/07 13:23:37 Job was aborted by the user.
	via condor_rm (by user ypei)
...
000 (518805.000.000) 05/07 13:24:01 Job submitted from host: <128.83.144.149:44250?addrs=128.83.144.149-44250>
...
001 (518805.000.000) 05/07 13:39:44 Job executing on host: <128.83.144.147:58788?addrs=128.83.144.147-58788>
...
006 (518805.000.000) 05/07 13:39:53 Image size of job updated: 766164
	57  -  MemoryUsage of job (MB)
	57376  -  ResidentSetSize of job (KB)
...
006 (518805.000.000) 05/07 13:44:54 Image size of job updated: 939624
	130  -  MemoryUsage of job (MB)
	132320  -  ResidentSetSize of job (KB)
...
006 (518805.000.000) 05/07 13:49:55 Image size of job updated: 939636
	138  -  MemoryUsage of job (MB)
	140808  -  ResidentSetSize of job (KB)
...
006 (518805.000.000) 05/07 13:53:08 Image size of job updated: 939676
	138  -  MemoryUsage of job (MB)
	140808  -  ResidentSetSize of job (KB)
...
005 (518805.000.000) 05/07 13:53:08 Job terminated.
	(1) Normal termination (return value 0)
		Usr 0 00:13:01, Sys 0 00:00:06  -  Run Remote Usage
		Usr 0 00:00:00, Sys 0 00:00:00  -  Run Local Usage
		Usr 0 00:13:01, Sys 0 00:00:06  -  Total Remote Usage
		Usr 0 00:00:00, Sys 0 00:00:00  -  Total Local Usage
	0  -  Run Bytes Sent By Job
	0  -  Run Bytes Received By Job
	0  -  Total Bytes Sent By Job
	0  -  Total Bytes Received By Job
	Partitionable Resources :    Usage  Request Allocated
	   Cpus                 :                 1         1
	   Disk (KB)            :        1        1   1862075
	   Gpus                 :                           0
	   Memory (MB)          :      138        1     21164
...
000 (519219.000.000) 05/07 14:36:43 Job submitted from host: <128.83.144.149:44250?addrs=128.83.144.149-44250>
...
001 (519219.000.000) 05/07 14:52:12 Job executing on host: <128.83.144.147:58788?addrs=128.83.144.147-58788>
...
006 (519219.000.000) 05/07 14:52:21 Image size of job updated: 781800
	66  -  MemoryUsage of job (MB)
	66576  -  ResidentSetSize of job (KB)
...
006 (519219.000.000) 05/07 14:57:22 Image size of job updated: 939624
	129  -  MemoryUsage of job (MB)
	131708  -  ResidentSetSize of job (KB)
...
006 (519219.000.000) 05/07 15:02:22 Image size of job updated: 939636
	137  -  MemoryUsage of job (MB)
	139868  -  ResidentSetSize of job (KB)
...
006 (519219.000.000) 05/07 15:05:32 Image size of job updated: 939676
	137  -  MemoryUsage of job (MB)
	139868  -  ResidentSetSize of job (KB)
...
005 (519219.000.000) 05/07 15:05:32 Job terminated.
	(1) Normal termination (return value 0)
		Usr 0 00:13:02, Sys 0 00:00:06  -  Run Remote Usage
		Usr 0 00:00:00, Sys 0 00:00:00  -  Run Local Usage
		Usr 0 00:13:02, Sys 0 00:00:06  -  Total Remote Usage
		Usr 0 00:00:00, Sys 0 00:00:00  -  Total Local Usage
	0  -  Run Bytes Sent By Job
	0  -  Run Bytes Received By Job
	0  -  Total Bytes Sent By Job
	0  -  Total Bytes Received By Job
	Partitionable Resources :    Usage  Request Allocated
	   Cpus                 :                 1         1
	   Disk (KB)            :        1        1   1911592
	   Gpus                 :                           0
	   Memory (MB)          :      137        1     21164
...
000 (382994.000.000) 05/07 20:17:07 Job submitted from host: <128.83.144.155:57685?addrs=128.83.144.155-57685>
...
001 (382994.000.000) 05/07 20:54:46 Job executing on host: <128.83.139.14:44306?addrs=128.83.139.14-44306>
...
006 (382994.000.000) 05/07 20:54:54 Image size of job updated: 2
	2  -  MemoryUsage of job (MB)
	1676  -  ResidentSetSize of job (KB)
...
006 (382994.000.000) 05/07 20:59:54 Image size of job updated: 939304
	124  -  MemoryUsage of job (MB)
	126916  -  ResidentSetSize of job (KB)
...
006 (382994.000.000) 05/07 21:04:55 Image size of job updated: 939604
	131  -  MemoryUsage of job (MB)
	134000  -  ResidentSetSize of job (KB)
...
006 (382994.000.000) 05/07 21:09:55 Image size of job updated: 939604
	137  -  MemoryUsage of job (MB)
	139848  -  ResidentSetSize of job (KB)
...
006 (382994.000.000) 05/07 21:12:58 Image size of job updated: 939644
	137  -  MemoryUsage of job (MB)
	139848  -  ResidentSetSize of job (KB)
...
005 (382994.000.000) 05/07 21:12:58 Job terminated.
	(1) Normal termination (return value 0)
		Usr 0 00:17:31, Sys 0 00:00:21  -  Run Remote Usage
		Usr 0 00:00:00, Sys 0 00:00:00  -  Run Local Usage
		Usr 0 00:17:31, Sys 0 00:00:21  -  Total Remote Usage
		Usr 0 00:00:00, Sys 0 00:00:00  -  Total Local Usage
	0  -  Run Bytes Sent By Job
	0  -  Run Bytes Received By Job
	0  -  Total Bytes Sent By Job
	0  -  Total Bytes Received By Job
	Partitionable Resources :    Usage  Request Allocated
	   Cpus                 :                 1         1
	   Disk (KB)            :        2        2   1675497
	   Gpus                 :                           0
	   Memory (MB)          :      137        1     12899
...
000 (384236.000.000) 05/08 05:53:09 Job submitted from host: <128.83.144.155:57685?addrs=128.83.144.155-57685>
...
001 (384236.000.000) 05/08 06:30:33 Job executing on host: <128.83.139.9:47643?addrs=128.83.139.9-47643>
...
006 (384236.000.000) 05/08 06:30:42 Image size of job updated: 936572
	81  -  MemoryUsage of job (MB)
	82588  -  ResidentSetSize of job (KB)
...
006 (384236.000.000) 05/08 06:35:43 Image size of job updated: 939560
	126  -  MemoryUsage of job (MB)
	128128  -  ResidentSetSize of job (KB)
...
006 (384236.000.000) 05/08 06:40:43 Image size of job updated: 939604
	132  -  MemoryUsage of job (MB)
	134236  -  ResidentSetSize of job (KB)
...
006 (384236.000.000) 05/08 06:45:43 Image size of job updated: 939644
	138  -  MemoryUsage of job (MB)
	140708  -  ResidentSetSize of job (KB)
...
005 (384236.000.000) 05/08 06:47:32 Job terminated.
	(1) Normal termination (return value 0)
		Usr 0 00:16:24, Sys 0 00:00:17  -  Run Remote Usage
		Usr 0 00:00:00, Sys 0 00:00:00  -  Run Local Usage
		Usr 0 00:16:24, Sys 0 00:00:17  -  Total Remote Usage
		Usr 0 00:00:00, Sys 0 00:00:00  -  Total Local Usage
	0  -  Run Bytes Sent By Job
	0  -  Run Bytes Received By Job
	0  -  Total Bytes Sent By Job
	0  -  Total Bytes Received By Job
	Partitionable Resources :    Usage  Request Allocated
	   Cpus                 :                 1         1
	   Disk (KB)            :        1        1   1678545
	   Gpus                 :                           0
	   Memory (MB)          :      138        1     12899
...
000 (417629.000.000) 05/09 03:37:35 Job submitted from host: <128.83.144.154:52346?addrs=128.83.144.154-52346>
...
001 (417629.000.000) 05/09 04:12:54 Job executing on host: <128.83.144.84:60326?addrs=128.83.144.84-60326>
...
006 (417629.000.000) 05/09 04:13:03 Image size of job updated: 2
	2  -  MemoryUsage of job (MB)
	1632  -  ResidentSetSize of job (KB)
...
006 (417629.000.000) 05/09 04:18:04 Image size of job updated: 939624
	133  -  MemoryUsage of job (MB)
	135736  -  ResidentSetSize of job (KB)
...
006 (417629.000.000) 05/09 04:23:04 Image size of job updated: 939636
	141  -  MemoryUsage of job (MB)
	144256  -  ResidentSetSize of job (KB)
...
006 (417629.000.000) 05/09 04:26:40 Image size of job updated: 939676
	141  -  MemoryUsage of job (MB)
	144256  -  ResidentSetSize of job (KB)
...
005 (417629.000.000) 05/09 04:26:40 Job terminated.
	(1) Normal termination (return value 0)
		Usr 0 00:13:27, Sys 0 00:00:06  -  Run Remote Usage
		Usr 0 00:00:00, Sys 0 00:00:00  -  Run Local Usage
		Usr 0 00:13:27, Sys 0 00:00:06  -  Total Remote Usage
		Usr 0 00:00:00, Sys 0 00:00:00  -  Total Local Usage
	0  -  Run Bytes Sent By Job
	0  -  Run Bytes Received By Job
	0  -  Total Bytes Sent By Job
	0  -  Total Bytes Received By Job
	Partitionable Resources :    Usage  Request Allocated
	   Cpus                 :                 1         1
	   Disk (KB)            :        2        2   7541873
	   Gpus                 :                           0
	   Memory (MB)          :      141        1      4027
...
