000 (15005701.000.000) 08/01 19:38:47 Job submitted from host: <128.83.130.153:51299?addrs=128.83.130.153-51299>
...
001 (15005701.000.000) 08/01 19:39:11 Job executing on host: <128.83.120.75:36144?addrs=128.83.120.75-36144>
...
006 (15005701.000.000) 08/01 19:39:19 Image size of job updated: 3441308
	185  -  MemoryUsage of job (MB)
	188664  -  ResidentSetSize of job (KB)
...
006 (15005701.000.000) 08/01 19:44:19 Image size of job updated: 4091940
	400  -  MemoryUsage of job (MB)
	408852  -  ResidentSetSize of job (KB)
...
006 (15005701.000.000) 08/01 19:49:20 Image size of job updated: 4224820
	546  -  MemoryUsage of job (MB)
	558252  -  ResidentSetSize of job (KB)
...
006 (15005701.000.000) 08/01 19:54:21 Image size of job updated: 4290372
	671  -  MemoryUsage of job (MB)
	686788  -  ResidentSetSize of job (KB)
...
006 (15005701.000.000) 08/01 19:59:21 Image size of job updated: 4421448
	820  -  MemoryUsage of job (MB)
	838820  -  ResidentSetSize of job (KB)
...
006 (15005701.000.000) 08/01 20:04:21 Image size of job updated: 4486984
	976  -  MemoryUsage of job (MB)
	998640  -  ResidentSetSize of job (KB)
...
006 (15005701.000.000) 08/01 20:06:24 Image size of job updated: 4552532
	976  -  MemoryUsage of job (MB)
	998640  -  ResidentSetSize of job (KB)
...
005 (15005701.000.000) 08/01 20:06:24 Job terminated.
	(1) Normal termination (return value 0)
		Usr 0 00:28:24, Sys 0 00:00:25  -  Run Remote Usage
		Usr 0 00:00:00, Sys 0 00:00:00  -  Run Local Usage
		Usr 0 00:28:24, Sys 0 00:00:25  -  Total Remote Usage
		Usr 0 00:00:00, Sys 0 00:00:00  -  Total Local Usage
	0  -  Run Bytes Sent By Job
	0  -  Run Bytes Received By Job
	0  -  Total Bytes Sent By Job
	0  -  Total Bytes Received By Job
	Partitionable Resources :    Usage  Request Allocated
	   Cpus                 :                 1         1
	   Disk (KB)            :        1        1   8862903
	   Gpus                 :                           0
	   Memory (MB)          :      976        1      4028
...
