[SNIPER] Start
Sampler: 4, 32, 0
itlb_cache: 32, 1
itlb_cache_L1: 32, 1
Sampler: 4, 128, 0
dtlb_cache: 128, 4
dtlb_cache_L1: 128, 4
L1-I 2
Sampler: 4, 4, 128
L1-I: 2048, 64
L1-I_L1: 2048, 64
L1-D 3
Sampler: 4, 8, 32
L1-D: 1024, 32
L1-D_L1: 1024, 32
L2 4
Sampler: 122, 16, 16
L2: 32768, 1024
L2_L1: 32768, 1024
Executing Python script /v/filer4b/v20q001/ypei/Desktop/cs395t-lin/output/low_bandwidth/run_all_hybrid_headroom9/astar/9/sim.scripts.py
[STOPBYICOUNT] Starting in ROI (detail)
[STOPBYICOUNT] Then stopping after simulating at least 250000000 instructions in detail
[SNIPER] --------------------------------------------------------------------------------
[SNIPER] Sniper using SIFT/trace-driven frontend
[SNIPER] Running full application in DETAILED mode
[SNIPER] --------------------------------------------------------------------------------
[SNIPER] Enabling performance models
[SNIPER] Setting instrumentation mode to DETAILED
[STOPBYICOUNT] Ending ROI after 250000002 instructions (250000000 requested)
[SNIPER] Disabling performance models
[SNIPER] Leaving ROI after 1454.59 seconds
[SNIPER] Simulated 250.0M instructions, 1669.4M cycles, 0.15 IPC
[SNIPER] Simulation speed 171.9 KIPS (171.9 KIPS / target core - 5818.4ns/instr)
[SNIPER] Setting instrumentation mode to FAST_FORWARD
[app0] [SIFT_RECORDER] sift_writer.cc:550: Sift::Mode Sift::Writer::Sync(): Assertion `!response->fail()' failed.
Hawkeye Victims: 0
LRU Victims: 0
Hawkeye Victims: 0
LRU Victims: 0
Hawkeye Victims: 0
LRU Victims: 0
[app0] Pin app terminated abnormally due to signal 6.
a test for execution

Inserted: 0
Redundant.progress: 0
Redundant.cache: 0
Redundant.buffer: 0
Hawkeye Victims: 0
LRU Victims: 0
a test for execution

Inserted: 0
Redundant.progress: 0
Redundant.cache: 0
Redundant.buffer: 0
Hawkeye Victims: 0
LRU Victims: 0
 =========================================================== 
Triggers: 8352524
Repeats: 0

Same addr: 3528473 42.2444
New addr: 310 0.00371145

Distribution of new addresses: 
Stream Head: 257 82.9032
Stream Divergence: 4617740 1.48959e+06

Invalidation count: 4689248 1.51266e+06
No Conflict count: 72143 23271.9
Same Stream count: 0 0
New Stream count: 0 0

Not found: 4821280
On Chip Mispredictions: 0
 =========================================================== 
Distribution of predictions: 
Predict Init: 8220182 98.4155
Total Predictions: 8179431
Predict OCI Miss: 8328 0.101312
Predict Stream End: 40751 0.495743
Buffer Success: 0 0
Stride Distribution: 0, 5189610, 459586, 242466, 179400, 83490, 86020, 36800, 59800, 840282, 81144, 41262, 45356, 63756, 48208, 31556, 17756, 0, 30452, 0, 18400, 0, 0, 0, 30452, 0, 0, 0, 0, 0, 44022, 0, 38226, 0, 0, 0, 46138, 0, 0, 0, 23000, 0, 0, 0, 0, 0, 0, 0, 0, 0, 0, 0, 0, 0, 0, 0, 0, 0, 0, 0, 0, 0, 0, 0, 0, 0, 33, 0, 0, 0, 0, 0, 37872944, 0, 49, 0, 15, 0, 15, 0, 0, 6644585, 1868787317, 1915577714, 1702195557, 7566451, 113, 0, 5073232, 0, 34546336, 0, 0, 0, 5073232, 0, 35104752, 0, 0, 0, 5073232, 0, 35377072, 0, 0, 0, 5165152, 0, 193404272, 11122, 0, 11122, 37871248, 0, 49, 0, 6, 0, 6, 0, 0, 0, 1919906931, 29541, 48, 0, 49, 0, 
a test for execution

Inserted: 8792577
Redundant.progress: 77169
Redundant.cache: 5196200
Redundant.buffer: 0
[SNIPER] End
[SNIPER] Elapsed time: 1457.33 seconds
