000 (15005548.000.000) 08/01 18:26:28 Job submitted from host: <128.83.130.153:51299?addrs=128.83.130.153-51299>
...
001 (15005548.000.000) 08/01 18:26:37 Job executing on host: <128.83.120.75:36144?addrs=128.83.120.75-36144>
...
006 (15005548.000.000) 08/01 18:26:37 Image size of job updated: 1
	0  -  MemoryUsage of job (MB)
	0  -  ResidentSetSize of job (KB)
...
005 (15005548.000.000) 08/01 18:26:37 Job terminated.
	(1) Normal termination (return value 126)
		Usr 0 00:00:00, Sys 0 00:00:00  -  Run Remote Usage
		Usr 0 00:00:00, Sys 0 00:00:00  -  Run Local Usage
		Usr 0 00:00:00, Sys 0 00:00:00  -  Total Remote Usage
		Usr 0 00:00:00, Sys 0 00:00:00  -  Total Local Usage
	0  -  Run Bytes Sent By Job
	0  -  Run Bytes Received By Job
	0  -  Total Bytes Sent By Job
	0  -  Total Bytes Received By Job
	Partitionable Resources :    Usage  Request Allocated
	   Cpus                 :                 1         1
	   Disk (KB)            :        1        1   8862904
	   Gpus                 :                           0
	   Memory (MB)          :        0        1      4028
...
000 (15005623.000.000) 08/01 18:32:03 Job submitted from host: <128.83.130.153:51299?addrs=128.83.130.153-51299>
...
001 (15005623.000.000) 08/01 18:32:32 Job executing on host: <128.83.120.75:36144?addrs=128.83.120.75-36144>
...
006 (15005623.000.000) 08/01 18:32:40 Image size of job updated: 3565772
	182  -  MemoryUsage of job (MB)
	185616  -  ResidentSetSize of job (KB)
...
006 (15005623.000.000) 08/01 18:37:40 Image size of job updated: 4229764
	565  -  MemoryUsage of job (MB)
	578376  -  ResidentSetSize of job (KB)
...
006 (15005623.000.000) 08/01 18:42:41 Image size of job updated: 4232348
	611  -  MemoryUsage of job (MB)
	625288  -  ResidentSetSize of job (KB)
...
006 (15005623.000.000) 08/01 18:47:42 Image size of job updated: 4232528
	630  -  MemoryUsage of job (MB)
	644732  -  ResidentSetSize of job (KB)
...
006 (15005623.000.000) 08/01 18:52:42 Image size of job updated: 4232820
	648  -  MemoryUsage of job (MB)
	662848  -  ResidentSetSize of job (KB)
...
006 (15005623.000.000) 08/01 18:57:42 Image size of job updated: 4233096
	662  -  MemoryUsage of job (MB)
	677148  -  ResidentSetSize of job (KB)
...
006 (15005623.000.000) 08/01 19:02:43 Image size of job updated: 4233096
	669  -  MemoryUsage of job (MB)
	684248  -  ResidentSetSize of job (KB)
...
006 (15005623.000.000) 08/01 19:07:44 Image size of job updated: 4233992
	690  -  MemoryUsage of job (MB)
	706088  -  ResidentSetSize of job (KB)
...
006 (15005623.000.000) 08/01 19:12:44 Image size of job updated: 4299836
	702  -  MemoryUsage of job (MB)
	718056  -  ResidentSetSize of job (KB)
...
006 (15005623.000.000) 08/01 19:14:23 Image size of job updated: 4299840
	702  -  MemoryUsage of job (MB)
	718056  -  ResidentSetSize of job (KB)
...
005 (15005623.000.000) 08/01 19:14:23 Job terminated.
	(1) Normal termination (return value 0)
		Usr 0 00:44:05, Sys 0 00:00:51  -  Run Remote Usage
		Usr 0 00:00:00, Sys 0 00:00:00  -  Run Local Usage
		Usr 0 00:44:05, Sys 0 00:00:51  -  Total Remote Usage
		Usr 0 00:00:00, Sys 0 00:00:00  -  Total Local Usage
	0  -  Run Bytes Sent By Job
	0  -  Run Bytes Received By Job
	0  -  Total Bytes Sent By Job
	0  -  Total Bytes Received By Job
	Partitionable Resources :    Usage  Request Allocated
	   Cpus                 :                 1         1
	   Disk (KB)            :        1        1   8862904
	   Gpus                 :                           0
	   Memory (MB)          :      702        1      4028
...
