000 (516054.000.000) 05/05 17:13:16 Job submitted from host: <128.83.144.149:44250?addrs=128.83.144.149-44250>
...
001 (516054.000.000) 05/05 17:13:32 Job executing on host: <128.83.144.13:57145?addrs=128.83.144.13-57145>
...
006 (516054.000.000) 05/05 17:13:41 Image size of job updated: 837820
	56  -  MemoryUsage of job (MB)
	56736  -  ResidentSetSize of job (KB)
...
006 (516054.000.000) 05/05 17:14:29 Image size of job updated: 839512
	56  -  MemoryUsage of job (MB)
	56736  -  ResidentSetSize of job (KB)
...
004 (516054.000.000) 05/05 17:14:29 Job was evicted.
	(0) Job was not checkpointed.
		Usr 0 00:00:00, Sys 0 00:00:00  -  Run Remote Usage
		Usr 0 00:00:00, Sys 0 00:00:00  -  Run Local Usage
	0  -  Run Bytes Sent By Job
	0  -  Run Bytes Received By Job
	Partitionable Resources :    Usage  Request Allocated
	   Cpus                 :                 1         1
	   Disk (KB)            :        1        1    824403
	   Gpus                 :                           0
	   Memory (MB)          :       56        1     12899
...
009 (516054.000.000) 05/05 17:14:30 Job was aborted by the user.
	via condor_rm (by user ypei)
...
000 (516279.000.000) 05/05 17:15:03 Job submitted from host: <128.83.144.149:44250?addrs=128.83.144.149-44250>
...
001 (516279.000.000) 05/05 17:15:29 Job executing on host: <128.83.139.9:47643?addrs=128.83.139.9-47643>
...
006 (516279.000.000) 05/05 17:15:38 Image size of job updated: 838112
	50  -  MemoryUsage of job (MB)
	50868  -  ResidentSetSize of job (KB)
...
006 (516279.000.000) 05/05 17:18:08 Image size of job updated: 1013296
	50  -  MemoryUsage of job (MB)
	50868  -  ResidentSetSize of job (KB)
...
004 (516279.000.000) 05/05 17:18:08 Job was evicted.
	(0) Job was not checkpointed.
		Usr 0 00:00:48, Sys 0 00:00:02  -  Run Remote Usage
		Usr 0 00:00:00, Sys 0 00:00:00  -  Run Local Usage
	0  -  Run Bytes Sent By Job
	0  -  Run Bytes Received By Job
	Partitionable Resources :    Usage  Request Allocated
	   Cpus                 :                 1         1
	   Disk (KB)            :        1        1   1654205
	   Gpus                 :                           0
	   Memory (MB)          :       50        1     12899
...
009 (516279.000.000) 05/05 17:18:09 Job was aborted by the user.
	via condor_rm (by user ypei)
...
000 (516486.000.000) 05/05 17:18:33 Job submitted from host: <128.83.144.149:44250?addrs=128.83.144.149-44250>
...
001 (516486.000.000) 05/05 17:19:01 Job executing on host: <128.83.139.9:47643?addrs=128.83.139.9-47643>
...
006 (516486.000.000) 05/05 17:19:10 Image size of job updated: 838116
	56  -  MemoryUsage of job (MB)
	56980  -  ResidentSetSize of job (KB)
...
006 (516486.000.000) 05/05 17:21:23 Image size of job updated: 1013300
	186  -  MemoryUsage of job (MB)
	189520  -  ResidentSetSize of job (KB)
...
004 (516486.000.000) 05/05 17:21:23 Job was evicted.
	(0) Job was not checkpointed.
		Usr 0 00:01:06, Sys 0 00:00:02  -  Run Remote Usage
		Usr 0 00:00:00, Sys 0 00:00:00  -  Run Local Usage
	0  -  Run Bytes Sent By Job
	0  -  Run Bytes Received By Job
	Partitionable Resources :    Usage  Request Allocated
	   Cpus                 :                 1         1
	   Disk (KB)            :        1        1   1654205
	   Gpus                 :                           0
	   Memory (MB)          :      186        1     12899
...
009 (516486.000.000) 05/05 17:21:23 Job was aborted by the user.
	via condor_rm (by user ypei)
...
000 (517107.000.000) 05/05 17:21:57 Job submitted from host: <128.83.144.149:44250?addrs=128.83.144.149-44250>
...
001 (517107.000.000) 05/05 17:22:25 Job executing on host: <128.83.139.15:46714?addrs=128.83.139.15-46714>
...
006 (517107.000.000) 05/05 17:22:33 Image size of job updated: 340328
	21  -  MemoryUsage of job (MB)
	21420  -  ResidentSetSize of job (KB)
...
006 (517107.000.000) 05/05 17:27:33 Image size of job updated: 1014068
	205  -  MemoryUsage of job (MB)
	209512  -  ResidentSetSize of job (KB)
...
006 (517107.000.000) 05/05 17:32:33 Image size of job updated: 1014080
	213  -  MemoryUsage of job (MB)
	217812  -  ResidentSetSize of job (KB)
...
006 (517107.000.000) 05/05 17:37:34 Image size of job updated: 1014080
	218  -  MemoryUsage of job (MB)
	222744  -  ResidentSetSize of job (KB)
...
005 (517107.000.000) 05/05 17:38:28 Job terminated.
	(1) Normal termination (return value 0)
		Usr 0 00:14:12, Sys 0 00:00:15  -  Run Remote Usage
		Usr 0 00:00:00, Sys 0 00:00:00  -  Run Local Usage
		Usr 0 00:14:12, Sys 0 00:00:15  -  Total Remote Usage
		Usr 0 00:00:00, Sys 0 00:00:00  -  Total Local Usage
	0  -  Run Bytes Sent By Job
	0  -  Run Bytes Received By Job
	0  -  Total Bytes Sent By Job
	0  -  Total Bytes Received By Job
	Partitionable Resources :    Usage  Request Allocated
	   Cpus                 :                 1         1
	   Disk (KB)            :        1        1   1684661
	   Gpus                 :                           0
	   Memory (MB)          :      218        1     12899
...
000 (382538.000.000) 05/07 03:39:59 Job submitted from host: <128.83.144.155:57685?addrs=128.83.144.155-57685>
...
001 (382538.000.000) 05/07 04:19:38 Job executing on host: <128.83.139.6:57138?addrs=128.83.139.6-57138>
...
006 (382538.000.000) 05/07 04:19:47 Image size of job updated: 840176
	58  -  MemoryUsage of job (MB)
	59356  -  ResidentSetSize of job (KB)
...
006 (382538.000.000) 05/07 04:24:48 Image size of job updated: 1014236
	188  -  MemoryUsage of job (MB)
	192320  -  ResidentSetSize of job (KB)
...
006 (382538.000.000) 05/07 04:29:48 Image size of job updated: 1014248
	191  -  MemoryUsage of job (MB)
	195480  -  ResidentSetSize of job (KB)
...
006 (382538.000.000) 05/07 04:34:48 Image size of job updated: 1014252
	193  -  MemoryUsage of job (MB)
	197120  -  ResidentSetSize of job (KB)
...
005 (382538.000.000) 05/07 04:36:51 Job terminated.
	(1) Normal termination (return value 0)
		Usr 0 00:16:35, Sys 0 00:00:28  -  Run Remote Usage
		Usr 0 00:00:00, Sys 0 00:00:00  -  Run Local Usage
		Usr 0 00:16:35, Sys 0 00:00:28  -  Total Remote Usage
		Usr 0 00:00:00, Sys 0 00:00:00  -  Total Local Usage
	0  -  Run Bytes Sent By Job
	0  -  Run Bytes Received By Job
	0  -  Total Bytes Sent By Job
	0  -  Total Bytes Received By Job
	Partitionable Resources :    Usage  Request Allocated
	   Cpus                 :                 1         1
	   Disk (KB)            :        1        1   1661813
	   Gpus                 :                           0
	   Memory (MB)          :      193        1     12899
...
000 (518556.000.000) 05/07 13:18:23 Job submitted from host: <128.83.144.149:44250?addrs=128.83.144.149-44250>
...
001 (518556.000.000) 05/07 13:18:56 Job executing on host: <128.83.139.142:37279?addrs=128.83.139.142-37279>
...
006 (518556.000.000) 05/07 13:19:05 Image size of job updated: 838116
	54  -  MemoryUsage of job (MB)
	54972  -  ResidentSetSize of job (KB)
...
006 (518556.000.000) 05/07 13:23:36 Image size of job updated: 1014252
	54  -  MemoryUsage of job (MB)
	54972  -  ResidentSetSize of job (KB)
...
004 (518556.000.000) 05/07 13:23:36 Job was evicted.
	(0) Job was not checkpointed.
		Usr 0 00:03:15, Sys 0 00:00:04  -  Run Remote Usage
		Usr 0 00:00:00, Sys 0 00:00:00  -  Run Local Usage
	0  -  Run Bytes Sent By Job
	0  -  Run Bytes Received By Job
	Partitionable Resources :    Usage  Request Allocated
	   Cpus                 :                 1         1
	   Disk (KB)            :        1        1   7532337
	   Gpus                 :                           0
	   Memory (MB)          :       54        1      4027
...
009 (518556.000.000) 05/07 13:23:37 Job was aborted by the user.
	via condor_rm (by user ypei)
...
000 (518763.000.000) 05/07 13:23:57 Job submitted from host: <128.83.144.149:44250?addrs=128.83.144.149-44250>
...
001 (518763.000.000) 05/07 13:24:34 Job executing on host: <128.83.144.5:44408?addrs=128.83.144.5-44408>
...
006 (518763.000.000) 05/07 13:24:42 Image size of job updated: 837980
	56  -  MemoryUsage of job (MB)
	56992  -  ResidentSetSize of job (KB)
...
006 (518763.000.000) 05/07 13:29:42 Image size of job updated: 1014100
	183  -  MemoryUsage of job (MB)
	187168  -  ResidentSetSize of job (KB)
...
006 (518763.000.000) 05/07 13:34:43 Image size of job updated: 1014112
	185  -  MemoryUsage of job (MB)
	189412  -  ResidentSetSize of job (KB)
...
006 (518763.000.000) 05/07 13:39:43 Image size of job updated: 1014112
	187  -  MemoryUsage of job (MB)
	191188  -  ResidentSetSize of job (KB)
...
005 (518763.000.000) 05/07 13:42:06 Job terminated.
	(1) Normal termination (return value 0)
		Usr 0 00:16:22, Sys 0 00:00:29  -  Run Remote Usage
		Usr 0 00:00:00, Sys 0 00:00:00  -  Run Local Usage
		Usr 0 00:16:22, Sys 0 00:00:29  -  Total Remote Usage
		Usr 0 00:00:00, Sys 0 00:00:00  -  Total Local Usage
	0  -  Run Bytes Sent By Job
	0  -  Run Bytes Received By Job
	0  -  Total Bytes Sent By Job
	0  -  Total Bytes Received By Job
	Partitionable Resources :    Usage  Request Allocated
	   Cpus                 :                 1         1
	   Disk (KB)            :        1        1    790322
	   Gpus                 :                           0
	   Memory (MB)          :      187        1     12899
...
000 (519177.000.000) 05/07 14:36:33 Job submitted from host: <128.83.144.149:44250?addrs=128.83.144.149-44250>
...
001 (519177.000.000) 05/07 14:36:41 Job executing on host: <128.83.139.14:44306?addrs=128.83.139.14-44306>
...
006 (519177.000.000) 05/07 14:36:49 Image size of job updated: 837980
	52  -  MemoryUsage of job (MB)
	53112  -  ResidentSetSize of job (KB)
...
006 (519177.000.000) 05/07 14:41:49 Image size of job updated: 1014100
	181  -  MemoryUsage of job (MB)
	185312  -  ResidentSetSize of job (KB)
...
006 (519177.000.000) 05/07 14:46:50 Image size of job updated: 1014112
	184  -  MemoryUsage of job (MB)
	187808  -  ResidentSetSize of job (KB)
...
006 (519177.000.000) 05/07 14:51:51 Image size of job updated: 1014112
	186  -  MemoryUsage of job (MB)
	189608  -  ResidentSetSize of job (KB)
...
006 (519177.000.000) 05/07 14:54:02 Image size of job updated: 1014368
	186  -  MemoryUsage of job (MB)
	189608  -  ResidentSetSize of job (KB)
...
005 (519177.000.000) 05/07 14:54:02 Job terminated.
	(1) Normal termination (return value 0)
		Usr 0 00:15:48, Sys 0 00:00:19  -  Run Remote Usage
		Usr 0 00:00:00, Sys 0 00:00:00  -  Run Local Usage
		Usr 0 00:15:48, Sys 0 00:00:19  -  Total Remote Usage
		Usr 0 00:00:00, Sys 0 00:00:00  -  Total Local Usage
	0  -  Run Bytes Sent By Job
	0  -  Run Bytes Received By Job
	0  -  Total Bytes Sent By Job
	0  -  Total Bytes Received By Job
	Partitionable Resources :    Usage  Request Allocated
	   Cpus                 :                 1         1
	   Disk (KB)            :        1        1   1675512
	   Gpus                 :                           0
	   Memory (MB)          :      186        1     12899
...
000 (382952.000.000) 05/07 20:17:03 Job submitted from host: <128.83.144.155:57685?addrs=128.83.144.155-57685>
...
001 (382952.000.000) 05/07 20:50:21 Job executing on host: <128.83.144.40:59328?addrs=128.83.144.40-59328>
...
006 (382952.000.000) 05/07 20:50:30 Image size of job updated: 2
	2  -  MemoryUsage of job (MB)
	1628  -  ResidentSetSize of job (KB)
...
006 (382952.000.000) 05/07 20:55:31 Image size of job updated: 1014248
	194  -  MemoryUsage of job (MB)
	198304  -  ResidentSetSize of job (KB)
...
006 (382952.000.000) 05/07 21:00:31 Image size of job updated: 1014248
	197  -  MemoryUsage of job (MB)
	201132  -  ResidentSetSize of job (KB)
...
005 (382952.000.000) 05/07 21:01:48 Job terminated.
	(1) Normal termination (return value 0)
		Usr 0 00:11:01, Sys 0 00:00:04  -  Run Remote Usage
		Usr 0 00:00:00, Sys 0 00:00:00  -  Run Local Usage
		Usr 0 00:11:01, Sys 0 00:00:04  -  Total Remote Usage
		Usr 0 00:00:00, Sys 0 00:00:00  -  Total Local Usage
	0  -  Run Bytes Sent By Job
	0  -  Run Bytes Received By Job
	0  -  Total Bytes Sent By Job
	0  -  Total Bytes Received By Job
	Partitionable Resources :    Usage  Request Allocated
	   Cpus                 :                 1         1
	   Disk (KB)            :        2        2   2204445
	   Gpus                 :                           0
	   Memory (MB)          :      197        1      4028
...
000 (384194.000.000) 05/08 05:53:06 Job submitted from host: <128.83.144.155:57685?addrs=128.83.144.155-57685>
...
001 (384194.000.000) 05/08 06:25:07 Job executing on host: <128.83.120.230:37764?addrs=128.83.120.230-37764>
...
006 (384194.000.000) 05/08 06:25:16 Image size of job updated: 845464
	64  -  MemoryUsage of job (MB)
	65256  -  ResidentSetSize of job (KB)
...
006 (384194.000.000) 05/08 06:30:17 Image size of job updated: 1014236
	184  -  MemoryUsage of job (MB)
	187964  -  ResidentSetSize of job (KB)
...
006 (384194.000.000) 05/08 06:35:18 Image size of job updated: 1014248
	186  -  MemoryUsage of job (MB)
	190340  -  ResidentSetSize of job (KB)
...
006 (384194.000.000) 05/08 06:40:18 Image size of job updated: 1014248
	188  -  MemoryUsage of job (MB)
	191960  -  ResidentSetSize of job (KB)
...
005 (384194.000.000) 05/08 06:41:47 Job terminated.
	(1) Normal termination (return value 0)
		Usr 0 00:15:55, Sys 0 00:00:25  -  Run Remote Usage
		Usr 0 00:00:00, Sys 0 00:00:00  -  Run Local Usage
		Usr 0 00:15:55, Sys 0 00:00:25  -  Total Remote Usage
		Usr 0 00:00:00, Sys 0 00:00:00  -  Total Local Usage
	0  -  Run Bytes Sent By Job
	0  -  Run Bytes Received By Job
	0  -  Total Bytes Sent By Job
	0  -  Total Bytes Received By Job
	Partitionable Resources :    Usage  Request Allocated
	   Cpus                 :                 1         1
	   Disk (KB)            :        1        1    792402
	   Gpus                 :                           0
	   Memory (MB)          :      188        1     12899
...
000 (417587.000.000) 05/09 03:37:31 Job submitted from host: <128.83.144.154:52346?addrs=128.83.144.154-52346>
...
001 (417587.000.000) 05/09 04:09:37 Job executing on host: <128.83.120.128:51378?addrs=128.83.120.128-51378>
...
006 (417587.000.000) 05/09 04:09:45 Image size of job updated: 340460
	21  -  MemoryUsage of job (MB)
	21204  -  ResidentSetSize of job (KB)
...
006 (417587.000.000) 05/09 04:14:45 Image size of job updated: 1014236
	183  -  MemoryUsage of job (MB)
	186848  -  ResidentSetSize of job (KB)
...
006 (417587.000.000) 05/09 04:19:46 Image size of job updated: 1014248
	185  -  MemoryUsage of job (MB)
	188668  -  ResidentSetSize of job (KB)
...
006 (417587.000.000) 05/09 04:24:47 Image size of job updated: 1014248
	186  -  MemoryUsage of job (MB)
	189960  -  ResidentSetSize of job (KB)
...
006 (417587.000.000) 05/09 04:29:47 Image size of job updated: 1014248
	187  -  MemoryUsage of job (MB)
	191104  -  ResidentSetSize of job (KB)
...
005 (417587.000.000) 05/09 04:33:29 Job terminated.
	(1) Normal termination (return value 0)
		Usr 0 00:22:41, Sys 0 00:00:39  -  Run Remote Usage
		Usr 0 00:00:00, Sys 0 00:00:00  -  Run Local Usage
		Usr 0 00:22:41, Sys 0 00:00:39  -  Total Remote Usage
		Usr 0 00:00:00, Sys 0 00:00:00  -  Total Local Usage
	0  -  Run Bytes Sent By Job
	0  -  Run Bytes Received By Job
	0  -  Total Bytes Sent By Job
	0  -  Total Bytes Received By Job
	Partitionable Resources :    Usage  Request Allocated
	   Cpus                 :                 1         1
	   Disk (KB)            :        2        2    806117
	   Gpus                 :                           0
	   Memory (MB)          :      187        1     12899
...
