[SNIPER] Start
Sampler: 4, 32, 0
itlb_cache: 32, 1
itlb_cache_L1: 32, 1
Sampler: 4, 128, 0
dtlb_cache: 128, 4
dtlb_cache_L1: 128, 4
L1-I 2
Sampler: 4, 4, 128
L1-I: 2048, 64
L1-I_L1: 2048, 64
L1-D 3
Sampler: 4, 8, 32
L1-D: 1024, 32
L1-D_L1: 1024, 32
L2 4
Sampler: 122, 16, 16
L2: 32768, 1024
L2_L1: 32768, 1024
Executing Python script /v/filer4b/v20q001/ypei/Desktop/cs395t-lin/output/low_bandwidth/run_all_hybrid_headroom9/omnetpp/26/sim.scripts.py
[STOPBYICOUNT] Starting in ROI (detail)
[STOPBYICOUNT] Then stopping after simulating at least 250000000 instructions in detail
[SNIPER] --------------------------------------------------------------------------------
[SNIPER] Sniper using SIFT/trace-driven frontend
[SNIPER] Running full application in DETAILED mode
[SNIPER] --------------------------------------------------------------------------------
[SNIPER] Enabling performance models
[SNIPER] Setting instrumentation mode to DETAILED
[app0] ering DSAP 241
[app0] Autoconfig: advertising that we only support half-duplex operation
[app0] largeNet.mlanBB[105].hhost[0].srv registering DSAP 241
[app0] largeNet.mlanBB[105].hhost[1].srv registering DSAP 241
[app0] largeNet.mlanBB[105].hhost[2].srv registering DSAP 241
[app0] largeNet.mlanBB[105].hhost[3].srv registering DSAP 241
[app0] largeNet.mlanBB[105].hhost[4].srv registering DSAP 241
[app0] Parameters of (MACRelayUnitNP) largeNet.mlanBB[106].switch.relayUnit
[app0] number of processors: 1
[app0] processing time: 1e-05
[app0] ports: 14
[app0] buffer size: 1048576
[app0] address table size: 100
[app0] aging time: 120
[app0] high watermark: 524288
[app0] pause time: 300
[app0] 
[app0] largeNet.mlanBB[106].host[0].srv registering DSAP 241
[app0] largeNet.mlanBB[106].host[1].srv registering DSAP 241
[app0] largeNet.mlanBB[106].host[2].srv registering DSAP 241
[app0] largeNet.mlanBB[106].host[3].srv registering DSAP 241
[app0] largeNet.mlanBB[106].host[4].srv registering DSAP 241
[app0] largeNet.mlanBB[106].host[5].srv registering DSAP 241
[app0] largeNet.mlanBB[106].host[6].srv registering DSAP 241
[app0] largeNet.mlanBB[106].host[7].srv registering DSAP 241
[app0] largeNet.mlanBB[106].host[8].srv registering DSAP 241
[app0] largeNet.mlanBB[106].host[9].srv registering DSAP 241
[app0] largeNet.mlanBB[106].host[10].srv registering DSAP 241
[app0] largeNet.mlanBB[106].host[11].srv registering DSAP 241
[app0] Autoconfig: advertising that we only support half-duplex operation
[app0] largeNet.mlanBB[106].hhost[0].srv registering DSAP 241
[app0] largeNet.mlanBB[106].hhost[1].srv registering DSAP 241
[app0] largeNet.mlanBB[106].hhost[2].srv registering DSAP 241
[app0] largeNet.mlanBB[106].hhost[3].srv registering DSAP 241
[app0] largeNet.mlanBB[106].hhost[4].srv registering DSAP 241
[app0] Parameters of (MACRelayUnitNP) largeNet.mlanBB[107].switch.relayUnit
[app0] number of processors: 1
[app0] processing time: 1e-05
[app0] ports: 14
[app0] buffer size: 1048576
[app0] address table size: 100
[app0] aging time: 120
[app0] high watermark: 524288
[app0] pause time: 300
[app0] 
[app0] largeNet.mlanBB[107].host[0].srv registering DSAP 241
[app0] largeNet.mlanBB[107].host[1].srv registering DSAP 241
[app0] largeNet.mlanBB[107].host[2].srv registering DSAP 241
[app0] largeNet.mlanBB[107].host[3].srv registering DSAP 241
[app0] largeNet.mlanBB[107].host[4].srv registering DSAP 241
[app0] largeNet.mlanBB[107].host[5].srv registering DSAP 241
[app0] largeNet.mlanBB[107].host[6].srv registering DSAP 241
[app0] largeNet.mlanBB[107].host[7].srv registering DSAP 241
[app0] largeNet.mlanBB[107].host[8].srv registering DSAP 241
[app0] largeNet.mlanBB[107].host[9].srv registering DSAP 241
[app0] largeNet.mlanBB[107].host[10].srv registering DSAP 241
[app0] largeNet.mlanBB[107].host[11].srv registering DSAP 241
[app0] Autoconfig: advertising that we only support half-duplex operation
[app0] largeNet.mlanBB[107].hhost[0].srv registering DSAP 241
[app0] largeNet.mlanBB[107].hhost[1].srv registering DSAP 241
[app0] largeNet.mlanBB[107].hhost[2].srv registering DSAP 241
[app0] largeNet.mlanBB[107].hhost[3].srv registering DSAP 241
[app0] largeNet.mlanBB[107].hhost[4].srv registering DSAP 241
[app0] Parameters of (MACRelayUnitNP) largeNet.mlanBB[108].switch.relayUnit
[app0] number of processors: 1
[app0] processing time: 1e-05
[app0] ports: 14
[app0] buffer size: 1048576
[app0] address table size: 100
[app0] aging time: 120
[app0] high watermark: 524288
[app0] pause time: 300
[app0] 
[app0] largeNet.mlanBB[108].host[0].srv registering DSAP 241
[app0] largeNet.mlanBB[108].host[1].srv registering DSAP 241
[app0] largeNet.mlanBB[108].host[2].srv registering DSAP 241
[app0] largeNet.mlanBB[108].host[3].srv registering DSAP 241
[app0] largeNet.mlanBB[108].host[4].srv registering DSAP 241
[app0] largeNet.mlanBB[108].host[5].srv registering DSAP 241
[app0] largeNet.mlanBB[108].host[6].srv registering DSAP 241
[app0] largeNet.mlanBB[108].host[7].srv registering DSAP 241
[app0] largeNet.mlanBB[108].host[8].srv registering DSAP 241
[app0] largeNet.mlanBB[108].host[9].srv registering DSAP 241
[app0] largeNet.mlanBB[108].host[10].srv registering DSAP 241
[app0] largeNet.mlanBB[108].host[11].srv registering DSAP 241
[app0] Autoconfig: advertising that we only support half-duplex operation
[app0] largeNet.mlanBB[108].hhost[0].srv registering DSAP 241
[app0] largeNet.mlanBB[108].hhost[1].srv registering DSAP 241
[app0] largeNet.mlanBB[108].hhost[2].srv registering DSAP 241
[app0] largeNet.mlanBB[108].hhost[3].srv registering DSAP 241
[app0] largeNet.mlanBB[108].hhost[4].srv registering DSAP 241
[app0] Parameters of (MACRelayUnitNP) largeNet.mlanBB[109].switch.relayUnit
[app0] number of processors: 1
[app0] processing time: 1e-05
[app0] ports: 14
[app0] buffer size: 1048576
[app0] address table size: 100
[app0] aging time: 120
[app0] high watermark: 524288
[app0] pause time: 300
[app0] 
[app0] largeNet.mlanBB[109].host[0].srv registering DSAP 241
[app0] largeNet.mlanBB[109].host[1].srv registering DSAP 241
[app0] largeNet.mlanBB[109].host[2].srv registering DSAP 241
[app0] largeNet.mlanBB[109].host[3].srv registering DSAP 241
[app0] largeNet.mlanBB[109].host[4].srv registering DSAP 241
[app0] largeNet.mlanBB[109].host[5].srv registering DSAP 241
[app0] largeNet.mlanBB[109].host[6].srv registering DSAP 241
[app0] largeNet.mlanBB[109].host[7].srv registering DSAP 241
[app0] largeNet.mlanBB[109].host[8].srv registering DSAP 241
[app0] largeNet.mlanBB[109].host[9].srv registering DSAP 241
[app0] largeNet.mlanBB[109].host[10].srv registering DSAP 241
[app0] largeNet.mlanBB[109].host[11].srv registering DSAP 241
[app0] Autoconfig: advertising that we only support half-duplex operation
[app0] largeNet.mlanBB[109].hhost[0].srv registering DSAP 241
[app0] largeNet.mlanBB[109].hhost[1].srv registering DSAP 241
[app0] largeNet.mlanBB[109].hhost[2].srv registering DSAP 241
[app0] largeNet.mlanBB[109].hhost[3].srv registering DSAP 241
[app0] largeNet.mlanBB[109].hhost[4].srv registering DSAP 241
[app0] Parameters of (MACRelayUnitNP) largeNet.mlanBB[110].switch.relayUnit
[app0] number of processors: 1
[app0] processing time: 1e-05
[app0] ports: 14
[app0] buffer size: 1048576
[app0] address table size: 100
[app0] aging time: 120
[app0] high watermark: 524288
[app0] pause time: 300
[app0] 
[app0] largeNet.mlanBB[110].host[0].srv registering DSAP 241
[app0] largeNet.mlanBB[110].host[1].srv registering DSAP 241
[app0] largeNet.mlanBB[110].host[2].srv registering DSAP 241
[app0] largeNet.mlanBB[110].host[3].srv registering DSAP 241
[app0] largeNet.mlanBB[110].host[4].srv registering DSAP 241
[app0] largeNet.mlanBB[110].host[5].srv registering DSAP 241
[app0] largeNet.mlanBB[110].host[6].srv registering DSAP 241
[app0] largeNet.mlanBB[110].host[7].srv registering DSAP 241
[app0] largeNet.mlanBB[110].host[8].srv registering DSAP 241
[app0] largeNet.mlanBB[110].host[9].srv registering DSAP 241
[app0] largeNet.mlanBB[110].host[10].srv registering DSAP 241
[app0] largeNet.mlanBB[110].host[11].srv registering DSAP 241
[app0] Autoconfig: advertising that we only support half-duplex operation
[app0] largeNet.mlanBB[110].hhost[0].srv registering DSAP 241
[app0] largeNet.mlanBB[110].hhost[1].srv registering DSAP 241
[app0] largeNet.mlanBB[110].hhost[2].srv registering DSAP 241
[app0] largeNet.mlanBB[110].hhost[3].srv registering DSAP 241
[app0] largeNet.mlanBB[110].hhost[4].srv registering DSAP 241
[app0] Parameters of (MACRelayUnitNP) largeNet.mlanBB[111].switch.relayUnit
[app0] number of processors: 1
[app0] processing time: 1e-05
[app0] ports: 14
[app0] buffer size: 1048576
[app0] address table size: 100
[app0] aging time: 120
[app0] high watermark: 524288
[app0] pause time: 300
[app0] 
[app0] largeNet.mlanBB[111].host[0].srv registering DSAP 241
[app0] largeNet.mlanBB[111].host[1].srv registering DSAP 241
[app0] largeNet.mlanBB[111].host[2].srv registering DSAP 241
[app0] largeNet.mlanBB[111].host[3].srv registering DSAP 241
[app0] largeNet.mlanBB[111].host[4].srv registering DSAP 241
[app0] largeNet.mlanBB[111].host[5].srv registering DSAP 241
[app0] largeNet.mlanBB[111].host[6].srv registering DSAP 241
[app0] largeNet.mlanBB[111].host[7].srv registering DSAP 241
[app0] largeNet.mlanBB[111].host[8].srv registering DSAP 241
[STOPBYICOUNT] Ending ROI after 250000003 instructions (250000000 requested)
[SNIPER] Disabling performance models
[SNIPER] Leaving ROI after 1404.36 seconds
[SNIPER] Simulated 250.0M instructions, 198.9M cycles, 1.26 IPC
[SNIPER] Simulation speed 178.0 KIPS (178.0 KIPS / target core - 5617.5ns/instr)
[SNIPER] Setting instrumentation mode to FAST_FORWARD
[app0] lar[SIFT_RECORDER] sift_writer.cc:550: Sift::Mode Sift::Writer::Sync(): Assertion `!response->fail()' failed.
Hawkeye Victims: 0
LRU Victims: 0
Hawkeye Victims: 0
LRU Victims: 0
Hawkeye Victims: 0
LRU Victims: 0
a test for execution

Inserted: 0
Redundant.progress: 0
Redundant.cache: 0
Redundant.buffer: 0
Hawkeye Victims: 0
LRU Victims: 0
a test for execution

Inserted: 0
Redundant.progress: 0
Redundant.cache: 0
Redundant.buffer: 0
Hawkeye Victims: 0
LRU Victims: 0
 =========================================================== 
Triggers: 3814480
Repeats: 0

Same addr: 3738998 98.0212
New addr: 333 0.00872989

Distribution of new addresses: 
Stream Head: 158 47.4474
Stream Divergence: 18868 5666.07

Invalidation count: 20798 6245.65
No Conflict count: 2122 637.237
Same Stream count: 0 0
New Stream count: 0 0

Not found: 67948
On Chip Mispredictions: 0
 =========================================================== 
Distribution of predictions: 
Predict Init: 3766997 98.7552
Total Predictions: 3743346
Predict OCI Miss: 8824 0.234245
Predict Stream End: 23651 0.627848
Buffer Success: 0 0
[app0] Pin app terminated abnormally due to signal 6.
Stride Distribution: 0, 505999, 464600, 446200, 409400, 299000, 322000, 248400, 231081, 197800, 64400, 78200, 92000, 101200, 50600, 64400, 59800, 0, 82800, 0, 32200, 0, 0, 0, 9200, 0, 0, 0, 0, 0, 36800, 0, 4600, 0, 0, 0, 9200, 0, 0, 0, 4600, 0, 0, 0, 0, 0, 0, 0, 0, 0, 0, 0, 0, 0, 0, 0, 0, 0, 0, 0, 0, 0, 0, 0, 0, 0, 33, 0, 0, 0, 0, 0, 41608512, 0, 49, 0, 15, 0, 15, 0, 0, 6644585, 1868787317, 1915577714, 1702195557, 7566451, 113, 0, 5073232, 0, 38281904, 0, 0, 0, 5073232, 0, 38840320, 0, 0, 0, 5073232, 0, 39112640, 0, 0, 0, 5165152, 0, 2424413552, 11157, 0, 11157, 41606816, 0, 49, 0, 6, 0, 6, 0, 0, 0, 1919906931, 29541, 48, 0, 49, 0, 
a test for execution

Inserted: 4129223
Redundant.progress: 534071
Redundant.cache: 1997151
Redundant.buffer: 0
[SNIPER] End
[SNIPER] Elapsed time: 1430.61 seconds
