000 (516010.000.000) 05/05 17:13:12 Job submitted from host: <128.83.144.149:44250?addrs=128.83.144.149-44250>
...
001 (516010.000.000) 05/05 17:13:33 Job executing on host: <128.83.120.250:59851?addrs=128.83.120.250-59851>
...
006 (516010.000.000) 05/05 17:13:42 Image size of job updated: 340324
	21  -  MemoryUsage of job (MB)
	21048  -  ResidentSetSize of job (KB)
...
006 (516010.000.000) 05/05 17:14:25 Image size of job updated: 2457720
	21  -  MemoryUsage of job (MB)
	21048  -  ResidentSetSize of job (KB)
...
004 (516010.000.000) 05/05 17:14:25 Job was evicted.
	(0) Job was not checkpointed.
		Usr 0 00:00:00, Sys 0 00:00:00  -  Run Remote Usage
		Usr 0 00:00:00, Sys 0 00:00:00  -  Run Local Usage
	0  -  Run Bytes Sent By Job
	0  -  Run Bytes Received By Job
	Partitionable Resources :    Usage  Request Allocated
	   Cpus                 :                 1         1
	   Disk (KB)            :        1        1    815266
	   Gpus                 :                           0
	   Memory (MB)          :       21        1     12899
...
009 (516010.000.000) 05/05 17:14:26 Job was aborted by the user.
	via condor_rm (by user ypei)
...
000 (516235.000.000) 05/05 17:14:54 Job submitted from host: <128.83.144.149:44250?addrs=128.83.144.149-44250>
...
001 (516235.000.000) 05/05 17:15:02 Job executing on host: <128.83.139.15:46714?addrs=128.83.139.15-46714>
...
006 (516235.000.000) 05/05 17:15:11 Image size of job updated: 2457048
	56  -  MemoryUsage of job (MB)
	56520  -  ResidentSetSize of job (KB)
...
006 (516235.000.000) 05/05 17:18:10 Image size of job updated: 2627664
	56  -  MemoryUsage of job (MB)
	56520  -  ResidentSetSize of job (KB)
...
004 (516235.000.000) 05/05 17:18:10 Job was evicted.
	(0) Job was not checkpointed.
		Usr 0 00:01:08, Sys 0 00:00:01  -  Run Remote Usage
		Usr 0 00:00:00, Sys 0 00:00:00  -  Run Local Usage
	0  -  Run Bytes Sent By Job
	0  -  Run Bytes Received By Job
	Partitionable Resources :    Usage  Request Allocated
	   Cpus                 :                 1         1
	   Disk (KB)            :        1        1   1684662
	   Gpus                 :                           0
	   Memory (MB)          :       56        1     12899
...
009 (516235.000.000) 05/05 17:18:11 Job was aborted by the user.
	via condor_rm (by user ypei)
...
000 (516442.000.000) 05/05 17:18:25 Job submitted from host: <128.83.144.149:44250?addrs=128.83.144.149-44250>
...
001 (516442.000.000) 05/05 17:18:31 Job executing on host: <128.83.139.15:46714?addrs=128.83.139.15-46714>
...
006 (516442.000.000) 05/05 17:18:40 Image size of job updated: 2457208
	56  -  MemoryUsage of job (MB)
	56740  -  ResidentSetSize of job (KB)
...
006 (516442.000.000) 05/05 17:21:25 Image size of job updated: 2627664
	183  -  MemoryUsage of job (MB)
	186480  -  ResidentSetSize of job (KB)
...
004 (516442.000.000) 05/05 17:21:25 Job was evicted.
	(0) Job was not checkpointed.
		Usr 0 00:01:19, Sys 0 00:00:01  -  Run Remote Usage
		Usr 0 00:00:00, Sys 0 00:00:00  -  Run Local Usage
	0  -  Run Bytes Sent By Job
	0  -  Run Bytes Received By Job
	Partitionable Resources :    Usage  Request Allocated
	   Cpus                 :                 1         1
	   Disk (KB)            :        1        1   1684648
	   Gpus                 :                           0
	   Memory (MB)          :      183        1     12899
...
009 (516442.000.000) 05/05 17:21:25 Job was aborted by the user.
	via condor_rm (by user ypei)
...
000 (517063.000.000) 05/05 17:21:50 Job submitted from host: <128.83.144.149:44250?addrs=128.83.144.149-44250>
...
001 (517063.000.000) 05/05 17:21:55 Job executing on host: <128.83.120.229:58979?addrs=128.83.120.229-58979>
...
006 (517063.000.000) 05/05 17:22:04 Image size of job updated: 2457208
	54  -  MemoryUsage of job (MB)
	54732  -  ResidentSetSize of job (KB)
...
006 (517063.000.000) 05/05 17:27:05 Image size of job updated: 2627664
	207  -  MemoryUsage of job (MB)
	211152  -  ResidentSetSize of job (KB)
...
006 (517063.000.000) 05/05 17:32:05 Image size of job updated: 2693456
	365  -  MemoryUsage of job (MB)
	372740  -  ResidentSetSize of job (KB)
...
006 (517063.000.000) 05/05 17:37:06 Image size of job updated: 2758992
	515  -  MemoryUsage of job (MB)
	526964  -  ResidentSetSize of job (KB)
...
006 (517063.000.000) 05/05 17:42:07 Image size of job updated: 2890064
	2016  -  MemoryUsage of job (MB)
	2064356  -  ResidentSetSize of job (KB)
...
006 (517063.000.000) 05/05 17:46:21 Image size of job updated: 2955600
	2016  -  MemoryUsage of job (MB)
	2064356  -  ResidentSetSize of job (KB)
...
005 (517063.000.000) 05/05 17:46:21 Job terminated.
	(1) Normal termination (return value 0)
		Usr 0 00:22:51, Sys 0 00:00:19  -  Run Remote Usage
		Usr 0 00:00:00, Sys 0 00:00:00  -  Run Local Usage
		Usr 0 00:22:51, Sys 0 00:00:19  -  Total Remote Usage
		Usr 0 00:00:00, Sys 0 00:00:00  -  Total Local Usage
	0  -  Run Bytes Sent By Job
	0  -  Run Bytes Received By Job
	0  -  Total Bytes Sent By Job
	0  -  Total Bytes Received By Job
	Partitionable Resources :    Usage  Request Allocated
	   Cpus                 :                 1         1
	   Disk (KB)            :        1        1    828969
	   Gpus                 :                           0
	   Memory (MB)          :     2016        1     12899
...
000 (382494.000.000) 05/07 03:39:55 Job submitted from host: <128.83.144.155:57685?addrs=128.83.144.155-57685>
...
001 (382494.000.000) 05/07 04:14:35 Job executing on host: <128.83.139.15:46714?addrs=128.83.139.15-46714>
...
006 (382494.000.000) 05/07 04:14:43 Image size of job updated: 1
	2  -  MemoryUsage of job (MB)
	1680  -  ResidentSetSize of job (KB)
...
006 (382494.000.000) 05/07 04:19:43 Image size of job updated: 2693312
	261  -  MemoryUsage of job (MB)
	266820  -  ResidentSetSize of job (KB)
...
006 (382494.000.000) 05/07 04:24:44 Image size of job updated: 2693572
	397  -  MemoryUsage of job (MB)
	406452  -  ResidentSetSize of job (KB)
...
006 (382494.000.000) 05/07 04:29:45 Image size of job updated: 2759104
	511  -  MemoryUsage of job (MB)
	522448  -  ResidentSetSize of job (KB)
...
006 (382494.000.000) 05/07 04:34:45 Image size of job updated: 2824640
	1983  -  MemoryUsage of job (MB)
	2029728  -  ResidentSetSize of job (KB)
...
006 (382494.000.000) 05/07 04:38:39 Image size of job updated: 2890176
	1983  -  MemoryUsage of job (MB)
	2029728  -  ResidentSetSize of job (KB)
...
005 (382494.000.000) 05/07 04:38:39 Job terminated.
	(1) Normal termination (return value 0)
		Usr 0 00:23:19, Sys 0 00:00:27  -  Run Remote Usage
		Usr 0 00:00:00, Sys 0 00:00:00  -  Run Local Usage
		Usr 0 00:23:19, Sys 0 00:00:27  -  Total Remote Usage
		Usr 0 00:00:00, Sys 0 00:00:00  -  Total Local Usage
	0  -  Run Bytes Sent By Job
	0  -  Run Bytes Received By Job
	0  -  Total Bytes Sent By Job
	0  -  Total Bytes Received By Job
	Partitionable Resources :    Usage  Request Allocated
	   Cpus                 :                 1         1
	   Disk (KB)            :        1        1   1672474
	   Gpus                 :                           0
	   Memory (MB)          :     1983        1     12899
...
000 (518512.000.000) 05/07 13:18:20 Job submitted from host: <128.83.144.149:44250?addrs=128.83.144.149-44250>
...
001 (518512.000.000) 05/07 13:18:58 Job executing on host: <128.83.120.230:37764?addrs=128.83.120.230-37764>
...
006 (518512.000.000) 05/07 13:19:06 Image size of job updated: 2457856
	56  -  MemoryUsage of job (MB)
	57324  -  ResidentSetSize of job (KB)
...
006 (518512.000.000) 05/07 13:23:38 Image size of job updated: 2627772
	56  -  MemoryUsage of job (MB)
	57324  -  ResidentSetSize of job (KB)
...
004 (518512.000.000) 05/07 13:23:38 Job was evicted.
	(0) Job was not checkpointed.
		Usr 0 00:03:16, Sys 0 00:00:06  -  Run Remote Usage
		Usr 0 00:00:00, Sys 0 00:00:00  -  Run Local Usage
	0  -  Run Bytes Sent By Job
	0  -  Run Bytes Received By Job
	Partitionable Resources :    Usage  Request Allocated
	   Cpus                 :                 1         1
	   Disk (KB)            :        1        1    792415
	   Gpus                 :                           0
	   Memory (MB)          :       56        1     12899
...
009 (518512.000.000) 05/07 13:23:39 Job was aborted by the user.
	via condor_rm (by user ypei)
...
000 (518719.000.000) 05/07 13:23:50 Job submitted from host: <128.83.144.149:44250?addrs=128.83.144.149-44250>
...
001 (518719.000.000) 05/07 13:23:56 Job executing on host: <128.83.144.147:58788?addrs=128.83.144.147-58788>
...
006 (518719.000.000) 05/07 13:24:05 Image size of job updated: 2163352
	44  -  MemoryUsage of job (MB)
	44376  -  ResidentSetSize of job (KB)
...
006 (518719.000.000) 05/07 13:29:06 Image size of job updated: 2693172
	266  -  MemoryUsage of job (MB)
	272116  -  ResidentSetSize of job (KB)
...
006 (518719.000.000) 05/07 13:34:06 Image size of job updated: 2758964
	442  -  MemoryUsage of job (MB)
	452248  -  ResidentSetSize of job (KB)
...
006 (518719.000.000) 05/07 13:39:06 Image size of job updated: 2824500
	1962  -  MemoryUsage of job (MB)
	2008508  -  ResidentSetSize of job (KB)
...
006 (518719.000.000) 05/07 13:43:01 Image size of job updated: 2890036
	1962  -  MemoryUsage of job (MB)
	2008508  -  ResidentSetSize of job (KB)
...
005 (518719.000.000) 05/07 13:43:01 Job terminated.
	(1) Normal termination (return value 0)
		Usr 0 00:17:56, Sys 0 00:00:10  -  Run Remote Usage
		Usr 0 00:00:00, Sys 0 00:00:00  -  Run Local Usage
		Usr 0 00:17:56, Sys 0 00:00:10  -  Total Remote Usage
		Usr 0 00:00:00, Sys 0 00:00:00  -  Total Local Usage
	0  -  Run Bytes Sent By Job
	0  -  Run Bytes Received By Job
	0  -  Total Bytes Sent By Job
	0  -  Total Bytes Received By Job
	Partitionable Resources :    Usage  Request Allocated
	   Cpus                 :                 1         1
	   Disk (KB)            :        1        1   1862075
	   Gpus                 :                           0
	   Memory (MB)          :     1962        1     21164
...
000 (519133.000.000) 05/07 14:36:30 Job submitted from host: <128.83.144.149:44250?addrs=128.83.144.149-44250>
...
001 (519133.000.000) 05/07 14:36:40 Job executing on host: <128.83.120.128:51378?addrs=128.83.120.128-51378>
...
006 (519133.000.000) 05/07 14:36:48 Image size of job updated: 2457208
	56  -  MemoryUsage of job (MB)
	56760  -  ResidentSetSize of job (KB)
...
006 (519133.000.000) 05/07 14:41:48 Image size of job updated: 2627636
	227  -  MemoryUsage of job (MB)
	231512  -  ResidentSetSize of job (KB)
...
006 (519133.000.000) 05/07 14:46:48 Image size of job updated: 2693172
	351  -  MemoryUsage of job (MB)
	359376  -  ResidentSetSize of job (KB)
...
006 (519133.000.000) 05/07 14:51:49 Image size of job updated: 2758708
	482  -  MemoryUsage of job (MB)
	493036  -  ResidentSetSize of job (KB)
...
006 (519133.000.000) 05/07 14:56:49 Image size of job updated: 2824500
	1964  -  MemoryUsage of job (MB)
	2010460  -  ResidentSetSize of job (KB)
...
006 (519133.000.000) 05/07 15:01:49 Image size of job updated: 2890036
	2043  -  MemoryUsage of job (MB)
	2091804  -  ResidentSetSize of job (KB)
...
005 (519133.000.000) 05/07 15:01:51 Job terminated.
	(1) Normal termination (return value 0)
		Usr 0 00:23:29, Sys 0 00:00:29  -  Run Remote Usage
		Usr 0 00:00:00, Sys 0 00:00:00  -  Run Local Usage
		Usr 0 00:23:29, Sys 0 00:00:29  -  Total Remote Usage
		Usr 0 00:00:00, Sys 0 00:00:00  -  Total Local Usage
	0  -  Run Bytes Sent By Job
	0  -  Run Bytes Received By Job
	0  -  Total Bytes Sent By Job
	0  -  Total Bytes Received By Job
	Partitionable Resources :    Usage  Request Allocated
	   Cpus                 :                 1         1
	   Disk (KB)            :        1        1    802867
	   Gpus                 :                           0
	   Memory (MB)          :     2043        1     12899
...
000 (382908.000.000) 05/07 20:17:00 Job submitted from host: <128.83.144.155:57685?addrs=128.83.144.155-57685>
...
001 (382908.000.000) 05/07 20:45:25 Job executing on host: <128.83.130.161:35317?addrs=128.83.130.161-35317>
...
006 (382908.000.000) 05/07 20:45:34 Image size of job updated: 2627492
	109  -  MemoryUsage of job (MB)
	111252  -  ResidentSetSize of job (KB)
...
006 (382908.000.000) 05/07 20:50:35 Image size of job updated: 2693484
	292  -  MemoryUsage of job (MB)
	298984  -  ResidentSetSize of job (KB)
...
006 (382908.000.000) 05/07 20:55:35 Image size of job updated: 2759020
	463  -  MemoryUsage of job (MB)
	473824  -  ResidentSetSize of job (KB)
...
006 (382908.000.000) 05/07 21:00:35 Image size of job updated: 2824556
	1972  -  MemoryUsage of job (MB)
	2019240  -  ResidentSetSize of job (KB)
...
006 (382908.000.000) 05/07 21:03:46 Image size of job updated: 2890092
	1972  -  MemoryUsage of job (MB)
	2019240  -  ResidentSetSize of job (KB)
...
005 (382908.000.000) 05/07 21:03:46 Job terminated.
	(1) Normal termination (return value 0)
		Usr 0 00:17:55, Sys 0 00:00:12  -  Run Remote Usage
		Usr 0 00:00:00, Sys 0 00:00:00  -  Run Local Usage
		Usr 0 00:17:55, Sys 0 00:00:12  -  Total Remote Usage
		Usr 0 00:00:00, Sys 0 00:00:00  -  Total Local Usage
	0  -  Run Bytes Sent By Job
	0  -  Run Bytes Received By Job
	0  -  Total Bytes Sent By Job
	0  -  Total Bytes Received By Job
	Partitionable Resources :    Usage  Request Allocated
	   Cpus                 :                 1         1
	   Disk (KB)            :        1        1   1909590
	   Gpus                 :                           0
	   Memory (MB)          :     1972        1     21164
...
000 (384150.000.000) 05/08 05:53:03 Job submitted from host: <128.83.144.155:57685?addrs=128.83.144.155-57685>
...
001 (384150.000.000) 05/08 06:21:30 Job executing on host: <128.83.130.161:35317?addrs=128.83.130.161-35317>
...
006 (384150.000.000) 05/08 06:21:38 Image size of job updated: 2463000
	62  -  MemoryUsage of job (MB)
	62636  -  ResidentSetSize of job (KB)
...
006 (384150.000.000) 05/08 06:26:38 Image size of job updated: 2693308
	303  -  MemoryUsage of job (MB)
	309448  -  ResidentSetSize of job (KB)
...
006 (384150.000.000) 05/08 06:31:38 Image size of job updated: 2759100
	472  -  MemoryUsage of job (MB)
	482648  -  ResidentSetSize of job (KB)
...
006 (384150.000.000) 05/08 06:36:39 Image size of job updated: 2824636
	1980  -  MemoryUsage of job (MB)
	2026536  -  ResidentSetSize of job (KB)
...
006 (384150.000.000) 05/08 06:39:14 Image size of job updated: 2890172
	1980  -  MemoryUsage of job (MB)
	2026536  -  ResidentSetSize of job (KB)
...
005 (384150.000.000) 05/08 06:39:14 Job terminated.
	(1) Normal termination (return value 0)
		Usr 0 00:16:43, Sys 0 00:00:10  -  Run Remote Usage
		Usr 0 00:00:00, Sys 0 00:00:00  -  Run Local Usage
		Usr 0 00:16:43, Sys 0 00:00:10  -  Total Remote Usage
		Usr 0 00:00:00, Sys 0 00:00:00  -  Total Local Usage
	0  -  Run Bytes Sent By Job
	0  -  Run Bytes Received By Job
	0  -  Total Bytes Sent By Job
	0  -  Total Bytes Received By Job
	Partitionable Resources :    Usage  Request Allocated
	   Cpus                 :                 1         1
	   Disk (KB)            :        1        1   1909567
	   Gpus                 :                           0
	   Memory (MB)          :     1980        1     21164
...
000 (417543.000.000) 05/09 03:37:28 Job submitted from host: <128.83.144.154:52346?addrs=128.83.144.154-52346>
...
001 (417543.000.000) 05/09 04:04:47 Job executing on host: <128.83.144.55:40067?addrs=128.83.144.55-40067>
...
006 (417543.000.000) 05/09 04:04:55 Image size of job updated: 2
	2  -  MemoryUsage of job (MB)
	1628  -  ResidentSetSize of job (KB)
...
006 (417543.000.000) 05/09 04:09:55 Image size of job updated: 2693488
	269  -  MemoryUsage of job (MB)
	275308  -  ResidentSetSize of job (KB)
...
006 (417543.000.000) 05/09 04:14:56 Image size of job updated: 2759024
	424  -  MemoryUsage of job (MB)
	433620  -  ResidentSetSize of job (KB)
...
006 (417543.000.000) 05/09 04:19:57 Image size of job updated: 2824560
	1956  -  MemoryUsage of job (MB)
	2002708  -  ResidentSetSize of job (KB)
...
006 (417543.000.000) 05/09 04:23:48 Image size of job updated: 2890096
	1956  -  MemoryUsage of job (MB)
	2002708  -  ResidentSetSize of job (KB)
...
005 (417543.000.000) 05/09 04:23:48 Job terminated.
	(1) Normal termination (return value 0)
		Usr 0 00:18:44, Sys 0 00:00:13  -  Run Remote Usage
		Usr 0 00:00:00, Sys 0 00:00:00  -  Run Local Usage
		Usr 0 00:18:44, Sys 0 00:00:13  -  Total Remote Usage
		Usr 0 00:00:00, Sys 0 00:00:00  -  Total Local Usage
	0  -  Run Bytes Sent By Job
	0  -  Run Bytes Received By Job
	0  -  Total Bytes Sent By Job
	0  -  Total Bytes Received By Job
	Partitionable Resources :    Usage  Request Allocated
	   Cpus                 :                 1         1
	   Disk (KB)            :        2        2   7539969
	   Gpus                 :                           0
	   Memory (MB)          :     1956        1      4027
...
