[SNIPER] Start
Sampler: 4, 32, 0
itlb_cache: 32, 1
itlb_cache_L1: 32, 1
Sampler: 4, 128, 0
dtlb_cache: 128, 4
dtlb_cache_L1: 128, 4
L1-I 2
Sampler: 4, 4, 128
L1-I: 2048, 64
L1-I_L1: 2048, 64
L1-D 3
Sampler: 4, 8, 32
L1-D: 1024, 32
L1-D_L1: 1024, 32
L2 4
Sampler: 122, 16, 16
L2: 32768, 1024
L2_L1: 32768, 1024
Executing Python script /v/filer4b/v20q001/ypei/Desktop/cs395t-lin/output/low_bandwidth/run_all_hybrid_headroom9/mcf/3/sim.scripts.py
[STOPBYICOUNT] Starting in ROI (detail)
[STOPBYICOUNT] Then stopping after simulating at least 250000000 instructions in detail
[SNIPER] --------------------------------------------------------------------------------
[SNIPER] Sniper using SIFT/trace-driven frontend
[SNIPER] Running full application in DETAILED mode
[SNIPER] --------------------------------------------------------------------------------
[SNIPER] Enabling performance models
[SNIPER] Setting instrumentation mode to DETAILED
[STOPBYICOUNT] Ending ROI after 250000002 instructions (250000000 requested)
[SNIPER] Disabling performance models
[SNIPER] Leaving ROI after 1135.55 seconds
[SNIPER] Simulated 250.0M instructions, 544.7M cycles, 0.46 IPC
[SNIPER] Simulation speed 220.2 KIPS (220.2 KIPS / target core - 4542.3ns/instr)
[SNIPER] Setting instrumentation mode to FAST_FORWARD
Hawkeye Victims: 0
LRU Victims: 0
Hawkeye Victims: 0
LRU Victims: 0
Hawkeye Victims: 0
LRU Victims: 0
a test for execution
[app0] [SIFT_RECORDER] sift_writer.cc:550: Sift::Mode Sift::Writer::Sync(): Assertion `!response->fail()' failed.

Inserted: 0
Redundant.progress: 0
Redundant.cache: 0
Redundant.buffer: 0
Hawkeye Victims: 0
LRU Victims: 0
a test for execution

Inserted: 0
Redundant.progress: 0
Redundant.cache: 0
Redundant.buffer: 0
Hawkeye Victims: 0
LRU Victims: 0
 =========================================================== 
Triggers: 5537361
Repeats: 0

Same addr: 3885749 70.1733
New addr: 4366 0.0788462

Distribution of new addresses: 
Stream Head: 4345 99.519
Stream Divergence: 18962 434.311

Invalidation count: 41407 948.397
No Conflict count: 26760 612.918
Same Stream count: 0 0
New Stream count: 0 0

Not found: 1646060
On Chip Mispredictions: 0
 =========================================================== 
Distribution of predictions: 
Predict Init: 3928342 70.9425
Total Predictions: 3910343
Predict OCI Miss: 2884 0.0734152
Predict Stream End: 17999 0.458183
Buffer Success: 0 0
[app0] Pin app terminated abnormally due to signal 6.
Stride Distribution: 0, 1931, 0, 0, 0, 0, 0, 4416, 8648, 2576, 0, 0, 2806, 0, 0, 0, 4186, 0, 0, 0, 0, 0, 0, 0, 0, 0, 0, 0, 0, 0, 0, 0, 7268, 0, 0, 0, 0, 0, 0, 0, 0, 0, 0, 0, 0, 0, 0, 0, 0, 0, 0, 0, 0, 0, 0, 0, 0, 0, 0, 0, 0, 0, 0, 0, 0, 0, 33, 0, 0, 0, 0, 0, 42337584, 0, 49, 0, 15, 0, 15, 0, 0, 6644585, 1868787317, 1915577714, 1702195557, 7566451, 113, 0, 5073232, 0, 39010976, 0, 0, 0, 5073232, 0, 39569392, 0, 0, 0, 5073232, 0, 39841712, 0, 0, 0, 5165152, 0, 1686060400, 11136, 0, 11136, 42335888, 0, 49, 0, 6, 0, 6, 0, 0, 0, 1919906931, 29541, 48, 0, 49, 0, 
a test for execution

Inserted: 7732102
Redundant.progress: 677551
Redundant.cache: 3153030
Redundant.buffer: 0
[SNIPER] End
[SNIPER] Elapsed time: 1140.45 seconds
