[SNIPER] Start
Sampler: 4, 32, 0
itlb_cache: 32, 1
itlb_cache_L1: 32, 1
Sampler: 4, 128, 0
dtlb_cache: 128, 4
dtlb_cache_L1: 128, 4
L1-I 2
Sampler: 4, 4, 128
L1-I: 2048, 64
L1-I_L1: 2048, 64
L1-D 3
Sampler: 4, 8, 32
L1-D: 1024, 32
L1-D_L1: 1024, 32
L2 4
Sampler: 122, 16, 16
L2: 32768, 1024
L2_L1: 32768, 1024
Executing Python script /v/filer4b/v20q001/ypei/Desktop/cs395t-lin/output/run_all_hybrid_headroom2/omnetpp/4/sim.scripts.py
[STOPBYICOUNT] Starting in ROI (detail)
[STOPBYICOUNT] Then stopping after simulating at least 250000000 instructions in detail
[SNIPER] --------------------------------------------------------------------------------
[SNIPER] Sniper using SIFT/trace-driven frontend
[SNIPER] Running full application in DETAILED mode
[SNIPER] --------------------------------------------------------------------------------
[SNIPER] Enabling performance models
[SNIPER] Setting instrumentation mode to DETAILED
[STOPBYICOUNT] Ending ROI after 250000006 instructions (250000000 requested)
[SNIPER] Disabling performance models
[SNIPER] Leaving ROI after 2039.36 seconds
[SNIPER] Simulated 250.0M instructions, 395.5M cycles, 0.63 IPC
[SNIPER] Simulation speed 122.6 KIPS (122.6 KIPS / target core - 8157.4ns/instr)
[SNIPER] Setting instrumentation mode to FAST_FORWARD
[app0] [SIFT_RECORDER] sift_writer.cc:550: Sift::Mode Sift::Writer::Sync(): Assertion `!response->fail()' failed.
Hawkeye Victims: 0
LRU Victims: 0
Hawkeye Victims: 0
LRU Victims: 0
Hawkeye Victims: 0
LRU Victims: 0
a test for execution
[app0] Pin app terminated abnormally due to signal 6.

Inserted: 0
Redundant.progress: 0
Redundant.cache: 0
Redundant.buffer: 0
Hawkeye Victims: 0
LRU Victims: 0
a test for execution

Inserted: 0
Redundant.progress: 0
Redundant.cache: 0
Redundant.buffer: 0
Hawkeye Victims: 0
LRU Victims: 0
 =========================================================== 
Triggers: 5196658
Repeats: 0

Same addr: 3591286 69.1076
New addr: 1395 0.0268442

Distribution of new addresses: 
Stream Head: 1091 78.2079
Stream Divergence: 599750 42992.8

Invalidation count: 1145260 82097.5
No Conflict count: 552661 39617.3
Same Stream count: 0 0
New Stream count: 0 0

Not found: 1585460
On Chip Mispredictions: 0
 =========================================================== 
Distribution of predictions: 
Predict Init: 4755063 91.5023
Total Predictions: 4691510
Predict OCI Miss: 51883 1.09111
Predict Stream End: 63553 1.33653
Buffer Success: 0 0
Stride Distribution: 0, 496247, 317400, 383495, 105800, 82800, 55200, 32200, 385802, 151800, 253000, 124200, 101200, 404800, 78200, 115000, 69000, 0, 18400, 0, 23000, 0, 0, 0, 0, 0, 0, 0, 0, 0, 312800, 0, 271400, 0, 0, 0, 450570, 0, 0, 0, 886144, 0, 0, 0, 0, 0, 0, 0, 0, 0, 0, 0, 0, 0, 0, 0, 0, 0, 0, 0, 0, 0, 0, 0, 0, 0, 33, 0, 0, 0, 0, 0, 32912528, 0, 49, 0, 15, 0, 15, 0, 0, 6644585, 1868787317, 1915577714, 1702195557, 7566451, 113, 0, 5073232, 0, 29585888, 0, 0, 0, 5073232, 0, 30144304, 0, 0, 0, 5073232, 0, 30416656, 0, 0, 0, 5165152, 0, 1415269744, 11032, 0, 11032, 32910832, 0, 49, 0, 6, 0, 6, 0, 0, 0, 1919906931, 29541, 48, 0, 49, 0, 
a test for execution

Inserted: 5865057
Redundant.progress: 66658
Redundant.cache: 2233429
Redundant.buffer: 0
[SNIPER] End
[SNIPER] Elapsed time: 2106.25 seconds
