[SNIPER] Start
Sampler: 4, 32, 0
itlb_cache: 32, 1
itlb_cache_L1: 32, 1
Sampler: 4, 128, 0
dtlb_cache: 128, 4
dtlb_cache_L1: 128, 4
L1-I 2
Sampler: 4, 4, 128
L1-I: 2048, 64
L1-I_L1: 2048, 64
L1-D 3
Sampler: 4, 8, 32
L1-D: 1024, 32
L1-D_L1: 1024, 32
L2 4
Sampler: 122, 16, 16
L2: 32768, 1024
L2_L1: 32768, 1024
Executing Python script /v/filer4b/v20q001/ypei/Desktop/cs395t-lin/output/run_all_hybrid_headroom2/gcc/9/sim.scripts.py
[STOPBYICOUNT] Starting in ROI (detail)
[STOPBYICOUNT] Then stopping after simulating at least 250000000 instructions in detail
[SNIPER] --------------------------------------------------------------------------------
[SNIPER] Sniper using SIFT/trace-driven frontend
[SNIPER] Running full application in DETAILED mode
[SNIPER] --------------------------------------------------------------------------------
[SNIPER] Enabling performance models
[SNIPER] Setting instrumentation mode to DETAILED
[STOPBYICOUNT] Ending ROI after 250000008 instructions (250000000 requested)
[SNIPER] Disabling performance models
[SNIPER] Leaving ROI after 1386.89 seconds
[SNIPER] Simulated 250.0M instructions, 321.7M cycles, 0.78 IPC
[SNIPER] Simulation speed 180.3 KIPS (180.3 KIPS / target core - 5547.4ns/instr)
[SNIPER] Setting instrumentation mode to FAST_FORWARD
[app0] [SIFT_RECORDER] sift_writer.cc:550: Sift::Mode Sift::Writer::Sync(): Assertion `!response->fail()' failed.
[app0] Pin app terminated abnormally due to signal 6.
Hawkeye Victims: 0
LRU Victims: 0
Hawkeye Victims: 0
LRU Victims: 0
Hawkeye Victims: 0
LRU Victims: 0
a test for execution

Inserted: 0
Redundant.progress: 0
Redundant.cache: 0
Redundant.buffer: 0
Hawkeye Victims: 0
LRU Victims: 0
a test for execution

Inserted: 0
Redundant.progress: 0
Redundant.cache: 0
Redundant.buffer: 0
Hawkeye Victims: 0
LRU Victims: 0
 =========================================================== 
Triggers: 4413722
Repeats: 0

Same addr: 2929710 66.3773
New addr: 3448 0.07812

Distribution of new addresses: 
Stream Head: 3130 90.7773
Stream Divergence: 459728 13333.2

Invalidation count: 481889 13975.9
No Conflict count: 24088 698.608
Same Stream count: 0 0
New Stream count: 0 0

Not found: 1369706
On Chip Mispredictions: 0
 =========================================================== 
Distribution of predictions: 
Predict Init: 3522457 79.807
Total Predictions: 3413630
Predict OCI Miss: 99532 2.82564
Predict Stream End: 108827 3.08952
Buffer Success: 0 0
Stride Distribution: 0, 24655, 23000, 44482, 17181, 493810, 184230, 119278, 112378, 832968, 318550, 186484, 155664, 194396, 105432, 36846, 89056, 0, 78844, 0, 116196, 0, 0, 0, 76452, 0, 0, 0, 0, 0, 82524, 0, 56074, 0, 0, 0, 35420, 0, 0, 0, 461196, 0, 0, 0, 0, 0, 0, 0, 0, 0, 0, 0, 0, 0, 0, 0, 0, 0, 0, 0, 0, 0, 0, 0, 0, 0, 33, 0, 0, 0, 0, 0, 16147520, 0, 49, 0, 15, 0, 15, 0, 0, 6644585, 1868787317, 1915577714, 1702195557, 7566451, 113, 0, 5073232, 0, 12820880, 0, 0, 0, 5073232, 0, 13379296, 0, 0, 0, 5073232, 0, 13651648, 0, 0, 0, 5165152, 0, 2799168880, 11141, 0, 11141, 16145824, 0, 49, 0, 6, 0, 6, 0, 0, 0, 1919906931, 29541, 48, 0, 49, 0, 
a test for execution

Inserted: 6642784
Redundant.progress: 112552
Redundant.cache: 3664417
Redundant.buffer: 0
[SNIPER] End
[SNIPER] Elapsed time: 1457.33 seconds
