[SNIPER] Start
Sampler: 4, 4, 32
stlb_cache: 512, 16
stlb_cache_L1: 512, 16
Sampler: 4, 32, 0
itlb_cache: 32, 1
itlb_cache_L1: 32, 1
Sampler: 4, 128, 0
dtlb_cache: 128, 4
dtlb_cache_L1: 128, 4
num_memory_controller = 1
L1-I 2
Sampler: 4, 4, 128
L1-I: 2048, 64
L1-I_L1: 2048, 64
Creating prefetcher object 0 0
Creating prefetcher object 1 0
Creating prefetcher object 2 0
Creating prefetcher object 3 0
L1-D 3
Sampler: 4, 8, 20
L1-D: 400, 20
L1-D_L1: 400, 20
Creating prefetcher object 0 0
Creating prefetcher object 1 0
Creating prefetcher object 2 0
Creating prefetcher object 3 0
L2 4
Sampler: 25f, 10, d
L2: 20000, 1000
L2_L1: 20000, 1000
HybridPrefetcher3 running
Creating prefetcher object 0 0x2233f20
HybridPrefetcher3 running
Creating prefetcher object 1 0x23d6850
HybridPrefetcher3 running
Creating prefetcher object 2 0x25791b0
HybridPrefetcher3 running
Creating prefetcher object 3 0x271bb10
Sampler: 4, 4, 20
stlb_cache: 200, 10
stlb_cache_L1: 200, 10
Sampler: 4, 20, 0
itlb_cache: 20, 1
itlb_cache_L1: 20, 1
Sampler: 4, 80, 0
dtlb_cache: 80, 4
dtlb_cache_L1: 80, 4
num_memory_controller = 1
L1-I 2
Sampler: 4, 4, 80
L1-I: 800, 40
L1-I_L1: 800, 40
Creating prefetcher object 0 0
Creating prefetcher object 1 0
Creating prefetcher object 2 0
Creating prefetcher object 3 0
L1-D 3
Sampler: 4, 8, 20
L1-D: 400, 20
L1-D_L1: 400, 20
Creating prefetcher object 0 0
Creating prefetcher object 1 0
Creating prefetcher object 2 0
Creating prefetcher object 3 0
L2 4
Sampler: 4, 4, 20
stlb_cache: 200, 10
stlb_cache_L1: 200, 10
Sampler: 4, 20, 0
itlb_cache: 20, 1
itlb_cache_L1: 20, 1
Sampler: 4, 80, 0
dtlb_cache: 80, 4
dtlb_cache_L1: 80, 4
num_memory_controller = 1
L1-I 2
Sampler: 4, 4, 80
L1-I: 800, 40
L1-I_L1: 800, 40
Creating prefetcher object 0 0
Creating prefetcher object 1 0
Creating prefetcher object 2 0
Creating prefetcher object 3 0
L1-D 3
Sampler: 4, 8, 20
L1-D: 400, 20
L1-D_L1: 400, 20
Creating prefetcher object 0 0
Creating prefetcher object 1 0
Creating prefetcher object 2 0
Creating prefetcher object 3 0
L2 4
Sampler: 4, 4, 20
stlb_cache: 200, 10
stlb_cache_L1: 200, 10
Sampler: 4, 20, 0
itlb_cache: 20, 1
itlb_cache_L1: 20, 1
Sampler: 4, 80, 0
dtlb_cache: 80, 4
dtlb_cache_L1: 80, 4
num_memory_controller = 1
L1-I 2
Sampler: 4, 4, 80
L1-I: 800, 40
L1-I_L1: 800, 40
Creating prefetcher object 0 0
Creating prefetcher object 1 0
Creating prefetcher object 2 0
Creating prefetcher object 3 0
L1-D 3
Sampler: 4, 8, 20
L1-D: 400, 20
L1-D_L1: 400, 20
Creating prefetcher object 0 0
Creating prefetcher object 1 0
Creating prefetcher object 2 0
Creating prefetcher object 3 0
L2 4
[SNIPER] --------------------------------------------------------------------------------
[SNIPER] Sniper using SIFT/trace-driven frontend
[SNIPER] Running full application in DETAILED mode
[SNIPER] --------------------------------------------------------------------------------
[SNIPER] Enabling performance models
[SNIPER] Setting instrumentation mode to DETAILED
0	1
0	5
0	1
0	1
shadow_cache used up once
shadow_cache used up once
shadow_cache used up once
shadow_cache used up once
shadow_cache used up once
shadow_cache used up once
shadow_cache used up once
shadow_cache used up once
shadow_cache used up once
shadow_cache used up once
shadow_cache used up once
shadow_cache used up once
phase = 0
shadow_cache used up once
Hit: Address 37fb119dbc880 got flushed counter=0
shadow_cache used up once
shadow_cache used up once
shadow_cache used up once
1	24735
1	27952
1	8887
1	80639
shadow_cache used up once
shadow_cache used up once
shadow_cache used up once
shadow_cache used up once
shadow_cache used up once
shadow_cache used up once
shadow_cache used up once
shadow_cache used up once
phase = 1
shadow_cache used up once
shadow_cache used up once
shadow_cache used up once
shadow_cache used up once
shadow_cache used up once
shadow_cache used up once
shadow_cache used up once
shadow_cache used up once
2	23116
2	74859
2	8128
2	17129
shadow_cache used up once
shadow_cache used up once
shadow_cache used up once
shadow_cache used up once
phase = 2
shadow_cache used up once
shadow_cache used up once
shadow_cache used up once
shadow_cache used up once
Hit: Address 37fb120241340 got flushed counter=1
Hit: Address 37fb120241380 got flushed counter=2
shadow_cache used up once
shadow_cache used up once
shadow_cache used up once
shadow_cache used up once
shadow_cache used up once
shadow_cache used up once
Hit: Address 37fb119f8b300 got flushed counter=3
phase = 0
shadow_cache used up once
shadow_cache used up once
shadow_cache used up once
shadow_cache used up once
phase = 0
phase = 3
shadow_cache used up once
3	22674
3	74582
3	16372
3	6386
shadow_cache used up once
shadow_cache used up once
Hit: Address 37fb119feaa80 got flushed counter=4
shadow_cache used up once
shadow_cache used up once
shadow_cache used up once
shadow_cache used up once
Hit: Address 37fb120318f80 got flushed counter=5
Hit: Address 37fb120318fc0 got flushed counter=6
shadow_cache used up once
shadow_cache used up once
phase = 0
shadow_cache used up once
shadow_cache used up once
shadow_cache used up once
phase = 4
shadow_cache used up once
shadow_cache used up once
shadow_cache used up once
4	60937
4	25356
4	17306
4	8138
Hit: Address 37fb120384c80 got flushed counter=7
Hit: Address 37fb120384cc0 got flushed counter=8
shadow_cache used up once
shadow_cache used up once
shadow_cache used up once
shadow_cache used up once
shadow_cache used up once
shadow_cache used up once
shadow_cache used up once
shadow_cache used up once
shadow_cache used up once
shadow_cache used up once
shadow_cache used up once
shadow_cache used up once
phase = 5
shadow_cache used up once
5	46329
5	17112
5	5013
5	34524
shadow_cache used up once
shadow_cache used up once
shadow_cache used up once
shadow_cache used up once
shadow_cache used up once
shadow_cache used up once
shadow_cache used up once
shadow_cache used up once
shadow_cache used up once
shadow_cache used up once
shadow_cache used up once
phase = 6
shadow_cache used up once
Hit: Address 37fb1204c8640 got flushed counter=9
shadow_cache used up once
shadow_cache used up once
shadow_cache used up once
6	21815
6	75094
6	9295
6	15972
shadow_cache used up once
shadow_cache used up once
phase = 1
shadow_cache used up once
shadow_cache used up once
shadow_cache used up once
phase = 1
phase = 1
shadow_cache used up once
shadow_cache used up once
phase = 7
shadow_cache used up once
shadow_cache used up once
shadow_cache used up once
shadow_cache used up once
shadow_cache used up once
shadow_cache used up once
shadow_cache used up once
shadow_cache used up once
shadow_cache used up once
shadow_cache used up once
shadow_cache used up once
7	25284
7	73266
7	7014
7	17209
shadow_cache used up once
phase = 8
shadow_cache used up once
shadow_cache used up once
shadow_cache used up once
shadow_cache used up once
shadow_cache used up once
Hit: Address 37fb11a3498c0 got flushed counter=10
shadow_cache used up once
shadow_cache used up once
shadow_cache used up once
Hit: Address 37fb120677d00 got flushed counter=11
shadow_cache used up once
shadow_cache used up once
shadow_cache used up once
shadow_cache used up once
phase = 9
shadow_cache used up once
shadow_cache used up once
shadow_cache used up once
8	22925
8	17407
8	9246
8	75865
shadow_cache used up once
shadow_cache used up once
shadow_cache used up once
shadow_cache used up once
shadow_cache used up once
shadow_cache used up once
shadow_cache used up once
phase = 10
shadow_cache used up once
shadow_cache used up once
shadow_cache used up once
shadow_cache used up once
shadow_cache used up once
shadow_cache used up once
shadow_cache used up once
shadow_cache used up once
phase = 2
shadow_cache used up once
shadow_cache used up once
shadow_cache used up once
9	21232
9	8767
9	18138
9	75775
shadow_cache used up once
phase = 11
shadow_cache used up once
Hit: Address 37fb120827440 got flushed counter=12
Hit: Address 37fb120827480 got flushed counter=13
shadow_cache used up once
shadow_cache used up once
shadow_cache used up once
shadow_cache used up once
phase = 2
shadow_cache used up once
Hit: Address 17fff65066b80 got flushed counter=0
Hit: Address 17fff65067b80 got flushed counter=1
shadow_cache used up once
shadow_cache used up once
shadow_cache used up once
shadow_cache used up once
shadow_cache used up once
shadow_cache used up once
a	13893
a	57168
a	33842
a	5057
shadow_cache used up once
phase = 2
phase = 12
shadow_cache used up once
shadow_cache used up once
shadow_cache used up once
shadow_cache used up once
Hit: Address 37fb1208fefc0 got flushed counter=14
Hit: Address 37fb1208ff000 got flushed counter=15
shadow_cache used up once
shadow_cache used up once
shadow_cache used up once
shadow_cache used up once
shadow_cache used up once
shadow_cache used up once
shadow_cache used up once
shadow_cache used up once
phase = 13
shadow_cache used up once
shadow_cache used up once
shadow_cache used up once
b	19375
b	9120
b	16095
b	75643
shadow_cache used up once
shadow_cache used up once
shadow_cache used up once
shadow_cache used up once
shadow_cache used up once
shadow_cache used up once
shadow_cache used up once
phase = 14
shadow_cache used up once
shadow_cache used up once
shadow_cache used up once
shadow_cache used up once
shadow_cache used up once
phase = 3
shadow_cache used up once
shadow_cache used up once
shadow_cache used up once
shadow_cache used up once
shadow_cache used up once
c	77166
c	20660
c	7162
c	17238
shadow_cache used up once
shadow_cache used up once
shadow_cache used up once
phase = 15
shadow_cache used up once
shadow_cache used up once
shadow_cache used up once
shadow_cache used up once
shadow_cache used up once
shadow_cache used up once
shadow_cache used up once
shadow_cache used up once
Hit: Address 37fb11a8475c0 got flushed counter=16
shadow_cache used up once
shadow_cache used up once
phase = 16
shadow_cache used up once
shadow_cache used up once
Hit: Address 37fb120b86280 got flushed counter=17
Hit: Address 37fb120b862c0 got flushed counter=18
shadow_cache used up once
d	76426
d	7718
d	21365
d	17231
shadow_cache used up once
shadow_cache used up once
phase = 3
shadow_cache used up once
shadow_cache used up once
shadow_cache used up once
shadow_cache used up once
shadow_cache used up once
shadow_cache used up once
shadow_cache used up once
phase = 17
shadow_cache used up once
shadow_cache used up once
shadow_cache used up once
shadow_cache used up once
shadow_cache used up once
shadow_cache used up once
shadow_cache used up once
shadow_cache used up once
e	20597
e	9341
e	76989
e	17587
shadow_cache used up once
shadow_cache used up once
shadow_cache used up once
shadow_cache used up once
shadow_cache used up once
shadow_cache used up once
phase = 3
Hit: Address 37fb120cc9bc0 got flushed counter=19
Hit: Address 37fb120cc9c00 got flushed counter=20
phase = 18
shadow_cache used up once
shadow_cache used up once
shadow_cache used up once
shadow_cache used up once
phase = 4
shadow_cache used up once
shadow_cache used up once
shadow_cache used up once
shadow_cache used up once
f	13296
f	55791
f	5054
f	34831
shadow_cache used up once
shadow_cache used up once
shadow_cache used up once
phase = 19
shadow_cache used up once
shadow_cache used up once
shadow_cache used up once
shadow_cache used up once
shadow_cache used up once
shadow_cache used up once
shadow_cache used up once
shadow_cache used up once
shadow_cache used up once
shadow_cache used up once
Hit: Address 37fb11ab04b00 got flushed counter=21
phase = 4
Hit: Address 37fb120e0d500 got flushed counter=22
Hit: Address 37fb120e0d540 got flushed counter=23
shadow_cache used up once
phase = 20
shadow_cache used up once
shadow_cache used up once
shadow_cache used up once
10	19504
10	8342
10	76063
10	16188
shadow_cache used up once
shadow_cache used up once
shadow_cache used up once
shadow_cache used up once
shadow_cache used up once
shadow_cache used up once
shadow_cache used up once
Hit: Address 37fb11abbc480 got flushed counter=24
shadow_cache used up once
phase = 21
shadow_cache used up once
shadow_cache used up once
shadow_cache used up once
shadow_cache used up once
shadow_cache used up once
shadow_cache used up once
shadow_cache used up once
shadow_cache used up once
shadow_cache used up once
11	17512
11	20875
11	7976
11	76920
Hit: Address 37fb120f50e80 got flushed counter=25
Hit: Address 37fb120f50ec0 got flushed counter=26
shadow_cache used up once
shadow_cache used up once
Hit: Address 37fb11ac778c0 got flushed counter=27
phase = 22
shadow_cache used up once
phase = 5
shadow_cache used up once
shadow_cache used up once
shadow_cache used up once
shadow_cache used up once
shadow_cache used up once
shadow_cache used up once
shadow_cache used up once
shadow_cache used up once
shadow_cache used up once
shadow_cache used up once
phase = 23
Hit: Address 37fb121028a00 got flushed counter=28
Hit: Address 37fb121028a40 got flushed counter=29
shadow_cache used up once
shadow_cache used up once
12	7147
12	21387
12	77420
12	18114
shadow_cache used up once
shadow_cache used up once
shadow_cache used up once
shadow_cache used up once
shadow_cache used up once
shadow_cache used up once
shadow_cache used up once
shadow_cache used up once
shadow_cache used up once
phase = 4
phase = 24
shadow_cache used up once
shadow_cache used up once
shadow_cache used up once
shadow_cache used up once
Hit: Address 37fb121100580 got flushed counter=30
Hit: Address 37fb1211005c0 got flushed counter=31
shadow_cache used up once
shadow_cache used up once
shadow_cache used up once
phase = 5
13	56541
13	14884
13	6974
13	33690
shadow_cache used up once
shadow_cache used up once
shadow_cache used up once
shadow_cache used up once
shadow_cache used up once
shadow_cache used up once
shadow_cache used up once
shadow_cache used up once
phase = 25
shadow_cache used up once
shadow_cache used up once
shadow_cache used up once
Hit: Address 37fb11aeb8080 got flushed counter=32
shadow_cache used up once
shadow_cache used up once
shadow_cache used up once
shadow_cache used up once
Hit: Address 37fb11aefdcc0 got flushed counter=33
14	72485
14	7390
14	18537
14	18502
shadow_cache used up once
shadow_cache used up once
Hit: Address 37fb11af13d40 got flushed counter=34
shadow_cache used up once
phase = 26
phase = 6
shadow_cache used up once
Hit: Address 37fb121243f80 got flushed counter=35
Hit: Address 37fb121243fc0 got flushed counter=36
Hit: Address 37fb121244000 got flushed counter=37
shadow_cache used up once
shadow_cache used up once
shadow_cache used up once
shadow_cache used up once
shadow_cache used up once
shadow_cache used up once
shadow_cache used up once
shadow_cache used up once
Hit: Address 37fb1212afcc0 got flushed counter=38
Hit: Address 37fb1212afd00 got flushed counter=39
shadow_cache used up once
shadow_cache used up once
phase = 27
shadow_cache used up once
shadow_cache used up once
15	9655
15	20080
15	75640
15	17110
shadow_cache used up once
Hit: Address 37fb11b002800 got flushed counter=40
shadow_cache used up once
shadow_cache used up once
shadow_cache used up once
shadow_cache used up once
shadow_cache used up once
shadow_cache used up once
shadow_cache used up once
shadow_cache used up once
phase = 28
shadow_cache used up once
shadow_cache used up once
shadow_cache used up once
shadow_cache used up once
shadow_cache used up once
shadow_cache used up once
shadow_cache used up once
16	75695
16	20507
16	9323
16	17787
shadow_cache used up once
shadow_cache used up once
shadow_cache used up once
shadow_cache used up once
shadow_cache used up once
phase = 29
shadow_cache used up once
shadow_cache used up once
shadow_cache used up once
shadow_cache used up once
shadow_cache used up once
shadow_cache used up once
shadow_cache used up once
shadow_cache used up once
shadow_cache used up once
phase = 7
phase = 6
shadow_cache used up once
Hit: Address 37fb1214cb180 got flushed counter=41
Hit: Address 37fb1214cb1c0 got flushed counter=42
Hit: Address 37fb1214cb300 got flushed counter=43
Hit: Address 37fb1214cb340 got flushed counter=44
Hit: Address 37fb1214cb380 got flushed counter=45
shadow_cache used up once
phase = 30
phase = 5
shadow_cache used up once
shadow_cache used up once
17	21679
17	77927
17	6350
17	17983
shadow_cache used up once
shadow_cache used up once
shadow_cache used up once
shadow_cache used up once
Hit: Address 37fb121536f80 got flushed counter=46
Hit: Address 37fb121536fc0 got flushed counter=47
shadow_cache used up once
shadow_cache used up once
shadow_cache used up once
shadow_cache used up once
shadow_cache used up once
shadow_cache used up once
Hit: Address 17fff65066b80 got flushed counter=2
shadow_cache used up once
shadow_cache used up once
phase = 31
shadow_cache used up once
shadow_cache used up once
Hit: Address 37fb1215a2d40 got flushed counter=48
Hit: Address 37fb1215a2d80 got flushed counter=49
shadow_cache used up once
18	8878
18	53882
18	13348
18	34563
shadow_cache used up once
shadow_cache used up once
shadow_cache used up once
shadow_cache used up once
shadow_cache used up once
shadow_cache used up once
shadow_cache used up once
shadow_cache used up once
phase = 32
shadow_cache used up once
shadow_cache used up once
shadow_cache used up once
shadow_cache used up once
Hit: Address 37fb12167a8c0 got flushed counter=50
Hit: Address 37fb12167a900 got flushed counter=51
shadow_cache used up once
shadow_cache used up once
shadow_cache used up once
19	19013
19	6585
19	16269
19	77282
shadow_cache used up once
shadow_cache used up once
shadow_cache used up once
shadow_cache used up once
phase = 33
shadow_cache used up once
shadow_cache used up once
shadow_cache used up once
phase = 7
shadow_cache used up once
shadow_cache used up once
shadow_cache used up once
Hit: Address 37fb121752440 got flushed counter=52
Hit: Address 37fb121752480 got flushed counter=53
shadow_cache used up once
shadow_cache used up once
phase = 8
shadow_cache used up once
1a	24137
1a	7917
1a	62314
1a	15976
shadow_cache used up once
shadow_cache used up once
shadow_cache used up once
shadow_cache used up once
shadow_cache used up once
phase = 34
shadow_cache used up once
phase = 6
shadow_cache used up once
shadow_cache used up once
1b	32747
1b	2997
1b	21160
1b	11797
shadow_cache used up once
shadow_cache used up once
shadow_cache used up once
shadow_cache used up once
shadow_cache used up once
shadow_cache used up once
shadow_cache used up once
1c	32779
1c	20957
1c	11888
1c	2556
shadow_cache used up once
shadow_cache used up once
phase = 9
Hit: Address 17fff65067340 got flushed counter=3
shadow_cache used up once
shadow_cache used up once
phase = 8
shadow_cache used up once
shadow_cache used up once
shadow_cache used up once
shadow_cache used up once
1d	23214
1d	6231
1d	15415
1d	26410
shadow_cache used up once
shadow_cache used up once
phase = 7
shadow_cache used up once
shadow_cache used up once
shadow_cache used up once
shadow_cache used up once
phase = 35
shadow_cache used up once
shadow_cache used up once
shadow_cache used up once
1e	32741
1e	20464
1e	3731
1e	9596
shadow_cache used up once
shadow_cache used up once
shadow_cache used up once
phase = 10
shadow_cache used up once
shadow_cache used up once
shadow_cache used up once
shadow_cache used up once
1f	32951
1f	20406
1f	3496
1f	10602
shadow_cache used up once
shadow_cache used up once
shadow_cache used up once
shadow_cache used up once
phase = 8
shadow_cache used up once
shadow_cache used up once
shadow_cache used up once
shadow_cache used up once
20	32783
20	20578
20	2421
20	11303
phase = 36
shadow_cache used up once
shadow_cache used up once
shadow_cache used up once
phase = 9
shadow_cache used up once
shadow_cache used up once
shadow_cache used up once
shadow_cache used up once
21	25563
21	4541
21	16086
21	22866
shadow_cache used up once
shadow_cache used up once
Hit: Address 1000002197b80 got flushed counter=4
shadow_cache used up once
phase = 11
shadow_cache used up once
shadow_cache used up once
shadow_cache used up once
shadow_cache used up once
shadow_cache used up once
22	19229
22	30657
22	5260
22	14073
shadow_cache used up once
shadow_cache used up once
phase = 9
shadow_cache used up once
shadow_cache used up once
shadow_cache used up once
shadow_cache used up once
shadow_cache used up once
shadow_cache used up once
23	33060
23	19823
23	2992
23	9206
phase = 10
phase = 37
shadow_cache used up once
shadow_cache used up once
shadow_cache used up once
shadow_cache used up once
phase = 12
shadow_cache used up once
shadow_cache used up once
shadow_cache used up once
shadow_cache used up once
24	33131
24	4507
24	19804
24	9467
shadow_cache used up once
shadow_cache used up once
shadow_cache used up once
shadow_cache used up once
phase = 10
shadow_cache used up once
shadow_cache used up once
shadow_cache used up once
shadow_cache used up once
25	33346
25	5355
25	19591
25	9827
shadow_cache used up once
shadow_cache used up once
shadow_cache used up once
shadow_cache used up once
shadow_cache used up once
phase = 11
shadow_cache used up once
shadow_cache used up once
26	23795
26	6483
26	14983
26	25375
phase = 38
shadow_cache used up once
phase = 13
shadow_cache used up once
shadow_cache used up once
shadow_cache used up once
shadow_cache used up once
shadow_cache used up once
shadow_cache used up once
shadow_cache used up once
27	33161
27	5015
27	18493
27	7210
shadow_cache used up once
phase = 11
shadow_cache used up once
shadow_cache used up once
shadow_cache used up once
shadow_cache used up once
shadow_cache used up once
shadow_cache used up once
28	33373
28	4317
28	6742
28	18505
shadow_cache used up once
shadow_cache used up once
shadow_cache used up once
shadow_cache used up once
phase = 14
shadow_cache used up once
shadow_cache used up once
shadow_cache used up once
phase = 39
29	33411
29	4757
29	18787
29	7183
shadow_cache used up once
shadow_cache used up once
shadow_cache used up once
phase = 12
shadow_cache used up once
shadow_cache used up once
shadow_cache used up once
shadow_cache used up once
shadow_cache used up once
phase = 12
2a	18789
2a	4839
2a	33374
2a	7886
shadow_cache used up once
shadow_cache used up once
shadow_cache used up once
Hit: Address 1000002197b80 got flushed counter=5
shadow_cache used up once
shadow_cache used up once
shadow_cache used up once
shadow_cache used up once
2b	23824
2b	6800
2b	14474
2b	25141
shadow_cache used up once
phase = 15
shadow_cache used up once
shadow_cache used up once
shadow_cache used up once
shadow_cache used up once
shadow_cache used up once
shadow_cache used up once
Hit: Address 3000000db9440 got flushed counter=54
Hit: Address 3000000db6800 got flushed counter=55
shadow_cache used up once
2c	32317
2c	5609
2c	18996
2c	7202
shadow_cache used up once
phase = 13
phase = 40
shadow_cache used up once
shadow_cache used up once
shadow_cache used up once
phase = 13
shadow_cache used up once
shadow_cache used up once
shadow_cache used up once
2d	5319
2d	30420
2d	8111
2d	19430
shadow_cache used up once
shadow_cache used up once
shadow_cache used up once
phase = 16
shadow_cache used up once
shadow_cache used up once
shadow_cache used up once
shadow_cache used up once
2e	30424
2e	19645
2e	6144
2e	7946
shadow_cache used up once
shadow_cache used up once
phase = 14
shadow_cache used up once
shadow_cache used up once
shadow_cache used up once
Hit: Address 17fff65067480 got flushed counter=6
shadow_cache used up once
2f	19472
2f	18055
2f	15214
2f	5259
shadow_cache used up once
shadow_cache used up once
Hit: Address 1000002197b80 got flushed counter=7
shadow_cache used up once
phase = 14
shadow_cache used up once
shadow_cache used up once
phase = 41
shadow_cache used up once
shadow_cache used up once
phase = 17
30	17500
30	16976
30	5955
30	13043
shadow_cache used up once
shadow_cache used up once
shadow_cache used up once
shadow_cache used up once
shadow_cache used up once
shadow_cache used up once
shadow_cache used up once
31	23820
31	19351
31	5146
31	6680
phase = 15
shadow_cache used up once
shadow_cache used up once
shadow_cache used up once
shadow_cache used up once
shadow_cache used up once
[TRACE:1] -- DONE --
[TRACE:2] -- STOP --
[TRACE:3] -- STOP --
[TRACE:0] -- STOP --
[SNIPER] Disabling performance models
[SNIPER] Leaving ROI after 3493.67 seconds
[SNIPER] Simulated 688.0M instructions, 169.1M cycles, 4.07 IPC
[SNIPER] Simulation speed 196.9 KIPS (49.2 KIPS / target core - 20311.3ns/instr)
[SNIPER] Setting instrumentation mode to FAST_FORWARD
Hawkeye Victims: 0
LRU Victims: 0
Hawkeye Victims: 0
LRU Victims: 0
Hawkeye Victims: 0
LRU Victims: 0
Hawkeye Victims: 0
LRU Victims: 0
Inserted: 0
Redundant.progress: 0
Redundant.cache: 0
Redundant.buffer: 0
Hawkeye Victims: 0
LRU Victims: 0
Inserted: 0
Redundant.progress: 0
Redundant.cache: 0
Redundant.buffer: 0
Hawkeye Victims: 0
LRU Victims: 0
phase = 18
Inserted: 32f14d
Redundant.progress: 55c
Redundant.cache: 316ecb
Redundant.buffer: 0
Hawkeye Victims: 0
LRU Victims: 0
Hawkeye Victims: 0
LRU Victims: 0
Hawkeye Victims: 0
LRU Victims: 0
Hawkeye Victims: 0
LRU Victims: 0
Inserted: 0
Redundant.progress: 0
Redundant.cache: 0
Redundant.buffer: 0
Hawkeye Victims: 0
LRU Victims: 0
Inserted: 0
Redundant.progress: 0
Redundant.cache: 0
Redundant.buffer: 0
phase = 15
Inserted: 1579a6
Redundant.progress: 84
Redundant.cache: 8d2f5
Redundant.buffer: 0
Hawkeye Victims: 0
LRU Victims: 0
Hawkeye Victims: 0
LRU Victims: 0
Hawkeye Victims: 0
LRU Victims: 0
Hawkeye Victims: 0
LRU Victims: 0
Inserted: 0
Redundant.progress: 0
Redundant.cache: 0
Redundant.buffer: 0
Hawkeye Victims: 0
LRU Victims: 0
Inserted: 0
Redundant.progress: 0
Redundant.cache: 0
Redundant.buffer: 0
phase = 16
Inserted: 1c5c0
Redundant.progress: 186
Redundant.cache: 1166
Redundant.buffer: 0
Hawkeye Victims: 0
LRU Victims: 0
Hawkeye Victims: 0
LRU Victims: 0
Hawkeye Victims: 0
LRU Victims: 0
Hawkeye Victims: 0
LRU Victims: 0
Inserted: 0
Redundant.progress: 0
Redundant.cache: 0
Redundant.buffer: 0
Hawkeye Victims: 0
LRU Victims: 0
Inserted: 0
Redundant.progress: 0
Redundant.cache: 0
Redundant.buffer: 0
phase = 42
Inserted: 34af2d
Redundant.progress: 208f
Redundant.cache: 14be2a
Redundant.buffer: 0
[SNIPER] End
[SNIPER] Elapsed time: 3531.27 seconds
