000 (15005554.000.000) 08/01 18:26:28 Job submitted from host: <128.83.130.153:51299?addrs=128.83.130.153-51299>
...
001 (15005554.000.000) 08/01 18:26:37 Job executing on host: <128.83.120.75:36144?addrs=128.83.120.75-36144>
...
006 (15005554.000.000) 08/01 18:26:37 Image size of job updated: 1
	0  -  MemoryUsage of job (MB)
	0  -  ResidentSetSize of job (KB)
...
005 (15005554.000.000) 08/01 18:26:38 Job terminated.
	(1) Normal termination (return value 126)
		Usr 0 00:00:00, Sys 0 00:00:00  -  Run Remote Usage
		Usr 0 00:00:00, Sys 0 00:00:00  -  Run Local Usage
		Usr 0 00:00:00, Sys 0 00:00:00  -  Total Remote Usage
		Usr 0 00:00:00, Sys 0 00:00:00  -  Total Local Usage
	0  -  Run Bytes Sent By Job
	0  -  Run Bytes Received By Job
	0  -  Total Bytes Sent By Job
	0  -  Total Bytes Received By Job
	Partitionable Resources :    Usage  Request Allocated
	   Cpus                 :                 1         1
	   Disk (KB)            :        1        1   8862904
	   Gpus                 :                           0
	   Memory (MB)          :        0        1      4028
...
000 (15005629.000.000) 08/01 18:32:03 Job submitted from host: <128.83.130.153:51299?addrs=128.83.130.153-51299>
...
001 (15005629.000.000) 08/01 18:32:32 Job executing on host: <128.83.120.75:36144?addrs=128.83.120.75-36144>
...
006 (15005629.000.000) 08/01 18:32:41 Image size of job updated: 1306000
	46  -  MemoryUsage of job (MB)
	46132  -  ResidentSetSize of job (KB)
...
006 (15005629.000.000) 08/01 18:37:42 Image size of job updated: 5817020
	519  -  MemoryUsage of job (MB)
	531184  -  ResidentSetSize of job (KB)
...
006 (15005629.000.000) 08/01 18:42:42 Image size of job updated: 5884296
	686  -  MemoryUsage of job (MB)
	701612  -  ResidentSetSize of job (KB)
...
006 (15005629.000.000) 08/01 18:47:43 Image size of job updated: 6015368
	840  -  MemoryUsage of job (MB)
	859780  -  ResidentSetSize of job (KB)
...
006 (15005629.000.000) 08/01 18:52:44 Image size of job updated: 6080904
	997  -  MemoryUsage of job (MB)
	1020396  -  ResidentSetSize of job (KB)
...
006 (15005629.000.000) 08/01 18:57:44 Image size of job updated: 6211976
	1157  -  MemoryUsage of job (MB)
	1184116  -  ResidentSetSize of job (KB)
...
006 (15005629.000.000) 08/01 19:02:44 Image size of job updated: 6277512
	1317  -  MemoryUsage of job (MB)
	1348248  -  ResidentSetSize of job (KB)
...
006 (15005629.000.000) 08/01 19:07:45 Image size of job updated: 6412264
	1497  -  MemoryUsage of job (MB)
	1532488  -  ResidentSetSize of job (KB)
...
006 (15005629.000.000) 08/01 19:12:46 Image size of job updated: 6412264
	1634  -  MemoryUsage of job (MB)
	1672596  -  ResidentSetSize of job (KB)
...
006 (15005629.000.000) 08/01 19:17:46 Image size of job updated: 6477800
	1727  -  MemoryUsage of job (MB)
	1768308  -  ResidentSetSize of job (KB)
...
006 (15005629.000.000) 08/01 19:22:47 Image size of job updated: 6543336
	1819  -  MemoryUsage of job (MB)
	1861816  -  ResidentSetSize of job (KB)
...
006 (15005629.000.000) 08/01 19:27:48 Image size of job updated: 6608872
	1953  -  MemoryUsage of job (MB)
	1999596  -  ResidentSetSize of job (KB)
...
006 (15005629.000.000) 08/01 19:31:24 Image size of job updated: 6609004
	1953  -  MemoryUsage of job (MB)
	1999596  -  ResidentSetSize of job (KB)
...
005 (15005629.000.000) 08/01 19:31:24 Job terminated.
	(1) Normal termination (return value 0)
		Usr 0 01:12:06, Sys 0 00:01:41  -  Run Remote Usage
		Usr 0 00:00:00, Sys 0 00:00:00  -  Run Local Usage
		Usr 0 01:12:06, Sys 0 00:01:41  -  Total Remote Usage
		Usr 0 00:00:00, Sys 0 00:00:00  -  Total Local Usage
	0  -  Run Bytes Sent By Job
	0  -  Run Bytes Received By Job
	0  -  Total Bytes Sent By Job
	0  -  Total Bytes Received By Job
	Partitionable Resources :    Usage  Request Allocated
	   Cpus                 :                 1         1
	   Disk (KB)            :        1        1   8862904
	   Gpus                 :                           0
	   Memory (MB)          :     1953        1      4028
...
