000 (515986.000.000) 05/05 17:13:10 Job submitted from host: <128.83.144.149:44250?addrs=128.83.144.149-44250>
...
001 (515986.000.000) 05/05 17:13:27 Job executing on host: <128.83.130.161:35317?addrs=128.83.130.161-35317>
...
006 (515986.000.000) 05/05 17:13:36 Image size of job updated: 776884
	52  -  MemoryUsage of job (MB)
	52704  -  ResidentSetSize of job (KB)
...
006 (515986.000.000) 05/05 17:14:25 Image size of job updated: 777396
	52  -  MemoryUsage of job (MB)
	52704  -  ResidentSetSize of job (KB)
...
004 (515986.000.000) 05/05 17:14:25 Job was evicted.
	(0) Job was not checkpointed.
		Usr 0 00:00:00, Sys 0 00:00:00  -  Run Remote Usage
		Usr 0 00:00:00, Sys 0 00:00:00  -  Run Local Usage
	0  -  Run Bytes Sent By Job
	0  -  Run Bytes Received By Job
	Partitionable Resources :    Usage  Request Allocated
	   Cpus                 :                 1         1
	   Disk (KB)            :        2        2   1888652
	   Gpus                 :                           0
	   Memory (MB)          :       52        1     21164
...
009 (515986.000.000) 05/05 17:14:25 Job was aborted by the user.
	via condor_rm (by user ypei)
...
000 (516211.000.000) 05/05 17:14:52 Job submitted from host: <128.83.144.149:44250?addrs=128.83.144.149-44250>
...
001 (516211.000.000) 05/05 17:14:57 Job executing on host: <128.83.144.147:58788?addrs=128.83.144.147-58788>
...
006 (516211.000.000) 05/05 17:15:06 Image size of job updated: 776880
	56  -  MemoryUsage of job (MB)
	56796  -  ResidentSetSize of job (KB)
...
006 (516211.000.000) 05/05 17:18:09 Image size of job updated: 946852
	101  -  MemoryUsage of job (MB)
	103420  -  ResidentSetSize of job (KB)
...
004 (516211.000.000) 05/05 17:18:09 Job was evicted.
	(0) Job was not checkpointed.
		Usr 0 00:01:01, Sys 0 00:00:02  -  Run Remote Usage
		Usr 0 00:00:00, Sys 0 00:00:00  -  Run Local Usage
	0  -  Run Bytes Sent By Job
	0  -  Run Bytes Received By Job
	Partitionable Resources :    Usage  Request Allocated
	   Cpus                 :                 1         1
	   Disk (KB)            :        2        2   1883934
	   Gpus                 :                           0
	   Memory (MB)          :      101        1     21164
...
009 (516211.000.000) 05/05 17:18:10 Job was aborted by the user.
	via condor_rm (by user ypei)
...
000 (516418.000.000) 05/05 17:18:23 Job submitted from host: <128.83.144.149:44250?addrs=128.83.144.149-44250>
...
001 (516418.000.000) 05/05 17:18:27 Job executing on host: <128.83.120.230:37764?addrs=128.83.120.230-37764>
...
006 (516418.000.000) 05/05 17:18:36 Image size of job updated: 777708
	55  -  MemoryUsage of job (MB)
	55796  -  ResidentSetSize of job (KB)
...
006 (516418.000.000) 05/05 17:21:19 Image size of job updated: 946712
	96  -  MemoryUsage of job (MB)
	98016  -  ResidentSetSize of job (KB)
...
004 (516418.000.000) 05/05 17:21:19 Job was evicted.
	(0) Job was not checkpointed.
		Usr 0 00:01:34, Sys 0 00:00:01  -  Run Remote Usage
		Usr 0 00:00:00, Sys 0 00:00:00  -  Run Local Usage
	0  -  Run Bytes Sent By Job
	0  -  Run Bytes Received By Job
	Partitionable Resources :    Usage  Request Allocated
	   Cpus                 :                 1         1
	   Disk (KB)            :        2        2    827432
	   Gpus                 :                           0
	   Memory (MB)          :       96        1     12899
...
009 (516418.000.000) 05/05 17:21:20 Job was aborted by the user.
	via condor_rm (by user ypei)
...
000 (517039.000.000) 05/05 17:21:45 Job submitted from host: <128.83.144.149:44250?addrs=128.83.144.149-44250>
...
001 (517039.000.000) 05/05 17:21:49 Job executing on host: <128.83.144.29:41674?addrs=128.83.144.29-41674>
...
006 (517039.000.000) 05/05 17:21:58 Image size of job updated: 2
	2  -  MemoryUsage of job (MB)
	1636  -  ResidentSetSize of job (KB)
...
006 (517039.000.000) 05/05 17:26:59 Image size of job updated: 1012244
	162  -  MemoryUsage of job (MB)
	165828  -  ResidentSetSize of job (KB)
...
006 (517039.000.000) 05/05 17:31:02 Image size of job updated: 1078672
	162  -  MemoryUsage of job (MB)
	165828  -  ResidentSetSize of job (KB)
...
005 (517039.000.000) 05/05 17:31:02 Job terminated.
	(1) Normal termination (return value 0)
		Usr 0 00:08:31, Sys 0 00:00:05  -  Run Remote Usage
		Usr 0 00:00:00, Sys 0 00:00:00  -  Run Local Usage
		Usr 0 00:08:31, Sys 0 00:00:05  -  Total Remote Usage
		Usr 0 00:00:00, Sys 0 00:00:00  -  Total Local Usage
	0  -  Run Bytes Sent By Job
	0  -  Run Bytes Received By Job
	0  -  Total Bytes Sent By Job
	0  -  Total Bytes Received By Job
	Partitionable Resources :    Usage  Request Allocated
	   Cpus                 :                 1         1
	   Disk (KB)            :        2        2   1214297
	   Gpus                 :                           0
	   Memory (MB)          :      162        1     10751
...
000 (382470.000.000) 05/07 03:39:53 Job submitted from host: <128.83.144.155:57685?addrs=128.83.144.155-57685>
...
001 (382470.000.000) 05/07 04:09:16 Job executing on host: <128.83.144.5:44408?addrs=128.83.144.5-44408>
...
006 (382470.000.000) 05/07 04:09:24 Image size of job updated: 2
	2  -  MemoryUsage of job (MB)
	1676  -  ResidentSetSize of job (KB)
...
006 (382470.000.000) 05/07 04:14:24 Image size of job updated: 946744
	137  -  MemoryUsage of job (MB)
	139952  -  ResidentSetSize of job (KB)
...
006 (382470.000.000) 05/07 04:19:25 Image size of job updated: 1078408
	236  -  MemoryUsage of job (MB)
	241604  -  ResidentSetSize of job (KB)
...
006 (382470.000.000) 05/07 04:22:22 Image size of job updated: 1078708
	236  -  MemoryUsage of job (MB)
	241604  -  ResidentSetSize of job (KB)
...
005 (382470.000.000) 05/07 04:22:22 Job terminated.
	(1) Normal termination (return value 0)
		Usr 0 00:12:34, Sys 0 00:00:14  -  Run Remote Usage
		Usr 0 00:00:00, Sys 0 00:00:00  -  Run Local Usage
		Usr 0 00:12:34, Sys 0 00:00:14  -  Total Remote Usage
		Usr 0 00:00:00, Sys 0 00:00:00  -  Total Local Usage
	0  -  Run Bytes Sent By Job
	0  -  Run Bytes Received By Job
	0  -  Total Bytes Sent By Job
	0  -  Total Bytes Received By Job
	Partitionable Resources :    Usage  Request Allocated
	   Cpus                 :                 1         1
	   Disk (KB)            :        2        2    790395
	   Gpus                 :                           0
	   Memory (MB)          :      236        1     12899
...
000 (518488.000.000) 05/07 13:18:18 Job submitted from host: <128.83.144.149:44250?addrs=128.83.144.149-44250>
...
001 (518488.000.000) 05/07 13:18:49 Job executing on host: <128.83.130.161:35317?addrs=128.83.130.161-35317>
...
006 (518488.000.000) 05/07 13:18:58 Image size of job updated: 778416
	56  -  MemoryUsage of job (MB)
	56564  -  ResidentSetSize of job (KB)
...
010 (518488.000.000) 05/07 13:20:59 Job was suspended.
	Number of processes actually suspended: 8
...
006 (518488.000.000) 05/07 13:20:59 Image size of job updated: 946888
	95  -  MemoryUsage of job (MB)
	96852  -  ResidentSetSize of job (KB)
...
011 (518488.000.000) 05/07 13:23:13 Job was unsuspended.
...
006 (518488.000.000) 05/07 13:23:37 Image size of job updated: 946888
	98  -  MemoryUsage of job (MB)
	99372  -  ResidentSetSize of job (KB)
...
004 (518488.000.000) 05/07 13:23:37 Job was evicted.
	(0) Job was not checkpointed.
		Usr 0 00:01:39, Sys 0 00:00:04  -  Run Remote Usage
		Usr 0 00:00:00, Sys 0 00:00:00  -  Run Local Usage
	0  -  Run Bytes Sent By Job
	0  -  Run Bytes Received By Job
	Partitionable Resources :    Usage  Request Allocated
	   Cpus                 :                 1         1
	   Disk (KB)            :        2        2   1865789
	   Gpus                 :                           0
	   Memory (MB)          :       98        1     21164
...
009 (518488.000.000) 05/07 13:23:38 Job was aborted by the user.
	via condor_rm (by user ypei)
...
000 (518695.000.000) 05/07 13:23:48 Job submitted from host: <128.83.144.149:44250?addrs=128.83.144.149-44250>
...
001 (518695.000.000) 05/07 13:23:51 Job executing on host: <128.83.120.128:51378?addrs=128.83.120.128-51378>
...
006 (518695.000.000) 05/07 13:23:59 Image size of job updated: 782540
	62  -  MemoryUsage of job (MB)
	62608  -  ResidentSetSize of job (KB)
...
006 (518695.000.000) 05/07 13:28:59 Image size of job updated: 946880
	120  -  MemoryUsage of job (MB)
	122712  -  ResidentSetSize of job (KB)
...
006 (518695.000.000) 05/07 13:34:00 Image size of job updated: 946880
	154  -  MemoryUsage of job (MB)
	157232  -  ResidentSetSize of job (KB)
...
006 (518695.000.000) 05/07 13:39:01 Image size of job updated: 1012416
	186  -  MemoryUsage of job (MB)
	189644  -  ResidentSetSize of job (KB)
...
006 (518695.000.000) 05/07 13:44:01 Image size of job updated: 1078764
	239  -  MemoryUsage of job (MB)
	243892  -  ResidentSetSize of job (KB)
...
006 (518695.000.000) 05/07 13:47:04 Image size of job updated: 1078844
	239  -  MemoryUsage of job (MB)
	243892  -  ResidentSetSize of job (KB)
...
005 (518695.000.000) 05/07 13:47:04 Job terminated.
	(1) Normal termination (return value 0)
		Usr 0 00:22:14, Sys 0 00:00:33  -  Run Remote Usage
		Usr 0 00:00:00, Sys 0 00:00:00  -  Run Local Usage
		Usr 0 00:22:14, Sys 0 00:00:33  -  Total Remote Usage
		Usr 0 00:00:00, Sys 0 00:00:00  -  Total Local Usage
	0  -  Run Bytes Sent By Job
	0  -  Run Bytes Received By Job
	0  -  Total Bytes Sent By Job
	0  -  Total Bytes Received By Job
	Partitionable Resources :    Usage  Request Allocated
	   Cpus                 :                 1         1
	   Disk (KB)            :        2        2    803056
	   Gpus                 :                           0
	   Memory (MB)          :      239        1     12899
...
000 (519109.000.000) 05/07 14:36:28 Job submitted from host: <128.83.144.149:44250?addrs=128.83.144.149-44250>
...
001 (519109.000.000) 05/07 14:36:35 Job executing on host: <128.83.130.161:35317?addrs=128.83.130.161-35317>
...
006 (519109.000.000) 05/07 14:36:43 Image size of job updated: 778808
	58  -  MemoryUsage of job (MB)
	58904  -  ResidentSetSize of job (KB)
...
006 (519109.000.000) 05/07 14:41:43 Image size of job updated: 947008
	147  -  MemoryUsage of job (MB)
	150136  -  ResidentSetSize of job (KB)
...
006 (519109.000.000) 05/07 14:46:44 Image size of job updated: 1078888
	239  -  MemoryUsage of job (MB)
	244324  -  ResidentSetSize of job (KB)
...
006 (519109.000.000) 05/07 14:48:06 Image size of job updated: 1078980
	239  -  MemoryUsage of job (MB)
	244324  -  ResidentSetSize of job (KB)
...
005 (519109.000.000) 05/07 14:48:06 Job terminated.
	(1) Normal termination (return value 0)
		Usr 0 00:10:42, Sys 0 00:00:05  -  Run Remote Usage
		Usr 0 00:00:00, Sys 0 00:00:00  -  Run Local Usage
		Usr 0 00:10:42, Sys 0 00:00:05  -  Total Remote Usage
		Usr 0 00:00:00, Sys 0 00:00:00  -  Total Local Usage
	0  -  Run Bytes Sent By Job
	0  -  Run Bytes Received By Job
	0  -  Total Bytes Sent By Job
	0  -  Total Bytes Received By Job
	Partitionable Resources :    Usage  Request Allocated
	   Cpus                 :                 1         1
	   Disk (KB)            :        2        2   1909593
	   Gpus                 :                           0
	   Memory (MB)          :      239        1     21164
...
000 (382884.000.000) 05/07 20:16:58 Job submitted from host: <128.83.144.155:57685?addrs=128.83.144.155-57685>
...
001 (382884.000.000) 05/07 20:39:37 Job executing on host: <128.83.144.147:58788?addrs=128.83.144.147-58788>
...
006 (382884.000.000) 05/07 20:39:45 Image size of job updated: 946752
	78  -  MemoryUsage of job (MB)
	79416  -  ResidentSetSize of job (KB)
...
006 (382884.000.000) 05/07 20:44:45 Image size of job updated: 947008
	143  -  MemoryUsage of job (MB)
	146100  -  ResidentSetSize of job (KB)
...
006 (382884.000.000) 05/07 20:49:46 Image size of job updated: 1078888
	237  -  MemoryUsage of job (MB)
	242440  -  ResidentSetSize of job (KB)
...
006 (382884.000.000) 05/07 20:51:20 Image size of job updated: 1078980
	237  -  MemoryUsage of job (MB)
	242440  -  ResidentSetSize of job (KB)
...
005 (382884.000.000) 05/07 20:51:20 Job terminated.
	(1) Normal termination (return value 0)
		Usr 0 00:11:30, Sys 0 00:00:05  -  Run Remote Usage
		Usr 0 00:00:00, Sys 0 00:00:00  -  Run Local Usage
		Usr 0 00:11:30, Sys 0 00:00:05  -  Total Remote Usage
		Usr 0 00:00:00, Sys 0 00:00:00  -  Total Local Usage
	0  -  Run Bytes Sent By Job
	0  -  Run Bytes Received By Job
	0  -  Total Bytes Sent By Job
	0  -  Total Bytes Received By Job
	Partitionable Resources :    Usage  Request Allocated
	   Cpus                 :                 1         1
	   Disk (KB)            :        2        2   1911588
	   Gpus                 :                           0
	   Memory (MB)          :      237        1     21164
...
000 (384126.000.000) 05/08 05:53:01 Job submitted from host: <128.83.144.155:57685?addrs=128.83.144.155-57685>
...
001 (384126.000.000) 05/08 06:17:26 Job executing on host: <128.83.120.231:41298?addrs=128.83.120.231-41298>
...
006 (384126.000.000) 05/08 06:17:35 Image size of job updated: 2
	2  -  MemoryUsage of job (MB)
	1688  -  ResidentSetSize of job (KB)
...
006 (384126.000.000) 05/08 06:22:36 Image size of job updated: 946884
	137  -  MemoryUsage of job (MB)
	139284  -  ResidentSetSize of job (KB)
...
006 (384126.000.000) 05/08 06:27:36 Image size of job updated: 1078548
	238  -  MemoryUsage of job (MB)
	243616  -  ResidentSetSize of job (KB)
...
006 (384126.000.000) 05/08 06:30:42 Image size of job updated: 1078848
	238  -  MemoryUsage of job (MB)
	243616  -  ResidentSetSize of job (KB)
...
005 (384126.000.000) 05/08 06:30:42 Job terminated.
	(1) Normal termination (return value 0)
		Usr 0 00:12:37, Sys 0 00:00:17  -  Run Remote Usage
		Usr 0 00:00:00, Sys 0 00:00:00  -  Run Local Usage
		Usr 0 00:12:37, Sys 0 00:00:17  -  Total Remote Usage
		Usr 0 00:00:00, Sys 0 00:00:00  -  Total Local Usage
	0  -  Run Bytes Sent By Job
	0  -  Run Bytes Received By Job
	0  -  Total Bytes Sent By Job
	0  -  Total Bytes Received By Job
	Partitionable Resources :    Usage  Request Allocated
	   Cpus                 :                 1         1
	   Disk (KB)            :        2        2    786293
	   Gpus                 :                           0
	   Memory (MB)          :      238        1     12899
...
000 (417519.000.000) 05/09 03:37:26 Job submitted from host: <128.83.144.154:52346?addrs=128.83.144.154-52346>
...
001 (417519.000.000) 05/09 04:00:35 Job executing on host: <128.83.139.143:55125?addrs=128.83.139.143-55125>
...
006 (417519.000.000) 05/09 04:00:44 Image size of job updated: 782536
	62  -  MemoryUsage of job (MB)
	62616  -  ResidentSetSize of job (KB)
...
006 (417519.000.000) 05/09 04:05:45 Image size of job updated: 947144
	149  -  MemoryUsage of job (MB)
	152324  -  ResidentSetSize of job (KB)
...
006 (417519.000.000) 05/09 04:10:45 Image size of job updated: 1079024
	241  -  MemoryUsage of job (MB)
	246376  -  ResidentSetSize of job (KB)
...
006 (417519.000.000) 05/09 04:12:59 Image size of job updated: 1079116
	241  -  MemoryUsage of job (MB)
	246376  -  ResidentSetSize of job (KB)
...
005 (417519.000.000) 05/09 04:12:59 Job terminated.
	(1) Normal termination (return value 0)
		Usr 0 00:11:54, Sys 0 00:00:07  -  Run Remote Usage
		Usr 0 00:00:00, Sys 0 00:00:00  -  Run Local Usage
		Usr 0 00:11:54, Sys 0 00:00:07  -  Total Remote Usage
		Usr 0 00:00:00, Sys 0 00:00:00  -  Total Local Usage
	0  -  Run Bytes Sent By Job
	0  -  Run Bytes Received By Job
	0  -  Total Bytes Sent By Job
	0  -  Total Bytes Received By Job
	Partitionable Resources :    Usage  Request Allocated
	   Cpus                 :                 1         1
	   Disk (KB)            :        2        2   7539964
	   Gpus                 :                           0
	   Memory (MB)          :      241        1      4027
...
