000 (15005789.000.000) 08/01 20:50:07 Job submitted from host: <128.83.130.153:51299?addrs=128.83.130.153-51299>
...
001 (15005789.000.000) 08/01 20:50:13 Job executing on host: <128.83.120.217:37024?addrs=128.83.120.217-37024>
...
006 (15005789.000.000) 08/01 20:50:21 Image size of job updated: 31900
	5  -  MemoryUsage of job (MB)
	4876  -  ResidentSetSize of job (KB)
...
006 (15005789.000.000) 08/01 20:55:21 Image size of job updated: 6444996
	661  -  MemoryUsage of job (MB)
	676860  -  ResidentSetSize of job (KB)
...
006 (15005789.000.000) 08/01 21:00:22 Image size of job updated: 6713104
	955  -  MemoryUsage of job (MB)
	976964  -  ResidentSetSize of job (KB)
...
006 (15005789.000.000) 08/01 21:05:22 Image size of job updated: 6844176
	1231  -  MemoryUsage of job (MB)
	1259664  -  ResidentSetSize of job (KB)
...
006 (15005789.000.000) 08/01 21:10:22 Image size of job updated: 7171872
	1484  -  MemoryUsage of job (MB)
	1519276  -  ResidentSetSize of job (KB)
...
006 (15005789.000.000) 08/01 21:15:23 Image size of job updated: 7368480
	1737  -  MemoryUsage of job (MB)
	1778308  -  ResidentSetSize of job (KB)
...
006 (15005789.000.000) 08/01 21:20:23 Image size of job updated: 7762180
	2202  -  MemoryUsage of job (MB)
	2253976  -  ResidentSetSize of job (KB)
...
006 (15005789.000.000) 08/01 21:25:23 Image size of job updated: 7893508
	2328  -  MemoryUsage of job (MB)
	2383764  -  ResidentSetSize of job (KB)
...
006 (15005789.000.000) 08/01 21:30:24 Image size of job updated: 8024580
	2554  -  MemoryUsage of job (MB)
	2614456  -  ResidentSetSize of job (KB)
...
006 (15005789.000.000) 08/01 21:35:25 Image size of job updated: 8352276
	2775  -  MemoryUsage of job (MB)
	2841484  -  ResidentSetSize of job (KB)
...
005 (15005789.000.000) 08/01 21:35:40 Job terminated.
	(1) Normal termination (return value 0)
		Usr 0 00:56:48, Sys 0 00:01:35  -  Run Remote Usage
		Usr 0 00:00:00, Sys 0 00:00:00  -  Run Local Usage
		Usr 0 00:56:48, Sys 0 00:01:35  -  Total Remote Usage
		Usr 0 00:00:00, Sys 0 00:00:00  -  Total Local Usage
	0  -  Run Bytes Sent By Job
	0  -  Run Bytes Received By Job
	0  -  Total Bytes Sent By Job
	0  -  Total Bytes Received By Job
	Partitionable Resources :    Usage  Request Allocated
	   Cpus                 :                 1         1
	   Disk (KB)            :        1        1    749972
	   Gpus                 :                           0
	   Memory (MB)          :     2775        1      4021
...
