000 (15005802.000.000) 08/01 20:50:08 Job submitted from host: <128.83.130.153:51299?addrs=128.83.130.153-51299>
...
001 (15005802.000.000) 08/01 20:50:13 Job executing on host: <128.83.130.203:52232?addrs=128.83.130.203-52232>
...
006 (15005802.000.000) 08/01 20:50:22 Image size of job updated: 52036
	10  -  MemoryUsage of job (MB)
	10136  -  ResidentSetSize of job (KB)
...
006 (15005802.000.000) 08/01 20:55:23 Image size of job updated: 6928700
	617  -  MemoryUsage of job (MB)
	631504  -  ResidentSetSize of job (KB)
...
006 (15005802.000.000) 08/01 21:00:24 Image size of job updated: 7198308
	973  -  MemoryUsage of job (MB)
	995836  -  ResidentSetSize of job (KB)
...
006 (15005802.000.000) 08/01 21:05:24 Image size of job updated: 7460484
	1297  -  MemoryUsage of job (MB)
	1327476  -  ResidentSetSize of job (KB)
...
006 (15005802.000.000) 08/01 21:10:25 Image size of job updated: 7722884
	1614  -  MemoryUsage of job (MB)
	1652076  -  ResidentSetSize of job (KB)
...
006 (15005802.000.000) 08/01 21:15:26 Image size of job updated: 8050568
	1957  -  MemoryUsage of job (MB)
	2003408  -  ResidentSetSize of job (KB)
...
006 (15005802.000.000) 08/01 21:19:42 Image size of job updated: 8247176
	1957  -  MemoryUsage of job (MB)
	2003408  -  ResidentSetSize of job (KB)
...
005 (15005802.000.000) 08/01 21:19:42 Job terminated.
	(1) Normal termination (return value 0)
		Usr 0 00:29:27, Sys 0 00:00:36  -  Run Remote Usage
		Usr 0 00:00:00, Sys 0 00:00:00  -  Run Local Usage
		Usr 0 00:29:27, Sys 0 00:00:36  -  Total Remote Usage
		Usr 0 00:00:00, Sys 0 00:00:00  -  Total Local Usage
	0  -  Run Bytes Sent By Job
	0  -  Run Bytes Received By Job
	0  -  Total Bytes Sent By Job
	0  -  Total Bytes Received By Job
	Partitionable Resources :    Usage  Request Allocated
	   Cpus                 :                 1         1
	   Disk (KB)            :        1        1    749983
	   Gpus                 :                           0
	   Memory (MB)          :     1957        1      4021
...
