[SNIPER] Start
Sampler: 4, 32, 0
itlb_cache: 32, 1
itlb_cache_L1: 32, 1
Sampler: 4, 128, 0
dtlb_cache: 128, 4
dtlb_cache_L1: 128, 4
L1-I 2
Sampler: 4, 4, 128
L1-I: 2048, 64
L1-I_L1: 2048, 64
L1-D 3
Sampler: 4, 8, 32
L1-D: 1024, 32
L1-D_L1: 1024, 32
L2 4
Sampler: 122, 16, 16
L2: 32768, 1024
L2_L1: 32768, 1024
Executing Python script /v/filer4b/v20q001/ypei/Desktop/cs395t-lin/output/low_bandwidth/run_all_hybrid_headroom9/bzip2/1/sim.scripts.py
[STOPBYICOUNT] Starting in ROI (detail)
[STOPBYICOUNT] Then stopping after simulating at least 250000000 instructions in detail
[SNIPER] --------------------------------------------------------------------------------
[SNIPER] Sniper using SIFT/trace-driven frontend
[SNIPER] Running full application in DETAILED mode
[SNIPER] --------------------------------------------------------------------------------
[SNIPER] Enabling performance models
[SNIPER] Setting instrumentation mode to DETAILED
[STOPBYICOUNT] Ending ROI after 250000005 instructions (250000000 requested)
[SNIPER] Disabling performance models
[SNIPER] Leaving ROI after 1040.25 seconds
[SNIPER] Simulated 250.0M instructions, 184.5M cycles, 1.35 IPC
[SNIPER] Simulation speed 240.3 KIPS (240.3 KIPS / target core - 4161.1ns/instr)
[SNIPER] Setting instrumentation mode to FAST_FORWARD
Hawkeye Victims: 0
LRU Victims: 0
Hawkeye Victims: 0
LRU Victims: 0
Hawkeye Victims: 0
LRU Victims: 0
a test for execution

Inserted: 0
Redundant.progress: 0
Redundant.cache: 0
Redundant.buffer: 0
Hawkeye Victims: 0
LRU Victims: 0
a test for execution

Inserted: 0
Redundant.progress: 0
Redundant.cache: 0
Redundant.buffer: 0
Hawkeye Victims: 0
LRU Victims: 0
[app0] [SIFT_RECORDER] sift_writer.cc:550: Sift::Mode Sift::Writer::Sync(): Assertion `!response->fail()' failed.
 =========================================================== 
Triggers: 2539642
Repeats: 0

Same addr: 1265007 49.8104
New addr: 509 0.0200422

Distribution of new addresses: 
Stream Head: 370 72.6916
Stream Divergence: 1131971 222391

Invalidation count: 1162152 228321
No Conflict count: 30412 5974.85
Same Stream count: 0 0
New Stream count: 0 0

Not found: 1271398
On Chip Mispredictions: 0
 =========================================================== 
Distribution of predictions: 
Predict Init: 2429887 95.6783
Total Predictions: 2418101
Predict OCI Miss: 3659 0.150583
Predict Stream End: 11786 0.485043
Buffer Success: 0 0
[app0] Pin app terminated abnormally due to signal 6.
Stride Distribution: 0, 59615, 32982, 25438, 24748, 67390, 32936, 36524, 79902, 855784, 151645, 132158, 90574, 91632, 43654, 35466, 85698, 0, 48024, 0, 17296, 0, 0, 0, 15456, 0, 0, 0, 0, 0, 10350, 0, 32752, 0, 0, 0, 4554, 0, 0, 0, 18446, 0, 0, 0, 0, 0, 0, 0, 0, 0, 0, 0, 0, 0, 0, 0, 0, 0, 0, 0, 0, 0, 0, 0, 0, 0, 33, 0, 0, 0, 0, 0, 36390192, 0, 49, 0, 15, 0, 15, 0, 0, 6644585, 1868787317, 1915577714, 1702195557, 7566451, 113, 0, 5073232, 0, 33063584, 0, 0, 0, 5073232, 0, 33622000, 0, 0, 0, 5073232, 0, 33894320, 0, 0, 0, 5165152, 0, 3028258160, 11080, 0, 11080, 36388496, 0, 49, 0, 6, 0, 6, 0, 0, 0, 1919906931, 29541, 48, 0, 49, 0, 
a test for execution

Inserted: 4674513
Redundant.progress: 9586
Redundant.cache: 4411774
Redundant.buffer: 0
[SNIPER] End
[SNIPER] Elapsed time: 1042.58 seconds
