000 (515917.000.000) 05/05 17:12:17 Job submitted from host: <128.83.144.149:44250?addrs=128.83.144.149-44250>
...
001 (515917.000.000) 05/05 17:12:28 Job executing on host: <128.83.130.161:35317?addrs=128.83.130.161-35317>
...
006 (515917.000.000) 05/05 17:12:36 Image size of job updated: 797460
	54  -  MemoryUsage of job (MB)
	55280  -  ResidentSetSize of job (KB)
...
006 (515917.000.000) 05/05 17:12:50 Image size of job updated: 802596
	54  -  MemoryUsage of job (MB)
	55280  -  ResidentSetSize of job (KB)
...
004 (515917.000.000) 05/05 17:12:50 Job was evicted.
	(0) Job was not checkpointed.
		Usr 0 00:00:00, Sys 0 00:00:00  -  Run Remote Usage
		Usr 0 00:00:00, Sys 0 00:00:00  -  Run Local Usage
	0  -  Run Bytes Sent By Job
	0  -  Run Bytes Received By Job
	Partitionable Resources :    Usage  Request Allocated
	   Cpus                 :                 1         1
	   Disk (KB)            :        1        1   1888652
	   Gpus                 :                           0
	   Memory (MB)          :       54        1     21164
...
009 (515917.000.000) 05/05 17:12:51 Job was aborted by the user.
	via condor_rm (by user ypei)
...
000 (515947.000.000) 05/05 17:13:06 Job submitted from host: <128.83.144.149:44250?addrs=128.83.144.149-44250>
...
001 (515947.000.000) 05/05 17:13:29 Job executing on host: <128.83.130.161:35317?addrs=128.83.130.161-35317>
...
006 (515947.000.000) 05/05 17:13:38 Image size of job updated: 797084
	54  -  MemoryUsage of job (MB)
	54724  -  ResidentSetSize of job (KB)
...
006 (515947.000.000) 05/05 17:14:29 Image size of job updated: 797596
	54  -  MemoryUsage of job (MB)
	54724  -  ResidentSetSize of job (KB)
...
004 (515947.000.000) 05/05 17:14:29 Job was evicted.
	(0) Job was not checkpointed.
		Usr 0 00:00:00, Sys 0 00:00:00  -  Run Remote Usage
		Usr 0 00:00:00, Sys 0 00:00:00  -  Run Local Usage
	0  -  Run Bytes Sent By Job
	0  -  Run Bytes Received By Job
	Partitionable Resources :    Usage  Request Allocated
	   Cpus                 :                 1         1
	   Disk (KB)            :        1        1   1888652
	   Gpus                 :                           0
	   Memory (MB)          :       54        1     21164
...
009 (515947.000.000) 05/05 17:14:29 Job was aborted by the user.
	via condor_rm (by user ypei)
...
000 (516172.000.000) 05/05 17:14:49 Job submitted from host: <128.83.144.149:44250?addrs=128.83.144.149-44250>
...
001 (516172.000.000) 05/05 17:14:59 Job executing on host: <128.83.120.128:51378?addrs=128.83.120.128-51378>
...
006 (516172.000.000) 05/05 17:15:08 Image size of job updated: 796948
	54  -  MemoryUsage of job (MB)
	54704  -  ResidentSetSize of job (KB)
...
006 (516172.000.000) 05/05 17:18:08 Image size of job updated: 970160
	54  -  MemoryUsage of job (MB)
	54704  -  ResidentSetSize of job (KB)
...
004 (516172.000.000) 05/05 17:18:08 Job was evicted.
	(0) Job was not checkpointed.
		Usr 0 00:00:53, Sys 0 00:00:01  -  Run Remote Usage
		Usr 0 00:00:00, Sys 0 00:00:00  -  Run Local Usage
	0  -  Run Bytes Sent By Job
	0  -  Run Bytes Received By Job
	Partitionable Resources :    Usage  Request Allocated
	   Cpus                 :                 1         1
	   Disk (KB)            :        1        1    812221
	   Gpus                 :                           0
	   Memory (MB)          :       54        1     12899
...
009 (516172.000.000) 05/05 17:18:09 Job was aborted by the user.
	via condor_rm (by user ypei)
...
000 (516379.000.000) 05/05 17:18:19 Job submitted from host: <128.83.144.149:44250?addrs=128.83.144.149-44250>
...
001 (516379.000.000) 05/05 17:18:29 Job executing on host: <128.83.120.128:51378?addrs=128.83.120.128-51378>
...
006 (516379.000.000) 05/05 17:18:37 Image size of job updated: 363868
	27  -  MemoryUsage of job (MB)
	27176  -  ResidentSetSize of job (KB)
...
006 (516379.000.000) 05/05 17:21:24 Image size of job updated: 970208
	27  -  MemoryUsage of job (MB)
	27176  -  ResidentSetSize of job (KB)
...
004 (516379.000.000) 05/05 17:21:24 Job was evicted.
	(0) Job was not checkpointed.
		Usr 0 00:01:25, Sys 0 00:00:01  -  Run Remote Usage
		Usr 0 00:00:00, Sys 0 00:00:00  -  Run Local Usage
	0  -  Run Bytes Sent By Job
	0  -  Run Bytes Received By Job
	Partitionable Resources :    Usage  Request Allocated
	   Cpus                 :                 1         1
	   Disk (KB)            :        1        1    812217
	   Gpus                 :                           0
	   Memory (MB)          :       27        1     12899
...
009 (516379.000.000) 05/05 17:21:24 Job was aborted by the user.
	via condor_rm (by user ypei)
...
000 (517000.000.000) 05/05 17:21:41 Job submitted from host: <128.83.144.149:44250?addrs=128.83.144.149-44250>
...
001 (517000.000.000) 05/05 17:21:52 Job executing on host: <128.83.120.230:37764?addrs=128.83.120.230-37764>
...
006 (517000.000.000) 05/05 17:22:00 Image size of job updated: 797460
	54  -  MemoryUsage of job (MB)
	55276  -  ResidentSetSize of job (KB)
...
006 (517000.000.000) 05/05 17:27:00 Image size of job updated: 970464
	97  -  MemoryUsage of job (MB)
	98828  -  ResidentSetSize of job (KB)
...
006 (517000.000.000) 05/05 17:32:00 Image size of job updated: 974320
	121  -  MemoryUsage of job (MB)
	122908  -  ResidentSetSize of job (KB)
...
006 (517000.000.000) 05/05 17:37:01 Image size of job updated: 974908
	128  -  MemoryUsage of job (MB)
	130760  -  ResidentSetSize of job (KB)
...
005 (517000.000.000) 05/05 17:41:19 Job terminated.
	(1) Normal termination (return value 0)
		Usr 0 00:17:56, Sys 0 00:00:13  -  Run Remote Usage
		Usr 0 00:00:00, Sys 0 00:00:00  -  Run Local Usage
		Usr 0 00:17:56, Sys 0 00:00:13  -  Total Remote Usage
		Usr 0 00:00:00, Sys 0 00:00:00  -  Total Local Usage
	0  -  Run Bytes Sent By Job
	0  -  Run Bytes Received By Job
	0  -  Total Bytes Sent By Job
	0  -  Total Bytes Received By Job
	Partitionable Resources :    Usage  Request Allocated
	   Cpus                 :                 1         1
	   Disk (KB)            :        1        1    827436
	   Gpus                 :                           0
	   Memory (MB)          :      128        1     12899
...
000 (382431.000.000) 05/07 03:39:50 Job submitted from host: <128.83.144.155:57685?addrs=128.83.144.155-57685>
...
001 (382431.000.000) 05/07 04:02:11 Job executing on host: <128.83.139.14:44306?addrs=128.83.139.14-44306>
...
006 (382431.000.000) 05/07 04:02:20 Image size of job updated: 340624
	22  -  MemoryUsage of job (MB)
	21564  -  ResidentSetSize of job (KB)
...
006 (382431.000.000) 05/07 04:07:21 Image size of job updated: 970380
	101  -  MemoryUsage of job (MB)
	102976  -  ResidentSetSize of job (KB)
...
006 (382431.000.000) 05/07 04:12:21 Image size of job updated: 974348
	122  -  MemoryUsage of job (MB)
	124252  -  ResidentSetSize of job (KB)
...
006 (382431.000.000) 05/07 04:17:21 Image size of job updated: 974880
	131  -  MemoryUsage of job (MB)
	133500  -  ResidentSetSize of job (KB)
...
006 (382431.000.000) 05/07 04:22:22 Image size of job updated: 975080
	133  -  MemoryUsage of job (MB)
	135344  -  ResidentSetSize of job (KB)
...
005 (382431.000.000) 05/07 04:23:45 Job terminated.
	(1) Normal termination (return value 0)
		Usr 0 00:20:38, Sys 0 00:00:26  -  Run Remote Usage
		Usr 0 00:00:00, Sys 0 00:00:00  -  Run Local Usage
		Usr 0 00:20:38, Sys 0 00:00:26  -  Total Remote Usage
		Usr 0 00:00:00, Sys 0 00:00:00  -  Total Local Usage
	0  -  Run Bytes Sent By Job
	0  -  Run Bytes Received By Job
	0  -  Total Bytes Sent By Job
	0  -  Total Bytes Received By Job
	Partitionable Resources :    Usage  Request Allocated
	   Cpus                 :                 1         1
	   Disk (KB)            :        1        1   1675519
	   Gpus                 :                           0
	   Memory (MB)          :      133        1     12899
...
000 (518449.000.000) 05/07 13:18:15 Job submitted from host: <128.83.144.149:44250?addrs=128.83.144.149-44250>
...
001 (518449.000.000) 05/07 13:18:52 Job executing on host: <128.83.144.112:35333?addrs=128.83.144.112-35333>
...
006 (518449.000.000) 05/07 13:19:00 Image size of job updated: 52036
	2  -  MemoryUsage of job (MB)
	1200  -  ResidentSetSize of job (KB)
...
006 (518449.000.000) 05/07 13:23:36 Image size of job updated: 970240
	96  -  MemoryUsage of job (MB)
	97664  -  ResidentSetSize of job (KB)
...
004 (518449.000.000) 05/07 13:23:36 Job was evicted.
	(0) Job was not checkpointed.
		Usr 0 00:03:07, Sys 0 00:00:05  -  Run Remote Usage
		Usr 0 00:00:00, Sys 0 00:00:00  -  Run Local Usage
	0  -  Run Bytes Sent By Job
	0  -  Run Bytes Received By Job
	Partitionable Resources :    Usage  Request Allocated
	   Cpus                 :                 1         1
	   Disk (KB)            :        1        1    803065
	   Gpus                 :                           0
	   Memory (MB)          :       96        1     12899
...
009 (518449.000.000) 05/07 13:23:37 Job was aborted by the user.
	via condor_rm (by user ypei)
...
000 (518656.000.000) 05/07 13:23:45 Job submitted from host: <128.83.144.149:44250?addrs=128.83.144.149-44250>
...
001 (518656.000.000) 05/07 13:23:53 Job executing on host: <128.83.139.146:44201?addrs=128.83.139.146-44201>
...
006 (518656.000.000) 05/07 13:24:02 Image size of job updated: 49176
	10  -  MemoryUsage of job (MB)
	9896  -  ResidentSetSize of job (KB)
...
006 (518656.000.000) 05/07 13:29:03 Image size of job updated: 970348
	98  -  MemoryUsage of job (MB)
	99968  -  ResidentSetSize of job (KB)
...
006 (518656.000.000) 05/07 13:34:03 Image size of job updated: 974320
	120  -  MemoryUsage of job (MB)
	122660  -  ResidentSetSize of job (KB)
...
006 (518656.000.000) 05/07 13:39:03 Image size of job updated: 974860
	127  -  MemoryUsage of job (MB)
	130044  -  ResidentSetSize of job (KB)
...
006 (518656.000.000) 05/07 13:44:04 Image size of job updated: 974892
	129  -  MemoryUsage of job (MB)
	131504  -  ResidentSetSize of job (KB)
...
005 (518656.000.000) 05/07 13:44:29 Job terminated.
	(1) Normal termination (return value 0)
		Usr 0 00:18:56, Sys 0 00:00:17  -  Run Remote Usage
		Usr 0 00:00:00, Sys 0 00:00:00  -  Run Local Usage
		Usr 0 00:18:56, Sys 0 00:00:17  -  Total Remote Usage
		Usr 0 00:00:00, Sys 0 00:00:00  -  Total Local Usage
	0  -  Run Bytes Sent By Job
	0  -  Run Bytes Received By Job
	0  -  Total Bytes Sent By Job
	0  -  Total Bytes Received By Job
	Partitionable Resources :    Usage  Request Allocated
	   Cpus                 :                 1         1
	   Disk (KB)            :        1        1   7501859
	   Gpus                 :                           0
	   Memory (MB)          :      129        1      4027
...
000 (519070.000.000) 05/07 14:36:25 Job submitted from host: <128.83.144.149:44250?addrs=128.83.144.149-44250>
...
001 (519070.000.000) 05/07 14:36:37 Job executing on host: <128.83.144.147:58788?addrs=128.83.144.147-58788>
...
006 (519070.000.000) 05/07 14:36:46 Image size of job updated: 797464
	56  -  MemoryUsage of job (MB)
	57316  -  ResidentSetSize of job (KB)
...
006 (519070.000.000) 05/07 14:41:47 Image size of job updated: 970472
	100  -  MemoryUsage of job (MB)
	102400  -  ResidentSetSize of job (KB)
...
006 (519070.000.000) 05/07 14:46:47 Image size of job updated: 974528
	126  -  MemoryUsage of job (MB)
	128900  -  ResidentSetSize of job (KB)
...
006 (519070.000.000) 05/07 14:51:48 Image size of job updated: 975016
	131  -  MemoryUsage of job (MB)
	134032  -  ResidentSetSize of job (KB)
...
005 (519070.000.000) 05/07 14:52:30 Job terminated.
	(1) Normal termination (return value 0)
		Usr 0 00:14:38, Sys 0 00:00:07  -  Run Remote Usage
		Usr 0 00:00:00, Sys 0 00:00:00  -  Run Local Usage
		Usr 0 00:14:38, Sys 0 00:00:07  -  Total Remote Usage
		Usr 0 00:00:00, Sys 0 00:00:00  -  Total Local Usage
	0  -  Run Bytes Sent By Job
	0  -  Run Bytes Received By Job
	0  -  Total Bytes Sent By Job
	0  -  Total Bytes Received By Job
	Partitionable Resources :    Usage  Request Allocated
	   Cpus                 :                 1         1
	   Disk (KB)            :        1        1   1911592
	   Gpus                 :                           0
	   Memory (MB)          :      131        1     21164
...
000 (382845.000.000) 05/07 20:16:55 Job submitted from host: <128.83.144.155:57685?addrs=128.83.144.155-57685>
...
001 (382845.000.000) 05/07 20:35:29 Job executing on host: <128.83.139.143:55125?addrs=128.83.139.143-55125>
...
006 (382845.000.000) 05/07 20:35:38 Image size of job updated: 967204
	84  -  MemoryUsage of job (MB)
	85856  -  ResidentSetSize of job (KB)
...
006 (382845.000.000) 05/07 20:40:39 Image size of job updated: 970356
	103  -  MemoryUsage of job (MB)
	105156  -  ResidentSetSize of job (KB)
...
006 (382845.000.000) 05/07 20:45:40 Image size of job updated: 974408
	126  -  MemoryUsage of job (MB)
	128580  -  ResidentSetSize of job (KB)
...
006 (382845.000.000) 05/07 20:50:40 Image size of job updated: 974896
	131  -  MemoryUsage of job (MB)
	133256  -  ResidentSetSize of job (KB)
...
005 (382845.000.000) 05/07 20:52:02 Job terminated.
	(1) Normal termination (return value 0)
		Usr 0 00:15:48, Sys 0 00:00:14  -  Run Remote Usage
		Usr 0 00:00:00, Sys 0 00:00:00  -  Run Local Usage
		Usr 0 00:15:48, Sys 0 00:00:14  -  Total Remote Usage
		Usr 0 00:00:00, Sys 0 00:00:00  -  Total Local Usage
	0  -  Run Bytes Sent By Job
	0  -  Run Bytes Received By Job
	0  -  Total Bytes Sent By Job
	0  -  Total Bytes Received By Job
	Partitionable Resources :    Usage  Request Allocated
	   Cpus                 :                 1         1
	   Disk (KB)            :        1        1   7526610
	   Gpus                 :                           0
	   Memory (MB)          :      131        1      4027
...
000 (384087.000.000) 05/08 05:52:57 Job submitted from host: <128.83.144.155:57685?addrs=128.83.144.155-57685>
...
001 (384087.000.000) 05/08 06:13:10 Job executing on host: <128.83.120.228:59989?addrs=128.83.120.228-59989>
...
006 (384087.000.000) 05/08 06:13:18 Image size of job updated: 1
	2  -  MemoryUsage of job (MB)
	1692  -  ResidentSetSize of job (KB)
...
006 (384087.000.000) 05/08 06:18:18 Image size of job updated: 970244
	101  -  MemoryUsage of job (MB)
	103016  -  ResidentSetSize of job (KB)
...
006 (384087.000.000) 05/08 06:23:18 Image size of job updated: 974100
	124  -  MemoryUsage of job (MB)
	126324  -  ResidentSetSize of job (KB)
...
006 (384087.000.000) 05/08 06:28:19 Image size of job updated: 974648
	131  -  MemoryUsage of job (MB)
	133888  -  ResidentSetSize of job (KB)
...
006 (384087.000.000) 05/08 06:33:20 Image size of job updated: 974688
	133  -  MemoryUsage of job (MB)
	135268  -  ResidentSetSize of job (KB)
...
005 (384087.000.000) 05/08 06:33:33 Job terminated.
	(1) Normal termination (return value 0)
		Usr 0 00:19:46, Sys 0 00:00:28  -  Run Remote Usage
		Usr 0 00:00:00, Sys 0 00:00:00  -  Run Local Usage
		Usr 0 00:19:46, Sys 0 00:00:28  -  Total Remote Usage
		Usr 0 00:00:00, Sys 0 00:00:00  -  Total Local Usage
	0  -  Run Bytes Sent By Job
	0  -  Run Bytes Received By Job
	0  -  Total Bytes Sent By Job
	0  -  Total Bytes Received By Job
	Partitionable Resources :    Usage  Request Allocated
	   Cpus                 :                 1         1
	   Disk (KB)            :        1        1    781727
	   Gpus                 :                           0
	   Memory (MB)          :      133        1     12899
...
000 (417480.000.000) 05/09 03:37:22 Job submitted from host: <128.83.144.154:52346?addrs=128.83.144.154-52346>
...
001 (417480.000.000) 05/09 03:55:45 Job executing on host: <128.83.144.84:60326?addrs=128.83.144.84-60326>
...
006 (417480.000.000) 05/09 03:55:53 Image size of job updated: 2
	2  -  MemoryUsage of job (MB)
	1628  -  ResidentSetSize of job (KB)
...
006 (417480.000.000) 05/09 04:00:53 Image size of job updated: 970608
	103  -  MemoryUsage of job (MB)
	105308  -  ResidentSetSize of job (KB)
...
006 (417480.000.000) 05/09 04:05:54 Image size of job updated: 974664
	126  -  MemoryUsage of job (MB)
	128244  -  ResidentSetSize of job (KB)
...
006 (417480.000.000) 05/09 04:10:55 Image size of job updated: 975148
	131  -  MemoryUsage of job (MB)
	133520  -  ResidentSetSize of job (KB)
...
005 (417480.000.000) 05/09 04:13:08 Job terminated.
	(1) Normal termination (return value 0)
		Usr 0 00:17:12, Sys 0 00:00:09  -  Run Remote Usage
		Usr 0 00:00:00, Sys 0 00:00:00  -  Run Local Usage
		Usr 0 00:17:12, Sys 0 00:00:09  -  Total Remote Usage
		Usr 0 00:00:00, Sys 0 00:00:00  -  Total Local Usage
	0  -  Run Bytes Sent By Job
	0  -  Run Bytes Received By Job
	0  -  Total Bytes Sent By Job
	0  -  Total Bytes Received By Job
	Partitionable Resources :    Usage  Request Allocated
	   Cpus                 :                 1         1
	   Disk (KB)            :        2        2   7541873
	   Gpus                 :                           0
	   Memory (MB)          :      131        1      4027
...
