000 (15005546.000.000) 08/01 18:26:27 Job submitted from host: <128.83.130.153:51299?addrs=128.83.130.153-51299>
...
001 (15005546.000.000) 08/01 18:26:34 Job executing on host: <128.83.120.75:36144?addrs=128.83.120.75-36144>
...
006 (15005546.000.000) 08/01 18:26:34 Image size of job updated: 1
	0  -  MemoryUsage of job (MB)
	0  -  ResidentSetSize of job (KB)
...
005 (15005546.000.000) 08/01 18:26:35 Job terminated.
	(1) Normal termination (return value 126)
		Usr 0 00:00:00, Sys 0 00:00:00  -  Run Remote Usage
		Usr 0 00:00:00, Sys 0 00:00:00  -  Run Local Usage
		Usr 0 00:00:00, Sys 0 00:00:00  -  Total Remote Usage
		Usr 0 00:00:00, Sys 0 00:00:00  -  Total Local Usage
	0  -  Run Bytes Sent By Job
	0  -  Run Bytes Received By Job
	0  -  Total Bytes Sent By Job
	0  -  Total Bytes Received By Job
	Partitionable Resources :    Usage  Request Allocated
	   Cpus                 :                 1         1
	   Disk (KB)            :        1        1   8862904
	   Gpus                 :                           0
	   Memory (MB)          :        0        1      4028
...
000 (15005621.000.000) 08/01 18:32:03 Job submitted from host: <128.83.130.153:51299?addrs=128.83.130.153-51299>
...
001 (15005621.000.000) 08/01 18:32:30 Job executing on host: <128.83.120.75:36144?addrs=128.83.120.75-36144>
...
006 (15005621.000.000) 08/01 18:32:39 Image size of job updated: 5602336
	183  -  MemoryUsage of job (MB)
	186476  -  ResidentSetSize of job (KB)
...
006 (15005621.000.000) 08/01 18:37:41 Image size of job updated: 6255088
	2164  -  MemoryUsage of job (MB)
	2215640  -  ResidentSetSize of job (KB)
...
006 (15005621.000.000) 08/01 18:42:41 Image size of job updated: 6255712
	2247  -  MemoryUsage of job (MB)
	2300924  -  ResidentSetSize of job (KB)
...
006 (15005621.000.000) 08/01 18:47:41 Image size of job updated: 6386812
	2306  -  MemoryUsage of job (MB)
	2360600  -  ResidentSetSize of job (KB)
...
006 (15005621.000.000) 08/01 18:52:42 Image size of job updated: 6389596
	2473  -  MemoryUsage of job (MB)
	2532128  -  ResidentSetSize of job (KB)
...
006 (15005621.000.000) 08/01 18:57:43 Image size of job updated: 6389612
	2525  -  MemoryUsage of job (MB)
	2585336  -  ResidentSetSize of job (KB)
...
006 (15005621.000.000) 08/01 19:02:43 Image size of job updated: 6455160
	2593  -  MemoryUsage of job (MB)
	2655196  -  ResidentSetSize of job (KB)
...
006 (15005621.000.000) 08/01 19:07:43 Image size of job updated: 6455164
	2641  -  MemoryUsage of job (MB)
	2704332  -  ResidentSetSize of job (KB)
...
006 (15005621.000.000) 08/01 19:10:53 Image size of job updated: 6520772
	2641  -  MemoryUsage of job (MB)
	2704332  -  ResidentSetSize of job (KB)
...
005 (15005621.000.000) 08/01 19:10:53 Job terminated.
	(1) Normal termination (return value 0)
		Usr 0 00:39:01, Sys 0 00:00:47  -  Run Remote Usage
		Usr 0 00:00:00, Sys 0 00:00:00  -  Run Local Usage
		Usr 0 00:39:01, Sys 0 00:00:47  -  Total Remote Usage
		Usr 0 00:00:00, Sys 0 00:00:00  -  Total Local Usage
	0  -  Run Bytes Sent By Job
	0  -  Run Bytes Received By Job
	0  -  Total Bytes Sent By Job
	0  -  Total Bytes Received By Job
	Partitionable Resources :    Usage  Request Allocated
	   Cpus                 :                 1         1
	   Disk (KB)            :        1        1   8862904
	   Gpus                 :                           0
	   Memory (MB)          :     2641        1      4028
...
