[SNIPER] Start
Sampler: 4, 32, 0
itlb_cache: 32, 1
itlb_cache_L1: 32, 1
Sampler: 4, 128, 0
dtlb_cache: 128, 4
dtlb_cache_L1: 128, 4
L1-I 2
Sampler: 4, 4, 128
L1-I: 2048, 64
L1-I_L1: 2048, 64
L1-D 3
Sampler: 4, 8, 32
L1-D: 1024, 32
L1-D_L1: 1024, 32
L2 4
Sampler: 122, 16, 16
L2: 32768, 1024
L2_L1: 32768, 1024
Executing Python script /v/filer4b/v20q001/ypei/Desktop/cs395t-lin/output/low_bandwidth/run_all_hybrid_headroom9/sphinx3/9/sim.scripts.py
[STOPBYICOUNT] Starting in ROI (detail)
[STOPBYICOUNT] Then stopping after simulating at least 250000000 instructions in detail
[SNIPER] --------------------------------------------------------------------------------
[SNIPER] Sniper using SIFT/trace-driven frontend
[SNIPER] Running full application in DETAILED mode
[SNIPER] --------------------------------------------------------------------------------
[SNIPER] Enabling performance models
[SNIPER] Setting instrumentation mode to DETAILED
[STOPBYICOUNT] Ending ROI after 250000018 instructions (250000000 requested)
[SNIPER] Disabling performance models
[SNIPER] Leaving ROI after 801.11 seconds
[SNIPER] Simulated 250.0M instructions, 196.1M cycles, 1.28 IPC
[SNIPER] Simulation speed 312.1 KIPS (312.1 KIPS / target core - 3204.5ns/instr)
[SNIPER] Setting instrumentation mode to FAST_FORWARD
[app0] [SIFT_RECORDER] sift_writer.cc:550: Sift::Mode Sift::Writer::Sync(): Assertion `!response->fail()' failed.
Hawkeye Victims: 0
LRU Victims: 0
Hawkeye Victims: 0
LRU Victims: 0
Hawkeye Victims: 0
LRU Victims: 0
a test for execution
[app0] Pin app terminated abnormally due to signal 6.

Inserted: 0
Redundant.progress: 0
Redundant.cache: 0
Redundant.buffer: 0
Hawkeye Victims: 0
LRU Victims: 0
a test for execution

Inserted: 0
Redundant.progress: 0
Redundant.cache: 0
Redundant.buffer: 0
Hawkeye Victims: 0
LRU Victims: 0
 =========================================================== 
Triggers: 3307163
Repeats: 0

Same addr: 2904066 87.8114
New addr: 503 0.0152094

Distribution of new addresses: 
Stream Head: 257 51.0934
Stream Divergence: 288704 57396.4

Invalidation count: 317298 63081.1
No Conflict count: 28844 5734.39
Same Stream count: 0 0
New Stream count: 0 0

Not found: 393764
On Chip Mispredictions: 0
 =========================================================== 
Distribution of predictions: 
Predict Init: 3230194 97.6727
Total Predictions: 3202922
Predict OCI Miss: 14927 0.462108
Predict Stream End: 27272 0.844284
Buffer Success: 0 0
Stride Distribution: 0, 2529, 0, 0, 120474, 1409158, 605866, 352544, 188140, 188554, 122820, 70564, 54280, 24610, 24932, 38778, 25438, 0, 29946, 0, 11408, 0, 0, 0, 9200, 0, 0, 0, 0, 0, 8924, 0, 9200, 0, 0, 0, 5382, 0, 0, 0, 4416, 0, 0, 0, 0, 0, 0, 0, 0, 0, 0, 0, 0, 0, 0, 0, 0, 0, 0, 0, 0, 0, 0, 0, 0, 0, 33, 0, 0, 0, 0, 0, 20804912, 0, 49, 0, 15, 0, 15, 0, 0, 6644585, 1868787317, 1915577714, 1702195557, 7566451, 113, 0, 5073232, 0, 17478304, 0, 0, 0, 5073232, 0, 18036720, 0, 0, 0, 5073232, 0, 18309040, 0, 0, 0, 5165152, 0, 2807774576, 10991, 0, 10991, 20803216, 0, 49, 0, 6, 0, 6, 0, 0, 0, 1919906931, 29541, 48, 0, 49, 0, 
a test for execution

Inserted: 5732224
Redundant.progress: 89065
Redundant.cache: 2733513
Redundant.buffer: 0
[SNIPER] End
[SNIPER] Elapsed time: 805.54 seconds
