000 (516021.000.000) 05/05 17:13:13 Job submitted from host: <128.83.144.149:44250?addrs=128.83.144.149-44250>
...
001 (516021.000.000) 05/05 17:13:32 Job executing on host: <128.83.120.229:58979?addrs=128.83.120.229-58979>
...
006 (516021.000.000) 05/05 17:13:40 Image size of job updated: 2374256
	56  -  MemoryUsage of job (MB)
	56940  -  ResidentSetSize of job (KB)
...
006 (516021.000.000) 05/05 17:14:28 Image size of job updated: 2375788
	56  -  MemoryUsage of job (MB)
	56940  -  ResidentSetSize of job (KB)
...
004 (516021.000.000) 05/05 17:14:28 Job was evicted.
	(0) Job was not checkpointed.
		Usr 0 00:00:00, Sys 0 00:00:00  -  Run Remote Usage
		Usr 0 00:00:00, Sys 0 00:00:00  -  Run Local Usage
	0  -  Run Bytes Sent By Job
	0  -  Run Bytes Received By Job
	Partitionable Resources :    Usage  Request Allocated
	   Cpus                 :                 1         1
	   Disk (KB)            :        1        1    828970
	   Gpus                 :                           0
	   Memory (MB)          :       56        1     12899
...
009 (516021.000.000) 05/05 17:14:28 Job was aborted by the user.
	via condor_rm (by user ypei)
...
000 (516246.000.000) 05/05 17:14:55 Job submitted from host: <128.83.144.149:44250?addrs=128.83.144.149-44250>
...
001 (516246.000.000) 05/05 17:15:02 Job executing on host: <128.83.139.14:44306?addrs=128.83.139.14-44306>
...
006 (516246.000.000) 05/05 17:15:10 Image size of job updated: 2374096
	54  -  MemoryUsage of job (MB)
	54604  -  ResidentSetSize of job (KB)
...
006 (516246.000.000) 05/05 17:18:12 Image size of job updated: 2545124
	138  -  MemoryUsage of job (MB)
	140792  -  ResidentSetSize of job (KB)
...
004 (516246.000.000) 05/05 17:18:12 Job was evicted.
	(0) Job was not checkpointed.
		Usr 0 00:01:16, Sys 0 00:00:01  -  Run Remote Usage
		Usr 0 00:00:00, Sys 0 00:00:00  -  Run Local Usage
	0  -  Run Bytes Sent By Job
	0  -  Run Bytes Received By Job
	Partitionable Resources :    Usage  Request Allocated
	   Cpus                 :                 1         1
	   Disk (KB)            :        1        1   1695320
	   Gpus                 :                           0
	   Memory (MB)          :      138        1     12899
...
009 (516246.000.000) 05/05 17:18:12 Job was aborted by the user.
	via condor_rm (by user ypei)
...
000 (516453.000.000) 05/05 17:18:26 Job submitted from host: <128.83.144.149:44250?addrs=128.83.144.149-44250>
...
001 (516453.000.000) 05/05 17:18:32 Job executing on host: <128.83.139.15:46714?addrs=128.83.139.15-46714>
...
006 (516453.000.000) 05/05 17:18:41 Image size of job updated: 2374256
	54  -  MemoryUsage of job (MB)
	54892  -  ResidentSetSize of job (KB)
...
006 (516453.000.000) 05/05 17:21:22 Image size of job updated: 2545124
	54  -  MemoryUsage of job (MB)
	54892  -  ResidentSetSize of job (KB)
...
004 (516453.000.000) 05/05 17:21:22 Job was evicted.
	(0) Job was not checkpointed.
		Usr 0 00:01:14, Sys 0 00:00:01  -  Run Remote Usage
		Usr 0 00:00:00, Sys 0 00:00:00  -  Run Local Usage
	0  -  Run Bytes Sent By Job
	0  -  Run Bytes Received By Job
	Partitionable Resources :    Usage  Request Allocated
	   Cpus                 :                 1         1
	   Disk (KB)            :        1        1   1684662
	   Gpus                 :                           0
	   Memory (MB)          :       54        1     12899
...
009 (516453.000.000) 05/05 17:21:22 Job was aborted by the user.
	via condor_rm (by user ypei)
...
000 (517074.000.000) 05/05 17:21:51 Job submitted from host: <128.83.144.149:44250?addrs=128.83.144.149-44250>
...
001 (517074.000.000) 05/05 17:22:25 Job executing on host: <128.83.139.14:44306?addrs=128.83.139.14-44306>
...
006 (517074.000.000) 05/05 17:22:33 Image size of job updated: 2374256
	56  -  MemoryUsage of job (MB)
	56924  -  ResidentSetSize of job (KB)
...
006 (517074.000.000) 05/05 17:27:33 Image size of job updated: 2610660
	222  -  MemoryUsage of job (MB)
	226600  -  ResidentSetSize of job (KB)
...
006 (517074.000.000) 05/05 17:32:34 Image size of job updated: 2610660
	340  -  MemoryUsage of job (MB)
	347432  -  ResidentSetSize of job (KB)
...
006 (517074.000.000) 05/05 17:37:35 Image size of job updated: 2676196
	461  -  MemoryUsage of job (MB)
	471452  -  ResidentSetSize of job (KB)
...
005 (517074.000.000) 05/05 17:37:45 Job terminated.
	(1) Normal termination (return value 0)
		Usr 0 00:13:46, Sys 0 00:00:10  -  Run Remote Usage
		Usr 0 00:00:00, Sys 0 00:00:00  -  Run Local Usage
		Usr 0 00:13:46, Sys 0 00:00:10  -  Total Remote Usage
		Usr 0 00:00:00, Sys 0 00:00:00  -  Total Local Usage
	0  -  Run Bytes Sent By Job
	0  -  Run Bytes Received By Job
	0  -  Total Bytes Sent By Job
	0  -  Total Bytes Received By Job
	Partitionable Resources :    Usage  Request Allocated
	   Cpus                 :                 1         1
	   Disk (KB)            :        1        1   1695308
	   Gpus                 :                           0
	   Memory (MB)          :      461        1     12899
...
000 (518109.000.000) 05/06 21:33:07 Job submitted from host: <128.83.144.149:44250?addrs=128.83.144.149-44250>
...
001 (518109.000.000) 05/06 21:33:16 Job executing on host: <128.83.139.14:44306?addrs=128.83.139.14-44306>
...
006 (518109.000.000) 05/06 21:33:24 Image size of job updated: 340484
	22  -  MemoryUsage of job (MB)
	21692  -  ResidentSetSize of job (KB)
...
006 (518109.000.000) 05/06 21:33:46 Image size of job updated: 2376316
	22  -  MemoryUsage of job (MB)
	21692  -  ResidentSetSize of job (KB)
...
004 (518109.000.000) 05/06 21:33:46 Job was evicted.
	(0) Job was not checkpointed.
		Usr 0 00:00:00, Sys 0 00:00:00  -  Run Remote Usage
		Usr 0 00:00:00, Sys 0 00:00:00  -  Run Local Usage
	0  -  Run Bytes Sent By Job
	0  -  Run Bytes Received By Job
	Partitionable Resources :    Usage  Request Allocated
	   Cpus                 :                 1         1
	   Disk (KB)            :        1        1   1675522
	   Gpus                 :                           0
	   Memory (MB)          :       22        1     12899
...
009 (518109.000.000) 05/06 21:33:47 Job was aborted by the user.
	via condor_rm (by user ypei)
...
000 (518316.000.000) 05/06 21:34:14 Job submitted from host: <128.83.144.149:44250?addrs=128.83.144.149-44250>
...
001 (518316.000.000) 05/06 21:34:22 Job executing on host: <128.83.120.228:59989?addrs=128.83.120.228-59989>
...
006 (518316.000.000) 05/06 21:34:31 Image size of job updated: 2374392
	56  -  MemoryUsage of job (MB)
	56944  -  ResidentSetSize of job (KB)
...
006 (518316.000.000) 05/06 21:39:32 Image size of job updated: 2545292
	183  -  MemoryUsage of job (MB)
	186936  -  ResidentSetSize of job (KB)
...
006 (518316.000.000) 05/06 21:44:32 Image size of job updated: 2610832
	252  -  MemoryUsage of job (MB)
	257720  -  ResidentSetSize of job (KB)
...
006 (518316.000.000) 05/06 21:49:32 Image size of job updated: 2610832
	335  -  MemoryUsage of job (MB)
	342872  -  ResidentSetSize of job (KB)
...
006 (518316.000.000) 05/06 21:54:33 Image size of job updated: 2676364
	404  -  MemoryUsage of job (MB)
	412832  -  ResidentSetSize of job (KB)
...
006 (518316.000.000) 05/06 21:58:31 Image size of job updated: 2741900
	404  -  MemoryUsage of job (MB)
	412832  -  ResidentSetSize of job (KB)
...
005 (518316.000.000) 05/06 21:58:31 Job terminated.
	(1) Normal termination (return value 0)
		Usr 0 00:22:22, Sys 0 00:00:23  -  Run Remote Usage
		Usr 0 00:00:00, Sys 0 00:00:00  -  Run Local Usage
		Usr 0 00:22:22, Sys 0 00:00:23  -  Total Remote Usage
		Usr 0 00:00:00, Sys 0 00:00:00  -  Total Local Usage
	0  -  Run Bytes Sent By Job
	0  -  Run Bytes Received By Job
	0  -  Total Bytes Sent By Job
	0  -  Total Bytes Received By Job
	Partitionable Resources :    Usage  Request Allocated
	   Cpus                 :                 1         1
	   Disk (KB)            :        1        1    790895
	   Gpus                 :                           0
	   Memory (MB)          :      404        1     12899
...
000 (381884.000.000) 05/07 00:29:05 Job submitted from host: <128.83.144.155:57685?addrs=128.83.144.155-57685>
...
001 (381884.000.000) 05/07 00:29:22 Job executing on host: <128.83.144.13:57145?addrs=128.83.144.13-57145>
...
006 (381884.000.000) 05/07 00:29:31 Image size of job updated: 2374396
	56  -  MemoryUsage of job (MB)
	56944  -  ResidentSetSize of job (KB)
...
006 (381884.000.000) 05/07 00:34:32 Image size of job updated: 2545300
	187  -  MemoryUsage of job (MB)
	191076  -  ResidentSetSize of job (KB)
...
006 (381884.000.000) 05/07 00:39:32 Image size of job updated: 2610836
	246  -  MemoryUsage of job (MB)
	251008  -  ResidentSetSize of job (KB)
...
006 (381884.000.000) 05/07 00:44:32 Image size of job updated: 2610836
	324  -  MemoryUsage of job (MB)
	330964  -  ResidentSetSize of job (KB)
...
006 (381884.000.000) 05/07 00:49:33 Image size of job updated: 2676628
	381  -  MemoryUsage of job (MB)
	389848  -  ResidentSetSize of job (KB)
...
005 (381884.000.000) 05/07 00:54:21 Job terminated.
	(1) Normal termination (return value 0)
		Usr 0 00:23:23, Sys 0 00:00:26  -  Run Remote Usage
		Usr 0 00:00:00, Sys 0 00:00:00  -  Run Local Usage
		Usr 0 00:23:23, Sys 0 00:00:26  -  Total Remote Usage
		Usr 0 00:00:00, Sys 0 00:00:00  -  Total Local Usage
	0  -  Run Bytes Sent By Job
	0  -  Run Bytes Received By Job
	0  -  Total Bytes Sent By Job
	0  -  Total Bytes Received By Job
	Partitionable Resources :    Usage  Request Allocated
	   Cpus                 :                 1         1
	   Disk (KB)            :        1        1    797354
	   Gpus                 :                           0
	   Memory (MB)          :      381        1     12899
...
