000 (516036.000.000) 05/05 17:13:14 Job submitted from host: <128.83.144.149:44250?addrs=128.83.144.149-44250>
...
001 (516036.000.000) 05/05 17:13:34 Job executing on host: <128.83.120.229:58979?addrs=128.83.120.229-58979>
...
006 (516036.000.000) 05/05 17:13:42 Image size of job updated: 916256
	54  -  MemoryUsage of job (MB)
	54740  -  ResidentSetSize of job (KB)
...
006 (516036.000.000) 05/05 17:14:25 Image size of job updated: 917788
	54  -  MemoryUsage of job (MB)
	54740  -  ResidentSetSize of job (KB)
...
004 (516036.000.000) 05/05 17:14:25 Job was evicted.
	(0) Job was not checkpointed.
		Usr 0 00:00:00, Sys 0 00:00:00  -  Run Remote Usage
		Usr 0 00:00:00, Sys 0 00:00:00  -  Run Local Usage
	0  -  Run Bytes Sent By Job
	0  -  Run Bytes Received By Job
	Partitionable Resources :    Usage  Request Allocated
	   Cpus                 :                 1         1
	   Disk (KB)            :        1        1    828970
	   Gpus                 :                           0
	   Memory (MB)          :       54        1     12899
...
009 (516036.000.000) 05/05 17:14:25 Job was aborted by the user.
	via condor_rm (by user ypei)
...
000 (516261.000.000) 05/05 17:14:57 Job submitted from host: <128.83.144.149:44250?addrs=128.83.144.149-44250>
...
001 (516261.000.000) 05/05 17:15:03 Job executing on host: <128.83.139.14:44306?addrs=128.83.139.14-44306>
...
006 (516261.000.000) 05/05 17:15:12 Image size of job updated: 340324
	21  -  MemoryUsage of job (MB)
	21308  -  ResidentSetSize of job (KB)
...
006 (516261.000.000) 05/05 17:18:09 Image size of job updated: 1090968
	218  -  MemoryUsage of job (MB)
	222932  -  ResidentSetSize of job (KB)
...
004 (516261.000.000) 05/05 17:18:09 Job was evicted.
	(0) Job was not checkpointed.
		Usr 0 00:01:12, Sys 0 00:00:00  -  Run Remote Usage
		Usr 0 00:00:00, Sys 0 00:00:00  -  Run Local Usage
	0  -  Run Bytes Sent By Job
	0  -  Run Bytes Received By Job
	Partitionable Resources :    Usage  Request Allocated
	   Cpus                 :                 1         1
	   Disk (KB)            :        1        1   1695320
	   Gpus                 :                           0
	   Memory (MB)          :      218        1     12899
...
009 (516261.000.000) 05/05 17:18:09 Job was aborted by the user.
	via condor_rm (by user ypei)
...
000 (516468.000.000) 05/05 17:18:27 Job submitted from host: <128.83.144.149:44250?addrs=128.83.144.149-44250>
...
001 (516468.000.000) 05/05 17:18:33 Job executing on host: <128.83.139.14:44306?addrs=128.83.139.14-44306>
...
006 (516468.000.000) 05/05 17:18:41 Image size of job updated: 916120
	56  -  MemoryUsage of job (MB)
	56760  -  ResidentSetSize of job (KB)
...
006 (516468.000.000) 05/05 17:21:24 Image size of job updated: 1090996
	293  -  MemoryUsage of job (MB)
	299384  -  ResidentSetSize of job (KB)
...
004 (516468.000.000) 05/05 17:21:24 Job was evicted.
	(0) Job was not checkpointed.
		Usr 0 00:01:17, Sys 0 00:00:01  -  Run Remote Usage
		Usr 0 00:00:00, Sys 0 00:00:00  -  Run Local Usage
	0  -  Run Bytes Sent By Job
	0  -  Run Bytes Received By Job
	Partitionable Resources :    Usage  Request Allocated
	   Cpus                 :                 1         1
	   Disk (KB)            :        1        1   1695320
	   Gpus                 :                           0
	   Memory (MB)          :      293        1     12899
...
009 (516468.000.000) 05/05 17:21:24 Job was aborted by the user.
	via condor_rm (by user ypei)
...
000 (517089.000.000) 05/05 17:21:55 Job submitted from host: <128.83.144.149:44250?addrs=128.83.144.149-44250>
...
001 (517089.000.000) 05/05 17:22:23 Job executing on host: <128.83.144.13:57145?addrs=128.83.144.13-57145>
...
006 (517089.000.000) 05/05 17:22:32 Image size of job updated: 916120
	56  -  MemoryUsage of job (MB)
	56780  -  ResidentSetSize of job (KB)
...
006 (517089.000.000) 05/05 17:27:33 Image size of job updated: 1156648
	367  -  MemoryUsage of job (MB)
	374792  -  ResidentSetSize of job (KB)
...
006 (517089.000.000) 05/05 17:32:34 Image size of job updated: 1222252
	412  -  MemoryUsage of job (MB)
	421280  -  ResidentSetSize of job (KB)
...
006 (517089.000.000) 05/05 17:37:34 Image size of job updated: 1222260
	441  -  MemoryUsage of job (MB)
	451552  -  ResidentSetSize of job (KB)
...
006 (517089.000.000) 05/05 17:42:35 Image size of job updated: 1288388
	473  -  MemoryUsage of job (MB)
	483340  -  ResidentSetSize of job (KB)
...
005 (517089.000.000) 05/05 17:44:06 Job terminated.
	(1) Normal termination (return value 0)
		Usr 0 00:20:08, Sys 0 00:00:20  -  Run Remote Usage
		Usr 0 00:00:00, Sys 0 00:00:00  -  Run Local Usage
		Usr 0 00:20:08, Sys 0 00:00:20  -  Total Remote Usage
		Usr 0 00:00:00, Sys 0 00:00:00  -  Total Local Usage
	0  -  Run Bytes Sent By Job
	0  -  Run Bytes Received By Job
	0  -  Total Bytes Sent By Job
	0  -  Total Bytes Received By Job
	Partitionable Resources :    Usage  Request Allocated
	   Cpus                 :                 1         1
	   Disk (KB)            :        1        1    824402
	   Gpus                 :                           0
	   Memory (MB)          :      473        1     12899
...
000 (518124.000.000) 05/06 21:33:08 Job submitted from host: <128.83.144.149:44250?addrs=128.83.144.149-44250>
...
001 (518124.000.000) 05/06 21:33:16 Job executing on host: <128.83.120.230:37764?addrs=128.83.120.230-37764>
...
006 (518124.000.000) 05/06 21:33:25 Image size of job updated: 916256
	52  -  MemoryUsage of job (MB)
	52684  -  ResidentSetSize of job (KB)
...
006 (518124.000.000) 05/06 21:33:43 Image size of job updated: 917788
	52  -  MemoryUsage of job (MB)
	52684  -  ResidentSetSize of job (KB)
...
004 (518124.000.000) 05/06 21:33:43 Job was evicted.
	(0) Job was not checkpointed.
		Usr 0 00:00:00, Sys 0 00:00:00  -  Run Remote Usage
		Usr 0 00:00:00, Sys 0 00:00:00  -  Run Local Usage
	0  -  Run Bytes Sent By Job
	0  -  Run Bytes Received By Job
	Partitionable Resources :    Usage  Request Allocated
	   Cpus                 :                 1         1
	   Disk (KB)            :        1        1    792422
	   Gpus                 :                           0
	   Memory (MB)          :       52        1     12899
...
009 (518124.000.000) 05/06 21:33:45 Job was aborted by the user.
	via condor_rm (by user ypei)
...
000 (518331.000.000) 05/06 21:34:15 Job submitted from host: <128.83.144.149:44250?addrs=128.83.144.149-44250>
...
001 (518331.000.000) 05/06 21:34:24 Job executing on host: <128.83.120.250:59851?addrs=128.83.120.250-59851>
...
006 (518331.000.000) 05/06 21:34:32 Image size of job updated: 916256
	56  -  MemoryUsage of job (MB)
	56780  -  ResidentSetSize of job (KB)
...
006 (518331.000.000) 05/06 21:39:32 Image size of job updated: 1156716
	330  -  MemoryUsage of job (MB)
	337464  -  ResidentSetSize of job (KB)
...
006 (518331.000.000) 05/06 21:44:32 Image size of job updated: 1222372
	384  -  MemoryUsage of job (MB)
	392572  -  ResidentSetSize of job (KB)
...
006 (518331.000.000) 05/06 21:49:33 Image size of job updated: 1222420
	409  -  MemoryUsage of job (MB)
	418652  -  ResidentSetSize of job (KB)
...
006 (518331.000.000) 05/06 21:54:34 Image size of job updated: 1222676
	427  -  MemoryUsage of job (MB)
	436672  -  ResidentSetSize of job (KB)
...
006 (518331.000.000) 05/06 21:59:34 Image size of job updated: 1222684
	447  -  MemoryUsage of job (MB)
	457072  -  ResidentSetSize of job (KB)
...
006 (518331.000.000) 05/06 22:04:35 Image size of job updated: 1288220
	464  -  MemoryUsage of job (MB)
	474656  -  ResidentSetSize of job (KB)
...
006 (518331.000.000) 05/06 22:09:36 Image size of job updated: 1288556
	476  -  MemoryUsage of job (MB)
	487364  -  ResidentSetSize of job (KB)
...
005 (518331.000.000) 05/06 22:10:24 Job terminated.
	(1) Normal termination (return value 0)
		Usr 0 00:33:58, Sys 0 00:00:39  -  Run Remote Usage
		Usr 0 00:00:00, Sys 0 00:00:00  -  Run Local Usage
		Usr 0 00:33:58, Sys 0 00:00:39  -  Total Remote Usage
		Usr 0 00:00:00, Sys 0 00:00:00  -  Total Local Usage
	0  -  Run Bytes Sent By Job
	0  -  Run Bytes Received By Job
	0  -  Total Bytes Sent By Job
	0  -  Total Bytes Received By Job
	Partitionable Resources :    Usage  Request Allocated
	   Cpus                 :                 1         1
	   Disk (KB)            :        1        1    798513
	   Gpus                 :                           0
	   Memory (MB)          :      476        1     12899
...
000 (381899.000.000) 05/07 00:29:07 Job submitted from host: <128.83.144.155:57685?addrs=128.83.144.155-57685>
...
001 (381899.000.000) 05/07 00:29:22 Job executing on host: <128.83.139.6:57138?addrs=128.83.139.6-57138>
...
006 (381899.000.000) 05/07 00:29:31 Image size of job updated: 916260
	54  -  MemoryUsage of job (MB)
	54928  -  ResidentSetSize of job (KB)
...
006 (381899.000.000) 05/07 00:34:31 Image size of job updated: 1091184
	310  -  MemoryUsage of job (MB)
	316504  -  ResidentSetSize of job (KB)
...
006 (381899.000.000) 05/07 00:39:31 Image size of job updated: 1156840
	352  -  MemoryUsage of job (MB)
	360256  -  ResidentSetSize of job (KB)
...
006 (381899.000.000) 05/07 00:44:32 Image size of job updated: 1156872
	369  -  MemoryUsage of job (MB)
	377800  -  ResidentSetSize of job (KB)
...
006 (381899.000.000) 05/07 00:49:33 Image size of job updated: 1222676
	382  -  MemoryUsage of job (MB)
	390920  -  ResidentSetSize of job (KB)
...
006 (381899.000.000) 05/07 00:54:33 Image size of job updated: 1222684
	398  -  MemoryUsage of job (MB)
	407300  -  ResidentSetSize of job (KB)
...
006 (381899.000.000) 05/07 00:59:34 Image size of job updated: 1222684
	416  -  MemoryUsage of job (MB)
	425740  -  ResidentSetSize of job (KB)
...
006 (381899.000.000) 05/07 01:04:35 Image size of job updated: 1223024
	427  -  MemoryUsage of job (MB)
	436300  -  ResidentSetSize of job (KB)
...
005 (381899.000.000) 05/07 01:05:35 Job terminated.
	(1) Normal termination (return value 0)
		Usr 0 00:34:05, Sys 0 00:00:48  -  Run Remote Usage
		Usr 0 00:00:00, Sys 0 00:00:00  -  Run Local Usage
		Usr 0 00:34:05, Sys 0 00:00:48  -  Total Remote Usage
		Usr 0 00:00:00, Sys 0 00:00:00  -  Total Local Usage
	0  -  Run Bytes Sent By Job
	0  -  Run Bytes Received By Job
	0  -  Total Bytes Sent By Job
	0  -  Total Bytes Received By Job
	Partitionable Resources :    Usage  Request Allocated
	   Cpus                 :                 1         1
	   Disk (KB)            :        1        1   1661815
	   Gpus                 :                           0
	   Memory (MB)          :      427        1     12899
...
