[SNIPER] Start
Sampler: 4, 32, 0
itlb_cache: 32, 1
itlb_cache_L1: 32, 1
Sampler: 4, 128, 0
dtlb_cache: 128, 4
dtlb_cache_L1: 128, 4
L1-I 2
Sampler: 4, 4, 128
L1-I: 2048, 64
L1-I_L1: 2048, 64
L1-D 3
Sampler: 4, 8, 32
L1-D: 1024, 32
L1-D_L1: 1024, 32
L2 4
Sampler: 122, 16, 16
L2: 32768, 1024
L2_L1: 32768, 1024
Executing Python script /v/filer4b/v20q001/ypei/Desktop/cs395t-lin/output/run_all_hybrid_headroom2/omnetpp/7/sim.scripts.py
[STOPBYICOUNT] Starting in ROI (detail)
[STOPBYICOUNT] Then stopping after simulating at least 250000000 instructions in detail
[SNIPER] --------------------------------------------------------------------------------
[SNIPER] Sniper using SIFT/trace-driven frontend
[SNIPER] Running full application in DETAILED mode
[SNIPER] --------------------------------------------------------------------------------
[SNIPER] Enabling performance models
[SNIPER] Setting instrumentation mode to DETAILED
[STOPBYICOUNT] Ending ROI after 250000004 instructions (250000000 requested)
[SNIPER] Disabling performance models
[SNIPER] Leaving ROI after 2104.42 seconds
[SNIPER] Simulated 250.0M instructions, 399.4M cycles, 0.63 IPC
[SNIPER] Simulation speed 118.8 KIPS (118.8 KIPS / target core - 8417.6ns/instr)
[SNIPER] Setting instrumentation mode to FAST_FORWARD
[app0] [SIFT_RECORDER] sift_writer.cc:550: Sift::Mode Sift::Writer::Sync(): Assertion `!response->fail()' failed.
[app0] Pin app terminated abnormally due to signal 6.
Hawkeye Victims: 0
LRU Victims: 0
Hawkeye Victims: 0
LRU Victims: 0
Hawkeye Victims: 0
LRU Victims: 0
a test for execution

Inserted: 0
Redundant.progress: 0
Redundant.cache: 0
Redundant.buffer: 0
Hawkeye Victims: 0
LRU Victims: 0
a test for execution

Inserted: 0
Redundant.progress: 0
Redundant.cache: 0
Redundant.buffer: 0
Hawkeye Victims: 0
LRU Victims: 0
 =========================================================== 
Triggers: 5347680
Repeats: 0

Same addr: 3696819 69.1294
New addr: 1431 0.0267593

Distribution of new addresses: 
Stream Head: 1118 78.1272
Stream Divergence: 632756 44217.7

Invalidation count: 1192815 83355.3
No Conflict count: 566972 39620.7
Same Stream count: 0 0
New Stream count: 0 0

Not found: 1633035
On Chip Mispredictions: 0
 =========================================================== 
Distribution of predictions: 
Predict Init: 4906029 91.7413
Total Predictions: 4846577
Predict OCI Miss: 47100 0.960043
Predict Stream End: 59452 1.21182
Buffer Success: 0 0
Stride Distribution: 0, 464599, 280600, 331200, 110400, 101200, 46000, 50600, 340400, 142600, 303689, 128800, 128800, 464600, 92000, 119600, 128800, 0, 13800, 0, 41400, 0, 0, 0, 0, 0, 0, 0, 0, 0, 331200, 0, 262200, 0, 0, 0, 454204, 0, 0, 0, 900588, 0, 0, 0, 0, 0, 0, 0, 0, 0, 0, 0, 0, 0, 0, 0, 0, 0, 0, 0, 0, 0, 0, 0, 0, 0, 33, 0, 0, 0, 0, 0, 40178832, 0, 49, 0, 15, 0, 15, 0, 0, 6644585, 1868787317, 1915577714, 1702195557, 7566451, 113, 0, 5073232, 0, 36852192, 0, 0, 0, 5073232, 0, 37410608, 0, 0, 0, 5073232, 0, 37682960, 0, 0, 0, 5165152, 0, 2922630512, 10947, 0, 10947, 40177136, 0, 49, 0, 6, 0, 6, 0, 0, 0, 1919906931, 29541, 48, 0, 49, 0, 
a test for execution

Inserted: 6068054
Redundant.progress: 73717
Redundant.cache: 2311669
Redundant.buffer: 0
[SNIPER] End
[SNIPER] Elapsed time: 2171.05 seconds
