000 (516116.000.000) 05/05 17:13:22 Job submitted from host: <128.83.144.149:44250?addrs=128.83.144.149-44250>
...
009 (516116.000.000) 05/05 17:14:26 Job was aborted by the user.
	via condor_rm (by user ypei)
...
000 (516323.000.000) 05/05 17:15:07 Job submitted from host: <128.83.144.149:44250?addrs=128.83.144.149-44250>
...
009 (516323.000.000) 05/05 17:18:07 Job was aborted by the user.
	via condor_rm (by user ypei)
...
000 (516530.000.000) 05/05 17:18:37 Job submitted from host: <128.83.144.149:44250?addrs=128.83.144.149-44250>
...
009 (516530.000.000) 05/05 17:21:26 Job was aborted by the user.
	via condor_rm (by user ypei)
...
000 (517151.000.000) 05/05 17:22:01 Job submitted from host: <128.83.144.149:44250?addrs=128.83.144.149-44250>
...
001 (517151.000.000) 05/05 17:39:25 Job executing on host: <128.83.144.147:58788?addrs=128.83.144.147-58788>
...
006 (517151.000.000) 05/05 17:39:33 Image size of job updated: 766900
	58  -  MemoryUsage of job (MB)
	58680  -  ResidentSetSize of job (KB)
...
006 (517151.000.000) 05/05 17:44:33 Image size of job updated: 938900
	136  -  MemoryUsage of job (MB)
	138364  -  ResidentSetSize of job (KB)
...
006 (517151.000.000) 05/05 17:49:34 Image size of job updated: 938936
	141  -  MemoryUsage of job (MB)
	143368  -  ResidentSetSize of job (KB)
...
006 (517151.000.000) 05/05 17:54:35 Image size of job updated: 938936
	150  -  MemoryUsage of job (MB)
	152976  -  ResidentSetSize of job (KB)
...
006 (517151.000.000) 05/05 17:59:35 Image size of job updated: 938940
	155  -  MemoryUsage of job (MB)
	158340  -  ResidentSetSize of job (KB)
...
005 (517151.000.000) 05/05 17:59:54 Job terminated.
	(1) Normal termination (return value 0)
		Usr 0 00:19:47, Sys 0 00:00:36  -  Run Remote Usage
		Usr 0 00:00:00, Sys 0 00:00:00  -  Run Local Usage
		Usr 0 00:19:47, Sys 0 00:00:36  -  Total Remote Usage
		Usr 0 00:00:00, Sys 0 00:00:00  -  Total Local Usage
	0  -  Run Bytes Sent By Job
	0  -  Run Bytes Received By Job
	0  -  Total Bytes Sent By Job
	0  -  Total Bytes Received By Job
	Partitionable Resources :    Usage  Request Allocated
	   Cpus                 :                 1         1
	   Disk (KB)            :        1        1   1890646
	   Gpus                 :                           0
	   Memory (MB)          :      155        1     21164
...
000 (518186.000.000) 05/06 21:33:18 Job submitted from host: <128.83.144.149:44250?addrs=128.83.144.149-44250>
...
009 (518186.000.000) 05/06 21:33:44 Job was aborted by the user.
	via condor_rm (by user ypei)
...
000 (518393.000.000) 05/06 21:34:26 Job submitted from host: <128.83.144.149:44250?addrs=128.83.144.149-44250>
...
001 (518393.000.000) 05/06 21:55:48 Job executing on host: <128.83.139.14:44306?addrs=128.83.139.14-44306>
...
006 (518393.000.000) 05/06 21:55:57 Image size of job updated: 767428
	58  -  MemoryUsage of job (MB)
	59240  -  ResidentSetSize of job (KB)
...
006 (518393.000.000) 05/06 22:00:58 Image size of job updated: 938884
	134  -  MemoryUsage of job (MB)
	136856  -  ResidentSetSize of job (KB)
...
006 (518393.000.000) 05/06 22:05:58 Image size of job updated: 938900
	139  -  MemoryUsage of job (MB)
	141912  -  ResidentSetSize of job (KB)
...
006 (518393.000.000) 05/06 22:10:58 Image size of job updated: 938900
	151  -  MemoryUsage of job (MB)
	154076  -  ResidentSetSize of job (KB)
...
006 (518393.000.000) 05/06 22:15:59 Image size of job updated: 938916
	154  -  MemoryUsage of job (MB)
	156900  -  ResidentSetSize of job (KB)
...
005 (518393.000.000) 05/06 22:16:05 Job terminated.
	(1) Normal termination (return value 0)
		Usr 0 00:19:47, Sys 0 00:00:23  -  Run Remote Usage
		Usr 0 00:00:00, Sys 0 00:00:00  -  Run Local Usage
		Usr 0 00:19:47, Sys 0 00:00:23  -  Total Remote Usage
		Usr 0 00:00:00, Sys 0 00:00:00  -  Total Local Usage
	0  -  Run Bytes Sent By Job
	0  -  Run Bytes Received By Job
	0  -  Total Bytes Sent By Job
	0  -  Total Bytes Received By Job
	Partitionable Resources :    Usage  Request Allocated
	   Cpus                 :                 1         1
	   Disk (KB)            :        1        1   1675522
	   Gpus                 :                           0
	   Memory (MB)          :      154        1     12899
...
000 (381961.000.000) 05/07 00:29:11 Job submitted from host: <128.83.144.155:57685?addrs=128.83.144.155-57685>
...
001 (381961.000.000) 05/07 00:48:52 Job executing on host: <128.83.139.15:46714?addrs=128.83.139.15-46714>
...
006 (381961.000.000) 05/07 00:49:01 Image size of job updated: 341000
	22  -  MemoryUsage of job (MB)
	22416  -  ResidentSetSize of job (KB)
...
006 (381961.000.000) 05/07 00:54:02 Image size of job updated: 938752
	137  -  MemoryUsage of job (MB)
	139676  -  ResidentSetSize of job (KB)
...
006 (381961.000.000) 05/07 00:59:02 Image size of job updated: 939024
	147  -  MemoryUsage of job (MB)
	150316  -  ResidentSetSize of job (KB)
...
006 (381961.000.000) 05/07 01:04:02 Image size of job updated: 939024
	159  -  MemoryUsage of job (MB)
	162332  -  ResidentSetSize of job (KB)
...
006 (381961.000.000) 05/07 01:09:04 Image size of job updated: 939040
	161  -  MemoryUsage of job (MB)
	164708  -  ResidentSetSize of job (KB)
...
005 (381961.000.000) 05/07 01:09:55 Job terminated.
	(1) Normal termination (return value 0)
		Usr 0 00:20:24, Sys 0 00:00:25  -  Run Remote Usage
		Usr 0 00:00:00, Sys 0 00:00:00  -  Run Local Usage
		Usr 0 00:20:24, Sys 0 00:00:25  -  Total Remote Usage
		Usr 0 00:00:00, Sys 0 00:00:00  -  Total Local Usage
	0  -  Run Bytes Sent By Job
	0  -  Run Bytes Received By Job
	0  -  Total Bytes Sent By Job
	0  -  Total Bytes Received By Job
	Partitionable Resources :    Usage  Request Allocated
	   Cpus                 :                 1         1
	   Disk (KB)            :        1        1   1672476
	   Gpus                 :                           0
	   Memory (MB)          :      161        1     12899
...
