[SNIPER] Start
Sampler: 4, 32, 0
itlb_cache: 32, 1
itlb_cache_L1: 32, 1
Sampler: 4, 128, 0
dtlb_cache: 128, 4
dtlb_cache_L1: 128, 4
L1-I 2
Sampler: 4, 4, 128
L1-I: 2048, 64
L1-I_L1: 2048, 64
L1-D 3
Sampler: 4, 8, 32
L1-D: 1024, 32
L1-D_L1: 1024, 32
L2 4
Sampler: 122, 16, 16
L2: 32768, 1024
L2_L1: 32768, 1024
Executing Python script /v/filer4b/v20q001/ypei/Desktop/cs395t-lin/output/run_all_hybrid_headroom2/sphinx3/8/sim.scripts.py
[STOPBYICOUNT] Starting in ROI (detail)
[STOPBYICOUNT] Then stopping after simulating at least 250000000 instructions in detail
[SNIPER] --------------------------------------------------------------------------------
[SNIPER] Sniper using SIFT/trace-driven frontend
[SNIPER] Running full application in DETAILED mode
[SNIPER] --------------------------------------------------------------------------------
[SNIPER] Enabling performance models
[SNIPER] Setting instrumentation mode to DETAILED
[STOPBYICOUNT] Ending ROI after 250000010 instructions (250000000 requested)
[SNIPER] Disabling performance models
[SNIPER] Leaving ROI after 1256.16 seconds
[SNIPER] Simulated 250.0M instructions, 200.6M cycles, 1.25 IPC
[SNIPER] Simulation speed 199.0 KIPS (199.0 KIPS / target core - 5024.7ns/instr)
[SNIPER] Setting instrumentation mode to FAST_FORWARD
[app0] [SIFT_RECORDER] sift_writer.cc:550: Sift::Mode Sift::Writer::Sync(): Assertion `!response->fail()' failed.
Hawkeye Victims: 0
LRU Victims: 0
Hawkeye Victims: 0
LRU Victims: 0
Hawkeye Victims: 0
LRU Victims: 0
a test for execution

Inserted: 0
Redundant.progress: 0
Redundant.cache: 0
Redundant.buffer: 0
Hawkeye Victims: 0
LRU Victims: 0
a test for execution

[app0] Pin app terminated abnormally due to signal 6.
Inserted: 0
Redundant.progress: 0
Redundant.cache: 0
Redundant.buffer: 0
Hawkeye Victims: 0
LRU Victims: 0
 =========================================================== 
Triggers: 3358719
Repeats: 0

Same addr: 2723612 81.0908
New addr: 639 0.0190251

Distribution of new addresses: 
Stream Head: 398 62.2848
Stream Divergence: 352103 55102.2

Invalidation count: 495932 77610.6
No Conflict count: 144829 22664.9
Same Stream count: 0 0
New Stream count: 0 0

Not found: 627083
On Chip Mispredictions: 0
 =========================================================== 
Distribution of predictions: 
Predict Init: 3226929 96.0762
Total Predictions: 3200819
Predict OCI Miss: 14141 0.438219
Predict Stream End: 26110 0.809128
Buffer Success: 0 0
Stride Distribution: 0, 1517, 2024, 0, 118404, 1375262, 735340, 292698, 216706, 189198, 117484, 46690, 51750, 40480, 25162, 41216, 32246, 0, 23460, 0, 15134, 0, 0, 0, 13386, 0, 0, 0, 0, 0, 12052, 0, 0, 0, 0, 0, 3036, 0, 0, 0, 5474, 0, 0, 0, 0, 0, 0, 0, 0, 0, 0, 0, 0, 0, 0, 0, 0, 0, 0, 0, 0, 0, 0, 0, 0, 0, 33, 0, 0, 0, 0, 0, 45966480, 0, 49, 0, 15, 0, 15, 0, 0, 6644585, 1868787317, 1915577714, 1702195557, 7566451, 113, 0, 5073232, 0, 42639840, 0, 0, 0, 5073232, 0, 43198256, 0, 0, 0, 5073232, 0, 43470608, 0, 0, 0, 5165152, 0, 3074461040, 10958, 0, 10958, 45964784, 0, 49, 0, 6, 0, 6, 0, 0, 0, 1919906931, 29541, 48, 0, 49, 0, 
a test for execution

Inserted: 5299243
Redundant.progress: 35445
Redundant.cache: 2332953
Redundant.buffer: 0
[SNIPER] End
[SNIPER] Elapsed time: 1261.99 seconds
