[SNIPER] Start
Sampler: 4, 32, 0
itlb_cache: 32, 1
itlb_cache_L1: 32, 1
Sampler: 4, 128, 0
dtlb_cache: 128, 4
dtlb_cache_L1: 128, 4
L1-I 2
Sampler: 4, 4, 128
L1-I: 2048, 64
L1-I_L1: 2048, 64
L1-D 3
Sampler: 4, 8, 32
L1-D: 1024, 32
L1-D_L1: 1024, 32
L2 4
Sampler: 122, 16, 16
L2: 32768, 1024
L2_L1: 32768, 1024
Executing Python script /v/filer4b/v20q001/ypei/Desktop/cs395t-lin/output/low_bandwidth/run_all_hybrid_headroom9/sphinx3/14/sim.scripts.py
[STOPBYICOUNT] Starting in ROI (detail)
[STOPBYICOUNT] Then stopping after simulating at least 250000000 instructions in detail
[SNIPER] --------------------------------------------------------------------------------
[SNIPER] Sniper using SIFT/trace-driven frontend
[SNIPER] Running full application in DETAILED mode
[SNIPER] --------------------------------------------------------------------------------
[SNIPER] Enabling performance models
[SNIPER] Setting instrumentation mode to DETAILED
[STOPBYICOUNT] Ending ROI after 250000010 instructions (250000000 requested)
[SNIPER] Disabling performance models
[SNIPER] Leaving ROI after 829.79 seconds
[SNIPER] Simulated 250.0M instructions, 234.3M cycles, 1.07 IPC
[SNIPER] Simulation speed 301.3 KIPS (301.3 KIPS / target core - 3319.1ns/instr)
[SNIPER] Setting instrumentation mode to FAST_FORWARD
[app0] [SIFT_RECORDER] sift_writer.cc:550: Sift::Mode Sift::Writer::Sync(): Assertion `!response->fail()' failed.
[app0] Pin app terminated abnormally due to signal 6.
Hawkeye Victims: 0
LRU Victims: 0
Hawkeye Victims: 0
LRU Victims: 0
Hawkeye Victims: 0
LRU Victims: 0
a test for execution

Inserted: 0
Redundant.progress: 0
Redundant.cache: 0
Redundant.buffer: 0
Hawkeye Victims: 0
LRU Victims: 0
a test for execution

Inserted: 0
Redundant.progress: 0
Redundant.cache: 0
Redundant.buffer: 0
Hawkeye Victims: 0
LRU Victims: 0
 =========================================================== 
Triggers: 3691039
Repeats: 0

Same addr: 2886851 78.2124
New addr: 762 0.0206446

Distribution of new addresses: 
Stream Head: 516 67.7165
Stream Divergence: 463354 60807.6

Invalidation count: 641541 84191.7
No Conflict count: 179220 23519.7
Same Stream count: 0 0
New Stream count: 0 0

Not found: 796801
On Chip Mispredictions: 0
 =========================================================== 
Distribution of predictions: 
Predict Init: 3535017 95.773
Total Predictions: 3508329
Predict OCI Miss: 12875 0.364213
Predict Stream End: 26688 0.754961
Buffer Success: 0 0
Stride Distribution: 0, 6623, 20608, 1702, 78476, 1276730, 703202, 503332, 312248, 234416, 161276, 99176, 91448, 41538, 52992, 20424, 29256, 0, 7038, 0, 21436, 0, 0, 0, 13938, 0, 0, 0, 0, 0, 5152, 0, 6486, 0, 0, 0, 1748, 0, 0, 0, 1794, 0, 0, 0, 0, 0, 0, 0, 0, 0, 0, 0, 0, 0, 0, 0, 0, 0, 0, 0, 0, 0, 0, 0, 0, 0, 33, 0, 0, 0, 0, 0, 37614912, 0, 49, 0, 15, 0, 15, 0, 0, 6644585, 1868787317, 1915577714, 1702195557, 7566451, 113, 0, 5073232, 0, 34288304, 0, 0, 0, 5073232, 0, 34846720, 0, 0, 0, 5073232, 0, 35119040, 0, 0, 0, 5165152, 0, 2119871856, 10982, 0, 10982, 37613216, 0, 49, 0, 6, 0, 6, 0, 0, 0, 1919906931, 29541, 48, 0, 49, 0, 
a test for execution

Inserted: 6129541
Redundant.progress: 85253
Redundant.cache: 2872356
Redundant.buffer: 0
[SNIPER] End
[SNIPER] Elapsed time: 834.10 seconds
