[SNIPER] Start
Sampler: 4, 32, 0
itlb_cache: 32, 1
itlb_cache_L1: 32, 1
Sampler: 4, 128, 0
dtlb_cache: 128, 4
dtlb_cache_L1: 128, 4
L1-I 2
Sampler: 4, 4, 128
L1-I: 2048, 64
L1-I_L1: 2048, 64
L1-D 3
Sampler: 4, 8, 32
L1-D: 1024, 32
L1-D_L1: 1024, 32
L2 4
Sampler: 122, 16, 16
L2: 32768, 1024
L2_L1: 32768, 1024
Executing Python script /v/filer4b/v20q001/ypei/Desktop/cs395t-lin/output/run_all_hybrid_headroom2/mcf/2/sim.scripts.py
[STOPBYICOUNT] Starting in ROI (detail)
[STOPBYICOUNT] Then stopping after simulating at least 250000000 instructions in detail
[SNIPER] --------------------------------------------------------------------------------
[SNIPER] Sniper using SIFT/trace-driven frontend
[SNIPER] Running full application in DETAILED mode
[SNIPER] --------------------------------------------------------------------------------
[SNIPER] Enabling performance models
[SNIPER] Setting instrumentation mode to DETAILED
[STOPBYICOUNT] Ending ROI after 250000004 instructions (250000000 requested)
[SNIPER] Disabling performance models
[SNIPER] Leaving ROI after 3322.54 seconds
[SNIPER] Simulated 250.0M instructions, 800.1M cycles, 0.31 IPC
[SNIPER] Simulation speed 75.2 KIPS (75.2 KIPS / target core - 13290.1ns/instr)
[SNIPER] Setting instrumentation mode to FAST_FORWARD
[app0] [SIFT_RECORDER] sift_writer.cc:550: Sift::Mode Sift::Writer::Sync(): Assertion `!response->fail()' failed.
Hawkeye Victims: 0
LRU Victims: 0
Hawkeye Victims: 0
LRU Victims: 0
Hawkeye Victims: 0
LRU Victims: 0
a test for execution

Inserted: 0
Redundant.progress: 0
Redundant.cache: 0
Redundant.buffer: 0
Hawkeye Victims: 0
LRU Victims: 0
a test for execution

Inserted: 0
Redundant.progress: 0
Redundant.cache: 0
Redundant.buffer: 0
Hawkeye Victims: 0
LRU Victims: 0
 =========================================================== 
Triggers: 32133709
Repeats: 0

Same addr: 3401852 10.5866
New addr: 42613 0.132612

Distribution of new addresses: 
Stream Head: 42563 99.8827
Stream Divergence: 17060537 40036

Invalidation count: 17769302 41699.3
No Conflict count: 713363 1674.05
Same Stream count: 0 0
New Stream count: 0 0

Not found: 28674966
On Chip Mispredictions: 0
 =========================================================== 
Distribution of predictions: 
Predict Init: 21185432 65.929
Total Predictions: 21068707
Predict OCI Miss: 31365 0.14805
Predict Stream End: 116725 0.550968
Buffer Success: 0 0
[app0] Pin app terminated abnormally due to signal 6.
Stride Distribution: 0, 29378401, 887800, 78200, 46000, 27600, 55200, 41400, 59800, 36800, 36800, 46000, 78200, 50600, 32200, 27600, 36800, 0, 32200, 0, 13800, 0, 0, 0, 36800, 0, 0, 0, 0, 0, 36708, 0, 32200, 0, 0, 0, 46000, 0, 0, 0, 13800, 0, 0, 0, 0, 0, 0, 0, 0, 0, 0, 0, 0, 0, 0, 0, 0, 0, 0, 0, 0, 0, 0, 0, 0, 0, 33, 0, 0, 0, 0, 0, 29811776, 0, 49, 0, 15, 0, 15, 0, 0, 6644585, 1868787317, 1915577714, 1702195557, 7566451, 113, 0, 5073232, 0, 26485136, 0, 0, 0, 5073232, 0, 27043552, 0, 0, 0, 5073232, 0, 27315904, 0, 0, 0, 5165152, 0, 2011200880, 10965, 0, 10965, 29810080, 0, 49, 0, 6, 0, 6, 0, 0, 0, 1919906931, 29541, 48, 0, 49, 0, 
a test for execution

Inserted: 33090810
Redundant.progress: 96322
Redundant.cache: 16093508
Redundant.buffer: 0
[SNIPER] End
[SNIPER] Elapsed time: 3419.33 seconds
