[SNIPER] Start
Sampler: 4, 32, 0
itlb_cache: 32, 1
itlb_cache_L1: 32, 1
Sampler: 4, 128, 0
dtlb_cache: 128, 4
dtlb_cache_L1: 128, 4
L1-I 2
Sampler: 4, 4, 128
L1-I: 2048, 64
L1-I_L1: 2048, 64
L1-D 3
Sampler: 4, 8, 32
L1-D: 1024, 32
L1-D_L1: 1024, 32
L2 4
Sampler: 122, 16, 16
L2: 32768, 1024
L2_L1: 32768, 1024
Executing Python script /v/filer4b/v20q001/ypei/Desktop/cs395t-lin/output/run_all_hybrid_headroom2/omnetpp/19/sim.scripts.py
[STOPBYICOUNT] Starting in ROI (detail)
[STOPBYICOUNT] Then stopping after simulating at least 250000000 instructions in detail
[SNIPER] --------------------------------------------------------------------------------
[SNIPER] Sniper using SIFT/trace-driven frontend
[SNIPER] Running full application in DETAILED mode
[SNIPER] --------------------------------------------------------------------------------
[SNIPER] Enabling performance models
[SNIPER] Setting instrumentation mode to DETAILED
[STOPBYICOUNT] Ending ROI after 250000002 instructions (250000000 requested)
[SNIPER] Disabling performance models
[SNIPER] Leaving ROI after 2048.38 seconds
[SNIPER] Simulated 250.0M instructions, 397.4M cycles, 0.63 IPC
[SNIPER] Simulation speed 122.0 KIPS (122.0 KIPS / target core - 8193.5ns/instr)
[SNIPER] Setting instrumentation mode to FAST_FORWARD
[app0] [SIFT_RECORDER] sift_writer.cc:550: Sift::Mode Sift::Writer::Sync(): Assertion `!response->fail()' failed.
Hawkeye Victims: 0
LRU Victims: 0
Hawkeye Victims: 0
LRU Victims: 0
Hawkeye Victims: 0
LRU Victims: 0
a test for execution

Inserted: 0
Redundant.progress: 0
Redundant.cache: 0
Redundant.buffer: 0
Hawkeye Victims: 0
LRU Victims: 0
a test for execution

Inserted: 0
Redundant.progress: 0
Redundant.cache: 0
Redundant.buffer: 0
Hawkeye Victims: 0
LRU Victims: 0
[app0] Pin app terminated abnormally due to signal 6.
 =========================================================== 
Triggers: 5403585
Repeats: 0

Same addr: 3650134 67.5502
New addr: 1362 0.0252055

Distribution of new addresses: 
Stream Head: 1048 76.9457
Stream Divergence: 726995 53377

Invalidation count: 1296191 95168.2
No Conflict count: 576156 42302.2
Same Stream count: 0 0
New Stream count: 0 0

Not found: 1735272
On Chip Mispredictions: 0
 =========================================================== 
Distribution of predictions: 
Predict Init: 4963142 91.8491
Total Predictions: 4902158
Predict OCI Miss: 48326 0.973698
Predict Stream End: 60984 1.22874
Buffer Success: 0 0
Stride Distribution: 0, 459999, 312110, 335800, 124200, 69000, 41400, 36800, 368000, 119600, 340400, 151800, 156400, 446200, 96600, 110400, 50600, 0, 23000, 0, 59800, 0, 0, 0, 0, 0, 0, 0, 0, 0, 388850, 0, 262200, 0, 0, 0, 506000, 0, 0, 0, 866226, 0, 0, 0, 0, 0, 0, 0, 0, 0, 0, 0, 0, 0, 0, 0, 0, 0, 0, 0, 0, 0, 0, 0, 0, 0, 33, 0, 0, 0, 0, 0, 29770912, 0, 49, 0, 15, 0, 15, 0, 0, 6644585, 1868787317, 1915577714, 1702195557, 7566451, 113, 0, 5073232, 0, 26444272, 0, 0, 0, 5073232, 0, 27002688, 0, 0, 0, 5073232, 0, 27275040, 0, 0, 0, 5165152, 0, 240958832, 10952, 0, 10952, 29769216, 0, 49, 0, 6, 0, 6, 0, 0, 0, 1919906931, 29541, 48, 0, 49, 0, 
a test for execution

Inserted: 6069333
Redundant.progress: 69531
Redundant.cache: 2320437
Redundant.buffer: 0
[SNIPER] End
[SNIPER] Elapsed time: 2113.27 seconds
