000 (516047.000.000) 05/05 17:13:15 Job submitted from host: <128.83.144.149:44250?addrs=128.83.144.149-44250>
...
001 (516047.000.000) 05/05 17:13:31 Job executing on host: <128.83.144.13:57145?addrs=128.83.144.13-57145>
...
006 (516047.000.000) 05/05 17:13:40 Image size of job updated: 913920
	54  -  MemoryUsage of job (MB)
	54576  -  ResidentSetSize of job (KB)
...
006 (516047.000.000) 05/05 17:14:27 Image size of job updated: 915612
	55  -  MemoryUsage of job (MB)
	55660  -  ResidentSetSize of job (KB)
...
004 (516047.000.000) 05/05 17:14:27 Job was evicted.
	(0) Job was not checkpointed.
		Usr 0 00:00:00, Sys 0 00:00:00  -  Run Remote Usage
		Usr 0 00:00:00, Sys 0 00:00:00  -  Run Local Usage
	0  -  Run Bytes Sent By Job
	0  -  Run Bytes Received By Job
	Partitionable Resources :    Usage  Request Allocated
	   Cpus                 :                 1         1
	   Disk (KB)            :        1        1    824403
	   Gpus                 :                           0
	   Memory (MB)          :       55        1     12899
...
009 (516047.000.000) 05/05 17:14:27 Job was aborted by the user.
	via condor_rm (by user ypei)
...
000 (516272.000.000) 05/05 17:15:00 Job submitted from host: <128.83.144.149:44250?addrs=128.83.144.149-44250>
...
001 (516272.000.000) 05/05 17:15:29 Job executing on host: <128.83.139.14:44306?addrs=128.83.139.14-44306>
...
006 (516272.000.000) 05/05 17:15:38 Image size of job updated: 914080
	56  -  MemoryUsage of job (MB)
	56804  -  ResidentSetSize of job (KB)
...
010 (516272.000.000) 05/05 17:17:42 Job was suspended.
	Number of processes actually suspended: 8
...
006 (516272.000.000) 05/05 17:17:42 Image size of job updated: 1087468
	190  -  MemoryUsage of job (MB)
	194052  -  ResidentSetSize of job (KB)
...
011 (516272.000.000) 05/05 17:17:57 Job was unsuspended.
...
006 (516272.000.000) 05/05 17:18:11 Image size of job updated: 1088856
	220  -  MemoryUsage of job (MB)
	224856  -  ResidentSetSize of job (KB)
...
004 (516272.000.000) 05/05 17:18:11 Job was evicted.
	(0) Job was not checkpointed.
		Usr 0 00:00:43, Sys 0 00:00:01  -  Run Remote Usage
		Usr 0 00:00:00, Sys 0 00:00:00  -  Run Local Usage
	0  -  Run Bytes Sent By Job
	0  -  Run Bytes Received By Job
	Partitionable Resources :    Usage  Request Allocated
	   Cpus                 :                 1         1
	   Disk (KB)            :        1        1   1695320
	   Gpus                 :                           0
	   Memory (MB)          :      220        1     12899
...
009 (516272.000.000) 05/05 17:18:11 Job was aborted by the user.
	via condor_rm (by user ypei)
...
000 (516479.000.000) 05/05 17:18:31 Job submitted from host: <128.83.144.149:44250?addrs=128.83.144.149-44250>
...
001 (516479.000.000) 05/05 17:19:01 Job executing on host: <128.83.144.96:35052?addrs=128.83.144.96-35052>
...
006 (516479.000.000) 05/05 17:19:09 Image size of job updated: 340324
	21  -  MemoryUsage of job (MB)
	21116  -  ResidentSetSize of job (KB)
...
006 (516479.000.000) 05/05 17:21:20 Image size of job updated: 1088860
	270  -  MemoryUsage of job (MB)
	275504  -  ResidentSetSize of job (KB)
...
004 (516479.000.000) 05/05 17:21:20 Job was evicted.
	(0) Job was not checkpointed.
		Usr 0 00:01:04, Sys 0 00:00:01  -  Run Remote Usage
		Usr 0 00:00:00, Sys 0 00:00:00  -  Run Local Usage
	0  -  Run Bytes Sent By Job
	0  -  Run Bytes Received By Job
	Partitionable Resources :    Usage  Request Allocated
	   Cpus                 :                 1         1
	   Disk (KB)            :        1        1   2234920
	   Gpus                 :                           0
	   Memory (MB)          :      270        1      4028
...
009 (516479.000.000) 05/05 17:21:20 Job was aborted by the user.
	via condor_rm (by user ypei)
...
000 (517100.000.000) 05/05 17:21:56 Job submitted from host: <128.83.144.149:44250?addrs=128.83.144.149-44250>
...
001 (517100.000.000) 05/05 17:22:24 Job executing on host: <128.83.139.15:46714?addrs=128.83.139.15-46714>
...
006 (517100.000.000) 05/05 17:22:32 Image size of job updated: 914080
	56  -  MemoryUsage of job (MB)
	56744  -  ResidentSetSize of job (KB)
...
006 (517100.000.000) 05/05 17:27:32 Image size of job updated: 1154496
	306  -  MemoryUsage of job (MB)
	313060  -  ResidentSetSize of job (KB)
...
006 (517100.000.000) 05/05 17:32:33 Image size of job updated: 1154576
	371  -  MemoryUsage of job (MB)
	379068  -  ResidentSetSize of job (KB)
...
006 (517100.000.000) 05/05 17:37:34 Image size of job updated: 1220116
	403  -  MemoryUsage of job (MB)
	412368  -  ResidentSetSize of job (KB)
...
006 (517100.000.000) 05/05 17:42:34 Image size of job updated: 1220140
	431  -  MemoryUsage of job (MB)
	441136  -  ResidentSetSize of job (KB)
...
006 (517100.000.000) 05/05 17:47:34 Image size of job updated: 1285936
	452  -  MemoryUsage of job (MB)
	462228  -  ResidentSetSize of job (KB)
...
006 (517100.000.000) 05/05 17:52:35 Image size of job updated: 1285948
	469  -  MemoryUsage of job (MB)
	480156  -  ResidentSetSize of job (KB)
...
005 (517100.000.000) 05/05 17:52:51 Job terminated.
	(1) Normal termination (return value 0)
		Usr 0 00:28:22, Sys 0 00:00:29  -  Run Remote Usage
		Usr 0 00:00:00, Sys 0 00:00:00  -  Run Local Usage
		Usr 0 00:28:22, Sys 0 00:00:29  -  Total Remote Usage
		Usr 0 00:00:00, Sys 0 00:00:00  -  Total Local Usage
	0  -  Run Bytes Sent By Job
	0  -  Run Bytes Received By Job
	0  -  Total Bytes Sent By Job
	0  -  Total Bytes Received By Job
	Partitionable Resources :    Usage  Request Allocated
	   Cpus                 :                 1         1
	   Disk (KB)            :        1        1   1684661
	   Gpus                 :                           0
	   Memory (MB)          :      469        1     12899
...
000 (518135.000.000) 05/06 21:33:09 Job submitted from host: <128.83.144.149:44250?addrs=128.83.144.149-44250>
...
001 (518135.000.000) 05/06 21:33:16 Job executing on host: <128.83.144.13:57145?addrs=128.83.144.13-57145>
...
006 (518135.000.000) 05/06 21:33:25 Image size of job updated: 914216
	56  -  MemoryUsage of job (MB)
	56796  -  ResidentSetSize of job (KB)
...
006 (518135.000.000) 05/06 21:33:45 Image size of job updated: 916276
	56  -  MemoryUsage of job (MB)
	56796  -  ResidentSetSize of job (KB)
...
004 (518135.000.000) 05/06 21:33:45 Job was evicted.
	(0) Job was not checkpointed.
		Usr 0 00:00:00, Sys 0 00:00:00  -  Run Remote Usage
		Usr 0 00:00:00, Sys 0 00:00:00  -  Run Local Usage
	0  -  Run Bytes Sent By Job
	0  -  Run Bytes Received By Job
	Partitionable Resources :    Usage  Request Allocated
	   Cpus                 :                 1         1
	   Disk (KB)            :        1        1    797355
	   Gpus                 :                           0
	   Memory (MB)          :       56        1     12899
...
009 (518135.000.000) 05/06 21:33:47 Job was aborted by the user.
	via condor_rm (by user ypei)
...
000 (518342.000.000) 05/06 21:34:16 Job submitted from host: <128.83.144.149:44250?addrs=128.83.144.149-44250>
...
001 (518342.000.000) 05/06 21:34:23 Job executing on host: <128.83.144.5:44408?addrs=128.83.144.5-44408>
...
006 (518342.000.000) 05/06 21:34:32 Image size of job updated: 914076
	56  -  MemoryUsage of job (MB)
	56988  -  ResidentSetSize of job (KB)
...
006 (518342.000.000) 05/06 21:39:33 Image size of job updated: 1154524
	307  -  MemoryUsage of job (MB)
	314172  -  ResidentSetSize of job (KB)
...
006 (518342.000.000) 05/06 21:44:34 Image size of job updated: 1154592
	356  -  MemoryUsage of job (MB)
	363664  -  ResidentSetSize of job (KB)
...
006 (518342.000.000) 05/06 21:49:34 Image size of job updated: 1220144
	397  -  MemoryUsage of job (MB)
	406172  -  ResidentSetSize of job (KB)
...
006 (518342.000.000) 05/06 21:54:34 Image size of job updated: 1220160
	422  -  MemoryUsage of job (MB)
	431304  -  ResidentSetSize of job (KB)
...
006 (518342.000.000) 05/06 21:59:35 Image size of job updated: 1220428
	442  -  MemoryUsage of job (MB)
	451636  -  ResidentSetSize of job (KB)
...
006 (518342.000.000) 05/06 22:04:35 Image size of job updated: 1285964
	457  -  MemoryUsage of job (MB)
	467064  -  ResidentSetSize of job (KB)
...
006 (518342.000.000) 05/06 22:09:35 Image size of job updated: 1285976
	471  -  MemoryUsage of job (MB)
	482104  -  ResidentSetSize of job (KB)
...
006 (518342.000.000) 05/06 22:10:57 Image size of job updated: 1285980
	471  -  MemoryUsage of job (MB)
	482104  -  ResidentSetSize of job (KB)
...
005 (518342.000.000) 05/06 22:10:57 Job terminated.
	(1) Normal termination (return value 0)
		Usr 0 00:34:31, Sys 0 00:00:41  -  Run Remote Usage
		Usr 0 00:00:00, Sys 0 00:00:00  -  Run Local Usage
		Usr 0 00:34:31, Sys 0 00:00:41  -  Total Remote Usage
		Usr 0 00:00:00, Sys 0 00:00:00  -  Total Local Usage
	0  -  Run Bytes Sent By Job
	0  -  Run Bytes Received By Job
	0  -  Total Bytes Sent By Job
	0  -  Total Bytes Received By Job
	Partitionable Resources :    Usage  Request Allocated
	   Cpus                 :                 1         1
	   Disk (KB)            :        1        1    790436
	   Gpus                 :                           0
	   Memory (MB)          :      471        1     12899
...
000 (381910.000.000) 05/07 00:29:07 Job submitted from host: <128.83.144.155:57685?addrs=128.83.144.155-57685>
...
001 (381910.000.000) 05/07 00:29:23 Job executing on host: <128.83.144.5:44408?addrs=128.83.144.5-44408>
...
006 (381910.000.000) 05/07 00:29:31 Image size of job updated: 914216
	56  -  MemoryUsage of job (MB)
	56780  -  ResidentSetSize of job (KB)
...
006 (381910.000.000) 05/07 00:34:31 Image size of job updated: 1089128
	290  -  MemoryUsage of job (MB)
	296576  -  ResidentSetSize of job (KB)
...
006 (381910.000.000) 05/07 00:39:32 Image size of job updated: 1154736
	337  -  MemoryUsage of job (MB)
	344268  -  ResidentSetSize of job (KB)
...
006 (381910.000.000) 05/07 00:44:33 Image size of job updated: 1154748
	362  -  MemoryUsage of job (MB)
	370284  -  ResidentSetSize of job (KB)
...
006 (381910.000.000) 05/07 00:49:33 Image size of job updated: 1220300
	379  -  MemoryUsage of job (MB)
	387936  -  ResidentSetSize of job (KB)
...
006 (381910.000.000) 05/07 00:54:33 Image size of job updated: 1220568
	399  -  MemoryUsage of job (MB)
	408056  -  ResidentSetSize of job (KB)
...
006 (381910.000.000) 05/07 00:59:34 Image size of job updated: 1220568
	413  -  MemoryUsage of job (MB)
	422776  -  ResidentSetSize of job (KB)
...
006 (381910.000.000) 05/07 01:04:34 Image size of job updated: 1220580
	423  -  MemoryUsage of job (MB)
	432296  -  ResidentSetSize of job (KB)
...
005 (381910.000.000) 05/07 01:04:37 Job terminated.
	(1) Normal termination (return value 0)
		Usr 0 00:33:16, Sys 0 00:00:44  -  Run Remote Usage
		Usr 0 00:00:00, Sys 0 00:00:00  -  Run Local Usage
		Usr 0 00:33:16, Sys 0 00:00:44  -  Total Remote Usage
		Usr 0 00:00:00, Sys 0 00:00:00  -  Total Local Usage
	0  -  Run Bytes Sent By Job
	0  -  Run Bytes Received By Job
	0  -  Total Bytes Sent By Job
	0  -  Total Bytes Received By Job
	Partitionable Resources :    Usage  Request Allocated
	   Cpus                 :                 1         1
	   Disk (KB)            :        1        1    790418
	   Gpus                 :                           0
	   Memory (MB)          :      423        1     12899
...
