[SNIPER] Start
Sampler: 4, 32, 0
itlb_cache: 32, 1
itlb_cache_L1: 32, 1
Sampler: 4, 128, 0
dtlb_cache: 128, 4
dtlb_cache_L1: 128, 4
L1-I 2
Sampler: 4, 4, 128
L1-I: 2048, 64
L1-I_L1: 2048, 64
L1-D 3
Sampler: 4, 8, 32
L1-D: 1024, 32
L1-D_L1: 1024, 32
L2 4
Sampler: 122, 16, 16
L2: 32768, 1024
L2_L1: 32768, 1024
Executing Python script /v/filer4b/v20q001/ypei/Desktop/cs395t-lin/output/run_all_hybrid_headroom2/libquantum/1/sim.scripts.py
[STOPBYICOUNT] Starting in ROI (detail)
[STOPBYICOUNT] Then stopping after simulating at least 250000000 instructions in detail
[SNIPER] --------------------------------------------------------------------------------
[SNIPER] Sniper using SIFT/trace-driven frontend
[SNIPER] Running full application in DETAILED mode
[SNIPER] --------------------------------------------------------------------------------
[SNIPER] Enabling performance models
[SNIPER] Setting instrumentation mode to DETAILED
[STOPBYICOUNT] Ending ROI after 250000001 instructions (250000000 requested)
[SNIPER] Disabling performance models
[SNIPER] Leaving ROI after 831.93 seconds
[SNIPER] Simulated 250.0M instructions, 161.5M cycles, 1.55 IPC
[SNIPER] Simulation speed 300.5 KIPS (300.5 KIPS / target core - 3327.5ns/instr)
[SNIPER] Setting instrumentation mode to FAST_FORWARD
[app0] [SIFT_RECORDER] sift_writer.cc:550: Sift::Mode Sift::Writer::Sync(): Assertion `!response->fail()' failed.
Hawkeye Victims: 0
LRU Victims: 0
Hawkeye Victims: 0
[app0] Pin app terminated abnormally due to signal 6.
LRU Victims: 0
Hawkeye Victims: 0
LRU Victims: 0
a test for execution

Inserted: 0
Redundant.progress: 0
Redundant.cache: 0
Redundant.buffer: 0
Hawkeye Victims: 0
LRU Victims: 0
a test for execution

Inserted: 0
Redundant.progress: 0
Redundant.cache: 0
Redundant.buffer: 0
Hawkeye Victims: 0
LRU Victims: 0
 =========================================================== 
Triggers: 1760828
Repeats: 0

Same addr: 1236259 70.209
New addr: 2055 0.116706

Distribution of new addresses: 
Stream Head: 2047 99.6107
Stream Divergence: 0 0

Invalidation count: 241 11.7275
No Conflict count: 241 11.7275
Same Stream count: 0 0
New Stream count: 0 0

Not found: 522506
On Chip Mispredictions: 0
 =========================================================== 
Distribution of predictions: 
Predict Init: 1236508 70.2231
Total Predictions: 1231670
Predict OCI Miss: 10 0.000808729
Predict Stream End: 4838 0.391263
Buffer Success: 0 0
Stride Distribution: 0, 1425, 0, 0, 0, 0, 0, 0, 0, 1757977, 1426, 0, 0, 0, 0, 0, 0, 0, 0, 0, 0, 0, 0, 0, 0, 0, 0, 0, 0, 0, 0, 0, 0, 0, 0, 0, 0, 0, 0, 0, 0, 0, 0, 0, 0, 0, 0, 0, 0, 0, 0, 0, 0, 0, 0, 0, 0, 0, 0, 0, 0, 0, 0, 0, 0, 0, 33, 0, 0, 0, 0, 0, 46265504, 0, 49, 0, 15, 0, 15, 0, 0, 6644585, 1868787317, 1915577714, 1702195557, 7566451, 113, 0, 5073232, 0, 42938864, 0, 0, 0, 5073232, 0, 43497280, 0, 0, 0, 5073232, 0, 43769632, 0, 0, 0, 5165152, 0, 815832432, 11078, 0, 11078, 46263808, 0, 49, 0, 6, 0, 6, 0, 0, 0, 1919906931, 29541, 48, 0, 49, 0, 
a test for execution

Inserted: 2992487
Redundant.progress: 1078216
Redundant.cache: 153441
Redundant.buffer: 0
[SNIPER] End
[SNIPER] Elapsed time: 886.54 seconds
