[SNIPER] Start
Sampler: 4, 32, 0
itlb_cache: 32, 1
itlb_cache_L1: 32, 1
Sampler: 4, 128, 0
dtlb_cache: 128, 4
dtlb_cache_L1: 128, 4
L1-I 2
Sampler: 4, 4, 128
L1-I: 2048, 64
L1-I_L1: 2048, 64
L1-D 3
Sampler: 4, 8, 32
L1-D: 1024, 32
L1-D_L1: 1024, 32
L2 4
Sampler: 122, 16, 16
L2: 32768, 1024
L2_L1: 32768, 1024
Executing Python script /v/filer4b/v20q001/ypei/Desktop/cs395t-lin/output/run_all_hybrid_headroom2/mcf/21/sim.scripts.py
[STOPBYICOUNT] Starting in ROI (detail)
[STOPBYICOUNT] Then stopping after simulating at least 250000000 instructions in detail
[SNIPER] --------------------------------------------------------------------------------
[SNIPER] Sniper using SIFT/trace-driven frontend
[SNIPER] Running full application in DETAILED mode
[SNIPER] --------------------------------------------------------------------------------
[SNIPER] Enabling performance models
[SNIPER] Setting instrumentation mode to DETAILED
[STOPBYICOUNT] Ending ROI after 250000001 instructions (250000000 requested)
[SNIPER] Disabling performance models
[SNIPER] Leaving ROI after 2889.61 seconds
[SNIPER] Simulated 250.0M instructions, 470.3M cycles, 0.53 IPC
[SNIPER] Simulation speed 86.5 KIPS (86.5 KIPS / target core - 11558.4ns/instr)
[SNIPER] Setting instrumentation mode to FAST_FORWARD
Hawkeye Victims: 0
LRU Victims: 0
Hawkeye Victims: 0
LRU Victims: 0
Hawkeye Victims: 0
LRU Victims: 0
a test for execution
[app0] [SIFT_RECORDER] sift_writer.cc:550: Sift::Mode Sift::Writer::Sync(): Assertion `!response->fail()' failed.

Inserted: 0
Redundant.progress: 0
Redundant.cache: 0
Redundant.buffer: 0
Hawkeye Victims: 0
LRU Victims: 0
a test for execution

Inserted: 0
Redundant.progress: 0
Redundant.cache: 0
Redundant.buffer: 0
Hawkeye Victims: 0
LRU Victims: 0
 =========================================================== 
Triggers: 35234463
Repeats: 0

Same addr: 2094056 5.9432
New addr: 69720 0.197874

Distribution of new addresses: 
Stream Head: 69714 99.9914
Stream Divergence: 14868372 21325.8

Invalidation count: 15255884 21881.6
No Conflict count: 392551 563.039
Same Stream count: 0 0
New Stream count: 0 0

Not found: 33070644
On Chip Mispredictions: 0
 =========================================================== 
Distribution of predictions: 
Predict Init: 17349983 49.2415
Total Predictions: 17262672
Predict OCI Miss: 18923 0.109066
Predict Stream End: 87311 0.503234
Buffer Success: 0 0
[app0] Pin app terminated abnormally due to signal 6.
Stride Distribution: 0, 2621, 0, 0, 0, 4882256, 2703604, 2268674, 3029128, 1575638, 2100130, 1730198, 1377378, 2219822, 1328296, 1522462, 1632908, 0, 1726656, 0, 1361324, 0, 0, 0, 1349364, 0, 0, 0, 0, 0, 1053860, 0, 1089786, 0, 0, 0, 1280548, 0, 0, 0, 997004, 0, 0, 0, 0, 0, 0, 0, 0, 0, 0, 0, 0, 0, 0, 0, 0, 0, 0, 0, 0, 0, 0, 0, 0, 0, 33, 0, 0, 0, 0, 0, 44528784, 0, 49, 0, 15, 0, 15, 0, 0, 6644585, 1868787317, 1915577714, 1702195557, 7566451, 113, 0, 5073232, 0, 41202144, 0, 0, 0, 5073232, 0, 41760560, 0, 0, 0, 5073232, 0, 42032912, 0, 0, 0, 5165152, 0, 1201102192, 11089, 0, 11089, 44527088, 0, 49, 0, 6, 0, 6, 0, 0, 0, 1919906931, 29541, 48, 0, 49, 0, 
a test for execution

Inserted: 35095983
Redundant.progress: 353102
Redundant.cache: 14679246
Redundant.buffer: 0
[SNIPER] End
[SNIPER] Elapsed time: 2988.35 seconds
