000 (15005720.000.000) 08/01 19:38:48 Job submitted from host: <128.83.130.153:51299?addrs=128.83.130.153-51299>
...
001 (15005720.000.000) 08/01 19:39:09 Job executing on host: <128.83.130.203:52232?addrs=128.83.130.203-52232>
...
006 (15005720.000.000) 08/01 19:39:18 Image size of job updated: 5118368
	166  -  MemoryUsage of job (MB)
	169528  -  ResidentSetSize of job (KB)
...
006 (15005720.000.000) 08/01 19:44:19 Image size of job updated: 5772088
	576  -  MemoryUsage of job (MB)
	589156  -  ResidentSetSize of job (KB)
...
006 (15005720.000.000) 08/01 19:49:19 Image size of job updated: 5772560
	670  -  MemoryUsage of job (MB)
	685860  -  ResidentSetSize of job (KB)
...
006 (15005720.000.000) 08/01 19:54:19 Image size of job updated: 5844252
	847  -  MemoryUsage of job (MB)
	866356  -  ResidentSetSize of job (KB)
...
006 (15005720.000.000) 08/01 19:59:20 Image size of job updated: 5910212
	998  -  MemoryUsage of job (MB)
	1021804  -  ResidentSetSize of job (KB)
...
006 (15005720.000.000) 08/01 20:04:21 Image size of job updated: 6107576
	1111  -  MemoryUsage of job (MB)
	1137008  -  ResidentSetSize of job (KB)
...
006 (15005720.000.000) 08/01 20:09:21 Image size of job updated: 6239588
	1294  -  MemoryUsage of job (MB)
	1324232  -  ResidentSetSize of job (KB)
...
005 (15005720.000.000) 08/01 20:09:55 Job terminated.
	(1) Normal termination (return value 0)
		Usr 0 00:41:30, Sys 0 00:01:18  -  Run Remote Usage
		Usr 0 00:00:00, Sys 0 00:00:00  -  Run Local Usage
		Usr 0 00:41:30, Sys 0 00:01:18  -  Total Remote Usage
		Usr 0 00:00:00, Sys 0 00:00:00  -  Total Local Usage
	0  -  Run Bytes Sent By Job
	0  -  Run Bytes Received By Job
	0  -  Total Bytes Sent By Job
	0  -  Total Bytes Received By Job
	Partitionable Resources :    Usage  Request Allocated
	   Cpus                 :                 1         1
	   Disk (KB)            :        1        1    749980
	   Gpus                 :                           0
	   Memory (MB)          :     1294        1      4021
...
