000 (15005611.000.000) 08/01 18:26:32 Job submitted from host: <128.83.130.153:51299?addrs=128.83.130.153-51299>
...
001 (15005611.000.000) 08/01 18:26:37 Job executing on host: <128.83.144.250:39986?addrs=128.83.144.250-39986>
...
006 (15005611.000.000) 08/01 18:26:37 Image size of job updated: 1
	0  -  MemoryUsage of job (MB)
	0  -  ResidentSetSize of job (KB)
...
005 (15005611.000.000) 08/01 18:26:37 Job terminated.
	(1) Normal termination (return value 126)
		Usr 0 00:00:00, Sys 0 00:00:00  -  Run Remote Usage
		Usr 0 00:00:00, Sys 0 00:00:00  -  Run Local Usage
		Usr 0 00:00:00, Sys 0 00:00:00  -  Total Remote Usage
		Usr 0 00:00:00, Sys 0 00:00:00  -  Total Local Usage
	0  -  Run Bytes Sent By Job
	0  -  Run Bytes Received By Job
	0  -  Total Bytes Sent By Job
	0  -  Total Bytes Received By Job
	Partitionable Resources :    Usage  Request Allocated
	   Cpus                 :                 1         1
	   Disk (KB)            :        1        1    749976
	   Gpus                 :                           0
	   Memory (MB)          :        0        1      4021
...
000 (15005686.000.000) 08/01 18:32:07 Job submitted from host: <128.83.130.153:51299?addrs=128.83.130.153-51299>
...
001 (15005686.000.000) 08/01 18:32:32 Job executing on host: <128.83.144.250:39986?addrs=128.83.144.250-39986>
...
006 (15005686.000.000) 08/01 18:32:40 Image size of job updated: 52036
	2  -  MemoryUsage of job (MB)
	1892  -  ResidentSetSize of job (KB)
...
006 (15005686.000.000) 08/01 18:37:40 Image size of job updated: 6067756
	604  -  MemoryUsage of job (MB)
	617772  -  ResidentSetSize of job (KB)
...
006 (15005686.000.000) 08/01 18:42:40 Image size of job updated: 6133648
	777  -  MemoryUsage of job (MB)
	795196  -  ResidentSetSize of job (KB)
...
006 (15005686.000.000) 08/01 18:47:41 Image size of job updated: 6332596
	996  -  MemoryUsage of job (MB)
	1019820  -  ResidentSetSize of job (KB)
...
006 (15005686.000.000) 08/01 18:52:42 Image size of job updated: 6398152
	1145  -  MemoryUsage of job (MB)
	1171928  -  ResidentSetSize of job (KB)
...
006 (15005686.000.000) 08/01 18:57:42 Image size of job updated: 6594764
	1317  -  MemoryUsage of job (MB)
	1348216  -  ResidentSetSize of job (KB)
...
006 (15005686.000.000) 08/01 19:02:43 Image size of job updated: 6660296
	1499  -  MemoryUsage of job (MB)
	1533980  -  ResidentSetSize of job (KB)
...
006 (15005686.000.000) 08/01 19:07:44 Image size of job updated: 6861476
	1701  -  MemoryUsage of job (MB)
	1741600  -  ResidentSetSize of job (KB)
...
005 (15005686.000.000) 08/01 19:08:08 Job terminated.
	(1) Normal termination (return value 0)
		Usr 0 00:43:37, Sys 0 00:01:05  -  Run Remote Usage
		Usr 0 00:00:00, Sys 0 00:00:00  -  Run Local Usage
		Usr 0 00:43:37, Sys 0 00:01:05  -  Total Remote Usage
		Usr 0 00:00:00, Sys 0 00:00:00  -  Total Local Usage
	0  -  Run Bytes Sent By Job
	0  -  Run Bytes Received By Job
	0  -  Total Bytes Sent By Job
	0  -  Total Bytes Received By Job
	Partitionable Resources :    Usage  Request Allocated
	   Cpus                 :                 1         1
	   Disk (KB)            :        1        1    749976
	   Gpus                 :                           0
	   Memory (MB)          :     1701        1      4021
...
