[SNIPER] Start
Sampler: 4, 32, 0
itlb_cache: 32, 1
itlb_cache_L1: 32, 1
Sampler: 4, 128, 0
dtlb_cache: 128, 4
dtlb_cache_L1: 128, 4
L1-I 2
Sampler: 4, 4, 128
L1-I: 2048, 64
L1-I_L1: 2048, 64
L1-D 3
Sampler: 4, 8, 32
L1-D: 1024, 32
L1-D_L1: 1024, 32
L2 4
Sampler: 122, 16, 16
L2: 32768, 1024
L2_L1: 32768, 1024
Executing Python script /v/filer4b/v20q001/ypei/Desktop/cs395t-lin/output/run_all_hybrid_headroom2/astar/7/sim.scripts.py
[STOPBYICOUNT] Starting in ROI (detail)
[STOPBYICOUNT] Then stopping after simulating at least 250000000 instructions in detail
[SNIPER] --------------------------------------------------------------------------------
[SNIPER] Sniper using SIFT/trace-driven frontend
[SNIPER] Running full application in DETAILED mode
[SNIPER] --------------------------------------------------------------------------------
[SNIPER] Enabling performance models
[SNIPER] Setting instrumentation mode to DETAILED
[STOPBYICOUNT] Ending ROI after 250000002 instructions (250000000 requested)
[SNIPER] Disabling performance models
[SNIPER] Leaving ROI after 1575.15 seconds
[SNIPER] Simulated 250.0M instructions, 475.0M cycles, 0.53 IPC
[SNIPER] Simulation speed 158.7 KIPS (158.7 KIPS / target core - 6300.4ns/instr)
[SNIPER] Setting instrumentation mode to FAST_FORWARD
[app0] [SIFT_RECORDER] sift_writer.cc:550: Sift::Mode Sift::Writer::Sync(): Assertion `!response->fail()' failed.
[app0] Pin app terminated abnormally due to signal 6.
Hawkeye Victims: 0
LRU Victims: 0
Hawkeye Victims: 0
LRU Victims: 0
Hawkeye Victims: 0
LRU Victims: 0
a test for execution

Inserted: 0
Redundant.progress: 0
Redundant.cache: 0
Redundant.buffer: 0
Hawkeye Victims: 0
LRU Victims: 0
a test for execution

Inserted: 0
Redundant.progress: 0
Redundant.cache: 0
Redundant.buffer: 0
Hawkeye Victims: 0
LRU Victims: 0
 =========================================================== 
Triggers: 7052816
Repeats: 0

Same addr: 3867183 54.8318
New addr: 335 0.00474988

Distribution of new addresses: 
Stream Head: 267 79.7015
Stream Divergence: 1574019 469856

Invalidation count: 2923489 872683
No Conflict count: 1364676 407366
Same Stream count: 0 0
New Stream count: 0 0

Not found: 3179304
On Chip Mispredictions: 0
 =========================================================== 
Distribution of predictions: 
Predict Init: 6796666 96.3681
Total Predictions: 6715807
Predict OCI Miss: 72159 1.06168
Predict Stream End: 80859 1.18969
Buffer Success: 0 0
Stride Distribution: 0, 2261916, 795800, 395600, 230000, 138000, 202400, 110400, 133400, 101200, 73600, 59800, 101200, 124200, 50600, 41400, 50600, 0, 27600, 0, 23000, 0, 0, 0, 9200, 0, 0, 0, 0, 0, 4600, 0, 133400, 0, 0, 0, 9200, 0, 0, 0, 4600, 0, 0, 0, 0, 0, 0, 0, 0, 0, 0, 0, 0, 0, 0, 0, 0, 0, 0, 0, 0, 0, 0, 0, 0, 0, 33, 0, 0, 0, 0, 0, 33662096, 0, 49, 0, 15, 0, 15, 0, 0, 6644585, 1868787317, 1915577714, 1702195557, 7566451, 113, 0, 5073232, 0, 30335456, 0, 0, 0, 5073232, 0, 30893872, 0, 0, 0, 5073232, 0, 31166224, 0, 0, 0, 5165152, 0, 1989242224, 11056, 0, 11056, 33660400, 0, 49, 0, 6, 0, 6, 0, 0, 0, 1919906931, 29541, 48, 0, 49, 0, 
a test for execution

Inserted: 10717702
Redundant.progress: 6702
Redundant.cache: 9732899
Redundant.buffer: 0
[SNIPER] End
[SNIPER] Elapsed time: 1622.78 seconds
