000 (515970.000.000) 05/05 17:13:08 Job submitted from host: <128.83.144.149:44250?addrs=128.83.144.149-44250>
...
001 (515970.000.000) 05/05 17:13:29 Job executing on host: <128.83.120.128:51378?addrs=128.83.120.128-51378>
...
006 (515970.000.000) 05/05 17:13:38 Image size of job updated: 882228
	56  -  MemoryUsage of job (MB)
	56836  -  ResidentSetSize of job (KB)
...
006 (515970.000.000) 05/05 17:14:26 Image size of job updated: 883760
	56  -  MemoryUsage of job (MB)
	56836  -  ResidentSetSize of job (KB)
...
004 (515970.000.000) 05/05 17:14:26 Job was evicted.
	(0) Job was not checkpointed.
		Usr 0 00:00:00, Sys 0 00:00:00  -  Run Remote Usage
		Usr 0 00:00:00, Sys 0 00:00:00  -  Run Local Usage
	0  -  Run Bytes Sent By Job
	0  -  Run Bytes Received By Job
	Partitionable Resources :    Usage  Request Allocated
	   Cpus                 :                 1         1
	   Disk (KB)            :        1        1    812221
	   Gpus                 :                           0
	   Memory (MB)          :       56        1     12899
...
009 (515970.000.000) 05/05 17:14:27 Job was aborted by the user.
	via condor_rm (by user ypei)
...
000 (516195.000.000) 05/05 17:14:51 Job submitted from host: <128.83.144.149:44250?addrs=128.83.144.149-44250>
...
001 (516195.000.000) 05/05 17:15:00 Job executing on host: <128.83.120.229:58979?addrs=128.83.120.229-58979>
...
006 (516195.000.000) 05/05 17:15:09 Image size of job updated: 340324
	21  -  MemoryUsage of job (MB)
	21016  -  ResidentSetSize of job (KB)
...
006 (516195.000.000) 05/05 17:18:09 Image size of job updated: 1055272
	21  -  MemoryUsage of job (MB)
	21016  -  ResidentSetSize of job (KB)
...
004 (516195.000.000) 05/05 17:18:09 Job was evicted.
	(0) Job was not checkpointed.
		Usr 0 00:00:54, Sys 0 00:00:01  -  Run Remote Usage
		Usr 0 00:00:00, Sys 0 00:00:00  -  Run Local Usage
	0  -  Run Bytes Sent By Job
	0  -  Run Bytes Received By Job
	Partitionable Resources :    Usage  Request Allocated
	   Cpus                 :                 1         1
	   Disk (KB)            :        1        1    828970
	   Gpus                 :                           0
	   Memory (MB)          :       21        1     12899
...
009 (516195.000.000) 05/05 17:18:10 Job was aborted by the user.
	via condor_rm (by user ypei)
...
000 (516402.000.000) 05/05 17:18:21 Job submitted from host: <128.83.144.149:44250?addrs=128.83.144.149-44250>
...
001 (516402.000.000) 05/05 17:18:30 Job executing on host: <128.83.120.229:58979?addrs=128.83.120.229-58979>
...
006 (516402.000.000) 05/05 17:18:39 Image size of job updated: 882228
	54  -  MemoryUsage of job (MB)
	54800  -  ResidentSetSize of job (KB)
...
010 (516402.000.000) 05/05 17:20:42 Job was suspended.
	Number of processes actually suspended: 8
...
006 (516402.000.000) 05/05 17:20:42 Image size of job updated: 1055264
	131  -  MemoryUsage of job (MB)
	133312  -  ResidentSetSize of job (KB)
...
011 (516402.000.000) 05/05 17:20:56 Job was unsuspended.
...
006 (516402.000.000) 05/05 17:21:19 Image size of job updated: 1055272
	131  -  MemoryUsage of job (MB)
	133312  -  ResidentSetSize of job (KB)
...
004 (516402.000.000) 05/05 17:21:19 Job was evicted.
	(0) Job was not checkpointed.
		Usr 0 00:01:08, Sys 0 00:00:01  -  Run Remote Usage
		Usr 0 00:00:00, Sys 0 00:00:00  -  Run Local Usage
	0  -  Run Bytes Sent By Job
	0  -  Run Bytes Received By Job
	Partitionable Resources :    Usage  Request Allocated
	   Cpus                 :                 1         1
	   Disk (KB)            :        1        1    828960
	   Gpus                 :                           0
	   Memory (MB)          :      131        1     12899
...
009 (516402.000.000) 05/05 17:21:20 Job was aborted by the user.
	via condor_rm (by user ypei)
...
000 (517023.000.000) 05/05 17:21:43 Job submitted from host: <128.83.144.149:44250?addrs=128.83.144.149-44250>
...
001 (517023.000.000) 05/05 17:21:51 Job executing on host: <128.83.120.250:59851?addrs=128.83.120.250-59851>
...
006 (517023.000.000) 05/05 17:22:00 Image size of job updated: 882876
	57  -  MemoryUsage of job (MB)
	57372  -  ResidentSetSize of job (KB)
...
006 (517023.000.000) 05/05 17:27:00 Image size of job updated: 1055408
	142  -  MemoryUsage of job (MB)
	145200  -  ResidentSetSize of job (KB)
...
006 (517023.000.000) 05/05 17:32:00 Image size of job updated: 1055408
	153  -  MemoryUsage of job (MB)
	155684  -  ResidentSetSize of job (KB)
...
006 (517023.000.000) 05/05 17:37:01 Image size of job updated: 1055484
	158  -  MemoryUsage of job (MB)
	160864  -  ResidentSetSize of job (KB)
...
006 (517023.000.000) 05/05 17:42:02 Image size of job updated: 1055740
	164  -  MemoryUsage of job (MB)
	167600  -  ResidentSetSize of job (KB)
...
006 (517023.000.000) 05/05 17:47:02 Image size of job updated: 1055944
	183  -  MemoryUsage of job (MB)
	186764  -  ResidentSetSize of job (KB)
...
006 (517023.000.000) 05/05 17:50:13 Image size of job updated: 1056272
	183  -  MemoryUsage of job (MB)
	186764  -  ResidentSetSize of job (KB)
...
005 (517023.000.000) 05/05 17:50:13 Job terminated.
	(1) Normal termination (return value 0)
		Usr 0 00:26:52, Sys 0 00:00:24  -  Run Remote Usage
		Usr 0 00:00:00, Sys 0 00:00:00  -  Run Local Usage
		Usr 0 00:26:52, Sys 0 00:00:24  -  Total Remote Usage
		Usr 0 00:00:00, Sys 0 00:00:00  -  Total Local Usage
	0  -  Run Bytes Sent By Job
	0  -  Run Bytes Received By Job
	0  -  Total Bytes Sent By Job
	0  -  Total Bytes Received By Job
	Partitionable Resources :    Usage  Request Allocated
	   Cpus                 :                 1         1
	   Disk (KB)            :        1        1    815261
	   Gpus                 :                           0
	   Memory (MB)          :      183        1     12899
...
000 (382454.000.000) 05/07 03:39:52 Job submitted from host: <128.83.144.155:57685?addrs=128.83.144.155-57685>
...
001 (382454.000.000) 05/07 04:05:25 Job executing on host: <128.83.139.15:46714?addrs=128.83.139.15-46714>
...
006 (382454.000.000) 05/07 04:05:34 Image size of job updated: 883888
	56  -  MemoryUsage of job (MB)
	56684  -  ResidentSetSize of job (KB)
...
006 (382454.000.000) 05/07 04:10:35 Image size of job updated: 1055248
	145  -  MemoryUsage of job (MB)
	148332  -  ResidentSetSize of job (KB)
...
006 (382454.000.000) 05/07 04:15:35 Image size of job updated: 1055248
	155  -  MemoryUsage of job (MB)
	157848  -  ResidentSetSize of job (KB)
...
006 (382454.000.000) 05/07 04:20:36 Image size of job updated: 1055580
	162  -  MemoryUsage of job (MB)
	165404  -  ResidentSetSize of job (KB)
...
006 (382454.000.000) 05/07 04:25:37 Image size of job updated: 1055580
	166  -  MemoryUsage of job (MB)
	169516  -  ResidentSetSize of job (KB)
...
006 (382454.000.000) 05/07 04:28:27 Image size of job updated: 1056108
	166  -  MemoryUsage of job (MB)
	169516  -  ResidentSetSize of job (KB)
...
005 (382454.000.000) 05/07 04:28:27 Job terminated.
	(1) Normal termination (return value 0)
		Usr 0 00:22:23, Sys 0 00:00:23  -  Run Remote Usage
		Usr 0 00:00:00, Sys 0 00:00:00  -  Run Local Usage
		Usr 0 00:22:23, Sys 0 00:00:23  -  Total Remote Usage
		Usr 0 00:00:00, Sys 0 00:00:00  -  Total Local Usage
	0  -  Run Bytes Sent By Job
	0  -  Run Bytes Received By Job
	0  -  Total Bytes Sent By Job
	0  -  Total Bytes Received By Job
	Partitionable Resources :    Usage  Request Allocated
	   Cpus                 :                 1         1
	   Disk (KB)            :        1        1   1672474
	   Gpus                 :                           0
	   Memory (MB)          :      166        1     12899
...
000 (518472.000.000) 05/07 13:18:16 Job submitted from host: <128.83.144.149:44250?addrs=128.83.144.149-44250>
...
001 (518472.000.000) 05/07 13:18:55 Job executing on host: <128.83.144.5:44408?addrs=128.83.144.5-44408>
...
006 (518472.000.000) 05/07 13:19:04 Image size of job updated: 340324
	21  -  MemoryUsage of job (MB)
	21272  -  ResidentSetSize of job (KB)
...
006 (518472.000.000) 05/07 13:23:38 Image size of job updated: 1055244
	21  -  MemoryUsage of job (MB)
	21272  -  ResidentSetSize of job (KB)
...
004 (518472.000.000) 05/07 13:23:38 Job was evicted.
	(0) Job was not checkpointed.
		Usr 0 00:03:19, Sys 0 00:00:05  -  Run Remote Usage
		Usr 0 00:00:00, Sys 0 00:00:00  -  Run Local Usage
	0  -  Run Bytes Sent By Job
	0  -  Run Bytes Received By Job
	Partitionable Resources :    Usage  Request Allocated
	   Cpus                 :                 1         1
	   Disk (KB)            :        1        1    790323
	   Gpus                 :                           0
	   Memory (MB)          :       21        1     12899
...
009 (518472.000.000) 05/07 13:23:39 Job was aborted by the user.
	via condor_rm (by user ypei)
...
000 (518679.000.000) 05/07 13:23:47 Job submitted from host: <128.83.144.149:44250?addrs=128.83.144.149-44250>
...
001 (518679.000.000) 05/07 13:24:24 Job executing on host: <128.83.130.161:35317?addrs=128.83.130.161-35317>
...
006 (518679.000.000) 05/07 13:24:33 Image size of job updated: 882740
	57  -  MemoryUsage of job (MB)
	57400  -  ResidentSetSize of job (KB)
...
006 (518679.000.000) 05/07 13:29:34 Image size of job updated: 1055240
	147  -  MemoryUsage of job (MB)
	149876  -  ResidentSetSize of job (KB)
...
006 (518679.000.000) 05/07 13:34:34 Image size of job updated: 1055568
	160  -  MemoryUsage of job (MB)
	163112  -  ResidentSetSize of job (KB)
...
006 (518679.000.000) 05/07 13:39:35 Image size of job updated: 1055572
	166  -  MemoryUsage of job (MB)
	169368  -  ResidentSetSize of job (KB)
...
006 (518679.000.000) 05/07 13:42:07 Image size of job updated: 1056104
	166  -  MemoryUsage of job (MB)
	169368  -  ResidentSetSize of job (KB)
...
005 (518679.000.000) 05/07 13:42:08 Job terminated.
	(1) Normal termination (return value 0)
		Usr 0 00:16:40, Sys 0 00:00:08  -  Run Remote Usage
		Usr 0 00:00:00, Sys 0 00:00:00  -  Run Local Usage
		Usr 0 00:16:40, Sys 0 00:00:08  -  Total Remote Usage
		Usr 0 00:00:00, Sys 0 00:00:00  -  Total Local Usage
	0  -  Run Bytes Sent By Job
	0  -  Run Bytes Received By Job
	0  -  Total Bytes Sent By Job
	0  -  Total Bytes Received By Job
	Partitionable Resources :    Usage  Request Allocated
	   Cpus                 :                 1         1
	   Disk (KB)            :        1        1   1865789
	   Gpus                 :                           0
	   Memory (MB)          :      166        1     21164
...
000 (519093.000.000) 05/07 14:36:27 Job submitted from host: <128.83.144.149:44250?addrs=128.83.144.149-44250>
...
001 (519093.000.000) 05/07 14:36:38 Job executing on host: <128.83.130.161:35317?addrs=128.83.130.161-35317>
...
006 (519093.000.000) 05/07 14:36:47 Image size of job updated: 882876
	53  -  MemoryUsage of job (MB)
	53308  -  ResidentSetSize of job (KB)
...
006 (519093.000.000) 05/07 14:41:48 Image size of job updated: 1055628
	145  -  MemoryUsage of job (MB)
	147472  -  ResidentSetSize of job (KB)
...
006 (519093.000.000) 05/07 14:46:49 Image size of job updated: 1055704
	155  -  MemoryUsage of job (MB)
	158600  -  ResidentSetSize of job (KB)
...
006 (519093.000.000) 05/07 14:51:49 Image size of job updated: 1055704
	164  -  MemoryUsage of job (MB)
	167040  -  ResidentSetSize of job (KB)
...
006 (519093.000.000) 05/07 14:55:05 Image size of job updated: 1056240
	164  -  MemoryUsage of job (MB)
	167040  -  ResidentSetSize of job (KB)
...
005 (519093.000.000) 05/07 14:55:05 Job terminated.
	(1) Normal termination (return value 0)
		Usr 0 00:17:27, Sys 0 00:00:09  -  Run Remote Usage
		Usr 0 00:00:00, Sys 0 00:00:00  -  Run Local Usage
		Usr 0 00:17:27, Sys 0 00:00:09  -  Total Remote Usage
		Usr 0 00:00:00, Sys 0 00:00:00  -  Total Local Usage
	0  -  Run Bytes Sent By Job
	0  -  Run Bytes Received By Job
	0  -  Total Bytes Sent By Job
	0  -  Total Bytes Received By Job
	Partitionable Resources :    Usage  Request Allocated
	   Cpus                 :                 1         1
	   Disk (KB)            :        1        1   1909593
	   Gpus                 :                           0
	   Memory (MB)          :      164        1     21164
...
000 (382868.000.000) 05/07 20:16:57 Job submitted from host: <128.83.144.155:57685?addrs=128.83.144.155-57685>
...
001 (382868.000.000) 05/07 20:36:49 Job executing on host: <128.83.144.21:40345?addrs=128.83.144.21-40345>
...
006 (382868.000.000) 05/07 20:36:57 Image size of job updated: 888024
	62  -  MemoryUsage of job (MB)
	62536  -  ResidentSetSize of job (KB)
...
006 (382868.000.000) 05/07 20:41:57 Image size of job updated: 1055448
	149  -  MemoryUsage of job (MB)
	151772  -  ResidentSetSize of job (KB)
...
006 (382868.000.000) 05/07 20:46:58 Image size of job updated: 1055524
	160  -  MemoryUsage of job (MB)
	163480  -  ResidentSetSize of job (KB)
...
006 (382868.000.000) 05/07 20:51:59 Image size of job updated: 1055524
	166  -  MemoryUsage of job (MB)
	169260  -  ResidentSetSize of job (KB)
...
006 (382868.000.000) 05/07 20:53:44 Image size of job updated: 1056052
	166  -  MemoryUsage of job (MB)
	169260  -  ResidentSetSize of job (KB)
...
005 (382868.000.000) 05/07 20:53:44 Job terminated.
	(1) Normal termination (return value 0)
		Usr 0 00:16:33, Sys 0 00:00:07  -  Run Remote Usage
		Usr 0 00:00:00, Sys 0 00:00:00  -  Run Local Usage
		Usr 0 00:16:33, Sys 0 00:00:07  -  Total Remote Usage
		Usr 0 00:00:00, Sys 0 00:00:00  -  Total Local Usage
	0  -  Run Bytes Sent By Job
	0  -  Run Bytes Received By Job
	0  -  Total Bytes Sent By Job
	0  -  Total Bytes Received By Job
	Partitionable Resources :    Usage  Request Allocated
	   Cpus                 :                 1         1
	   Disk (KB)            :        1        1   2204426
	   Gpus                 :                           0
	   Memory (MB)          :      166        1      4028
...
000 (384110.000.000) 05/08 05:52:59 Job submitted from host: <128.83.144.155:57685?addrs=128.83.144.155-57685>
...
001 (384110.000.000) 05/08 06:15:28 Job executing on host: <128.83.139.6:57138?addrs=128.83.139.6-57138>
...
006 (384110.000.000) 05/08 06:15:36 Image size of job updated: 1053168
	83  -  MemoryUsage of job (MB)
	84436  -  ResidentSetSize of job (KB)
...
006 (384110.000.000) 05/08 06:20:36 Image size of job updated: 1055384
	147  -  MemoryUsage of job (MB)
	150000  -  ResidentSetSize of job (KB)
...
006 (384110.000.000) 05/08 06:25:37 Image size of job updated: 1055384
	156  -  MemoryUsage of job (MB)
	158748  -  ResidentSetSize of job (KB)
...
006 (384110.000.000) 05/08 06:30:37 Image size of job updated: 1055460
	163  -  MemoryUsage of job (MB)
	166364  -  ResidentSetSize of job (KB)
...
006 (384110.000.000) 05/08 06:35:37 Image size of job updated: 1055460
	167  -  MemoryUsage of job (MB)
	170280  -  ResidentSetSize of job (KB)
...
006 (384110.000.000) 05/08 06:39:36 Image size of job updated: 1056244
	167  -  MemoryUsage of job (MB)
	170280  -  ResidentSetSize of job (KB)
...
005 (384110.000.000) 05/08 06:39:37 Job terminated.
	(1) Normal termination (return value 0)
		Usr 0 00:23:10, Sys 0 00:00:34  -  Run Remote Usage
		Usr 0 00:00:00, Sys 0 00:00:00  -  Run Local Usage
		Usr 0 00:23:10, Sys 0 00:00:34  -  Total Remote Usage
		Usr 0 00:00:00, Sys 0 00:00:00  -  Total Local Usage
	0  -  Run Bytes Sent By Job
	0  -  Run Bytes Received By Job
	0  -  Total Bytes Sent By Job
	0  -  Total Bytes Received By Job
	Partitionable Resources :    Usage  Request Allocated
	   Cpus                 :                 1         1
	   Disk (KB)            :        1        1   1657229
	   Gpus                 :                           0
	   Memory (MB)          :      167        1     12899
...
000 (417503.000.000) 05/09 03:37:24 Job submitted from host: <128.83.144.154:52346?addrs=128.83.144.154-52346>
...
001 (417503.000.000) 05/09 03:58:36 Job executing on host: <128.83.144.163:49391?addrs=128.83.144.163-49391>
...
006 (417503.000.000) 05/09 03:58:45 Image size of job updated: 2
	2  -  MemoryUsage of job (MB)
	1632  -  ResidentSetSize of job (KB)
...
006 (417503.000.000) 05/09 04:03:46 Image size of job updated: 1055448
	148  -  MemoryUsage of job (MB)
	151444  -  ResidentSetSize of job (KB)
...
006 (417503.000.000) 05/09 04:08:46 Image size of job updated: 1055524
	160  -  MemoryUsage of job (MB)
	163056  -  ResidentSetSize of job (KB)
...
006 (417503.000.000) 05/09 04:13:46 Image size of job updated: 1055524
	165  -  MemoryUsage of job (MB)
	168488  -  ResidentSetSize of job (KB)
...
006 (417503.000.000) 05/09 04:15:36 Image size of job updated: 1056052
	165  -  MemoryUsage of job (MB)
	168488  -  ResidentSetSize of job (KB)
...
005 (417503.000.000) 05/09 04:15:36 Job terminated.
	(1) Normal termination (return value 0)
		Usr 0 00:16:45, Sys 0 00:00:07  -  Run Remote Usage
		Usr 0 00:00:00, Sys 0 00:00:00  -  Run Local Usage
		Usr 0 00:16:45, Sys 0 00:00:07  -  Total Remote Usage
		Usr 0 00:00:00, Sys 0 00:00:00  -  Total Local Usage
	0  -  Run Bytes Sent By Job
	0  -  Run Bytes Received By Job
	0  -  Total Bytes Sent By Job
	0  -  Total Bytes Received By Job
	Partitionable Resources :    Usage  Request Allocated
	   Cpus                 :                 1         1
	   Disk (KB)            :        2        2   2204437
	   Gpus                 :                           0
	   Memory (MB)          :      165        1      4028
...
