[SNIPER] Start
Sampler: 4, 32, 0
itlb_cache: 32, 1
itlb_cache_L1: 32, 1
Sampler: 4, 128, 0
dtlb_cache: 128, 4
dtlb_cache_L1: 128, 4
L1-I 2
Sampler: 4, 4, 128
L1-I: 2048, 64
L1-I_L1: 2048, 64
L1-D 3
Sampler: 4, 8, 32
L1-D: 1024, 32
L1-D_L1: 1024, 32
L2 4
Sampler: 122, 16, 16
L2: 32768, 1024
L2_L1: 32768, 1024
Executing Python script /v/filer4b/v20q001/ypei/Desktop/cs395t-lin/output/run_all_hybrid_headroom2/soplex/22/sim.scripts.py
[STOPBYICOUNT] Starting in ROI (detail)
[STOPBYICOUNT] Then stopping after simulating at least 250000000 instructions in detail
[SNIPER] --------------------------------------------------------------------------------
[SNIPER] Sniper using SIFT/trace-driven frontend
[SNIPER] Running full application in DETAILED mode
[SNIPER] --------------------------------------------------------------------------------
[SNIPER] Enabling performance models
[SNIPER] Setting instrumentation mode to DETAILED
[STOPBYICOUNT] Ending ROI after 250000002 instructions (250000000 requested)
[SNIPER] Disabling performance models
[SNIPER] Leaving ROI after 1536.12 seconds
[SNIPER] Simulated 250.0M instructions, 398.7M cycles, 0.63 IPC
[SNIPER] Simulation speed 162.7 KIPS (162.7 KIPS / target core - 6144.5ns/instr)
[SNIPER] Setting instrumentation mode to FAST_FORWARD
Hawkeye Victims: 0
LRU Victims: 0
Hawkeye Victims: 0
LRU Victims: 0
Hawkeye Victims: 0
LRU Victims: 0
a test for execution
[app0] [SIFT_RECORDER] sift_writer.cc:550: Sift::Mode Sift::Writer::Sync(): Assertion `!response->fail()' failed.

Inserted: 0
Redundant.progress: 0
Redundant.cache: 0
Redundant.buffer: 0
Hawkeye Victims: 0
LRU Victims: 0
a test for execution

Inserted: 0
Redundant.progress: 0
Redundant.cache: 0
Redundant.buffer: 0
Hawkeye Victims: 0
LRU Victims: 0
 =========================================================== 
Triggers: 7923797
Repeats: 0

Same addr: 4609640 58.1746
New addr: 1342 0.0169363

Distribution of new addresses: 
Stream Head: 1036 77.1982
Stream Divergence: 2756990 205439

Invalidation count: 2960390 220595
No Conflict count: 205216 15291.8
Same Stream count: 0 0
New Stream count: 0 0

Not found: 3305479
On Chip Mispredictions: 0
 =========================================================== 
Distribution of predictions: 
Predict Init: 7577366 95.628
Total Predictions: 7531525
Predict OCI Miss: 20519 0.270793
Predict Stream End: 45841 0.604973
Buffer Success: 0 0
[app0] Pin app terminated abnormally due to signal 6.
Stride Distribution: 0, 40295, 203734, 459448, 396106, 243064, 95128, 354660, 160172, 1099998, 172914, 1011770, 173696, 247618, 208656, 359766, 91402, 0, 291226, 0, 101108, 0, 0, 0, 79074, 0, 0, 0, 0, 0, 83260, 0, 49542, 0, 0, 0, 44390, 0, 0, 0, 84870, 0, 0, 0, 0, 0, 0, 0, 0, 0, 0, 0, 0, 0, 0, 0, 0, 0, 0, 0, 0, 0, 0, 0, 0, 0, 33, 0, 0, 0, 0, 0, 24442000, 0, 49, 0, 15, 0, 15, 0, 0, 6644585, 1868787317, 1915577714, 1702195557, 7566451, 113, 0, 5073232, 0, 21115360, 0, 0, 0, 5073232, 0, 21673776, 0, 0, 0, 5073232, 0, 21946128, 0, 0, 0, 5165152, 0, 864349552, 11070, 0, 11070, 24440304, 0, 49, 0, 6, 0, 6, 0, 0, 0, 1919906931, 29541, 48, 0, 49, 0, 
a test for execution

Inserted: 12793841
Redundant.progress: 357540
Redundant.cache: 7069218
Redundant.buffer: 0
[SNIPER] End
[SNIPER] Elapsed time: 1542.00 seconds
