000 (15005543.000.000) 08/01 18:26:27 Job submitted from host: <128.83.130.153:51299?addrs=128.83.130.153-51299>
...
001 (15005543.000.000) 08/01 18:26:35 Job executing on host: <128.83.120.75:36144?addrs=128.83.120.75-36144>
...
006 (15005543.000.000) 08/01 18:26:35 Image size of job updated: 1
	0  -  MemoryUsage of job (MB)
	0  -  ResidentSetSize of job (KB)
...
005 (15005543.000.000) 08/01 18:26:35 Job terminated.
	(1) Normal termination (return value 126)
		Usr 0 00:00:00, Sys 0 00:00:00  -  Run Remote Usage
		Usr 0 00:00:00, Sys 0 00:00:00  -  Run Local Usage
		Usr 0 00:00:00, Sys 0 00:00:00  -  Total Remote Usage
		Usr 0 00:00:00, Sys 0 00:00:00  -  Total Local Usage
	0  -  Run Bytes Sent By Job
	0  -  Run Bytes Received By Job
	0  -  Total Bytes Sent By Job
	0  -  Total Bytes Received By Job
	Partitionable Resources :    Usage  Request Allocated
	   Cpus                 :                 1         1
	   Disk (KB)            :        1        1   8862904
	   Gpus                 :                           0
	   Memory (MB)          :        0        1      4028
...
000 (15005618.000.000) 08/01 18:32:03 Job submitted from host: <128.83.130.153:51299?addrs=128.83.130.153-51299>
...
001 (15005618.000.000) 08/01 18:32:30 Job executing on host: <128.83.120.75:36144?addrs=128.83.120.75-36144>
...
006 (15005618.000.000) 08/01 18:32:39 Image size of job updated: 5470480
	181  -  MemoryUsage of job (MB)
	184648  -  ResidentSetSize of job (KB)
...
006 (15005618.000.000) 08/01 18:37:40 Image size of job updated: 6188008
	522  -  MemoryUsage of job (MB)
	534088  -  ResidentSetSize of job (KB)
...
006 (15005618.000.000) 08/01 18:42:41 Image size of job updated: 6319548
	661  -  MemoryUsage of job (MB)
	676692  -  ResidentSetSize of job (KB)
...
006 (15005618.000.000) 08/01 18:47:41 Image size of job updated: 6320544
	710  -  MemoryUsage of job (MB)
	726664  -  ResidentSetSize of job (KB)
...
006 (15005618.000.000) 08/01 18:52:42 Image size of job updated: 6386080
	769  -  MemoryUsage of job (MB)
	786776  -  ResidentSetSize of job (KB)
...
006 (15005618.000.000) 08/01 18:57:43 Image size of job updated: 6386080
	816  -  MemoryUsage of job (MB)
	835252  -  ResidentSetSize of job (KB)
...
006 (15005618.000.000) 08/01 19:02:43 Image size of job updated: 6451632
	878  -  MemoryUsage of job (MB)
	898336  -  ResidentSetSize of job (KB)
...
006 (15005618.000.000) 08/01 19:07:43 Image size of job updated: 6517172
	986  -  MemoryUsage of job (MB)
	1009284  -  ResidentSetSize of job (KB)
...
006 (15005618.000.000) 08/01 19:12:44 Image size of job updated: 6582704
	1097  -  MemoryUsage of job (MB)
	1122612  -  ResidentSetSize of job (KB)
...
006 (15005618.000.000) 08/01 19:17:45 Image size of job updated: 6648240
	1212  -  MemoryUsage of job (MB)
	1240864  -  ResidentSetSize of job (KB)
...
006 (15005618.000.000) 08/01 19:21:47 Image size of job updated: 6713776
	1212  -  MemoryUsage of job (MB)
	1240864  -  ResidentSetSize of job (KB)
...
005 (15005618.000.000) 08/01 19:21:47 Job terminated.
	(1) Normal termination (return value 0)
		Usr 0 00:50:05, Sys 0 00:00:37  -  Run Remote Usage
		Usr 0 00:00:00, Sys 0 00:00:00  -  Run Local Usage
		Usr 0 00:50:05, Sys 0 00:00:37  -  Total Remote Usage
		Usr 0 00:00:00, Sys 0 00:00:00  -  Total Local Usage
	0  -  Run Bytes Sent By Job
	0  -  Run Bytes Received By Job
	0  -  Total Bytes Sent By Job
	0  -  Total Bytes Received By Job
	Partitionable Resources :    Usage  Request Allocated
	   Cpus                 :                 1         1
	   Disk (KB)            :        1        1   8862904
	   Gpus                 :                           0
	   Memory (MB)          :     1212        1      4028
...
