[SNIPER] Start
Sampler: 4, 32, 0
itlb_cache: 32, 1
itlb_cache_L1: 32, 1
Sampler: 4, 128, 0
dtlb_cache: 128, 4
dtlb_cache_L1: 128, 4
L1-I 2
Sampler: 4, 4, 128
L1-I: 2048, 64
L1-I_L1: 2048, 64
L1-D 3
Sampler: 4, 8, 32
L1-D: 1024, 32
L1-D_L1: 1024, 32
L2 4
Sampler: 122, 16, 16
L2: 32768, 1024
L2_L1: 32768, 1024
Executing Python script /v/filer4b/v20q001/ypei/Desktop/cs395t-lin/output/low_bandwidth/run_all_hybrid_headroom9/bzip2/18/sim.scripts.py
[STOPBYICOUNT] Starting in ROI (detail)
[STOPBYICOUNT] Then stopping after simulating at least 250000000 instructions in detail
[SNIPER] --------------------------------------------------------------------------------
[SNIPER] Sniper using SIFT/trace-driven frontend
[SNIPER] Running full application in DETAILED mode
[SNIPER] --------------------------------------------------------------------------------
[SNIPER] Enabling performance models
[SNIPER] Setting instrumentation mode to DETAILED
[STOPBYICOUNT] Ending ROI after 250000001 instructions (250000000 requested)
[SNIPER] Disabling performance models
[SNIPER] Leaving ROI after 1035.19 seconds
[SNIPER] Simulated 250.0M instructions, 168.4M cycles, 1.48 IPC
[SNIPER] Simulation speed 241.5 KIPS (241.5 KIPS / target core - 4140.9ns/instr)
[SNIPER] Setting instrumentation mode to FAST_FORWARD
[app0] [SIFT_RECORDER] sift_writer.cc:550: Sift::Mode Sift::Writer::Sync(): Assertion `!response->fail()' failed.
[app0] Pin app terminated abnormally due to signal 6.
Hawkeye Victims: 0
LRU Victims: 0
Hawkeye Victims: 0
LRU Victims: 0
Hawkeye Victims: 0
LRU Victims: 0
a test for execution

Inserted: 0
Redundant.progress: 0
Redundant.cache: 0
Redundant.buffer: 0
Hawkeye Victims: 0
LRU Victims: 0
a test for execution

Inserted: 0
Redundant.progress: 0
Redundant.cache: 0
Redundant.buffer: 0
Hawkeye Victims: 0
LRU Victims: 0
 =========================================================== 
Triggers: 1998954
Repeats: 0

Same addr: 729700 36.5041
New addr: 353 0.0176592

Distribution of new addresses: 
Stream Head: 178 50.4249
Stream Divergence: 1117806 316659

Invalidation count: 1198432 339499
No Conflict count: 81194 23001.1
Same Stream count: 0 0
New Stream count: 0 0

Not found: 1265534
On Chip Mispredictions: 0
 =========================================================== 
Distribution of predictions: 
Predict Init: 1931499 96.6255
Total Predictions: 1917541
Predict OCI Miss: 6360 0.329278
Predict Stream End: 13958 0.722651
Buffer Success: 0 0
Stride Distribution: 0, 68907, 18400, 67988, 134044, 71622, 140898, 71576, 36846, 107042, 53130, 81926, 35926, 98532, 48484, 60398, 89608, 0, 40618, 0, 54740, 0, 0, 0, 25392, 0, 0, 0, 0, 0, 46761, 0, 96876, 0, 0, 0, 24380, 0, 0, 0, 59662, 0, 0, 0, 0, 0, 0, 0, 0, 0, 0, 0, 0, 0, 0, 0, 0, 0, 0, 0, 0, 0, 0, 0, 0, 0, 33, 0, 0, 0, 0, 0, 44451120, 0, 49, 0, 15, 0, 15, 0, 0, 6644585, 1868787317, 1915577714, 1702195557, 7566451, 113, 0, 5073232, 0, 41124512, 0, 0, 0, 5073232, 0, 41682928, 0, 0, 0, 5073232, 0, 41955248, 0, 0, 0, 5165152, 0, 1382530416, 11123, 0, 11123, 44449424, 0, 49, 0, 6, 0, 6, 0, 0, 0, 1919906931, 29541, 48, 0, 49, 0, 
a test for execution

Inserted: 3656194
Redundant.progress: 1745
Redundant.cache: 3561090
Redundant.buffer: 0
[SNIPER] End
[SNIPER] Elapsed time: 1037.76 seconds
