000 (15005557.000.000) 08/01 18:26:28 Job submitted from host: <128.83.130.153:51299?addrs=128.83.130.153-51299>
...
001 (15005557.000.000) 08/01 18:26:38 Job executing on host: <128.83.120.75:36144?addrs=128.83.120.75-36144>
...
006 (15005557.000.000) 08/01 18:26:38 Image size of job updated: 52036
	0  -  MemoryUsage of job (MB)
	0  -  ResidentSetSize of job (KB)
...
005 (15005557.000.000) 08/01 18:26:38 Job terminated.
	(1) Normal termination (return value 126)
		Usr 0 00:00:00, Sys 0 00:00:00  -  Run Remote Usage
		Usr 0 00:00:00, Sys 0 00:00:00  -  Run Local Usage
		Usr 0 00:00:00, Sys 0 00:00:00  -  Total Remote Usage
		Usr 0 00:00:00, Sys 0 00:00:00  -  Total Local Usage
	0  -  Run Bytes Sent By Job
	0  -  Run Bytes Received By Job
	0  -  Total Bytes Sent By Job
	0  -  Total Bytes Received By Job
	Partitionable Resources :    Usage  Request Allocated
	   Cpus                 :                 1         1
	   Disk (KB)            :        1        1   8862904
	   Gpus                 :                           0
	   Memory (MB)          :        0        1      4028
...
000 (15005632.000.000) 08/01 18:32:04 Job submitted from host: <128.83.130.153:51299?addrs=128.83.130.153-51299>
...
001 (15005632.000.000) 08/01 18:32:33 Job executing on host: <128.83.120.75:36144?addrs=128.83.120.75-36144>
...
006 (15005632.000.000) 08/01 18:32:41 Image size of job updated: 1373428
	46  -  MemoryUsage of job (MB)
	46092  -  ResidentSetSize of job (KB)
...
006 (15005632.000.000) 08/01 18:37:41 Image size of job updated: 5009704
	506  -  MemoryUsage of job (MB)
	517928  -  ResidentSetSize of job (KB)
...
006 (15005632.000.000) 08/01 18:42:42 Image size of job updated: 5079504
	639  -  MemoryUsage of job (MB)
	654020  -  ResidentSetSize of job (KB)
...
006 (15005632.000.000) 08/01 18:47:43 Image size of job updated: 5145472
	658  -  MemoryUsage of job (MB)
	673692  -  ResidentSetSize of job (KB)
...
006 (15005632.000.000) 08/01 18:52:43 Image size of job updated: 5145620
	670  -  MemoryUsage of job (MB)
	685772  -  ResidentSetSize of job (KB)
...
006 (15005632.000.000) 08/01 18:57:43 Image size of job updated: 5146436
	693  -  MemoryUsage of job (MB)
	709292  -  ResidentSetSize of job (KB)
...
006 (15005632.000.000) 08/01 19:02:44 Image size of job updated: 5211988
	741  -  MemoryUsage of job (MB)
	758672  -  ResidentSetSize of job (KB)
...
006 (15005632.000.000) 08/01 19:07:44 Image size of job updated: 5211988
	773  -  MemoryUsage of job (MB)
	791336  -  ResidentSetSize of job (KB)
...
006 (15005632.000.000) 08/01 19:12:44 Image size of job updated: 5211988
	798  -  MemoryUsage of job (MB)
	817004  -  ResidentSetSize of job (KB)
...
005 (15005632.000.000) 08/01 19:15:21 Job terminated.
	(1) Normal termination (return value 0)
		Usr 0 00:42:39, Sys 0 00:00:32  -  Run Remote Usage
		Usr 0 00:00:00, Sys 0 00:00:00  -  Run Local Usage
		Usr 0 00:42:39, Sys 0 00:00:32  -  Total Remote Usage
		Usr 0 00:00:00, Sys 0 00:00:00  -  Total Local Usage
	0  -  Run Bytes Sent By Job
	0  -  Run Bytes Received By Job
	0  -  Total Bytes Sent By Job
	0  -  Total Bytes Received By Job
	Partitionable Resources :    Usage  Request Allocated
	   Cpus                 :                 1         1
	   Disk (KB)            :        1        1   8862904
	   Gpus                 :                           0
	   Memory (MB)          :      798        1      4028
...
