000 (15005719.000.000) 08/01 19:38:48 Job submitted from host: <128.83.130.153:51299?addrs=128.83.130.153-51299>
...
001 (15005719.000.000) 08/01 19:39:09 Job executing on host: <128.83.130.203:52232?addrs=128.83.130.203-52232>
...
006 (15005719.000.000) 08/01 19:39:18 Image size of job updated: 5168228
	166  -  MemoryUsage of job (MB)
	169940  -  ResidentSetSize of job (KB)
...
006 (15005719.000.000) 08/01 19:44:19 Image size of job updated: 5818596
	514  -  MemoryUsage of job (MB)
	526108  -  ResidentSetSize of job (KB)
...
006 (15005719.000.000) 08/01 19:49:19 Image size of job updated: 5819900
	711  -  MemoryUsage of job (MB)
	727408  -  ResidentSetSize of job (KB)
...
006 (15005719.000.000) 08/01 19:54:19 Image size of job updated: 5953268
	976  -  MemoryUsage of job (MB)
	998480  -  ResidentSetSize of job (KB)
...
006 (15005719.000.000) 08/01 19:59:20 Image size of job updated: 6018804
	1176  -  MemoryUsage of job (MB)
	1203456  -  ResidentSetSize of job (KB)
...
006 (15005719.000.000) 08/01 20:04:20 Image size of job updated: 6215668
	1317  -  MemoryUsage of job (MB)
	1347776  -  ResidentSetSize of job (KB)
...
005 (15005719.000.000) 08/01 20:06:53 Job terminated.
	(1) Normal termination (return value 0)
		Usr 0 00:35:39, Sys 0 00:00:55  -  Run Remote Usage
		Usr 0 00:00:00, Sys 0 00:00:00  -  Run Local Usage
		Usr 0 00:35:39, Sys 0 00:00:55  -  Total Remote Usage
		Usr 0 00:00:00, Sys 0 00:00:00  -  Total Local Usage
	0  -  Run Bytes Sent By Job
	0  -  Run Bytes Received By Job
	0  -  Total Bytes Sent By Job
	0  -  Total Bytes Received By Job
	Partitionable Resources :    Usage  Request Allocated
	   Cpus                 :                 1         1
	   Disk (KB)            :        1        1    749980
	   Gpus                 :                           0
	   Memory (MB)          :     1317        1      4021
...
