000 (15005550.000.000) 08/01 18:26:28 Job submitted from host: <128.83.130.153:51299?addrs=128.83.130.153-51299>
...
001 (15005550.000.000) 08/01 18:26:37 Job executing on host: <128.83.120.75:36144?addrs=128.83.120.75-36144>
...
006 (15005550.000.000) 08/01 18:26:37 Image size of job updated: 1
	0  -  MemoryUsage of job (MB)
	0  -  ResidentSetSize of job (KB)
...
005 (15005550.000.000) 08/01 18:26:38 Job terminated.
	(1) Normal termination (return value 126)
		Usr 0 00:00:00, Sys 0 00:00:00  -  Run Remote Usage
		Usr 0 00:00:00, Sys 0 00:00:00  -  Run Local Usage
		Usr 0 00:00:00, Sys 0 00:00:00  -  Total Remote Usage
		Usr 0 00:00:00, Sys 0 00:00:00  -  Total Local Usage
	0  -  Run Bytes Sent By Job
	0  -  Run Bytes Received By Job
	0  -  Total Bytes Sent By Job
	0  -  Total Bytes Received By Job
	Partitionable Resources :    Usage  Request Allocated
	   Cpus                 :                 1         1
	   Disk (KB)            :        1        1   8862904
	   Gpus                 :                           0
	   Memory (MB)          :        0        1      4028
...
000 (15005625.000.000) 08/01 18:32:03 Job submitted from host: <128.83.130.153:51299?addrs=128.83.130.153-51299>
...
001 (15005625.000.000) 08/01 18:32:32 Job executing on host: <128.83.120.75:36144?addrs=128.83.120.75-36144>
...
006 (15005625.000.000) 08/01 18:32:40 Image size of job updated: 4292480
	145  -  MemoryUsage of job (MB)
	147536  -  ResidentSetSize of job (KB)
...
010 (15005625.000.000) 08/01 18:37:35 Job was suspended.
	Number of processes actually suspended: 23
...
006 (15005625.000.000) 08/01 18:37:35 Image size of job updated: 5686856
	513  -  MemoryUsage of job (MB)
	525092  -  ResidentSetSize of job (KB)
...
011 (15005625.000.000) 08/01 18:47:38 Job was unsuspended.
...
004 (15005625.000.000) 08/01 18:47:38 Job was evicted.
	(0) Job was not checkpointed.
		Usr 0 00:04:19, Sys 0 00:00:03  -  Run Remote Usage
		Usr 0 00:00:00, Sys 0 00:00:00  -  Run Local Usage
	0  -  Run Bytes Sent By Job
	0  -  Run Bytes Received By Job
	Partitionable Resources :    Usage  Request Allocated
	   Cpus                 :                 1         1
	   Disk (KB)            :        1        1   8862904
	   Gpus                 :                           0
	   Memory (MB)          :      513        1      4028
...
001 (15005625.000.000) 08/01 18:48:26 Job executing on host: <128.83.130.228:56128?addrs=128.83.130.228-56128>
...
006 (15005625.000.000) 08/01 18:58:34 Image size of job updated: 7500000
	958  -  MemoryUsage of job (MB)
	980412  -  ResidentSetSize of job (KB)
...
006 (15005625.000.000) 08/01 19:03:35 Image size of job updated: 7500000
	1140  -  MemoryUsage of job (MB)
	1167132  -  ResidentSetSize of job (KB)
...
006 (15005625.000.000) 08/01 19:08:35 Image size of job updated: 7500000
	1321  -  MemoryUsage of job (MB)
	1352536  -  ResidentSetSize of job (KB)
...
006 (15005625.000.000) 08/01 19:13:35 Image size of job updated: 7500000
	1454  -  MemoryUsage of job (MB)
	1487996  -  ResidentSetSize of job (KB)
...
005 (15005625.000.000) 08/01 19:15:43 Job terminated.
	(1) Normal termination (return value 0)
		Usr 0 00:36:27, Sys 0 00:01:03  -  Run Remote Usage
		Usr 0 00:00:00, Sys 0 00:00:00  -  Run Local Usage
		Usr 0 00:36:27, Sys 0 00:01:03  -  Total Remote Usage
		Usr 0 00:00:00, Sys 0 00:00:00  -  Total Local Usage
	0  -  Run Bytes Sent By Job
	0  -  Run Bytes Received By Job
	0  -  Total Bytes Sent By Job
	0  -  Total Bytes Received By Job
	Partitionable Resources :    Usage  Request Allocated
	   Cpus                 :                 1         1
	   Disk (KB)            :        1        1    749983
	   Gpus                 :                           0
	   Memory (MB)          :     1454      733      4021
...
