[SNIPER] Start
Sampler: 4, 32, 0
itlb_cache: 32, 1
itlb_cache_L1: 32, 1
Sampler: 4, 128, 0
dtlb_cache: 128, 4
dtlb_cache_L1: 128, 4
L1-I 2
Sampler: 4, 4, 128
L1-I: 2048, 64
L1-I_L1: 2048, 64
L1-D 3
Sampler: 4, 8, 32
L1-D: 1024, 32
L1-D_L1: 1024, 32
L2 4
Sampler: 122, 16, 16
L2: 32768, 1024
L2_L1: 32768, 1024
Executing Python script /v/filer4b/v20q001/ypei/Desktop/cs395t-lin/output/low_bandwidth/run_all_hybrid_headroom9/omnetpp/10/sim.scripts.py
[STOPBYICOUNT] Starting in ROI (detail)
[STOPBYICOUNT] Then stopping after simulating at least 250000000 instructions in detail
[SNIPER] --------------------------------------------------------------------------------
[SNIPER] Sniper using SIFT/trace-driven frontend
[SNIPER] Running full application in DETAILED mode
[SNIPER] --------------------------------------------------------------------------------
[SNIPER] Enabling performance models
[SNIPER] Setting instrumentation mode to DETAILED
[STOPBYICOUNT] Ending ROI after 250000004 instructions (250000000 requested)
[SNIPER] Disabling performance models
[SNIPER] Leaving ROI after 991.20 seconds
[SNIPER] Simulated 250.0M instructions, 461.6M cycles, 0.54 IPC
[SNIPER] Simulation speed 252.2 KIPS (252.2 KIPS / target core - 3964.9ns/instr)
[SNIPER] Setting instrumentation mode to FAST_FORWARD
Hawkeye Victims: 0
LRU Victims: 0
Hawkeye Victims: 0
LRU Victims: 0
[app0] [SIFT_RECORDER] sift_writer.cc:550: Sift::Mode Sift::Writer::Sync(): Assertion `!response->fail()' failed.
Hawkeye Victims: 0
LRU Victims: 0
a test for execution

Inserted: 0
Redundant.progress: 0
Redundant.cache: 0
Redundant.buffer: 0
Hawkeye Victims: 0
LRU Victims: 0
a test for execution

Inserted: 0
Redundant.progress: 0
Redundant.cache: 0
Redundant.buffer: 0
Hawkeye Victims: 0
LRU Victims: 0
 =========================================================== 
Triggers: 20028490
Repeats: 0

Same addr: 19956915 99.6426
New addr: 161 0.000803855

Distribution of new addresses: 
Stream Head: 149 92.5466
Stream Divergence: 29316 18208.7

Invalidation count: 29606 18388.8
No Conflict count: 293 181.988
Same Stream count: 0 0
New Stream count: 0 0

Not found: 68442
On Chip Mispredictions: 0
 =========================================================== 
Distribution of predictions: 
Predict Init: 19989493 99.8053
Total Predictions: 19907375
Predict OCI Miss: 4269 0.0213562
Predict Stream End: 82118 0.410806
Buffer Success: 0 0
[app0] Pin app terminated abnormally due to signal 6.
Stride Distribution: 0, 2750890, 2672600, 2484000, 2392000, 1467400, 1453600, 1449000, 1439800, 1113200, 41400, 138000, 234600, 299000, 335800, 478400, 358800, 0, 492200, 0, 202400, 0, 0, 0, 13800, 0, 0, 0, 0, 0, 59800, 0, 50600, 0, 0, 0, 41400, 0, 0, 0, 59800, 0, 0, 0, 0, 0, 0, 0, 0, 0, 0, 0, 0, 0, 0, 0, 0, 0, 0, 0, 0, 0, 0, 0, 0, 0, 33, 0, 0, 0, 0, 0, 19268928, 0, 49, 0, 15, 0, 15, 0, 0, 6644585, 1868787317, 1915577714, 1702195557, 7566451, 113, 0, 5073232, 0, 15942320, 0, 0, 0, 5073232, 0, 16500736, 0, 0, 0, 5073232, 0, 16773056, 0, 0, 0, 5165152, 0, 2224897392, 11163, 0, 11163, 19267232, 0, 49, 0, 6, 0, 6, 0, 0, 0, 1919906931, 29541, 48, 0, 49, 0, 
a test for execution

Inserted: 21828177
Redundant.progress: 2773565
Redundant.cache: 10963624
Redundant.buffer: 0
[SNIPER] End
[SNIPER] Elapsed time: 997.34 seconds
