[SNIPER] Start
Sampler: 4, 32, 0
itlb_cache: 32, 1
itlb_cache_L1: 32, 1
Sampler: 4, 128, 0
dtlb_cache: 128, 4
dtlb_cache_L1: 128, 4
L1-I 2
Sampler: 4, 4, 128
L1-I: 2048, 64
L1-I_L1: 2048, 64
L1-D 3
Sampler: 4, 8, 32
L1-D: 1024, 32
L1-D_L1: 1024, 32
L2 4
Sampler: 122, 16, 16
L2: 32768, 1024
L2_L1: 32768, 1024
Executing Python script /v/filer4b/v20q001/ypei/Desktop/cs395t-lin/output/run_all_hybrid_headroom2/soplex/9/sim.scripts.py
[STOPBYICOUNT] Starting in ROI (detail)
[STOPBYICOUNT] Then stopping after simulating at least 250000000 instructions in detail
[SNIPER] --------------------------------------------------------------------------------
[SNIPER] Sniper using SIFT/trace-driven frontend
[SNIPER] Running full application in DETAILED mode
[SNIPER] --------------------------------------------------------------------------------
[SNIPER] Enabling performance models
[SNIPER] Setting instrumentation mode to DETAILED
[STOPBYICOUNT] Ending ROI after 250000002 instructions (250000000 requested)
[SNIPER] Disabling performance models
[SNIPER] Leaving ROI after 1688.47 seconds
[SNIPER] Simulated 250.0M instructions, 439.2M cycles, 0.57 IPC
[SNIPER] Simulation speed 148.1 KIPS (148.1 KIPS / target core - 6753.9ns/instr)
[SNIPER] Setting instrumentation mode to FAST_FORWARD
[app0] [SIFT_RECORDER] sift_writer.cc:550: Sift::Mode Sift::Writer::Sync(): Assertion `!response->fail()' failed.
Hawkeye Victims: 0
LRU Victims: 0
Hawkeye Victims: 0
LRU Victims: 0
Hawkeye Victims: 0
LRU Victims: 0
a test for execution

Inserted: 0
Redundant.progress: 0
Redundant.cache: 0
Redundant.buffer: 0
Hawkeye Victims: 0
LRU Victims: 0
a test for execution

Inserted: 0
Redundant.progress: 0
Redundant.cache: 0
Redundant.buffer: 0
Hawkeye Victims: 0
LRU Victims: 0
 =========================================================== 
Triggers: 11732632
Repeats: 0

Same addr: 6371005 54.3016
New addr: 1411 0.0120263

Distribution of new addresses: 
Stream Head: 1122 79.5181
Stream Divergence: 4759775 337333

Invalidation count: 4980348 352966
No Conflict count: 222673 15781.2
Same Stream count: 0 0
New Stream count: 0 0

Not found: 5354654
On Chip Mispredictions: 0
 =========================================================== 
Distribution of predictions: 
Predict Init: 11356915 96.7977
Total Predictions: 11301821
Predict OCI Miss: 17968 0.158212
Predict Stream End: 55094 0.485114
Buffer Success: 0 0
[app0] Pin app terminated abnormally due to signal 6.
Stride Distribution: 0, 97841, 425408, 1061266, 1233122, 312340, 289340, 595424, 238924, 907269, 216844, 541834, 190716, 219236, 172454, 206678, 135700, 0, 163898, 0, 80546, 0, 0, 0, 72588, 0, 0, 0, 0, 0, 66654, 0, 24472, 0, 0, 0, 60628, 0, 0, 0, 60076, 0, 0, 0, 0, 0, 0, 0, 0, 0, 0, 0, 0, 0, 0, 0, 0, 0, 0, 0, 0, 0, 0, 0, 0, 0, 33, 0, 0, 0, 0, 0, 15144080, 0, 49, 0, 15, 0, 15, 0, 0, 6644585, 1868787317, 1915577714, 1702195557, 7566451, 113, 0, 5073232, 0, 11817440, 0, 0, 0, 5073232, 0, 12375856, 0, 0, 0, 5073232, 0, 12648208, 0, 0, 0, 5165152, 0, 1190960496, 10973, 0, 10973, 15142384, 0, 49, 0, 6, 0, 6, 0, 0, 0, 1919906931, 29541, 48, 0, 49, 0, 
a test for execution

Inserted: 21093988
Redundant.progress: 510503
Redundant.cache: 13006895
Redundant.buffer: 0
[SNIPER] End
[SNIPER] Elapsed time: 1754.62 seconds
