000 (15005567.000.000) 08/01 18:26:29 Job submitted from host: <128.83.130.153:51299?addrs=128.83.130.153-51299>
...
001 (15005567.000.000) 08/01 18:26:36 Job executing on host: <128.83.144.252:41571?addrs=128.83.144.252-41571>
...
006 (15005567.000.000) 08/01 18:26:36 Image size of job updated: 1
	0  -  MemoryUsage of job (MB)
	0  -  ResidentSetSize of job (KB)
...
005 (15005567.000.000) 08/01 18:26:36 Job terminated.
	(1) Normal termination (return value 126)
		Usr 0 00:00:00, Sys 0 00:00:00  -  Run Remote Usage
		Usr 0 00:00:00, Sys 0 00:00:00  -  Run Local Usage
		Usr 0 00:00:00, Sys 0 00:00:00  -  Total Remote Usage
		Usr 0 00:00:00, Sys 0 00:00:00  -  Total Local Usage
	0  -  Run Bytes Sent By Job
	0  -  Run Bytes Received By Job
	0  -  Total Bytes Sent By Job
	0  -  Total Bytes Received By Job
	Partitionable Resources :    Usage  Request Allocated
	   Cpus                 :                 1         1
	   Disk (KB)            :        1        1    749980
	   Gpus                 :                           0
	   Memory (MB)          :        0        1      4021
...
000 (15005642.000.000) 08/01 18:32:04 Job submitted from host: <128.83.130.153:51299?addrs=128.83.130.153-51299>
...
001 (15005642.000.000) 08/01 18:32:30 Job executing on host: <128.83.144.252:41571?addrs=128.83.144.252-41571>
...
006 (15005642.000.000) 08/01 18:32:39 Image size of job updated: 1305712
	44  -  MemoryUsage of job (MB)
	44844  -  ResidentSetSize of job (KB)
...
006 (15005642.000.000) 08/01 18:37:40 Image size of job updated: 5639816
	576  -  MemoryUsage of job (MB)
	589684  -  ResidentSetSize of job (KB)
...
006 (15005642.000.000) 08/01 18:42:40 Image size of job updated: 5639916
	745  -  MemoryUsage of job (MB)
	761912  -  ResidentSetSize of job (KB)
...
006 (15005642.000.000) 08/01 18:47:41 Image size of job updated: 5705452
	898  -  MemoryUsage of job (MB)
	919160  -  ResidentSetSize of job (KB)
...
006 (15005642.000.000) 08/01 18:52:42 Image size of job updated: 5705464
	1028  -  MemoryUsage of job (MB)
	1052068  -  ResidentSetSize of job (KB)
...
006 (15005642.000.000) 08/01 18:57:42 Image size of job updated: 5902340
	1085  -  MemoryUsage of job (MB)
	1110816  -  ResidentSetSize of job (KB)
...
006 (15005642.000.000) 08/01 19:02:42 Image size of job updated: 5902388
	1159  -  MemoryUsage of job (MB)
	1185836  -  ResidentSetSize of job (KB)
...
006 (15005642.000.000) 08/01 19:07:43 Image size of job updated: 5968088
	1262  -  MemoryUsage of job (MB)
	1291772  -  ResidentSetSize of job (KB)
...
006 (15005642.000.000) 08/01 19:12:43 Image size of job updated: 5968180
	1332  -  MemoryUsage of job (MB)
	1363684  -  ResidentSetSize of job (KB)
...
006 (15005642.000.000) 08/01 19:13:40 Image size of job updated: 6033716
	1332  -  MemoryUsage of job (MB)
	1363684  -  ResidentSetSize of job (KB)
...
005 (15005642.000.000) 08/01 19:13:40 Job terminated.
	(1) Normal termination (return value 0)
		Usr 0 00:58:48, Sys 0 00:01:40  -  Run Remote Usage
		Usr 0 00:00:00, Sys 0 00:00:00  -  Run Local Usage
		Usr 0 00:58:48, Sys 0 00:01:40  -  Total Remote Usage
		Usr 0 00:00:00, Sys 0 00:00:00  -  Total Local Usage
	0  -  Run Bytes Sent By Job
	0  -  Run Bytes Received By Job
	0  -  Total Bytes Sent By Job
	0  -  Total Bytes Received By Job
	Partitionable Resources :    Usage  Request Allocated
	   Cpus                 :                 1         1
	   Disk (KB)            :        1        1    749980
	   Gpus                 :                           0
	   Memory (MB)          :     1332        1      4021
...
