[SNIPER] Start
Sampler: 4, 32, 0
itlb_cache: 32, 1
itlb_cache_L1: 32, 1
Sampler: 4, 128, 0
dtlb_cache: 128, 4
dtlb_cache_L1: 128, 4
L1-I 2
Sampler: 4, 4, 128
L1-I: 2048, 64
L1-I_L1: 2048, 64
L1-D 3
Sampler: 4, 8, 32
L1-D: 1024, 32
L1-D_L1: 1024, 32
L2 4
Sampler: 122, 16, 16
L2: 32768, 1024
L2_L1: 32768, 1024
Executing Python script /v/filer4b/v20q001/ypei/Desktop/cs395t-lin/output/low_bandwidth/run_all_hybrid_headroom9/soplex/22/sim.scripts.py
[STOPBYICOUNT] Starting in ROI (detail)
[STOPBYICOUNT] Then stopping after simulating at least 250000000 instructions in detail
[SNIPER] --------------------------------------------------------------------------------
[SNIPER] Sniper using SIFT/trace-driven frontend
[SNIPER] Running full application in DETAILED mode
[SNIPER] --------------------------------------------------------------------------------
[SNIPER] Enabling performance models
[SNIPER] Setting instrumentation mode to DETAILED
[STOPBYICOUNT] Ending ROI after 250000002 instructions (250000000 requested)
[SNIPER] Disabling performance models
[SNIPER] Leaving ROI after 923.70 seconds
[SNIPER] Simulated 250.0M instructions, 564.2M cycles, 0.44 IPC
[SNIPER] Simulation speed 270.6 KIPS (270.6 KIPS / target core - 3694.8ns/instr)
[SNIPER] Setting instrumentation mode to FAST_FORWARD
[app0] [SIFT_RECORDER] sift_writer.cc:550: Sift::Mode Sift::Writer::Sync(): Assertion `!response->fail()' failed.
Hawkeye Victims: 0
LRU Victims: 0
Hawkeye Victims: 0
LRU Victims: 0
Hawkeye Victims: 0
LRU Victims: 0
a test for execution

Inserted: 0
Redundant.progress: 0
Redundant.cache: 0
Redundant.buffer: 0
Hawkeye Victims: 0
LRU Victims: 0
a test for execution

Inserted: 0
Redundant.progress: 0
Redundant.cache: 0
Redundant.buffer: 0
Hawkeye Victims: 0
LRU Victims: 0
 =========================================================== 
Triggers: 7923793
Repeats: 0

Same addr: 4609640 58.1747
New addr: 1342 0.0169363

Distribution of new addresses: 
Stream Head: 1036 77.1982
Stream Divergence: 2756990 205439

Invalidation count: 2960390 220595
No Conflict count: 205216 15291.8
Same Stream count: 0 0
New Stream count: 0 0

Not found: 3305479
On Chip Mispredictions: 0
 =========================================================== 
Distribution of predictions: 
Predict Init: 7577362 95.628
Total Predictions: 7531528
Predict OCI Miss: 20512 0.270701
Predict Stream End: 45834 0.604881
Buffer Success: 0 0
[app0] Pin app terminated abnormally due to signal 6.
Stride Distribution: 0, 49817, 171856, 465888, 459034, 240304, 149776, 335110, 166658, 1067522, 178940, 931730, 208196, 303738, 237314, 346380, 75302, 0, 268916, 0, 63664, 0, 0, 0, 101384, 0, 0, 0, 0, 0, 57960, 0, 67988, 0, 0, 0, 63066, 0, 0, 0, 96508, 0, 0, 0, 0, 0, 0, 0, 0, 0, 0, 0, 0, 0, 0, 0, 0, 0, 0, 0, 0, 0, 0, 0, 0, 0, 33, 0, 0, 0, 0, 0, 23074096, 0, 49, 0, 15, 0, 15, 0, 0, 6644585, 1868787317, 1915577714, 1702195557, 7566451, 113, 0, 5073232, 0, 19747488, 0, 0, 0, 5073232, 0, 20305904, 0, 0, 0, 5073232, 0, 20578224, 0, 0, 0, 5165152, 0, 1777102192, 11007, 0, 11007, 23072400, 0, 49, 0, 6, 0, 6, 0, 0, 0, 1919906931, 29541, 48, 0, 49, 0, 
a test for execution

Inserted: 10195258
Redundant.progress: 278815
Redundant.cache: 5108882
Redundant.buffer: 0
[SNIPER] End
[SNIPER] Elapsed time: 930.93 seconds
