000 (15005712.000.000) 08/01 19:38:48 Job submitted from host: <128.83.130.153:51299?addrs=128.83.130.153-51299>
...
001 (15005712.000.000) 08/01 19:39:09 Job executing on host: <128.83.130.197:45650?addrs=128.83.130.197-45650>
...
006 (15005712.000.000) 08/01 19:39:18 Image size of job updated: 1767948
	83  -  MemoryUsage of job (MB)
	84036  -  ResidentSetSize of job (KB)
...
006 (15005712.000.000) 08/01 19:44:19 Image size of job updated: 5895652
	717  -  MemoryUsage of job (MB)
	733932  -  ResidentSetSize of job (KB)
...
006 (15005712.000.000) 08/01 19:49:19 Image size of job updated: 5962192
	874  -  MemoryUsage of job (MB)
	894304  -  ResidentSetSize of job (KB)
...
006 (15005712.000.000) 08/01 19:54:19 Image size of job updated: 6027844
	985  -  MemoryUsage of job (MB)
	1008416  -  ResidentSetSize of job (KB)
...
006 (15005712.000.000) 08/01 19:59:20 Image size of job updated: 6226100
	1247  -  MemoryUsage of job (MB)
	1276328  -  ResidentSetSize of job (KB)
...
006 (15005712.000.000) 08/01 20:04:20 Image size of job updated: 6292020
	1406  -  MemoryUsage of job (MB)
	1438960  -  ResidentSetSize of job (KB)
...
006 (15005712.000.000) 08/01 20:08:17 Image size of job updated: 6357560
	1406  -  MemoryUsage of job (MB)
	1438960  -  ResidentSetSize of job (KB)
...
005 (15005712.000.000) 08/01 20:08:17 Job terminated.
	(1) Normal termination (return value 0)
		Usr 0 00:29:35, Sys 0 00:00:38  -  Run Remote Usage
		Usr 0 00:00:00, Sys 0 00:00:00  -  Run Local Usage
		Usr 0 00:29:35, Sys 0 00:00:38  -  Total Remote Usage
		Usr 0 00:00:00, Sys 0 00:00:00  -  Total Local Usage
	0  -  Run Bytes Sent By Job
	0  -  Run Bytes Received By Job
	0  -  Total Bytes Sent By Job
	0  -  Total Bytes Received By Job
	Partitionable Resources :    Usage  Request Allocated
	   Cpus                 :                 1         1
	   Disk (KB)            :        1        1   4239686
	   Gpus                 :                           0
	   Memory (MB)          :     1406        1      4021
...
