[SNIPER] Start
Sampler: 4, 32, 0
itlb_cache: 32, 1
itlb_cache_L1: 32, 1
Sampler: 4, 128, 0
dtlb_cache: 128, 4
dtlb_cache_L1: 128, 4
L1-I 2
Sampler: 4, 4, 128
L1-I: 2048, 64
L1-I_L1: 2048, 64
L1-D 3
Sampler: 4, 8, 32
L1-D: 1024, 32
L1-D_L1: 1024, 32
L2 4
Sampler: 122, 16, 16
L2: 32768, 1024
L2_L1: 32768, 1024
Executing Python script /v/filer4b/v20q001/ypei/Desktop/cs395t-lin/output/run_all_hybrid_headroom2/libquantum/22/sim.scripts.py
[STOPBYICOUNT] Starting in ROI (detail)
[STOPBYICOUNT] Then stopping after simulating at least 250000000 instructions in detail
[SNIPER] --------------------------------------------------------------------------------
[SNIPER] Sniper using SIFT/trace-driven frontend
[SNIPER] Running full application in DETAILED mode
[SNIPER] --------------------------------------------------------------------------------
[SNIPER] Enabling performance models
[SNIPER] Setting instrumentation mode to DETAILED
[STOPBYICOUNT] Ending ROI after 250000004 instructions (250000000 requested)
[SNIPER] Disabling performance models
[SNIPER] Leaving ROI after 1134.34 seconds
[SNIPER] Simulated 250.0M instructions, 167.8M cycles, 1.49 IPC
[SNIPER] Simulation speed 220.4 KIPS (220.4 KIPS / target core - 4537.2ns/instr)
[SNIPER] Setting instrumentation mode to FAST_FORWARD
[app0] [SIFT_RECORDER] sift_writer.cc:550: Sift::Mode Sift::Writer::Sync(): Assertion `!response->fail()' failed.
[app0] Pin app terminated abnormally due to signal 6.
Hawkeye Victims: 0
LRU Victims: 0
Hawkeye Victims: 0
LRU Victims: 0
Hawkeye Victims: 0
LRU Victims: 0
a test for execution

Inserted: 0
Redundant.progress: 0
Redundant.cache: 0
Redundant.buffer: 0
Hawkeye Victims: 0
LRU Victims: 0
a test for execution

Inserted: 0
Redundant.progress: 0
Redundant.cache: 0
Redundant.buffer: 0
Hawkeye Victims: 0
LRU Victims: 0
 =========================================================== 
Triggers: 6517403
Repeats: 0

Same addr: 5992789 91.9506
New addr: 2054 0.0315156

Distribution of new addresses: 
Stream Head: 2047 99.6592
Stream Divergence: 17 0.827653

Invalidation count: 272 13.2425
No Conflict count: 255 12.4148
Same Stream count: 0 0
New Stream count: 0 0

Not found: 522527
On Chip Mispredictions: 0
 =========================================================== 
Distribution of predictions: 
Predict Init: 5993094 91.9552
Total Predictions: 5969641
Predict OCI Miss: 37 0.000617377
Predict Stream End: 23453 0.391334
Buffer Success: 0 0
Stride Distribution: 0, 1425, 0, 0, 0, 0, 0, 0, 0, 6514552, 0, 0, 0, 0, 0, 1426, 0, 0, 0, 0, 0, 0, 0, 0, 0, 0, 0, 0, 0, 0, 0, 0, 0, 0, 0, 0, 0, 0, 0, 0, 0, 0, 0, 0, 0, 0, 0, 0, 0, 0, 0, 0, 0, 0, 0, 0, 0, 0, 0, 0, 0, 0, 0, 0, 0, 0, 33, 0, 0, 0, 0, 0, 34629040, 0, 49, 0, 15, 0, 15, 0, 0, 6644585, 1868787317, 1915577714, 1702195557, 7566451, 113, 0, 5073232, 0, 31302432, 0, 0, 0, 5073232, 0, 31860848, 0, 0, 0, 5073232, 0, 32133168, 0, 0, 0, 5165152, 0, 3751329136, 11020, 0, 11020, 34627344, 0, 49, 0, 6, 0, 6, 0, 0, 0, 1919906931, 29541, 48, 0, 49, 0, 
a test for execution

Inserted: 12487007
Redundant.progress: 5715458
Redundant.cache: 254102
Redundant.buffer: 0
[SNIPER] End
[SNIPER] Elapsed time: 1201.74 seconds
