000 (515916.000.000) 05/05 17:12:17 Job submitted from host: <128.83.144.149:44250?addrs=128.83.144.149-44250>
...
001 (515916.000.000) 05/05 17:12:28 Job executing on host: <128.83.130.161:35317?addrs=128.83.130.161-35317>
...
006 (515916.000.000) 05/05 17:12:36 Image size of job updated: 1089660
	54  -  MemoryUsage of job (MB)
	55232  -  ResidentSetSize of job (KB)
...
006 (515916.000.000) 05/05 17:12:50 Image size of job updated: 1094796
	54  -  MemoryUsage of job (MB)
	55232  -  ResidentSetSize of job (KB)
...
004 (515916.000.000) 05/05 17:12:50 Job was evicted.
	(0) Job was not checkpointed.
		Usr 0 00:00:00, Sys 0 00:00:00  -  Run Remote Usage
		Usr 0 00:00:00, Sys 0 00:00:00  -  Run Local Usage
	0  -  Run Bytes Sent By Job
	0  -  Run Bytes Received By Job
	Partitionable Resources :    Usage  Request Allocated
	   Cpus                 :                 1         1
	   Disk (KB)            :        1        1   1888652
	   Gpus                 :                           0
	   Memory (MB)          :       54        1     21164
...
009 (515916.000.000) 05/05 17:12:51 Job was aborted by the user.
	via condor_rm (by user ypei)
...
000 (515946.000.000) 05/05 17:13:06 Job submitted from host: <128.83.144.149:44250?addrs=128.83.144.149-44250>
...
001 (515946.000.000) 05/05 17:13:29 Job executing on host: <128.83.130.161:35317?addrs=128.83.130.161-35317>
...
006 (515946.000.000) 05/05 17:13:37 Image size of job updated: 1089148
	56  -  MemoryUsage of job (MB)
	56768  -  ResidentSetSize of job (KB)
...
006 (515946.000.000) 05/05 17:14:27 Image size of job updated: 1089660
	56  -  MemoryUsage of job (MB)
	56768  -  ResidentSetSize of job (KB)
...
004 (515946.000.000) 05/05 17:14:27 Job was evicted.
	(0) Job was not checkpointed.
		Usr 0 00:00:00, Sys 0 00:00:00  -  Run Remote Usage
		Usr 0 00:00:00, Sys 0 00:00:00  -  Run Local Usage
	0  -  Run Bytes Sent By Job
	0  -  Run Bytes Received By Job
	Partitionable Resources :    Usage  Request Allocated
	   Cpus                 :                 1         1
	   Disk (KB)            :        1        1   1888652
	   Gpus                 :                           0
	   Memory (MB)          :       56        1     21164
...
009 (515946.000.000) 05/05 17:14:27 Job was aborted by the user.
	via condor_rm (by user ypei)
...
000 (516171.000.000) 05/05 17:14:49 Job submitted from host: <128.83.144.149:44250?addrs=128.83.144.149-44250>
...
001 (516171.000.000) 05/05 17:14:59 Job executing on host: <128.83.120.128:51378?addrs=128.83.120.128-51378>
...
006 (516171.000.000) 05/05 17:15:08 Image size of job updated: 1089012
	50  -  MemoryUsage of job (MB)
	50616  -  ResidentSetSize of job (KB)
...
006 (516171.000.000) 05/05 17:18:12 Image size of job updated: 1259792
	50  -  MemoryUsage of job (MB)
	50616  -  ResidentSetSize of job (KB)
...
004 (516171.000.000) 05/05 17:18:12 Job was evicted.
	(0) Job was not checkpointed.
		Usr 0 00:00:57, Sys 0 00:00:01  -  Run Remote Usage
		Usr 0 00:00:00, Sys 0 00:00:00  -  Run Local Usage
	0  -  Run Bytes Sent By Job
	0  -  Run Bytes Received By Job
	Partitionable Resources :    Usage  Request Allocated
	   Cpus                 :                 1         1
	   Disk (KB)            :        1        1    812221
	   Gpus                 :                           0
	   Memory (MB)          :       50        1     12899
...
009 (516171.000.000) 05/05 17:18:12 Job was aborted by the user.
	via condor_rm (by user ypei)
...
000 (516378.000.000) 05/05 17:18:19 Job submitted from host: <128.83.144.149:44250?addrs=128.83.144.149-44250>
...
001 (516378.000.000) 05/05 17:18:29 Job executing on host: <128.83.120.128:51378?addrs=128.83.120.128-51378>
...
006 (516378.000.000) 05/05 17:18:38 Image size of job updated: 1089660
	54  -  MemoryUsage of job (MB)
	55260  -  ResidentSetSize of job (KB)
...
006 (516378.000.000) 05/05 17:21:21 Image size of job updated: 1259932
	54  -  MemoryUsage of job (MB)
	55260  -  ResidentSetSize of job (KB)
...
004 (516378.000.000) 05/05 17:21:21 Job was evicted.
	(0) Job was not checkpointed.
		Usr 0 00:01:21, Sys 0 00:00:01  -  Run Remote Usage
		Usr 0 00:00:00, Sys 0 00:00:00  -  Run Local Usage
	0  -  Run Bytes Sent By Job
	0  -  Run Bytes Received By Job
	Partitionable Resources :    Usage  Request Allocated
	   Cpus                 :                 1         1
	   Disk (KB)            :        1        1    812217
	   Gpus                 :                           0
	   Memory (MB)          :       54        1     12899
...
009 (516378.000.000) 05/05 17:21:21 Job was aborted by the user.
	via condor_rm (by user ypei)
...
000 (516999.000.000) 05/05 17:21:41 Job submitted from host: <128.83.144.149:44250?addrs=128.83.144.149-44250>
...
001 (516999.000.000) 05/05 17:21:51 Job executing on host: <128.83.120.230:37764?addrs=128.83.120.230-37764>
...
006 (516999.000.000) 05/05 17:22:00 Image size of job updated: 1089524
	56  -  MemoryUsage of job (MB)
	57316  -  ResidentSetSize of job (KB)
...
006 (516999.000.000) 05/05 17:27:01 Image size of job updated: 1260048
	147  -  MemoryUsage of job (MB)
	149696  -  ResidentSetSize of job (KB)
...
006 (516999.000.000) 05/05 17:32:01 Image size of job updated: 1325584
	191  -  MemoryUsage of job (MB)
	194812  -  ResidentSetSize of job (KB)
...
006 (516999.000.000) 05/05 17:37:02 Image size of job updated: 1325584
	232  -  MemoryUsage of job (MB)
	237300  -  ResidentSetSize of job (KB)
...
006 (516999.000.000) 05/05 17:42:03 Image size of job updated: 1391120
	268  -  MemoryUsage of job (MB)
	273896  -  ResidentSetSize of job (KB)
...
005 (516999.000.000) 05/05 17:42:36 Job terminated.
	(1) Normal termination (return value 0)
		Usr 0 00:19:02, Sys 0 00:00:15  -  Run Remote Usage
		Usr 0 00:00:00, Sys 0 00:00:00  -  Run Local Usage
		Usr 0 00:19:02, Sys 0 00:00:15  -  Total Remote Usage
		Usr 0 00:00:00, Sys 0 00:00:00  -  Total Local Usage
	0  -  Run Bytes Sent By Job
	0  -  Run Bytes Received By Job
	0  -  Total Bytes Sent By Job
	0  -  Total Bytes Received By Job
	Partitionable Resources :    Usage  Request Allocated
	   Cpus                 :                 1         1
	   Disk (KB)            :        1        1    827436
	   Gpus                 :                           0
	   Memory (MB)          :      268        1     12899
...
000 (518034.000.000) 05/06 21:33:01 Job submitted from host: <128.83.144.149:44250?addrs=128.83.144.149-44250>
...
001 (518034.000.000) 05/06 21:33:11 Job executing on host: <128.83.139.15:46714?addrs=128.83.139.15-46714>
...
006 (518034.000.000) 05/06 21:33:20 Image size of job updated: 1089660
	56  -  MemoryUsage of job (MB)
	57304  -  ResidentSetSize of job (KB)
...
006 (518034.000.000) 05/06 21:33:46 Image size of job updated: 1091336
	56  -  MemoryUsage of job (MB)
	57304  -  ResidentSetSize of job (KB)
...
004 (518034.000.000) 05/06 21:33:46 Job was evicted.
	(0) Job was not checkpointed.
		Usr 0 00:00:00, Sys 0 00:00:00  -  Run Remote Usage
		Usr 0 00:00:00, Sys 0 00:00:00  -  Run Local Usage
	0  -  Run Bytes Sent By Job
	0  -  Run Bytes Received By Job
	Partitionable Resources :    Usage  Request Allocated
	   Cpus                 :                 1         1
	   Disk (KB)            :        1        1   1672476
	   Gpus                 :                           0
	   Memory (MB)          :       56        1     12899
...
009 (518034.000.000) 05/06 21:33:47 Job was aborted by the user.
	via condor_rm (by user ypei)
...
000 (518241.000.000) 05/06 21:34:09 Job submitted from host: <128.83.144.149:44250?addrs=128.83.144.149-44250>
...
001 (518241.000.000) 05/06 21:34:19 Job executing on host: <128.83.139.15:46714?addrs=128.83.139.15-46714>
...
006 (518241.000.000) 05/06 21:34:28 Image size of job updated: 1089660
	56  -  MemoryUsage of job (MB)
	57292  -  ResidentSetSize of job (KB)
...
006 (518241.000.000) 05/06 21:39:28 Image size of job updated: 1259964
	133  -  MemoryUsage of job (MB)
	135896  -  ResidentSetSize of job (KB)
...
006 (518241.000.000) 05/06 21:44:28 Image size of job updated: 1259964
	164  -  MemoryUsage of job (MB)
	167560  -  ResidentSetSize of job (KB)
...
006 (518241.000.000) 05/06 21:49:29 Image size of job updated: 1325496
	191  -  MemoryUsage of job (MB)
	194860  -  ResidentSetSize of job (KB)
...
006 (518241.000.000) 05/06 21:54:30 Image size of job updated: 1325752
	228  -  MemoryUsage of job (MB)
	232776  -  ResidentSetSize of job (KB)
...
005 (518241.000.000) 05/06 21:58:50 Job terminated.
	(1) Normal termination (return value 0)
		Usr 0 00:22:57, Sys 0 00:00:26  -  Run Remote Usage
		Usr 0 00:00:00, Sys 0 00:00:00  -  Run Local Usage
		Usr 0 00:22:57, Sys 0 00:00:26  -  Total Remote Usage
		Usr 0 00:00:00, Sys 0 00:00:00  -  Total Local Usage
	0  -  Run Bytes Sent By Job
	0  -  Run Bytes Received By Job
	0  -  Total Bytes Sent By Job
	0  -  Total Bytes Received By Job
	Partitionable Resources :    Usage  Request Allocated
	   Cpus                 :                 1         1
	   Disk (KB)            :        1        1   1672476
	   Gpus                 :                           0
	   Memory (MB)          :      228        1     12899
...
000 (381809.000.000) 05/07 00:29:00 Job submitted from host: <128.83.144.155:57685?addrs=128.83.144.155-57685>
...
001 (381809.000.000) 05/07 00:29:18 Job executing on host: <128.83.139.9:47643?addrs=128.83.139.9-47643>
...
006 (381809.000.000) 05/07 00:29:27 Image size of job updated: 1089152
	54  -  MemoryUsage of job (MB)
	54744  -  ResidentSetSize of job (KB)
...
006 (381809.000.000) 05/07 00:34:28 Image size of job updated: 1259964
	134  -  MemoryUsage of job (MB)
	136400  -  ResidentSetSize of job (KB)
...
006 (381809.000.000) 05/07 00:39:28 Image size of job updated: 1259964
	172  -  MemoryUsage of job (MB)
	175940  -  ResidentSetSize of job (KB)
...
006 (381809.000.000) 05/07 00:44:28 Image size of job updated: 1325500
	209  -  MemoryUsage of job (MB)
	213156  -  ResidentSetSize of job (KB)
...
006 (381809.000.000) 05/07 00:49:29 Image size of job updated: 1325756
	240  -  MemoryUsage of job (MB)
	245576  -  ResidentSetSize of job (KB)
...
005 (381809.000.000) 05/07 00:52:35 Job terminated.
	(1) Normal termination (return value 0)
		Usr 0 00:21:45, Sys 0 00:00:23  -  Run Remote Usage
		Usr 0 00:00:00, Sys 0 00:00:00  -  Run Local Usage
		Usr 0 00:21:45, Sys 0 00:00:23  -  Total Remote Usage
		Usr 0 00:00:00, Sys 0 00:00:00  -  Total Local Usage
	0  -  Run Bytes Sent By Job
	0  -  Run Bytes Received By Job
	0  -  Total Bytes Sent By Job
	0  -  Total Bytes Received By Job
	Partitionable Resources :    Usage  Request Allocated
	   Cpus                 :                 1         1
	   Disk (KB)            :        1        1   1678561
	   Gpus                 :                           0
	   Memory (MB)          :      240        1     12899
...
