[SNIPER] Start
Sampler: 4, 32, 0
itlb_cache: 32, 1
itlb_cache_L1: 32, 1
Sampler: 4, 128, 0
dtlb_cache: 128, 4
dtlb_cache_L1: 128, 4
L1-I 2
Sampler: 4, 4, 128
L1-I: 2048, 64
L1-I_L1: 2048, 64
L1-D 3
Sampler: 4, 8, 32
L1-D: 1024, 32
L1-D_L1: 1024, 32
L2 4
Sampler: 122, 16, 16
L2: 32768, 1024
L2_L1: 32768, 1024
Executing Python script /v/filer4b/v20q001/ypei/Desktop/cs395t-lin/output/run_all_hybrid_headroom2/mcf/13/sim.scripts.py
[STOPBYICOUNT] Starting in ROI (detail)
[STOPBYICOUNT] Then stopping after simulating at least 250000000 instructions in detail
[SNIPER] --------------------------------------------------------------------------------
[SNIPER] Sniper using SIFT/trace-driven frontend
[SNIPER] Running full application in DETAILED mode
[SNIPER] --------------------------------------------------------------------------------
[SNIPER] Enabling performance models
[SNIPER] Setting instrumentation mode to DETAILED
[STOPBYICOUNT] Ending ROI after 250000018 instructions (250000000 requested)
[SNIPER] Disabling performance models
[SNIPER] Leaving ROI after 1423.56 seconds
[SNIPER] Simulated 250.0M instructions, 556.1M cycles, 0.45 IPC
[SNIPER] Simulation speed 175.6 KIPS (175.6 KIPS / target core - 5694.2ns/instr)
[SNIPER] Setting instrumentation mode to FAST_FORWARD
Hawkeye Victims: 0
[app0] [SIFT_RECORDER] sift_writer.cc:550: Sift::Mode Sift::Writer::Sync(): Assertion `!response->fail()' failed.
LRU Victims: 0
Hawkeye Victims: 0
LRU Victims: 0
Hawkeye Victims: 0
LRU Victims: 0
a test for execution

Inserted: 0
Redundant.progress: 0
Redundant.cache: 0
Redundant.buffer: 0
Hawkeye Victims: 0
LRU Victims: 0
a test for execution

Inserted: 0
Redundant.progress: 0
Redundant.cache: 0
Redundant.buffer: 0
Hawkeye Victims: 0
LRU Victims: 0
[app0] Pin app terminated abnormally due to signal 6.
 =========================================================== 
Triggers: 10145400
Repeats: 0

Same addr: 9124667 89.939
New addr: 3027 0.0298362

Distribution of new addresses: 
Stream Head: 3005 99.2732
Stream Divergence: 40743 1345.99

Invalidation count: 74005 2444.83
No Conflict count: 37140 1226.96
Same Stream count: 0 0
New Stream count: 0 0

Not found: 1015154
On Chip Mispredictions: 0
 =========================================================== 
Distribution of predictions: 
Predict Init: 9201224 90.6936
Total Predictions: 9158833
Predict OCI Miss: 5945 0.064611
Predict Stream End: 42391 0.46071
Buffer Success: 0 0
Stride Distribution: 0, 2667, 0, 0, 0, 0, 0, 3312, 6210, 0, 0, 0, 2622, 0, 0, 0, 0, 0, 0, 0, 0, 0, 0, 0, 0, 0, 0, 0, 0, 0, 0, 0, 0, 0, 0, 0, 0, 0, 0, 0, 0, 0, 0, 0, 0, 0, 0, 0, 0, 0, 0, 0, 0, 0, 0, 0, 0, 0, 0, 0, 0, 0, 0, 0, 0, 0, 33, 0, 0, 0, 0, 0, 47170704, 0, 49, 0, 15, 0, 15, 0, 0, 6644585, 1868787317, 1915577714, 1702195557, 7566451, 113, 0, 5073232, 0, 43844064, 0, 0, 0, 5073232, 0, 44402480, 0, 0, 0, 5073232, 0, 44674832, 0, 0, 0, 5165152, 0, 3147541872, 11076, 0, 11076, 47169008, 0, 49, 0, 6, 0, 6, 0, 0, 0, 1919906931, 29541, 48, 0, 49, 0, 
a test for execution

Inserted: 14778795
Redundant.progress: 2441289
Redundant.cache: 4196145
Redundant.buffer: 0
[SNIPER] End
[SNIPER] Elapsed time: 1491.68 seconds
