000 (15005559.000.000) 08/01 18:26:28 Job submitted from host: <128.83.130.153:51299?addrs=128.83.130.153-51299>
...
001 (15005559.000.000) 08/01 18:26:38 Job executing on host: <128.83.120.75:36144?addrs=128.83.120.75-36144>
...
006 (15005559.000.000) 08/01 18:26:38 Image size of job updated: 52036
	0  -  MemoryUsage of job (MB)
	0  -  ResidentSetSize of job (KB)
...
005 (15005559.000.000) 08/01 18:26:38 Job terminated.
	(1) Normal termination (return value 126)
		Usr 0 00:00:00, Sys 0 00:00:00  -  Run Remote Usage
		Usr 0 00:00:00, Sys 0 00:00:00  -  Run Local Usage
		Usr 0 00:00:00, Sys 0 00:00:00  -  Total Remote Usage
		Usr 0 00:00:00, Sys 0 00:00:00  -  Total Local Usage
	0  -  Run Bytes Sent By Job
	0  -  Run Bytes Received By Job
	0  -  Total Bytes Sent By Job
	0  -  Total Bytes Received By Job
	Partitionable Resources :    Usage  Request Allocated
	   Cpus                 :                 1         1
	   Disk (KB)            :        1        1   8862904
	   Gpus                 :                           0
	   Memory (MB)          :        0        1      4028
...
000 (15005634.000.000) 08/01 18:32:04 Job submitted from host: <128.83.130.153:51299?addrs=128.83.130.153-51299>
...
001 (15005634.000.000) 08/01 18:32:33 Job executing on host: <128.83.120.75:36144?addrs=128.83.120.75-36144>
...
006 (15005634.000.000) 08/01 18:32:42 Image size of job updated: 1307764
	44  -  MemoryUsage of job (MB)
	44956  -  ResidentSetSize of job (KB)
...
006 (15005634.000.000) 08/01 18:37:43 Image size of job updated: 4850892
	440  -  MemoryUsage of job (MB)
	449676  -  ResidentSetSize of job (KB)
...
006 (15005634.000.000) 08/01 18:42:44 Image size of job updated: 4852500
	585  -  MemoryUsage of job (MB)
	598216  -  ResidentSetSize of job (KB)
...
006 (15005634.000.000) 08/01 18:47:44 Image size of job updated: 4918036
	726  -  MemoryUsage of job (MB)
	742424  -  ResidentSetSize of job (KB)
...
006 (15005634.000.000) 08/01 18:52:44 Image size of job updated: 4985868
	925  -  MemoryUsage of job (MB)
	946476  -  ResidentSetSize of job (KB)
...
006 (15005634.000.000) 08/01 18:57:45 Image size of job updated: 4985872
	1019  -  MemoryUsage of job (MB)
	1043084  -  ResidentSetSize of job (KB)
...
006 (15005634.000.000) 08/01 19:02:46 Image size of job updated: 5051404
	1082  -  MemoryUsage of job (MB)
	1107524  -  ResidentSetSize of job (KB)
...
006 (15005634.000.000) 08/01 19:07:46 Image size of job updated: 5116940
	1147  -  MemoryUsage of job (MB)
	1173636  -  ResidentSetSize of job (KB)
...
006 (15005634.000.000) 08/01 19:12:47 Image size of job updated: 5116940
	1222  -  MemoryUsage of job (MB)
	1250648  -  ResidentSetSize of job (KB)
...
006 (15005634.000.000) 08/01 19:17:48 Image size of job updated: 5248296
	1274  -  MemoryUsage of job (MB)
	1303912  -  ResidentSetSize of job (KB)
...
006 (15005634.000.000) 08/01 19:22:43 Image size of job updated: 5314556
	1274  -  MemoryUsage of job (MB)
	1303912  -  ResidentSetSize of job (KB)
...
005 (15005634.000.000) 08/01 19:22:43 Job terminated.
	(1) Normal termination (return value 0)
		Usr 0 00:54:05, Sys 0 00:01:12  -  Run Remote Usage
		Usr 0 00:00:00, Sys 0 00:00:00  -  Run Local Usage
		Usr 0 00:54:05, Sys 0 00:01:12  -  Total Remote Usage
		Usr 0 00:00:00, Sys 0 00:00:00  -  Total Local Usage
	0  -  Run Bytes Sent By Job
	0  -  Run Bytes Received By Job
	0  -  Total Bytes Sent By Job
	0  -  Total Bytes Received By Job
	Partitionable Resources :    Usage  Request Allocated
	   Cpus                 :                 1         1
	   Disk (KB)            :        1        1   8862904
	   Gpus                 :                           0
	   Memory (MB)          :     1274        1      4028
...
