[SNIPER] Start
Sampler: 4, 32, 0
itlb_cache: 32, 1
itlb_cache_L1: 32, 1
Sampler: 4, 128, 0
dtlb_cache: 128, 4
dtlb_cache_L1: 128, 4
L1-I 2
Sampler: 4, 4, 128
L1-I: 2048, 64
L1-I_L1: 2048, 64
L1-D 3
Sampler: 4, 8, 32
L1-D: 1024, 32
L1-D_L1: 1024, 32
L2 4
Sampler: 122, 16, 16
L2: 32768, 1024
L2_L1: 32768, 1024
Executing Python script /v/filer4b/v20q001/ypei/Desktop/cs395t-lin/output/low_bandwidth/run_all_hybrid_headroom9/omnetpp/20/sim.scripts.py
[STOPBYICOUNT] Starting in ROI (detail)
[STOPBYICOUNT] Then stopping after simulating at least 250000000 instructions in detail
[SNIPER] --------------------------------------------------------------------------------
[SNIPER] Sniper using SIFT/trace-driven frontend
[SNIPER] Running full application in DETAILED mode
[SNIPER] --------------------------------------------------------------------------------
[SNIPER] Enabling performance models
[SNIPER] Setting instrumentation mode to DETAILED
[STOPBYICOUNT] Ending ROI after 250000001 instructions (250000000 requested)
[SNIPER] Disabling performance models
[SNIPER] Leaving ROI after 727.12 seconds
[SNIPER] Simulated 250.0M instructions, 146.4M cycles, 1.71 IPC
[SNIPER] Simulation speed 343.8 KIPS (343.8 KIPS / target core - 2908.5ns/instr)
[SNIPER] Setting instrumentation mode to FAST_FORWARD
[app0] [SIFT_RECORDER] sift_writer.cc:550: Sift::Mode Sift::Writer::Sync(): Assertion `!response->fail()' failed.
[app0] Pin app terminated abnormally due to signal 6.
Hawkeye Victims: 0
LRU Victims: 0
Hawkeye Victims: 0
LRU Victims: 0
Hawkeye Victims: 0
LRU Victims: 0
a test for execution

Inserted: 0
Redundant.progress: 0
Redundant.cache: 0
Redundant.buffer: 0
Hawkeye Victims: 0
LRU Victims: 0
a test for execution

Inserted: 0
Redundant.progress: 0
Redundant.cache: 0
Redundant.buffer: 0
Hawkeye Victims: 0
LRU Victims: 0
 =========================================================== 
Triggers: 2978353
Repeats: 0

Same addr: 2646469 88.8568
New addr: 440 0.0147733

Distribution of new addresses: 
Stream Head: 245 55.6818
Stream Divergence: 210611 47866.1

Invalidation count: 244181 55495.7
No Conflict count: 33972 7720.91
Same Stream count: 0 0
New Stream count: 0 0

Not found: 313587
On Chip Mispredictions: 0
 =========================================================== 
Distribution of predictions: 
Predict Init: 2908507 97.6549
Total Predictions: 2875973
Predict OCI Miss: 21143 0.726937
Predict Stream End: 32534 1.11858
Buffer Success: 0 0
Stride Distribution: 0, 307555, 305118, 246100, 309856, 405528, 218868, 129122, 151478, 216890, 104558, 80822, 65504, 88918, 64400, 96600, 42826, 0, 51704, 0, 55200, 0, 0, 0, 6026, 0, 0, 0, 0, 0, 6394, 0, 4600, 0, 0, 0, 9200, 0, 0, 0, 11086, 0, 0, 0, 0, 0, 0, 0, 0, 0, 0, 0, 0, 0, 0, 0, 0, 0, 0, 0, 0, 0, 0, 0, 0, 0, 33, 0, 0, 0, 0, 0, 40133952, 0, 49, 0, 15, 0, 15, 0, 0, 6644585, 1868787317, 1915577714, 1702195557, 7566451, 113, 0, 5073232, 0, 36807344, 0, 0, 0, 5073232, 0, 37365760, 0, 0, 0, 5073232, 0, 37638080, 0, 0, 0, 5165152, 0, 1336655216, 10957, 0, 10957, 40132256, 0, 49, 0, 6, 0, 6, 0, 0, 0, 1919906931, 29541, 48, 0, 49, 0, 
a test for execution

Inserted: 3267432
Redundant.progress: 5270
Redundant.cache: 3197966
Redundant.buffer: 0
[SNIPER] End
[SNIPER] Elapsed time: 776.75 seconds
