[SNIPER] Start
Sampler: 4, 32, 0
itlb_cache: 32, 1
itlb_cache_L1: 32, 1
Sampler: 4, 128, 0
dtlb_cache: 128, 4
dtlb_cache_L1: 128, 4
L1-I 2
Sampler: 4, 4, 128
L1-I: 2048, 64
L1-I_L1: 2048, 64
L1-D 3
Sampler: 4, 8, 32
L1-D: 1024, 32
L1-D_L1: 1024, 32
L2 4
Sampler: 122, 16, 16
L2: 32768, 1024
L2_L1: 32768, 1024
Executing Python script /v/filer4b/v20q001/ypei/Desktop/cs395t-lin/output/low_bandwidth/run_all_hybrid_headroom9/astar/10/sim.scripts.py
[STOPBYICOUNT] Starting in ROI (detail)
[STOPBYICOUNT] Then stopping after simulating at least 250000000 instructions in detail
[SNIPER] --------------------------------------------------------------------------------
[SNIPER] Sniper using SIFT/trace-driven frontend
[SNIPER] Running full application in DETAILED mode
[SNIPER] --------------------------------------------------------------------------------
[SNIPER] Enabling performance models
[SNIPER] Setting instrumentation mode to DETAILED
[STOPBYICOUNT] Ending ROI after 250000001 instructions (250000000 requested)
[SNIPER] Disabling performance models
[SNIPER] Leaving ROI after 921.65 seconds
[SNIPER] Simulated 250.0M instructions, 307.9M cycles, 0.81 IPC
[SNIPER] Simulation speed 271.2 KIPS (271.2 KIPS / target core - 3686.7ns/instr)
[SNIPER] Setting instrumentation mode to FAST_FORWARD
Hawkeye Victims: 0
LRU Victims: 0
Hawkeye Victims: 0
LRU Victims: 0
Hawkeye Victims: 0
LRU Victims: 0
a test for execution
[app0] [SIFT_RECORDER] sift_writer.cc:550: Sift::Mode Sift::Writer::Sync(): Assertion `!response->fail()' failed.

[app0] Pin app terminated abnormally due to signal 6.
Inserted: 0
Redundant.progress: 0
Redundant.cache: 0
Redundant.buffer: 0
Hawkeye Victims: 0
LRU Victims: 0
a test for execution

Inserted: 0
Redundant.progress: 0
Redundant.cache: 0
Redundant.buffer: 0
Hawkeye Victims: 0
LRU Victims: 0
 =========================================================== 
Triggers: 1174038
Repeats: 0

Same addr: 602931 51.3553
New addr: 846 0.072059

Distribution of new addresses: 
Stream Head: 817 96.5721
Stream Divergence: 34086 4029.08

Invalidation count: 120050 14190.3
No Conflict count: 91518 10817.7
Same Stream count: 0 0
New Stream count: 0 0

Not found: 570184
On Chip Mispredictions: 0
 =========================================================== 
Distribution of predictions: 
Predict Init: 723058 61.5873
Total Predictions: 709334
Predict OCI Miss: 12708 1.75754
Predict Stream End: 13724 1.89805
Buffer Success: 0 0
Stride Distribution: 0, 2023, 0, 20516, 56442, 93472, 118266, 80086, 90160, 77096, 81972, 78108, 63802, 70380, 58604, 50186, 53268, 0, 40986, 0, 31050, 0, 0, 0, 28455, 0, 0, 0, 0, 0, 18860, 0, 27002, 0, 0, 0, 16698, 0, 0, 0, 16606, 0, 0, 0, 0, 0, 0, 0, 0, 0, 0, 0, 0, 0, 0, 0, 0, 0, 0, 0, 0, 0, 0, 0, 0, 0, 33, 0, 0, 0, 0, 0, 47994160, 0, 49, 0, 15, 0, 15, 0, 0, 6644585, 1868787317, 1915577714, 1702195557, 7566451, 113, 0, 5073232, 0, 44667552, 0, 0, 0, 5073232, 0, 45225968, 0, 0, 0, 5073232, 0, 45498288, 0, 0, 0, 5165152, 0, 2609270128, 11017, 0, 11017, 47992464, 0, 49, 0, 6, 0, 6, 0, 0, 0, 1919906931, 29541, 48, 0, 49, 0, 
a test for execution

Inserted: 830382
Redundant.progress: 5
Redundant.cache: 436598
Redundant.buffer: 0
[SNIPER] End
[SNIPER] Elapsed time: 926.41 seconds
