000 (516004.000.000) 05/05 17:13:11 Job submitted from host: <128.83.144.149:44250?addrs=128.83.144.149-44250>
...
001 (516004.000.000) 05/05 17:13:32 Job executing on host: <128.83.120.250:59851?addrs=128.83.120.250-59851>
...
006 (516004.000.000) 05/05 17:13:41 Image size of job updated: 776588
	52  -  MemoryUsage of job (MB)
	52412  -  ResidentSetSize of job (KB)
...
006 (516004.000.000) 05/05 17:14:25 Image size of job updated: 777260
	52  -  MemoryUsage of job (MB)
	52412  -  ResidentSetSize of job (KB)
...
004 (516004.000.000) 05/05 17:14:25 Job was evicted.
	(0) Job was not checkpointed.
		Usr 0 00:00:00, Sys 0 00:00:00  -  Run Remote Usage
		Usr 0 00:00:00, Sys 0 00:00:00  -  Run Local Usage
	0  -  Run Bytes Sent By Job
	0  -  Run Bytes Received By Job
	Partitionable Resources :    Usage  Request Allocated
	   Cpus                 :                 1         1
	   Disk (KB)            :        2        2    815266
	   Gpus                 :                           0
	   Memory (MB)          :       52        1     12899
...
009 (516004.000.000) 05/05 17:14:26 Job was aborted by the user.
	via condor_rm (by user ypei)
...
000 (516229.000.000) 05/05 17:14:54 Job submitted from host: <128.83.144.149:44250?addrs=128.83.144.149-44250>
...
001 (516229.000.000) 05/05 17:15:02 Job executing on host: <128.83.139.15:46714?addrs=128.83.139.15-46714>
...
006 (516229.000.000) 05/05 17:15:10 Image size of job updated: 776748
	52  -  MemoryUsage of job (MB)
	52684  -  ResidentSetSize of job (KB)
...
010 (516229.000.000) 05/05 17:17:18 Job was suspended.
	Number of processes actually suspended: 8
...
006 (516229.000.000) 05/05 17:17:18 Image size of job updated: 946472
	106  -  MemoryUsage of job (MB)
	108192  -  ResidentSetSize of job (KB)
...
006 (516229.000.000) 05/05 17:18:10 Image size of job updated: 946472
	107  -  MemoryUsage of job (MB)
	108776  -  ResidentSetSize of job (KB)
...
004 (516229.000.000) 05/05 17:18:10 Job was evicted.
	(0) Job was not checkpointed.
		Usr 0 00:00:18, Sys 0 00:00:01  -  Run Remote Usage
		Usr 0 00:00:00, Sys 0 00:00:00  -  Run Local Usage
	0  -  Run Bytes Sent By Job
	0  -  Run Bytes Received By Job
	Partitionable Resources :    Usage  Request Allocated
	   Cpus                 :                 1         1
	   Disk (KB)            :        2        2   1684662
	   Gpus                 :                           0
	   Memory (MB)          :      107        1     12899
...
009 (516229.000.000) 05/05 17:18:11 Job was aborted by the user.
	via condor_rm (by user ypei)
...
000 (516436.000.000) 05/05 17:18:24 Job submitted from host: <128.83.144.149:44250?addrs=128.83.144.149-44250>
...
001 (516436.000.000) 05/05 17:18:32 Job executing on host: <128.83.144.13:57145?addrs=128.83.144.13-57145>
...
006 (516436.000.000) 05/05 17:18:40 Image size of job updated: 776748
	52  -  MemoryUsage of job (MB)
	52668  -  ResidentSetSize of job (KB)
...
006 (516436.000.000) 05/05 17:21:25 Image size of job updated: 1078304
	52  -  MemoryUsage of job (MB)
	52668  -  ResidentSetSize of job (KB)
...
004 (516436.000.000) 05/05 17:21:25 Job was evicted.
	(0) Job was not checkpointed.
		Usr 0 00:01:19, Sys 0 00:00:01  -  Run Remote Usage
		Usr 0 00:00:00, Sys 0 00:00:00  -  Run Local Usage
	0  -  Run Bytes Sent By Job
	0  -  Run Bytes Received By Job
	Partitionable Resources :    Usage  Request Allocated
	   Cpus                 :                 1         1
	   Disk (KB)            :        2        2    824403
	   Gpus                 :                           0
	   Memory (MB)          :       52        1     12899
...
009 (516436.000.000) 05/05 17:21:25 Job was aborted by the user.
	via condor_rm (by user ypei)
...
000 (517057.000.000) 05/05 17:21:49 Job submitted from host: <128.83.144.149:44250?addrs=128.83.144.149-44250>
...
001 (517057.000.000) 05/05 17:21:55 Job executing on host: <128.83.120.229:58979?addrs=128.83.120.229-58979>
...
006 (517057.000.000) 05/05 17:22:03 Image size of job updated: 776748
	56  -  MemoryUsage of job (MB)
	56760  -  ResidentSetSize of job (KB)
...
006 (517057.000.000) 05/05 17:27:03 Image size of job updated: 1078304
	237  -  MemoryUsage of job (MB)
	241692  -  ResidentSetSize of job (KB)
...
006 (517057.000.000) 05/05 17:32:04 Image size of job updated: 1078848
	237  -  MemoryUsage of job (MB)
	242240  -  ResidentSetSize of job (KB)
...
006 (517057.000.000) 05/05 17:37:05 Image size of job updated: 1078888
	237  -  MemoryUsage of job (MB)
	242512  -  ResidentSetSize of job (KB)
...
006 (517057.000.000) 05/05 17:41:27 Image size of job updated: 1078908
	237  -  MemoryUsage of job (MB)
	242512  -  ResidentSetSize of job (KB)
...
005 (517057.000.000) 05/05 17:41:27 Job terminated.
	(1) Normal termination (return value 0)
		Usr 0 00:18:05, Sys 0 00:00:14  -  Run Remote Usage
		Usr 0 00:00:00, Sys 0 00:00:00  -  Run Local Usage
		Usr 0 00:18:05, Sys 0 00:00:14  -  Total Remote Usage
		Usr 0 00:00:00, Sys 0 00:00:00  -  Total Local Usage
	0  -  Run Bytes Sent By Job
	0  -  Run Bytes Received By Job
	0  -  Total Bytes Sent By Job
	0  -  Total Bytes Received By Job
	Partitionable Resources :    Usage  Request Allocated
	   Cpus                 :                 1         1
	   Disk (KB)            :        2        2    828961
	   Gpus                 :                           0
	   Memory (MB)          :      237        1     12899
...
000 (382488.000.000) 05/07 03:39:55 Job submitted from host: <128.83.144.155:57685?addrs=128.83.144.155-57685>
...
001 (382488.000.000) 05/07 04:13:33 Job executing on host: <128.83.144.112:35333?addrs=128.83.144.112-35333>
...
006 (382488.000.000) 05/07 04:13:42 Image size of job updated: 2
	2  -  MemoryUsage of job (MB)
	1684  -  ResidentSetSize of job (KB)
...
006 (382488.000.000) 05/07 04:18:43 Image size of job updated: 1078744
	239  -  MemoryUsage of job (MB)
	243812  -  ResidentSetSize of job (KB)
...
006 (382488.000.000) 05/07 04:23:43 Image size of job updated: 1078768
	239  -  MemoryUsage of job (MB)
	244024  -  ResidentSetSize of job (KB)
...
006 (382488.000.000) 05/07 04:28:44 Image size of job updated: 1079068
	239  -  MemoryUsage of job (MB)
	244160  -  ResidentSetSize of job (KB)
...
006 (382488.000.000) 05/07 04:31:39 Image size of job updated: 1079076
	239  -  MemoryUsage of job (MB)
	244160  -  ResidentSetSize of job (KB)
...
005 (382488.000.000) 05/07 04:31:39 Job terminated.
	(1) Normal termination (return value 0)
		Usr 0 00:17:17, Sys 0 00:00:22  -  Run Remote Usage
		Usr 0 00:00:00, Sys 0 00:00:00  -  Run Local Usage
		Usr 0 00:17:17, Sys 0 00:00:22  -  Total Remote Usage
		Usr 0 00:00:00, Sys 0 00:00:00  -  Total Local Usage
	0  -  Run Bytes Sent By Job
	0  -  Run Bytes Received By Job
	0  -  Total Bytes Sent By Job
	0  -  Total Bytes Received By Job
	Partitionable Resources :    Usage  Request Allocated
	   Cpus                 :                 1         1
	   Disk (KB)            :        2        2    803075
	   Gpus                 :                           0
	   Memory (MB)          :      239        1     12899
...
000 (518506.000.000) 05/07 13:18:19 Job submitted from host: <128.83.144.149:44250?addrs=128.83.144.149-44250>
...
001 (518506.000.000) 05/07 13:18:55 Job executing on host: <128.83.120.230:37764?addrs=128.83.120.230-37764>
...
006 (518506.000.000) 05/07 13:19:04 Image size of job updated: 776876
	56  -  MemoryUsage of job (MB)
	56768  -  ResidentSetSize of job (KB)
...
006 (518506.000.000) 05/07 13:23:38 Image size of job updated: 1078704
	56  -  MemoryUsage of job (MB)
	56768  -  ResidentSetSize of job (KB)
...
004 (518506.000.000) 05/07 13:23:38 Job was evicted.
	(0) Job was not checkpointed.
		Usr 0 00:03:18, Sys 0 00:00:05  -  Run Remote Usage
		Usr 0 00:00:00, Sys 0 00:00:00  -  Run Local Usage
	0  -  Run Bytes Sent By Job
	0  -  Run Bytes Received By Job
	Partitionable Resources :    Usage  Request Allocated
	   Cpus                 :                 1         1
	   Disk (KB)            :        2        2    792415
	   Gpus                 :                           0
	   Memory (MB)          :       56        1     12899
...
009 (518506.000.000) 05/07 13:23:39 Job was aborted by the user.
	via condor_rm (by user ypei)
...
000 (518713.000.000) 05/07 13:23:50 Job submitted from host: <128.83.144.149:44250?addrs=128.83.144.149-44250>
...
001 (518713.000.000) 05/07 13:23:56 Job executing on host: <128.83.130.161:35317?addrs=128.83.130.161-35317>
...
006 (518713.000.000) 05/07 13:24:04 Image size of job updated: 777396
	54  -  MemoryUsage of job (MB)
	55280  -  ResidentSetSize of job (KB)
...
006 (518713.000.000) 05/07 13:29:04 Image size of job updated: 1078988
	237  -  MemoryUsage of job (MB)
	242180  -  ResidentSetSize of job (KB)
...
006 (518713.000.000) 05/07 13:34:05 Image size of job updated: 1079024
	237  -  MemoryUsage of job (MB)
	242332  -  ResidentSetSize of job (KB)
...
006 (518713.000.000) 05/07 13:38:46 Image size of job updated: 1079052
	237  -  MemoryUsage of job (MB)
	242332  -  ResidentSetSize of job (KB)
...
005 (518713.000.000) 05/07 13:38:46 Job terminated.
	(1) Normal termination (return value 0)
		Usr 0 00:13:41, Sys 0 00:00:07  -  Run Remote Usage
		Usr 0 00:00:00, Sys 0 00:00:00  -  Run Local Usage
		Usr 0 00:13:41, Sys 0 00:00:07  -  Total Remote Usage
		Usr 0 00:00:00, Sys 0 00:00:00  -  Total Local Usage
	0  -  Run Bytes Sent By Job
	0  -  Run Bytes Received By Job
	0  -  Total Bytes Sent By Job
	0  -  Total Bytes Received By Job
	Partitionable Resources :    Usage  Request Allocated
	   Cpus                 :                 1         1
	   Disk (KB)            :        2        2   1865789
	   Gpus                 :                           0
	   Memory (MB)          :      237        1     21164
...
000 (519127.000.000) 05/07 14:36:29 Job submitted from host: <128.83.144.149:44250?addrs=128.83.144.149-44250>
...
001 (519127.000.000) 05/07 14:36:39 Job executing on host: <128.83.139.15:46714?addrs=128.83.139.15-46714>
...
006 (519127.000.000) 05/07 14:36:48 Image size of job updated: 776880
	54  -  MemoryUsage of job (MB)
	54712  -  ResidentSetSize of job (KB)
...
006 (519127.000.000) 05/07 14:41:49 Image size of job updated: 1078708
	236  -  MemoryUsage of job (MB)
	241644  -  ResidentSetSize of job (KB)
...
006 (519127.000.000) 05/07 14:46:50 Image size of job updated: 1078764
	237  -  MemoryUsage of job (MB)
	241844  -  ResidentSetSize of job (KB)
...
006 (519127.000.000) 05/07 14:51:50 Image size of job updated: 1078808
	237  -  MemoryUsage of job (MB)
	241988  -  ResidentSetSize of job (KB)
...
006 (519127.000.000) 05/07 14:55:59 Image size of job updated: 1078824
	237  -  MemoryUsage of job (MB)
	241988  -  ResidentSetSize of job (KB)
...
005 (519127.000.000) 05/07 14:55:59 Job terminated.
	(1) Normal termination (return value 0)
		Usr 0 00:17:37, Sys 0 00:00:30  -  Run Remote Usage
		Usr 0 00:00:00, Sys 0 00:00:00  -  Run Local Usage
		Usr 0 00:17:37, Sys 0 00:00:30  -  Total Remote Usage
		Usr 0 00:00:00, Sys 0 00:00:00  -  Total Local Usage
	0  -  Run Bytes Sent By Job
	0  -  Run Bytes Received By Job
	0  -  Total Bytes Sent By Job
	0  -  Total Bytes Received By Job
	Partitionable Resources :    Usage  Request Allocated
	   Cpus                 :                 1         1
	   Disk (KB)            :        2        2   1658759
	   Gpus                 :                           0
	   Memory (MB)          :      237        1     12899
...
000 (382902.000.000) 05/07 20:17:00 Job submitted from host: <128.83.144.155:57685?addrs=128.83.144.155-57685>
...
001 (382902.000.000) 05/07 20:44:52 Job executing on host: <128.83.144.147:58788?addrs=128.83.144.147-58788>
...
006 (382902.000.000) 05/07 20:45:00 Image size of job updated: 2
	2  -  MemoryUsage of job (MB)
	1640  -  ResidentSetSize of job (KB)
...
006 (382902.000.000) 05/07 20:50:00 Image size of job updated: 1078996
	237  -  MemoryUsage of job (MB)
	242524  -  ResidentSetSize of job (KB)
...
006 (382902.000.000) 05/07 20:55:01 Image size of job updated: 1079012
	237  -  MemoryUsage of job (MB)
	242636  -  ResidentSetSize of job (KB)
...
006 (382902.000.000) 05/07 21:00:02 Image size of job updated: 1079060
	238  -  MemoryUsage of job (MB)
	243008  -  ResidentSetSize of job (KB)
...
006 (382902.000.000) 05/07 21:00:05 Image size of job updated: 1079068
	238  -  MemoryUsage of job (MB)
	243008  -  ResidentSetSize of job (KB)
...
005 (382902.000.000) 05/07 21:00:05 Job terminated.
	(1) Normal termination (return value 0)
		Usr 0 00:14:59, Sys 0 00:00:08  -  Run Remote Usage
		Usr 0 00:00:00, Sys 0 00:00:00  -  Run Local Usage
		Usr 0 00:14:59, Sys 0 00:00:08  -  Total Remote Usage
		Usr 0 00:00:00, Sys 0 00:00:00  -  Total Local Usage
	0  -  Run Bytes Sent By Job
	0  -  Run Bytes Received By Job
	0  -  Total Bytes Sent By Job
	0  -  Total Bytes Received By Job
	Partitionable Resources :    Usage  Request Allocated
	   Cpus                 :                 1         1
	   Disk (KB)            :        2        2   1911588
	   Gpus                 :                           0
	   Memory (MB)          :      238        1     21164
...
000 (384144.000.000) 05/08 05:53:02 Job submitted from host: <128.83.144.155:57685?addrs=128.83.144.155-57685>
...
001 (384144.000.000) 05/08 06:20:44 Job executing on host: <128.83.144.166:36346?addrs=128.83.144.166-36346>
...
006 (384144.000.000) 05/08 06:20:53 Image size of job updated: 778412
	55  -  MemoryUsage of job (MB)
	56320  -  ResidentSetSize of job (KB)
...
006 (384144.000.000) 05/08 06:25:54 Image size of job updated: 1078744
	236  -  MemoryUsage of job (MB)
	241660  -  ResidentSetSize of job (KB)
...
006 (384144.000.000) 05/08 06:30:55 Image size of job updated: 1078776
	237  -  MemoryUsage of job (MB)
	241752  -  ResidentSetSize of job (KB)
...
006 (384144.000.000) 05/08 06:35:55 Image size of job updated: 1078812
	237  -  MemoryUsage of job (MB)
	241872  -  ResidentSetSize of job (KB)
...
006 (384144.000.000) 05/08 06:37:56 Image size of job updated: 1078820
	237  -  MemoryUsage of job (MB)
	241872  -  ResidentSetSize of job (KB)
...
005 (384144.000.000) 05/08 06:37:56 Job terminated.
	(1) Normal termination (return value 0)
		Usr 0 00:16:31, Sys 0 00:00:24  -  Run Remote Usage
		Usr 0 00:00:00, Sys 0 00:00:00  -  Run Local Usage
		Usr 0 00:16:31, Sys 0 00:00:24  -  Total Remote Usage
		Usr 0 00:00:00, Sys 0 00:00:00  -  Total Local Usage
	0  -  Run Bytes Sent By Job
	0  -  Run Bytes Received By Job
	0  -  Total Bytes Sent By Job
	0  -  Total Bytes Received By Job
	Partitionable Resources :    Usage  Request Allocated
	   Cpus                 :                 1         1
	   Disk (KB)            :        2        2   8804934
	   Gpus                 :                           0
	   Memory (MB)          :      237        1      4028
...
000 (417537.000.000) 05/09 03:37:27 Job submitted from host: <128.83.144.154:52346?addrs=128.83.144.154-52346>
...
001 (417537.000.000) 05/09 04:01:29 Job executing on host: <128.83.144.55:40067?addrs=128.83.144.55-40067>
...
006 (417537.000.000) 05/09 04:01:38 Image size of job updated: 782540
	62  -  MemoryUsage of job (MB)
	62600  -  ResidentSetSize of job (KB)
...
006 (417537.000.000) 05/09 04:06:39 Image size of job updated: 1078988
	243  -  MemoryUsage of job (MB)
	248120  -  ResidentSetSize of job (KB)
...
006 (417537.000.000) 05/09 04:11:39 Image size of job updated: 1079012
	243  -  MemoryUsage of job (MB)
	248244  -  ResidentSetSize of job (KB)
...
006 (417537.000.000) 05/09 04:16:40 Image size of job updated: 1079060
	243  -  MemoryUsage of job (MB)
	248600  -  ResidentSetSize of job (KB)
...
005 (417537.000.000) 05/09 04:16:43 Job terminated.
	(1) Normal termination (return value 0)
		Usr 0 00:14:44, Sys 0 00:00:10  -  Run Remote Usage
		Usr 0 00:00:00, Sys 0 00:00:00  -  Run Local Usage
		Usr 0 00:14:44, Sys 0 00:00:10  -  Total Remote Usage
		Usr 0 00:00:00, Sys 0 00:00:00  -  Total Local Usage
	0  -  Run Bytes Sent By Job
	0  -  Run Bytes Received By Job
	0  -  Total Bytes Sent By Job
	0  -  Total Bytes Received By Job
	Partitionable Resources :    Usage  Request Allocated
	   Cpus                 :                 1         1
	   Disk (KB)            :        2        2   7539970
	   Gpus                 :                           0
	   Memory (MB)          :      243        1      4027
...
