000 (515973.000.000) 05/05 17:13:09 Job submitted from host: <128.83.144.149:44250?addrs=128.83.144.149-44250>
...
001 (515973.000.000) 05/05 17:13:30 Job executing on host: <128.83.120.128:51378?addrs=128.83.120.128-51378>
...
006 (515973.000.000) 05/05 17:13:38 Image size of job updated: 935872
	56  -  MemoryUsage of job (MB)
	56748  -  ResidentSetSize of job (KB)
...
006 (515973.000.000) 05/05 17:14:29 Image size of job updated: 937404
	56  -  MemoryUsage of job (MB)
	56748  -  ResidentSetSize of job (KB)
...
004 (515973.000.000) 05/05 17:14:29 Job was evicted.
	(0) Job was not checkpointed.
		Usr 0 00:00:00, Sys 0 00:00:00  -  Run Remote Usage
		Usr 0 00:00:00, Sys 0 00:00:00  -  Run Local Usage
	0  -  Run Bytes Sent By Job
	0  -  Run Bytes Received By Job
	Partitionable Resources :    Usage  Request Allocated
	   Cpus                 :                 1         1
	   Disk (KB)            :        1        1    812221
	   Gpus                 :                           0
	   Memory (MB)          :       56        1     12899
...
009 (515973.000.000) 05/05 17:14:30 Job was aborted by the user.
	via condor_rm (by user ypei)
...
000 (516198.000.000) 05/05 17:14:51 Job submitted from host: <128.83.144.149:44250?addrs=128.83.144.149-44250>
...
001 (516198.000.000) 05/05 17:15:00 Job executing on host: <128.83.120.229:58979?addrs=128.83.120.229-58979>
...
006 (516198.000.000) 05/05 17:15:09 Image size of job updated: 1
	2  -  MemoryUsage of job (MB)
	1680  -  ResidentSetSize of job (KB)
...
006 (516198.000.000) 05/05 17:18:07 Image size of job updated: 1107152
	2  -  MemoryUsage of job (MB)
	1680  -  ResidentSetSize of job (KB)
...
004 (516198.000.000) 05/05 17:18:07 Job was evicted.
	(0) Job was not checkpointed.
		Usr 0 00:00:52, Sys 0 00:00:01  -  Run Remote Usage
		Usr 0 00:00:00, Sys 0 00:00:00  -  Run Local Usage
	0  -  Run Bytes Sent By Job
	0  -  Run Bytes Received By Job
	Partitionable Resources :    Usage  Request Allocated
	   Cpus                 :                 1         1
	   Disk (KB)            :        1        1    828970
	   Gpus                 :                           0
	   Memory (MB)          :        2        1     12899
...
009 (516198.000.000) 05/05 17:18:08 Job was aborted by the user.
	via condor_rm (by user ypei)
...
000 (516405.000.000) 05/05 17:18:22 Job submitted from host: <128.83.144.149:44250?addrs=128.83.144.149-44250>
...
001 (516405.000.000) 05/05 17:18:30 Job executing on host: <128.83.120.229:58979?addrs=128.83.120.229-58979>
...
006 (516405.000.000) 05/05 17:18:39 Image size of job updated: 935872
	54  -  MemoryUsage of job (MB)
	54712  -  ResidentSetSize of job (KB)
...
006 (516405.000.000) 05/05 17:21:22 Image size of job updated: 1107152
	54  -  MemoryUsage of job (MB)
	54712  -  ResidentSetSize of job (KB)
...
004 (516405.000.000) 05/05 17:21:22 Job was evicted.
	(0) Job was not checkpointed.
		Usr 0 00:01:24, Sys 0 00:00:01  -  Run Remote Usage
		Usr 0 00:00:00, Sys 0 00:00:00  -  Run Local Usage
	0  -  Run Bytes Sent By Job
	0  -  Run Bytes Received By Job
	Partitionable Resources :    Usage  Request Allocated
	   Cpus                 :                 1         1
	   Disk (KB)            :        1        1    828960
	   Gpus                 :                           0
	   Memory (MB)          :       54        1     12899
...
009 (516405.000.000) 05/05 17:21:23 Job was aborted by the user.
	via condor_rm (by user ypei)
...
000 (517026.000.000) 05/05 17:21:43 Job submitted from host: <128.83.144.149:44250?addrs=128.83.144.149-44250>
...
001 (517026.000.000) 05/05 17:21:53 Job executing on host: <128.83.120.250:59851?addrs=128.83.120.250-59851>
...
006 (517026.000.000) 05/05 17:22:01 Image size of job updated: 935872
	56  -  MemoryUsage of job (MB)
	56768  -  ResidentSetSize of job (KB)
...
006 (517026.000.000) 05/05 17:27:01 Image size of job updated: 1107152
	88  -  MemoryUsage of job (MB)
	89968  -  ResidentSetSize of job (KB)
...
006 (517026.000.000) 05/05 17:32:02 Image size of job updated: 1107152
	91  -  MemoryUsage of job (MB)
	92688  -  ResidentSetSize of job (KB)
...
006 (517026.000.000) 05/05 17:37:03 Image size of job updated: 1108008
	122  -  MemoryUsage of job (MB)
	123956  -  ResidentSetSize of job (KB)
...
006 (517026.000.000) 05/05 17:42:03 Image size of job updated: 1174308
	349  -  MemoryUsage of job (MB)
	356556  -  ResidentSetSize of job (KB)
...
006 (517026.000.000) 05/05 17:47:03 Image size of job updated: 1174312
	361  -  MemoryUsage of job (MB)
	369060  -  ResidentSetSize of job (KB)
...
005 (517026.000.000) 05/05 17:48:15 Job terminated.
	(1) Normal termination (return value 0)
		Usr 0 00:24:30, Sys 0 00:00:23  -  Run Remote Usage
		Usr 0 00:00:00, Sys 0 00:00:00  -  Run Local Usage
		Usr 0 00:24:30, Sys 0 00:00:23  -  Total Remote Usage
		Usr 0 00:00:00, Sys 0 00:00:00  -  Total Local Usage
	0  -  Run Bytes Sent By Job
	0  -  Run Bytes Received By Job
	0  -  Total Bytes Sent By Job
	0  -  Total Bytes Received By Job
	Partitionable Resources :    Usage  Request Allocated
	   Cpus                 :                 1         1
	   Disk (KB)            :        1        1    815261
	   Gpus                 :                           0
	   Memory (MB)          :      361        1     12899
...
000 (518061.000.000) 05/06 21:33:03 Job submitted from host: <128.83.144.149:44250?addrs=128.83.144.149-44250>
...
001 (518061.000.000) 05/06 21:33:14 Job executing on host: <128.83.144.112:35333?addrs=128.83.144.112-35333>
...
006 (518061.000.000) 05/06 21:33:22 Image size of job updated: 936008
	54  -  MemoryUsage of job (MB)
	54652  -  ResidentSetSize of job (KB)
...
006 (518061.000.000) 05/06 21:33:43 Image size of job updated: 936520
	54  -  MemoryUsage of job (MB)
	54652  -  ResidentSetSize of job (KB)
...
004 (518061.000.000) 05/06 21:33:43 Job was evicted.
	(0) Job was not checkpointed.
		Usr 0 00:00:00, Sys 0 00:00:00  -  Run Remote Usage
		Usr 0 00:00:00, Sys 0 00:00:00  -  Run Local Usage
	0  -  Run Bytes Sent By Job
	0  -  Run Bytes Received By Job
	Partitionable Resources :    Usage  Request Allocated
	   Cpus                 :                 1         1
	   Disk (KB)            :        1        1    803081
	   Gpus                 :                           0
	   Memory (MB)          :       54        1     12899
...
009 (518061.000.000) 05/06 21:33:44 Job was aborted by the user.
	via condor_rm (by user ypei)
...
000 (518268.000.000) 05/06 21:34:10 Job submitted from host: <128.83.144.149:44250?addrs=128.83.144.149-44250>
...
001 (518268.000.000) 05/06 21:34:21 Job executing on host: <128.83.139.9:47643?addrs=128.83.139.9-47643>
...
006 (518268.000.000) 05/06 21:34:30 Image size of job updated: 372892
	29  -  MemoryUsage of job (MB)
	28772  -  ResidentSetSize of job (KB)
...
006 (518268.000.000) 05/06 21:39:31 Image size of job updated: 1107260
	88  -  MemoryUsage of job (MB)
	89676  -  ResidentSetSize of job (KB)
...
006 (518268.000.000) 05/06 21:44:32 Image size of job updated: 1107260
	91  -  MemoryUsage of job (MB)
	92440  -  ResidentSetSize of job (KB)
...
006 (518268.000.000) 05/06 21:49:32 Image size of job updated: 1107260
	104  -  MemoryUsage of job (MB)
	106212  -  ResidentSetSize of job (KB)
...
006 (518268.000.000) 05/06 21:54:32 Image size of job updated: 1174408
	325  -  MemoryUsage of job (MB)
	332056  -  ResidentSetSize of job (KB)
...
006 (518268.000.000) 05/06 21:59:33 Image size of job updated: 1174416
	352  -  MemoryUsage of job (MB)
	360140  -  ResidentSetSize of job (KB)
...
005 (518268.000.000) 05/06 22:03:54 Job terminated.
	(1) Normal termination (return value 0)
		Usr 0 00:27:48, Sys 0 00:00:25  -  Run Remote Usage
		Usr 0 00:00:00, Sys 0 00:00:00  -  Run Local Usage
		Usr 0 00:27:48, Sys 0 00:00:25  -  Total Remote Usage
		Usr 0 00:00:00, Sys 0 00:00:00  -  Total Local Usage
	0  -  Run Bytes Sent By Job
	0  -  Run Bytes Received By Job
	0  -  Total Bytes Sent By Job
	0  -  Total Bytes Received By Job
	Partitionable Resources :    Usage  Request Allocated
	   Cpus                 :                 1         1
	   Disk (KB)            :        1        1   1678557
	   Gpus                 :                           0
	   Memory (MB)          :      352        1     12899
...
000 (381836.000.000) 05/07 00:29:02 Job submitted from host: <128.83.144.155:57685?addrs=128.83.144.155-57685>
...
001 (381836.000.000) 05/07 00:29:18 Job executing on host: <128.83.139.15:46714?addrs=128.83.139.15-46714>
...
006 (381836.000.000) 05/07 00:29:27 Image size of job updated: 936388
	56  -  MemoryUsage of job (MB)
	57304  -  ResidentSetSize of job (KB)
...
006 (381836.000.000) 05/07 00:34:28 Image size of job updated: 1107128
	90  -  MemoryUsage of job (MB)
	91432  -  ResidentSetSize of job (KB)
...
006 (381836.000.000) 05/07 00:39:28 Image size of job updated: 1107128
	103  -  MemoryUsage of job (MB)
	105212  -  ResidentSetSize of job (KB)
...
006 (381836.000.000) 05/07 00:44:29 Image size of job updated: 1174276
	329  -  MemoryUsage of job (MB)
	336864  -  ResidentSetSize of job (KB)
...
006 (381836.000.000) 05/07 00:49:30 Image size of job updated: 1174284
	366  -  MemoryUsage of job (MB)
	374200  -  ResidentSetSize of job (KB)
...
005 (381836.000.000) 05/07 00:50:22 Job terminated.
	(1) Normal termination (return value 0)
		Usr 0 00:19:23, Sys 0 00:00:21  -  Run Remote Usage
		Usr 0 00:00:00, Sys 0 00:00:00  -  Run Local Usage
		Usr 0 00:19:23, Sys 0 00:00:21  -  Total Remote Usage
		Usr 0 00:00:00, Sys 0 00:00:00  -  Total Local Usage
	0  -  Run Bytes Sent By Job
	0  -  Run Bytes Received By Job
	0  -  Total Bytes Sent By Job
	0  -  Total Bytes Received By Job
	Partitionable Resources :    Usage  Request Allocated
	   Cpus                 :                 1         1
	   Disk (KB)            :        1        1   1672476
	   Gpus                 :                           0
	   Memory (MB)          :      366        1     12899
...
