[SNIPER] Start
Sampler: 4, 32, 0
itlb_cache: 32, 1
itlb_cache_L1: 32, 1
Sampler: 4, 128, 0
dtlb_cache: 128, 4
dtlb_cache_L1: 128, 4
L1-I 2
Sampler: 4, 4, 128
L1-I: 2048, 64
L1-I_L1: 2048, 64
L1-D 3
Sampler: 4, 8, 32
L1-D: 1024, 32
L1-D_L1: 1024, 32
L2 4
Sampler: 122, 16, 16
L2: 32768, 1024
L2_L1: 32768, 1024
Executing Python script /v/filer4b/v20q001/ypei/Desktop/cs395t-lin/output/run_all_hybrid_headroom2/omnetpp/14/sim.scripts.py
[STOPBYICOUNT] Starting in ROI (detail)
[STOPBYICOUNT] Then stopping after simulating at least 250000000 instructions in detail
[SNIPER] --------------------------------------------------------------------------------
[SNIPER] Sniper using SIFT/trace-driven frontend
[SNIPER] Running full application in DETAILED mode
[SNIPER] --------------------------------------------------------------------------------
[SNIPER] Enabling performance models
[SNIPER] Setting instrumentation mode to DETAILED
[STOPBYICOUNT] Ending ROI after 250000004 instructions (250000000 requested)
[SNIPER] Disabling performance models
[SNIPER] Leaving ROI after 1835.68 seconds
[SNIPER] Simulated 250.0M instructions, 397.5M cycles, 0.63 IPC
[SNIPER] Simulation speed 136.2 KIPS (136.2 KIPS / target core - 7342.6ns/instr)
[SNIPER] Setting instrumentation mode to FAST_FORWARD
[app0] [SIFT_RECORDER] sift_writer.cc:550: Sift::Mode Sift::Writer::Sync(): Assertion `!response->fail()' failed.
Hawkeye Victims: 0
LRU Victims: 0
Hawkeye Victims: 0
LRU Victims: 0
Hawkeye Victims: 0
LRU Victims: 0
a test for execution

Inserted: 0
Redundant.progress: 0
Redundant.cache: 0
Redundant.buffer: 0
Hawkeye Victims: 0
LRU Victims: 0
a test for execution

Inserted: 0
Redundant.progress: 0
Redundant.cache: 0
Redundant.buffer: 0
Hawkeye Victims: 0
LRU Victims: 0
 =========================================================== 
Triggers: 5254255
Repeats: 0

Same addr: 3577556 68.0887
New addr: 1421 0.0270447

Distribution of new addresses: 
Stream Head: 1112 78.2548
Stream Divergence: 661731 46568

Invalidation count: 1215182 85516
No Conflict count: 560562 39448.4
Same Stream count: 0 0
New Stream count: 0 0

Not found: 1656763
On Chip Mispredictions: 0
 =========================================================== 
Distribution of predictions: 
Predict Init: 4811253 91.5687
Total Predictions: 4748714
Predict OCI Miss: 51017 1.06037
Predict Stream End: 62539 1.29985
Buffer Success: 0 0
[app0] Pin app terminated abnormally due to signal 6.
Stride Distribution: 0, 528999, 299000, 322000, 115000, 119094, 23000, 32200, 391000, 128800, 289800, 132110, 110400, 354200, 101200, 119600, 64400, 0, 9200, 0, 36800, 0, 0, 0, 0, 0, 0, 0, 0, 0, 266800, 0, 322000, 0, 0, 0, 486496, 0, 0, 0, 873356, 0, 0, 0, 0, 0, 0, 0, 0, 0, 0, 0, 0, 0, 0, 0, 0, 0, 0, 0, 0, 0, 0, 0, 0, 0, 33, 0, 0, 0, 0, 0, 26399904, 0, 49, 0, 15, 0, 15, 0, 0, 6644585, 1868787317, 1915577714, 1702195557, 7566451, 113, 0, 5073232, 0, 23073264, 0, 0, 0, 5073232, 0, 23631680, 0, 0, 0, 5073232, 0, 23904032, 0, 0, 0, 5165152, 0, 3283271024, 11166, 0, 11166, 26398208, 0, 49, 0, 6, 0, 6, 0, 0, 0, 1919906931, 29541, 48, 0, 49, 0, 
a test for execution

Inserted: 6018423
Redundant.progress: 69783
Redundant.cache: 2353143
Redundant.buffer: 0
[SNIPER] End
[SNIPER] Elapsed time: 1901.77 seconds
