000 (515978.000.000) 05/05 17:13:09 Job submitted from host: <128.83.144.149:44250?addrs=128.83.144.149-44250>
...
001 (515978.000.000) 05/05 17:13:31 Job executing on host: <128.83.120.128:51378?addrs=128.83.120.128-51378>
...
006 (515978.000.000) 05/05 17:13:39 Image size of job updated: 942800
	56  -  MemoryUsage of job (MB)
	56524  -  ResidentSetSize of job (KB)
...
006 (515978.000.000) 05/05 17:14:25 Image size of job updated: 943472
	56  -  MemoryUsage of job (MB)
	56524  -  ResidentSetSize of job (KB)
...
004 (515978.000.000) 05/05 17:14:25 Job was evicted.
	(0) Job was not checkpointed.
		Usr 0 00:00:00, Sys 0 00:00:00  -  Run Remote Usage
		Usr 0 00:00:00, Sys 0 00:00:00  -  Run Local Usage
	0  -  Run Bytes Sent By Job
	0  -  Run Bytes Received By Job
	Partitionable Resources :    Usage  Request Allocated
	   Cpus                 :                 1         1
	   Disk (KB)            :        1        1    812221
	   Gpus                 :                           0
	   Memory (MB)          :       56        1     12899
...
009 (515978.000.000) 05/05 17:14:26 Job was aborted by the user.
	via condor_rm (by user ypei)
...
000 (516203.000.000) 05/05 17:14:51 Job submitted from host: <128.83.144.149:44250?addrs=128.83.144.149-44250>
...
001 (516203.000.000) 05/05 17:15:00 Job executing on host: <128.83.144.13:57145?addrs=128.83.144.13-57145>
...
006 (516203.000.000) 05/05 17:15:09 Image size of job updated: 942960
	56  -  MemoryUsage of job (MB)
	56780  -  ResidentSetSize of job (KB)
...
006 (516203.000.000) 05/05 17:18:09 Image size of job updated: 1117728
	56  -  MemoryUsage of job (MB)
	56780  -  ResidentSetSize of job (KB)
...
004 (516203.000.000) 05/05 17:18:09 Job was evicted.
	(0) Job was not checkpointed.
		Usr 0 00:00:54, Sys 0 00:00:02  -  Run Remote Usage
		Usr 0 00:00:00, Sys 0 00:00:00  -  Run Local Usage
	0  -  Run Bytes Sent By Job
	0  -  Run Bytes Received By Job
	Partitionable Resources :    Usage  Request Allocated
	   Cpus                 :                 1         1
	   Disk (KB)            :        1        1    824391
	   Gpus                 :                           0
	   Memory (MB)          :       56        1     12899
...
009 (516203.000.000) 05/05 17:18:10 Job was aborted by the user.
	via condor_rm (by user ypei)
...
000 (516410.000.000) 05/05 17:18:22 Job submitted from host: <128.83.144.149:44250?addrs=128.83.144.149-44250>
...
001 (516410.000.000) 05/05 17:18:31 Job executing on host: <128.83.120.229:58979?addrs=128.83.120.229-58979>
...
006 (516410.000.000) 05/05 17:18:39 Image size of job updated: 372756
	28  -  MemoryUsage of job (MB)
	28632  -  ResidentSetSize of job (KB)
...
010 (516410.000.000) 05/05 17:20:42 Job was suspended.
	Number of processes actually suspended: 8
...
006 (516410.000.000) 05/05 17:20:42 Image size of job updated: 1117708
	145  -  MemoryUsage of job (MB)
	147812  -  ResidentSetSize of job (KB)
...
011 (516410.000.000) 05/05 17:20:56 Job was unsuspended.
...
006 (516410.000.000) 05/05 17:21:19 Image size of job updated: 1117728
	145  -  MemoryUsage of job (MB)
	147812  -  ResidentSetSize of job (KB)
...
004 (516410.000.000) 05/05 17:21:19 Job was evicted.
	(0) Job was not checkpointed.
		Usr 0 00:01:05, Sys 0 00:00:02  -  Run Remote Usage
		Usr 0 00:00:00, Sys 0 00:00:00  -  Run Local Usage
	0  -  Run Bytes Sent By Job
	0  -  Run Bytes Received By Job
	Partitionable Resources :    Usage  Request Allocated
	   Cpus                 :                 1         1
	   Disk (KB)            :        1        1    828960
	   Gpus                 :                           0
	   Memory (MB)          :      145        1     12899
...
009 (516410.000.000) 05/05 17:21:20 Job was aborted by the user.
	via condor_rm (by user ypei)
...
000 (517031.000.000) 05/05 17:21:44 Job submitted from host: <128.83.144.149:44250?addrs=128.83.144.149-44250>
...
001 (517031.000.000) 05/05 17:21:53 Job executing on host: <128.83.120.250:59851?addrs=128.83.120.250-59851>
...
006 (517031.000.000) 05/05 17:22:02 Image size of job updated: 942960
	56  -  MemoryUsage of job (MB)
	56756  -  ResidentSetSize of job (KB)
...
006 (517031.000.000) 05/05 17:27:03 Image size of job updated: 1117848
	159  -  MemoryUsage of job (MB)
	162476  -  ResidentSetSize of job (KB)
...
006 (517031.000.000) 05/05 17:32:03 Image size of job updated: 1117872
	171  -  MemoryUsage of job (MB)
	175064  -  ResidentSetSize of job (KB)
...
006 (517031.000.000) 05/05 17:37:03 Image size of job updated: 1117952
	183  -  MemoryUsage of job (MB)
	186480  -  ResidentSetSize of job (KB)
...
006 (517031.000.000) 05/05 17:42:04 Image size of job updated: 1184516
	220  -  MemoryUsage of job (MB)
	224496  -  ResidentSetSize of job (KB)
...
006 (517031.000.000) 05/05 17:47:04 Image size of job updated: 1184776
	248  -  MemoryUsage of job (MB)
	253084  -  ResidentSetSize of job (KB)
...
006 (517031.000.000) 05/05 17:51:30 Image size of job updated: 1184848
	248  -  MemoryUsage of job (MB)
	253084  -  ResidentSetSize of job (KB)
...
005 (517031.000.000) 05/05 17:51:30 Job terminated.
	(1) Normal termination (return value 0)
		Usr 0 00:27:53, Sys 0 00:00:29  -  Run Remote Usage
		Usr 0 00:00:00, Sys 0 00:00:00  -  Run Local Usage
		Usr 0 00:27:53, Sys 0 00:00:29  -  Total Remote Usage
		Usr 0 00:00:00, Sys 0 00:00:00  -  Total Local Usage
	0  -  Run Bytes Sent By Job
	0  -  Run Bytes Received By Job
	0  -  Total Bytes Sent By Job
	0  -  Total Bytes Received By Job
	Partitionable Resources :    Usage  Request Allocated
	   Cpus                 :                 1         1
	   Disk (KB)            :        1        1    815265
	   Gpus                 :                           0
	   Memory (MB)          :      248        1     12899
...
000 (382462.000.000) 05/07 03:39:53 Job submitted from host: <128.83.144.155:57685?addrs=128.83.144.155-57685>
...
001 (382462.000.000) 05/07 04:07:49 Job executing on host: <128.83.139.14:44306?addrs=128.83.139.14-44306>
...
006 (382462.000.000) 05/07 04:07:58 Image size of job updated: 943476
	57  -  MemoryUsage of job (MB)
	57492  -  ResidentSetSize of job (KB)
...
006 (382462.000.000) 05/07 04:12:59 Image size of job updated: 1117912
	164  -  MemoryUsage of job (MB)
	167104  -  ResidentSetSize of job (KB)
...
006 (382462.000.000) 05/07 04:18:00 Image size of job updated: 1118240
	177  -  MemoryUsage of job (MB)
	180704  -  ResidentSetSize of job (KB)
...
006 (382462.000.000) 05/07 04:23:00 Image size of job updated: 1119016
	211  -  MemoryUsage of job (MB)
	215384  -  ResidentSetSize of job (KB)
...
006 (382462.000.000) 05/07 04:28:00 Image size of job updated: 1184812
	245  -  MemoryUsage of job (MB)
	250664  -  ResidentSetSize of job (KB)
...
006 (382462.000.000) 05/07 04:29:56 Image size of job updated: 1184884
	245  -  MemoryUsage of job (MB)
	250664  -  ResidentSetSize of job (KB)
...
005 (382462.000.000) 05/07 04:29:56 Job terminated.
	(1) Normal termination (return value 0)
		Usr 0 00:21:04, Sys 0 00:00:19  -  Run Remote Usage
		Usr 0 00:00:00, Sys 0 00:00:00  -  Run Local Usage
		Usr 0 00:21:04, Sys 0 00:00:19  -  Total Remote Usage
		Usr 0 00:00:00, Sys 0 00:00:00  -  Total Local Usage
	0  -  Run Bytes Sent By Job
	0  -  Run Bytes Received By Job
	0  -  Total Bytes Sent By Job
	0  -  Total Bytes Received By Job
	Partitionable Resources :    Usage  Request Allocated
	   Cpus                 :                 1         1
	   Disk (KB)            :        1        1   1675519
	   Gpus                 :                           0
	   Memory (MB)          :      245        1     12899
...
000 (518480.000.000) 05/07 13:18:17 Job submitted from host: <128.83.144.149:44250?addrs=128.83.144.149-44250>
...
001 (518480.000.000) 05/07 13:18:54 Job executing on host: <128.83.120.250:59851?addrs=128.83.120.250-59851>
...
006 (518480.000.000) 05/07 13:19:03 Image size of job updated: 943096
	56  -  MemoryUsage of job (MB)
	56764  -  ResidentSetSize of job (KB)
...
006 (518480.000.000) 05/07 13:23:38 Image size of job updated: 1118016
	56  -  MemoryUsage of job (MB)
	56764  -  ResidentSetSize of job (KB)
...
004 (518480.000.000) 05/07 13:23:38 Job was evicted.
	(0) Job was not checkpointed.
		Usr 0 00:03:17, Sys 0 00:00:06  -  Run Remote Usage
		Usr 0 00:00:00, Sys 0 00:00:00  -  Run Local Usage
	0  -  Run Bytes Sent By Job
	0  -  Run Bytes Received By Job
	Partitionable Resources :    Usage  Request Allocated
	   Cpus                 :                 1         1
	   Disk (KB)            :        1        1    798504
	   Gpus                 :                           0
	   Memory (MB)          :       56        1     12899
...
009 (518480.000.000) 05/07 13:23:39 Job was aborted by the user.
	via condor_rm (by user ypei)
...
000 (518687.000.000) 05/07 13:23:48 Job submitted from host: <128.83.144.149:44250?addrs=128.83.144.149-44250>
...
001 (518687.000.000) 05/07 13:23:55 Job executing on host: <128.83.130.161:35317?addrs=128.83.130.161-35317>
...
006 (518687.000.000) 05/07 13:24:03 Image size of job updated: 943472
	56  -  MemoryUsage of job (MB)
	57300  -  ResidentSetSize of job (KB)
...
006 (518687.000.000) 05/07 13:29:03 Image size of job updated: 1117944
	167  -  MemoryUsage of job (MB)
	170260  -  ResidentSetSize of job (KB)
...
006 (518687.000.000) 05/07 13:34:03 Image size of job updated: 1118372
	184  -  MemoryUsage of job (MB)
	187496  -  ResidentSetSize of job (KB)
...
006 (518687.000.000) 05/07 13:39:04 Image size of job updated: 1184856
	238  -  MemoryUsage of job (MB)
	243292  -  ResidentSetSize of job (KB)
...
006 (518687.000.000) 05/07 13:41:12 Image size of job updated: 1184928
	238  -  MemoryUsage of job (MB)
	243292  -  ResidentSetSize of job (KB)
...
005 (518687.000.000) 05/07 13:41:12 Job terminated.
	(1) Normal termination (return value 0)
		Usr 0 00:16:08, Sys 0 00:00:09  -  Run Remote Usage
		Usr 0 00:00:00, Sys 0 00:00:00  -  Run Local Usage
		Usr 0 00:16:08, Sys 0 00:00:09  -  Total Remote Usage
		Usr 0 00:00:00, Sys 0 00:00:00  -  Total Local Usage
	0  -  Run Bytes Sent By Job
	0  -  Run Bytes Received By Job
	0  -  Total Bytes Sent By Job
	0  -  Total Bytes Received By Job
	Partitionable Resources :    Usage  Request Allocated
	   Cpus                 :                 1         1
	   Disk (KB)            :        1        1   1865789
	   Gpus                 :                           0
	   Memory (MB)          :      238        1     21164
...
000 (519101.000.000) 05/07 14:36:27 Job submitted from host: <128.83.144.149:44250?addrs=128.83.144.149-44250>
...
001 (519101.000.000) 05/07 14:36:39 Job executing on host: <128.83.130.161:35317?addrs=128.83.130.161-35317>
...
006 (519101.000.000) 05/07 14:36:47 Image size of job updated: 942960
	54  -  MemoryUsage of job (MB)
	54752  -  ResidentSetSize of job (KB)
...
006 (519101.000.000) 05/07 14:41:47 Image size of job updated: 1118200
	163  -  MemoryUsage of job (MB)
	166512  -  ResidentSetSize of job (KB)
...
006 (519101.000.000) 05/07 14:46:49 Image size of job updated: 1118288
	178  -  MemoryUsage of job (MB)
	182004  -  ResidentSetSize of job (KB)
...
006 (519101.000.000) 05/07 14:51:49 Image size of job updated: 1184712
	224  -  MemoryUsage of job (MB)
	228780  -  ResidentSetSize of job (KB)
...
006 (519101.000.000) 05/07 14:55:25 Image size of job updated: 1184928
	224  -  MemoryUsage of job (MB)
	228780  -  ResidentSetSize of job (KB)
...
005 (519101.000.000) 05/07 14:55:25 Job terminated.
	(1) Normal termination (return value 0)
		Usr 0 00:17:36, Sys 0 00:00:12  -  Run Remote Usage
		Usr 0 00:00:00, Sys 0 00:00:00  -  Run Local Usage
		Usr 0 00:17:36, Sys 0 00:00:12  -  Total Remote Usage
		Usr 0 00:00:00, Sys 0 00:00:00  -  Total Local Usage
	0  -  Run Bytes Sent By Job
	0  -  Run Bytes Received By Job
	0  -  Total Bytes Sent By Job
	0  -  Total Bytes Received By Job
	Partitionable Resources :    Usage  Request Allocated
	   Cpus                 :                 1         1
	   Disk (KB)            :        1        1   1909593
	   Gpus                 :                           0
	   Memory (MB)          :      224        1     21164
...
000 (382876.000.000) 05/07 20:16:58 Job submitted from host: <128.83.144.155:57685?addrs=128.83.144.155-57685>
...
001 (382876.000.000) 05/07 20:37:54 Job executing on host: <128.83.139.143:55125?addrs=128.83.139.143-55125>
...
006 (382876.000.000) 05/07 20:38:03 Image size of job updated: 340488
	22  -  MemoryUsage of job (MB)
	21764  -  ResidentSetSize of job (KB)
...
006 (382876.000.000) 05/07 20:43:04 Image size of job updated: 1117948
	162  -  MemoryUsage of job (MB)
	165788  -  ResidentSetSize of job (KB)
...
006 (382876.000.000) 05/07 20:48:04 Image size of job updated: 1118024
	175  -  MemoryUsage of job (MB)
	178600  -  ResidentSetSize of job (KB)
...
006 (382876.000.000) 05/07 20:53:04 Image size of job updated: 1118808
	209  -  MemoryUsage of job (MB)
	213288  -  ResidentSetSize of job (KB)
...
006 (382876.000.000) 05/07 20:58:05 Image size of job updated: 1184932
	245  -  MemoryUsage of job (MB)
	250228  -  ResidentSetSize of job (KB)
...
005 (382876.000.000) 05/07 21:00:07 Job terminated.
	(1) Normal termination (return value 0)
		Usr 0 00:21:07, Sys 0 00:00:20  -  Run Remote Usage
		Usr 0 00:00:00, Sys 0 00:00:00  -  Run Local Usage
		Usr 0 00:21:07, Sys 0 00:00:20  -  Total Remote Usage
		Usr 0 00:00:00, Sys 0 00:00:00  -  Total Local Usage
	0  -  Run Bytes Sent By Job
	0  -  Run Bytes Received By Job
	0  -  Total Bytes Sent By Job
	0  -  Total Bytes Received By Job
	Partitionable Resources :    Usage  Request Allocated
	   Cpus                 :                 1         1
	   Disk (KB)            :        1        1   7526610
	   Gpus                 :                           0
	   Memory (MB)          :      245        1      4027
...
000 (384118.000.000) 05/08 05:53:00 Job submitted from host: <128.83.144.155:57685?addrs=128.83.144.155-57685>
...
001 (384118.000.000) 05/08 06:16:26 Job executing on host: <128.83.120.230:37764?addrs=128.83.120.230-37764>
...
006 (384118.000.000) 05/08 06:16:35 Image size of job updated: 1
	2  -  MemoryUsage of job (MB)
	1688  -  ResidentSetSize of job (KB)
...
006 (384118.000.000) 05/08 06:21:36 Image size of job updated: 1118044
	159  -  MemoryUsage of job (MB)
	162248  -  ResidentSetSize of job (KB)
...
006 (384118.000.000) 05/08 06:26:36 Image size of job updated: 1118044
	169  -  MemoryUsage of job (MB)
	172952  -  ResidentSetSize of job (KB)
...
006 (384118.000.000) 05/08 06:31:37 Image size of job updated: 1118128
	179  -  MemoryUsage of job (MB)
	182612  -  ResidentSetSize of job (KB)
...
006 (384118.000.000) 05/08 06:36:38 Image size of job updated: 1118896
	207  -  MemoryUsage of job (MB)
	211188  -  ResidentSetSize of job (KB)
...
006 (384118.000.000) 05/08 06:41:38 Image size of job updated: 1184912
	234  -  MemoryUsage of job (MB)
	239492  -  ResidentSetSize of job (KB)
...
006 (384118.000.000) 05/08 06:46:09 Image size of job updated: 1185024
	234  -  MemoryUsage of job (MB)
	239492  -  ResidentSetSize of job (KB)
...
005 (384118.000.000) 05/08 06:46:09 Job terminated.
	(1) Normal termination (return value 0)
		Usr 0 00:28:54, Sys 0 00:00:39  -  Run Remote Usage
		Usr 0 00:00:00, Sys 0 00:00:00  -  Run Local Usage
		Usr 0 00:28:54, Sys 0 00:00:39  -  Total Remote Usage
		Usr 0 00:00:00, Sys 0 00:00:00  -  Total Local Usage
	0  -  Run Bytes Sent By Job
	0  -  Run Bytes Received By Job
	0  -  Total Bytes Sent By Job
	0  -  Total Bytes Received By Job
	Partitionable Resources :    Usage  Request Allocated
	   Cpus                 :                 1         1
	   Disk (KB)            :        1        1    792402
	   Gpus                 :                           0
	   Memory (MB)          :      234        1     12899
...
000 (417511.000.000) 05/09 03:37:25 Job submitted from host: <128.83.144.154:52346?addrs=128.83.144.154-52346>
...
001 (417511.000.000) 05/09 04:00:18 Job executing on host: <128.83.139.146:44201?addrs=128.83.139.146-44201>
...
006 (417511.000.000) 05/09 04:00:27 Image size of job updated: 1117528
	133  -  MemoryUsage of job (MB)
	135468  -  ResidentSetSize of job (KB)
...
006 (417511.000.000) 05/09 04:05:28 Image size of job updated: 1118116
	184  -  MemoryUsage of job (MB)
	188384  -  ResidentSetSize of job (KB)
...
006 (417511.000.000) 05/09 04:10:07 Image size of job updated: 1184728
	184  -  MemoryUsage of job (MB)
	188384  -  ResidentSetSize of job (KB)
...
005 (417511.000.000) 05/09 04:10:07 Job terminated.
	(1) Normal termination (return value 0)
		Usr 0 00:09:37, Sys 0 00:00:06  -  Run Remote Usage
		Usr 0 00:00:00, Sys 0 00:00:00  -  Run Local Usage
		Usr 0 00:09:37, Sys 0 00:00:06  -  Total Remote Usage
		Usr 0 00:00:00, Sys 0 00:00:00  -  Total Local Usage
	0  -  Run Bytes Sent By Job
	0  -  Run Bytes Received By Job
	0  -  Total Bytes Sent By Job
	0  -  Total Bytes Received By Job
	Partitionable Resources :    Usage  Request Allocated
	   Cpus                 :                 1         1
	   Disk (KB)            :        2        2   7541864
	   Gpus                 :                           0
	   Memory (MB)          :      184        1      4027
...
