[SNIPER] Start
Sampler: 4, 32, 0
itlb_cache: 32, 1
itlb_cache_L1: 32, 1
Sampler: 4, 128, 0
dtlb_cache: 128, 4
dtlb_cache_L1: 128, 4
L1-I 2
Sampler: 4, 4, 128
L1-I: 2048, 64
L1-I_L1: 2048, 64
L1-D 3
Sampler: 4, 8, 32
L1-D: 1024, 32
L1-D_L1: 1024, 32
L2 4
Sampler: 122, 16, 16
L2: 32768, 1024
L2_L1: 32768, 1024
Executing Python script /v/filer4b/v20q001/ypei/Desktop/cs395t-lin/output/run_all_hybrid_headroom2/omnetpp/23/sim.scripts.py
[STOPBYICOUNT] Starting in ROI (detail)
[STOPBYICOUNT] Then stopping after simulating at least 250000000 instructions in detail
[SNIPER] --------------------------------------------------------------------------------
[SNIPER] Sniper using SIFT/trace-driven frontend
[SNIPER] Running full application in DETAILED mode
[SNIPER] --------------------------------------------------------------------------------
[SNIPER] Enabling performance models
[SNIPER] Setting instrumentation mode to DETAILED
[STOPBYICOUNT] Ending ROI after 250000002 instructions (250000000 requested)
[SNIPER] Disabling performance models
[SNIPER] Leaving ROI after 1965.19 seconds
[SNIPER] Simulated 250.0M instructions, 395.4M cycles, 0.63 IPC
[SNIPER] Simulation speed 127.2 KIPS (127.2 KIPS / target core - 7860.7ns/instr)
[SNIPER] Setting instrumentation mode to FAST_FORWARD
[app0] [SIFT_RECORDER] sift_writer.cc:550: Sift::Mode Sift::Writer::Sync(): Assertion `!response->fail()' failed.
[app0] Pin app terminated abnormally due to signal 6.
Hawkeye Victims: 0
LRU Victims: 0
Hawkeye Victims: 0
LRU Victims: 0
Hawkeye Victims: 0
LRU Victims: 0
a test for execution

Inserted: 0
Redundant.progress: 0
Redundant.cache: 0
Redundant.buffer: 0
Hawkeye Victims: 0
LRU Victims: 0
a test for execution

Inserted: 0
Redundant.progress: 0
Redundant.cache: 0
Redundant.buffer: 0
Hawkeye Victims: 0
LRU Victims: 0
 =========================================================== 
Triggers: 5365912
Repeats: 0

Same addr: 3586140 66.8319
New addr: 1510 0.0281406

Distribution of new addresses: 
Stream Head: 1205 79.8013
Stream Divergence: 738699 48920.5

Invalidation count: 1282433 84929.3
No Conflict count: 550433 36452.5
Same Stream count: 0 0
New Stream count: 0 0

Not found: 1760602
On Chip Mispredictions: 0
 =========================================================== 
Distribution of predictions: 
Predict Init: 4886233 91.0606
Total Predictions: 4826472
Predict OCI Miss: 47631 0.9748
Predict Stream End: 59761 1.22305
Buffer Success: 0 0
Stride Distribution: 0, 395599, 345000, 322000, 101200, 115000, 73600, 64400, 345000, 156400, 400200, 133400, 115000, 547400, 82800, 119600, 82800, 0, 4600, 0, 50600, 0, 0, 0, 0, 0, 0, 0, 0, 0, 388437, 0, 243524, 0, 0, 0, 413678, 0, 0, 0, 805874, 0, 0, 0, 0, 0, 0, 0, 0, 0, 0, 0, 0, 0, 0, 0, 0, 0, 0, 0, 0, 0, 0, 0, 0, 0, 33, 0, 0, 0, 0, 0, 45528224, 0, 49, 0, 15, 0, 15, 0, 0, 6644585, 1868787317, 1915577714, 1702195557, 7566451, 113, 0, 5073232, 0, 42201584, 0, 0, 0, 5073232, 0, 42760000, 0, 0, 0, 5073232, 0, 43032352, 0, 0, 0, 5165152, 0, 272432496, 11060, 0, 11060, 45526528, 0, 49, 0, 6, 0, 6, 0, 0, 0, 1919906931, 29541, 48, 0, 49, 0, 
a test for execution

Inserted: 6068013
Redundant.progress: 62974
Redundant.cache: 2392476
Redundant.buffer: 0
[SNIPER] End
[SNIPER] Elapsed time: 2032.70 seconds
