000 (15005722.000.000) 08/01 19:38:48 Job submitted from host: <128.83.130.153:51299?addrs=128.83.130.153-51299>
...
001 (15005722.000.000) 08/01 19:39:10 Job executing on host: <128.83.130.203:52232?addrs=128.83.130.203-52232>
...
006 (15005722.000.000) 08/01 19:39:18 Image size of job updated: 4735892
	166  -  MemoryUsage of job (MB)
	169676  -  ResidentSetSize of job (KB)
...
010 (15005722.000.000) 08/01 19:41:14 Job was suspended.
	Number of processes actually suspended: 23
...
006 (15005722.000.000) 08/01 19:41:14 Image size of job updated: 5395124
	514  -  MemoryUsage of job (MB)
	525372  -  ResidentSetSize of job (KB)
...
011 (15005722.000.000) 08/01 19:51:16 Job was unsuspended.
...
004 (15005722.000.000) 08/01 19:51:16 Job was evicted.
	(0) Job was not checkpointed.
		Usr 0 00:01:12, Sys 0 00:00:01  -  Run Remote Usage
		Usr 0 00:00:00, Sys 0 00:00:00  -  Run Local Usage
	0  -  Run Bytes Sent By Job
	0  -  Run Bytes Received By Job
	Partitionable Resources :    Usage  Request Allocated
	   Cpus                 :                 1         1
	   Disk (KB)            :        1        1    749980
	   Gpus                 :                           0
	   Memory (MB)          :      514        1      4021
...
001 (15005722.000.000) 08/01 19:52:20 Job executing on host: <128.83.130.196:35863?addrs=128.83.130.196-35863>
...
006 (15005722.000.000) 08/01 20:02:30 Image size of job updated: 7500000
	797  -  MemoryUsage of job (MB)
	815756  -  ResidentSetSize of job (KB)
...
005 (15005722.000.000) 08/01 20:06:24 Job terminated.
	(1) Normal termination (return value 0)
		Usr 0 00:31:09, Sys 0 00:01:30  -  Run Remote Usage
		Usr 0 00:00:00, Sys 0 00:00:00  -  Run Local Usage
		Usr 0 00:31:09, Sys 0 00:01:30  -  Total Remote Usage
		Usr 0 00:00:00, Sys 0 00:00:00  -  Total Local Usage
	0  -  Run Bytes Sent By Job
	0  -  Run Bytes Received By Job
	0  -  Total Bytes Sent By Job
	0  -  Total Bytes Received By Job
	Partitionable Resources :    Usage  Request Allocated
	   Cpus                 :                 1         1
	   Disk (KB)            :        1        1    749980
	   Gpus                 :                           0
	   Memory (MB)          :      797      733      4021
...
