000 (15005553.000.000) 08/01 18:26:28 Job submitted from host: <128.83.130.153:51299?addrs=128.83.130.153-51299>
...
001 (15005553.000.000) 08/01 18:26:37 Job executing on host: <128.83.120.75:36144?addrs=128.83.120.75-36144>
...
006 (15005553.000.000) 08/01 18:26:37 Image size of job updated: 1
	0  -  MemoryUsage of job (MB)
	0  -  ResidentSetSize of job (KB)
...
005 (15005553.000.000) 08/01 18:26:38 Job terminated.
	(1) Normal termination (return value 126)
		Usr 0 00:00:00, Sys 0 00:00:00  -  Run Remote Usage
		Usr 0 00:00:00, Sys 0 00:00:00  -  Run Local Usage
		Usr 0 00:00:00, Sys 0 00:00:00  -  Total Remote Usage
		Usr 0 00:00:00, Sys 0 00:00:00  -  Total Local Usage
	0  -  Run Bytes Sent By Job
	0  -  Run Bytes Received By Job
	0  -  Total Bytes Sent By Job
	0  -  Total Bytes Received By Job
	Partitionable Resources :    Usage  Request Allocated
	   Cpus                 :                 1         1
	   Disk (KB)            :        1        1   8862904
	   Gpus                 :                           0
	   Memory (MB)          :        0        1      4028
...
000 (15005628.000.000) 08/01 18:32:03 Job submitted from host: <128.83.130.153:51299?addrs=128.83.130.153-51299>
...
001 (15005628.000.000) 08/01 18:32:32 Job executing on host: <128.83.120.75:36144?addrs=128.83.120.75-36144>
...
006 (15005628.000.000) 08/01 18:32:41 Image size of job updated: 1643940
	46  -  MemoryUsage of job (MB)
	46488  -  ResidentSetSize of job (KB)
...
006 (15005628.000.000) 08/01 18:37:42 Image size of job updated: 6072304
	526  -  MemoryUsage of job (MB)
	537680  -  ResidentSetSize of job (KB)
...
006 (15005628.000.000) 08/01 18:42:42 Image size of job updated: 6145412
	657  -  MemoryUsage of job (MB)
	672612  -  ResidentSetSize of job (KB)
...
006 (15005628.000.000) 08/01 18:47:42 Image size of job updated: 6211972
	755  -  MemoryUsage of job (MB)
	772712  -  ResidentSetSize of job (KB)
...
006 (15005628.000.000) 08/01 18:52:43 Image size of job updated: 6212940
	848  -  MemoryUsage of job (MB)
	867772  -  ResidentSetSize of job (KB)
...
006 (15005628.000.000) 08/01 18:57:44 Image size of job updated: 6281652
	951  -  MemoryUsage of job (MB)
	973660  -  ResidentSetSize of job (KB)
...
006 (15005628.000.000) 08/01 19:02:44 Image size of job updated: 6412784
	1086  -  MemoryUsage of job (MB)
	1111472  -  ResidentSetSize of job (KB)
...
006 (15005628.000.000) 08/01 19:07:45 Image size of job updated: 6544644
	1187  -  MemoryUsage of job (MB)
	1214932  -  ResidentSetSize of job (KB)
...
006 (15005628.000.000) 08/01 19:12:46 Image size of job updated: 6610252
	1279  -  MemoryUsage of job (MB)
	1309440  -  ResidentSetSize of job (KB)
...
006 (15005628.000.000) 08/01 19:17:46 Image size of job updated: 6675840
	1367  -  MemoryUsage of job (MB)
	1399420  -  ResidentSetSize of job (KB)
...
006 (15005628.000.000) 08/01 19:22:46 Image size of job updated: 6741388
	1435  -  MemoryUsage of job (MB)
	1468548  -  ResidentSetSize of job (KB)
...
005 (15005628.000.000) 08/01 19:23:45 Job terminated.
	(1) Normal termination (return value 0)
		Usr 0 00:57:44, Sys 0 00:01:11  -  Run Remote Usage
		Usr 0 00:00:00, Sys 0 00:00:00  -  Run Local Usage
		Usr 0 00:57:44, Sys 0 00:01:11  -  Total Remote Usage
		Usr 0 00:00:00, Sys 0 00:00:00  -  Total Local Usage
	0  -  Run Bytes Sent By Job
	0  -  Run Bytes Received By Job
	0  -  Total Bytes Sent By Job
	0  -  Total Bytes Received By Job
	Partitionable Resources :    Usage  Request Allocated
	   Cpus                 :                 1         1
	   Disk (KB)            :        1        1   8862904
	   Gpus                 :                           0
	   Memory (MB)          :     1435        1      4028
...
