[SNIPER] Start
Sampler: 4, 32, 0
itlb_cache: 32, 1
itlb_cache_L1: 32, 1
Sampler: 4, 128, 0
dtlb_cache: 128, 4
dtlb_cache_L1: 128, 4
L1-I 2
Sampler: 4, 4, 128
L1-I: 2048, 64
L1-I_L1: 2048, 64
L1-D 3
Sampler: 4, 8, 32
L1-D: 1024, 32
L1-D_L1: 1024, 32
L2 4
Sampler: 122, 16, 16
L2: 32768, 1024
L2_L1: 32768, 1024
Executing Python script /v/filer4b/v20q001/ypei/Desktop/cs395t-lin/output/run_all_hybrid_headroom2/gcc/14/sim.scripts.py
[STOPBYICOUNT] Starting in ROI (detail)
[STOPBYICOUNT] Then stopping after simulating at least 250000000 instructions in detail
[SNIPER] --------------------------------------------------------------------------------
[SNIPER] Sniper using SIFT/trace-driven frontend
[SNIPER] Running full application in DETAILED mode
[SNIPER] --------------------------------------------------------------------------------
[SNIPER] Enabling performance models
[SNIPER] Setting instrumentation mode to DETAILED
[STOPBYICOUNT] Ending ROI after 250000003 instructions (250000000 requested)
[SNIPER] Disabling performance models
[SNIPER] Leaving ROI after 1467.83 seconds
[SNIPER] Simulated 250.0M instructions, 219.4M cycles, 1.14 IPC
[SNIPER] Simulation speed 170.3 KIPS (170.3 KIPS / target core - 5871.0ns/instr)
[SNIPER] Setting instrumentation mode to FAST_FORWARD
[app0] [SIFT_RECORDER] sift_writer.cc:550: Sift::Mode Sift::Writer::Sync(): Assertion `!response->fail()' failed.
Hawkeye Victims: 0
LRU Victims: 0
[app0] Pin app terminated abnormally due to signal 6.
Hawkeye Victims: 0
LRU Victims: 0
Hawkeye Victims: 0
LRU Victims: 0
a test for execution

Inserted: 0
Redundant.progress: 0
Redundant.cache: 0
Redundant.buffer: 0
Hawkeye Victims: 0
LRU Victims: 0
a test for execution

Inserted: 0
Redundant.progress: 0
Redundant.cache: 0
Redundant.buffer: 0
Hawkeye Victims: 0
LRU Victims: 0
 =========================================================== 
Triggers: 2527449
Repeats: 0

Same addr: 1970046 77.946
New addr: 241 0.00953531

Distribution of new addresses: 
Stream Head: 121 50.2075
Stream Divergence: 452834 187898

Invalidation count: 508634 211051
No Conflict count: 56363 23387.1
Same Stream count: 0 0
New Stream count: 0 0

Not found: 553246
On Chip Mispredictions: 0
 =========================================================== 
Distribution of predictions: 
Predict Init: 2482596 98.2254
Total Predictions: 2465868
Predict OCI Miss: 7449 0.300049
Predict Stream End: 16728 0.673811
Buffer Success: 0 0
Stride Distribution: 0, 142599, 248400, 342450, 230000, 197800, 115000, 147200, 243800, 96600, 156400, 138000, 69000, 64400, 69000, 82800, 73600, 0, 50600, 0, 36800, 0, 0, 0, 9200, 0, 0, 0, 0, 0, 4600, 0, 0, 0, 0, 0, 0, 0, 0, 0, 9200, 0, 0, 0, 0, 0, 0, 0, 0, 0, 0, 0, 0, 0, 0, 0, 0, 0, 0, 0, 0, 0, 0, 0, 0, 0, 33, 0, 0, 0, 0, 0, 20898960, 0, 49, 0, 15, 0, 15, 0, 0, 6644585, 1868787317, 1915577714, 1702195557, 7566451, 113, 0, 5073232, 0, 17572320, 0, 0, 0, 5073232, 0, 18130736, 0, 0, 0, 5073232, 0, 18403088, 0, 0, 0, 5165152, 0, 2296802672, 11117, 0, 11117, 20897264, 0, 49, 0, 6, 0, 6, 0, 0, 0, 1919906931, 29541, 48, 0, 49, 0, 
a test for execution

Inserted: 3292592
Redundant.progress: 906
Redundant.cache: 2673602
Redundant.buffer: 0
[SNIPER] End
[SNIPER] Elapsed time: 1532.02 seconds
