[SNIPER] Start
Sampler: 4, 32, 0
itlb_cache: 32, 1
itlb_cache_L1: 32, 1
Sampler: 4, 128, 0
dtlb_cache: 128, 4
dtlb_cache_L1: 128, 4
L1-I 2
Sampler: 4, 4, 128
L1-I: 2048, 64
L1-I_L1: 2048, 64
L1-D 3
Sampler: 4, 8, 32
L1-D: 1024, 32
L1-D_L1: 1024, 32
L2 4
Sampler: 122, 16, 16
L2: 32768, 1024
L2_L1: 32768, 1024
Executing Python script /v/filer4b/v20q001/ypei/Desktop/cs395t-lin/output/run_all_hybrid_headroom2/bzip2/2/sim.scripts.py
[STOPBYICOUNT] Starting in ROI (detail)
[STOPBYICOUNT] Then stopping after simulating at least 250000000 instructions in detail
[SNIPER] --------------------------------------------------------------------------------
[SNIPER] Sniper using SIFT/trace-driven frontend
[SNIPER] Running full application in DETAILED mode
[SNIPER] --------------------------------------------------------------------------------
[SNIPER] Enabling performance models
[SNIPER] Setting instrumentation mode to DETAILED
[STOPBYICOUNT] Ending ROI after 250000004 instructions (250000000 requested)
[SNIPER] Disabling performance models
[SNIPER] Leaving ROI after 1140.37 seconds
[SNIPER] Simulated 250.0M instructions, 180.8M cycles, 1.38 IPC
[SNIPER] Simulation speed 219.2 KIPS (219.2 KIPS / target core - 4561.3ns/instr)
[SNIPER] Setting instrumentation mode to FAST_FORWARD
[app0] [SIFT_RECORDER] sift_writer.cc:550: Sift::Mode Sift::Writer::Sync(): Assertion `!response->fail()' failed.
[app0] Pin app terminated abnormally due to signal 6.
Hawkeye Victims: 0
LRU Victims: 0
Hawkeye Victims: 0
LRU Victims: 0
Hawkeye Victims: 0
LRU Victims: 0
a test for execution

Inserted: 0
Redundant.progress: 0
Redundant.cache: 0
Redundant.buffer: 0
Hawkeye Victims: 0
LRU Victims: 0
a test for execution

Inserted: 0
Redundant.progress: 0
Redundant.cache: 0
Redundant.buffer: 0
Hawkeye Victims: 0
LRU Victims: 0
 =========================================================== 
Triggers: 2334182
Repeats: 0

Same addr: 935425 40.0751
New addr: 441 0.0188931

Distribution of new addresses: 
Stream Head: 290 65.7596
Stream Divergence: 1284347 291235

Invalidation count: 1304471 295798
No Conflict count: 20317 4607.03
Same Stream count: 0 0
New Stream count: 0 0

Not found: 1395660
On Chip Mispredictions: 0
 =========================================================== 
Distribution of predictions: 
Predict Init: 2242552 96.0744
Total Predictions: 2229713
Predict OCI Miss: 2938 0.131011
Predict Stream End: 12839 0.572517
Buffer Success: 0 0
Stride Distribution: 0, 47931, 24058, 27968, 62652, 56442, 80362, 55154, 85790, 484610, 156492, 95220, 94530, 81374, 65734, 82713, 111458, 0, 56672, 0, 29394, 0, 0, 0, 16882, 0, 0, 0, 0, 0, 25530, 0, 47288, 0, 0, 0, 8234, 0, 0, 0, 20424, 0, 0, 0, 0, 0, 0, 0, 0, 0, 0, 0, 0, 0, 0, 0, 0, 0, 0, 0, 0, 0, 0, 0, 0, 0, 33, 0, 0, 0, 0, 0, 24106128, 0, 49, 0, 15, 0, 15, 0, 0, 6644585, 1868787317, 1915577714, 1702195557, 7566451, 113, 0, 5073232, 0, 20779488, 0, 0, 0, 5073232, 0, 21337904, 0, 0, 0, 5073232, 0, 21610256, 0, 0, 0, 5165152, 0, 766725488, 11137, 0, 11137, 24104432, 0, 49, 0, 6, 0, 6, 0, 0, 0, 1919906931, 29541, 48, 0, 49, 0, 
a test for execution

Inserted: 4285783
Redundant.progress: 6029
Redundant.cache: 4065617
Redundant.buffer: 0
[SNIPER] End
[SNIPER] Elapsed time: 1206.64 seconds
