000 (515980.000.000) 05/05 17:13:09 Job submitted from host: <128.83.144.149:44250?addrs=128.83.144.149-44250>
...
001 (515980.000.000) 05/05 17:13:31 Job executing on host: <128.83.120.128:51378?addrs=128.83.120.128-51378>
...
006 (515980.000.000) 05/05 17:13:39 Image size of job updated: 807492
	56  -  MemoryUsage of job (MB)
	56516  -  ResidentSetSize of job (KB)
...
006 (515980.000.000) 05/05 17:14:25 Image size of job updated: 808164
	56  -  MemoryUsage of job (MB)
	56516  -  ResidentSetSize of job (KB)
...
004 (515980.000.000) 05/05 17:14:25 Job was evicted.
	(0) Job was not checkpointed.
		Usr 0 00:00:00, Sys 0 00:00:00  -  Run Remote Usage
		Usr 0 00:00:00, Sys 0 00:00:00  -  Run Local Usage
	0  -  Run Bytes Sent By Job
	0  -  Run Bytes Received By Job
	Partitionable Resources :    Usage  Request Allocated
	   Cpus                 :                 1         1
	   Disk (KB)            :        1        1    812221
	   Gpus                 :                           0
	   Memory (MB)          :       56        1     12899
...
009 (515980.000.000) 05/05 17:14:25 Job was aborted by the user.
	via condor_rm (by user ypei)
...
000 (516205.000.000) 05/05 17:14:52 Job submitted from host: <128.83.144.149:44250?addrs=128.83.144.149-44250>
...
001 (516205.000.000) 05/05 17:15:00 Job executing on host: <128.83.144.13:57145?addrs=128.83.144.13-57145>
...
006 (516205.000.000) 05/05 17:15:09 Image size of job updated: 807652
	56  -  MemoryUsage of job (MB)
	56776  -  ResidentSetSize of job (KB)
...
006 (516205.000.000) 05/05 17:18:09 Image size of job updated: 987808
	56  -  MemoryUsage of job (MB)
	56776  -  ResidentSetSize of job (KB)
...
004 (516205.000.000) 05/05 17:18:09 Job was evicted.
	(0) Job was not checkpointed.
		Usr 0 00:00:54, Sys 0 00:00:02  -  Run Remote Usage
		Usr 0 00:00:00, Sys 0 00:00:00  -  Run Local Usage
	0  -  Run Bytes Sent By Job
	0  -  Run Bytes Received By Job
	Partitionable Resources :    Usage  Request Allocated
	   Cpus                 :                 1         1
	   Disk (KB)            :        1        1    824391
	   Gpus                 :                           0
	   Memory (MB)          :       56        1     12899
...
009 (516205.000.000) 05/05 17:18:10 Job was aborted by the user.
	via condor_rm (by user ypei)
...
000 (516412.000.000) 05/05 17:18:22 Job submitted from host: <128.83.144.149:44250?addrs=128.83.144.149-44250>
...
001 (516412.000.000) 05/05 17:18:31 Job executing on host: <128.83.120.229:58979?addrs=128.83.120.229-58979>
...
006 (516412.000.000) 05/05 17:18:40 Image size of job updated: 340464
	21  -  MemoryUsage of job (MB)
	21284  -  ResidentSetSize of job (KB)
...
006 (516412.000.000) 05/05 17:21:19 Image size of job updated: 987928
	21  -  MemoryUsage of job (MB)
	21284  -  ResidentSetSize of job (KB)
...
004 (516412.000.000) 05/05 17:21:19 Job was evicted.
	(0) Job was not checkpointed.
		Usr 0 00:01:17, Sys 0 00:00:04  -  Run Remote Usage
		Usr 0 00:00:00, Sys 0 00:00:00  -  Run Local Usage
	0  -  Run Bytes Sent By Job
	0  -  Run Bytes Received By Job
	Partitionable Resources :    Usage  Request Allocated
	   Cpus                 :                 1         1
	   Disk (KB)            :        1        1    828969
	   Gpus                 :                           0
	   Memory (MB)          :       21        1     12899
...
009 (516412.000.000) 05/05 17:21:20 Job was aborted by the user.
	via condor_rm (by user ypei)
...
000 (517033.000.000) 05/05 17:21:44 Job submitted from host: <128.83.144.149:44250?addrs=128.83.144.149-44250>
...
001 (517033.000.000) 05/05 17:21:54 Job executing on host: <128.83.120.250:59851?addrs=128.83.120.250-59851>
...
006 (517033.000.000) 05/05 17:22:02 Image size of job updated: 807788
	54  -  MemoryUsage of job (MB)
	54752  -  ResidentSetSize of job (KB)
...
006 (517033.000.000) 05/05 17:27:02 Image size of job updated: 988924
	161  -  MemoryUsage of job (MB)
	164268  -  ResidentSetSize of job (KB)
...
006 (517033.000.000) 05/05 17:32:03 Image size of job updated: 988924
	165  -  MemoryUsage of job (MB)
	168848  -  ResidentSetSize of job (KB)
...
006 (517033.000.000) 05/05 17:37:04 Image size of job updated: 988924
	190  -  MemoryUsage of job (MB)
	194064  -  ResidentSetSize of job (KB)
...
006 (517033.000.000) 05/05 17:42:04 Image size of job updated: 1056440
	225  -  MemoryUsage of job (MB)
	230028  -  ResidentSetSize of job (KB)
...
006 (517033.000.000) 05/05 17:47:05 Image size of job updated: 1056484
	231  -  MemoryUsage of job (MB)
	236012  -  ResidentSetSize of job (KB)
...
006 (517033.000.000) 05/05 17:52:01 Image size of job updated: 1056500
	231  -  MemoryUsage of job (MB)
	236012  -  ResidentSetSize of job (KB)
...
005 (517033.000.000) 05/05 17:52:01 Job terminated.
	(1) Normal termination (return value 0)
		Usr 0 00:28:08, Sys 0 00:00:33  -  Run Remote Usage
		Usr 0 00:00:00, Sys 0 00:00:00  -  Run Local Usage
		Usr 0 00:28:08, Sys 0 00:00:33  -  Total Remote Usage
		Usr 0 00:00:00, Sys 0 00:00:00  -  Total Local Usage
	0  -  Run Bytes Sent By Job
	0  -  Run Bytes Received By Job
	0  -  Total Bytes Sent By Job
	0  -  Total Bytes Received By Job
	Partitionable Resources :    Usage  Request Allocated
	   Cpus                 :                 1         1
	   Disk (KB)            :        1        1    815265
	   Gpus                 :                           0
	   Memory (MB)          :      231        1     12899
...
000 (382464.000.000) 05/07 03:39:53 Job submitted from host: <128.83.144.155:57685?addrs=128.83.144.155-57685>
...
001 (382464.000.000) 05/07 04:08:26 Job executing on host: <128.83.144.5:44408?addrs=128.83.144.5-44408>
...
006 (382464.000.000) 05/07 04:08:34 Image size of job updated: 52036
	2  -  MemoryUsage of job (MB)
	1928  -  ResidentSetSize of job (KB)
...
006 (382464.000.000) 05/07 04:13:34 Image size of job updated: 987860
	165  -  MemoryUsage of job (MB)
	168352  -  ResidentSetSize of job (KB)
...
006 (382464.000.000) 05/07 04:18:35 Image size of job updated: 988300
	183  -  MemoryUsage of job (MB)
	187268  -  ResidentSetSize of job (KB)
...
006 (382464.000.000) 05/07 04:23:36 Image size of job updated: 1056060
	226  -  MemoryUsage of job (MB)
	231192  -  ResidentSetSize of job (KB)
...
006 (382464.000.000) 05/07 04:28:36 Image size of job updated: 1056124
	233  -  MemoryUsage of job (MB)
	237804  -  ResidentSetSize of job (KB)
...
006 (382464.000.000) 05/07 04:32:44 Image size of job updated: 1056396
	233  -  MemoryUsage of job (MB)
	237804  -  ResidentSetSize of job (KB)
...
005 (382464.000.000) 05/07 04:32:44 Job terminated.
	(1) Normal termination (return value 0)
		Usr 0 00:23:18, Sys 0 00:00:34  -  Run Remote Usage
		Usr 0 00:00:00, Sys 0 00:00:00  -  Run Local Usage
		Usr 0 00:23:18, Sys 0 00:00:34  -  Total Remote Usage
		Usr 0 00:00:00, Sys 0 00:00:00  -  Total Local Usage
	0  -  Run Bytes Sent By Job
	0  -  Run Bytes Received By Job
	0  -  Total Bytes Sent By Job
	0  -  Total Bytes Received By Job
	Partitionable Resources :    Usage  Request Allocated
	   Cpus                 :                 1         1
	   Disk (KB)            :        1        1    790395
	   Gpus                 :                           0
	   Memory (MB)          :      233        1     12899
...
000 (518482.000.000) 05/07 13:18:17 Job submitted from host: <128.83.144.149:44250?addrs=128.83.144.149-44250>
...
001 (518482.000.000) 05/07 13:18:55 Job executing on host: <128.83.120.250:59851?addrs=128.83.120.250-59851>
...
006 (518482.000.000) 05/07 13:19:04 Image size of job updated: 807788
	56  -  MemoryUsage of job (MB)
	56800  -  ResidentSetSize of job (KB)
...
006 (518482.000.000) 05/07 13:23:38 Image size of job updated: 987992
	159  -  MemoryUsage of job (MB)
	162328  -  ResidentSetSize of job (KB)
...
004 (518482.000.000) 05/07 13:23:38 Job was evicted.
	(0) Job was not checkpointed.
		Usr 0 00:03:16, Sys 0 00:00:05  -  Run Remote Usage
		Usr 0 00:00:00, Sys 0 00:00:00  -  Run Local Usage
	0  -  Run Bytes Sent By Job
	0  -  Run Bytes Received By Job
	Partitionable Resources :    Usage  Request Allocated
	   Cpus                 :                 1         1
	   Disk (KB)            :        1        1    798504
	   Gpus                 :                           0
	   Memory (MB)          :      159        1     12899
...
009 (518482.000.000) 05/07 13:23:39 Job was aborted by the user.
	via condor_rm (by user ypei)
...
000 (518689.000.000) 05/07 13:23:48 Job submitted from host: <128.83.144.149:44250?addrs=128.83.144.149-44250>
...
001 (518689.000.000) 05/07 13:23:55 Job executing on host: <128.83.130.161:35317?addrs=128.83.130.161-35317>
...
006 (518689.000.000) 05/07 13:24:03 Image size of job updated: 808164
	54  -  MemoryUsage of job (MB)
	55184  -  ResidentSetSize of job (KB)
...
006 (518689.000.000) 05/07 13:29:03 Image size of job updated: 988088
	163  -  MemoryUsage of job (MB)
	166356  -  ResidentSetSize of job (KB)
...
006 (518689.000.000) 05/07 13:34:04 Image size of job updated: 1056208
	219  -  MemoryUsage of job (MB)
	223292  -  ResidentSetSize of job (KB)
...
006 (518689.000.000) 05/07 13:39:05 Image size of job updated: 1056380
	229  -  MemoryUsage of job (MB)
	233916  -  ResidentSetSize of job (KB)
...
006 (518689.000.000) 05/07 13:40:56 Image size of job updated: 1056396
	229  -  MemoryUsage of job (MB)
	233916  -  ResidentSetSize of job (KB)
...
005 (518689.000.000) 05/07 13:40:56 Job terminated.
	(1) Normal termination (return value 0)
		Usr 0 00:15:46, Sys 0 00:00:11  -  Run Remote Usage
		Usr 0 00:00:00, Sys 0 00:00:00  -  Run Local Usage
		Usr 0 00:15:46, Sys 0 00:00:11  -  Total Remote Usage
		Usr 0 00:00:00, Sys 0 00:00:00  -  Total Local Usage
	0  -  Run Bytes Sent By Job
	0  -  Run Bytes Received By Job
	0  -  Total Bytes Sent By Job
	0  -  Total Bytes Received By Job
	Partitionable Resources :    Usage  Request Allocated
	   Cpus                 :                 1         1
	   Disk (KB)            :        1        1   1865789
	   Gpus                 :                           0
	   Memory (MB)          :      229        1     21164
...
000 (519103.000.000) 05/07 14:36:27 Job submitted from host: <128.83.144.149:44250?addrs=128.83.144.149-44250>
...
001 (519103.000.000) 05/07 14:36:39 Job executing on host: <128.83.130.161:35317?addrs=128.83.130.161-35317>
...
006 (519103.000.000) 05/07 14:36:48 Image size of job updated: 807788
	52  -  MemoryUsage of job (MB)
	52736  -  ResidentSetSize of job (KB)
...
006 (519103.000.000) 05/07 14:41:49 Image size of job updated: 988340
	161  -  MemoryUsage of job (MB)
	164116  -  ResidentSetSize of job (KB)
...
006 (519103.000.000) 05/07 14:46:50 Image size of job updated: 988708
	193  -  MemoryUsage of job (MB)
	197436  -  ResidentSetSize of job (KB)
...
006 (519103.000.000) 05/07 14:51:50 Image size of job updated: 1056516
	228  -  MemoryUsage of job (MB)
	232484  -  ResidentSetSize of job (KB)
...
006 (519103.000.000) 05/07 14:55:01 Image size of job updated: 1056532
	228  -  MemoryUsage of job (MB)
	232484  -  ResidentSetSize of job (KB)
...
005 (519103.000.000) 05/07 14:55:01 Job terminated.
	(1) Normal termination (return value 0)
		Usr 0 00:17:18, Sys 0 00:00:15  -  Run Remote Usage
		Usr 0 00:00:00, Sys 0 00:00:00  -  Run Local Usage
		Usr 0 00:17:18, Sys 0 00:00:15  -  Total Remote Usage
		Usr 0 00:00:00, Sys 0 00:00:00  -  Total Local Usage
	0  -  Run Bytes Sent By Job
	0  -  Run Bytes Received By Job
	0  -  Total Bytes Sent By Job
	0  -  Total Bytes Received By Job
	Partitionable Resources :    Usage  Request Allocated
	   Cpus                 :                 1         1
	   Disk (KB)            :        1        1   1909593
	   Gpus                 :                           0
	   Memory (MB)          :      228        1     21164
...
000 (382878.000.000) 05/07 20:16:58 Job submitted from host: <128.83.144.155:57685?addrs=128.83.144.155-57685>
...
001 (382878.000.000) 05/07 20:38:21 Job executing on host: <128.83.120.75:40005?addrs=128.83.120.75-40005>
...
006 (382878.000.000) 05/07 20:38:29 Image size of job updated: 1
	2  -  MemoryUsage of job (MB)
	1628  -  ResidentSetSize of job (KB)
...
006 (382878.000.000) 05/07 20:43:29 Image size of job updated: 988076
	164  -  MemoryUsage of job (MB)
	167220  -  ResidentSetSize of job (KB)
...
006 (382878.000.000) 05/07 20:48:30 Image size of job updated: 988440
	184  -  MemoryUsage of job (MB)
	188196  -  ResidentSetSize of job (KB)
...
006 (382878.000.000) 05/07 20:53:31 Image size of job updated: 1056220
	226  -  MemoryUsage of job (MB)
	230648  -  ResidentSetSize of job (KB)
...
006 (382878.000.000) 05/07 20:58:31 Image size of job updated: 1056268
	232  -  MemoryUsage of job (MB)
	237268  -  ResidentSetSize of job (KB)
...
006 (382878.000.000) 05/07 21:00:28 Image size of job updated: 1056280
	232  -  MemoryUsage of job (MB)
	237268  -  ResidentSetSize of job (KB)
...
005 (382878.000.000) 05/07 21:00:28 Job terminated.
	(1) Normal termination (return value 0)
		Usr 0 00:21:15, Sys 0 00:00:33  -  Run Remote Usage
		Usr 0 00:00:00, Sys 0 00:00:00  -  Run Local Usage
		Usr 0 00:21:15, Sys 0 00:00:33  -  Total Remote Usage
		Usr 0 00:00:00, Sys 0 00:00:00  -  Total Local Usage
	0  -  Run Bytes Sent By Job
	0  -  Run Bytes Received By Job
	0  -  Total Bytes Sent By Job
	0  -  Total Bytes Received By Job
	Partitionable Resources :    Usage  Request Allocated
	   Cpus                 :                 1         1
	   Disk (KB)            :        1        1   8812343
	   Gpus                 :                           0
	   Memory (MB)          :      232        1      4028
...
000 (384120.000.000) 05/08 05:53:00 Job submitted from host: <128.83.144.155:57685?addrs=128.83.144.155-57685>
...
001 (384120.000.000) 05/08 06:16:50 Job executing on host: <128.83.144.168:35892?addrs=128.83.144.168-35892>
...
006 (384120.000.000) 05/08 06:16:59 Image size of job updated: 979724
	118  -  MemoryUsage of job (MB)
	119812  -  ResidentSetSize of job (KB)
...
006 (384120.000.000) 05/08 06:22:00 Image size of job updated: 988452
	180  -  MemoryUsage of job (MB)
	183548  -  ResidentSetSize of job (KB)
...
006 (384120.000.000) 05/08 06:27:01 Image size of job updated: 1056272
	229  -  MemoryUsage of job (MB)
	234432  -  ResidentSetSize of job (KB)
...
006 (384120.000.000) 05/08 06:28:01 Image size of job updated: 1056280
	229  -  MemoryUsage of job (MB)
	234432  -  ResidentSetSize of job (KB)
...
005 (384120.000.000) 05/08 06:28:01 Job terminated.
	(1) Normal termination (return value 0)
		Usr 0 00:10:50, Sys 0 00:00:10  -  Run Remote Usage
		Usr 0 00:00:00, Sys 0 00:00:00  -  Run Local Usage
		Usr 0 00:10:50, Sys 0 00:00:10  -  Total Remote Usage
		Usr 0 00:00:00, Sys 0 00:00:00  -  Total Local Usage
	0  -  Run Bytes Sent By Job
	0  -  Run Bytes Received By Job
	0  -  Total Bytes Sent By Job
	0  -  Total Bytes Received By Job
	Partitionable Resources :    Usage  Request Allocated
	   Cpus                 :                 1         1
	   Disk (KB)            :        1        1   7539965
	   Gpus                 :                           0
	   Memory (MB)          :      229        1      4027
...
000 (417513.000.000) 05/09 03:37:25 Job submitted from host: <128.83.144.154:52346?addrs=128.83.144.154-52346>
...
001 (417513.000.000) 05/09 04:00:23 Job executing on host: <128.83.139.143:55125?addrs=128.83.139.143-55125>
...
006 (417513.000.000) 05/09 04:00:32 Image size of job updated: 813444
	62  -  MemoryUsage of job (MB)
	62616  -  ResidentSetSize of job (KB)
...
006 (417513.000.000) 05/09 04:05:33 Image size of job updated: 988480
	169  -  MemoryUsage of job (MB)
	172644  -  ResidentSetSize of job (KB)
...
006 (417513.000.000) 05/09 04:10:33 Image size of job updated: 1056192
	222  -  MemoryUsage of job (MB)
	226976  -  ResidentSetSize of job (KB)
...
006 (417513.000.000) 05/09 04:15:33 Image size of job updated: 1056712
	234  -  MemoryUsage of job (MB)
	238620  -  ResidentSetSize of job (KB)
...
005 (417513.000.000) 05/09 04:19:10 Job terminated.
	(1) Normal termination (return value 0)
		Usr 0 00:18:20, Sys 0 00:00:14  -  Run Remote Usage
		Usr 0 00:00:00, Sys 0 00:00:00  -  Run Local Usage
		Usr 0 00:18:20, Sys 0 00:00:14  -  Total Remote Usage
		Usr 0 00:00:00, Sys 0 00:00:00  -  Total Local Usage
	0  -  Run Bytes Sent By Job
	0  -  Run Bytes Received By Job
	0  -  Total Bytes Sent By Job
	0  -  Total Bytes Received By Job
	Partitionable Resources :    Usage  Request Allocated
	   Cpus                 :                 1         1
	   Disk (KB)            :        2        2   7539965
	   Gpus                 :                           0
	   Memory (MB)          :      234        1      4027
...
