000 (15005767.000.000) 08/01 20:50:05 Job submitted from host: <128.83.130.153:51299?addrs=128.83.130.153-51299>
...
001 (15005767.000.000) 08/01 20:50:12 Job executing on host: <128.83.120.75:36144?addrs=128.83.120.75-36144>
...
006 (15005767.000.000) 08/01 20:50:21 Image size of job updated: 4869776
	177  -  MemoryUsage of job (MB)
	180620  -  ResidentSetSize of job (KB)
...
006 (15005767.000.000) 08/01 20:55:22 Image size of job updated: 5592088
	563  -  MemoryUsage of job (MB)
	576184  -  ResidentSetSize of job (KB)
...
006 (15005767.000.000) 08/01 21:00:22 Image size of job updated: 5662564
	714  -  MemoryUsage of job (MB)
	731108  -  ResidentSetSize of job (KB)
...
006 (15005767.000.000) 08/01 21:05:23 Image size of job updated: 5728520
	830  -  MemoryUsage of job (MB)
	849220  -  ResidentSetSize of job (KB)
...
006 (15005767.000.000) 08/01 21:10:24 Image size of job updated: 5859720
	928  -  MemoryUsage of job (MB)
	950008  -  ResidentSetSize of job (KB)
...
006 (15005767.000.000) 08/01 21:15:24 Image size of job updated: 5927720
	1099  -  MemoryUsage of job (MB)
	1124640  -  ResidentSetSize of job (KB)
...
006 (15005767.000.000) 08/01 21:20:24 Image size of job updated: 5993664
	1213  -  MemoryUsage of job (MB)
	1241444  -  ResidentSetSize of job (KB)
...
006 (15005767.000.000) 08/01 21:25:25 Image size of job updated: 5993716
	1318  -  MemoryUsage of job (MB)
	1349584  -  ResidentSetSize of job (KB)
...
006 (15005767.000.000) 08/01 21:30:26 Image size of job updated: 6124788
	1436  -  MemoryUsage of job (MB)
	1470132  -  ResidentSetSize of job (KB)
...
006 (15005767.000.000) 08/01 21:35:26 Image size of job updated: 6256692
	1558  -  MemoryUsage of job (MB)
	1594696  -  ResidentSetSize of job (KB)
...
006 (15005767.000.000) 08/01 21:40:27 Image size of job updated: 6322480
	1697  -  MemoryUsage of job (MB)
	1737068  -  ResidentSetSize of job (KB)
...
006 (15005767.000.000) 08/01 21:45:28 Image size of job updated: 6453648
	1820  -  MemoryUsage of job (MB)
	1863208  -  ResidentSetSize of job (KB)
...
006 (15005767.000.000) 08/01 21:50:28 Image size of job updated: 6519996
	1953  -  MemoryUsage of job (MB)
	1999116  -  ResidentSetSize of job (KB)
...
006 (15005767.000.000) 08/01 21:52:08 Image size of job updated: 6585532
	1953  -  MemoryUsage of job (MB)
	1999116  -  ResidentSetSize of job (KB)
...
005 (15005767.000.000) 08/01 21:52:08 Job terminated.
	(1) Normal termination (return value 0)
		Usr 0 01:04:33, Sys 0 00:01:13  -  Run Remote Usage
		Usr 0 00:00:00, Sys 0 00:00:00  -  Run Local Usage
		Usr 0 01:04:33, Sys 0 00:01:13  -  Total Remote Usage
		Usr 0 00:00:00, Sys 0 00:00:00  -  Total Local Usage
	0  -  Run Bytes Sent By Job
	0  -  Run Bytes Received By Job
	0  -  Total Bytes Sent By Job
	0  -  Total Bytes Received By Job
	Partitionable Resources :    Usage  Request Allocated
	   Cpus                 :                 1         1
	   Disk (KB)            :        1        1   8862903
	   Gpus                 :                           0
	   Memory (MB)          :     1953        1      4028
...
