000 (15005702.000.000) 08/01 19:38:47 Job submitted from host: <128.83.130.153:51299?addrs=128.83.130.153-51299>
...
001 (15005702.000.000) 08/01 19:39:11 Job executing on host: <128.83.120.75:36144?addrs=128.83.120.75-36144>
...
006 (15005702.000.000) 08/01 19:39:19 Image size of job updated: 4654868
	179  -  MemoryUsage of job (MB)
	182548  -  ResidentSetSize of job (KB)
...
006 (15005702.000.000) 08/01 19:44:19 Image size of job updated: 5306208
	470  -  MemoryUsage of job (MB)
	480284  -  ResidentSetSize of job (KB)
...
006 (15005702.000.000) 08/01 19:49:20 Image size of job updated: 5373352
	598  -  MemoryUsage of job (MB)
	611596  -  ResidentSetSize of job (KB)
...
006 (15005702.000.000) 08/01 19:54:21 Image size of job updated: 5439076
	714  -  MemoryUsage of job (MB)
	730356  -  ResidentSetSize of job (KB)
...
006 (15005702.000.000) 08/01 19:59:21 Image size of job updated: 5570184
	839  -  MemoryUsage of job (MB)
	858296  -  ResidentSetSize of job (KB)
...
006 (15005702.000.000) 08/01 20:04:22 Image size of job updated: 5635720
	987  -  MemoryUsage of job (MB)
	1010036  -  ResidentSetSize of job (KB)
...
006 (15005702.000.000) 08/01 20:09:23 Image size of job updated: 5767036
	1149  -  MemoryUsage of job (MB)
	1175596  -  ResidentSetSize of job (KB)
...
005 (15005702.000.000) 08/01 20:10:41 Job terminated.
	(1) Normal termination (return value 0)
		Usr 0 00:33:08, Sys 0 00:00:32  -  Run Remote Usage
		Usr 0 00:00:00, Sys 0 00:00:00  -  Run Local Usage
		Usr 0 00:33:08, Sys 0 00:00:32  -  Total Remote Usage
		Usr 0 00:00:00, Sys 0 00:00:00  -  Total Local Usage
	0  -  Run Bytes Sent By Job
	0  -  Run Bytes Received By Job
	0  -  Total Bytes Sent By Job
	0  -  Total Bytes Received By Job
	Partitionable Resources :    Usage  Request Allocated
	   Cpus                 :                 1         1
	   Disk (KB)            :        1        1   8862903
	   Gpus                 :                           0
	   Memory (MB)          :     1149        1      4028
...
