000 (516087.000.000) 05/05 17:13:19 Job submitted from host: <128.83.144.149:44250?addrs=128.83.144.149-44250>
...
009 (516087.000.000) 05/05 17:14:25 Job was aborted by the user.
	via condor_rm (by user ypei)
...
000 (516294.000.000) 05/05 17:15:04 Job submitted from host: <128.83.144.149:44250?addrs=128.83.144.149-44250>
...
001 (516294.000.000) 05/05 17:15:30 Job executing on host: <128.83.144.40:59328?addrs=128.83.144.40-59328>
...
006 (516294.000.000) 05/05 17:15:38 Image size of job updated: 340324
	21  -  MemoryUsage of job (MB)
	21112  -  ResidentSetSize of job (KB)
...
010 (516294.000.000) 05/05 17:17:51 Job was suspended.
	Number of processes actually suspended: 8
...
006 (516294.000.000) 05/05 17:17:51 Image size of job updated: 1029904
	159  -  MemoryUsage of job (MB)
	161836  -  ResidentSetSize of job (KB)
...
006 (516294.000.000) 05/05 17:18:09 Image size of job updated: 1030080
	159  -  MemoryUsage of job (MB)
	161836  -  ResidentSetSize of job (KB)
...
004 (516294.000.000) 05/05 17:18:09 Job was evicted.
	(0) Job was not checkpointed.
		Usr 0 00:00:33, Sys 0 00:00:00  -  Run Remote Usage
		Usr 0 00:00:00, Sys 0 00:00:00  -  Run Local Usage
	0  -  Run Bytes Sent By Job
	0  -  Run Bytes Received By Job
	Partitionable Resources :    Usage  Request Allocated
	   Cpus                 :                 1         1
	   Disk (KB)            :        1        1   2219713
	   Gpus                 :                           0
	   Memory (MB)          :      159        1      4028
...
009 (516294.000.000) 05/05 17:18:10 Job was aborted by the user.
	via condor_rm (by user ypei)
...
000 (516501.000.000) 05/05 17:18:34 Job submitted from host: <128.83.144.149:44250?addrs=128.83.144.149-44250>
...
001 (516501.000.000) 05/05 17:20:00 Job executing on host: <128.83.120.250:59851?addrs=128.83.120.250-59851>
...
006 (516501.000.000) 05/05 17:20:08 Image size of job updated: 857468
	57  -  MemoryUsage of job (MB)
	57440  -  ResidentSetSize of job (KB)
...
006 (516501.000.000) 05/05 17:21:19 Image size of job updated: 1029224
	157  -  MemoryUsage of job (MB)
	160472  -  ResidentSetSize of job (KB)
...
004 (516501.000.000) 05/05 17:21:19 Job was evicted.
	(0) Job was not checkpointed.
		Usr 0 00:00:58, Sys 0 00:00:01  -  Run Remote Usage
		Usr 0 00:00:00, Sys 0 00:00:00  -  Run Local Usage
	0  -  Run Bytes Sent By Job
	0  -  Run Bytes Received By Job
	Partitionable Resources :    Usage  Request Allocated
	   Cpus                 :                 1         1
	   Disk (KB)            :        1        1    812560
	   Gpus                 :                           0
	   Memory (MB)          :      157        1     12899
...
009 (516501.000.000) 05/05 17:21:20 Job was aborted by the user.
	via condor_rm (by user ypei)
...
000 (517122.000.000) 05/05 17:21:58 Job submitted from host: <128.83.144.149:44250?addrs=128.83.144.149-44250>
...
001 (517122.000.000) 05/05 17:22:24 Job executing on host: <128.83.139.14:44306?addrs=128.83.139.14-44306>
...
006 (517122.000.000) 05/05 17:22:33 Image size of job updated: 856820
	56  -  MemoryUsage of job (MB)
	56880  -  ResidentSetSize of job (KB)
...
006 (517122.000.000) 05/05 17:27:33 Image size of job updated: 1099812
	196  -  MemoryUsage of job (MB)
	200496  -  ResidentSetSize of job (KB)
...
006 (517122.000.000) 05/05 17:32:33 Image size of job updated: 1101200
	280  -  MemoryUsage of job (MB)
	286504  -  ResidentSetSize of job (KB)
...
006 (517122.000.000) 05/05 17:37:34 Image size of job updated: 1166740
	288  -  MemoryUsage of job (MB)
	294700  -  ResidentSetSize of job (KB)
...
005 (517122.000.000) 05/05 17:38:01 Job terminated.
	(1) Normal termination (return value 0)
		Usr 0 00:14:11, Sys 0 00:00:11  -  Run Remote Usage
		Usr 0 00:00:00, Sys 0 00:00:00  -  Run Local Usage
		Usr 0 00:14:11, Sys 0 00:00:11  -  Total Remote Usage
		Usr 0 00:00:00, Sys 0 00:00:00  -  Total Local Usage
	0  -  Run Bytes Sent By Job
	0  -  Run Bytes Received By Job
	0  -  Total Bytes Sent By Job
	0  -  Total Bytes Received By Job
	Partitionable Resources :    Usage  Request Allocated
	   Cpus                 :                 1         1
	   Disk (KB)            :        1        1   1695320
	   Gpus                 :                           0
	   Memory (MB)          :      288        1     12899
...
000 (518157.000.000) 05/06 21:33:16 Job submitted from host: <128.83.144.149:44250?addrs=128.83.144.149-44250>
...
009 (518157.000.000) 05/06 21:33:42 Job was aborted by the user.
	via condor_rm (by user ypei)
...
000 (518364.000.000) 05/06 21:34:21 Job submitted from host: <128.83.144.149:44250?addrs=128.83.144.149-44250>
...
001 (518364.000.000) 05/06 21:34:52 Job executing on host: <128.83.120.128:51378?addrs=128.83.120.128-51378>
...
006 (518364.000.000) 05/06 21:35:00 Image size of job updated: 856956
	56  -  MemoryUsage of job (MB)
	56892  -  ResidentSetSize of job (KB)
...
006 (518364.000.000) 05/06 21:40:00 Image size of job updated: 1034380
	194  -  MemoryUsage of job (MB)
	197868  -  ResidentSetSize of job (KB)
...
006 (518364.000.000) 05/06 21:45:00 Image size of job updated: 1101348
	269  -  MemoryUsage of job (MB)
	275404  -  ResidentSetSize of job (KB)
...
006 (518364.000.000) 05/06 21:50:01 Image size of job updated: 1101372
	279  -  MemoryUsage of job (MB)
	285352  -  ResidentSetSize of job (KB)
...
006 (518364.000.000) 05/06 21:55:01 Image size of job updated: 1101376
	282  -  MemoryUsage of job (MB)
	287784  -  ResidentSetSize of job (KB)
...
006 (518364.000.000) 05/06 22:00:01 Image size of job updated: 1167168
	288  -  MemoryUsage of job (MB)
	294496  -  ResidentSetSize of job (KB)
...
005 (518364.000.000) 05/06 22:00:12 Job terminated.
	(1) Normal termination (return value 0)
		Usr 0 00:23:41, Sys 0 00:00:33  -  Run Remote Usage
		Usr 0 00:00:00, Sys 0 00:00:00  -  Run Local Usage
		Usr 0 00:23:41, Sys 0 00:00:33  -  Total Remote Usage
		Usr 0 00:00:00, Sys 0 00:00:00  -  Total Local Usage
	0  -  Run Bytes Sent By Job
	0  -  Run Bytes Received By Job
	0  -  Total Bytes Sent By Job
	0  -  Total Bytes Received By Job
	Partitionable Resources :    Usage  Request Allocated
	   Cpus                 :                 1         1
	   Disk (KB)            :        1        1    803076
	   Gpus                 :                           0
	   Memory (MB)          :      288        1     12899
...
000 (381932.000.000) 05/07 00:29:09 Job submitted from host: <128.83.144.155:57685?addrs=128.83.144.155-57685>
...
001 (381932.000.000) 05/07 00:29:21 Job executing on host: <128.83.139.14:44306?addrs=128.83.139.14-44306>
...
006 (381932.000.000) 05/07 00:29:30 Image size of job updated: 857472
	57  -  MemoryUsage of job (MB)
	57580  -  ResidentSetSize of job (KB)
...
006 (381932.000.000) 05/07 00:34:31 Image size of job updated: 1034316
	185  -  MemoryUsage of job (MB)
	189364  -  ResidentSetSize of job (KB)
...
006 (381932.000.000) 05/07 00:39:32 Image size of job updated: 1034664
	194  -  MemoryUsage of job (MB)
	197676  -  ResidentSetSize of job (KB)
...
006 (381932.000.000) 05/07 00:44:32 Image size of job updated: 1101360
	267  -  MemoryUsage of job (MB)
	273288  -  ResidentSetSize of job (KB)
...
006 (381932.000.000) 05/07 00:49:32 Image size of job updated: 1101376
	272  -  MemoryUsage of job (MB)
	278504  -  ResidentSetSize of job (KB)
...
006 (381932.000.000) 05/07 00:54:33 Image size of job updated: 1101636
	275  -  MemoryUsage of job (MB)
	280756  -  ResidentSetSize of job (KB)
...
005 (381932.000.000) 05/07 00:59:03 Job terminated.
	(1) Normal termination (return value 0)
		Usr 0 00:28:01, Sys 0 00:00:32  -  Run Remote Usage
		Usr 0 00:00:00, Sys 0 00:00:00  -  Run Local Usage
		Usr 0 00:28:01, Sys 0 00:00:32  -  Total Remote Usage
		Usr 0 00:00:00, Sys 0 00:00:00  -  Total Local Usage
	0  -  Run Bytes Sent By Job
	0  -  Run Bytes Received By Job
	0  -  Total Bytes Sent By Job
	0  -  Total Bytes Received By Job
	Partitionable Resources :    Usage  Request Allocated
	   Cpus                 :                 1         1
	   Disk (KB)            :        1        1   1675521
	   Gpus                 :                           0
	   Memory (MB)          :      275        1     12899
...
