000 (515910.000.000) 05/05 17:12:17 Job submitted from host: <128.83.144.149:44250?addrs=128.83.144.149-44250>
...
001 (515910.000.000) 05/05 17:12:27 Job executing on host: <128.83.130.161:35317?addrs=128.83.130.161-35317>
...
006 (515910.000.000) 05/05 17:12:36 Image size of job updated: 1089684
	56  -  MemoryUsage of job (MB)
	57328  -  ResidentSetSize of job (KB)
...
006 (515910.000.000) 05/05 17:12:50 Image size of job updated: 1105288
	56  -  MemoryUsage of job (MB)
	57328  -  ResidentSetSize of job (KB)
...
004 (515910.000.000) 05/05 17:12:50 Job was evicted.
	(0) Job was not checkpointed.
		Usr 0 00:00:00, Sys 0 00:00:00  -  Run Remote Usage
		Usr 0 00:00:00, Sys 0 00:00:00  -  Run Local Usage
	0  -  Run Bytes Sent By Job
	0  -  Run Bytes Received By Job
	Partitionable Resources :    Usage  Request Allocated
	   Cpus                 :                 1         1
	   Disk (KB)            :        1        1   1888652
	   Gpus                 :                           0
	   Memory (MB)          :       56        1     21164
...
009 (515910.000.000) 05/05 17:12:51 Job was aborted by the user.
	via condor_rm (by user ypei)
...
000 (515940.000.000) 05/05 17:13:06 Job submitted from host: <128.83.144.149:44250?addrs=128.83.144.149-44250>
...
001 (515940.000.000) 05/05 17:13:28 Job executing on host: <128.83.130.161:35317?addrs=128.83.130.161-35317>
...
006 (515940.000.000) 05/05 17:13:36 Image size of job updated: 1089036
	56  -  MemoryUsage of job (MB)
	56780  -  ResidentSetSize of job (KB)
...
006 (515940.000.000) 05/05 17:14:27 Image size of job updated: 1089548
	56  -  MemoryUsage of job (MB)
	56780  -  ResidentSetSize of job (KB)
...
004 (515940.000.000) 05/05 17:14:27 Job was evicted.
	(0) Job was not checkpointed.
		Usr 0 00:00:00, Sys 0 00:00:00  -  Run Remote Usage
		Usr 0 00:00:00, Sys 0 00:00:00  -  Run Local Usage
	0  -  Run Bytes Sent By Job
	0  -  Run Bytes Received By Job
	Partitionable Resources :    Usage  Request Allocated
	   Cpus                 :                 1         1
	   Disk (KB)            :        1        1   1888652
	   Gpus                 :                           0
	   Memory (MB)          :       56        1     21164
...
009 (515940.000.000) 05/05 17:14:28 Job was aborted by the user.
	via condor_rm (by user ypei)
...
000 (516165.000.000) 05/05 17:14:48 Job submitted from host: <128.83.144.149:44250?addrs=128.83.144.149-44250>
...
001 (516165.000.000) 05/05 17:14:58 Job executing on host: <128.83.120.128:51378?addrs=128.83.120.128-51378>
...
006 (516165.000.000) 05/05 17:15:07 Image size of job updated: 1089036
	56  -  MemoryUsage of job (MB)
	56752  -  ResidentSetSize of job (KB)
...
006 (516165.000.000) 05/05 17:18:12 Image size of job updated: 1259748
	56  -  MemoryUsage of job (MB)
	56752  -  ResidentSetSize of job (KB)
...
004 (516165.000.000) 05/05 17:18:12 Job was evicted.
	(0) Job was not checkpointed.
		Usr 0 00:00:57, Sys 0 00:00:01  -  Run Remote Usage
		Usr 0 00:00:00, Sys 0 00:00:00  -  Run Local Usage
	0  -  Run Bytes Sent By Job
	0  -  Run Bytes Received By Job
	Partitionable Resources :    Usage  Request Allocated
	   Cpus                 :                 1         1
	   Disk (KB)            :        1        1    812221
	   Gpus                 :                           0
	   Memory (MB)          :       56        1     12899
...
009 (516165.000.000) 05/05 17:18:12 Job was aborted by the user.
	via condor_rm (by user ypei)
...
000 (516372.000.000) 05/05 17:18:19 Job submitted from host: <128.83.144.149:44250?addrs=128.83.144.149-44250>
...
001 (516372.000.000) 05/05 17:18:29 Job executing on host: <128.83.120.230:37764?addrs=128.83.120.230-37764>
...
006 (516372.000.000) 05/05 17:18:38 Image size of job updated: 1089548
	56  -  MemoryUsage of job (MB)
	57328  -  ResidentSetSize of job (KB)
...
006 (516372.000.000) 05/05 17:21:21 Image size of job updated: 1259748
	115  -  MemoryUsage of job (MB)
	116876  -  ResidentSetSize of job (KB)
...
004 (516372.000.000) 05/05 17:21:21 Job was evicted.
	(0) Job was not checkpointed.
		Usr 0 00:01:20, Sys 0 00:00:00  -  Run Remote Usage
		Usr 0 00:00:00, Sys 0 00:00:00  -  Run Local Usage
	0  -  Run Bytes Sent By Job
	0  -  Run Bytes Received By Job
	Partitionable Resources :    Usage  Request Allocated
	   Cpus                 :                 1         1
	   Disk (KB)            :        1        1    827436
	   Gpus                 :                           0
	   Memory (MB)          :      115        1     12899
...
009 (516372.000.000) 05/05 17:21:21 Job was aborted by the user.
	via condor_rm (by user ypei)
...
000 (516993.000.000) 05/05 17:21:40 Job submitted from host: <128.83.144.149:44250?addrs=128.83.144.149-44250>
...
001 (516993.000.000) 05/05 17:21:52 Job executing on host: <128.83.130.161:35317?addrs=128.83.130.161-35317>
...
006 (516993.000.000) 05/05 17:22:00 Image size of job updated: 1089036
	56  -  MemoryUsage of job (MB)
	56772  -  ResidentSetSize of job (KB)
...
006 (516993.000.000) 05/05 17:27:00 Image size of job updated: 1259752
	128  -  MemoryUsage of job (MB)
	130904  -  ResidentSetSize of job (KB)
...
006 (516993.000.000) 05/05 17:32:01 Image size of job updated: 1259752
	144  -  MemoryUsage of job (MB)
	146876  -  ResidentSetSize of job (KB)
...
006 (516993.000.000) 05/05 17:37:02 Image size of job updated: 1259752
	156  -  MemoryUsage of job (MB)
	159344  -  ResidentSetSize of job (KB)
...
006 (516993.000.000) 05/05 17:42:02 Image size of job updated: 1259752
	167  -  MemoryUsage of job (MB)
	170912  -  ResidentSetSize of job (KB)
...
006 (516993.000.000) 05/05 17:47:02 Image size of job updated: 1325292
	178  -  MemoryUsage of job (MB)
	181940  -  ResidentSetSize of job (KB)
...
005 (516993.000.000) 05/05 17:47:43 Job terminated.
	(1) Normal termination (return value 0)
		Usr 0 00:23:24, Sys 0 00:00:38  -  Run Remote Usage
		Usr 0 00:00:00, Sys 0 00:00:00  -  Run Local Usage
		Usr 0 00:23:24, Sys 0 00:00:38  -  Total Remote Usage
		Usr 0 00:00:00, Sys 0 00:00:00  -  Total Local Usage
	0  -  Run Bytes Sent By Job
	0  -  Run Bytes Received By Job
	0  -  Total Bytes Sent By Job
	0  -  Total Bytes Received By Job
	Partitionable Resources :    Usage  Request Allocated
	   Cpus                 :                 1         1
	   Disk (KB)            :        1        1   1888646
	   Gpus                 :                           0
	   Memory (MB)          :      178        1     21164
...
000 (518028.000.000) 05/06 21:33:01 Job submitted from host: <128.83.144.149:44250?addrs=128.83.144.149-44250>
...
001 (518028.000.000) 05/06 21:33:10 Job executing on host: <128.83.120.128:51378?addrs=128.83.120.128-51378>
...
006 (518028.000.000) 05/06 21:33:19 Image size of job updated: 1090568
	57  -  MemoryUsage of job (MB)
	58352  -  ResidentSetSize of job (KB)
...
006 (518028.000.000) 05/06 21:33:45 Image size of job updated: 1094428
	57  -  MemoryUsage of job (MB)
	58352  -  ResidentSetSize of job (KB)
...
004 (518028.000.000) 05/06 21:33:45 Job was evicted.
	(0) Job was not checkpointed.
		Usr 0 00:00:00, Sys 0 00:00:00  -  Run Remote Usage
		Usr 0 00:00:00, Sys 0 00:00:00  -  Run Local Usage
	0  -  Run Bytes Sent By Job
	0  -  Run Bytes Received By Job
	Partitionable Resources :    Usage  Request Allocated
	   Cpus                 :                 1         1
	   Disk (KB)            :        1        1    803076
	   Gpus                 :                           0
	   Memory (MB)          :       57        1     12899
...
009 (518028.000.000) 05/06 21:33:46 Job was aborted by the user.
	via condor_rm (by user ypei)
...
000 (518235.000.000) 05/06 21:34:08 Job submitted from host: <128.83.144.149:44250?addrs=128.83.144.149-44250>
...
001 (518235.000.000) 05/06 21:34:19 Job executing on host: <128.83.120.128:51378?addrs=128.83.120.128-51378>
...
006 (518235.000.000) 05/06 21:34:28 Image size of job updated: 1089684
	56  -  MemoryUsage of job (MB)
	57272  -  ResidentSetSize of job (KB)
...
006 (518235.000.000) 05/06 21:39:29 Image size of job updated: 1259920
	137  -  MemoryUsage of job (MB)
	139724  -  ResidentSetSize of job (KB)
...
006 (518235.000.000) 05/06 21:44:29 Image size of job updated: 1259920
	153  -  MemoryUsage of job (MB)
	155784  -  ResidentSetSize of job (KB)
...
006 (518235.000.000) 05/06 21:49:29 Image size of job updated: 1259920
	167  -  MemoryUsage of job (MB)
	170188  -  ResidentSetSize of job (KB)
...
006 (518235.000.000) 05/06 21:54:30 Image size of job updated: 1325456
	180  -  MemoryUsage of job (MB)
	183332  -  ResidentSetSize of job (KB)
...
005 (518235.000.000) 05/06 21:55:12 Job terminated.
	(1) Normal termination (return value 0)
		Usr 0 00:19:07, Sys 0 00:00:24  -  Run Remote Usage
		Usr 0 00:00:00, Sys 0 00:00:00  -  Run Local Usage
		Usr 0 00:19:07, Sys 0 00:00:24  -  Total Remote Usage
		Usr 0 00:00:00, Sys 0 00:00:00  -  Total Local Usage
	0  -  Run Bytes Sent By Job
	0  -  Run Bytes Received By Job
	0  -  Total Bytes Sent By Job
	0  -  Total Bytes Received By Job
	Partitionable Resources :    Usage  Request Allocated
	   Cpus                 :                 1         1
	   Disk (KB)            :        1        1    803074
	   Gpus                 :                           0
	   Memory (MB)          :      180        1     12899
...
000 (381803.000.000) 05/07 00:29:00 Job submitted from host: <128.83.144.155:57685?addrs=128.83.144.155-57685>
...
001 (381803.000.000) 05/07 00:29:15 Job executing on host: <128.83.139.9:47643?addrs=128.83.139.9-47643>
...
006 (381803.000.000) 05/07 00:29:23 Image size of job updated: 1090708
	54  -  MemoryUsage of job (MB)
	54432  -  ResidentSetSize of job (KB)
...
006 (381803.000.000) 05/07 00:34:23 Image size of job updated: 1259924
	129  -  MemoryUsage of job (MB)
	131724  -  ResidentSetSize of job (KB)
...
006 (381803.000.000) 05/07 00:39:24 Image size of job updated: 1259924
	143  -  MemoryUsage of job (MB)
	145676  -  ResidentSetSize of job (KB)
...
006 (381803.000.000) 05/07 00:44:25 Image size of job updated: 1259924
	155  -  MemoryUsage of job (MB)
	157848  -  ResidentSetSize of job (KB)
...
006 (381803.000.000) 05/07 00:49:25 Image size of job updated: 1260180
	164  -  MemoryUsage of job (MB)
	166980  -  ResidentSetSize of job (KB)
...
005 (381803.000.000) 05/07 00:52:30 Job terminated.
	(1) Normal termination (return value 0)
		Usr 0 00:21:50, Sys 0 00:00:24  -  Run Remote Usage
		Usr 0 00:00:00, Sys 0 00:00:00  -  Run Local Usage
		Usr 0 00:21:50, Sys 0 00:00:24  -  Total Remote Usage
		Usr 0 00:00:00, Sys 0 00:00:00  -  Total Local Usage
	0  -  Run Bytes Sent By Job
	0  -  Run Bytes Received By Job
	0  -  Total Bytes Sent By Job
	0  -  Total Bytes Received By Job
	Partitionable Resources :    Usage  Request Allocated
	   Cpus                 :                 1         1
	   Disk (KB)            :        1        1   1678561
	   Gpus                 :                           0
	   Memory (MB)          :      164        1     12899
...
