000 (15005708.000.000) 08/01 19:38:47 Job submitted from host: <128.83.130.153:51299?addrs=128.83.130.153-51299>
...
001 (15005708.000.000) 08/01 19:39:12 Job executing on host: <128.83.120.75:36144?addrs=128.83.120.75-36144>
...
006 (15005708.000.000) 08/01 19:39:20 Image size of job updated: 3924884
	183  -  MemoryUsage of job (MB)
	186876  -  ResidentSetSize of job (KB)
...
006 (15005708.000.000) 08/01 19:44:20 Image size of job updated: 4578508
	633  -  MemoryUsage of job (MB)
	647440  -  ResidentSetSize of job (KB)
...
006 (15005708.000.000) 08/01 19:49:20 Image size of job updated: 4578728
	717  -  MemoryUsage of job (MB)
	733352  -  ResidentSetSize of job (KB)
...
006 (15005708.000.000) 08/01 19:54:21 Image size of job updated: 4647988
	916  -  MemoryUsage of job (MB)
	937248  -  ResidentSetSize of job (KB)
...
006 (15005708.000.000) 08/01 19:59:21 Image size of job updated: 4648456
	993  -  MemoryUsage of job (MB)
	1016060  -  ResidentSetSize of job (KB)
...
006 (15005708.000.000) 08/01 20:04:21 Image size of job updated: 4846048
	1086  -  MemoryUsage of job (MB)
	1111968  -  ResidentSetSize of job (KB)
...
006 (15005708.000.000) 08/01 20:09:22 Image size of job updated: 4846292
	1169  -  MemoryUsage of job (MB)
	1196532  -  ResidentSetSize of job (KB)
...
006 (15005708.000.000) 08/01 20:14:23 Image size of job updated: 4912712
	1224  -  MemoryUsage of job (MB)
	1252588  -  ResidentSetSize of job (KB)
...
005 (15005708.000.000) 08/01 20:15:46 Job terminated.
	(1) Normal termination (return value 0)
		Usr 0 00:41:46, Sys 0 00:00:59  -  Run Remote Usage
		Usr 0 00:00:00, Sys 0 00:00:00  -  Run Local Usage
		Usr 0 00:41:46, Sys 0 00:00:59  -  Total Remote Usage
		Usr 0 00:00:00, Sys 0 00:00:00  -  Total Local Usage
	0  -  Run Bytes Sent By Job
	0  -  Run Bytes Received By Job
	0  -  Total Bytes Sent By Job
	0  -  Total Bytes Received By Job
	Partitionable Resources :    Usage  Request Allocated
	   Cpus                 :                 1         1
	   Disk (KB)            :        1        1   8862903
	   Gpus                 :                           0
	   Memory (MB)          :     1224        1      4028
...
