000 (515905.000.000) 05/05 17:12:16 Job submitted from host: <128.83.144.149:44250?addrs=128.83.144.149-44250>
...
001 (515905.000.000) 05/05 17:12:27 Job executing on host: <128.83.144.147:58788?addrs=128.83.144.147-58788>
...
006 (515905.000.000) 05/05 17:12:35 Image size of job updated: 340624
	22  -  MemoryUsage of job (MB)
	21528  -  ResidentSetSize of job (KB)
...
006 (515905.000.000) 05/05 17:12:50 Image size of job updated: 1094564
	22  -  MemoryUsage of job (MB)
	21528  -  ResidentSetSize of job (KB)
...
004 (515905.000.000) 05/05 17:12:50 Job was evicted.
	(0) Job was not checkpointed.
		Usr 0 00:00:00, Sys 0 00:00:00  -  Run Remote Usage
		Usr 0 00:00:00, Sys 0 00:00:00  -  Run Local Usage
	0  -  Run Bytes Sent By Job
	0  -  Run Bytes Received By Job
	Partitionable Resources :    Usage  Request Allocated
	   Cpus                 :                 1         1
	   Disk (KB)            :        1        1   1883947
	   Gpus                 :                           0
	   Memory (MB)          :       22        1     21164
...
009 (515905.000.000) 05/05 17:12:51 Job was aborted by the user.
	via condor_rm (by user ypei)
...
000 (515935.000.000) 05/05 17:13:06 Job submitted from host: <128.83.144.149:44250?addrs=128.83.144.149-44250>
...
001 (515935.000.000) 05/05 17:13:27 Job executing on host: <128.83.144.147:58788?addrs=128.83.144.147-58788>
...
006 (515935.000.000) 05/05 17:13:36 Image size of job updated: 1089012
	54  -  MemoryUsage of job (MB)
	54492  -  ResidentSetSize of job (KB)
...
006 (515935.000.000) 05/05 17:14:25 Image size of job updated: 1089684
	54  -  MemoryUsage of job (MB)
	54492  -  ResidentSetSize of job (KB)
...
004 (515935.000.000) 05/05 17:14:25 Job was evicted.
	(0) Job was not checkpointed.
		Usr 0 00:00:00, Sys 0 00:00:00  -  Run Remote Usage
		Usr 0 00:00:00, Sys 0 00:00:00  -  Run Local Usage
	0  -  Run Bytes Sent By Job
	0  -  Run Bytes Received By Job
	Partitionable Resources :    Usage  Request Allocated
	   Cpus                 :                 1         1
	   Disk (KB)            :        1        1   1883947
	   Gpus                 :                           0
	   Memory (MB)          :       54        1     21164
...
009 (515935.000.000) 05/05 17:14:25 Job was aborted by the user.
	via condor_rm (by user ypei)
...
000 (516160.000.000) 05/05 17:14:48 Job submitted from host: <128.83.144.149:44250?addrs=128.83.144.149-44250>
...
001 (516160.000.000) 05/05 17:14:57 Job executing on host: <128.83.130.161:35317?addrs=128.83.130.161-35317>
...
006 (516160.000.000) 05/05 17:15:05 Image size of job updated: 340324
	21  -  MemoryUsage of job (MB)
	21276  -  ResidentSetSize of job (KB)
...
006 (516160.000.000) 05/05 17:18:09 Image size of job updated: 1259816
	21  -  MemoryUsage of job (MB)
	21276  -  ResidentSetSize of job (KB)
...
004 (516160.000.000) 05/05 17:18:09 Job was evicted.
	(0) Job was not checkpointed.
		Usr 0 00:01:02, Sys 0 00:00:01  -  Run Remote Usage
		Usr 0 00:00:00, Sys 0 00:00:00  -  Run Local Usage
	0  -  Run Bytes Sent By Job
	0  -  Run Bytes Received By Job
	Partitionable Resources :    Usage  Request Allocated
	   Cpus                 :                 1         1
	   Disk (KB)            :        1        1   1888653
	   Gpus                 :                           0
	   Memory (MB)          :       21        1     21164
...
009 (516160.000.000) 05/05 17:18:09 Job was aborted by the user.
	via condor_rm (by user ypei)
...
000 (516367.000.000) 05/05 17:18:18 Job submitted from host: <128.83.144.149:44250?addrs=128.83.144.149-44250>
...
001 (516367.000.000) 05/05 17:18:29 Job executing on host: <128.83.130.161:35317?addrs=128.83.130.161-35317>
...
006 (516367.000.000) 05/05 17:18:37 Image size of job updated: 1
	2  -  MemoryUsage of job (MB)
	1628  -  ResidentSetSize of job (KB)
...
006 (516367.000.000) 05/05 17:21:24 Image size of job updated: 1259952
	2  -  MemoryUsage of job (MB)
	1628  -  ResidentSetSize of job (KB)
...
004 (516367.000.000) 05/05 17:21:24 Job was evicted.
	(0) Job was not checkpointed.
		Usr 0 00:01:33, Sys 0 00:00:03  -  Run Remote Usage
		Usr 0 00:00:00, Sys 0 00:00:00  -  Run Local Usage
	0  -  Run Bytes Sent By Job
	0  -  Run Bytes Received By Job
	Partitionable Resources :    Usage  Request Allocated
	   Cpus                 :                 1         1
	   Disk (KB)            :        1        1   1888651
	   Gpus                 :                           0
	   Memory (MB)          :        2        1     21164
...
009 (516367.000.000) 05/05 17:21:24 Job was aborted by the user.
	via condor_rm (by user ypei)
...
000 (516988.000.000) 05/05 17:21:40 Job submitted from host: <128.83.144.149:44250?addrs=128.83.144.149-44250>
...
001 (516988.000.000) 05/05 17:21:51 Job executing on host: <128.83.144.147:58788?addrs=128.83.144.147-58788>
...
006 (516988.000.000) 05/05 17:21:59 Image size of job updated: 340464
	21  -  MemoryUsage of job (MB)
	21276  -  ResidentSetSize of job (KB)
...
006 (516988.000.000) 05/05 17:26:59 Image size of job updated: 1259960
	160  -  MemoryUsage of job (MB)
	162964  -  ResidentSetSize of job (KB)
...
006 (516988.000.000) 05/05 17:31:59 Image size of job updated: 1259960
	173  -  MemoryUsage of job (MB)
	176252  -  ResidentSetSize of job (KB)
...
006 (516988.000.000) 05/05 17:37:00 Image size of job updated: 1259960
	181  -  MemoryUsage of job (MB)
	185104  -  ResidentSetSize of job (KB)
...
006 (516988.000.000) 05/05 17:42:01 Image size of job updated: 1261260
	193  -  MemoryUsage of job (MB)
	197436  -  ResidentSetSize of job (KB)
...
005 (516988.000.000) 05/05 17:42:31 Job terminated.
	(1) Normal termination (return value 0)
		Usr 0 00:18:29, Sys 0 00:00:27  -  Run Remote Usage
		Usr 0 00:00:00, Sys 0 00:00:00  -  Run Local Usage
		Usr 0 00:18:29, Sys 0 00:00:27  -  Total Remote Usage
		Usr 0 00:00:00, Sys 0 00:00:00  -  Total Local Usage
	0  -  Run Bytes Sent By Job
	0  -  Run Bytes Received By Job
	0  -  Total Bytes Sent By Job
	0  -  Total Bytes Received By Job
	Partitionable Resources :    Usage  Request Allocated
	   Cpus                 :                 1         1
	   Disk (KB)            :        1        1   1890646
	   Gpus                 :                           0
	   Memory (MB)          :      193        1     21164
...
000 (518023.000.000) 05/06 21:33:00 Job submitted from host: <128.83.144.149:44250?addrs=128.83.144.149-44250>
...
001 (518023.000.000) 05/06 21:33:10 Job executing on host: <128.83.144.147:58788?addrs=128.83.144.147-58788>
...
006 (518023.000.000) 05/06 21:33:19 Image size of job updated: 1090132
	55  -  MemoryUsage of job (MB)
	55792  -  ResidentSetSize of job (KB)
...
006 (518023.000.000) 05/06 21:33:42 Image size of job updated: 1094564
	58  -  MemoryUsage of job (MB)
	59184  -  ResidentSetSize of job (KB)
...
004 (518023.000.000) 05/06 21:33:42 Job was evicted.
	(0) Job was not checkpointed.
		Usr 0 00:00:00, Sys 0 00:00:00  -  Run Remote Usage
		Usr 0 00:00:00, Sys 0 00:00:00  -  Run Local Usage
	0  -  Run Bytes Sent By Job
	0  -  Run Bytes Received By Job
	Partitionable Resources :    Usage  Request Allocated
	   Cpus                 :                 1         1
	   Disk (KB)            :        1        1   1862094
	   Gpus                 :                           0
	   Memory (MB)          :       58        1     21164
...
009 (518023.000.000) 05/06 21:33:43 Job was aborted by the user.
	via condor_rm (by user ypei)
...
000 (518230.000.000) 05/06 21:34:08 Job submitted from host: <128.83.144.149:44250?addrs=128.83.144.149-44250>
...
001 (518230.000.000) 05/06 21:34:18 Job executing on host: <128.83.120.128:51378?addrs=128.83.120.128-51378>
...
006 (518230.000.000) 05/06 21:34:26 Image size of job updated: 1089684
	54  -  MemoryUsage of job (MB)
	55244  -  ResidentSetSize of job (KB)
...
006 (518230.000.000) 05/06 21:39:26 Image size of job updated: 1259964
	160  -  MemoryUsage of job (MB)
	163252  -  ResidentSetSize of job (KB)
...
006 (518230.000.000) 05/06 21:44:27 Image size of job updated: 1259964
	172  -  MemoryUsage of job (MB)
	175636  -  ResidentSetSize of job (KB)
...
006 (518230.000.000) 05/06 21:49:28 Image size of job updated: 1259964
	180  -  MemoryUsage of job (MB)
	184152  -  ResidentSetSize of job (KB)
...
006 (518230.000.000) 05/06 21:54:28 Image size of job updated: 1261264
	192  -  MemoryUsage of job (MB)
	195628  -  ResidentSetSize of job (KB)
...
006 (518230.000.000) 05/06 21:55:47 Image size of job updated: 1261520
	192  -  MemoryUsage of job (MB)
	195628  -  ResidentSetSize of job (KB)
...
005 (518230.000.000) 05/06 21:55:47 Job terminated.
	(1) Normal termination (return value 0)
		Usr 0 00:19:47, Sys 0 00:00:24  -  Run Remote Usage
		Usr 0 00:00:00, Sys 0 00:00:00  -  Run Local Usage
		Usr 0 00:19:47, Sys 0 00:00:24  -  Total Remote Usage
		Usr 0 00:00:00, Sys 0 00:00:00  -  Total Local Usage
	0  -  Run Bytes Sent By Job
	0  -  Run Bytes Received By Job
	0  -  Total Bytes Sent By Job
	0  -  Total Bytes Received By Job
	Partitionable Resources :    Usage  Request Allocated
	   Cpus                 :                 1         1
	   Disk (KB)            :        1        1    803077
	   Gpus                 :                           0
	   Memory (MB)          :      192        1     12899
...
000 (381798.000.000) 05/07 00:28:59 Job submitted from host: <128.83.144.155:57685?addrs=128.83.144.155-57685>
...
001 (381798.000.000) 05/07 00:29:14 Job executing on host: <128.83.130.161:35317?addrs=128.83.130.161-35317>
...
006 (381798.000.000) 05/07 00:29:23 Image size of job updated: 1090708
	57  -  MemoryUsage of job (MB)
	58364  -  ResidentSetSize of job (KB)
...
006 (381798.000.000) 05/07 00:34:24 Image size of job updated: 1259988
	156  -  MemoryUsage of job (MB)
	158800  -  ResidentSetSize of job (KB)
...
006 (381798.000.000) 05/07 00:39:24 Image size of job updated: 1259988
	164  -  MemoryUsage of job (MB)
	167032  -  ResidentSetSize of job (KB)
...
006 (381798.000.000) 05/07 00:44:24 Image size of job updated: 1259988
	170  -  MemoryUsage of job (MB)
	173888  -  ResidentSetSize of job (KB)
...
006 (381798.000.000) 05/07 00:49:25 Image size of job updated: 1259988
	175  -  MemoryUsage of job (MB)
	178796  -  ResidentSetSize of job (KB)
...
006 (381798.000.000) 05/07 00:54:25 Image size of job updated: 1261288
	183  -  MemoryUsage of job (MB)
	186652  -  ResidentSetSize of job (KB)
...
005 (381798.000.000) 05/07 00:54:56 Job terminated.
	(1) Normal termination (return value 0)
		Usr 0 00:24:12, Sys 0 00:00:37  -  Run Remote Usage
		Usr 0 00:00:00, Sys 0 00:00:00  -  Run Local Usage
		Usr 0 00:24:12, Sys 0 00:00:37  -  Total Remote Usage
		Usr 0 00:00:00, Sys 0 00:00:00  -  Total Local Usage
	0  -  Run Bytes Sent By Job
	0  -  Run Bytes Received By Job
	0  -  Total Bytes Sent By Job
	0  -  Total Bytes Received By Job
	Partitionable Resources :    Usage  Request Allocated
	   Cpus                 :                 1         1
	   Disk (KB)            :        1        1   1867706
	   Gpus                 :                           0
	   Memory (MB)          :      183        1     21164
...
