000 (15005733.000.000) 08/01 19:38:49 Job submitted from host: <128.83.130.153:51299?addrs=128.83.130.153-51299>
...
001 (15005733.000.000) 08/01 19:39:10 Job executing on host: <128.83.130.232:41359?addrs=128.83.130.232-41359>
...
006 (15005733.000.000) 08/01 19:39:18 Image size of job updated: 1508468
	44  -  MemoryUsage of job (MB)
	44924  -  ResidentSetSize of job (KB)
...
006 (15005733.000.000) 08/01 19:44:18 Image size of job updated: 7121572
	1961  -  MemoryUsage of job (MB)
	2007544  -  ResidentSetSize of job (KB)
...
006 (15005733.000.000) 08/01 19:49:18 Image size of job updated: 7187508
	2336  -  MemoryUsage of job (MB)
	2391552  -  ResidentSetSize of job (KB)
...
006 (15005733.000.000) 08/01 19:54:19 Image size of job updated: 7253064
	2503  -  MemoryUsage of job (MB)
	2562588  -  ResidentSetSize of job (KB)
...
006 (15005733.000.000) 08/01 19:59:20 Image size of job updated: 7515208
	2648  -  MemoryUsage of job (MB)
	2711412  -  ResidentSetSize of job (KB)
...
006 (15005733.000.000) 08/01 20:04:20 Image size of job updated: 7581024
	2814  -  MemoryUsage of job (MB)
	2880912  -  ResidentSetSize of job (KB)
...
006 (15005733.000.000) 08/01 20:07:41 Image size of job updated: 7650240
	2814  -  MemoryUsage of job (MB)
	2880912  -  ResidentSetSize of job (KB)
...
005 (15005733.000.000) 08/01 20:07:41 Job terminated.
	(1) Normal termination (return value 0)
		Usr 0 00:30:29, Sys 0 00:00:47  -  Run Remote Usage
		Usr 0 00:00:00, Sys 0 00:00:00  -  Run Local Usage
		Usr 0 00:30:29, Sys 0 00:00:47  -  Total Remote Usage
		Usr 0 00:00:00, Sys 0 00:00:00  -  Total Local Usage
	0  -  Run Bytes Sent By Job
	0  -  Run Bytes Received By Job
	0  -  Total Bytes Sent By Job
	0  -  Total Bytes Received By Job
	Partitionable Resources :    Usage  Request Allocated
	   Cpus                 :                 1         1
	   Disk (KB)            :        1        1    749980
	   Gpus                 :                           0
	   Memory (MB)          :     2814        1      4021
...
