[SNIPER] Start
Sampler: 4, 32, 0
itlb_cache: 32, 1
itlb_cache_L1: 32, 1
Sampler: 4, 128, 0
dtlb_cache: 128, 4
dtlb_cache_L1: 128, 4
L1-I 2
Sampler: 4, 4, 128
L1-I: 2048, 64
L1-I_L1: 2048, 64
L1-D 3
Sampler: 4, 8, 32
L1-D: 1024, 32
L1-D_L1: 1024, 32
L2 4
Sampler: 122, 16, 16
L2: 32768, 1024
L2_L1: 32768, 1024
Executing Python script /v/filer4b/v20q001/ypei/Desktop/cs395t-lin/output/run_all_hybrid_headroom2/xalancbmk/1/sim.scripts.py
[STOPBYICOUNT] Starting in ROI (detail)
[STOPBYICOUNT] Then stopping after simulating at least 250000000 instructions in detail
[SNIPER] --------------------------------------------------------------------------------
[SNIPER] Sniper using SIFT/trace-driven frontend
[SNIPER] Running full application in DETAILED mode
[SNIPER] --------------------------------------------------------------------------------
[SNIPER] Enabling performance models
[SNIPER] Setting instrumentation mode to DETAILED
[STOPBYICOUNT] Ending ROI after 250000001 instructions (250000000 requested)
[SNIPER] Disabling performance models
[SNIPER] Leaving ROI after 1259.15 seconds
[SNIPER] Simulated 250.0M instructions, 305.6M cycles, 0.82 IPC
[SNIPER] Simulation speed 198.5 KIPS (198.5 KIPS / target core - 5036.6ns/instr)
[SNIPER] Setting instrumentation mode to FAST_FORWARD
[app0] [SIFT_RECORDER] sift_writer.cc:550: Sift::Mode Sift::Writer::Sync(): Assertion `!response->fail()' failed.
Hawkeye Victims: 0
LRU Victims: 0
Hawkeye Victims: 0
LRU Victims: 0
Hawkeye Victims: 0
LRU Victims: 0
a test for execution

Inserted: 0
Redundant.progress: 0
Redundant.cache: 0
Redundant.buffer: 0
Hawkeye Victims: 0
LRU Victims: 0
a test for execution

Inserted: 0
Redundant.progress: 0
Redundant.cache: 0
Redundant.buffer: 0
Hawkeye Victims: 0
LRU Victims: 0
 =========================================================== 
Triggers: 6662054
Repeats: 0

Same addr: 6397183 96.0242
New addr: 324 0.00486336

Distribution of new addresses: 
Stream Head: 272 83.9506
Stream Divergence: 55211 17040.4

Invalidation count: 190434 58775.9
[app0] Pin app terminated abnormally due to signal 6.
No Conflict count: 135804 41914.8
Same Stream count: 0 0
New Stream count: 0 0

Not found: 263169
On Chip Mispredictions: 0
 =========================================================== 
Distribution of predictions: 
Predict Init: 6588995 98.9034
Total Predictions: 6558417
Predict OCI Miss: 3145 0.0477311
Predict Stream End: 30578 0.464077
Buffer Success: 0 0
Stride Distribution: 0, 1471, 0, 0, 0, 0, 0, 0, 18860, 13018, 1518, 3775923, 1461880, 488888, 249550, 230184, 209484, 0, 139058, 0, 57776, 0, 0, 0, 5842, 0, 0, 0, 0, 0, 2898, 0, 2852, 0, 0, 0, 2852, 0, 0, 0, 0, 0, 0, 0, 0, 0, 0, 0, 0, 0, 0, 0, 0, 0, 0, 0, 0, 0, 0, 0, 0, 0, 0, 0, 0, 0, 33, 0, 0, 0, 0, 0, 38442144, 0, 49, 0, 15, 0, 15, 0, 0, 6644585, 1868787317, 1915577714, 1702195557, 7566451, 113, 0, 5073232, 0, 35115504, 0, 0, 0, 5073232, 0, 35673920, 0, 0, 0, 5073232, 0, 35946272, 0, 0, 0, 5165152, 0, 2421783920, 10954, 0, 10954, 38440448, 0, 49, 0, 6, 0, 6, 0, 0, 0, 1919906931, 29541, 48, 0, 49, 0, 
a test for execution

Inserted: 12700934
Redundant.progress: 1867739
Redundant.cache: 4175506
Redundant.buffer: 0
[SNIPER] End
[SNIPER] Elapsed time: 1262.64 seconds
