000 (516032.000.000) 05/05 17:13:14 Job submitted from host: <128.83.144.149:44250?addrs=128.83.144.149-44250>
...
001 (516032.000.000) 05/05 17:13:33 Job executing on host: <128.83.120.229:58979?addrs=128.83.120.229-58979>
...
006 (516032.000.000) 05/05 17:13:42 Image size of job updated: 914176
	56  -  MemoryUsage of job (MB)
	56784  -  ResidentSetSize of job (KB)
...
006 (516032.000.000) 05/05 17:14:25 Image size of job updated: 915708
	56  -  MemoryUsage of job (MB)
	56784  -  ResidentSetSize of job (KB)
...
004 (516032.000.000) 05/05 17:14:25 Job was evicted.
	(0) Job was not checkpointed.
		Usr 0 00:00:00, Sys 0 00:00:00  -  Run Remote Usage
		Usr 0 00:00:00, Sys 0 00:00:00  -  Run Local Usage
	0  -  Run Bytes Sent By Job
	0  -  Run Bytes Received By Job
	Partitionable Resources :    Usage  Request Allocated
	   Cpus                 :                 1         1
	   Disk (KB)            :        1        1    828970
	   Gpus                 :                           0
	   Memory (MB)          :       56        1     12899
...
009 (516032.000.000) 05/05 17:14:26 Job was aborted by the user.
	via condor_rm (by user ypei)
...
000 (516257.000.000) 05/05 17:14:56 Job submitted from host: <128.83.144.149:44250?addrs=128.83.144.149-44250>
...
001 (516257.000.000) 05/05 17:15:03 Job executing on host: <128.83.139.14:44306?addrs=128.83.139.14-44306>
...
006 (516257.000.000) 05/05 17:15:11 Image size of job updated: 370364
	28  -  MemoryUsage of job (MB)
	28184  -  ResidentSetSize of job (KB)
...
006 (516257.000.000) 05/05 17:18:09 Image size of job updated: 1089136
	28  -  MemoryUsage of job (MB)
	28184  -  ResidentSetSize of job (KB)
...
004 (516257.000.000) 05/05 17:18:09 Job was evicted.
	(0) Job was not checkpointed.
		Usr 0 00:01:12, Sys 0 00:00:01  -  Run Remote Usage
		Usr 0 00:00:00, Sys 0 00:00:00  -  Run Local Usage
	0  -  Run Bytes Sent By Job
	0  -  Run Bytes Received By Job
	Partitionable Resources :    Usage  Request Allocated
	   Cpus                 :                 1         1
	   Disk (KB)            :        1        1   1695320
	   Gpus                 :                           0
	   Memory (MB)          :       28        1     12899
...
009 (516257.000.000) 05/05 17:18:10 Job was aborted by the user.
	via condor_rm (by user ypei)
...
000 (516464.000.000) 05/05 17:18:27 Job submitted from host: <128.83.144.149:44250?addrs=128.83.144.149-44250>
...
001 (516464.000.000) 05/05 17:18:32 Job executing on host: <128.83.139.14:44306?addrs=128.83.139.14-44306>
...
006 (516464.000.000) 05/05 17:18:41 Image size of job updated: 914176
	52  -  MemoryUsage of job (MB)
	52856  -  ResidentSetSize of job (KB)
...
006 (516464.000.000) 05/05 17:21:24 Image size of job updated: 1089512
	299  -  MemoryUsage of job (MB)
	305540  -  ResidentSetSize of job (KB)
...
004 (516464.000.000) 05/05 17:21:24 Job was evicted.
	(0) Job was not checkpointed.
		Usr 0 00:01:18, Sys 0 00:00:01  -  Run Remote Usage
		Usr 0 00:00:00, Sys 0 00:00:00  -  Run Local Usage
	0  -  Run Bytes Sent By Job
	0  -  Run Bytes Received By Job
	Partitionable Resources :    Usage  Request Allocated
	   Cpus                 :                 1         1
	   Disk (KB)            :        1        1   1695320
	   Gpus                 :                           0
	   Memory (MB)          :      299        1     12899
...
009 (516464.000.000) 05/05 17:21:25 Job was aborted by the user.
	via condor_rm (by user ypei)
...
000 (517085.000.000) 05/05 17:21:55 Job submitted from host: <128.83.144.149:44250?addrs=128.83.144.149-44250>
...
001 (517085.000.000) 05/05 17:22:23 Job executing on host: <128.83.144.13:57145?addrs=128.83.144.13-57145>
...
006 (517085.000.000) 05/05 17:22:31 Image size of job updated: 914176
	56  -  MemoryUsage of job (MB)
	56748  -  ResidentSetSize of job (KB)
...
006 (517085.000.000) 05/05 17:27:31 Image size of job updated: 1154768
	357  -  MemoryUsage of job (MB)
	364956  -  ResidentSetSize of job (KB)
...
006 (517085.000.000) 05/05 17:32:31 Image size of job updated: 1220340
	410  -  MemoryUsage of job (MB)
	419244  -  ResidentSetSize of job (KB)
...
006 (517085.000.000) 05/05 17:37:32 Image size of job updated: 1220348
	434  -  MemoryUsage of job (MB)
	443780  -  ResidentSetSize of job (KB)
...
006 (517085.000.000) 05/05 17:42:33 Image size of job updated: 1286152
	459  -  MemoryUsage of job (MB)
	469836  -  ResidentSetSize of job (KB)
...
006 (517085.000.000) 05/05 17:45:25 Image size of job updated: 1286168
	459  -  MemoryUsage of job (MB)
	469836  -  ResidentSetSize of job (KB)
...
005 (517085.000.000) 05/05 17:45:25 Job terminated.
	(1) Normal termination (return value 0)
		Usr 0 00:21:25, Sys 0 00:00:24  -  Run Remote Usage
		Usr 0 00:00:00, Sys 0 00:00:00  -  Run Local Usage
		Usr 0 00:21:25, Sys 0 00:00:24  -  Total Remote Usage
		Usr 0 00:00:00, Sys 0 00:00:00  -  Total Local Usage
	0  -  Run Bytes Sent By Job
	0  -  Run Bytes Received By Job
	0  -  Total Bytes Sent By Job
	0  -  Total Bytes Received By Job
	Partitionable Resources :    Usage  Request Allocated
	   Cpus                 :                 1         1
	   Disk (KB)            :        1        1    824402
	   Gpus                 :                           0
	   Memory (MB)          :      459        1     12899
...
000 (382516.000.000) 05/07 03:39:57 Job submitted from host: <128.83.144.155:57685?addrs=128.83.144.155-57685>
...
001 (382516.000.000) 05/07 04:17:47 Job executing on host: <128.83.144.5:44408?addrs=128.83.144.5-44408>
...
006 (382516.000.000) 05/07 04:17:55 Image size of job updated: 1
	2  -  MemoryUsage of job (MB)
	1676  -  ResidentSetSize of job (KB)
...
006 (382516.000.000) 05/07 04:22:55 Image size of job updated: 1154940
	327  -  MemoryUsage of job (MB)
	334144  -  ResidentSetSize of job (KB)
...
006 (382516.000.000) 05/07 04:27:56 Image size of job updated: 1154964
	360  -  MemoryUsage of job (MB)
	367732  -  ResidentSetSize of job (KB)
...
006 (382516.000.000) 05/07 04:32:56 Image size of job updated: 1154976
	377  -  MemoryUsage of job (MB)
	385156  -  ResidentSetSize of job (KB)
...
006 (382516.000.000) 05/07 04:37:56 Image size of job updated: 1220520
	391  -  MemoryUsage of job (MB)
	399920  -  ResidentSetSize of job (KB)
...
006 (382516.000.000) 05/07 04:42:57 Image size of job updated: 1220780
	406  -  MemoryUsage of job (MB)
	414784  -  ResidentSetSize of job (KB)
...
006 (382516.000.000) 05/07 04:47:58 Image size of job updated: 1220784
	419  -  MemoryUsage of job (MB)
	428060  -  ResidentSetSize of job (KB)
...
006 (382516.000.000) 05/07 04:48:43 Image size of job updated: 1220800
	419  -  MemoryUsage of job (MB)
	428060  -  ResidentSetSize of job (KB)
...
005 (382516.000.000) 05/07 04:48:43 Job terminated.
	(1) Normal termination (return value 0)
		Usr 0 00:30:15, Sys 0 00:00:35  -  Run Remote Usage
		Usr 0 00:00:00, Sys 0 00:00:00  -  Run Local Usage
		Usr 0 00:30:15, Sys 0 00:00:35  -  Total Remote Usage
		Usr 0 00:00:00, Sys 0 00:00:00  -  Total Local Usage
	0  -  Run Bytes Sent By Job
	0  -  Run Bytes Received By Job
	0  -  Total Bytes Sent By Job
	0  -  Total Bytes Received By Job
	Partitionable Resources :    Usage  Request Allocated
	   Cpus                 :                 1         1
	   Disk (KB)            :        1        1    790395
	   Gpus                 :                           0
	   Memory (MB)          :      419        1     12899
...
000 (518534.000.000) 05/07 13:18:22 Job submitted from host: <128.83.144.149:44250?addrs=128.83.144.149-44250>
...
001 (518534.000.000) 05/07 13:18:57 Job executing on host: <128.83.120.228:59989?addrs=128.83.120.228-59989>
...
006 (518534.000.000) 05/07 13:19:05 Image size of job updated: 410612
	36  -  MemoryUsage of job (MB)
	36764  -  ResidentSetSize of job (KB)
...
006 (518534.000.000) 05/07 13:23:37 Image size of job updated: 1089400
	305  -  MemoryUsage of job (MB)
	311996  -  ResidentSetSize of job (KB)
...
004 (518534.000.000) 05/07 13:23:37 Job was evicted.
	(0) Job was not checkpointed.
		Usr 0 00:03:16, Sys 0 00:00:03  -  Run Remote Usage
		Usr 0 00:00:00, Sys 0 00:00:00  -  Run Local Usage
	0  -  Run Bytes Sent By Job
	0  -  Run Bytes Received By Job
	Partitionable Resources :    Usage  Request Allocated
	   Cpus                 :                 1         1
	   Disk (KB)            :        1        1    790880
	   Gpus                 :                           0
	   Memory (MB)          :      305        1     12899
...
009 (518534.000.000) 05/07 13:23:37 Job was aborted by the user.
	via condor_rm (by user ypei)
...
000 (518741.000.000) 05/07 13:23:52 Job submitted from host: <128.83.144.149:44250?addrs=128.83.144.149-44250>
...
001 (518741.000.000) 05/07 13:24:34 Job executing on host: <128.83.139.6:57138?addrs=128.83.139.6-57138>
...
006 (518741.000.000) 05/07 13:24:43 Image size of job updated: 372596
	28  -  MemoryUsage of job (MB)
	28392  -  ResidentSetSize of job (KB)
...
006 (518741.000.000) 05/07 13:29:44 Image size of job updated: 1089264
	300  -  MemoryUsage of job (MB)
	307164  -  ResidentSetSize of job (KB)
...
006 (518741.000.000) 05/07 13:34:45 Image size of job updated: 1154812
	345  -  MemoryUsage of job (MB)
	352672  -  ResidentSetSize of job (KB)
...
006 (518741.000.000) 05/07 13:39:45 Image size of job updated: 1154836
	364  -  MemoryUsage of job (MB)
	371980  -  ResidentSetSize of job (KB)
...
006 (518741.000.000) 05/07 13:44:45 Image size of job updated: 1154844
	374  -  MemoryUsage of job (MB)
	382832  -  ResidentSetSize of job (KB)
...
006 (518741.000.000) 05/07 13:49:46 Image size of job updated: 1220380
	383  -  MemoryUsage of job (MB)
	392140  -  ResidentSetSize of job (KB)
...
006 (518741.000.000) 05/07 13:54:46 Image size of job updated: 1220644
	394  -  MemoryUsage of job (MB)
	403196  -  ResidentSetSize of job (KB)
...
006 (518741.000.000) 05/07 13:59:46 Image size of job updated: 1220648
	404  -  MemoryUsage of job (MB)
	413688  -  ResidentSetSize of job (KB)
...
006 (518741.000.000) 05/07 14:04:37 Image size of job updated: 1220664
	404  -  MemoryUsage of job (MB)
	413688  -  ResidentSetSize of job (KB)
...
005 (518741.000.000) 05/07 14:04:37 Job terminated.
	(1) Normal termination (return value 0)
		Usr 0 00:38:14, Sys 0 00:01:03  -  Run Remote Usage
		Usr 0 00:00:00, Sys 0 00:00:00  -  Run Local Usage
		Usr 0 00:38:14, Sys 0 00:01:03  -  Total Remote Usage
		Usr 0 00:00:00, Sys 0 00:00:00  -  Total Local Usage
	0  -  Run Bytes Sent By Job
	0  -  Run Bytes Received By Job
	0  -  Total Bytes Sent By Job
	0  -  Total Bytes Received By Job
	Partitionable Resources :    Usage  Request Allocated
	   Cpus                 :                 1         1
	   Disk (KB)            :        1        1   1661807
	   Gpus                 :                           0
	   Memory (MB)          :      404        1     12899
...
000 (519155.000.000) 05/07 14:36:31 Job submitted from host: <128.83.144.149:44250?addrs=128.83.144.149-44250>
...
001 (519155.000.000) 05/07 14:36:41 Job executing on host: <128.83.139.9:47643?addrs=128.83.139.9-47643>
...
006 (519155.000.000) 05/07 14:36:50 Image size of job updated: 914176
	56  -  MemoryUsage of job (MB)
	56760  -  ResidentSetSize of job (KB)
...
006 (519155.000.000) 05/07 14:41:51 Image size of job updated: 1154800
	315  -  MemoryUsage of job (MB)
	322380  -  ResidentSetSize of job (KB)
...
006 (519155.000.000) 05/07 14:46:52 Image size of job updated: 1155084
	359  -  MemoryUsage of job (MB)
	366784  -  ResidentSetSize of job (KB)
...
006 (519155.000.000) 05/07 14:51:52 Image size of job updated: 1155100
	374  -  MemoryUsage of job (MB)
	382924  -  ResidentSetSize of job (KB)
...
006 (519155.000.000) 05/07 14:56:53 Image size of job updated: 1220636
	387  -  MemoryUsage of job (MB)
	396024  -  ResidentSetSize of job (KB)
...
006 (519155.000.000) 05/07 15:01:54 Image size of job updated: 1220644
	397  -  MemoryUsage of job (MB)
	406308  -  ResidentSetSize of job (KB)
...
006 (519155.000.000) 05/07 15:06:54 Image size of job updated: 1220648
	407  -  MemoryUsage of job (MB)
	416228  -  ResidentSetSize of job (KB)
...
006 (519155.000.000) 05/07 15:11:54 Image size of job updated: 1220652
	419  -  MemoryUsage of job (MB)
	428248  -  ResidentSetSize of job (KB)
...
006 (519155.000.000) 05/07 15:12:23 Image size of job updated: 1220664
	419  -  MemoryUsage of job (MB)
	428248  -  ResidentSetSize of job (KB)
...
005 (519155.000.000) 05/07 15:12:23 Job terminated.
	(1) Normal termination (return value 0)
		Usr 0 00:34:00, Sys 0 00:00:33  -  Run Remote Usage
		Usr 0 00:00:00, Sys 0 00:00:00  -  Run Local Usage
		Usr 0 00:34:00, Sys 0 00:00:33  -  Total Remote Usage
		Usr 0 00:00:00, Sys 0 00:00:00  -  Total Local Usage
	0  -  Run Bytes Sent By Job
	0  -  Run Bytes Received By Job
	0  -  Total Bytes Sent By Job
	0  -  Total Bytes Received By Job
	Partitionable Resources :    Usage  Request Allocated
	   Cpus                 :                 1         1
	   Disk (KB)            :        1        1   1678560
	   Gpus                 :                           0
	   Memory (MB)          :      419        1     12899
...
000 (382930.000.000) 05/07 20:17:02 Job submitted from host: <128.83.144.155:57685?addrs=128.83.144.155-57685>
...
001 (382930.000.000) 05/07 20:47:34 Job executing on host: <128.83.144.147:58788?addrs=128.83.144.147-58788>
...
006 (382930.000.000) 05/07 20:47:42 Image size of job updated: 2
	2  -  MemoryUsage of job (MB)
	1624  -  ResidentSetSize of job (KB)
...
006 (382930.000.000) 05/07 20:52:42 Image size of job updated: 1155044
	353  -  MemoryUsage of job (MB)
	361044  -  ResidentSetSize of job (KB)
...
006 (382930.000.000) 05/07 20:57:42 Image size of job updated: 1155088
	379  -  MemoryUsage of job (MB)
	387168  -  ResidentSetSize of job (KB)
...
006 (382930.000.000) 05/07 21:02:44 Image size of job updated: 1220624
	399  -  MemoryUsage of job (MB)
	407656  -  ResidentSetSize of job (KB)
...
006 (382930.000.000) 05/07 21:07:44 Image size of job updated: 1220644
	422  -  MemoryUsage of job (MB)
	431636  -  ResidentSetSize of job (KB)
...
005 (382930.000.000) 05/07 21:07:47 Job terminated.
	(1) Normal termination (return value 0)
		Usr 0 00:19:51, Sys 0 00:00:12  -  Run Remote Usage
		Usr 0 00:00:00, Sys 0 00:00:00  -  Run Local Usage
		Usr 0 00:19:51, Sys 0 00:00:12  -  Total Remote Usage
		Usr 0 00:00:00, Sys 0 00:00:00  -  Total Local Usage
	0  -  Run Bytes Sent By Job
	0  -  Run Bytes Received By Job
	0  -  Total Bytes Sent By Job
	0  -  Total Bytes Received By Job
	Partitionable Resources :    Usage  Request Allocated
	   Cpus                 :                 1         1
	   Disk (KB)            :        2        2   1911588
	   Gpus                 :                           0
	   Memory (MB)          :      422        1     21164
...
000 (384172.000.000) 05/08 05:53:04 Job submitted from host: <128.83.144.155:57685?addrs=128.83.144.155-57685>
...
001 (384172.000.000) 05/08 06:23:43 Job executing on host: <128.83.144.147:58788?addrs=128.83.144.147-58788>
...
006 (384172.000.000) 05/08 06:23:51 Image size of job updated: 1
	2  -  MemoryUsage of job (MB)
	1624  -  ResidentSetSize of job (KB)
...
006 (384172.000.000) 05/08 06:28:51 Image size of job updated: 1155184
	348  -  MemoryUsage of job (MB)
	355700  -  ResidentSetSize of job (KB)
...
006 (384172.000.000) 05/08 06:33:52 Image size of job updated: 1155216
	375  -  MemoryUsage of job (MB)
	383396  -  ResidentSetSize of job (KB)
...
006 (384172.000.000) 05/08 06:38:53 Image size of job updated: 1220760
	394  -  MemoryUsage of job (MB)
	402656  -  ResidentSetSize of job (KB)
...
006 (384172.000.000) 05/08 06:43:53 Image size of job updated: 1220776
	415  -  MemoryUsage of job (MB)
	424784  -  ResidentSetSize of job (KB)
...
005 (384172.000.000) 05/08 06:45:20 Job terminated.
	(1) Normal termination (return value 0)
		Usr 0 00:19:18, Sys 0 00:00:12  -  Run Remote Usage
		Usr 0 00:00:00, Sys 0 00:00:00  -  Run Local Usage
		Usr 0 00:19:18, Sys 0 00:00:12  -  Total Remote Usage
		Usr 0 00:00:00, Sys 0 00:00:00  -  Total Local Usage
	0  -  Run Bytes Sent By Job
	0  -  Run Bytes Received By Job
	0  -  Total Bytes Sent By Job
	0  -  Total Bytes Received By Job
	Partitionable Resources :    Usage  Request Allocated
	   Cpus                 :                 1         1
	   Disk (KB)            :        1        1   1911585
	   Gpus                 :                           0
	   Memory (MB)          :      415        1     21164
...
000 (417565.000.000) 05/09 03:37:29 Job submitted from host: <128.83.144.154:52346?addrs=128.83.144.154-52346>
...
001 (417565.000.000) 05/09 04:07:48 Job executing on host: <128.83.144.112:35333?addrs=128.83.144.112-35333>
...
006 (417565.000.000) 05/09 04:07:56 Image size of job updated: 2
	2  -  MemoryUsage of job (MB)
	1688  -  ResidentSetSize of job (KB)
...
006 (417565.000.000) 05/09 04:12:56 Image size of job updated: 1089404
	306  -  MemoryUsage of job (MB)
	313248  -  ResidentSetSize of job (KB)
...
006 (417565.000.000) 05/09 04:17:57 Image size of job updated: 1154948
	346  -  MemoryUsage of job (MB)
	353464  -  ResidentSetSize of job (KB)
...
006 (417565.000.000) 05/09 04:22:57 Image size of job updated: 1154968
	363  -  MemoryUsage of job (MB)
	370800  -  ResidentSetSize of job (KB)
...
006 (417565.000.000) 05/09 04:27:57 Image size of job updated: 1154968
	372  -  MemoryUsage of job (MB)
	380928  -  ResidentSetSize of job (KB)
...
006 (417565.000.000) 05/09 04:32:58 Image size of job updated: 1220512
	381  -  MemoryUsage of job (MB)
	389552  -  ResidentSetSize of job (KB)
...
006 (417565.000.000) 05/09 04:37:59 Image size of job updated: 1220520
	389  -  MemoryUsage of job (MB)
	397960  -  ResidentSetSize of job (KB)
...
006 (417565.000.000) 05/09 04:42:59 Image size of job updated: 1220524
	399  -  MemoryUsage of job (MB)
	408068  -  ResidentSetSize of job (KB)
...
006 (417565.000.000) 05/09 04:48:00 Image size of job updated: 1220528
	412  -  MemoryUsage of job (MB)
	421608  -  ResidentSetSize of job (KB)
...
006 (417565.000.000) 05/09 04:52:12 Image size of job updated: 1220544
	412  -  MemoryUsage of job (MB)
	421608  -  ResidentSetSize of job (KB)
...
005 (417565.000.000) 05/09 04:52:12 Job terminated.
	(1) Normal termination (return value 0)
		Usr 0 00:43:31, Sys 0 00:01:02  -  Run Remote Usage
		Usr 0 00:00:00, Sys 0 00:00:00  -  Run Local Usage
		Usr 0 00:43:31, Sys 0 00:01:02  -  Total Remote Usage
		Usr 0 00:00:00, Sys 0 00:00:00  -  Total Local Usage
	0  -  Run Bytes Sent By Job
	0  -  Run Bytes Received By Job
	0  -  Total Bytes Sent By Job
	0  -  Total Bytes Received By Job
	Partitionable Resources :    Usage  Request Allocated
	   Cpus                 :                 1         1
	   Disk (KB)            :        2        2    815242
	   Gpus                 :                           0
	   Memory (MB)          :      412        1     12899
...
