000 (15005780.000.000) 08/01 20:50:06 Job submitted from host: <128.83.130.153:51299?addrs=128.83.130.153-51299>
...
001 (15005780.000.000) 08/01 20:50:15 Job executing on host: <128.83.120.75:36144?addrs=128.83.120.75-36144>
...
006 (15005780.000.000) 08/01 20:50:23 Image size of job updated: 1441248
	46  -  MemoryUsage of job (MB)
	46212  -  ResidentSetSize of job (KB)
...
006 (15005780.000.000) 08/01 20:55:23 Image size of job updated: 5938240
	574  -  MemoryUsage of job (MB)
	587740  -  ResidentSetSize of job (KB)
...
006 (15005780.000.000) 08/01 21:00:23 Image size of job updated: 6009128
	750  -  MemoryUsage of job (MB)
	767932  -  ResidentSetSize of job (KB)
...
006 (15005780.000.000) 08/01 21:05:24 Image size of job updated: 6074856
	926  -  MemoryUsage of job (MB)
	947980  -  ResidentSetSize of job (KB)
...
006 (15005780.000.000) 08/01 21:10:25 Image size of job updated: 6206108
	1100  -  MemoryUsage of job (MB)
	1126388  -  ResidentSetSize of job (KB)
...
006 (15005780.000.000) 08/01 21:15:25 Image size of job updated: 6272052
	1283  -  MemoryUsage of job (MB)
	1312876  -  ResidentSetSize of job (KB)
...
006 (15005780.000.000) 08/01 21:20:26 Image size of job updated: 6337636
	1448  -  MemoryUsage of job (MB)
	1482712  -  ResidentSetSize of job (KB)
...
006 (15005780.000.000) 08/01 21:25:27 Image size of job updated: 6468708
	1585  -  MemoryUsage of job (MB)
	1622420  -  ResidentSetSize of job (KB)
...
006 (15005780.000.000) 08/01 21:30:27 Image size of job updated: 6535272
	1719  -  MemoryUsage of job (MB)
	1760016  -  ResidentSetSize of job (KB)
...
006 (15005780.000.000) 08/01 21:35:27 Image size of job updated: 6666432
	1846  -  MemoryUsage of job (MB)
	1889816  -  ResidentSetSize of job (KB)
...
006 (15005780.000.000) 08/01 21:40:28 Image size of job updated: 6797504
	1974  -  MemoryUsage of job (MB)
	2021104  -  ResidentSetSize of job (KB)
...
005 (15005780.000.000) 08/01 21:41:40 Job terminated.
	(1) Normal termination (return value 0)
		Usr 0 00:52:36, Sys 0 00:00:59  -  Run Remote Usage
		Usr 0 00:00:00, Sys 0 00:00:00  -  Run Local Usage
		Usr 0 00:52:36, Sys 0 00:00:59  -  Total Remote Usage
		Usr 0 00:00:00, Sys 0 00:00:00  -  Total Local Usage
	0  -  Run Bytes Sent By Job
	0  -  Run Bytes Received By Job
	0  -  Total Bytes Sent By Job
	0  -  Total Bytes Received By Job
	Partitionable Resources :    Usage  Request Allocated
	   Cpus                 :                 1         1
	   Disk (KB)            :        1        1   8862903
	   Gpus                 :                           0
	   Memory (MB)          :     1974        1      4028
...
