000 (516096.000.000) 05/05 17:13:20 Job submitted from host: <128.83.144.149:44250?addrs=128.83.144.149-44250>
...
009 (516096.000.000) 05/05 17:14:26 Job was aborted by the user.
	via condor_rm (by user ypei)
...
000 (516303.000.000) 05/05 17:15:05 Job submitted from host: <128.83.144.149:44250?addrs=128.83.144.149-44250>
...
009 (516303.000.000) 05/05 17:18:07 Job was aborted by the user.
	via condor_rm (by user ypei)
...
000 (516510.000.000) 05/05 17:18:35 Job submitted from host: <128.83.144.149:44250?addrs=128.83.144.149-44250>
...
009 (516510.000.000) 05/05 17:21:26 Job was aborted by the user.
	via condor_rm (by user ypei)
...
000 (517131.000.000) 05/05 17:21:59 Job submitted from host: <128.83.144.149:44250?addrs=128.83.144.149-44250>
...
001 (517131.000.000) 05/05 17:33:22 Job executing on host: <128.83.120.229:58979?addrs=128.83.120.229-58979>
...
006 (517131.000.000) 05/05 17:33:31 Image size of job updated: 1
	2  -  MemoryUsage of job (MB)
	1672  -  ResidentSetSize of job (KB)
...
006 (517131.000.000) 05/05 17:38:32 Image size of job updated: 1092860
	199  -  MemoryUsage of job (MB)
	203716  -  ResidentSetSize of job (KB)
...
006 (517131.000.000) 05/05 17:43:32 Image size of job updated: 1093928
	236  -  MemoryUsage of job (MB)
	241192  -  ResidentSetSize of job (KB)
...
006 (517131.000.000) 05/05 17:48:32 Image size of job updated: 1093972
	246  -  MemoryUsage of job (MB)
	251744  -  ResidentSetSize of job (KB)
...
006 (517131.000.000) 05/05 17:53:33 Image size of job updated: 1093988
	253  -  MemoryUsage of job (MB)
	258156  -  ResidentSetSize of job (KB)
...
005 (517131.000.000) 05/05 17:53:34 Job terminated.
	(1) Normal termination (return value 0)
		Usr 0 00:19:55, Sys 0 00:00:14  -  Run Remote Usage
		Usr 0 00:00:00, Sys 0 00:00:00  -  Run Local Usage
		Usr 0 00:19:55, Sys 0 00:00:14  -  Total Remote Usage
		Usr 0 00:00:00, Sys 0 00:00:00  -  Total Local Usage
	0  -  Run Bytes Sent By Job
	0  -  Run Bytes Received By Job
	0  -  Total Bytes Sent By Job
	0  -  Total Bytes Received By Job
	Partitionable Resources :    Usage  Request Allocated
	   Cpus                 :                 1         1
	   Disk (KB)            :        1        1    828969
	   Gpus                 :                           0
	   Memory (MB)          :      253        1     12899
...
000 (518166.000.000) 05/06 21:33:17 Job submitted from host: <128.83.144.149:44250?addrs=128.83.144.149-44250>
...
009 (518166.000.000) 05/06 21:33:42 Job was aborted by the user.
	via condor_rm (by user ypei)
...
000 (518373.000.000) 05/06 21:34:24 Job submitted from host: <128.83.144.149:44250?addrs=128.83.144.149-44250>
...
001 (518373.000.000) 05/06 21:47:29 Job executing on host: <128.83.139.14:44306?addrs=128.83.139.14-44306>
...
006 (518373.000.000) 05/06 21:47:38 Image size of job updated: 1020596
	88  -  MemoryUsage of job (MB)
	89216  -  ResidentSetSize of job (KB)
...
006 (518373.000.000) 05/06 21:52:39 Image size of job updated: 1027388
	162  -  MemoryUsage of job (MB)
	165428  -  ResidentSetSize of job (KB)
...
006 (518373.000.000) 05/06 21:57:40 Image size of job updated: 1093796
	235  -  MemoryUsage of job (MB)
	240392  -  ResidentSetSize of job (KB)
...
006 (518373.000.000) 05/06 22:02:40 Image size of job updated: 1093860
	244  -  MemoryUsage of job (MB)
	249708  -  ResidentSetSize of job (KB)
...
006 (518373.000.000) 05/06 22:07:41 Image size of job updated: 1094140
	251  -  MemoryUsage of job (MB)
	256296  -  ResidentSetSize of job (KB)
...
006 (518373.000.000) 05/06 22:12:42 Image size of job updated: 1094156
	255  -  MemoryUsage of job (MB)
	260952  -  ResidentSetSize of job (KB)
...
005 (518373.000.000) 05/06 22:12:48 Job terminated.
	(1) Normal termination (return value 0)
		Usr 0 00:24:47, Sys 0 00:00:28  -  Run Remote Usage
		Usr 0 00:00:00, Sys 0 00:00:00  -  Run Local Usage
		Usr 0 00:24:47, Sys 0 00:00:28  -  Total Remote Usage
		Usr 0 00:00:00, Sys 0 00:00:00  -  Total Local Usage
	0  -  Run Bytes Sent By Job
	0  -  Run Bytes Received By Job
	0  -  Total Bytes Sent By Job
	0  -  Total Bytes Received By Job
	Partitionable Resources :    Usage  Request Allocated
	   Cpus                 :                 1         1
	   Disk (KB)            :        1        1   1675522
	   Gpus                 :                           0
	   Memory (MB)          :      255        1     12899
...
000 (381941.000.000) 05/07 00:29:10 Job submitted from host: <128.83.144.155:57685?addrs=128.83.144.155-57685>
...
001 (381941.000.000) 05/07 00:40:44 Job executing on host: <128.83.120.128:51378?addrs=128.83.120.128-51378>
...
006 (381941.000.000) 05/07 00:40:52 Image size of job updated: 851160
	56  -  MemoryUsage of job (MB)
	56844  -  ResidentSetSize of job (KB)
...
006 (381941.000.000) 05/07 00:45:52 Image size of job updated: 1027392
	155  -  MemoryUsage of job (MB)
	158656  -  ResidentSetSize of job (KB)
...
006 (381941.000.000) 05/07 00:50:53 Image size of job updated: 1094064
	226  -  MemoryUsage of job (MB)
	231172  -  ResidentSetSize of job (KB)
...
006 (381941.000.000) 05/07 00:55:54 Image size of job updated: 1094144
	235  -  MemoryUsage of job (MB)
	239740  -  ResidentSetSize of job (KB)
...
006 (381941.000.000) 05/07 01:00:54 Image size of job updated: 1094156
	238  -  MemoryUsage of job (MB)
	243364  -  ResidentSetSize of job (KB)
...
006 (381941.000.000) 05/07 01:04:18 Image size of job updated: 1094160
	238  -  MemoryUsage of job (MB)
	243364  -  ResidentSetSize of job (KB)
...
005 (381941.000.000) 05/07 01:04:19 Job terminated.
	(1) Normal termination (return value 0)
		Usr 0 00:22:58, Sys 0 00:00:27  -  Run Remote Usage
		Usr 0 00:00:00, Sys 0 00:00:00  -  Run Local Usage
		Usr 0 00:22:58, Sys 0 00:00:27  -  Total Remote Usage
		Usr 0 00:00:00, Sys 0 00:00:00  -  Total Local Usage
	0  -  Run Bytes Sent By Job
	0  -  Run Bytes Received By Job
	0  -  Total Bytes Sent By Job
	0  -  Total Bytes Received By Job
	Partitionable Resources :    Usage  Request Allocated
	   Cpus                 :                 1         1
	   Disk (KB)            :        1        1    803079
	   Gpus                 :                           0
	   Memory (MB)          :      238        1     12899
...
