[SNIPER] Start
Sampler: 4, 32, 0
itlb_cache: 32, 1
itlb_cache_L1: 32, 1
Sampler: 4, 128, 0
dtlb_cache: 128, 4
dtlb_cache_L1: 128, 4
L1-I 2
Sampler: 4, 4, 128
L1-I: 2048, 64
L1-I_L1: 2048, 64
L1-D 3
Sampler: 4, 8, 32
L1-D: 1024, 32
L1-D_L1: 1024, 32
L2 4
Sampler: 122, 16, 16
L2: 32768, 1024
L2_L1: 32768, 1024
Executing Python script /v/filer4b/v20q001/ypei/Desktop/cs395t-lin/output/run_all_hybrid_headroom2/soplex/10/sim.scripts.py
[STOPBYICOUNT] Starting in ROI (detail)
[STOPBYICOUNT] Then stopping after simulating at least 250000000 instructions in detail
[SNIPER] --------------------------------------------------------------------------------
[SNIPER] Sniper using SIFT/trace-driven frontend
[SNIPER] Running full application in DETAILED mode
[SNIPER] --------------------------------------------------------------------------------
[SNIPER] Enabling performance models
[SNIPER] Setting instrumentation mode to DETAILED
[STOPBYICOUNT] Ending ROI after 250000002 instructions (250000000 requested)
[SNIPER] Disabling performance models
[SNIPER] Leaving ROI after 1411.08 seconds
[SNIPER] Simulated 250.0M instructions, 408.4M cycles, 0.61 IPC
[SNIPER] Simulation speed 177.2 KIPS (177.2 KIPS / target core - 5644.4ns/instr)
[SNIPER] Setting instrumentation mode to FAST_FORWARD
[app0] [SIFT_RECORDER] sift_writer.cc:550: Sift::Mode Sift::Writer::Sync(): Assertion `!response->fail()' failed.
Hawkeye Victims: 0
LRU Victims: 0
Hawkeye Victims: 0
LRU Victims: 0
Hawkeye Victims: 0
LRU Victims: 0
a test for execution

Inserted: 0
Redundant.progress: 0
Redundant.cache: 0
Redundant.buffer: 0
Hawkeye Victims: 0
LRU Victims: 0
a test for execution

Inserted: 0
Redundant.progress: 0
Redundant.cache: 0
Redundant.buffer: 0
Hawkeye Victims: 0
LRU Victims: 0
[app0] Pin app terminated abnormally due to signal 6.
 =========================================================== 
Triggers: 7914684
Repeats: 0

Same addr: 4249634 53.693
New addr: 1041 0.0131528

Distribution of new addresses: 
Stream Head: 712 68.3958
Stream Divergence: 3163251 303867

Invalidation count: 3390269 325674
No Conflict count: 229091 22006.8
Same Stream count: 0 0
New Stream count: 0 0

Not found: 3653922
On Chip Mispredictions: 0
 =========================================================== 
Distribution of predictions: 
Predict Init: 7649990 96.6557
Total Predictions: 7596564
Predict OCI Miss: 27619 0.361033
Predict Stream End: 53426 0.69838
Buffer Success: 0 0
Stride Distribution: 0, 257461, 216660, 392794, 403742, 297436, 266340, 483184, 223422, 564926, 192050, 650486, 226044, 265190, 227700, 247664, 90574, 0, 209254, 0, 83950, 0, 0, 0, 70012, 0, 0, 0, 0, 0, 70978, 0, 33258, 0, 0, 0, 39422, 0, 0, 0, 66838, 0, 0, 0, 0, 0, 0, 0, 0, 0, 0, 0, 0, 0, 0, 0, 0, 0, 0, 0, 0, 0, 0, 0, 0, 0, 33, 0, 0, 0, 0, 0, 24822928, 0, 49, 0, 15, 0, 15, 0, 0, 6644585, 1868787317, 1915577714, 1702195557, 7566451, 113, 0, 5073232, 0, 21496288, 0, 0, 0, 5073232, 0, 22054704, 0, 0, 0, 5073232, 0, 22327056, 0, 0, 0, 5165152, 0, 1393282416, 11164, 0, 11164, 24821232, 0, 49, 0, 6, 0, 6, 0, 0, 0, 1919906931, 29541, 48, 0, 49, 0, 
a test for execution

Inserted: 12209820
Redundant.progress: 259153
Redundant.cache: 7984248
Redundant.buffer: 0
[SNIPER] End
[SNIPER] Elapsed time: 1414.08 seconds
