000 (15005704.000.000) 08/01 19:38:47 Job submitted from host: <128.83.130.153:51299?addrs=128.83.130.153-51299>
...
001 (15005704.000.000) 08/01 19:39:11 Job executing on host: <128.83.120.75:36144?addrs=128.83.120.75-36144>
...
006 (15005704.000.000) 08/01 19:39:20 Image size of job updated: 5159436
	183  -  MemoryUsage of job (MB)
	186660  -  ResidentSetSize of job (KB)
...
006 (15005704.000.000) 08/01 19:44:21 Image size of job updated: 5874052
	544  -  MemoryUsage of job (MB)
	556572  -  ResidentSetSize of job (KB)
...
006 (15005704.000.000) 08/01 19:49:22 Image size of job updated: 5941080
	732  -  MemoryUsage of job (MB)
	749564  -  ResidentSetSize of job (KB)
...
006 (15005704.000.000) 08/01 19:54:22 Image size of job updated: 6006616
	913  -  MemoryUsage of job (MB)
	934036  -  ResidentSetSize of job (KB)
...
006 (15005704.000.000) 08/01 19:59:23 Image size of job updated: 6203224
	1121  -  MemoryUsage of job (MB)
	1147056  -  ResidentSetSize of job (KB)
...
006 (15005704.000.000) 08/01 20:04:24 Image size of job updated: 6334296
	1346  -  MemoryUsage of job (MB)
	1377956  -  ResidentSetSize of job (KB)
...
006 (15005704.000.000) 08/01 20:09:24 Image size of job updated: 6403512
	1570  -  MemoryUsage of job (MB)
	1607392  -  ResidentSetSize of job (KB)
...
006 (15005704.000.000) 08/01 20:14:24 Image size of job updated: 6469048
	1731  -  MemoryUsage of job (MB)
	1771532  -  ResidentSetSize of job (KB)
...
006 (15005704.000.000) 08/01 20:19:25 Image size of job updated: 6534584
	1879  -  MemoryUsage of job (MB)
	1923528  -  ResidentSetSize of job (KB)
...
006 (15005704.000.000) 08/01 20:24:26 Image size of job updated: 6665656
	2107  -  MemoryUsage of job (MB)
	2156692  -  ResidentSetSize of job (KB)
...
006 (15005704.000.000) 08/01 20:27:32 Image size of job updated: 6796864
	2107  -  MemoryUsage of job (MB)
	2156692  -  ResidentSetSize of job (KB)
...
005 (15005704.000.000) 08/01 20:27:32 Job terminated.
	(1) Normal termination (return value 0)
		Usr 0 01:06:54, Sys 0 00:01:46  -  Run Remote Usage
		Usr 0 00:00:00, Sys 0 00:00:00  -  Run Local Usage
		Usr 0 01:06:54, Sys 0 00:01:46  -  Total Remote Usage
		Usr 0 00:00:00, Sys 0 00:00:00  -  Total Local Usage
	0  -  Run Bytes Sent By Job
	0  -  Run Bytes Received By Job
	0  -  Total Bytes Sent By Job
	0  -  Total Bytes Received By Job
	Partitionable Resources :    Usage  Request Allocated
	   Cpus                 :                 1         1
	   Disk (KB)            :        1        1   8862903
	   Gpus                 :                           0
	   Memory (MB)          :     2107        1      4028
...
