000 (516053.000.000) 05/05 17:13:16 Job submitted from host: <128.83.144.149:44250?addrs=128.83.144.149-44250>
...
001 (516053.000.000) 05/05 17:13:32 Job executing on host: <128.83.144.13:57145?addrs=128.83.144.13-57145>
...
006 (516053.000.000) 05/05 17:13:41 Image size of job updated: 913376
	54  -  MemoryUsage of job (MB)
	54448  -  ResidentSetSize of job (KB)
...
006 (516053.000.000) 05/05 17:14:26 Image size of job updated: 915068
	54  -  MemoryUsage of job (MB)
	54448  -  ResidentSetSize of job (KB)
...
004 (516053.000.000) 05/05 17:14:26 Job was evicted.
	(0) Job was not checkpointed.
		Usr 0 00:00:00, Sys 0 00:00:00  -  Run Remote Usage
		Usr 0 00:00:00, Sys 0 00:00:00  -  Run Local Usage
	0  -  Run Bytes Sent By Job
	0  -  Run Bytes Received By Job
	Partitionable Resources :    Usage  Request Allocated
	   Cpus                 :                 1         1
	   Disk (KB)            :        1        1    824403
	   Gpus                 :                           0
	   Memory (MB)          :       54        1     12899
...
009 (516053.000.000) 05/05 17:14:27 Job was aborted by the user.
	via condor_rm (by user ypei)
...
000 (516278.000.000) 05/05 17:15:03 Job submitted from host: <128.83.144.149:44250?addrs=128.83.144.149-44250>
...
001 (516278.000.000) 05/05 17:15:29 Job executing on host: <128.83.139.9:47643?addrs=128.83.139.9-47643>
...
006 (516278.000.000) 05/05 17:15:38 Image size of job updated: 913676
	54  -  MemoryUsage of job (MB)
	54724  -  ResidentSetSize of job (KB)
...
010 (516278.000.000) 05/05 17:17:47 Job was suspended.
	Number of processes actually suspended: 8
...
006 (516278.000.000) 05/05 17:17:47 Image size of job updated: 1088632
	214  -  MemoryUsage of job (MB)
	219104  -  ResidentSetSize of job (KB)
...
004 (516278.000.000) 05/05 17:18:11 Job was evicted.
	(0) Job was not checkpointed.
		Usr 0 00:00:28, Sys 0 00:00:02  -  Run Remote Usage
		Usr 0 00:00:00, Sys 0 00:00:00  -  Run Local Usage
	0  -  Run Bytes Sent By Job
	0  -  Run Bytes Received By Job
	Partitionable Resources :    Usage  Request Allocated
	   Cpus                 :                 1         1
	   Disk (KB)            :        1        1   1654205
	   Gpus                 :                           0
	   Memory (MB)          :      214        1     12899
...
009 (516278.000.000) 05/05 17:18:11 Job was aborted by the user.
	via condor_rm (by user ypei)
...
000 (516485.000.000) 05/05 17:18:32 Job submitted from host: <128.83.144.149:44250?addrs=128.83.144.149-44250>
...
001 (516485.000.000) 05/05 17:19:01 Job executing on host: <128.83.139.9:47643?addrs=128.83.139.9-47643>
...
006 (516485.000.000) 05/05 17:19:10 Image size of job updated: 913676
	54  -  MemoryUsage of job (MB)
	54928  -  ResidentSetSize of job (KB)
...
006 (516485.000.000) 05/05 17:21:20 Image size of job updated: 1088648
	241  -  MemoryUsage of job (MB)
	246500  -  ResidentSetSize of job (KB)
...
004 (516485.000.000) 05/05 17:21:20 Job was evicted.
	(0) Job was not checkpointed.
		Usr 0 00:01:04, Sys 0 00:00:02  -  Run Remote Usage
		Usr 0 00:00:00, Sys 0 00:00:00  -  Run Local Usage
	0  -  Run Bytes Sent By Job
	0  -  Run Bytes Received By Job
	Partitionable Resources :    Usage  Request Allocated
	   Cpus                 :                 1         1
	   Disk (KB)            :        1        1   1654205
	   Gpus                 :                           0
	   Memory (MB)          :      241        1     12899
...
009 (516485.000.000) 05/05 17:21:20 Job was aborted by the user.
	via condor_rm (by user ypei)
...
000 (517106.000.000) 05/05 17:21:57 Job submitted from host: <128.83.144.149:44250?addrs=128.83.144.149-44250>
...
001 (517106.000.000) 05/05 17:22:24 Job executing on host: <128.83.139.15:46714?addrs=128.83.139.15-46714>
...
006 (517106.000.000) 05/05 17:22:33 Image size of job updated: 410320
	38  -  MemoryUsage of job (MB)
	38552  -  ResidentSetSize of job (KB)
...
006 (517106.000.000) 05/05 17:27:33 Image size of job updated: 1154096
	326  -  MemoryUsage of job (MB)
	333180  -  ResidentSetSize of job (KB)
...
006 (517106.000.000) 05/05 17:32:33 Image size of job updated: 1219708
	376  -  MemoryUsage of job (MB)
	384684  -  ResidentSetSize of job (KB)
...
006 (517106.000.000) 05/05 17:37:34 Image size of job updated: 1219712
	409  -  MemoryUsage of job (MB)
	417796  -  ResidentSetSize of job (KB)
...
006 (517106.000.000) 05/05 17:42:35 Image size of job updated: 1219724
	430  -  MemoryUsage of job (MB)
	439820  -  ResidentSetSize of job (KB)
...
006 (517106.000.000) 05/05 17:47:35 Image size of job updated: 1285520
	453  -  MemoryUsage of job (MB)
	463152  -  ResidentSetSize of job (KB)
...
006 (517106.000.000) 05/05 17:52:22 Image size of job updated: 1285672
	453  -  MemoryUsage of job (MB)
	463152  -  ResidentSetSize of job (KB)
...
005 (517106.000.000) 05/05 17:52:22 Job terminated.
	(1) Normal termination (return value 0)
		Usr 0 00:28:03, Sys 0 00:00:30  -  Run Remote Usage
		Usr 0 00:00:00, Sys 0 00:00:00  -  Run Local Usage
		Usr 0 00:28:03, Sys 0 00:00:30  -  Total Remote Usage
		Usr 0 00:00:00, Sys 0 00:00:00  -  Total Local Usage
	0  -  Run Bytes Sent By Job
	0  -  Run Bytes Received By Job
	0  -  Total Bytes Sent By Job
	0  -  Total Bytes Received By Job
	Partitionable Resources :    Usage  Request Allocated
	   Cpus                 :                 1         1
	   Disk (KB)            :        1        1   1684661
	   Gpus                 :                           0
	   Memory (MB)          :      453        1     12899
...
000 (382537.000.000) 05/07 03:39:59 Job submitted from host: <128.83.144.155:57685?addrs=128.83.144.155-57685>
...
001 (382537.000.000) 05/07 04:19:21 Job executing on host: <128.83.139.14:44306?addrs=128.83.139.14-44306>
...
006 (382537.000.000) 05/07 04:19:30 Image size of job updated: 1087504
	132  -  MemoryUsage of job (MB)
	134824  -  ResidentSetSize of job (KB)
...
006 (382537.000.000) 05/07 04:24:31 Image size of job updated: 1154324
	332  -  MemoryUsage of job (MB)
	339088  -  ResidentSetSize of job (KB)
...
006 (382537.000.000) 05/07 04:29:31 Image size of job updated: 1154592
	363  -  MemoryUsage of job (MB)
	371200  -  ResidentSetSize of job (KB)
...
006 (382537.000.000) 05/07 04:34:31 Image size of job updated: 1220132
	382  -  MemoryUsage of job (MB)
	390704  -  ResidentSetSize of job (KB)
...
006 (382537.000.000) 05/07 04:39:33 Image size of job updated: 1220148
	400  -  MemoryUsage of job (MB)
	408988  -  ResidentSetSize of job (KB)
...
006 (382537.000.000) 05/07 04:44:33 Image size of job updated: 1220284
	410  -  MemoryUsage of job (MB)
	419296  -  ResidentSetSize of job (KB)
...
006 (382537.000.000) 05/07 04:49:15 Image size of job updated: 1220304
	410  -  MemoryUsage of job (MB)
	419296  -  ResidentSetSize of job (KB)
...
005 (382537.000.000) 05/07 04:49:16 Job terminated.
	(1) Normal termination (return value 0)
		Usr 0 00:29:21, Sys 0 00:00:29  -  Run Remote Usage
		Usr 0 00:00:00, Sys 0 00:00:00  -  Run Local Usage
		Usr 0 00:29:21, Sys 0 00:00:29  -  Total Remote Usage
		Usr 0 00:00:00, Sys 0 00:00:00  -  Total Local Usage
	0  -  Run Bytes Sent By Job
	0  -  Run Bytes Received By Job
	0  -  Total Bytes Sent By Job
	0  -  Total Bytes Received By Job
	Partitionable Resources :    Usage  Request Allocated
	   Cpus                 :                 1         1
	   Disk (KB)            :        1        1   1675519
	   Gpus                 :                           0
	   Memory (MB)          :      410        1     12899
...
000 (518555.000.000) 05/07 13:18:23 Job submitted from host: <128.83.144.149:44250?addrs=128.83.144.149-44250>
...
001 (518555.000.000) 05/07 13:18:56 Job executing on host: <128.83.139.142:37279?addrs=128.83.139.142-37279>
...
006 (518555.000.000) 05/07 13:19:05 Image size of job updated: 913676
	52  -  MemoryUsage of job (MB)
	52668  -  ResidentSetSize of job (KB)
...
006 (518555.000.000) 05/07 13:23:39 Image size of job updated: 1088696
	52  -  MemoryUsage of job (MB)
	52668  -  ResidentSetSize of job (KB)
...
004 (518555.000.000) 05/07 13:23:39 Job was evicted.
	(0) Job was not checkpointed.
		Usr 0 00:03:20, Sys 0 00:00:03  -  Run Remote Usage
		Usr 0 00:00:00, Sys 0 00:00:00  -  Run Local Usage
	0  -  Run Bytes Sent By Job
	0  -  Run Bytes Received By Job
	Partitionable Resources :    Usage  Request Allocated
	   Cpus                 :                 1         1
	   Disk (KB)            :        1        1   7532337
	   Gpus                 :                           0
	   Memory (MB)          :       52        1      4027
...
009 (518555.000.000) 05/07 13:23:40 Job was aborted by the user.
	via condor_rm (by user ypei)
...
000 (518762.000.000) 05/07 13:23:57 Job submitted from host: <128.83.144.149:44250?addrs=128.83.144.149-44250>
...
001 (518762.000.000) 05/07 13:24:34 Job executing on host: <128.83.144.5:44408?addrs=128.83.144.5-44408>
...
006 (518762.000.000) 05/07 13:24:42 Image size of job updated: 913672
	56  -  MemoryUsage of job (MB)
	56776  -  ResidentSetSize of job (KB)
...
006 (518762.000.000) 05/07 13:29:42 Image size of job updated: 1088724
	305  -  MemoryUsage of job (MB)
	311304  -  ResidentSetSize of job (KB)
...
006 (518762.000.000) 05/07 13:34:42 Image size of job updated: 1154332
	342  -  MemoryUsage of job (MB)
	349316  -  ResidentSetSize of job (KB)
...
006 (518762.000.000) 05/07 13:39:43 Image size of job updated: 1154336
	361  -  MemoryUsage of job (MB)
	369008  -  ResidentSetSize of job (KB)
...
006 (518762.000.000) 05/07 13:44:43 Image size of job updated: 1219876
	376  -  MemoryUsage of job (MB)
	384008  -  ResidentSetSize of job (KB)
...
006 (518762.000.000) 05/07 13:49:43 Image size of job updated: 1219888
	387  -  MemoryUsage of job (MB)
	396072  -  ResidentSetSize of job (KB)
...
006 (518762.000.000) 05/07 13:54:44 Image size of job updated: 1220024
	403  -  MemoryUsage of job (MB)
	411704  -  ResidentSetSize of job (KB)
...
006 (518762.000.000) 05/07 13:59:45 Image size of job updated: 1220044
	413  -  MemoryUsage of job (MB)
	422720  -  ResidentSetSize of job (KB)
...
005 (518762.000.000) 05/07 14:00:11 Job terminated.
	(1) Normal termination (return value 0)
		Usr 0 00:34:17, Sys 0 00:00:43  -  Run Remote Usage
		Usr 0 00:00:00, Sys 0 00:00:00  -  Run Local Usage
		Usr 0 00:34:17, Sys 0 00:00:43  -  Total Remote Usage
		Usr 0 00:00:00, Sys 0 00:00:00  -  Total Local Usage
	0  -  Run Bytes Sent By Job
	0  -  Run Bytes Received By Job
	0  -  Total Bytes Sent By Job
	0  -  Total Bytes Received By Job
	Partitionable Resources :    Usage  Request Allocated
	   Cpus                 :                 1         1
	   Disk (KB)            :        1        1    790322
	   Gpus                 :                           0
	   Memory (MB)          :      413        1     12899
...
000 (519176.000.000) 05/07 14:36:33 Job submitted from host: <128.83.144.149:44250?addrs=128.83.144.149-44250>
...
001 (519176.000.000) 05/07 14:36:43 Job executing on host: <128.83.139.6:57138?addrs=128.83.139.6-57138>
...
006 (519176.000.000) 05/07 14:36:52 Image size of job updated: 1
	2  -  MemoryUsage of job (MB)
	1680  -  ResidentSetSize of job (KB)
...
006 (519176.000.000) 05/07 14:41:53 Image size of job updated: 1088728
	301  -  MemoryUsage of job (MB)
	307376  -  ResidentSetSize of job (KB)
...
006 (519176.000.000) 05/07 14:46:53 Image size of job updated: 1154336
	343  -  MemoryUsage of job (MB)
	350752  -  ResidentSetSize of job (KB)
...
006 (519176.000.000) 05/07 14:51:53 Image size of job updated: 1154344
	365  -  MemoryUsage of job (MB)
	373264  -  ResidentSetSize of job (KB)
...
006 (519176.000.000) 05/07 14:56:54 Image size of job updated: 1219880
	378  -  MemoryUsage of job (MB)
	386276  -  ResidentSetSize of job (KB)
...
006 (519176.000.000) 05/07 15:01:55 Image size of job updated: 1220148
	393  -  MemoryUsage of job (MB)
	402068  -  ResidentSetSize of job (KB)
...
006 (519176.000.000) 05/07 15:06:55 Image size of job updated: 1220284
	406  -  MemoryUsage of job (MB)
	415556  -  ResidentSetSize of job (KB)
...
006 (519176.000.000) 05/07 15:10:22 Image size of job updated: 1220304
	406  -  MemoryUsage of job (MB)
	415556  -  ResidentSetSize of job (KB)
...
005 (519176.000.000) 05/07 15:10:22 Job terminated.
	(1) Normal termination (return value 0)
		Usr 0 00:31:53, Sys 0 00:00:37  -  Run Remote Usage
		Usr 0 00:00:00, Sys 0 00:00:00  -  Run Local Usage
		Usr 0 00:31:53, Sys 0 00:00:37  -  Total Remote Usage
		Usr 0 00:00:00, Sys 0 00:00:00  -  Total Local Usage
	0  -  Run Bytes Sent By Job
	0  -  Run Bytes Received By Job
	0  -  Total Bytes Sent By Job
	0  -  Total Bytes Received By Job
	Partitionable Resources :    Usage  Request Allocated
	   Cpus                 :                 1         1
	   Disk (KB)            :        1        1   1657238
	   Gpus                 :                           0
	   Memory (MB)          :      406        1     12899
...
000 (382951.000.000) 05/07 20:17:03 Job submitted from host: <128.83.144.155:57685?addrs=128.83.144.155-57685>
...
001 (382951.000.000) 05/07 20:50:21 Job executing on host: <128.83.144.3:55710?addrs=128.83.144.3-55710>
...
006 (382951.000.000) 05/07 20:50:30 Image size of job updated: 2
	2  -  MemoryUsage of job (MB)
	1644  -  ResidentSetSize of job (KB)
...
006 (382951.000.000) 05/07 20:55:31 Image size of job updated: 1154332
	341  -  MemoryUsage of job (MB)
	348776  -  ResidentSetSize of job (KB)
...
006 (382951.000.000) 05/07 21:00:31 Image size of job updated: 1154340
	373  -  MemoryUsage of job (MB)
	381280  -  ResidentSetSize of job (KB)
...
006 (382951.000.000) 05/07 21:05:31 Image size of job updated: 1219888
	396  -  MemoryUsage of job (MB)
	404652  -  ResidentSetSize of job (KB)
...
006 (382951.000.000) 05/07 21:09:56 Image size of job updated: 1220048
	396  -  MemoryUsage of job (MB)
	404652  -  ResidentSetSize of job (KB)
...
005 (382951.000.000) 05/07 21:09:56 Job terminated.
	(1) Normal termination (return value 0)
		Usr 0 00:19:02, Sys 0 00:00:19  -  Run Remote Usage
		Usr 0 00:00:00, Sys 0 00:00:00  -  Run Local Usage
		Usr 0 00:19:02, Sys 0 00:00:19  -  Total Remote Usage
		Usr 0 00:00:00, Sys 0 00:00:00  -  Total Local Usage
	0  -  Run Bytes Sent By Job
	0  -  Run Bytes Received By Job
	0  -  Total Bytes Sent By Job
	0  -  Total Bytes Received By Job
	Partitionable Resources :    Usage  Request Allocated
	   Cpus                 :                 1         1
	   Disk (KB)            :        2        2  14478257
	   Gpus                 :                           0
	   Memory (MB)          :      396        1      4028
...
000 (384193.000.000) 05/08 05:53:06 Job submitted from host: <128.83.144.155:57685?addrs=128.83.144.155-57685>
...
001 (384193.000.000) 05/08 06:25:03 Job executing on host: <128.83.139.6:57138?addrs=128.83.139.6-57138>
...
006 (384193.000.000) 05/08 06:25:12 Image size of job updated: 919332
	60  -  MemoryUsage of job (MB)
	60572  -  ResidentSetSize of job (KB)
...
006 (384193.000.000) 05/08 06:30:13 Image size of job updated: 1154316
	323  -  MemoryUsage of job (MB)
	329888  -  ResidentSetSize of job (KB)
...
006 (384193.000.000) 05/08 06:35:13 Image size of job updated: 1154336
	355  -  MemoryUsage of job (MB)
	363100  -  ResidentSetSize of job (KB)
...
006 (384193.000.000) 05/08 06:40:13 Image size of job updated: 1154340
	372  -  MemoryUsage of job (MB)
	380484  -  ResidentSetSize of job (KB)
...
006 (384193.000.000) 05/08 06:45:14 Image size of job updated: 1219888
	385  -  MemoryUsage of job (MB)
	393412  -  ResidentSetSize of job (KB)
...
006 (384193.000.000) 05/08 06:50:14 Image size of job updated: 1220144
	400  -  MemoryUsage of job (MB)
	408760  -  ResidentSetSize of job (KB)
...
006 (384193.000.000) 05/08 06:55:14 Image size of job updated: 1220284
	412  -  MemoryUsage of job (MB)
	421804  -  ResidentSetSize of job (KB)
...
006 (384193.000.000) 05/08 06:57:15 Image size of job updated: 1220304
	412  -  MemoryUsage of job (MB)
	421804  -  ResidentSetSize of job (KB)
...
005 (384193.000.000) 05/08 06:57:15 Job terminated.
	(1) Normal termination (return value 0)
		Usr 0 00:31:08, Sys 0 00:00:34  -  Run Remote Usage
		Usr 0 00:00:00, Sys 0 00:00:00  -  Run Local Usage
		Usr 0 00:31:08, Sys 0 00:00:34  -  Total Remote Usage
		Usr 0 00:00:00, Sys 0 00:00:00  -  Total Local Usage
	0  -  Run Bytes Sent By Job
	0  -  Run Bytes Received By Job
	0  -  Total Bytes Sent By Job
	0  -  Total Bytes Received By Job
	Partitionable Resources :    Usage  Request Allocated
	   Cpus                 :                 1         1
	   Disk (KB)            :        1        1   1657229
	   Gpus                 :                           0
	   Memory (MB)          :      412        1     12899
...
000 (417586.000.000) 05/09 03:37:31 Job submitted from host: <128.83.144.154:52346?addrs=128.83.144.154-52346>
...
001 (417586.000.000) 05/09 04:09:35 Job executing on host: <128.83.139.146:44201?addrs=128.83.139.146-44201>
...
006 (417586.000.000) 05/09 04:09:44 Image size of job updated: 913536
	56  -  MemoryUsage of job (MB)
	56780  -  ResidentSetSize of job (KB)
...
006 (417586.000.000) 05/09 04:14:45 Image size of job updated: 1154152
	359  -  MemoryUsage of job (MB)
	366752  -  ResidentSetSize of job (KB)
...
006 (417586.000.000) 05/09 04:19:46 Image size of job updated: 1219708
	398  -  MemoryUsage of job (MB)
	406792  -  ResidentSetSize of job (KB)
...
006 (417586.000.000) 05/09 04:22:08 Image size of job updated: 1219984
	398  -  MemoryUsage of job (MB)
	406792  -  ResidentSetSize of job (KB)
...
005 (417586.000.000) 05/09 04:22:08 Job terminated.
	(1) Normal termination (return value 0)
		Usr 0 00:11:52, Sys 0 00:00:13  -  Run Remote Usage
		Usr 0 00:00:00, Sys 0 00:00:00  -  Run Local Usage
		Usr 0 00:11:52, Sys 0 00:00:13  -  Total Remote Usage
		Usr 0 00:00:00, Sys 0 00:00:00  -  Total Local Usage
	0  -  Run Bytes Sent By Job
	0  -  Run Bytes Received By Job
	0  -  Total Bytes Sent By Job
	0  -  Total Bytes Received By Job
	Partitionable Resources :    Usage  Request Allocated
	   Cpus                 :                 1         1
	   Disk (KB)            :        2        2   7541864
	   Gpus                 :                           0
	   Memory (MB)          :      398        1      4027
...
