[SNIPER] Start
Sampler: 4, 32, 0
itlb_cache: 32, 1
itlb_cache_L1: 32, 1
Sampler: 4, 128, 0
dtlb_cache: 128, 4
dtlb_cache_L1: 128, 4
L1-I 2
Sampler: 4, 4, 128
L1-I: 2048, 64
L1-I_L1: 2048, 64
L1-D 3
Sampler: 4, 8, 32
L1-D: 1024, 32
L1-D_L1: 1024, 32
L2 4
Sampler: 122, 16, 16
L2: 32768, 1024
L2_L1: 32768, 1024
Executing Python script /v/filer4b/v20q001/ypei/Desktop/cs395t-lin/output/low_bandwidth/run_all_hybrid_headroom9/soplex/14/sim.scripts.py
[STOPBYICOUNT] Starting in ROI (detail)
[STOPBYICOUNT] Then stopping after simulating at least 250000000 instructions in detail
[SNIPER] --------------------------------------------------------------------------------
[SNIPER] Sniper using SIFT/trace-driven frontend
[SNIPER] Running full application in DETAILED mode
[SNIPER] --------------------------------------------------------------------------------
[SNIPER] Enabling performance models
[SNIPER] Setting instrumentation mode to DETAILED
[STOPBYICOUNT] Ending ROI after 250000001 instructions (250000000 requested)
[SNIPER] Disabling performance models
[SNIPER] Leaving ROI after 1830.97 seconds
[SNIPER] Simulated 250.0M instructions, 676.0M cycles, 0.37 IPC
[SNIPER] Simulation speed 136.5 KIPS (136.5 KIPS / target core - 7324.0ns/instr)
[SNIPER] Setting instrumentation mode to FAST_FORWARD
[app0] [SIFT_RECORDER] sift_writer.cc:550: Sift::Mode Sift::Writer::Sync(): Assertion `!response->fail()' failed.
[app0] Pin app terminated abnormally due to signal 6.
Hawkeye Victims: 0
LRU Victims: 0
Hawkeye Victims: 0
LRU Victims: 0
Hawkeye Victims: 0
LRU Victims: 0
a test for execution

Inserted: 0
Redundant.progress: 0
Redundant.cache: 0
Redundant.buffer: 0
Hawkeye Victims: 0
LRU Victims: 0
a test for execution

Inserted: 0
Redundant.progress: 0
Redundant.cache: 0
Redundant.buffer: 0
Hawkeye Victims: 0
LRU Victims: 0
 =========================================================== 
Triggers: 11311228
Repeats: 0

Same addr: 6236339 55.1341
New addr: 1324 0.0117052

Distribution of new addresses: 
Stream Head: 1027 77.568
Stream Divergence: 4495522 339541

Invalidation count: 4717063 356274
No Conflict count: 223555 16884.8
Same Stream count: 0 0
New Stream count: 0 0

Not found: 5066930
On Chip Mispredictions: 0
 =========================================================== 
Distribution of predictions: 
Predict Init: 10960037 96.8952
Total Predictions: 10902324
Predict OCI Miss: 20524 0.187262
Predict Stream End: 57713 0.526577
Buffer Success: 0 0
Stride Distribution: 0, 182619, 283774, 893320, 1090857, 244582, 197570, 607660, 284418, 1027180, 232668, 670128, 282348, 259302, 246744, 240442, 164864, 0, 230920, 0, 113804, 0, 0, 0, 140162, 0, 0, 0, 0, 0, 83260, 0, 64814, 0, 0, 0, 71668, 0, 0, 0, 97658, 0, 0, 0, 0, 0, 0, 0, 0, 0, 0, 0, 0, 0, 0, 0, 0, 0, 0, 0, 0, 0, 0, 0, 0, 0, 33, 0, 0, 0, 0, 0, 45405488, 0, 49, 0, 15, 0, 15, 0, 0, 6644585, 1868787317, 1915577714, 1702195557, 7566451, 113, 0, 5073232, 0, 42078880, 0, 0, 0, 5073232, 0, 42637296, 0, 0, 0, 5073232, 0, 42909616, 0, 0, 0, 5165152, 0, 4057415024, 11003, 0, 11003, 45403792, 0, 49, 0, 6, 0, 6, 0, 0, 0, 1919906931, 29541, 48, 0, 49, 0, 
a test for execution

Inserted: 18066488
Redundant.progress: 353597
Redundant.cache: 10690000
Redundant.buffer: 0
[SNIPER] End
[SNIPER] Elapsed time: 1834.80 seconds
