[SNIPER] Start
Sampler: 4, 32, 0
itlb_cache: 32, 1
itlb_cache_L1: 32, 1
Sampler: 4, 128, 0
dtlb_cache: 128, 4
dtlb_cache_L1: 128, 4
L1-I 2
Sampler: 4, 4, 128
L1-I: 2048, 64
L1-I_L1: 2048, 64
L1-D 3
Sampler: 4, 8, 32
L1-D: 1024, 32
L1-D_L1: 1024, 32
L2 4
Sampler: 122, 16, 16
L2: 32768, 1024
L2_L1: 32768, 1024
Executing Python script /v/filer4b/v20q001/ypei/Desktop/cs395t-lin/output/low_bandwidth/run_all_hybrid_headroom9/omnetpp/22/sim.scripts.py
[STOPBYICOUNT] Starting in ROI (detail)
[STOPBYICOUNT] Then stopping after simulating at least 250000000 instructions in detail
[SNIPER] --------------------------------------------------------------------------------
[SNIPER] Sniper using SIFT/trace-driven frontend
[SNIPER] Running full application in DETAILED mode
[SNIPER] --------------------------------------------------------------------------------
[SNIPER] Enabling performance models
[SNIPER] Setting instrumentation mode to DETAILED
[STOPBYICOUNT] Ending ROI after 250000001 instructions (250000000 requested)
[SNIPER] Disabling performance models
[SNIPER] Leaving ROI after 1124.21 seconds
[SNIPER] Simulated 250.0M instructions, 495.8M cycles, 0.50 IPC
[SNIPER] Simulation speed 222.4 KIPS (222.4 KIPS / target core - 4496.9ns/instr)
[SNIPER] Setting instrumentation mode to FAST_FORWARD
[app0] [SIFT_RECORDER] sift_writer.cc:550: Sift::Mode Sift::Writer::Sync(): Assertion `!response->fail()' failed.
Hawkeye Victims: 0
LRU Victims: 0
Hawkeye Victims: 0
LRU Victims: 0
Hawkeye Victims: 0
LRU Victims: 0
a test for execution

Inserted: 0
Redundant.progress: 0
Redundant.cache: 0
Redundant.buffer: 0
Hawkeye Victims: 0
LRU Victims: 0
[app0] Pin app terminated abnormally due to signal 6.
a test for execution

Inserted: 0
Redundant.progress: 0
Redundant.cache: 0
Redundant.buffer: 0
Hawkeye Victims: 0
LRU Victims: 0
 =========================================================== 
Triggers: 5281329
Repeats: 0

Same addr: 3598776 68.1415
New addr: 1320 0.0249937

Distribution of new addresses: 
Stream Head: 1032 78.1818
Stream Divergence: 710629 53835.5

Invalidation count: 1226412 92910
No Conflict count: 522677 39596.7
Same Stream count: 0 0
New Stream count: 0 0

Not found: 1664067
On Chip Mispredictions: 0
 =========================================================== 
Distribution of predictions: 
Predict Init: 4842354 91.6882
Total Predictions: 4780627
Predict OCI Miss: 49887 1.03022
Predict Stream End: 61727 1.27473
Buffer Success: 0 0
Stride Distribution: 0, 505861, 303600, 322000, 124200, 69000, 27600, 36800, 326600, 119600, 262200, 110400, 92000, 423200, 82800, 105800, 115000, 0, 9200, 0, 50600, 0, 0, 0, 0, 0, 0, 0, 0, 0, 427800, 0, 289800, 0, 0, 0, 464600, 0, 0, 0, 900772, 0, 0, 0, 0, 0, 0, 0, 0, 0, 0, 0, 0, 0, 0, 0, 0, 0, 0, 0, 0, 0, 0, 0, 0, 0, 33, 0, 0, 0, 0, 0, 33019200, 0, 49, 0, 15, 0, 15, 0, 0, 6644585, 1868787317, 1915577714, 1702195557, 7566451, 113, 0, 5073232, 0, 29692592, 0, 0, 0, 5073232, 0, 30251008, 0, 0, 0, 5073232, 0, 30523328, 0, 0, 0, 5165152, 0, 2236267888, 10975, 0, 10975, 33017504, 0, 49, 0, 6, 0, 6, 0, 0, 0, 1919906931, 29541, 48, 0, 49, 0, 
a test for execution

Inserted: 4892923
Redundant.progress: 38169
Redundant.cache: 1823923
Redundant.buffer: 0
[SNIPER] End
[SNIPER] Elapsed time: 1163.38 seconds
