000 (516050.000.000) 05/05 17:13:16 Job submitted from host: <128.83.144.149:44250?addrs=128.83.144.149-44250>
...
001 (516050.000.000) 05/05 17:13:32 Job executing on host: <128.83.144.13:57145?addrs=128.83.144.13-57145>
...
006 (516050.000.000) 05/05 17:13:40 Image size of job updated: 914432
	54  -  MemoryUsage of job (MB)
	54448  -  ResidentSetSize of job (KB)
...
006 (516050.000.000) 05/05 17:14:29 Image size of job updated: 916124
	54  -  MemoryUsage of job (MB)
	54448  -  ResidentSetSize of job (KB)
...
004 (516050.000.000) 05/05 17:14:29 Job was evicted.
	(0) Job was not checkpointed.
		Usr 0 00:00:00, Sys 0 00:00:00  -  Run Remote Usage
		Usr 0 00:00:00, Sys 0 00:00:00  -  Run Local Usage
	0  -  Run Bytes Sent By Job
	0  -  Run Bytes Received By Job
	Partitionable Resources :    Usage  Request Allocated
	   Cpus                 :                 1         1
	   Disk (KB)            :        1        1    824403
	   Gpus                 :                           0
	   Memory (MB)          :       54        1     12899
...
009 (516050.000.000) 05/05 17:14:30 Job was aborted by the user.
	via condor_rm (by user ypei)
...
000 (516275.000.000) 05/05 17:15:02 Job submitted from host: <128.83.144.149:44250?addrs=128.83.144.149-44250>
...
001 (516275.000.000) 05/05 17:15:29 Job executing on host: <128.83.139.14:44306?addrs=128.83.139.14-44306>
...
006 (516275.000.000) 05/05 17:15:38 Image size of job updated: 914596
	56  -  MemoryUsage of job (MB)
	56792  -  ResidentSetSize of job (KB)
...
006 (516275.000.000) 05/05 17:18:08 Image size of job updated: 1089004
	56  -  MemoryUsage of job (MB)
	56792  -  ResidentSetSize of job (KB)
...
004 (516275.000.000) 05/05 17:18:08 Job was evicted.
	(0) Job was not checkpointed.
		Usr 0 00:00:57, Sys 0 00:00:01  -  Run Remote Usage
		Usr 0 00:00:00, Sys 0 00:00:00  -  Run Local Usage
	0  -  Run Bytes Sent By Job
	0  -  Run Bytes Received By Job
	Partitionable Resources :    Usage  Request Allocated
	   Cpus                 :                 1         1
	   Disk (KB)            :        1        1   1695299
	   Gpus                 :                           0
	   Memory (MB)          :       56        1     12899
...
009 (516275.000.000) 05/05 17:18:09 Job was aborted by the user.
	via condor_rm (by user ypei)
...
000 (516482.000.000) 05/05 17:18:32 Job submitted from host: <128.83.144.149:44250?addrs=128.83.144.149-44250>
...
001 (516482.000.000) 05/05 17:19:30 Job executing on host: <128.83.120.230:37764?addrs=128.83.120.230-37764>
...
006 (516482.000.000) 05/05 17:19:39 Image size of job updated: 914596
	56  -  MemoryUsage of job (MB)
	56968  -  ResidentSetSize of job (KB)
...
010 (516482.000.000) 05/05 17:21:01 Job was suspended.
	Number of processes actually suspended: 8
...
006 (516482.000.000) 05/05 17:21:01 Image size of job updated: 1089004
	236  -  MemoryUsage of job (MB)
	240968  -  ResidentSetSize of job (KB)
...
004 (516482.000.000) 05/05 17:21:24 Job was evicted.
	(0) Job was not checkpointed.
		Usr 0 00:00:42, Sys 0 00:00:00  -  Run Remote Usage
		Usr 0 00:00:00, Sys 0 00:00:00  -  Run Local Usage
	0  -  Run Bytes Sent By Job
	0  -  Run Bytes Received By Job
	Partitionable Resources :    Usage  Request Allocated
	   Cpus                 :                 1         1
	   Disk (KB)            :        1        1    827432
	   Gpus                 :                           0
	   Memory (MB)          :      236        1     12899
...
009 (516482.000.000) 05/05 17:21:24 Job was aborted by the user.
	via condor_rm (by user ypei)
...
000 (517103.000.000) 05/05 17:21:56 Job submitted from host: <128.83.144.149:44250?addrs=128.83.144.149-44250>
...
001 (517103.000.000) 05/05 17:22:24 Job executing on host: <128.83.139.15:46714?addrs=128.83.139.15-46714>
...
006 (517103.000.000) 05/05 17:22:33 Image size of job updated: 914596
	54  -  MemoryUsage of job (MB)
	54724  -  ResidentSetSize of job (KB)
...
006 (517103.000.000) 05/05 17:27:34 Image size of job updated: 1155064
	315  -  MemoryUsage of job (MB)
	322144  -  ResidentSetSize of job (KB)
...
006 (517103.000.000) 05/05 17:32:35 Image size of job updated: 1155100
	378  -  MemoryUsage of job (MB)
	386956  -  ResidentSetSize of job (KB)
...
006 (517103.000.000) 05/05 17:37:35 Image size of job updated: 1220640
	419  -  MemoryUsage of job (MB)
	428540  -  ResidentSetSize of job (KB)
...
006 (517103.000.000) 05/05 17:42:36 Image size of job updated: 1220652
	444  -  MemoryUsage of job (MB)
	453676  -  ResidentSetSize of job (KB)
...
006 (517103.000.000) 05/05 17:47:37 Image size of job updated: 1286444
	461  -  MemoryUsage of job (MB)
	471292  -  ResidentSetSize of job (KB)
...
006 (517103.000.000) 05/05 17:52:20 Image size of job updated: 1286448
	461  -  MemoryUsage of job (MB)
	471292  -  ResidentSetSize of job (KB)
...
005 (517103.000.000) 05/05 17:52:20 Job terminated.
	(1) Normal termination (return value 0)
		Usr 0 00:28:06, Sys 0 00:00:26  -  Run Remote Usage
		Usr 0 00:00:00, Sys 0 00:00:00  -  Run Local Usage
		Usr 0 00:28:06, Sys 0 00:00:26  -  Total Remote Usage
		Usr 0 00:00:00, Sys 0 00:00:00  -  Total Local Usage
	0  -  Run Bytes Sent By Job
	0  -  Run Bytes Received By Job
	0  -  Total Bytes Sent By Job
	0  -  Total Bytes Received By Job
	Partitionable Resources :    Usage  Request Allocated
	   Cpus                 :                 1         1
	   Disk (KB)            :        1        1   1684661
	   Gpus                 :                           0
	   Memory (MB)          :      461        1     12899
...
000 (382534.000.000) 05/07 03:39:59 Job submitted from host: <128.83.144.155:57685?addrs=128.83.144.155-57685>
...
001 (382534.000.000) 05/07 04:19:06 Job executing on host: <128.83.144.5:44408?addrs=128.83.144.5-44408>
...
006 (382534.000.000) 05/07 04:19:14 Image size of job updated: 1086764
	158  -  MemoryUsage of job (MB)
	161224  -  ResidentSetSize of job (KB)
...
006 (382534.000.000) 05/07 04:24:14 Image size of job updated: 1089704
	305  -  MemoryUsage of job (MB)
	311400  -  ResidentSetSize of job (KB)
...
006 (382534.000.000) 05/07 04:29:15 Image size of job updated: 1155264
	347  -  MemoryUsage of job (MB)
	355072  -  ResidentSetSize of job (KB)
...
006 (382534.000.000) 05/07 04:34:16 Image size of job updated: 1155272
	382  -  MemoryUsage of job (MB)
	390484  -  ResidentSetSize of job (KB)
...
006 (382534.000.000) 05/07 04:39:16 Image size of job updated: 1220820
	398  -  MemoryUsage of job (MB)
	407036  -  ResidentSetSize of job (KB)
...
006 (382534.000.000) 05/07 04:44:16 Image size of job updated: 1221076
	409  -  MemoryUsage of job (MB)
	418288  -  ResidentSetSize of job (KB)
...
006 (382534.000.000) 05/07 04:49:17 Image size of job updated: 1221076
	414  -  MemoryUsage of job (MB)
	423824  -  ResidentSetSize of job (KB)
...
005 (382534.000.000) 05/07 04:51:43 Job terminated.
	(1) Normal termination (return value 0)
		Usr 0 00:31:47, Sys 0 00:00:41  -  Run Remote Usage
		Usr 0 00:00:00, Sys 0 00:00:00  -  Run Local Usage
		Usr 0 00:31:47, Sys 0 00:00:41  -  Total Remote Usage
		Usr 0 00:00:00, Sys 0 00:00:00  -  Total Local Usage
	0  -  Run Bytes Sent By Job
	0  -  Run Bytes Received By Job
	0  -  Total Bytes Sent By Job
	0  -  Total Bytes Received By Job
	Partitionable Resources :    Usage  Request Allocated
	   Cpus                 :                 1         1
	   Disk (KB)            :        1        1    790395
	   Gpus                 :                           0
	   Memory (MB)          :      414        1     12899
...
000 (518552.000.000) 05/07 13:18:23 Job submitted from host: <128.83.144.149:44250?addrs=128.83.144.149-44250>
...
001 (518552.000.000) 05/07 13:18:56 Job executing on host: <128.83.139.142:37279?addrs=128.83.139.142-37279>
...
006 (518552.000.000) 05/07 13:19:04 Image size of job updated: 914732
	56  -  MemoryUsage of job (MB)
	56900  -  ResidentSetSize of job (KB)
...
010 (518552.000.000) 05/07 13:21:05 Job was suspended.
	Number of processes actually suspended: 8
...
006 (518552.000.000) 05/07 13:21:05 Image size of job updated: 1089528
	237  -  MemoryUsage of job (MB)
	242420  -  ResidentSetSize of job (KB)
...
011 (518552.000.000) 05/07 13:21:30 Job was unsuspended.
...
006 (518552.000.000) 05/07 13:23:36 Image size of job updated: 1089736
	237  -  MemoryUsage of job (MB)
	242420  -  ResidentSetSize of job (KB)
...
004 (518552.000.000) 05/07 13:23:36 Job was evicted.
	(0) Job was not checkpointed.
		Usr 0 00:02:52, Sys 0 00:00:02  -  Run Remote Usage
		Usr 0 00:00:00, Sys 0 00:00:00  -  Run Local Usage
	0  -  Run Bytes Sent By Job
	0  -  Run Bytes Received By Job
	Partitionable Resources :    Usage  Request Allocated
	   Cpus                 :                 1         1
	   Disk (KB)            :        1        1   7532337
	   Gpus                 :                           0
	   Memory (MB)          :      237        1      4027
...
009 (518552.000.000) 05/07 13:23:37 Job was aborted by the user.
	via condor_rm (by user ypei)
...
000 (518759.000.000) 05/07 13:23:57 Job submitted from host: <128.83.144.149:44250?addrs=128.83.144.149-44250>
...
001 (518759.000.000) 05/07 13:24:35 Job executing on host: <128.83.120.230:37764?addrs=128.83.120.230-37764>
...
006 (518759.000.000) 05/07 13:24:44 Image size of job updated: 914728
	54  -  MemoryUsage of job (MB)
	54720  -  ResidentSetSize of job (KB)
...
006 (518759.000.000) 05/07 13:29:45 Image size of job updated: 1089700
	299  -  MemoryUsage of job (MB)
	305332  -  ResidentSetSize of job (KB)
...
006 (518759.000.000) 05/07 13:34:46 Image size of job updated: 1155260
	337  -  MemoryUsage of job (MB)
	344840  -  ResidentSetSize of job (KB)
...
006 (518759.000.000) 05/07 13:39:46 Image size of job updated: 1155268
	362  -  MemoryUsage of job (MB)
	370364  -  ResidentSetSize of job (KB)
...
006 (518759.000.000) 05/07 13:44:47 Image size of job updated: 1220808
	381  -  MemoryUsage of job (MB)
	389428  -  ResidentSetSize of job (KB)
...
006 (518759.000.000) 05/07 13:49:48 Image size of job updated: 1220816
	394  -  MemoryUsage of job (MB)
	402496  -  ResidentSetSize of job (KB)
...
006 (518759.000.000) 05/07 13:54:48 Image size of job updated: 1221072
	402  -  MemoryUsage of job (MB)
	411008  -  ResidentSetSize of job (KB)
...
006 (518759.000.000) 05/07 13:59:49 Image size of job updated: 1221072
	408  -  MemoryUsage of job (MB)
	417284  -  ResidentSetSize of job (KB)
...
005 (518759.000.000) 05/07 14:00:40 Job terminated.
	(1) Normal termination (return value 0)
		Usr 0 00:34:23, Sys 0 00:00:41  -  Run Remote Usage
		Usr 0 00:00:00, Sys 0 00:00:00  -  Run Local Usage
		Usr 0 00:34:23, Sys 0 00:00:41  -  Total Remote Usage
		Usr 0 00:00:00, Sys 0 00:00:00  -  Total Local Usage
	0  -  Run Bytes Sent By Job
	0  -  Run Bytes Received By Job
	0  -  Total Bytes Sent By Job
	0  -  Total Bytes Received By Job
	Partitionable Resources :    Usage  Request Allocated
	   Cpus                 :                 1         1
	   Disk (KB)            :        1        1    792415
	   Gpus                 :                           0
	   Memory (MB)          :      408        1     12899
...
000 (519173.000.000) 05/07 14:36:33 Job submitted from host: <128.83.144.149:44250?addrs=128.83.144.149-44250>
...
001 (519173.000.000) 05/07 14:36:42 Job executing on host: <128.83.139.6:57138?addrs=128.83.139.6-57138>
...
006 (519173.000.000) 05/07 14:36:50 Image size of job updated: 341352
	21  -  MemoryUsage of job (MB)
	21408  -  ResidentSetSize of job (KB)
...
006 (519173.000.000) 05/07 14:41:50 Image size of job updated: 1089556
	293  -  MemoryUsage of job (MB)
	299636  -  ResidentSetSize of job (KB)
...
006 (519173.000.000) 05/07 14:46:51 Image size of job updated: 1155124
	341  -  MemoryUsage of job (MB)
	348780  -  ResidentSetSize of job (KB)
...
006 (519173.000.000) 05/07 14:51:51 Image size of job updated: 1155132
	368  -  MemoryUsage of job (MB)
	376656  -  ResidentSetSize of job (KB)
...
006 (519173.000.000) 05/07 14:56:51 Image size of job updated: 1220672
	387  -  MemoryUsage of job (MB)
	395608  -  ResidentSetSize of job (KB)
...
006 (519173.000.000) 05/07 15:01:52 Image size of job updated: 1220936
	401  -  MemoryUsage of job (MB)
	410008  -  ResidentSetSize of job (KB)
...
006 (519173.000.000) 05/07 15:06:53 Image size of job updated: 1220936
	409  -  MemoryUsage of job (MB)
	417856  -  ResidentSetSize of job (KB)
...
005 (519173.000.000) 05/07 15:11:31 Job terminated.
	(1) Normal termination (return value 0)
		Usr 0 00:32:58, Sys 0 00:00:36  -  Run Remote Usage
		Usr 0 00:00:00, Sys 0 00:00:00  -  Run Local Usage
		Usr 0 00:32:58, Sys 0 00:00:36  -  Total Remote Usage
		Usr 0 00:00:00, Sys 0 00:00:00  -  Total Local Usage
	0  -  Run Bytes Sent By Job
	0  -  Run Bytes Received By Job
	0  -  Total Bytes Sent By Job
	0  -  Total Bytes Received By Job
	Partitionable Resources :    Usage  Request Allocated
	   Cpus                 :                 1         1
	   Disk (KB)            :        1        1   1657238
	   Gpus                 :                           0
	   Memory (MB)          :      409        1     12899
...
000 (382948.000.000) 05/07 20:17:03 Job submitted from host: <128.83.144.155:57685?addrs=128.83.144.155-57685>
...
001 (382948.000.000) 05/07 20:49:54 Job executing on host: <128.83.139.9:47643?addrs=128.83.139.9-47643>
...
006 (382948.000.000) 05/07 20:50:03 Image size of job updated: 915108
	51  -  MemoryUsage of job (MB)
	51356  -  ResidentSetSize of job (KB)
...
006 (382948.000.000) 05/07 20:55:04 Image size of job updated: 1155384
	316  -  MemoryUsage of job (MB)
	322640  -  ResidentSetSize of job (KB)
...
006 (382948.000.000) 05/07 21:00:05 Image size of job updated: 1155388
	357  -  MemoryUsage of job (MB)
	365012  -  ResidentSetSize of job (KB)
...
006 (382948.000.000) 05/07 21:05:05 Image size of job updated: 1220932
	382  -  MemoryUsage of job (MB)
	390940  -  ResidentSetSize of job (KB)
...
006 (382948.000.000) 05/07 21:10:06 Image size of job updated: 1220940
	398  -  MemoryUsage of job (MB)
	407232  -  ResidentSetSize of job (KB)
...
006 (382948.000.000) 05/07 21:15:07 Image size of job updated: 1220944
	406  -  MemoryUsage of job (MB)
	415164  -  ResidentSetSize of job (KB)
...
005 (382948.000.000) 05/07 21:17:17 Job terminated.
	(1) Normal termination (return value 0)
		Usr 0 00:26:47, Sys 0 00:00:23  -  Run Remote Usage
		Usr 0 00:00:00, Sys 0 00:00:00  -  Run Local Usage
		Usr 0 00:26:47, Sys 0 00:00:23  -  Total Remote Usage
		Usr 0 00:00:00, Sys 0 00:00:00  -  Total Local Usage
	0  -  Run Bytes Sent By Job
	0  -  Run Bytes Received By Job
	0  -  Total Bytes Sent By Job
	0  -  Total Bytes Received By Job
	Partitionable Resources :    Usage  Request Allocated
	   Cpus                 :                 1         1
	   Disk (KB)            :        2        2   1678549
	   Gpus                 :                           0
	   Memory (MB)          :      406        1     12899
...
000 (384190.000.000) 05/08 05:53:06 Job submitted from host: <128.83.144.155:57685?addrs=128.83.144.155-57685>
...
001 (384190.000.000) 05/08 06:24:53 Job executing on host: <128.83.130.224:54373?addrs=128.83.130.224-54373>
...
006 (384190.000.000) 05/08 06:25:01 Image size of job updated: 916264
	57  -  MemoryUsage of job (MB)
	58072  -  ResidentSetSize of job (KB)
...
006 (384190.000.000) 05/08 06:30:01 Image size of job updated: 1155260
	324  -  MemoryUsage of job (MB)
	331428  -  ResidentSetSize of job (KB)
...
006 (384190.000.000) 05/08 06:35:01 Image size of job updated: 1155268
	365  -  MemoryUsage of job (MB)
	373432  -  ResidentSetSize of job (KB)
...
006 (384190.000.000) 05/08 06:40:02 Image size of job updated: 1220816
	390  -  MemoryUsage of job (MB)
	398592  -  ResidentSetSize of job (KB)
...
006 (384190.000.000) 05/08 06:45:03 Image size of job updated: 1220816
	404  -  MemoryUsage of job (MB)
	412948  -  ResidentSetSize of job (KB)
...
006 (384190.000.000) 05/08 06:50:03 Image size of job updated: 1220816
	412  -  MemoryUsage of job (MB)
	421840  -  ResidentSetSize of job (KB)
...
005 (384190.000.000) 05/08 06:50:43 Job terminated.
	(1) Normal termination (return value 0)
		Usr 0 00:23:11, Sys 0 00:00:29  -  Run Remote Usage
		Usr 0 00:00:00, Sys 0 00:00:00  -  Run Local Usage
		Usr 0 00:23:11, Sys 0 00:00:29  -  Total Remote Usage
		Usr 0 00:00:00, Sys 0 00:00:00  -  Total Local Usage
	0  -  Run Bytes Sent By Job
	0  -  Run Bytes Received By Job
	0  -  Total Bytes Sent By Job
	0  -  Total Bytes Received By Job
	Partitionable Resources :    Usage  Request Allocated
	   Cpus                 :                 1         1
	   Disk (KB)            :        1        1   1848083
	   Gpus                 :                           0
	   Memory (MB)          :      412        1     12094
...
000 (417583.000.000) 05/09 03:37:31 Job submitted from host: <128.83.144.154:52346?addrs=128.83.144.154-52346>
...
001 (417583.000.000) 05/09 04:09:24 Job executing on host: <128.83.139.143:55125?addrs=128.83.139.143-55125>
...
006 (417583.000.000) 05/09 04:09:33 Image size of job updated: 914592
	56  -  MemoryUsage of job (MB)
	56800  -  ResidentSetSize of job (KB)
...
006 (417583.000.000) 05/09 04:14:34 Image size of job updated: 1155424
	317  -  MemoryUsage of job (MB)
	324424  -  ResidentSetSize of job (KB)
...
006 (417583.000.000) 05/09 04:19:34 Image size of job updated: 1155432
	369  -  MemoryUsage of job (MB)
	377024  -  ResidentSetSize of job (KB)
...
006 (417583.000.000) 05/09 04:24:34 Image size of job updated: 1220984
	399  -  MemoryUsage of job (MB)
	408192  -  ResidentSetSize of job (KB)
...
005 (417583.000.000) 05/09 04:28:49 Job terminated.
	(1) Normal termination (return value 0)
		Usr 0 00:18:24, Sys 0 00:00:13  -  Run Remote Usage
		Usr 0 00:00:00, Sys 0 00:00:00  -  Run Local Usage
		Usr 0 00:18:24, Sys 0 00:00:13  -  Total Remote Usage
		Usr 0 00:00:00, Sys 0 00:00:00  -  Total Local Usage
	0  -  Run Bytes Sent By Job
	0  -  Run Bytes Received By Job
	0  -  Total Bytes Sent By Job
	0  -  Total Bytes Received By Job
	Partitionable Resources :    Usage  Request Allocated
	   Cpus                 :                 1         1
	   Disk (KB)            :        2        2   7539964
	   Gpus                 :                           0
	   Memory (MB)          :      399        1      4027
...
