000 (15005783.000.000) 08/01 20:50:06 Job submitted from host: <128.83.130.153:51299?addrs=128.83.130.153-51299>
...
001 (15005783.000.000) 08/01 20:50:15 Job executing on host: <128.83.120.75:36144?addrs=128.83.120.75-36144>
...
006 (15005783.000.000) 08/01 20:50:24 Image size of job updated: 1373424
	45  -  MemoryUsage of job (MB)
	45888  -  ResidentSetSize of job (KB)
...
006 (15005783.000.000) 08/01 20:55:25 Image size of job updated: 4582636
	628  -  MemoryUsage of job (MB)
	642428  -  ResidentSetSize of job (KB)
...
006 (15005783.000.000) 08/01 21:00:26 Image size of job updated: 4584036
	741  -  MemoryUsage of job (MB)
	758480  -  ResidentSetSize of job (KB)
...
006 (15005783.000.000) 08/01 21:05:26 Image size of job updated: 4651432
	828  -  MemoryUsage of job (MB)
	847112  -  ResidentSetSize of job (KB)
...
006 (15005783.000.000) 08/01 21:10:26 Image size of job updated: 4652584
	946  -  MemoryUsage of job (MB)
	968692  -  ResidentSetSize of job (KB)
...
006 (15005783.000.000) 08/01 21:15:27 Image size of job updated: 4652736
	1009  -  MemoryUsage of job (MB)
	1033116  -  ResidentSetSize of job (KB)
...
006 (15005783.000.000) 08/01 21:20:27 Image size of job updated: 4719316
	1070  -  MemoryUsage of job (MB)
	1094828  -  ResidentSetSize of job (KB)
...
006 (15005783.000.000) 08/01 21:25:27 Image size of job updated: 4719364
	1126  -  MemoryUsage of job (MB)
	1152360  -  ResidentSetSize of job (KB)
...
006 (15005783.000.000) 08/01 21:29:14 Image size of job updated: 4785832
	1126  -  MemoryUsage of job (MB)
	1152360  -  ResidentSetSize of job (KB)
...
005 (15005783.000.000) 08/01 21:29:14 Job terminated.
	(1) Normal termination (return value 0)
		Usr 0 00:38:43, Sys 0 00:00:48  -  Run Remote Usage
		Usr 0 00:00:00, Sys 0 00:00:00  -  Run Local Usage
		Usr 0 00:38:43, Sys 0 00:00:48  -  Total Remote Usage
		Usr 0 00:00:00, Sys 0 00:00:00  -  Total Local Usage
	0  -  Run Bytes Sent By Job
	0  -  Run Bytes Received By Job
	0  -  Total Bytes Sent By Job
	0  -  Total Bytes Received By Job
	Partitionable Resources :    Usage  Request Allocated
	   Cpus                 :                 1         1
	   Disk (KB)            :        1        1   8862903
	   Gpus                 :                           0
	   Memory (MB)          :     1126        1      4028
...
