000 (15005549.000.000) 08/01 18:26:28 Job submitted from host: <128.83.130.153:51299?addrs=128.83.130.153-51299>
...
001 (15005549.000.000) 08/01 18:26:37 Job executing on host: <128.83.120.75:36144?addrs=128.83.120.75-36144>
...
006 (15005549.000.000) 08/01 18:26:37 Image size of job updated: 1
	0  -  MemoryUsage of job (MB)
	0  -  ResidentSetSize of job (KB)
...
005 (15005549.000.000) 08/01 18:26:38 Job terminated.
	(1) Normal termination (return value 126)
		Usr 0 00:00:00, Sys 0 00:00:00  -  Run Remote Usage
		Usr 0 00:00:00, Sys 0 00:00:00  -  Run Local Usage
		Usr 0 00:00:00, Sys 0 00:00:00  -  Total Remote Usage
		Usr 0 00:00:00, Sys 0 00:00:00  -  Total Local Usage
	0  -  Run Bytes Sent By Job
	0  -  Run Bytes Received By Job
	0  -  Total Bytes Sent By Job
	0  -  Total Bytes Received By Job
	Partitionable Resources :    Usage  Request Allocated
	   Cpus                 :                 1         1
	   Disk (KB)            :        1        1   8862904
	   Gpus                 :                           0
	   Memory (MB)          :        0        1      4028
...
000 (15005624.000.000) 08/01 18:32:03 Job submitted from host: <128.83.130.153:51299?addrs=128.83.130.153-51299>
...
001 (15005624.000.000) 08/01 18:32:32 Job executing on host: <128.83.120.75:36144?addrs=128.83.120.75-36144>
...
006 (15005624.000.000) 08/01 18:32:40 Image size of job updated: 4772452
	164  -  MemoryUsage of job (MB)
	167384  -  ResidentSetSize of job (KB)
...
006 (15005624.000.000) 08/01 18:37:40 Image size of job updated: 6153464
	2046  -  MemoryUsage of job (MB)
	2094460  -  ResidentSetSize of job (KB)
...
006 (15005624.000.000) 08/01 18:42:41 Image size of job updated: 6220324
	2090  -  MemoryUsage of job (MB)
	2140068  -  ResidentSetSize of job (KB)
...
006 (15005624.000.000) 08/01 18:47:42 Image size of job updated: 6220340
	2122  -  MemoryUsage of job (MB)
	2172028  -  ResidentSetSize of job (KB)
...
006 (15005624.000.000) 08/01 18:52:42 Image size of job updated: 6220588
	2172  -  MemoryUsage of job (MB)
	2223524  -  ResidentSetSize of job (KB)
...
006 (15005624.000.000) 08/01 18:57:43 Image size of job updated: 6289876
	2221  -  MemoryUsage of job (MB)
	2273744  -  ResidentSetSize of job (KB)
...
006 (15005624.000.000) 08/01 19:02:44 Image size of job updated: 6289876
	2253  -  MemoryUsage of job (MB)
	2306184  -  ResidentSetSize of job (KB)
...
006 (15005624.000.000) 08/01 19:07:44 Image size of job updated: 6289876
	2282  -  MemoryUsage of job (MB)
	2336532  -  ResidentSetSize of job (KB)
...
006 (15005624.000.000) 08/01 19:12:44 Image size of job updated: 6353284
	2312  -  MemoryUsage of job (MB)
	2367164  -  ResidentSetSize of job (KB)
...
005 (15005624.000.000) 08/01 19:14:30 Job terminated.
	(1) Normal termination (return value 0)
		Usr 0 00:42:50, Sys 0 00:00:56  -  Run Remote Usage
		Usr 0 00:00:00, Sys 0 00:00:00  -  Run Local Usage
		Usr 0 00:42:50, Sys 0 00:00:56  -  Total Remote Usage
		Usr 0 00:00:00, Sys 0 00:00:00  -  Total Local Usage
	0  -  Run Bytes Sent By Job
	0  -  Run Bytes Received By Job
	0  -  Total Bytes Sent By Job
	0  -  Total Bytes Received By Job
	Partitionable Resources :    Usage  Request Allocated
	   Cpus                 :                 1         1
	   Disk (KB)            :        1        1   8862904
	   Gpus                 :                           0
	   Memory (MB)          :     2312        1      4028
...
