000 (15005601.000.000) 08/01 18:26:32 Job submitted from host: <128.83.130.153:51299?addrs=128.83.130.153-51299>
...
001 (15005601.000.000) 08/01 18:26:36 Job executing on host: <128.83.144.245:52069?addrs=128.83.144.245-52069>
...
006 (15005601.000.000) 08/01 18:26:36 Image size of job updated: 1
	0  -  MemoryUsage of job (MB)
	0  -  ResidentSetSize of job (KB)
...
005 (15005601.000.000) 08/01 18:26:36 Job terminated.
	(1) Normal termination (return value 126)
		Usr 0 00:00:00, Sys 0 00:00:00  -  Run Remote Usage
		Usr 0 00:00:00, Sys 0 00:00:00  -  Run Local Usage
		Usr 0 00:00:00, Sys 0 00:00:00  -  Total Remote Usage
		Usr 0 00:00:00, Sys 0 00:00:00  -  Total Local Usage
	0  -  Run Bytes Sent By Job
	0  -  Run Bytes Received By Job
	0  -  Total Bytes Sent By Job
	0  -  Total Bytes Received By Job
	Partitionable Resources :    Usage  Request Allocated
	   Cpus                 :                 1         1
	   Disk (KB)            :        1        1    742633
	   Gpus                 :                           0
	   Memory (MB)          :        0        1      4021
...
000 (15005676.000.000) 08/01 18:32:06 Job submitted from host: <128.83.130.153:51299?addrs=128.83.130.153-51299>
...
001 (15005676.000.000) 08/01 18:32:31 Job executing on host: <128.83.144.245:52069?addrs=128.83.144.245-52069>
...
006 (15005676.000.000) 08/01 18:32:40 Image size of job updated: 4941400
	179  -  MemoryUsage of job (MB)
	182460  -  ResidentSetSize of job (KB)
...
006 (15005676.000.000) 08/01 18:37:41 Image size of job updated: 5603500
	896  -  MemoryUsage of job (MB)
	916912  -  ResidentSetSize of job (KB)
...
006 (15005676.000.000) 08/01 18:42:42 Image size of job updated: 5739532
	1237  -  MemoryUsage of job (MB)
	1265800  -  ResidentSetSize of job (KB)
...
006 (15005676.000.000) 08/01 18:47:42 Image size of job updated: 5740520
	1443  -  MemoryUsage of job (MB)
	1477388  -  ResidentSetSize of job (KB)
...
006 (15005676.000.000) 08/01 18:52:43 Image size of job updated: 5871636
	1515  -  MemoryUsage of job (MB)
	1551312  -  ResidentSetSize of job (KB)
...
006 (15005676.000.000) 08/01 18:57:44 Image size of job updated: 5937208
	1586  -  MemoryUsage of job (MB)
	1623516  -  ResidentSetSize of job (KB)
...
006 (15005676.000.000) 08/01 19:02:44 Image size of job updated: 6003052
	1745  -  MemoryUsage of job (MB)
	1786708  -  ResidentSetSize of job (KB)
...
006 (15005676.000.000) 08/01 19:07:44 Image size of job updated: 6134148
	1891  -  MemoryUsage of job (MB)
	1935916  -  ResidentSetSize of job (KB)
...
006 (15005676.000.000) 08/01 19:12:45 Image size of job updated: 6200452
	2009  -  MemoryUsage of job (MB)
	2056384  -  ResidentSetSize of job (KB)
...
005 (15005676.000.000) 08/01 19:12:59 Job terminated.
	(1) Normal termination (return value 0)
		Usr 0 00:49:06, Sys 0 00:02:10  -  Run Remote Usage
		Usr 0 00:00:00, Sys 0 00:00:00  -  Run Local Usage
		Usr 0 00:49:06, Sys 0 00:02:10  -  Total Remote Usage
		Usr 0 00:00:00, Sys 0 00:00:00  -  Total Local Usage
	0  -  Run Bytes Sent By Job
	0  -  Run Bytes Received By Job
	0  -  Total Bytes Sent By Job
	0  -  Total Bytes Received By Job
	Partitionable Resources :    Usage  Request Allocated
	   Cpus                 :                 1         1
	   Disk (KB)            :        1        1    742633
	   Gpus                 :                           0
	   Memory (MB)          :     2009        1      4021
...
