[SNIPER] Start
Sampler: 4, 32, 0
itlb_cache: 32, 1
itlb_cache_L1: 32, 1
Sampler: 4, 128, 0
dtlb_cache: 128, 4
dtlb_cache_L1: 128, 4
L1-I 2
Sampler: 4, 4, 128
L1-I: 2048, 64
L1-I_L1: 2048, 64
L1-D 3
Sampler: 4, 8, 32
L1-D: 1024, 32
L1-D_L1: 1024, 32
L2 4
Sampler: 122, 16, 16
L2: 32768, 1024
L2_L1: 32768, 1024
Executing Python script /v/filer4b/v20q001/ypei/Desktop/cs395t-lin/output/low_bandwidth/run_all_hybrid_headroom9/soplex/21/sim.scripts.py
[STOPBYICOUNT] Starting in ROI (detail)
[STOPBYICOUNT] Then stopping after simulating at least 250000000 instructions in detail
[SNIPER] --------------------------------------------------------------------------------
[SNIPER] Sniper using SIFT/trace-driven frontend
[SNIPER] Running full application in DETAILED mode
[SNIPER] --------------------------------------------------------------------------------
[SNIPER] Enabling performance models
[SNIPER] Setting instrumentation mode to DETAILED
[STOPBYICOUNT] Ending ROI after 250000002 instructions (250000000 requested)
[SNIPER] Disabling performance models
[SNIPER] Leaving ROI after 1049.81 seconds
[SNIPER] Simulated 250.0M instructions, 638.1M cycles, 0.39 IPC
[SNIPER] Simulation speed 238.1 KIPS (238.1 KIPS / target core - 4199.3ns/instr)
[SNIPER] Setting instrumentation mode to FAST_FORWARD
[app0] [SIFT_RECORDER] sift_writer.cc:550: Sift::Mode Sift::Writer::Sync(): Assertion `!response->fail()' failed.
Hawkeye Victims: 0
LRU Victims: 0
Hawkeye Victims: 0
LRU Victims: 0
Hawkeye Victims: 0
LRU Victims: 0
a test for execution

Inserted: 0
Redundant.progress: 0
Redundant.cache: 0
Redundant.buffer: 0
Hawkeye Victims: 0
LRU Victims: 0
a test for execution

Inserted: 0
Redundant.progress: 0
Redundant.cache: 0
Redundant.buffer: 0
Hawkeye Victims: 0
LRU Victims: 0
 =========================================================== 
Triggers: 10874395
Repeats: 0

Same addr: 5532456 50.876
New addr: 1162 0.0106857

Distribution of new addresses: 
Stream Head: 881 75.8176
Stream Divergence: 4835474 416134

Invalidation count: 5022965 432269
No Conflict count: 189355 16295.6
Same Stream count: 0 0
New Stream count: 0 0

Not found: 5333946
On Chip Mispredictions: 0
 =========================================================== 
Distribution of predictions: 
Predict Init: 10562252 97.1296
Total Predictions: 10501605
Predict OCI Miss: 21289 0.201557
Predict Stream End: 60647 0.574186
Buffer Success: 0 0
[app0] Pin app terminated abnormally due to signal 6.
Stride Distribution: 0, 168819, 336490, 1009930, 1176078, 261326, 220800, 585994, 230690, 1069592, 230184, 665712, 252356, 239706, 263396, 262338, 106214, 0, 234922, 0, 113528, 0, 0, 0, 113804, 0, 0, 0, 0, 0, 64814, 0, 50232, 0, 0, 0, 67804, 0, 0, 0, 86158, 0, 0, 0, 0, 0, 0, 0, 0, 0, 0, 0, 0, 0, 0, 0, 0, 0, 0, 0, 0, 0, 0, 0, 0, 0, 33, 0, 0, 0, 0, 0, 17790256, 0, 49, 0, 15, 0, 15, 0, 0, 6644585, 1868787317, 1915577714, 1702195557, 7566451, 113, 0, 5073232, 0, 14463648, 0, 0, 0, 5073232, 0, 15022064, 0, 0, 0, 5073232, 0, 15294384, 0, 0, 0, 5165152, 0, 2849398128, 11116, 0, 11116, 17788560, 0, 49, 0, 6, 0, 6, 0, 0, 0, 1919906931, 29541, 48, 0, 49, 0, 
a test for execution

Inserted: 17495336
Redundant.progress: 356619
Redundant.cache: 10747320
Redundant.buffer: 0
[SNIPER] End
[SNIPER] Elapsed time: 1053.87 seconds
