[SNIPER] Start
Sampler: 4, 32, 0
itlb_cache: 32, 1
itlb_cache_L1: 32, 1
Sampler: 4, 128, 0
dtlb_cache: 128, 4
dtlb_cache_L1: 128, 4
L1-I 2
Sampler: 4, 4, 128
L1-I: 2048, 64
L1-I_L1: 2048, 64
L1-D 3
Sampler: 4, 8, 32
L1-D: 1024, 32
L1-D_L1: 1024, 32
L2 4
Sampler: 122, 16, 16
L2: 32768, 1024
L2_L1: 32768, 1024
Executing Python script /v/filer4b/v20q001/ypei/Desktop/cs395t-lin/output/low_bandwidth/run_all_hybrid_headroom9/astar/15/sim.scripts.py
[STOPBYICOUNT] Starting in ROI (detail)
[STOPBYICOUNT] Then stopping after simulating at least 250000000 instructions in detail
[SNIPER] --------------------------------------------------------------------------------
[SNIPER] Sniper using SIFT/trace-driven frontend
[SNIPER] Running full application in DETAILED mode
[SNIPER] --------------------------------------------------------------------------------
[SNIPER] Enabling performance models
[SNIPER] Setting instrumentation mode to DETAILED
[STOPBYICOUNT] Ending ROI after 250000008 instructions (250000000 requested)
[SNIPER] Disabling performance models
[SNIPER] Leaving ROI after 1080.83 seconds
[SNIPER] Simulated 250.0M instructions, 249.9M cycles, 1.00 IPC
[SNIPER] Simulation speed 231.3 KIPS (231.3 KIPS / target core - 4323.4ns/instr)
[SNIPER] Setting instrumentation mode to FAST_FORWARD
Hawkeye Victims: 0
LRU Victims: 0
Hawkeye Victims: 0
LRU Victims: 0
Hawkeye Victims: 0
LRU Victims: 0
a test for execution
[app0] [SIFT_RECORDER] sift_writer.cc:550: Sift::Mode Sift::Writer::Sync(): Assertion `!response->fail()' failed.

[app0] Pin app terminated abnormally due to signal 6.
Inserted: 0
Redundant.progress: 0
Redundant.cache: 0
Redundant.buffer: 0
Hawkeye Victims: 0
LRU Victims: 0
a test for execution

Inserted: 0
Redundant.progress: 0
Redundant.cache: 0
Redundant.buffer: 0
Hawkeye Victims: 0
LRU Victims: 0
 =========================================================== 
Triggers: 956762
Repeats: 0

Same addr: 582504 60.8829
New addr: 203 0.0212174

Distribution of new addresses: 
Stream Head: 158 77.8325
Stream Divergence: 72180 35556.7

Invalidation count: 251729 124004
No Conflict count: 183225 90258.6
Same Stream count: 0 0
New Stream count: 0 0

Not found: 373896
On Chip Mispredictions: 0
 =========================================================== 
Distribution of predictions: 
Predict Init: 834392 87.21
Total Predictions: 821902
Predict OCI Miss: 12128 1.45351
Predict Stream End: 12490 1.4969
Buffer Success: 0 0
Stride Distribution: 0, 18399, 0, 0, 0, 0, 0, 0, 0, 0, 0, 0, 0, 0, 0, 0, 0, 0, 0, 0, 0, 0, 0, 0, 0, 0, 0, 0, 0, 0, 0, 0, 215372, 0, 0, 0, 0, 0, 0, 0, 0, 0, 0, 0, 0, 0, 0, 0, 0, 0, 0, 0, 0, 0, 0, 0, 0, 0, 0, 0, 0, 0, 0, 0, 0, 0, 33, 0, 0, 0, 0, 0, 27813168, 0, 49, 0, 15, 0, 15, 0, 0, 6644585, 1868787317, 1915577714, 1702195557, 7566451, 113, 0, 5073232, 0, 24486560, 0, 0, 0, 5073232, 0, 25044976, 0, 0, 0, 5073232, 0, 25317296, 0, 0, 0, 5165152, 0, 276454688, 11024, 0, 11024, 27811472, 0, 49, 0, 6, 0, 6, 0, 0, 0, 1919906931, 29541, 48, 0, 49, 0, 
a test for execution

Inserted: 939324
Redundant.progress: 1130
Redundant.cache: 774566
Redundant.buffer: 0
[SNIPER] End
[SNIPER] Elapsed time: 1084.33 seconds
