000 (516056.000.000) 05/05 17:13:16 Job submitted from host: <128.83.144.149:44250?addrs=128.83.144.149-44250>
...
001 (516056.000.000) 05/05 17:13:33 Job executing on host: <128.83.144.13:57145?addrs=128.83.144.13-57145>
...
006 (516056.000.000) 05/05 17:13:42 Image size of job updated: 913528
	54  -  MemoryUsage of job (MB)
	54492  -  ResidentSetSize of job (KB)
...
006 (516056.000.000) 05/05 17:14:29 Image size of job updated: 915220
	54  -  MemoryUsage of job (MB)
	54492  -  ResidentSetSize of job (KB)
...
004 (516056.000.000) 05/05 17:14:29 Job was evicted.
	(0) Job was not checkpointed.
		Usr 0 00:00:00, Sys 0 00:00:00  -  Run Remote Usage
		Usr 0 00:00:00, Sys 0 00:00:00  -  Run Local Usage
	0  -  Run Bytes Sent By Job
	0  -  Run Bytes Received By Job
	Partitionable Resources :    Usage  Request Allocated
	   Cpus                 :                 1         1
	   Disk (KB)            :        1        1    824403
	   Gpus                 :                           0
	   Memory (MB)          :       54        1     12899
...
009 (516056.000.000) 05/05 17:14:30 Job was aborted by the user.
	via condor_rm (by user ypei)
...
000 (516281.000.000) 05/05 17:15:03 Job submitted from host: <128.83.144.149:44250?addrs=128.83.144.149-44250>
...
001 (516281.000.000) 05/05 17:15:30 Job executing on host: <128.83.139.9:47643?addrs=128.83.139.9-47643>
...
006 (516281.000.000) 05/05 17:15:39 Image size of job updated: 913828
	56  -  MemoryUsage of job (MB)
	56756  -  ResidentSetSize of job (KB)
...
010 (516281.000.000) 05/05 17:18:03 Job was suspended.
	Number of processes actually suspended: 8
...
006 (516281.000.000) 05/05 17:18:03 Image size of job updated: 1087956
	183  -  MemoryUsage of job (MB)
	186808  -  ResidentSetSize of job (KB)
...
004 (516281.000.000) 05/05 17:18:08 Job was evicted.
	(0) Job was not checkpointed.
		Usr 0 00:00:43, Sys 0 00:00:02  -  Run Remote Usage
		Usr 0 00:00:00, Sys 0 00:00:00  -  Run Local Usage
	0  -  Run Bytes Sent By Job
	0  -  Run Bytes Received By Job
	Partitionable Resources :    Usage  Request Allocated
	   Cpus                 :                 1         1
	   Disk (KB)            :        1        1   1654205
	   Gpus                 :                           0
	   Memory (MB)          :      183        1     12899
...
009 (516281.000.000) 05/05 17:18:09 Job was aborted by the user.
	via condor_rm (by user ypei)
...
000 (516488.000.000) 05/05 17:18:33 Job submitted from host: <128.83.144.149:44250?addrs=128.83.144.149-44250>
...
001 (516488.000.000) 05/05 17:19:02 Job executing on host: <128.83.139.9:47643?addrs=128.83.139.9-47643>
...
006 (516488.000.000) 05/05 17:19:10 Image size of job updated: 913824
	56  -  MemoryUsage of job (MB)
	56788  -  ResidentSetSize of job (KB)
...
006 (516488.000.000) 05/05 17:21:23 Image size of job updated: 1087956
	203  -  MemoryUsage of job (MB)
	207056  -  ResidentSetSize of job (KB)
...
004 (516488.000.000) 05/05 17:21:23 Job was evicted.
	(0) Job was not checkpointed.
		Usr 0 00:01:06, Sys 0 00:00:03  -  Run Remote Usage
		Usr 0 00:00:00, Sys 0 00:00:00  -  Run Local Usage
	0  -  Run Bytes Sent By Job
	0  -  Run Bytes Received By Job
	Partitionable Resources :    Usage  Request Allocated
	   Cpus                 :                 1         1
	   Disk (KB)            :        1        1   1654205
	   Gpus                 :                           0
	   Memory (MB)          :      203        1     12899
...
009 (516488.000.000) 05/05 17:21:23 Job was aborted by the user.
	via condor_rm (by user ypei)
...
000 (517109.000.000) 05/05 17:21:57 Job submitted from host: <128.83.144.149:44250?addrs=128.83.144.149-44250>
...
001 (517109.000.000) 05/05 17:22:22 Job executing on host: <128.83.139.14:44306?addrs=128.83.139.14-44306>
...
006 (517109.000.000) 05/05 17:22:31 Image size of job updated: 913692
	54  -  MemoryUsage of job (MB)
	54712  -  ResidentSetSize of job (KB)
...
006 (517109.000.000) 05/05 17:27:31 Image size of job updated: 1154172
	371  -  MemoryUsage of job (MB)
	379688  -  ResidentSetSize of job (KB)
...
006 (517109.000.000) 05/05 17:32:31 Image size of job updated: 1219708
	414  -  MemoryUsage of job (MB)
	423844  -  ResidentSetSize of job (KB)
...
006 (517109.000.000) 05/05 17:37:32 Image size of job updated: 1285260
	445  -  MemoryUsage of job (MB)
	455496  -  ResidentSetSize of job (KB)
...
006 (517109.000.000) 05/05 17:40:40 Image size of job updated: 1285524
	445  -  MemoryUsage of job (MB)
	455496  -  ResidentSetSize of job (KB)
...
005 (517109.000.000) 05/05 17:40:40 Job terminated.
	(1) Normal termination (return value 0)
		Usr 0 00:16:42, Sys 0 00:00:16  -  Run Remote Usage
		Usr 0 00:00:00, Sys 0 00:00:00  -  Run Local Usage
		Usr 0 00:16:42, Sys 0 00:00:16  -  Total Remote Usage
		Usr 0 00:00:00, Sys 0 00:00:00  -  Total Local Usage
	0  -  Run Bytes Sent By Job
	0  -  Run Bytes Received By Job
	0  -  Total Bytes Sent By Job
	0  -  Total Bytes Received By Job
	Partitionable Resources :    Usage  Request Allocated
	   Cpus                 :                 1         1
	   Disk (KB)            :        1        1   1695320
	   Gpus                 :                           0
	   Memory (MB)          :      445        1     12899
...
000 (382540.000.000) 05/07 03:39:59 Job submitted from host: <128.83.144.155:57685?addrs=128.83.144.155-57685>
...
001 (382540.000.000) 05/07 04:19:46 Job executing on host: <128.83.139.14:44306?addrs=128.83.139.14-44306>
...
006 (382540.000.000) 05/07 04:19:54 Image size of job updated: 340328
	21  -  MemoryUsage of job (MB)
	21488  -  ResidentSetSize of job (KB)
...
006 (382540.000.000) 05/07 04:24:54 Image size of job updated: 1154132
	309  -  MemoryUsage of job (MB)
	315832  -  ResidentSetSize of job (KB)
...
006 (382540.000.000) 05/07 04:29:55 Image size of job updated: 1154444
	347  -  MemoryUsage of job (MB)
	354648  -  ResidentSetSize of job (KB)
...
006 (382540.000.000) 05/07 04:34:56 Image size of job updated: 1154448
	363  -  MemoryUsage of job (MB)
	371392  -  ResidentSetSize of job (KB)
...
006 (382540.000.000) 05/07 04:39:56 Image size of job updated: 1219996
	376  -  MemoryUsage of job (MB)
	384784  -  ResidentSetSize of job (KB)
...
006 (382540.000.000) 05/07 04:44:57 Image size of job updated: 1220012
	384  -  MemoryUsage of job (MB)
	392680  -  ResidentSetSize of job (KB)
...
006 (382540.000.000) 05/07 04:49:58 Image size of job updated: 1220012
	394  -  MemoryUsage of job (MB)
	402624  -  ResidentSetSize of job (KB)
...
006 (382540.000.000) 05/07 04:54:17 Image size of job updated: 1220020
	394  -  MemoryUsage of job (MB)
	402624  -  ResidentSetSize of job (KB)
...
005 (382540.000.000) 05/07 04:54:17 Job terminated.
	(1) Normal termination (return value 0)
		Usr 0 00:33:54, Sys 0 00:00:35  -  Run Remote Usage
		Usr 0 00:00:00, Sys 0 00:00:00  -  Run Local Usage
		Usr 0 00:33:54, Sys 0 00:00:35  -  Total Remote Usage
		Usr 0 00:00:00, Sys 0 00:00:00  -  Total Local Usage
	0  -  Run Bytes Sent By Job
	0  -  Run Bytes Received By Job
	0  -  Total Bytes Sent By Job
	0  -  Total Bytes Received By Job
	Partitionable Resources :    Usage  Request Allocated
	   Cpus                 :                 1         1
	   Disk (KB)            :        1        1   1675519
	   Gpus                 :                           0
	   Memory (MB)          :      394        1     12899
...
000 (518558.000.000) 05/07 13:18:23 Job submitted from host: <128.83.144.149:44250?addrs=128.83.144.149-44250>
...
001 (518558.000.000) 05/07 13:18:56 Job executing on host: <128.83.139.142:37279?addrs=128.83.139.142-37279>
...
006 (518558.000.000) 05/07 13:19:05 Image size of job updated: 913824
	56  -  MemoryUsage of job (MB)
	56784  -  ResidentSetSize of job (KB)
...
006 (518558.000.000) 05/07 13:23:36 Image size of job updated: 1088768
	56  -  MemoryUsage of job (MB)
	56784  -  ResidentSetSize of job (KB)
...
004 (518558.000.000) 05/07 13:23:36 Job was evicted.
	(0) Job was not checkpointed.
		Usr 0 00:03:16, Sys 0 00:00:03  -  Run Remote Usage
		Usr 0 00:00:00, Sys 0 00:00:00  -  Run Local Usage
	0  -  Run Bytes Sent By Job
	0  -  Run Bytes Received By Job
	Partitionable Resources :    Usage  Request Allocated
	   Cpus                 :                 1         1
	   Disk (KB)            :        1        1   7532337
	   Gpus                 :                           0
	   Memory (MB)          :       56        1      4027
...
009 (518558.000.000) 05/07 13:23:37 Job was aborted by the user.
	via condor_rm (by user ypei)
...
000 (518765.000.000) 05/07 13:23:58 Job submitted from host: <128.83.144.149:44250?addrs=128.83.144.149-44250>
...
001 (518765.000.000) 05/07 13:24:34 Job executing on host: <128.83.144.5:44408?addrs=128.83.144.5-44408>
...
006 (518765.000.000) 05/07 13:24:43 Image size of job updated: 913824
	54  -  MemoryUsage of job (MB)
	54736  -  ResidentSetSize of job (KB)
...
006 (518765.000.000) 05/07 13:29:44 Image size of job updated: 1088728
	300  -  MemoryUsage of job (MB)
	306888  -  ResidentSetSize of job (KB)
...
006 (518765.000.000) 05/07 13:34:44 Image size of job updated: 1154316
	342  -  MemoryUsage of job (MB)
	350032  -  ResidentSetSize of job (KB)
...
006 (518765.000.000) 05/07 13:39:45 Image size of job updated: 1154324
	356  -  MemoryUsage of job (MB)
	363880  -  ResidentSetSize of job (KB)
...
006 (518765.000.000) 05/07 13:44:46 Image size of job updated: 1154336
	370  -  MemoryUsage of job (MB)
	377960  -  ResidentSetSize of job (KB)
...
006 (518765.000.000) 05/07 13:49:46 Image size of job updated: 1219888
	379  -  MemoryUsage of job (MB)
	387228  -  ResidentSetSize of job (KB)
...
006 (518765.000.000) 05/07 13:54:46 Image size of job updated: 1219888
	390  -  MemoryUsage of job (MB)
	399212  -  ResidentSetSize of job (KB)
...
006 (518765.000.000) 05/07 13:59:47 Image size of job updated: 1220144
	400  -  MemoryUsage of job (MB)
	408720  -  ResidentSetSize of job (KB)
...
006 (518765.000.000) 05/07 14:02:18 Image size of job updated: 1220152
	400  -  MemoryUsage of job (MB)
	408720  -  ResidentSetSize of job (KB)
...
005 (518765.000.000) 05/07 14:02:18 Job terminated.
	(1) Normal termination (return value 0)
		Usr 0 00:36:12, Sys 0 00:00:51  -  Run Remote Usage
		Usr 0 00:00:00, Sys 0 00:00:00  -  Run Local Usage
		Usr 0 00:36:12, Sys 0 00:00:51  -  Total Remote Usage
		Usr 0 00:00:00, Sys 0 00:00:00  -  Total Local Usage
	0  -  Run Bytes Sent By Job
	0  -  Run Bytes Received By Job
	0  -  Total Bytes Sent By Job
	0  -  Total Bytes Received By Job
	Partitionable Resources :    Usage  Request Allocated
	   Cpus                 :                 1         1
	   Disk (KB)            :        1        1    790322
	   Gpus                 :                           0
	   Memory (MB)          :      400        1     12899
...
000 (519179.000.000) 05/07 14:36:33 Job submitted from host: <128.83.144.149:44250?addrs=128.83.144.149-44250>
...
001 (519179.000.000) 05/07 14:36:41 Job executing on host: <128.83.139.14:44306?addrs=128.83.139.14-44306>
...
006 (519179.000.000) 05/07 14:36:49 Image size of job updated: 913828
	54  -  MemoryUsage of job (MB)
	54928  -  ResidentSetSize of job (KB)
...
006 (519179.000.000) 05/07 14:41:49 Image size of job updated: 1088724
	300  -  MemoryUsage of job (MB)
	306652  -  ResidentSetSize of job (KB)
...
006 (519179.000.000) 05/07 14:46:50 Image size of job updated: 1154320
	346  -  MemoryUsage of job (MB)
	353756  -  ResidentSetSize of job (KB)
...
006 (519179.000.000) 05/07 14:51:51 Image size of job updated: 1154328
	362  -  MemoryUsage of job (MB)
	370564  -  ResidentSetSize of job (KB)
...
006 (519179.000.000) 05/07 14:56:51 Image size of job updated: 1220132
	376  -  MemoryUsage of job (MB)
	384516  -  ResidentSetSize of job (KB)
...
006 (519179.000.000) 05/07 15:01:52 Image size of job updated: 1220148
	386  -  MemoryUsage of job (MB)
	394868  -  ResidentSetSize of job (KB)
...
006 (519179.000.000) 05/07 15:06:53 Image size of job updated: 1220148
	397  -  MemoryUsage of job (MB)
	405992  -  ResidentSetSize of job (KB)
...
006 (519179.000.000) 05/07 15:11:28 Image size of job updated: 1220156
	397  -  MemoryUsage of job (MB)
	405992  -  ResidentSetSize of job (KB)
...
005 (519179.000.000) 05/07 15:11:28 Job terminated.
	(1) Normal termination (return value 0)
		Usr 0 00:32:34, Sys 0 00:00:48  -  Run Remote Usage
		Usr 0 00:00:00, Sys 0 00:00:00  -  Run Local Usage
		Usr 0 00:32:34, Sys 0 00:00:48  -  Total Remote Usage
		Usr 0 00:00:00, Sys 0 00:00:00  -  Total Local Usage
	0  -  Run Bytes Sent By Job
	0  -  Run Bytes Received By Job
	0  -  Total Bytes Sent By Job
	0  -  Total Bytes Received By Job
	Partitionable Resources :    Usage  Request Allocated
	   Cpus                 :                 1         1
	   Disk (KB)            :        1        1   1675512
	   Gpus                 :                           0
	   Memory (MB)          :      397        1     12899
...
000 (382954.000.000) 05/07 20:17:04 Job submitted from host: <128.83.144.155:57685?addrs=128.83.144.155-57685>
...
001 (382954.000.000) 05/07 20:50:28 Job executing on host: <128.83.144.8:45931?addrs=128.83.144.8-45931>
...
006 (382954.000.000) 05/07 20:50:36 Image size of job updated: 2
	2  -  MemoryUsage of job (MB)
	1640  -  ResidentSetSize of job (KB)
...
006 (382954.000.000) 05/07 20:55:36 Image size of job updated: 1154320
	346  -  MemoryUsage of job (MB)
	354056  -  ResidentSetSize of job (KB)
...
006 (382954.000.000) 05/07 21:00:36 Image size of job updated: 1154340
	373  -  MemoryUsage of job (MB)
	381164  -  ResidentSetSize of job (KB)
...
006 (382954.000.000) 05/07 21:05:38 Image size of job updated: 1219892
	392  -  MemoryUsage of job (MB)
	401084  -  ResidentSetSize of job (KB)
...
006 (382954.000.000) 05/07 21:09:57 Image size of job updated: 1219900
	392  -  MemoryUsage of job (MB)
	401084  -  ResidentSetSize of job (KB)
...
005 (382954.000.000) 05/07 21:09:57 Job terminated.
	(1) Normal termination (return value 0)
		Usr 0 00:18:59, Sys 0 00:00:19  -  Run Remote Usage
		Usr 0 00:00:00, Sys 0 00:00:00  -  Run Local Usage
		Usr 0 00:18:59, Sys 0 00:00:19  -  Total Remote Usage
		Usr 0 00:00:00, Sys 0 00:00:00  -  Total Local Usage
	0  -  Run Bytes Sent By Job
	0  -  Run Bytes Received By Job
	0  -  Total Bytes Sent By Job
	0  -  Total Bytes Received By Job
	Partitionable Resources :    Usage  Request Allocated
	   Cpus                 :                 1         1
	   Disk (KB)            :        2        2   2250170
	   Gpus                 :                           0
	   Memory (MB)          :      392        1      4028
...
000 (384196.000.000) 05/08 05:53:06 Job submitted from host: <128.83.144.155:57685?addrs=128.83.144.155-57685>
...
001 (384196.000.000) 05/08 06:25:30 Job executing on host: <128.83.144.147:58788?addrs=128.83.144.147-58788>
...
006 (384196.000.000) 05/08 06:25:39 Image size of job updated: 1085588
	127  -  MemoryUsage of job (MB)
	129064  -  ResidentSetSize of job (KB)
...
006 (384196.000.000) 05/08 06:30:40 Image size of job updated: 1154344
	343  -  MemoryUsage of job (MB)
	350408  -  ResidentSetSize of job (KB)
...
006 (384196.000.000) 05/08 06:35:40 Image size of job updated: 1154620
	370  -  MemoryUsage of job (MB)
	378304  -  ResidentSetSize of job (KB)
...
006 (384196.000.000) 05/08 06:40:40 Image size of job updated: 1220160
	389  -  MemoryUsage of job (MB)
	397400  -  ResidentSetSize of job (KB)
...
006 (384196.000.000) 05/08 06:45:41 Image size of job updated: 1220172
	408  -  MemoryUsage of job (MB)
	416876  -  ResidentSetSize of job (KB)
...
005 (384196.000.000) 05/08 06:46:38 Job terminated.
	(1) Normal termination (return value 0)
		Usr 0 00:18:56, Sys 0 00:00:11  -  Run Remote Usage
		Usr 0 00:00:00, Sys 0 00:00:00  -  Run Local Usage
		Usr 0 00:18:56, Sys 0 00:00:11  -  Total Remote Usage
		Usr 0 00:00:00, Sys 0 00:00:00  -  Total Local Usage
	0  -  Run Bytes Sent By Job
	0  -  Run Bytes Received By Job
	0  -  Total Bytes Sent By Job
	0  -  Total Bytes Received By Job
	Partitionable Resources :    Usage  Request Allocated
	   Cpus                 :                 1         1
	   Disk (KB)            :        1        1   1911585
	   Gpus                 :                           0
	   Memory (MB)          :      408        1     21164
...
000 (417589.000.000) 05/09 03:37:31 Job submitted from host: <128.83.144.154:52346?addrs=128.83.144.154-52346>
...
001 (417589.000.000) 05/09 04:09:50 Job executing on host: <128.83.139.143:55125?addrs=128.83.139.143-55125>
...
006 (417589.000.000) 05/09 04:09:59 Image size of job updated: 2
	2  -  MemoryUsage of job (MB)
	1628  -  ResidentSetSize of job (KB)
...
006 (417589.000.000) 05/09 04:14:59 Image size of job updated: 1154588
	334  -  MemoryUsage of job (MB)
	341896  -  ResidentSetSize of job (KB)
...
006 (417589.000.000) 05/09 04:19:59 Image size of job updated: 1154612
	369  -  MemoryUsage of job (MB)
	376864  -  ResidentSetSize of job (KB)
...
006 (417589.000.000) 05/09 04:25:00 Image size of job updated: 1220156
	389  -  MemoryUsage of job (MB)
	398148  -  ResidentSetSize of job (KB)
...
006 (417589.000.000) 05/09 04:28:54 Image size of job updated: 1220168
	389  -  MemoryUsage of job (MB)
	398148  -  ResidentSetSize of job (KB)
...
005 (417589.000.000) 05/09 04:28:54 Job terminated.
	(1) Normal termination (return value 0)
		Usr 0 00:18:32, Sys 0 00:00:12  -  Run Remote Usage
		Usr 0 00:00:00, Sys 0 00:00:00  -  Run Local Usage
		Usr 0 00:18:32, Sys 0 00:00:12  -  Total Remote Usage
		Usr 0 00:00:00, Sys 0 00:00:00  -  Total Local Usage
	0  -  Run Bytes Sent By Job
	0  -  Run Bytes Received By Job
	0  -  Total Bytes Sent By Job
	0  -  Total Bytes Received By Job
	Partitionable Resources :    Usage  Request Allocated
	   Cpus                 :                 1         1
	   Disk (KB)            :        2        2   7539964
	   Gpus                 :                           0
	   Memory (MB)          :      389        1      4027
...
