[SNIPER] Start
Sampler: 4, 32, 0
itlb_cache: 32, 1
itlb_cache_L1: 32, 1
Sampler: 4, 128, 0
dtlb_cache: 128, 4
dtlb_cache_L1: 128, 4
L1-I 2
Sampler: 4, 4, 128
L1-I: 2048, 64
L1-I_L1: 2048, 64
L1-D 3
Sampler: 4, 8, 32
L1-D: 1024, 32
L1-D_L1: 1024, 32
L2 4
Sampler: 122, 16, 16
L2: 32768, 1024
L2_L1: 32768, 1024
Executing Python script /v/filer4b/v20q001/ypei/Desktop/cs395t-lin/output/low_bandwidth/run_all_hybrid_headroom9/xalancbmk/8/sim.scripts.py
[STOPBYICOUNT] Starting in ROI (detail)
[STOPBYICOUNT] Then stopping after simulating at least 250000000 instructions in detail
[SNIPER] --------------------------------------------------------------------------------
[SNIPER] Sniper using SIFT/trace-driven frontend
[SNIPER] Running full application in DETAILED mode
[SNIPER] --------------------------------------------------------------------------------
[SNIPER] Enabling performance models
[SNIPER] Setting instrumentation mode to DETAILED
[STOPBYICOUNT] Ending ROI after 250000002 instructions (250000000 requested)
[SNIPER] Disabling performance models
[SNIPER] Leaving ROI after 967.65 seconds
[SNIPER] Simulated 250.0M instructions, 442.2M cycles, 0.57 IPC
[SNIPER] Simulation speed 258.4 KIPS (258.4 KIPS / target core - 3870.6ns/instr)
[SNIPER] Setting instrumentation mode to FAST_FORWARD
[app0] [SIFT_RECORDER] sift_writer.cc:550: Sift::Mode Sift::Writer::Sync(): Assertion `!response->fail()' failed.
Hawkeye Victims: 0
LRU Victims: 0
Hawkeye Victims: 0
LRU Victims: 0
Hawkeye Victims: 0
LRU Victims: 0
a test for execution

Inserted: 0
Redundant.progress: 0
Redundant.cache: 0
Redundant.buffer: 0
Hawkeye Victims: 0
LRU Victims: 0
a test for execution

Inserted: 0
Redundant.progress: 0
Redundant.cache: 0
Redundant.buffer: 0
Hawkeye Victims: 0
LRU Victims: 0
 =========================================================== 
Triggers: 6973994
Repeats: 0

Same addr: 5567699 79.8352
New addr: 1281 0.0183682

Distribution of new addresses: 
Stream Head: 788 61.5144
Stream Divergence: 1063194 82997.2

Invalidation count: 1095572 85524.7
No Conflict count: 33245 2595.24
Same Stream count: 0 0
New Stream count: 0 0

Not found: 1357253
On Chip Mispredictions: 0
 =========================================================== 
Distribution of predictions: 
Predict Init: 6711032 96.2294
Total Predictions: 6635882
Predict OCI Miss: 49391 0.735967
Predict Stream End: 75150 1.1198
Buffer Success: 0 0
[app0] Pin app terminated abnormally due to signal 6.
Stride Distribution: 0, 142139, 270664, 229061, 151800, 55200, 141358, 77556, 69000, 260498, 408204, 434056, 498180, 1293336, 1056942, 706008, 451444, 0, 278806, 0, 189290, 0, 0, 0, 140898, 0, 0, 0, 0, 0, 13754, 0, 9200, 0, 0, 0, 0, 0, 0, 0, 0, 0, 0, 0, 0, 0, 0, 0, 0, 0, 0, 0, 0, 0, 0, 0, 0, 0, 0, 0, 0, 0, 0, 0, 0, 0, 33, 0, 0, 0, 0, 0, 33232192, 0, 49, 0, 15, 0, 15, 0, 0, 6644585, 1868787317, 1915577714, 1702195557, 7566451, 113, 0, 5073232, 0, 29905584, 0, 0, 0, 5073232, 0, 30464000, 0, 0, 0, 5073232, 0, 30736320, 0, 0, 0, 5165152, 0, 2545937776, 11146, 0, 11146, 33230496, 0, 49, 0, 6, 0, 6, 0, 0, 0, 1919906931, 29541, 48, 0, 49, 0, 
a test for execution

Inserted: 6804952
Redundant.progress: 27730
Redundant.cache: 725954
Redundant.buffer: 0
[SNIPER] End
[SNIPER] Elapsed time: 970.38 seconds
