000 (15005581.000.000) 08/01 18:26:30 Job submitted from host: <128.83.130.153:51299?addrs=128.83.130.153-51299>
...
001 (15005581.000.000) 08/01 18:26:36 Job executing on host: <128.83.130.203:52232?addrs=128.83.130.203-52232>
...
006 (15005581.000.000) 08/01 18:26:36 Image size of job updated: 1
	0  -  MemoryUsage of job (MB)
	0  -  ResidentSetSize of job (KB)
...
005 (15005581.000.000) 08/01 18:26:36 Job terminated.
	(1) Normal termination (return value 126)
		Usr 0 00:00:00, Sys 0 00:00:00  -  Run Remote Usage
		Usr 0 00:00:00, Sys 0 00:00:00  -  Run Local Usage
		Usr 0 00:00:00, Sys 0 00:00:00  -  Total Remote Usage
		Usr 0 00:00:00, Sys 0 00:00:00  -  Total Local Usage
	0  -  Run Bytes Sent By Job
	0  -  Run Bytes Received By Job
	0  -  Total Bytes Sent By Job
	0  -  Total Bytes Received By Job
	Partitionable Resources :    Usage  Request Allocated
	   Cpus                 :                 1         1
	   Disk (KB)            :        1        1    749983
	   Gpus                 :                           0
	   Memory (MB)          :        0        1      4021
...
000 (15005656.000.000) 08/01 18:32:05 Job submitted from host: <128.83.130.153:51299?addrs=128.83.130.153-51299>
...
001 (15005656.000.000) 08/01 18:32:31 Job executing on host: <128.83.130.203:52232?addrs=128.83.130.203-52232>
...
006 (15005656.000.000) 08/01 18:32:39 Image size of job updated: 49196
	10  -  MemoryUsage of job (MB)
	10128  -  ResidentSetSize of job (KB)
...
006 (15005656.000.000) 08/01 18:37:39 Image size of job updated: 5078656
	689  -  MemoryUsage of job (MB)
	704868  -  ResidentSetSize of job (KB)
...
006 (15005656.000.000) 08/01 18:42:40 Image size of job updated: 5144640
	828  -  MemoryUsage of job (MB)
	847192  -  ResidentSetSize of job (KB)
...
006 (15005656.000.000) 08/01 18:47:40 Image size of job updated: 5210356
	978  -  MemoryUsage of job (MB)
	1000572  -  ResidentSetSize of job (KB)
...
006 (15005656.000.000) 08/01 18:52:40 Image size of job updated: 5341840
	1112  -  MemoryUsage of job (MB)
	1137828  -  ResidentSetSize of job (KB)
...
006 (15005656.000.000) 08/01 18:57:41 Image size of job updated: 5407436
	1252  -  MemoryUsage of job (MB)
	1281132  -  ResidentSetSize of job (KB)
...
006 (15005656.000.000) 08/01 19:02:42 Image size of job updated: 5477492
	1414  -  MemoryUsage of job (MB)
	1447216  -  ResidentSetSize of job (KB)
...
006 (15005656.000.000) 08/01 19:07:42 Image size of job updated: 5477740
	1522  -  MemoryUsage of job (MB)
	1558480  -  ResidentSetSize of job (KB)
...
006 (15005656.000.000) 08/01 19:10:51 Image size of job updated: 5543324
	1522  -  MemoryUsage of job (MB)
	1558480  -  ResidentSetSize of job (KB)
...
005 (15005656.000.000) 08/01 19:10:51 Job terminated.
	(1) Normal termination (return value 0)
		Usr 0 00:41:13, Sys 0 00:00:51  -  Run Remote Usage
		Usr 0 00:00:00, Sys 0 00:00:00  -  Run Local Usage
		Usr 0 00:41:13, Sys 0 00:00:51  -  Total Remote Usage
		Usr 0 00:00:00, Sys 0 00:00:00  -  Total Local Usage
	0  -  Run Bytes Sent By Job
	0  -  Run Bytes Received By Job
	0  -  Total Bytes Sent By Job
	0  -  Total Bytes Received By Job
	Partitionable Resources :    Usage  Request Allocated
	   Cpus                 :                 1         1
	   Disk (KB)            :        1        1    749983
	   Gpus                 :                           0
	   Memory (MB)          :     1522        1      4021
...
