000 (515998.000.000) 05/05 17:13:11 Job submitted from host: <128.83.144.149:44250?addrs=128.83.144.149-44250>
...
001 (515998.000.000) 05/05 17:13:31 Job executing on host: <128.83.120.250:59851?addrs=128.83.120.250-59851>
...
006 (515998.000.000) 05/05 17:13:40 Image size of job updated: 776580
	56  -  MemoryUsage of job (MB)
	56496  -  ResidentSetSize of job (KB)
...
006 (515998.000.000) 05/05 17:14:25 Image size of job updated: 777252
	56  -  MemoryUsage of job (MB)
	56496  -  ResidentSetSize of job (KB)
...
004 (515998.000.000) 05/05 17:14:25 Job was evicted.
	(0) Job was not checkpointed.
		Usr 0 00:00:00, Sys 0 00:00:00  -  Run Remote Usage
		Usr 0 00:00:00, Sys 0 00:00:00  -  Run Local Usage
	0  -  Run Bytes Sent By Job
	0  -  Run Bytes Received By Job
	Partitionable Resources :    Usage  Request Allocated
	   Cpus                 :                 1         1
	   Disk (KB)            :        2        2    815266
	   Gpus                 :                           0
	   Memory (MB)          :       56        1     12899
...
009 (515998.000.000) 05/05 17:14:26 Job was aborted by the user.
	via condor_rm (by user ypei)
...
000 (516223.000.000) 05/05 17:14:53 Job submitted from host: <128.83.144.149:44250?addrs=128.83.144.149-44250>
...
001 (516223.000.000) 05/05 17:15:01 Job executing on host: <128.83.139.15:46714?addrs=128.83.139.15-46714>
...
006 (516223.000.000) 05/05 17:15:10 Image size of job updated: 776744
	56  -  MemoryUsage of job (MB)
	56940  -  ResidentSetSize of job (KB)
...
006 (516223.000.000) 05/05 17:18:10 Image size of job updated: 946460
	56  -  MemoryUsage of job (MB)
	56940  -  ResidentSetSize of job (KB)
...
004 (516223.000.000) 05/05 17:18:10 Job was evicted.
	(0) Job was not checkpointed.
		Usr 0 00:01:08, Sys 0 00:00:01  -  Run Remote Usage
		Usr 0 00:00:00, Sys 0 00:00:00  -  Run Local Usage
	0  -  Run Bytes Sent By Job
	0  -  Run Bytes Received By Job
	Partitionable Resources :    Usage  Request Allocated
	   Cpus                 :                 1         1
	   Disk (KB)            :        2        2   1684662
	   Gpus                 :                           0
	   Memory (MB)          :       56        1     12899
...
009 (516223.000.000) 05/05 17:18:11 Job was aborted by the user.
	via condor_rm (by user ypei)
...
000 (516430.000.000) 05/05 17:18:24 Job submitted from host: <128.83.144.149:44250?addrs=128.83.144.149-44250>
...
001 (516430.000.000) 05/05 17:18:31 Job executing on host: <128.83.144.13:57145?addrs=128.83.144.13-57145>
...
006 (516430.000.000) 05/05 17:18:40 Image size of job updated: 776740
	56  -  MemoryUsage of job (MB)
	56752  -  ResidentSetSize of job (KB)
...
006 (516430.000.000) 05/05 17:21:25 Image size of job updated: 1078188
	56  -  MemoryUsage of job (MB)
	56752  -  ResidentSetSize of job (KB)
...
004 (516430.000.000) 05/05 17:21:25 Job was evicted.
	(0) Job was not checkpointed.
		Usr 0 00:01:19, Sys 0 00:00:01  -  Run Remote Usage
		Usr 0 00:00:00, Sys 0 00:00:00  -  Run Local Usage
	0  -  Run Bytes Sent By Job
	0  -  Run Bytes Received By Job
	Partitionable Resources :    Usage  Request Allocated
	   Cpus                 :                 1         1
	   Disk (KB)            :        2        2    824403
	   Gpus                 :                           0
	   Memory (MB)          :       56        1     12899
...
009 (516430.000.000) 05/05 17:21:25 Job was aborted by the user.
	via condor_rm (by user ypei)
...
000 (517051.000.000) 05/05 17:21:48 Job submitted from host: <128.83.144.149:44250?addrs=128.83.144.149-44250>
...
001 (517051.000.000) 05/05 17:21:54 Job executing on host: <128.83.120.229:58979?addrs=128.83.120.229-58979>
...
006 (517051.000.000) 05/05 17:22:03 Image size of job updated: 777256
	56  -  MemoryUsage of job (MB)
	57276  -  ResidentSetSize of job (KB)
...
006 (517051.000.000) 05/05 17:27:04 Image size of job updated: 1078192
	240  -  MemoryUsage of job (MB)
	245580  -  ResidentSetSize of job (KB)
...
006 (517051.000.000) 05/05 17:32:05 Image size of job updated: 1078708
	241  -  MemoryUsage of job (MB)
	246012  -  ResidentSetSize of job (KB)
...
006 (517051.000.000) 05/05 17:37:05 Image size of job updated: 1078708
	241  -  MemoryUsage of job (MB)
	246228  -  ResidentSetSize of job (KB)
...
006 (517051.000.000) 05/05 17:42:06 Image size of job updated: 1078708
	241  -  MemoryUsage of job (MB)
	246308  -  ResidentSetSize of job (KB)
...
005 (517051.000.000) 05/05 17:42:22 Job terminated.
	(1) Normal termination (return value 0)
		Usr 0 00:18:59, Sys 0 00:00:14  -  Run Remote Usage
		Usr 0 00:00:00, Sys 0 00:00:00  -  Run Local Usage
		Usr 0 00:18:59, Sys 0 00:00:14  -  Total Remote Usage
		Usr 0 00:00:00, Sys 0 00:00:00  -  Total Local Usage
	0  -  Run Bytes Sent By Job
	0  -  Run Bytes Received By Job
	0  -  Total Bytes Sent By Job
	0  -  Total Bytes Received By Job
	Partitionable Resources :    Usage  Request Allocated
	   Cpus                 :                 1         1
	   Disk (KB)            :        2        2    828969
	   Gpus                 :                           0
	   Memory (MB)          :      241        1     12899
...
000 (382482.000.000) 05/07 03:39:54 Job submitted from host: <128.83.144.155:57685?addrs=128.83.144.155-57685>
...
001 (382482.000.000) 05/07 04:11:55 Job executing on host: <128.83.144.112:35333?addrs=128.83.144.112-35333>
...
006 (382482.000.000) 05/07 04:12:03 Image size of job updated: 946628
	82  -  MemoryUsage of job (MB)
	83768  -  ResidentSetSize of job (KB)
...
006 (382482.000.000) 05/07 04:17:03 Image size of job updated: 1078596
	238  -  MemoryUsage of job (MB)
	243704  -  ResidentSetSize of job (KB)
...
006 (382482.000.000) 05/07 04:22:03 Image size of job updated: 1078624
	239  -  MemoryUsage of job (MB)
	243896  -  ResidentSetSize of job (KB)
...
006 (382482.000.000) 05/07 04:27:04 Image size of job updated: 1078876
	239  -  MemoryUsage of job (MB)
	243932  -  ResidentSetSize of job (KB)
...
005 (382482.000.000) 05/07 04:31:01 Job terminated.
	(1) Normal termination (return value 0)
		Usr 0 00:18:29, Sys 0 00:00:22  -  Run Remote Usage
		Usr 0 00:00:00, Sys 0 00:00:00  -  Run Local Usage
		Usr 0 00:18:29, Sys 0 00:00:22  -  Total Remote Usage
		Usr 0 00:00:00, Sys 0 00:00:00  -  Total Local Usage
	0  -  Run Bytes Sent By Job
	0  -  Run Bytes Received By Job
	0  -  Total Bytes Sent By Job
	0  -  Total Bytes Received By Job
	Partitionable Resources :    Usage  Request Allocated
	   Cpus                 :                 1         1
	   Disk (KB)            :        2        2    803075
	   Gpus                 :                           0
	   Memory (MB)          :      239        1     12899
...
000 (518500.000.000) 05/07 13:18:19 Job submitted from host: <128.83.144.149:44250?addrs=128.83.144.149-44250>
...
001 (518500.000.000) 05/07 13:18:56 Job executing on host: <128.83.120.229:58979?addrs=128.83.120.229-58979>
...
006 (518500.000.000) 05/07 13:19:05 Image size of job updated: 776876
	54  -  MemoryUsage of job (MB)
	54728  -  ResidentSetSize of job (KB)
...
006 (518500.000.000) 05/07 13:23:38 Image size of job updated: 1078596
	54  -  MemoryUsage of job (MB)
	54728  -  ResidentSetSize of job (KB)
...
004 (518500.000.000) 05/07 13:23:38 Job was evicted.
	(0) Job was not checkpointed.
		Usr 0 00:03:18, Sys 0 00:00:03  -  Run Remote Usage
		Usr 0 00:00:00, Sys 0 00:00:00  -  Run Local Usage
	0  -  Run Bytes Sent By Job
	0  -  Run Bytes Received By Job
	Partitionable Resources :    Usage  Request Allocated
	   Cpus                 :                 1         1
	   Disk (KB)            :        2        2    800016
	   Gpus                 :                           0
	   Memory (MB)          :       54        1     12899
...
009 (518500.000.000) 05/07 13:23:38 Job was aborted by the user.
	via condor_rm (by user ypei)
...
000 (518707.000.000) 05/07 13:23:49 Job submitted from host: <128.83.144.149:44250?addrs=128.83.144.149-44250>
...
001 (518707.000.000) 05/07 13:23:55 Job executing on host: <128.83.130.161:35317?addrs=128.83.130.161-35317>
...
006 (518707.000.000) 05/07 13:24:04 Image size of job updated: 777392
	56  -  MemoryUsage of job (MB)
	57316  -  ResidentSetSize of job (KB)
...
006 (518707.000.000) 05/07 13:29:05 Image size of job updated: 1078592
	239  -  MemoryUsage of job (MB)
	243956  -  ResidentSetSize of job (KB)
...
006 (518707.000.000) 05/07 13:34:06 Image size of job updated: 1078856
	239  -  MemoryUsage of job (MB)
	244060  -  ResidentSetSize of job (KB)
...
006 (518707.000.000) 05/07 13:39:06 Image size of job updated: 1078856
	239  -  MemoryUsage of job (MB)
	244304  -  ResidentSetSize of job (KB)
...
005 (518707.000.000) 05/07 13:39:48 Job terminated.
	(1) Normal termination (return value 0)
		Usr 0 00:14:47, Sys 0 00:00:09  -  Run Remote Usage
		Usr 0 00:00:00, Sys 0 00:00:00  -  Run Local Usage
		Usr 0 00:14:47, Sys 0 00:00:09  -  Total Remote Usage
		Usr 0 00:00:00, Sys 0 00:00:00  -  Total Local Usage
	0  -  Run Bytes Sent By Job
	0  -  Run Bytes Received By Job
	0  -  Total Bytes Sent By Job
	0  -  Total Bytes Received By Job
	Partitionable Resources :    Usage  Request Allocated
	   Cpus                 :                 1         1
	   Disk (KB)            :        2        2   1865789
	   Gpus                 :                           0
	   Memory (MB)          :      239        1     21164
...
000 (519121.000.000) 05/07 14:36:29 Job submitted from host: <128.83.144.149:44250?addrs=128.83.144.149-44250>
...
001 (519121.000.000) 05/07 14:36:40 Job executing on host: <128.83.144.13:57145?addrs=128.83.144.13-57145>
...
006 (519121.000.000) 05/07 14:36:49 Image size of job updated: 776876
	56  -  MemoryUsage of job (MB)
	56780  -  ResidentSetSize of job (KB)
...
006 (519121.000.000) 05/07 14:41:49 Image size of job updated: 1078592
	238  -  MemoryUsage of job (MB)
	243532  -  ResidentSetSize of job (KB)
...
006 (519121.000.000) 05/07 14:46:49 Image size of job updated: 1078616
	239  -  MemoryUsage of job (MB)
	243744  -  ResidentSetSize of job (KB)
...
006 (519121.000.000) 05/07 14:51:50 Image size of job updated: 1078616
	239  -  MemoryUsage of job (MB)
	243764  -  ResidentSetSize of job (KB)
...
006 (519121.000.000) 05/07 14:56:51 Image size of job updated: 1078616
	239  -  MemoryUsage of job (MB)
	243852  -  ResidentSetSize of job (KB)
...
005 (519121.000.000) 05/07 14:57:06 Job terminated.
	(1) Normal termination (return value 0)
		Usr 0 00:18:58, Sys 0 00:00:24  -  Run Remote Usage
		Usr 0 00:00:00, Sys 0 00:00:00  -  Run Local Usage
		Usr 0 00:18:58, Sys 0 00:00:24  -  Total Remote Usage
		Usr 0 00:00:00, Sys 0 00:00:00  -  Total Local Usage
	0  -  Run Bytes Sent By Job
	0  -  Run Bytes Received By Job
	0  -  Total Bytes Sent By Job
	0  -  Total Bytes Received By Job
	Partitionable Resources :    Usage  Request Allocated
	   Cpus                 :                 1         1
	   Disk (KB)            :        2        2    796982
	   Gpus                 :                           0
	   Memory (MB)          :      239        1     12899
...
000 (382896.000.000) 05/07 20:16:59 Job submitted from host: <128.83.144.155:57685?addrs=128.83.144.155-57685>
...
001 (382896.000.000) 05/07 20:43:43 Job executing on host: <128.83.120.250:59851?addrs=128.83.120.250-59851>
...
006 (382896.000.000) 05/07 20:43:51 Image size of job updated: 2
	2  -  MemoryUsage of job (MB)
	1684  -  ResidentSetSize of job (KB)
...
006 (382896.000.000) 05/07 20:48:51 Image size of job updated: 1078600
	238  -  MemoryUsage of job (MB)
	243492  -  ResidentSetSize of job (KB)
...
006 (382896.000.000) 05/07 20:53:52 Image size of job updated: 1078624
	239  -  MemoryUsage of job (MB)
	243732  -  ResidentSetSize of job (KB)
...
006 (382896.000.000) 05/07 20:58:53 Image size of job updated: 1078624
	239  -  MemoryUsage of job (MB)
	243764  -  ResidentSetSize of job (KB)
...
006 (382896.000.000) 05/07 21:03:53 Image size of job updated: 1078624
	239  -  MemoryUsage of job (MB)
	243772  -  ResidentSetSize of job (KB)
...
005 (382896.000.000) 05/07 21:03:55 Job terminated.
	(1) Normal termination (return value 0)
		Usr 0 00:19:26, Sys 0 00:00:31  -  Run Remote Usage
		Usr 0 00:00:00, Sys 0 00:00:00  -  Run Local Usage
		Usr 0 00:19:26, Sys 0 00:00:31  -  Total Remote Usage
		Usr 0 00:00:00, Sys 0 00:00:00  -  Total Local Usage
	0  -  Run Bytes Sent By Job
	0  -  Run Bytes Received By Job
	0  -  Total Bytes Sent By Job
	0  -  Total Bytes Received By Job
	Partitionable Resources :    Usage  Request Allocated
	   Cpus                 :                 1         1
	   Disk (KB)            :        2        2    787841
	   Gpus                 :                           0
	   Memory (MB)          :      239        1     12899
...
000 (384138.000.000) 05/08 05:53:02 Job submitted from host: <128.83.144.155:57685?addrs=128.83.144.155-57685>
...
001 (384138.000.000) 05/08 06:20:13 Job executing on host: <128.83.130.224:54373?addrs=128.83.130.224-54373>
...
006 (384138.000.000) 05/08 06:20:22 Image size of job updated: 2
	2  -  MemoryUsage of job (MB)
	1636  -  ResidentSetSize of job (KB)
...
006 (384138.000.000) 05/08 06:25:23 Image size of job updated: 1078616
	238  -  MemoryUsage of job (MB)
	243096  -  ResidentSetSize of job (KB)
...
006 (384138.000.000) 05/08 06:30:23 Image size of job updated: 1078616
	238  -  MemoryUsage of job (MB)
	243140  -  ResidentSetSize of job (KB)
...
005 (384138.000.000) 05/08 06:32:58 Job terminated.
	(1) Normal termination (return value 0)
		Usr 0 00:11:47, Sys 0 00:00:05  -  Run Remote Usage
		Usr 0 00:00:00, Sys 0 00:00:00  -  Run Local Usage
		Usr 0 00:11:47, Sys 0 00:00:05  -  Total Remote Usage
		Usr 0 00:00:00, Sys 0 00:00:00  -  Total Local Usage
	0  -  Run Bytes Sent By Job
	0  -  Run Bytes Received By Job
	0  -  Total Bytes Sent By Job
	0  -  Total Bytes Received By Job
	Partitionable Resources :    Usage  Request Allocated
	   Cpus                 :                 1         1
	   Disk (KB)            :        2        2   1848081
	   Gpus                 :                           0
	   Memory (MB)          :      238        1     12094
...
000 (417531.000.000) 05/09 03:37:27 Job submitted from host: <128.83.144.154:52346?addrs=128.83.144.154-52346>
...
001 (417531.000.000) 05/09 04:00:48 Job executing on host: <128.83.139.14:44306?addrs=128.83.139.14-44306>
...
006 (417531.000.000) 05/09 04:00:57 Image size of job updated: 946628
	85  -  MemoryUsage of job (MB)
	86084  -  ResidentSetSize of job (KB)
...
006 (417531.000.000) 05/09 04:05:58 Image size of job updated: 1078604
	240  -  MemoryUsage of job (MB)
	245508  -  ResidentSetSize of job (KB)
...
006 (417531.000.000) 05/09 04:10:59 Image size of job updated: 1078620
	240  -  MemoryUsage of job (MB)
	245596  -  ResidentSetSize of job (KB)
...
005 (417531.000.000) 05/09 04:15:23 Job terminated.
	(1) Normal termination (return value 0)
		Usr 0 00:14:07, Sys 0 00:00:20  -  Run Remote Usage
		Usr 0 00:00:00, Sys 0 00:00:00  -  Run Local Usage
		Usr 0 00:14:07, Sys 0 00:00:20  -  Total Remote Usage
		Usr 0 00:00:00, Sys 0 00:00:00  -  Total Local Usage
	0  -  Run Bytes Sent By Job
	0  -  Run Bytes Received By Job
	0  -  Total Bytes Sent By Job
	0  -  Total Bytes Received By Job
	Partitionable Resources :    Usage  Request Allocated
	   Cpus                 :                 1         1
	   Disk (KB)            :        2        2   1677026
	   Gpus                 :                           0
	   Memory (MB)          :      240        1     12899
...
