000 (516011.000.000) 05/05 17:13:12 Job submitted from host: <128.83.144.149:44250?addrs=128.83.144.149-44250>
...
001 (516011.000.000) 05/05 17:13:33 Job executing on host: <128.83.120.250:59851?addrs=128.83.120.250-59851>
...
006 (516011.000.000) 05/05 17:13:42 Image size of job updated: 340196
	20  -  MemoryUsage of job (MB)
	20188  -  ResidentSetSize of job (KB)
...
006 (516011.000.000) 05/05 17:14:28 Image size of job updated: 2458176
	20  -  MemoryUsage of job (MB)
	20188  -  ResidentSetSize of job (KB)
...
004 (516011.000.000) 05/05 17:14:28 Job was evicted.
	(0) Job was not checkpointed.
		Usr 0 00:00:00, Sys 0 00:00:00  -  Run Remote Usage
		Usr 0 00:00:00, Sys 0 00:00:00  -  Run Local Usage
	0  -  Run Bytes Sent By Job
	0  -  Run Bytes Received By Job
	Partitionable Resources :    Usage  Request Allocated
	   Cpus                 :                 1         1
	   Disk (KB)            :        1        1    815266
	   Gpus                 :                           0
	   Memory (MB)          :       20        1     12899
...
009 (516011.000.000) 05/05 17:14:28 Job was aborted by the user.
	via condor_rm (by user ypei)
...
000 (516236.000.000) 05/05 17:14:54 Job submitted from host: <128.83.144.149:44250?addrs=128.83.144.149-44250>
...
001 (516236.000.000) 05/05 17:15:02 Job executing on host: <128.83.139.15:46714?addrs=128.83.139.15-46714>
...
006 (516236.000.000) 05/05 17:15:11 Image size of job updated: 2457056
	56  -  MemoryUsage of job (MB)
	56512  -  ResidentSetSize of job (KB)
...
010 (516236.000.000) 05/05 17:17:18 Job was suspended.
	Number of processes actually suspended: 8
...
006 (516236.000.000) 05/05 17:17:18 Image size of job updated: 2628880
	775  -  MemoryUsage of job (MB)
	793416  -  ResidentSetSize of job (KB)
...
011 (516236.000.000) 05/05 17:18:04 Job was unsuspended.
...
006 (516236.000.000) 05/05 17:18:13 Image size of job updated: 2628916
	775  -  MemoryUsage of job (MB)
	793416  -  ResidentSetSize of job (KB)
...
004 (516236.000.000) 05/05 17:18:13 Job was evicted.
	(0) Job was not checkpointed.
		Usr 0 00:00:24, Sys 0 00:00:02  -  Run Remote Usage
		Usr 0 00:00:00, Sys 0 00:00:00  -  Run Local Usage
	0  -  Run Bytes Sent By Job
	0  -  Run Bytes Received By Job
	Partitionable Resources :    Usage  Request Allocated
	   Cpus                 :                 1         1
	   Disk (KB)            :        1        1   1684662
	   Gpus                 :                           0
	   Memory (MB)          :      775        1     12899
...
009 (516236.000.000) 05/05 17:18:13 Job was aborted by the user.
	via condor_rm (by user ypei)
...
000 (516443.000.000) 05/05 17:18:25 Job submitted from host: <128.83.144.149:44250?addrs=128.83.144.149-44250>
...
001 (516443.000.000) 05/05 17:19:00 Job executing on host: <128.83.144.147:58788?addrs=128.83.144.147-58788>
...
006 (516443.000.000) 05/05 17:19:08 Image size of job updated: 2457220
	54  -  MemoryUsage of job (MB)
	54736  -  ResidentSetSize of job (KB)
...
006 (516443.000.000) 05/05 17:21:21 Image size of job updated: 2694496
	1795  -  MemoryUsage of job (MB)
	1837220  -  ResidentSetSize of job (KB)
...
004 (516443.000.000) 05/05 17:21:21 Job was evicted.
	(0) Job was not checkpointed.
		Usr 0 00:01:04, Sys 0 00:00:02  -  Run Remote Usage
		Usr 0 00:00:00, Sys 0 00:00:00  -  Run Local Usage
	0  -  Run Bytes Sent By Job
	0  -  Run Bytes Received By Job
	Partitionable Resources :    Usage  Request Allocated
	   Cpus                 :                 1         1
	   Disk (KB)            :        1        1   1890651
	   Gpus                 :                           0
	   Memory (MB)          :     1795        1     21164
...
009 (516443.000.000) 05/05 17:21:21 Job was aborted by the user.
	via condor_rm (by user ypei)
...
000 (517064.000.000) 05/05 17:21:50 Job submitted from host: <128.83.144.149:44250?addrs=128.83.144.149-44250>
...
001 (517064.000.000) 05/05 17:21:56 Job executing on host: <128.83.120.229:58979?addrs=128.83.120.229-58979>
...
006 (517064.000.000) 05/05 17:22:04 Image size of job updated: 2457216
	56  -  MemoryUsage of job (MB)
	56772  -  ResidentSetSize of job (KB)
...
006 (517064.000.000) 05/05 17:27:04 Image size of job updated: 2760024
	1866  -  MemoryUsage of job (MB)
	1909864  -  ResidentSetSize of job (KB)
...
006 (517064.000.000) 05/05 17:32:04 Image size of job updated: 2891364
	2050  -  MemoryUsage of job (MB)
	2098196  -  ResidentSetSize of job (KB)
...
006 (517064.000.000) 05/05 17:37:05 Image size of job updated: 3087972
	2220  -  MemoryUsage of job (MB)
	2272688  -  ResidentSetSize of job (KB)
...
006 (517064.000.000) 05/05 17:42:06 Image size of job updated: 3284584
	2416  -  MemoryUsage of job (MB)
	2473132  -  ResidentSetSize of job (KB)
...
006 (517064.000.000) 05/05 17:47:06 Image size of job updated: 3415652
	2552  -  MemoryUsage of job (MB)
	2613240  -  ResidentSetSize of job (KB)
...
006 (517064.000.000) 05/05 17:52:07 Image size of job updated: 3612260
	2714  -  MemoryUsage of job (MB)
	2778168  -  ResidentSetSize of job (KB)
...
006 (517064.000.000) 05/05 17:57:08 Image size of job updated: 3808880
	2893  -  MemoryUsage of job (MB)
	2962228  -  ResidentSetSize of job (KB)
...
005 (517064.000.000) 05/05 17:58:42 Job terminated.
	(1) Normal termination (return value 0)
		Usr 0 00:34:51, Sys 0 00:00:40  -  Run Remote Usage
		Usr 0 00:00:00, Sys 0 00:00:00  -  Run Local Usage
		Usr 0 00:34:51, Sys 0 00:00:40  -  Total Remote Usage
		Usr 0 00:00:00, Sys 0 00:00:00  -  Total Local Usage
	0  -  Run Bytes Sent By Job
	0  -  Run Bytes Received By Job
	0  -  Total Bytes Sent By Job
	0  -  Total Bytes Received By Job
	Partitionable Resources :    Usage  Request Allocated
	   Cpus                 :                 1         1
	   Disk (KB)            :        1        1    828961
	   Gpus                 :                           0
	   Memory (MB)          :     2893        1     12899
...
000 (382495.000.000) 05/07 03:39:55 Job submitted from host: <128.83.144.155:57685?addrs=128.83.144.155-57685>
...
001 (382495.000.000) 05/07 04:14:46 Job executing on host: <128.83.139.9:47643?addrs=128.83.139.9-47643>
...
006 (382495.000.000) 05/07 04:14:54 Image size of job updated: 1
	2  -  MemoryUsage of job (MB)
	1680  -  ResidentSetSize of job (KB)
...
006 (382495.000.000) 05/07 04:19:54 Image size of job updated: 2760000
	1892  -  MemoryUsage of job (MB)
	1936780  -  ResidentSetSize of job (KB)
...
006 (382495.000.000) 05/07 04:24:55 Image size of job updated: 2891084
	2028  -  MemoryUsage of job (MB)
	2076632  -  ResidentSetSize of job (KB)
...
006 (382495.000.000) 05/07 04:29:55 Image size of job updated: 3022156
	2141  -  MemoryUsage of job (MB)
	2192116  -  ResidentSetSize of job (KB)
...
006 (382495.000.000) 05/07 04:34:55 Image size of job updated: 3153484
	2286  -  MemoryUsage of job (MB)
	2340744  -  ResidentSetSize of job (KB)
...
006 (382495.000.000) 05/07 04:39:56 Image size of job updated: 3350092
	2474  -  MemoryUsage of job (MB)
	2532524  -  ResidentSetSize of job (KB)
...
006 (382495.000.000) 05/07 04:44:57 Image size of job updated: 3546700
	2640  -  MemoryUsage of job (MB)
	2702688  -  ResidentSetSize of job (KB)
...
006 (382495.000.000) 05/07 04:49:57 Image size of job updated: 3743320
	2830  -  MemoryUsage of job (MB)
	2897668  -  ResidentSetSize of job (KB)
...
006 (382495.000.000) 05/07 04:52:16 Image size of job updated: 3808856
	2830  -  MemoryUsage of job (MB)
	2897668  -  ResidentSetSize of job (KB)
...
005 (382495.000.000) 05/07 04:52:16 Job terminated.
	(1) Normal termination (return value 0)
		Usr 0 00:36:29, Sys 0 00:00:48  -  Run Remote Usage
		Usr 0 00:00:00, Sys 0 00:00:00  -  Run Local Usage
		Usr 0 00:36:29, Sys 0 00:00:48  -  Total Remote Usage
		Usr 0 00:00:00, Sys 0 00:00:00  -  Total Local Usage
	0  -  Run Bytes Sent By Job
	0  -  Run Bytes Received By Job
	0  -  Total Bytes Sent By Job
	0  -  Total Bytes Received By Job
	Partitionable Resources :    Usage  Request Allocated
	   Cpus                 :                 1         1
	   Disk (KB)            :        1        1   1678556
	   Gpus                 :                           0
	   Memory (MB)          :     2830        1     12899
...
000 (518513.000.000) 05/07 13:18:20 Job submitted from host: <128.83.144.149:44250?addrs=128.83.144.149-44250>
...
001 (518513.000.000) 05/07 13:18:54 Job executing on host: <128.83.120.231:41298?addrs=128.83.120.231-41298>
...
006 (518513.000.000) 05/07 13:19:03 Image size of job updated: 2124032
	38  -  MemoryUsage of job (MB)
	38824  -  ResidentSetSize of job (KB)
...
006 (518513.000.000) 05/07 13:23:39 Image size of job updated: 2760132
	1896  -  MemoryUsage of job (MB)
	1940796  -  ResidentSetSize of job (KB)
...
004 (518513.000.000) 05/07 13:23:39 Job was evicted.
	(0) Job was not checkpointed.
		Usr 0 00:03:18, Sys 0 00:00:04  -  Run Remote Usage
		Usr 0 00:00:00, Sys 0 00:00:00  -  Run Local Usage
	0  -  Run Bytes Sent By Job
	0  -  Run Bytes Received By Job
	Partitionable Resources :    Usage  Request Allocated
	   Cpus                 :                 1         1
	   Disk (KB)            :        1        1    789357
	   Gpus                 :                           0
	   Memory (MB)          :     1896        1     12899
...
009 (518513.000.000) 05/07 13:23:40 Job was aborted by the user.
	via condor_rm (by user ypei)
...
000 (518720.000.000) 05/07 13:23:50 Job submitted from host: <128.83.144.149:44250?addrs=128.83.144.149-44250>
...
001 (518720.000.000) 05/07 13:23:57 Job executing on host: <128.83.144.147:58788?addrs=128.83.144.147-58788>
...
006 (518720.000.000) 05/07 13:24:06 Image size of job updated: 340464
	21  -  MemoryUsage of job (MB)
	21316  -  ResidentSetSize of job (KB)
...
006 (518720.000.000) 05/07 13:29:07 Image size of job updated: 2825932
	1947  -  MemoryUsage of job (MB)
	1993188  -  ResidentSetSize of job (KB)
...
006 (518720.000.000) 05/07 13:34:07 Image size of job updated: 3022544
	2149  -  MemoryUsage of job (MB)
	2199872  -  ResidentSetSize of job (KB)
...
006 (518720.000.000) 05/07 13:39:08 Image size of job updated: 3219152
	2370  -  MemoryUsage of job (MB)
	2426356  -  ResidentSetSize of job (KB)
...
006 (518720.000.000) 05/07 13:44:09 Image size of job updated: 3415760
	2564  -  MemoryUsage of job (MB)
	2624888  -  ResidentSetSize of job (KB)
...
006 (518720.000.000) 05/07 13:49:09 Image size of job updated: 3677904
	2788  -  MemoryUsage of job (MB)
	2854212  -  ResidentSetSize of job (KB)
...
006 (518720.000.000) 05/07 13:51:42 Image size of job updated: 3808988
	2788  -  MemoryUsage of job (MB)
	2854212  -  ResidentSetSize of job (KB)
...
005 (518720.000.000) 05/07 13:51:42 Job terminated.
	(1) Normal termination (return value 0)
		Usr 0 00:26:26, Sys 0 00:00:18  -  Run Remote Usage
		Usr 0 00:00:00, Sys 0 00:00:00  -  Run Local Usage
		Usr 0 00:26:26, Sys 0 00:00:18  -  Total Remote Usage
		Usr 0 00:00:00, Sys 0 00:00:00  -  Total Local Usage
	0  -  Run Bytes Sent By Job
	0  -  Run Bytes Received By Job
	0  -  Total Bytes Sent By Job
	0  -  Total Bytes Received By Job
	Partitionable Resources :    Usage  Request Allocated
	   Cpus                 :                 1         1
	   Disk (KB)            :        1        1   1862075
	   Gpus                 :                           0
	   Memory (MB)          :     2788        1     21164
...
000 (519134.000.000) 05/07 14:36:30 Job submitted from host: <128.83.144.149:44250?addrs=128.83.144.149-44250>
...
001 (519134.000.000) 05/07 14:36:40 Job executing on host: <128.83.120.128:51378?addrs=128.83.120.128-51378>
...
006 (519134.000.000) 05/07 14:36:48 Image size of job updated: 2457352
	52  -  MemoryUsage of job (MB)
	52656  -  ResidentSetSize of job (KB)
...
006 (519134.000.000) 05/07 14:41:48 Image size of job updated: 2760136
	1895  -  MemoryUsage of job (MB)
	1940448  -  ResidentSetSize of job (KB)
...
006 (519134.000.000) 05/07 14:46:49 Image size of job updated: 2956756
	2057  -  MemoryUsage of job (MB)
	2105484  -  ResidentSetSize of job (KB)
...
006 (519134.000.000) 05/07 14:51:50 Image size of job updated: 3087828
	2207  -  MemoryUsage of job (MB)
	2258988  -  ResidentSetSize of job (KB)
...
006 (519134.000.000) 05/07 14:56:50 Image size of job updated: 3284692
	2383  -  MemoryUsage of job (MB)
	2440144  -  ResidentSetSize of job (KB)
...
006 (519134.000.000) 05/07 15:01:51 Image size of job updated: 3415764
	2530  -  MemoryUsage of job (MB)
	2590204  -  ResidentSetSize of job (KB)
...
006 (519134.000.000) 05/07 15:06:52 Image size of job updated: 3481300
	2630  -  MemoryUsage of job (MB)
	2692912  -  ResidentSetSize of job (KB)
...
006 (519134.000.000) 05/07 15:11:52 Image size of job updated: 3612372
	2746  -  MemoryUsage of job (MB)
	2810964  -  ResidentSetSize of job (KB)
...
006 (519134.000.000) 05/07 15:16:52 Image size of job updated: 3743456
	2847  -  MemoryUsage of job (MB)
	2914844  -  ResidentSetSize of job (KB)
...
006 (519134.000.000) 05/07 15:19:49 Image size of job updated: 3808992
	2847  -  MemoryUsage of job (MB)
	2914844  -  ResidentSetSize of job (KB)
...
005 (519134.000.000) 05/07 15:19:49 Job terminated.
	(1) Normal termination (return value 0)
		Usr 0 00:41:14, Sys 0 00:00:54  -  Run Remote Usage
		Usr 0 00:00:00, Sys 0 00:00:00  -  Run Local Usage
		Usr 0 00:41:14, Sys 0 00:00:54  -  Total Remote Usage
		Usr 0 00:00:00, Sys 0 00:00:00  -  Total Local Usage
	0  -  Run Bytes Sent By Job
	0  -  Run Bytes Received By Job
	0  -  Total Bytes Sent By Job
	0  -  Total Bytes Received By Job
	Partitionable Resources :    Usage  Request Allocated
	   Cpus                 :                 1         1
	   Disk (KB)            :        1        1    802867
	   Gpus                 :                           0
	   Memory (MB)          :     2847        1     12899
...
000 (382909.000.000) 05/07 20:17:00 Job submitted from host: <128.83.144.155:57685?addrs=128.83.144.155-57685>
...
001 (382909.000.000) 05/07 20:45:27 Job executing on host: <128.83.144.131:50598?addrs=128.83.144.131-50598>
...
006 (382909.000.000) 05/07 20:45:35 Image size of job updated: 1
	2  -  MemoryUsage of job (MB)
	1636  -  ResidentSetSize of job (KB)
...
006 (382909.000.000) 05/07 20:50:35 Image size of job updated: 2891280
	2011  -  MemoryUsage of job (MB)
	2058560  -  ResidentSetSize of job (KB)
...
006 (382909.000.000) 05/07 20:55:35 Image size of job updated: 3153424
	2254  -  MemoryUsage of job (MB)
	2307580  -  ResidentSetSize of job (KB)
...
006 (382909.000.000) 05/07 21:00:36 Image size of job updated: 3350032
	2489  -  MemoryUsage of job (MB)
	2548440  -  ResidentSetSize of job (KB)
...
006 (382909.000.000) 05/07 21:05:36 Image size of job updated: 3612176
	2733  -  MemoryUsage of job (MB)
	2797736  -  ResidentSetSize of job (KB)
...
006 (382909.000.000) 05/07 21:08:55 Image size of job updated: 3808796
	2733  -  MemoryUsage of job (MB)
	2797736  -  ResidentSetSize of job (KB)
...
005 (382909.000.000) 05/07 21:08:55 Job terminated.
	(1) Normal termination (return value 0)
		Usr 0 00:22:32, Sys 0 00:00:20  -  Run Remote Usage
		Usr 0 00:00:00, Sys 0 00:00:00  -  Run Local Usage
		Usr 0 00:22:32, Sys 0 00:00:20  -  Total Remote Usage
		Usr 0 00:00:00, Sys 0 00:00:00  -  Total Local Usage
	0  -  Run Bytes Sent By Job
	0  -  Run Bytes Received By Job
	0  -  Total Bytes Sent By Job
	0  -  Total Bytes Received By Job
	Partitionable Resources :    Usage  Request Allocated
	   Cpus                 :                 1         1
	   Disk (KB)            :        1        1   2204433
	   Gpus                 :                           0
	   Memory (MB)          :     2733        1      4028
...
000 (384151.000.000) 05/08 05:53:03 Job submitted from host: <128.83.144.155:57685?addrs=128.83.144.155-57685>
...
001 (384151.000.000) 05/08 06:21:40 Job executing on host: <128.83.120.250:59851?addrs=128.83.120.250-59851>
...
006 (384151.000.000) 05/08 06:21:48 Image size of job updated: 1
	2  -  MemoryUsage of job (MB)
	1692  -  ResidentSetSize of job (KB)
...
006 (384151.000.000) 05/08 06:26:48 Image size of job updated: 2760140
	1922  -  MemoryUsage of job (MB)
	1967552  -  ResidentSetSize of job (KB)
...
006 (384151.000.000) 05/08 06:31:49 Image size of job updated: 2956760
	2072  -  MemoryUsage of job (MB)
	2121000  -  ResidentSetSize of job (KB)
...
006 (384151.000.000) 05/08 06:36:50 Image size of job updated: 3087832
	2216  -  MemoryUsage of job (MB)
	2268604  -  ResidentSetSize of job (KB)
...
006 (384151.000.000) 05/08 06:41:50 Image size of job updated: 3218904
	2374  -  MemoryUsage of job (MB)
	2430496  -  ResidentSetSize of job (KB)
...
006 (384151.000.000) 05/08 06:46:50 Image size of job updated: 3415768
	2510  -  MemoryUsage of job (MB)
	2569748  -  ResidentSetSize of job (KB)
...
006 (384151.000.000) 05/08 06:51:52 Image size of job updated: 3546840
	2654  -  MemoryUsage of job (MB)
	2717624  -  ResidentSetSize of job (KB)
...
006 (384151.000.000) 05/08 06:56:52 Image size of job updated: 3677912
	2812  -  MemoryUsage of job (MB)
	2879084  -  ResidentSetSize of job (KB)
...
006 (384151.000.000) 05/08 06:59:59 Image size of job updated: 3808996
	2812  -  MemoryUsage of job (MB)
	2879084  -  ResidentSetSize of job (KB)
...
005 (384151.000.000) 05/08 06:59:59 Job terminated.
	(1) Normal termination (return value 0)
		Usr 0 00:37:03, Sys 0 00:01:00  -  Run Remote Usage
		Usr 0 00:00:00, Sys 0 00:00:00  -  Run Local Usage
		Usr 0 00:37:03, Sys 0 00:01:00  -  Total Remote Usage
		Usr 0 00:00:00, Sys 0 00:00:00  -  Total Local Usage
	0  -  Run Bytes Sent By Job
	0  -  Run Bytes Received By Job
	0  -  Total Bytes Sent By Job
	0  -  Total Bytes Received By Job
	Partitionable Resources :    Usage  Request Allocated
	   Cpus                 :                 1         1
	   Disk (KB)            :        1        1    787838
	   Gpus                 :                           0
	   Memory (MB)          :     2812        1     12899
...
000 (417544.000.000) 05/09 03:37:28 Job submitted from host: <128.83.144.154:52346?addrs=128.83.144.154-52346>
...
001 (417544.000.000) 05/09 04:05:19 Job executing on host: <128.83.139.143:55125?addrs=128.83.139.143-55125>
...
006 (417544.000.000) 05/09 04:05:28 Image size of job updated: 2
	2  -  MemoryUsage of job (MB)
	1640  -  ResidentSetSize of job (KB)
...
006 (417544.000.000) 05/09 04:10:28 Image size of job updated: 2826000
	1981  -  MemoryUsage of job (MB)
	2027964  -  ResidentSetSize of job (KB)
...
006 (417544.000.000) 05/09 04:15:28 Image size of job updated: 3022604
	2155  -  MemoryUsage of job (MB)
	2206564  -  ResidentSetSize of job (KB)
...
006 (417544.000.000) 05/09 04:20:29 Image size of job updated: 3219212
	2378  -  MemoryUsage of job (MB)
	2434704  -  ResidentSetSize of job (KB)
...
006 (417544.000.000) 05/09 04:25:30 Image size of job updated: 3415820
	2564  -  MemoryUsage of job (MB)
	2624952  -  ResidentSetSize of job (KB)
...
006 (417544.000.000) 05/09 04:30:30 Image size of job updated: 3809048
	2920  -  MemoryUsage of job (MB)
	2989556  -  ResidentSetSize of job (KB)
...
005 (417544.000.000) 05/09 04:30:43 Job terminated.
	(1) Normal termination (return value 0)
		Usr 0 00:24:44, Sys 0 00:00:30  -  Run Remote Usage
		Usr 0 00:00:00, Sys 0 00:00:00  -  Run Local Usage
		Usr 0 00:24:44, Sys 0 00:00:30  -  Total Remote Usage
		Usr 0 00:00:00, Sys 0 00:00:00  -  Total Local Usage
	0  -  Run Bytes Sent By Job
	0  -  Run Bytes Received By Job
	0  -  Total Bytes Sent By Job
	0  -  Total Bytes Received By Job
	Partitionable Resources :    Usage  Request Allocated
	   Cpus                 :                 1         1
	   Disk (KB)            :        2        2   7539967
	   Gpus                 :                           0
	   Memory (MB)          :     2920        1      4027
...
