[SNIPER] Start
Sampler: 4, 32, 0
itlb_cache: 32, 1
itlb_cache_L1: 32, 1
Sampler: 4, 128, 0
dtlb_cache: 128, 4
dtlb_cache_L1: 128, 4
L1-I 2
Sampler: 4, 4, 128
L1-I: 2048, 64
L1-I_L1: 2048, 64
L1-D 3
Sampler: 4, 8, 32
L1-D: 1024, 32
L1-D_L1: 1024, 32
L2 4
Sampler: 122, 16, 16
L2: 32768, 1024
L2_L1: 32768, 1024
Executing Python script /v/filer4b/v20q001/ypei/Desktop/cs395t-lin/output/low_bandwidth/run_all_hybrid_headroom9/astar/4/sim.scripts.py
[STOPBYICOUNT] Starting in ROI (detail)
[STOPBYICOUNT] Then stopping after simulating at least 250000000 instructions in detail
[SNIPER] --------------------------------------------------------------------------------
[SNIPER] Sniper using SIFT/trace-driven frontend
[SNIPER] Running full application in DETAILED mode
[SNIPER] --------------------------------------------------------------------------------
[SNIPER] Enabling performance models
[SNIPER] Setting instrumentation mode to DETAILED
[STOPBYICOUNT] Ending ROI after 250000006 instructions (250000000 requested)
[SNIPER] Disabling performance models
[SNIPER] Leaving ROI after 970.84 seconds
[SNIPER] Simulated 250.0M instructions, 284.1M cycles, 0.88 IPC
[SNIPER] Simulation speed 257.5 KIPS (257.5 KIPS / target core - 3883.4ns/instr)
[SNIPER] Setting instrumentation mode to FAST_FORWARD
Hawkeye Victims: 0
LRU Victims: 0
[app0] [SIFT_RECORDER] sift_writer.cc:550: Sift::Mode Sift::Writer::Sync(): Assertion `!response->fail()' failed.
Hawkeye Victims: 0
LRU Victims: 0
Hawkeye Victims: 0
LRU Victims: 0
a test for execution
[app0] Pin app terminated abnormally due to signal 6.

Inserted: 0
Redundant.progress: 0
Redundant.cache: 0
Redundant.buffer: 0
Hawkeye Victims: 0
LRU Victims: 0
a test for execution

Inserted: 0
Redundant.progress: 0
Redundant.cache: 0
Redundant.buffer: 0
Hawkeye Victims: 0
LRU Victims: 0
 =========================================================== 
Triggers: 1483354
Repeats: 0

Same addr: 895649 60.38
New addr: 194 0.0130785

Distribution of new addresses: 
Stream Head: 180 92.7835
Stream Divergence: 121994 62883.5

Invalidation count: 450050 231985
No Conflict count: 331504 170878
Same Stream count: 0 0
New Stream count: 0 0

Not found: 587366
On Chip Mispredictions: 0
 =========================================================== 
Distribution of predictions: 
Predict Init: 1345844 90.7298
Total Predictions: 1333989
Predict OCI Miss: 10902 0.810049
Predict Stream End: 11855 0.88086
Buffer Success: 0 0
Stride Distribution: 0, 4599, 0, 0, 0, 0, 0, 0, 0, 0, 0, 0, 0, 0, 0, 0, 0, 0, 0, 0, 0, 0, 0, 0, 0, 0, 0, 0, 0, 0, 0, 0, 0, 0, 0, 0, 0, 0, 0, 0, 0, 0, 0, 0, 0, 0, 0, 0, 0, 0, 0, 0, 0, 0, 0, 0, 0, 0, 0, 0, 0, 0, 0, 0, 0, 0, 33, 0, 0, 0, 0, 0, 37709104, 0, 49, 0, 15, 0, 15, 0, 0, 6644585, 1868787317, 1915577714, 1702195557, 7566451, 113, 0, 5073232, 0, 34382496, 0, 0, 0, 5073232, 0, 34940912, 0, 0, 0, 5073232, 0, 35213232, 0, 0, 0, 5165152, 0, 910364016, 10951, 0, 10951, 37707408, 0, 49, 0, 6, 0, 6, 0, 0, 0, 1919906931, 29541, 48, 0, 49, 0, 
a test for execution

Inserted: 1567159
Redundant.progress: 2676
Redundant.cache: 1185445
Redundant.buffer: 0
[SNIPER] End
[SNIPER] Elapsed time: 973.69 seconds
