000 (516143.000.000) 05/05 17:13:24 Job submitted from host: <128.83.144.149:44250?addrs=128.83.144.149-44250>
...
009 (516143.000.000) 05/05 17:14:27 Job was aborted by the user.
	via condor_rm (by user ypei)
...
000 (516350.000.000) 05/05 17:15:09 Job submitted from host: <128.83.144.149:44250?addrs=128.83.144.149-44250>
...
009 (516350.000.000) 05/05 17:18:07 Job was aborted by the user.
	via condor_rm (by user ypei)
...
000 (516557.000.000) 05/05 17:18:39 Job submitted from host: <128.83.144.149:44250?addrs=128.83.144.149-44250>
...
009 (516557.000.000) 05/05 17:21:28 Job was aborted by the user.
	via condor_rm (by user ypei)
...
000 (517178.000.000) 05/05 17:22:03 Job submitted from host: <128.83.144.149:44250?addrs=128.83.144.149-44250>
...
001 (517178.000.000) 05/05 17:41:19 Job executing on host: <128.83.120.230:37764?addrs=128.83.120.230-37764>
...
006 (517178.000.000) 05/05 17:41:28 Image size of job updated: 2
	2  -  MemoryUsage of job (MB)
	1680  -  ResidentSetSize of job (KB)
...
006 (517178.000.000) 05/05 17:46:29 Image size of job updated: 1212500
	199  -  MemoryUsage of job (MB)
	203216  -  ResidentSetSize of job (KB)
...
006 (517178.000.000) 05/05 17:51:29 Image size of job updated: 1212516
	229  -  MemoryUsage of job (MB)
	233764  -  ResidentSetSize of job (KB)
...
005 (517178.000.000) 05/05 17:55:48 Job terminated.
	(1) Normal termination (return value 0)
		Usr 0 00:14:05, Sys 0 00:00:12  -  Run Remote Usage
		Usr 0 00:00:00, Sys 0 00:00:00  -  Run Local Usage
		Usr 0 00:14:05, Sys 0 00:00:12  -  Total Remote Usage
		Usr 0 00:00:00, Sys 0 00:00:00  -  Total Local Usage
	0  -  Run Bytes Sent By Job
	0  -  Run Bytes Received By Job
	0  -  Total Bytes Sent By Job
	0  -  Total Bytes Received By Job
	Partitionable Resources :    Usage  Request Allocated
	   Cpus                 :                 1         1
	   Disk (KB)            :        2        2    827436
	   Gpus                 :                           0
	   Memory (MB)          :      229        1     12899
...
000 (518213.000.000) 05/06 21:33:20 Job submitted from host: <128.83.144.149:44250?addrs=128.83.144.149-44250>
...
009 (518213.000.000) 05/06 21:33:42 Job was aborted by the user.
	via condor_rm (by user ypei)
...
000 (518420.000.000) 05/06 21:34:28 Job submitted from host: <128.83.144.149:44250?addrs=128.83.144.149-44250>
...
001 (518420.000.000) 05/06 21:58:28 Job executing on host: <128.83.120.128:51378?addrs=128.83.120.128-51378>
...
006 (518420.000.000) 05/06 21:58:36 Image size of job updated: 1183536
	67  -  MemoryUsage of job (MB)
	68520  -  ResidentSetSize of job (KB)
...
006 (518420.000.000) 05/06 22:03:36 Image size of job updated: 1212228
	192  -  MemoryUsage of job (MB)
	196428  -  ResidentSetSize of job (KB)
...
006 (518420.000.000) 05/06 22:08:36 Image size of job updated: 1212276
	215  -  MemoryUsage of job (MB)
	219168  -  ResidentSetSize of job (KB)
...
006 (518420.000.000) 05/06 22:13:37 Image size of job updated: 1212292
	232  -  MemoryUsage of job (MB)
	237548  -  ResidentSetSize of job (KB)
...
006 (518420.000.000) 05/06 22:18:37 Image size of job updated: 1212296
	243  -  MemoryUsage of job (MB)
	248300  -  ResidentSetSize of job (KB)
...
005 (518420.000.000) 05/06 22:20:22 Job terminated.
	(1) Normal termination (return value 0)
		Usr 0 00:21:02, Sys 0 00:00:29  -  Run Remote Usage
		Usr 0 00:00:00, Sys 0 00:00:00  -  Run Local Usage
		Usr 0 00:21:02, Sys 0 00:00:29  -  Total Remote Usage
		Usr 0 00:00:00, Sys 0 00:00:00  -  Total Local Usage
	0  -  Run Bytes Sent By Job
	0  -  Run Bytes Received By Job
	0  -  Total Bytes Sent By Job
	0  -  Total Bytes Received By Job
	Partitionable Resources :    Usage  Request Allocated
	   Cpus                 :                 1         1
	   Disk (KB)            :        2        2    803076
	   Gpus                 :                           0
	   Memory (MB)          :      243        1     12899
...
000 (381988.000.000) 05/07 00:29:14 Job submitted from host: <128.83.144.155:57685?addrs=128.83.144.155-57685>
...
001 (381988.000.000) 05/07 00:50:30 Job executing on host: <128.83.144.5:44408?addrs=128.83.144.5-44408>
...
006 (381988.000.000) 05/07 00:50:38 Image size of job updated: 341136
	22  -  MemoryUsage of job (MB)
	22088  -  ResidentSetSize of job (KB)
...
006 (381988.000.000) 05/07 00:55:38 Image size of job updated: 1212272
	190  -  MemoryUsage of job (MB)
	193924  -  ResidentSetSize of job (KB)
...
006 (381988.000.000) 05/07 01:00:40 Image size of job updated: 1212288
	213  -  MemoryUsage of job (MB)
	217728  -  ResidentSetSize of job (KB)
...
006 (381988.000.000) 05/07 01:05:40 Image size of job updated: 1212292
	226  -  MemoryUsage of job (MB)
	230804  -  ResidentSetSize of job (KB)
...
006 (381988.000.000) 05/07 01:10:40 Image size of job updated: 1212292
	234  -  MemoryUsage of job (MB)
	239388  -  ResidentSetSize of job (KB)
...
006 (381988.000.000) 05/07 01:15:41 Image size of job updated: 1212292
	240  -  MemoryUsage of job (MB)
	245068  -  ResidentSetSize of job (KB)
...
005 (381988.000.000) 05/07 01:15:41 Job terminated.
	(1) Normal termination (return value 0)
		Usr 0 00:24:26, Sys 0 00:00:40  -  Run Remote Usage
		Usr 0 00:00:00, Sys 0 00:00:00  -  Run Local Usage
		Usr 0 00:24:26, Sys 0 00:00:40  -  Total Remote Usage
		Usr 0 00:00:00, Sys 0 00:00:00  -  Total Local Usage
	0  -  Run Bytes Sent By Job
	0  -  Run Bytes Received By Job
	0  -  Total Bytes Sent By Job
	0  -  Total Bytes Received By Job
	Partitionable Resources :    Usage  Request Allocated
	   Cpus                 :                 1         1
	   Disk (KB)            :        2        2    790418
	   Gpus                 :                           0
	   Memory (MB)          :      240        1     12899
...
