[SNIPER] Start
Sampler: 4, 4, 32
stlb_cache: 512, 16
stlb_cache_L1: 512, 16
Sampler: 4, 32, 0
itlb_cache: 32, 1
itlb_cache_L1: 32, 1
Sampler: 4, 128, 0
dtlb_cache: 128, 4
dtlb_cache_L1: 128, 4
num_memory_controller = 1
L1-I 2
Sampler: 4, 4, 128
L1-I: 2048, 64
L1-I_L1: 2048, 64
Creating prefetcher object 0 0
Creating prefetcher object 1 0
Creating prefetcher object 2 0
Creating prefetcher object 3 0
L1-D 3
Sampler: 4, 8, 20
L1-D: 400, 20
L1-D_L1: 400, 20
Creating prefetcher object 0 0
Creating prefetcher object 1 0
Creating prefetcher object 2 0
Creating prefetcher object 3 0
L2 4
Sampler: 25f, 10, d
L2: 20000, 1000
L2_L1: 20000, 1000
HybridPrefetcher3 running
Creating prefetcher object 0 0x2cb9f20
HybridPrefetcher3 running
Creating prefetcher object 1 0x2e5c850
HybridPrefetcher3 running
Creating prefetcher object 2 0x2fff1b0
HybridPrefetcher3 running
Creating prefetcher object 3 0x31a1b10
Sampler: 4, 4, 20
stlb_cache: 200, 10
stlb_cache_L1: 200, 10
Sampler: 4, 20, 0
itlb_cache: 20, 1
itlb_cache_L1: 20, 1
Sampler: 4, 80, 0
dtlb_cache: 80, 4
dtlb_cache_L1: 80, 4
num_memory_controller = 1
L1-I 2
Sampler: 4, 4, 80
L1-I: 800, 40
L1-I_L1: 800, 40
Creating prefetcher object 0 0
Creating prefetcher object 1 0
Creating prefetcher object 2 0
Creating prefetcher object 3 0
L1-D 3
Sampler: 4, 8, 20
L1-D: 400, 20
L1-D_L1: 400, 20
Creating prefetcher object 0 0
Creating prefetcher object 1 0
Creating prefetcher object 2 0
Creating prefetcher object 3 0
L2 4
Sampler: 4, 4, 20
stlb_cache: 200, 10
stlb_cache_L1: 200, 10
Sampler: 4, 20, 0
itlb_cache: 20, 1
itlb_cache_L1: 20, 1
Sampler: 4, 80, 0
dtlb_cache: 80, 4
dtlb_cache_L1: 80, 4
num_memory_controller = 1
L1-I 2
Sampler: 4, 4, 80
L1-I: 800, 40
L1-I_L1: 800, 40
Creating prefetcher object 0 0
Creating prefetcher object 1 0
Creating prefetcher object 2 0
Creating prefetcher object 3 0
L1-D 3
Sampler: 4, 8, 20
L1-D: 400, 20
L1-D_L1: 400, 20
Creating prefetcher object 0 0
Creating prefetcher object 1 0
Creating prefetcher object 2 0
Creating prefetcher object 3 0
L2 4
Sampler: 4, 4, 20
stlb_cache: 200, 10
stlb_cache_L1: 200, 10
Sampler: 4, 20, 0
itlb_cache: 20, 1
itlb_cache_L1: 20, 1
Sampler: 4, 80, 0
dtlb_cache: 80, 4
dtlb_cache_L1: 80, 4
num_memory_controller = 1
L1-I 2
Sampler: 4, 4, 80
L1-I: 800, 40
L1-I_L1: 800, 40
Creating prefetcher object 0 0
Creating prefetcher object 1 0
Creating prefetcher object 2 0
Creating prefetcher object 3 0
L1-D 3
Sampler: 4, 8, 20
L1-D: 400, 20
L1-D_L1: 400, 20
Creating prefetcher object 0 0
Creating prefetcher object 1 0
Creating prefetcher object 2 0
Creating prefetcher object 3 0
L2 4
[SNIPER] --------------------------------------------------------------------------------
[SNIPER] Sniper using SIFT/trace-driven frontend
[SNIPER] Running full application in DETAILED mode
[SNIPER] --------------------------------------------------------------------------------
[SNIPER] Enabling performance models
[SNIPER] Setting instrumentation mode to DETAILED
0	1
0	2
0	1
0	3
shadow_cache used up once
shadow_cache used up once
shadow_cache used up once
shadow_cache used up once
shadow_cache used up once
shadow_cache used up once
shadow_cache used up once
shadow_cache used up once
shadow_cache used up once
shadow_cache used up once
shadow_cache used up once
shadow_cache used up once
shadow_cache used up once
phase = 0
shadow_cache used up once
shadow_cache used up once
shadow_cache used up once
shadow_cache used up once
shadow_cache used up once
shadow_cache used up once
shadow_cache used up once
shadow_cache used up once
1	1057
1	1051
1	15497
shadow_cache used up once
1	170637
shadow_cache used up once
shadow_cache used up once
shadow_cache used up once
phase = 1
shadow_cache used up once
shadow_cache used up once
shadow_cache used up once
shadow_cache used up once
shadow_cache used up once
shadow_cache used up once
shadow_cache used up once
shadow_cache used up once
shadow_cache used up once
shadow_cache used up once
shadow_cache used up once
shadow_cache used up once
2	96347
2	21468
2	2555
2	2873
shadow_cache used up once
phase = 2
shadow_cache used up once
shadow_cache used up once
shadow_cache used up once
shadow_cache used up once
shadow_cache used up once
shadow_cache used up once
shadow_cache used up once
phase = 0
shadow_cache used up once
shadow_cache used up once
shadow_cache used up once
shadow_cache used up once
phase = 3
shadow_cache used up once
shadow_cache used up once
shadow_cache used up once
shadow_cache used up once
3	95057
3	1830
3	20936
3	2294
shadow_cache used up once
shadow_cache used up once
shadow_cache used up once
shadow_cache used up once
shadow_cache used up once
shadow_cache used up once
phase = 4
shadow_cache used up once
shadow_cache used up once
shadow_cache used up once
shadow_cache used up once
shadow_cache used up once
shadow_cache used up once
shadow_cache used up once
Hit: Address 300000c020b40 got flushed counter=0
Hit: Address 300000c01c080 got flushed counter=1
shadow_cache used up once
4	65
4	122
Hit: Address 300000c013fc0 got flushed counter=2
Hit: Address 300000c020740 got flushed counter=3
4	103618
4	10010
phase = 5
shadow_cache used up once
shadow_cache used up once
shadow_cache used up once
shadow_cache used up once
shadow_cache used up once
shadow_cache used up once
shadow_cache used up once
shadow_cache used up once
shadow_cache used up once
shadow_cache used up once
phase = 6
shadow_cache used up once
shadow_cache used up once
shadow_cache used up once
shadow_cache used up once
5	170
5	209
5	104738
5	12303
shadow_cache used up once
shadow_cache used up once
shadow_cache used up once
shadow_cache used up once
shadow_cache used up once
shadow_cache used up once
phase = 1
shadow_cache used up once
shadow_cache used up once
shadow_cache used up once
phase = 7
shadow_cache used up once
shadow_cache used up once
shadow_cache used up once
6	4021
6	27968
6	54667
6	3822
shadow_cache used up once
shadow_cache used up once
shadow_cache used up once
shadow_cache used up once
shadow_cache used up once
shadow_cache used up once
shadow_cache used up once
shadow_cache used up once
shadow_cache used up once
shadow_cache used up once
shadow_cache used up once
shadow_cache used up once
shadow_cache used up once
phase = 8
shadow_cache used up once
7	6650
7	25962
7	69471
7	6793
phase = 2
shadow_cache used up once
shadow_cache used up once
shadow_cache used up once
shadow_cache used up once
shadow_cache used up once
shadow_cache used up once
shadow_cache used up once
shadow_cache used up once
shadow_cache used up once
shadow_cache used up once
shadow_cache used up once
shadow_cache used up once
shadow_cache used up once
shadow_cache used up once
8	5459
8	25475
8	73225
8	5407
shadow_cache used up once
phase = 9
shadow_cache used up once
shadow_cache used up once
shadow_cache used up once
shadow_cache used up once
shadow_cache used up once
shadow_cache used up once
shadow_cache used up once
shadow_cache used up once
phase = 3
shadow_cache used up once
shadow_cache used up once
shadow_cache used up once
shadow_cache used up once
shadow_cache used up once
shadow_cache used up once
9	25342
9	73327
9	5248
9	5095
shadow_cache used up once
shadow_cache used up once
phase = 10
shadow_cache used up once
shadow_cache used up once
shadow_cache used up once
shadow_cache used up once
shadow_cache used up once
shadow_cache used up once
shadow_cache used up once
shadow_cache used up once
shadow_cache used up once
shadow_cache used up once
shadow_cache used up once
shadow_cache used up once
shadow_cache used up once
shadow_cache used up once
a	5508
a	25692
a	73635
a	5988
shadow_cache used up once
phase = 4
shadow_cache used up once
shadow_cache used up once
shadow_cache used up once
phase = 11
shadow_cache used up once
shadow_cache used up once
shadow_cache used up once
shadow_cache used up once
shadow_cache used up once
shadow_cache used up once
shadow_cache used up once
shadow_cache used up once
shadow_cache used up once
shadow_cache used up once
shadow_cache used up once
b	5563
b	25316
b	5568
b	73489
shadow_cache used up once
shadow_cache used up once
shadow_cache used up once
shadow_cache used up once
shadow_cache used up once
phase = 12
shadow_cache used up once
shadow_cache used up once
shadow_cache used up once
phase = 5
shadow_cache used up once
shadow_cache used up once
shadow_cache used up once
shadow_cache used up once
shadow_cache used up once
shadow_cache used up once
shadow_cache used up once
c	73130
c	25997
c	5795
c	6275
shadow_cache used up once
shadow_cache used up once
shadow_cache used up once
shadow_cache used up once
shadow_cache used up once
shadow_cache used up once
phase = 13
shadow_cache used up once
shadow_cache used up once
shadow_cache used up once
shadow_cache used up once
shadow_cache used up once
shadow_cache used up once
shadow_cache used up once
shadow_cache used up once
d	25706
d	72480
d	5871
d	5963
phase = 6
shadow_cache used up once
shadow_cache used up once
shadow_cache used up once
shadow_cache used up once
shadow_cache used up once
shadow_cache used up once
shadow_cache used up once
phase = 14
shadow_cache used up once
shadow_cache used up once
shadow_cache used up once
shadow_cache used up once
shadow_cache used up once
shadow_cache used up once
shadow_cache used up once
e	73199
e	5044
e	25289
e	5257
shadow_cache used up once
shadow_cache used up once
shadow_cache used up once
shadow_cache used up once
shadow_cache used up once
shadow_cache used up once
shadow_cache used up once
shadow_cache used up once
shadow_cache used up once
phase = 7
phase = 15
shadow_cache used up once
shadow_cache used up once
shadow_cache used up once
shadow_cache used up once
shadow_cache used up once
shadow_cache used up once
shadow_cache used up once
shadow_cache used up once
f	6032
f	25340
f	73117
f	5685
shadow_cache used up once
shadow_cache used up once
shadow_cache used up once
shadow_cache used up once
shadow_cache used up once
shadow_cache used up once
shadow_cache used up once
shadow_cache used up once
shadow_cache used up once
shadow_cache used up once
phase = 16
shadow_cache used up once
shadow_cache used up once
shadow_cache used up once
10	28963
10	68294
10	5340
10	4810
shadow_cache used up once
shadow_cache used up once
shadow_cache used up once
phase = 8
shadow_cache used up once
shadow_cache used up once
shadow_cache used up once
shadow_cache used up once
shadow_cache used up once
shadow_cache used up once
shadow_cache used up once
shadow_cache used up once
shadow_cache used up once
shadow_cache used up once
phase = 17
11	5557
11	35304
11	70865
11	6295
shadow_cache used up once
shadow_cache used up once
shadow_cache used up once
shadow_cache used up once
shadow_cache used up once
shadow_cache used up once
shadow_cache used up once
shadow_cache used up once
shadow_cache used up once
shadow_cache used up once
shadow_cache used up once
shadow_cache used up once
phase = 9
shadow_cache used up once
shadow_cache used up once
shadow_cache used up once
shadow_cache used up once
12	25403
12	5918
12	73029
12	5741
phase = 18
shadow_cache used up once
shadow_cache used up once
shadow_cache used up once
shadow_cache used up once
shadow_cache used up once
shadow_cache used up once
shadow_cache used up once
shadow_cache used up once
shadow_cache used up once
shadow_cache used up once
shadow_cache used up once
shadow_cache used up once
shadow_cache used up once
shadow_cache used up once
13	25251
13	73373
13	5200
13	5058
shadow_cache used up once
phase = 19
shadow_cache used up once
shadow_cache used up once
shadow_cache used up once
phase = 10
shadow_cache used up once
shadow_cache used up once
shadow_cache used up once
shadow_cache used up once
shadow_cache used up once
shadow_cache used up once
shadow_cache used up once
shadow_cache used up once
shadow_cache used up once
shadow_cache used up once
14	7903
14	7729
14	28177
14	67779
shadow_cache used up once
shadow_cache used up once
shadow_cache used up once
phase = 20
shadow_cache used up once
shadow_cache used up once
shadow_cache used up once
shadow_cache used up once
shadow_cache used up once
shadow_cache used up once
shadow_cache used up once
shadow_cache used up once
shadow_cache used up once
shadow_cache used up once
shadow_cache used up once
phase = 11
shadow_cache used up once
shadow_cache used up once
15	9596
15	28397
15	63972
15	9018
shadow_cache used up once
shadow_cache used up once
shadow_cache used up once
shadow_cache used up once
shadow_cache used up once
Hit: Address 300000c01bc80 got flushed counter=4
phase = 21
shadow_cache used up once
shadow_cache used up once
shadow_cache used up once
shadow_cache used up once
shadow_cache used up once
shadow_cache used up once
shadow_cache used up once
shadow_cache used up once
shadow_cache used up once
shadow_cache used up once
shadow_cache used up once
16	27820
16	62574
16	9771
16	9127
shadow_cache used up once
shadow_cache used up once
shadow_cache used up once
shadow_cache used up once
phase = 12
shadow_cache used up once
shadow_cache used up once
phase = 22
shadow_cache used up once
shadow_cache used up once
shadow_cache used up once
shadow_cache used up once
shadow_cache used up once
shadow_cache used up once
shadow_cache used up once
phase = 0
phase = 0
shadow_cache used up once
17	29614
17	61103
17	10497
17	10030
shadow_cache used up once
shadow_cache used up once
shadow_cache used up once
shadow_cache used up once
shadow_cache used up once
shadow_cache used up once
shadow_cache used up once
phase = 23
shadow_cache used up once
shadow_cache used up once
shadow_cache used up once
shadow_cache used up once
shadow_cache used up once
phase = 13
shadow_cache used up once
shadow_cache used up once
18	61856
18	29123
18	9853
18	10196
shadow_cache used up once
shadow_cache used up once
shadow_cache used up once
shadow_cache used up once
shadow_cache used up once
shadow_cache used up once
shadow_cache used up once
shadow_cache used up once
shadow_cache used up once
phase = 24
shadow_cache used up once
shadow_cache used up once
shadow_cache used up once
shadow_cache used up once
shadow_cache used up once
shadow_cache used up once
19	9709
19	30132
19	61143
19	9974
shadow_cache used up once
shadow_cache used up once
shadow_cache used up once
shadow_cache used up once
shadow_cache used up once
phase = 14
shadow_cache used up once
shadow_cache used up once
shadow_cache used up once
shadow_cache used up once
shadow_cache used up once
phase = 25
shadow_cache used up once
shadow_cache used up once
shadow_cache used up once
shadow_cache used up once
shadow_cache used up once
1a	47002
1a	33632
1a	15923
1a	14938
shadow_cache used up once
shadow_cache used up once
shadow_cache used up once
shadow_cache used up once
shadow_cache used up once
shadow_cache used up once
shadow_cache used up once
shadow_cache used up once
shadow_cache used up once
shadow_cache used up once
shadow_cache used up once
shadow_cache used up once
shadow_cache used up once
phase = 15
phase = 26
shadow_cache used up once
1b	24146
1b	45467
1b	10360
1b	11015
shadow_cache used up once
shadow_cache used up once
Hit: Address 300000c01fcc0 got flushed counter=5
shadow_cache used up once
shadow_cache used up once
shadow_cache used up once
shadow_cache used up once
shadow_cache used up once
shadow_cache used up once
shadow_cache used up once
shadow_cache used up once
shadow_cache used up once
shadow_cache used up once
1c	45196
1c	21303
1c	9381
1c	9204
shadow_cache used up once
shadow_cache used up once
shadow_cache used up once
phase = 16
shadow_cache used up once
shadow_cache used up once
phase = 27
shadow_cache used up once
shadow_cache used up once
shadow_cache used up once
shadow_cache used up once
shadow_cache used up once
shadow_cache used up once
1d	20930
1d	9313
1d	44800
1d	9340
shadow_cache used up once
shadow_cache used up once
shadow_cache used up once
shadow_cache used up once
shadow_cache used up once
shadow_cache used up once
shadow_cache used up once
shadow_cache used up once
shadow_cache used up once
shadow_cache used up once
phase = 17
shadow_cache used up once
1e	45055
1e	20701
1e	8650
1e	8467
shadow_cache used up once
shadow_cache used up once
phase = 28
shadow_cache used up once
shadow_cache used up once
shadow_cache used up once
shadow_cache used up once
shadow_cache used up once
Hit: Address 300000c01bcc0 got flushed counter=6
shadow_cache used up once
shadow_cache used up once
shadow_cache used up once
shadow_cache used up once
shadow_cache used up once
1f	45125
1f	8640
1f	20724
1f	8976
shadow_cache used up once
shadow_cache used up once
shadow_cache used up once
shadow_cache used up once
phase = 18
shadow_cache used up once
shadow_cache used up once
shadow_cache used up once
shadow_cache used up once
phase = 29
shadow_cache used up once
shadow_cache used up once
shadow_cache used up once
20	46699
20	16496
20	9955
20	10277
shadow_cache used up once
shadow_cache used up once
shadow_cache used up once
shadow_cache used up once
shadow_cache used up once
shadow_cache used up once
shadow_cache used up once
shadow_cache used up once
shadow_cache used up once
shadow_cache used up once
21	9095
21	57941
21	3734
21	3652
shadow_cache used up once
shadow_cache used up once
phase = 30
shadow_cache used up once
shadow_cache used up once
shadow_cache used up once
shadow_cache used up once
shadow_cache used up once
phase = 19
shadow_cache used up once
shadow_cache used up once
shadow_cache used up once
22	9907
22	57353
22	2617
22	2520
shadow_cache used up once
shadow_cache used up once
shadow_cache used up once
shadow_cache used up once
shadow_cache used up once
Hit: Address 1fdf600 got flushed counter=0
shadow_cache used up once
shadow_cache used up once
shadow_cache used up once
phase = 31
shadow_cache used up once
shadow_cache used up once
23	10001
23	2295
23	57889
23	2304
shadow_cache used up once
shadow_cache used up once
shadow_cache used up once
shadow_cache used up once
shadow_cache used up once
shadow_cache used up once
shadow_cache used up once
shadow_cache used up once
shadow_cache used up once
24	57654
24	10001
24	2141
24	2146
shadow_cache used up once
shadow_cache used up once
shadow_cache used up once
phase = 32
shadow_cache used up once
shadow_cache used up once
shadow_cache used up once
shadow_cache used up once
shadow_cache used up once
shadow_cache used up once
25	9963
25	57651
25	2151
25	2137
shadow_cache used up once
shadow_cache used up once
phase = 20
shadow_cache used up once
shadow_cache used up once
shadow_cache used up once
shadow_cache used up once
shadow_cache used up once
shadow_cache used up once
shadow_cache used up once
phase = 33
26	57898
26	9960
26	2103
26	2139
shadow_cache used up once
shadow_cache used up once
shadow_cache used up once
shadow_cache used up once
shadow_cache used up once
shadow_cache used up once
shadow_cache used up once
shadow_cache used up once
shadow_cache used up once
shadow_cache used up once
27	57721
27	9917
27	1932
27	1868
shadow_cache used up once
shadow_cache used up once
shadow_cache used up once
shadow_cache used up once
phase = 34
shadow_cache used up once
shadow_cache used up once
shadow_cache used up once
shadow_cache used up once
shadow_cache used up once
28	57944
28	10079
28	1911
28	1853
shadow_cache used up once
shadow_cache used up once
shadow_cache used up once
shadow_cache used up once
phase = 21
shadow_cache used up once
shadow_cache used up once
shadow_cache used up once
shadow_cache used up once
shadow_cache used up once
phase = 35
29	10121
29	57996
29	2190
29	2265
shadow_cache used up once
shadow_cache used up once
shadow_cache used up once
shadow_cache used up once
shadow_cache used up once
phase = 1
phase = 1
shadow_cache used up once
shadow_cache used up once
shadow_cache used up once
shadow_cache used up once
shadow_cache used up once
2a	9913
2a	57976
2a	2440
2a	2507
shadow_cache used up once
shadow_cache used up once
shadow_cache used up once
shadow_cache used up once
shadow_cache used up once
shadow_cache used up once
phase = 36
shadow_cache used up once
shadow_cache used up once
shadow_cache used up once
shadow_cache used up once
shadow_cache used up once
2b	12204
2b	58423
2b	4370
2b	4288
shadow_cache used up once
shadow_cache used up once
shadow_cache used up once
shadow_cache used up once
shadow_cache used up once
shadow_cache used up once
phase = 22
shadow_cache used up once
shadow_cache used up once
shadow_cache used up once
2c	58395
2c	12525
2c	3794
2c	3872
phase = 37
shadow_cache used up once
shadow_cache used up once
shadow_cache used up once
shadow_cache used up once
shadow_cache used up once
shadow_cache used up once
shadow_cache used up once
shadow_cache used up once
shadow_cache used up once
shadow_cache used up once
shadow_cache used up once
shadow_cache used up once
2d	4878
2d	54193
2d	30836
2d	3833
shadow_cache used up once
shadow_cache used up once
shadow_cache used up once
shadow_cache used up once
shadow_cache used up once
shadow_cache used up once
phase = 23
phase = 38
shadow_cache used up once
shadow_cache used up once
shadow_cache used up once
shadow_cache used up once
2e	20622
2e	2099
2e	56414
2e	2059
shadow_cache used up once
shadow_cache used up once
shadow_cache used up once
shadow_cache used up once
shadow_cache used up once
shadow_cache used up once
shadow_cache used up once
shadow_cache used up once
shadow_cache used up once
shadow_cache used up once
2f	20288
2f	56812
2f	2096
2f	2095
shadow_cache used up once
shadow_cache used up once
phase = 39
shadow_cache used up once
shadow_cache used up once
shadow_cache used up once
shadow_cache used up once
shadow_cache used up once
shadow_cache used up once
shadow_cache used up once
shadow_cache used up once
30	20664
30	57341
30	1968
30	1991
shadow_cache used up once
shadow_cache used up once
shadow_cache used up once
phase = 24
shadow_cache used up once
shadow_cache used up once
shadow_cache used up once
shadow_cache used up once
shadow_cache used up once
phase = 40
shadow_cache used up once
shadow_cache used up once
31	56963
31	20574
31	2082
31	2003
shadow_cache used up once
shadow_cache used up once
shadow_cache used up once
shadow_cache used up once
shadow_cache used up once
shadow_cache used up once
shadow_cache used up once
shadow_cache used up once
shadow_cache used up once
shadow_cache used up once
shadow_cache used up once
shadow_cache used up once
32	57119
32	20538
32	1923
32	1907
shadow_cache used up once
shadow_cache used up once
shadow_cache used up once
shadow_cache used up once
phase = 41
shadow_cache used up once
shadow_cache used up once
shadow_cache used up once
shadow_cache used up once
shadow_cache used up once
shadow_cache used up once
shadow_cache used up once
33	57079
33	20485
33	1955
33	2000
phase = 25
shadow_cache used up once
shadow_cache used up once
shadow_cache used up once
shadow_cache used up once
shadow_cache used up once
shadow_cache used up once
shadow_cache used up once
shadow_cache used up once
phase = 42
shadow_cache used up once
34	20617
34	57201
34	2036
34	1980
shadow_cache used up once
shadow_cache used up once
shadow_cache used up once
shadow_cache used up once
shadow_cache used up once
shadow_cache used up once
shadow_cache used up once
shadow_cache used up once
shadow_cache used up once
shadow_cache used up once
35	56938
35	20458
35	2155
35	2126
shadow_cache used up once
shadow_cache used up once
shadow_cache used up once
shadow_cache used up once
shadow_cache used up once
phase = 43
shadow_cache used up once
shadow_cache used up once
shadow_cache used up once
shadow_cache used up once
phase = 26
shadow_cache used up once
36	57280
36	20524
36	1871
36	1895
shadow_cache used up once
shadow_cache used up once
shadow_cache used up once
shadow_cache used up once
shadow_cache used up once
shadow_cache used up once
shadow_cache used up once
shadow_cache used up once
shadow_cache used up once
shadow_cache used up once
shadow_cache used up once
phase = 44
37	57175
37	20629
37	2050
37	2027
shadow_cache used up once
shadow_cache used up once
shadow_cache used up once
shadow_cache used up once
shadow_cache used up once
shadow_cache used up once
shadow_cache used up once
shadow_cache used up once
shadow_cache used up once
shadow_cache used up once
38	20385
38	57110
38	1914
38	1966
shadow_cache used up once
shadow_cache used up once
shadow_cache used up once
shadow_cache used up once
shadow_cache used up once
shadow_cache used up once
phase = 45
phase = 27
shadow_cache used up once
shadow_cache used up once
shadow_cache used up once
shadow_cache used up once
39	20593
39	57186
39	1894
39	1874
shadow_cache used up once
shadow_cache used up once
shadow_cache used up once
shadow_cache used up once
shadow_cache used up once
shadow_cache used up once
shadow_cache used up once
shadow_cache used up once
shadow_cache used up once
shadow_cache used up once
[TRACE:3] -- DONE --
[TRACE:2] -- STOP --
[TRACE:0] -- STOP --
[TRACE:1] -- STOP --
[SNIPER] Disabling performance models
[SNIPER] Leaving ROI after 2510.35 seconds
[SNIPER] Simulated 918.4M instructions, 197.2M cycles, 4.66 IPC
[SNIPER] Simulation speed 365.9 KIPS (91.5 KIPS / target core - 10933.3ns/instr)
[SNIPER] Setting instrumentation mode to FAST_FORWARD
Hawkeye Victims: 0
LRU Victims: 0
Hawkeye Victims: 0
LRU Victims: 0
Hawkeye Victims: 0
LRU Victims: 0
Hawkeye Victims: 0
LRU Victims: 0
Inserted: 0
Redundant.progress: 0
Redundant.cache: 0
Redundant.buffer: 0
Hawkeye Victims: 0
LRU Victims: 0
Inserted: 0
Redundant.progress: 0
Redundant.cache: 0
Redundant.buffer: 0
Hawkeye Victims: 0
LRU Victims: 0
phase = 46
Inserted: 32aa48
Redundant.progress: 16d19
Redundant.cache: 8c2da
Redundant.buffer: 0
Hawkeye Victims: 0
LRU Victims: 0
Hawkeye Victims: 0
LRU Victims: 0
Hawkeye Victims: 0
LRU Victims: 0
Hawkeye Victims: 0
LRU Victims: 0
Inserted: 0
Redundant.progress: 0
Redundant.cache: 0
Redundant.buffer: 0
Hawkeye Victims: 0
LRU Victims: 0
Inserted: 0
Redundant.progress: 0
Redundant.cache: 0
Redundant.buffer: 0
phase = 2
Inserted: 10093
Redundant.progress: 47a
Redundant.cache: 9166
Redundant.buffer: 0
Hawkeye Victims: 0
LRU Victims: 0
Hawkeye Victims: 0
LRU Victims: 0
Hawkeye Victims: 0
LRU Victims: 0
Hawkeye Victims: 0
LRU Victims: 0
Inserted: 0
Redundant.progress: 0
Redundant.cache: 0
Redundant.buffer: 0
Hawkeye Victims: 0
LRU Victims: 0
Inserted: 0
Redundant.progress: 0
Redundant.cache: 0
Redundant.buffer: 0
phase = 2
Inserted: ffc4
Redundant.progress: 3a8
Redundant.cache: 8eea
Redundant.buffer: 0
Hawkeye Victims: 0
LRU Victims: 0
Hawkeye Victims: 0
LRU Victims: 0
Hawkeye Victims: 0
LRU Victims: 0
Hawkeye Victims: 0
LRU Victims: 0
Inserted: 0
Redundant.progress: 0
Redundant.cache: 0
Redundant.buffer: 0
Hawkeye Victims: 0
LRU Victims: 0
Inserted: 0
Redundant.progress: 0
Redundant.cache: 0
Redundant.buffer: 0
phase = 28
Inserted: 197e0c
Redundant.progress: 67
Redundant.cache: e1cf0
Redundant.buffer: 0
[SNIPER] End
[SNIPER] Elapsed time: 2551.53 seconds
