000 (15005593.000.000) 08/01 18:26:31 Job submitted from host: <128.83.130.153:51299?addrs=128.83.130.153-51299>
...
001 (15005593.000.000) 08/01 18:26:36 Job executing on host: <128.83.130.232:41359?addrs=128.83.130.232-41359>
...
006 (15005593.000.000) 08/01 18:26:36 Image size of job updated: 1
	0  -  MemoryUsage of job (MB)
	0  -  ResidentSetSize of job (KB)
...
005 (15005593.000.000) 08/01 18:26:36 Job terminated.
	(1) Normal termination (return value 126)
		Usr 0 00:00:00, Sys 0 00:00:00  -  Run Remote Usage
		Usr 0 00:00:00, Sys 0 00:00:00  -  Run Local Usage
		Usr 0 00:00:00, Sys 0 00:00:00  -  Total Remote Usage
		Usr 0 00:00:00, Sys 0 00:00:00  -  Total Local Usage
	0  -  Run Bytes Sent By Job
	0  -  Run Bytes Received By Job
	0  -  Total Bytes Sent By Job
	0  -  Total Bytes Received By Job
	Partitionable Resources :    Usage  Request Allocated
	   Cpus                 :                 1         1
	   Disk (KB)            :        1        1    749983
	   Gpus                 :                           0
	   Memory (MB)          :        0        1      4021
...
000 (15005668.000.000) 08/01 18:32:06 Job submitted from host: <128.83.130.153:51299?addrs=128.83.130.153-51299>
...
001 (15005668.000.000) 08/01 18:32:31 Job executing on host: <128.83.130.232:41359?addrs=128.83.130.232-41359>
...
006 (15005668.000.000) 08/01 18:32:39 Image size of job updated: 1411448
	43  -  MemoryUsage of job (MB)
	43144  -  ResidentSetSize of job (KB)
...
006 (15005668.000.000) 08/01 18:37:39 Image size of job updated: 6069504
	662  -  MemoryUsage of job (MB)
	677736  -  ResidentSetSize of job (KB)
...
006 (15005668.000.000) 08/01 18:42:40 Image size of job updated: 6201452
	859  -  MemoryUsage of job (MB)
	879344  -  ResidentSetSize of job (KB)
...
006 (15005668.000.000) 08/01 18:47:41 Image size of job updated: 6332612
	1004  -  MemoryUsage of job (MB)
	1027692  -  ResidentSetSize of job (KB)
...
006 (15005668.000.000) 08/01 18:52:41 Image size of job updated: 6400484
	1212  -  MemoryUsage of job (MB)
	1241004  -  ResidentSetSize of job (KB)
...
006 (15005668.000.000) 08/01 18:57:41 Image size of job updated: 6466020
	1367  -  MemoryUsage of job (MB)
	1399784  -  ResidentSetSize of job (KB)
...
006 (15005668.000.000) 08/01 19:02:42 Image size of job updated: 6662628
	1575  -  MemoryUsage of job (MB)
	1612108  -  ResidentSetSize of job (KB)
...
006 (15005668.000.000) 08/01 19:07:42 Image size of job updated: 6793780
	1792  -  MemoryUsage of job (MB)
	1834612  -  ResidentSetSize of job (KB)
...
006 (15005668.000.000) 08/01 19:12:42 Image size of job updated: 6991552
	2029  -  MemoryUsage of job (MB)
	2076960  -  ResidentSetSize of job (KB)
...
006 (15005668.000.000) 08/01 19:15:03 Image size of job updated: 7057104
	2029  -  MemoryUsage of job (MB)
	2076960  -  ResidentSetSize of job (KB)
...
005 (15005668.000.000) 08/01 19:15:03 Job terminated.
	(1) Normal termination (return value 0)
		Usr 0 00:55:03, Sys 0 00:01:48  -  Run Remote Usage
		Usr 0 00:00:00, Sys 0 00:00:00  -  Run Local Usage
		Usr 0 00:55:03, Sys 0 00:01:48  -  Total Remote Usage
		Usr 0 00:00:00, Sys 0 00:00:00  -  Total Local Usage
	0  -  Run Bytes Sent By Job
	0  -  Run Bytes Received By Job
	0  -  Total Bytes Sent By Job
	0  -  Total Bytes Received By Job
	Partitionable Resources :    Usage  Request Allocated
	   Cpus                 :                 1         1
	   Disk (KB)            :        1        1    749983
	   Gpus                 :                           0
	   Memory (MB)          :     2029        1      4021
...
