000 (15005698.000.000) 08/01 19:38:46 Job submitted from host: <128.83.130.153:51299?addrs=128.83.130.153-51299>
...
001 (15005698.000.000) 08/01 19:39:10 Job executing on host: <128.83.120.75:36144?addrs=128.83.120.75-36144>
...
006 (15005698.000.000) 08/01 19:39:18 Image size of job updated: 3636360
	183  -  MemoryUsage of job (MB)
	186696  -  ResidentSetSize of job (KB)
...
006 (15005698.000.000) 08/01 19:44:18 Image size of job updated: 4290656
	557  -  MemoryUsage of job (MB)
	569836  -  ResidentSetSize of job (KB)
...
006 (15005698.000.000) 08/01 19:49:19 Image size of job updated: 4293464
	607  -  MemoryUsage of job (MB)
	620744  -  ResidentSetSize of job (KB)
...
006 (15005698.000.000) 08/01 19:54:20 Image size of job updated: 4293464
	629  -  MemoryUsage of job (MB)
	643808  -  ResidentSetSize of job (KB)
...
006 (15005698.000.000) 08/01 19:59:20 Image size of job updated: 4293864
	651  -  MemoryUsage of job (MB)
	665768  -  ResidentSetSize of job (KB)
...
006 (15005698.000.000) 08/01 20:04:21 Image size of job updated: 4293988
	666  -  MemoryUsage of job (MB)
	681320  -  ResidentSetSize of job (KB)
...
006 (15005698.000.000) 08/01 20:09:22 Image size of job updated: 4360812
	688  -  MemoryUsage of job (MB)
	703752  -  ResidentSetSize of job (KB)
...
006 (15005698.000.000) 08/01 20:14:22 Image size of job updated: 4360812
	706  -  MemoryUsage of job (MB)
	722204  -  ResidentSetSize of job (KB)
...
005 (15005698.000.000) 08/01 20:18:42 Job terminated.
	(1) Normal termination (return value 0)
		Usr 0 00:49:50, Sys 0 00:01:05  -  Run Remote Usage
		Usr 0 00:00:00, Sys 0 00:00:00  -  Run Local Usage
		Usr 0 00:49:50, Sys 0 00:01:05  -  Total Remote Usage
		Usr 0 00:00:00, Sys 0 00:00:00  -  Total Local Usage
	0  -  Run Bytes Sent By Job
	0  -  Run Bytes Received By Job
	0  -  Total Bytes Sent By Job
	0  -  Total Bytes Received By Job
	Partitionable Resources :    Usage  Request Allocated
	   Cpus                 :                 1         1
	   Disk (KB)            :        1        1   8862903
	   Gpus                 :                           0
	   Memory (MB)          :      706        1      4028
...
