000 (516141.000.000) 05/05 17:13:24 Job submitted from host: <128.83.144.149:44250?addrs=128.83.144.149-44250>
...
009 (516141.000.000) 05/05 17:14:27 Job was aborted by the user.
	via condor_rm (by user ypei)
...
000 (516348.000.000) 05/05 17:15:09 Job submitted from host: <128.83.144.149:44250?addrs=128.83.144.149-44250>
...
009 (516348.000.000) 05/05 17:18:07 Job was aborted by the user.
	via condor_rm (by user ypei)
...
000 (516555.000.000) 05/05 17:18:39 Job submitted from host: <128.83.144.149:44250?addrs=128.83.144.149-44250>
...
009 (516555.000.000) 05/05 17:21:28 Job was aborted by the user.
	via condor_rm (by user ypei)
...
000 (517176.000.000) 05/05 17:22:03 Job submitted from host: <128.83.144.149:44250?addrs=128.83.144.149-44250>
...
001 (517176.000.000) 05/05 17:41:09 Job executing on host: <128.83.120.229:58979?addrs=128.83.120.229-58979>
...
006 (517176.000.000) 05/05 17:41:18 Image size of job updated: 829640
	57  -  MemoryUsage of job (MB)
	57804  -  ResidentSetSize of job (KB)
...
006 (517176.000.000) 05/05 17:46:19 Image size of job updated: 1012072
	193  -  MemoryUsage of job (MB)
	196988  -  ResidentSetSize of job (KB)
...
006 (517176.000.000) 05/05 17:51:19 Image size of job updated: 1012076
	201  -  MemoryUsage of job (MB)
	205032  -  ResidentSetSize of job (KB)
...
006 (517176.000.000) 05/05 17:56:20 Image size of job updated: 1012088
	207  -  MemoryUsage of job (MB)
	211928  -  ResidentSetSize of job (KB)
...
006 (517176.000.000) 05/05 18:01:21 Image size of job updated: 1077676
	214  -  MemoryUsage of job (MB)
	219036  -  ResidentSetSize of job (KB)
...
005 (517176.000.000) 05/05 18:01:29 Job terminated.
	(1) Normal termination (return value 0)
		Usr 0 00:19:56, Sys 0 00:00:18  -  Run Remote Usage
		Usr 0 00:00:00, Sys 0 00:00:00  -  Run Local Usage
		Usr 0 00:19:56, Sys 0 00:00:18  -  Total Remote Usage
		Usr 0 00:00:00, Sys 0 00:00:00  -  Total Local Usage
	0  -  Run Bytes Sent By Job
	0  -  Run Bytes Received By Job
	0  -  Total Bytes Sent By Job
	0  -  Total Bytes Received By Job
	Partitionable Resources :    Usage  Request Allocated
	   Cpus                 :                 1         1
	   Disk (KB)            :        2        2    828961
	   Gpus                 :                           0
	   Memory (MB)          :      214        1     12899
...
000 (518211.000.000) 05/06 21:33:20 Job submitted from host: <128.83.144.149:44250?addrs=128.83.144.149-44250>
...
009 (518211.000.000) 05/06 21:33:42 Job was aborted by the user.
	via condor_rm (by user ypei)
...
000 (518418.000.000) 05/06 21:34:28 Job submitted from host: <128.83.144.149:44250?addrs=128.83.144.149-44250>
...
001 (518418.000.000) 05/06 21:58:25 Job executing on host: <128.83.139.14:44306?addrs=128.83.139.14-44306>
...
006 (518418.000.000) 05/06 21:58:33 Image size of job updated: 341136
	22  -  MemoryUsage of job (MB)
	22120  -  ResidentSetSize of job (KB)
...
006 (518418.000.000) 05/06 22:03:33 Image size of job updated: 1011844
	193  -  MemoryUsage of job (MB)
	196696  -  ResidentSetSize of job (KB)
...
006 (518418.000.000) 05/06 22:08:33 Image size of job updated: 1011848
	199  -  MemoryUsage of job (MB)
	203656  -  ResidentSetSize of job (KB)
...
006 (518418.000.000) 05/06 22:13:35 Image size of job updated: 1011860
	205  -  MemoryUsage of job (MB)
	209404  -  ResidentSetSize of job (KB)
...
006 (518418.000.000) 05/06 22:18:35 Image size of job updated: 1077396
	211  -  MemoryUsage of job (MB)
	215832  -  ResidentSetSize of job (KB)
...
006 (518418.000.000) 05/06 22:20:40 Image size of job updated: 1077444
	211  -  MemoryUsage of job (MB)
	215832  -  ResidentSetSize of job (KB)
...
005 (518418.000.000) 05/06 22:20:40 Job terminated.
	(1) Normal termination (return value 0)
		Usr 0 00:21:45, Sys 0 00:00:26  -  Run Remote Usage
		Usr 0 00:00:00, Sys 0 00:00:00  -  Run Local Usage
		Usr 0 00:21:45, Sys 0 00:00:26  -  Total Remote Usage
		Usr 0 00:00:00, Sys 0 00:00:00  -  Total Local Usage
	0  -  Run Bytes Sent By Job
	0  -  Run Bytes Received By Job
	0  -  Total Bytes Sent By Job
	0  -  Total Bytes Received By Job
	Partitionable Resources :    Usage  Request Allocated
	   Cpus                 :                 1         1
	   Disk (KB)            :        2        2   1675522
	   Gpus                 :                           0
	   Memory (MB)          :      211        1     12899
...
000 (381986.000.000) 05/07 00:29:14 Job submitted from host: <128.83.144.155:57685?addrs=128.83.144.155-57685>
...
001 (381986.000.000) 05/07 00:50:22 Job executing on host: <128.83.139.15:46714?addrs=128.83.139.15-46714>
...
006 (381986.000.000) 05/07 00:50:30 Image size of job updated: 306116
	19  -  MemoryUsage of job (MB)
	18608  -  ResidentSetSize of job (KB)
...
006 (381986.000.000) 05/07 00:55:30 Image size of job updated: 1011844
	192  -  MemoryUsage of job (MB)
	196484  -  ResidentSetSize of job (KB)
...
006 (381986.000.000) 05/07 01:00:30 Image size of job updated: 1012104
	200  -  MemoryUsage of job (MB)
	204272  -  ResidentSetSize of job (KB)
...
006 (381986.000.000) 05/07 01:05:31 Image size of job updated: 1012116
	205  -  MemoryUsage of job (MB)
	209744  -  ResidentSetSize of job (KB)
...
006 (381986.000.000) 05/07 01:10:31 Image size of job updated: 1012116
	210  -  MemoryUsage of job (MB)
	214596  -  ResidentSetSize of job (KB)
...
006 (381986.000.000) 05/07 01:15:31 Image size of job updated: 1012168
	214  -  MemoryUsage of job (MB)
	218704  -  ResidentSetSize of job (KB)
...
005 (381986.000.000) 05/07 01:16:34 Job terminated.
	(1) Normal termination (return value 0)
		Usr 0 00:25:39, Sys 0 00:00:31  -  Run Remote Usage
		Usr 0 00:00:00, Sys 0 00:00:00  -  Run Local Usage
		Usr 0 00:25:39, Sys 0 00:00:31  -  Total Remote Usage
		Usr 0 00:00:00, Sys 0 00:00:00  -  Total Local Usage
	0  -  Run Bytes Sent By Job
	0  -  Run Bytes Received By Job
	0  -  Total Bytes Sent By Job
	0  -  Total Bytes Received By Job
	Partitionable Resources :    Usage  Request Allocated
	   Cpus                 :                 1         1
	   Disk (KB)            :        2        2   1672476
	   Gpus                 :                           0
	   Memory (MB)          :      214        1     12899
...
