[SNIPER] Start
Sampler: 4, 32, 0
itlb_cache: 32, 1
itlb_cache_L1: 32, 1
Sampler: 4, 128, 0
dtlb_cache: 128, 4
dtlb_cache_L1: 128, 4
L1-I 2
Sampler: 4, 4, 128
L1-I: 2048, 64
L1-I_L1: 2048, 64
L1-D 3
Sampler: 4, 8, 32
L1-D: 1024, 32
L1-D_L1: 1024, 32
L2 4
Sampler: 122, 16, 16
L2: 32768, 1024
L2_L1: 32768, 1024
Executing Python script /v/filer4b/v20q001/ypei/Desktop/cs395t-lin/output/run_all_hybrid_headroom2/xalancbmk/12/sim.scripts.py
[STOPBYICOUNT] Starting in ROI (detail)
[STOPBYICOUNT] Then stopping after simulating at least 250000000 instructions in detail
[SNIPER] --------------------------------------------------------------------------------
[SNIPER] Sniper using SIFT/trace-driven frontend
[SNIPER] Running full application in DETAILED mode
[SNIPER] --------------------------------------------------------------------------------
[SNIPER] Enabling performance models
[SNIPER] Setting instrumentation mode to DETAILED
[STOPBYICOUNT] Ending ROI after 250000002 instructions (250000000 requested)
[SNIPER] Disabling performance models
[SNIPER] Leaving ROI after 1565.90 seconds
[SNIPER] Simulated 250.0M instructions, 328.5M cycles, 0.76 IPC
[SNIPER] Simulation speed 159.7 KIPS (159.7 KIPS / target core - 6263.7ns/instr)
[SNIPER] Setting instrumentation mode to FAST_FORWARD
[app0] [SIFT_RECORDER] sift_writer.cc:550: Sift::Mode Sift::Writer::Sync(): Assertion `!response->fail()' failed.
Hawkeye Victims: 0
LRU Victims: 0
Hawkeye Victims: 0
LRU Victims: 0
Hawkeye Victims: 0
LRU Victims: 0
a test for execution

Inserted: 0
Redundant.progress: 0
Redundant.cache: 0
Redundant.buffer: 0
Hawkeye Victims: 0
LRU Victims: 0
a test for execution

Inserted: 0
Redundant.progress: 0
Redundant.cache: 0
Redundant.buffer: 0
Hawkeye Victims: 0
LRU Victims: 0
 =========================================================== 
Triggers: 6110057
Repeats: 0

Same addr: 5402155 88.4142
New addr: 1035 0.0169393

Distribution of new addresses: 
Stream Head: 555 53.6232
Stream Divergence: 442393 42743.3

Invalidation count: 473184 45718.3
No Conflict count: 31559 3049.18
Same Stream count: 0 0
New Stream count: 0 0

Not found: 664814
On Chip Mispredictions: 0
 =========================================================== 
Distribution of predictions: 
Predict Init: 5917392 96.8468
Total Predictions: 5849007
Predict OCI Miss: 44227 0.747407
Predict Stream End: 68385 1.15566
Buffer Success: 0 0
[app0] Pin app terminated abnormally due to signal 6.
Stride Distribution: 0, 56487, 246836, 289018, 305256, 174800, 101200, 156400, 119600, 161966, 179216, 432308, 689878, 962642, 874230, 510232, 356730, 0, 155020, 0, 207552, 0, 0, 0, 57546, 0, 0, 0, 0, 0, 39376, 0, 12374, 0, 0, 0, 7590, 0, 0, 0, 9200, 0, 0, 0, 0, 0, 0, 0, 0, 0, 0, 0, 0, 0, 0, 0, 0, 0, 0, 0, 0, 0, 0, 0, 0, 0, 33, 0, 0, 0, 0, 0, 40567968, 0, 49, 0, 15, 0, 15, 0, 0, 6644585, 1868787317, 1915577714, 1702195557, 7566451, 113, 0, 5073232, 0, 37241328, 0, 0, 0, 5073232, 0, 37799744, 0, 0, 0, 5073232, 0, 38072096, 0, 0, 0, 5165152, 0, 202321264, 11076, 0, 11076, 40566272, 0, 49, 0, 6, 0, 6, 0, 0, 0, 1919906931, 29541, 48, 0, 49, 0, 
a test for execution

Inserted: 7026210
Redundant.progress: 108907
Redundant.cache: 1210939
Redundant.buffer: 0
[SNIPER] End
[SNIPER] Elapsed time: 1571.32 seconds
