000 (516110.000.000) 05/05 17:13:21 Job submitted from host: <128.83.144.149:44250?addrs=128.83.144.149-44250>
...
009 (516110.000.000) 05/05 17:14:26 Job was aborted by the user.
	via condor_rm (by user ypei)
...
000 (516317.000.000) 05/05 17:15:06 Job submitted from host: <128.83.144.149:44250?addrs=128.83.144.149-44250>
...
009 (516317.000.000) 05/05 17:18:07 Job was aborted by the user.
	via condor_rm (by user ypei)
...
000 (516524.000.000) 05/05 17:18:36 Job submitted from host: <128.83.144.149:44250?addrs=128.83.144.149-44250>
...
009 (516524.000.000) 05/05 17:21:26 Job was aborted by the user.
	via condor_rm (by user ypei)
...
000 (517145.000.000) 05/05 17:22:00 Job submitted from host: <128.83.144.149:44250?addrs=128.83.144.149-44250>
...
001 (517145.000.000) 05/05 17:38:29 Job executing on host: <128.83.139.15:46714?addrs=128.83.139.15-46714>
...
006 (517145.000.000) 05/05 17:38:37 Image size of job updated: 1
	2  -  MemoryUsage of job (MB)
	1680  -  ResidentSetSize of job (KB)
...
006 (517145.000.000) 05/05 17:43:37 Image size of job updated: 938520
	125  -  MemoryUsage of job (MB)
	127300  -  ResidentSetSize of job (KB)
...
006 (517145.000.000) 05/05 17:48:38 Image size of job updated: 938572
	131  -  MemoryUsage of job (MB)
	134008  -  ResidentSetSize of job (KB)
...
006 (517145.000.000) 05/05 17:53:39 Image size of job updated: 940424
	139  -  MemoryUsage of job (MB)
	142152  -  ResidentSetSize of job (KB)
...
005 (517145.000.000) 05/05 17:54:36 Job terminated.
	(1) Normal termination (return value 0)
		Usr 0 00:15:29, Sys 0 00:00:14  -  Run Remote Usage
		Usr 0 00:00:00, Sys 0 00:00:00  -  Run Local Usage
		Usr 0 00:15:29, Sys 0 00:00:14  -  Total Remote Usage
		Usr 0 00:00:00, Sys 0 00:00:00  -  Total Local Usage
	0  -  Run Bytes Sent By Job
	0  -  Run Bytes Received By Job
	0  -  Total Bytes Sent By Job
	0  -  Total Bytes Received By Job
	Partitionable Resources :    Usage  Request Allocated
	   Cpus                 :                 1         1
	   Disk (KB)            :        1        1   1684661
	   Gpus                 :                           0
	   Memory (MB)          :      139        1     12899
...
000 (518180.000.000) 05/06 21:33:18 Job submitted from host: <128.83.144.149:44250?addrs=128.83.144.149-44250>
...
009 (518180.000.000) 05/06 21:33:42 Job was aborted by the user.
	via condor_rm (by user ypei)
...
000 (518387.000.000) 05/06 21:34:26 Job submitted from host: <128.83.144.149:44250?addrs=128.83.144.149-44250>
...
001 (518387.000.000) 05/06 21:54:37 Job executing on host: <128.83.120.230:37764?addrs=128.83.120.230-37764>
...
006 (518387.000.000) 05/06 21:54:45 Image size of job updated: 935816
	82  -  MemoryUsage of job (MB)
	83660  -  ResidentSetSize of job (KB)
...
006 (518387.000.000) 05/06 21:59:45 Image size of job updated: 938552
	125  -  MemoryUsage of job (MB)
	127352  -  ResidentSetSize of job (KB)
...
006 (518387.000.000) 05/06 22:04:46 Image size of job updated: 938552
	130  -  MemoryUsage of job (MB)
	133040  -  ResidentSetSize of job (KB)
...
006 (518387.000.000) 05/06 22:09:47 Image size of job updated: 940464
	140  -  MemoryUsage of job (MB)
	142380  -  ResidentSetSize of job (KB)
...
005 (518387.000.000) 05/06 22:12:38 Job terminated.
	(1) Normal termination (return value 0)
		Usr 0 00:17:32, Sys 0 00:00:21  -  Run Remote Usage
		Usr 0 00:00:00, Sys 0 00:00:00  -  Run Local Usage
		Usr 0 00:17:32, Sys 0 00:00:21  -  Total Remote Usage
		Usr 0 00:00:00, Sys 0 00:00:00  -  Total Local Usage
	0  -  Run Bytes Sent By Job
	0  -  Run Bytes Received By Job
	0  -  Total Bytes Sent By Job
	0  -  Total Bytes Received By Job
	Partitionable Resources :    Usage  Request Allocated
	   Cpus                 :                 1         1
	   Disk (KB)            :        1        1    792422
	   Gpus                 :                           0
	   Memory (MB)          :      140        1     12899
...
000 (381955.000.000) 05/07 00:29:11 Job submitted from host: <128.83.144.155:57685?addrs=128.83.144.155-57685>
...
001 (381955.000.000) 05/07 00:48:30 Job executing on host: <128.83.120.128:51378?addrs=128.83.120.128-51378>
...
006 (381955.000.000) 05/07 00:48:38 Image size of job updated: 766940
	56  -  MemoryUsage of job (MB)
	56928  -  ResidentSetSize of job (KB)
...
006 (381955.000.000) 05/07 00:53:38 Image size of job updated: 938560
	121  -  MemoryUsage of job (MB)
	123876  -  ResidentSetSize of job (KB)
...
006 (381955.000.000) 05/07 00:58:38 Image size of job updated: 938560
	125  -  MemoryUsage of job (MB)
	127940  -  ResidentSetSize of job (KB)
...
006 (381955.000.000) 05/07 01:03:39 Image size of job updated: 940456
	135  -  MemoryUsage of job (MB)
	137972  -  ResidentSetSize of job (KB)
...
006 (381955.000.000) 05/07 01:08:39 Image size of job updated: 940464
	136  -  MemoryUsage of job (MB)
	138952  -  ResidentSetSize of job (KB)
...
005 (381955.000.000) 05/07 01:09:55 Job terminated.
	(1) Normal termination (return value 0)
		Usr 0 00:20:49, Sys 0 00:00:23  -  Run Remote Usage
		Usr 0 00:00:00, Sys 0 00:00:00  -  Run Local Usage
		Usr 0 00:20:49, Sys 0 00:00:23  -  Total Remote Usage
		Usr 0 00:00:00, Sys 0 00:00:00  -  Total Local Usage
	0  -  Run Bytes Sent By Job
	0  -  Run Bytes Received By Job
	0  -  Total Bytes Sent By Job
	0  -  Total Bytes Received By Job
	Partitionable Resources :    Usage  Request Allocated
	   Cpus                 :                 1         1
	   Disk (KB)            :        1        1    803079
	   Gpus                 :                           0
	   Memory (MB)          :      136        1     12899
...
