000 (15005775.000.000) 08/01 20:50:06 Job submitted from host: <128.83.130.153:51299?addrs=128.83.130.153-51299>
...
001 (15005775.000.000) 08/01 20:50:14 Job executing on host: <128.83.120.75:36144?addrs=128.83.120.75-36144>
...
006 (15005775.000.000) 08/01 20:50:23 Image size of job updated: 3246988
	131  -  MemoryUsage of job (MB)
	133748  -  ResidentSetSize of job (KB)
...
006 (15005775.000.000) 08/01 20:55:24 Image size of job updated: 5684288
	520  -  MemoryUsage of job (MB)
	532376  -  ResidentSetSize of job (KB)
...
006 (15005775.000.000) 08/01 21:00:25 Image size of job updated: 5750128
	634  -  MemoryUsage of job (MB)
	648764  -  ResidentSetSize of job (KB)
...
006 (15005775.000.000) 08/01 21:05:25 Image size of job updated: 5750340
	677  -  MemoryUsage of job (MB)
	693024  -  ResidentSetSize of job (KB)
...
006 (15005775.000.000) 08/01 21:10:26 Image size of job updated: 5817948
	739  -  MemoryUsage of job (MB)
	756680  -  ResidentSetSize of job (KB)
...
006 (15005775.000.000) 08/01 21:15:27 Image size of job updated: 5818132
	809  -  MemoryUsage of job (MB)
	828220  -  ResidentSetSize of job (KB)
...
006 (15005775.000.000) 08/01 21:20:27 Image size of job updated: 5883740
	853  -  MemoryUsage of job (MB)
	872596  -  ResidentSetSize of job (KB)
...
006 (15005775.000.000) 08/01 21:25:27 Image size of job updated: 5883740
	884  -  MemoryUsage of job (MB)
	904444  -  ResidentSetSize of job (KB)
...
006 (15005775.000.000) 08/01 21:30:28 Image size of job updated: 5949276
	940  -  MemoryUsage of job (MB)
	961904  -  ResidentSetSize of job (KB)
...
006 (15005775.000.000) 08/01 21:35:28 Image size of job updated: 5949292
	990  -  MemoryUsage of job (MB)
	1012824  -  ResidentSetSize of job (KB)
...
006 (15005775.000.000) 08/01 21:40:28 Image size of job updated: 6014828
	1050  -  MemoryUsage of job (MB)
	1074536  -  ResidentSetSize of job (KB)
...
006 (15005775.000.000) 08/01 21:45:29 Image size of job updated: 6015296
	1085  -  MemoryUsage of job (MB)
	1110240  -  ResidentSetSize of job (KB)
...
006 (15005775.000.000) 08/01 21:48:16 Image size of job updated: 6015752
	1085  -  MemoryUsage of job (MB)
	1110240  -  ResidentSetSize of job (KB)
...
005 (15005775.000.000) 08/01 21:48:16 Job terminated.
	(1) Normal termination (return value 0)
		Usr 0 01:00:23, Sys 0 00:00:59  -  Run Remote Usage
		Usr 0 00:00:00, Sys 0 00:00:00  -  Run Local Usage
		Usr 0 01:00:23, Sys 0 00:00:59  -  Total Remote Usage
		Usr 0 00:00:00, Sys 0 00:00:00  -  Total Local Usage
	0  -  Run Bytes Sent By Job
	0  -  Run Bytes Received By Job
	0  -  Total Bytes Sent By Job
	0  -  Total Bytes Received By Job
	Partitionable Resources :    Usage  Request Allocated
	   Cpus                 :                 1         1
	   Disk (KB)            :        1        1   8862903
	   Gpus                 :                           0
	   Memory (MB)          :     1085        1      4028
...
