[SNIPER] Start
Sampler: 4, 32, 0
itlb_cache: 32, 1
itlb_cache_L1: 32, 1
Sampler: 4, 128, 0
dtlb_cache: 128, 4
dtlb_cache_L1: 128, 4
L1-I 2
Sampler: 4, 4, 128
L1-I: 2048, 64
L1-I_L1: 2048, 64
L1-D 3
Sampler: 4, 8, 32
L1-D: 1024, 32
L1-D_L1: 1024, 32
L2 4
Sampler: 122, 16, 16
L2: 32768, 1024
L2_L1: 32768, 1024
Executing Python script /v/filer4b/v20q001/ypei/Desktop/cs395t-lin/output/low_bandwidth/run_all_hybrid_headroom9/bzip2/6/sim.scripts.py
[STOPBYICOUNT] Starting in ROI (detail)
[STOPBYICOUNT] Then stopping after simulating at least 250000000 instructions in detail
[SNIPER] --------------------------------------------------------------------------------
[SNIPER] Sniper using SIFT/trace-driven frontend
[SNIPER] Running full application in DETAILED mode
[SNIPER] --------------------------------------------------------------------------------
[SNIPER] Enabling performance models
[SNIPER] Setting instrumentation mode to DETAILED
[STOPBYICOUNT] Ending ROI after 250000002 instructions (250000000 requested)
[SNIPER] Disabling performance models
[SNIPER] Leaving ROI after 1028.28 seconds
[SNIPER] Simulated 250.0M instructions, 160.9M cycles, 1.55 IPC
[SNIPER] Simulation speed 243.1 KIPS (243.1 KIPS / target core - 4113.2ns/instr)
[SNIPER] Setting instrumentation mode to FAST_FORWARD
[app0] [SIFT_RECORDER] sift_writer.cc:550: Sift::Mode Sift::Writer::Sync(): Assertion `!response->fail()' failed.
Hawkeye Victims: 0
LRU Victims: 0
Hawkeye Victims: 0
LRU Victims: 0
Hawkeye Victims: 0
LRU Victims: 0
a test for execution

Inserted: 0
Redundant.progress: 0
Redundant.cache: 0
Redundant.buffer: 0
Hawkeye Victims: 0
LRU Victims: 0
a test for execution

Inserted: 0
Redundant.progress: 0
Redundant.cache: 0
Redundant.buffer: 0
Hawkeye Victims: 0
LRU Victims: 0
 =========================================================== 
Triggers: 3204208
Repeats: 0

Same addr: 1742104 54.3693
New addr: 320 0.00998687

Distribution of new addresses: 
Stream Head: 210 65.625
Stream Divergence: 1369855 428080

Invalidation count: 1392085 435027
No Conflict count: 22449 7015.31
Same Stream count: 0 0
New Stream count: 0 0

Not found: 1458550
On Chip Mispredictions: 0
 =========================================================== 
Distribution of predictions: 
Predict Init: 3137423 97.9157
Total Predictions: 3122000
Predict OCI Miss: 3548 0.113086
Predict Stream End: 15423 0.491582
Buffer Success: 0 0
[app0] Pin app terminated abnormally due to signal 6.
Stride Distribution: 0, 145359, 63158, 35696, 120336, 62146, 15870, 65872, 53682, 812130, 213394, 301149, 132250, 93610, 68632, 67390, 101200, 0, 96830, 0, 35834, 0, 0, 0, 24702, 0, 0, 0, 0, 0, 30590, 0, 33120, 0, 0, 0, 24104, 0, 0, 0, 58006, 0, 0, 0, 0, 0, 0, 0, 0, 0, 0, 0, 0, 0, 0, 0, 0, 0, 0, 0, 0, 0, 0, 0, 0, 0, 33, 0, 0, 0, 0, 0, 41346352, 0, 49, 0, 15, 0, 15, 0, 0, 6644585, 1868787317, 1915577714, 1702195557, 7566451, 113, 0, 5073232, 0, 38019744, 0, 0, 0, 5073232, 0, 38578160, 0, 0, 0, 5073232, 0, 38850480, 0, 0, 0, 5165152, 0, 439897456, 10924, 0, 10924, 41344656, 0, 49, 0, 6, 0, 6, 0, 0, 0, 1919906931, 29541, 48, 0, 49, 0, 
a test for execution

Inserted: 6078181
Redundant.progress: 3466
Redundant.cache: 5964115
Redundant.buffer: 0
[SNIPER] End
[SNIPER] Elapsed time: 1030.62 seconds
