000 (516000.000.000) 05/05 17:13:11 Job submitted from host: <128.83.144.149:44250?addrs=128.83.144.149-44250>
...
001 (516000.000.000) 05/05 17:13:31 Job executing on host: <128.83.120.250:59851?addrs=128.83.120.250-59851>
...
006 (516000.000.000) 05/05 17:13:40 Image size of job updated: 776584
	56  -  MemoryUsage of job (MB)
	56496  -  ResidentSetSize of job (KB)
...
006 (516000.000.000) 05/05 17:14:25 Image size of job updated: 777256
	56  -  MemoryUsage of job (MB)
	56496  -  ResidentSetSize of job (KB)
...
004 (516000.000.000) 05/05 17:14:25 Job was evicted.
	(0) Job was not checkpointed.
		Usr 0 00:00:00, Sys 0 00:00:00  -  Run Remote Usage
		Usr 0 00:00:00, Sys 0 00:00:00  -  Run Local Usage
	0  -  Run Bytes Sent By Job
	0  -  Run Bytes Received By Job
	Partitionable Resources :    Usage  Request Allocated
	   Cpus                 :                 1         1
	   Disk (KB)            :        2        2    815266
	   Gpus                 :                           0
	   Memory (MB)          :       56        1     12899
...
009 (516000.000.000) 05/05 17:14:26 Job was aborted by the user.
	via condor_rm (by user ypei)
...
000 (516225.000.000) 05/05 17:14:53 Job submitted from host: <128.83.144.149:44250?addrs=128.83.144.149-44250>
...
001 (516225.000.000) 05/05 17:15:01 Job executing on host: <128.83.139.15:46714?addrs=128.83.139.15-46714>
...
006 (516225.000.000) 05/05 17:15:10 Image size of job updated: 776744
	56  -  MemoryUsage of job (MB)
	56744  -  ResidentSetSize of job (KB)
...
010 (516225.000.000) 05/05 17:17:29 Job was suspended.
	Number of processes actually suspended: 8
...
006 (516225.000.000) 05/05 17:17:29 Image size of job updated: 946452
	126  -  MemoryUsage of job (MB)
	128564  -  ResidentSetSize of job (KB)
...
011 (516225.000.000) 05/05 17:17:50 Job was unsuspended.
...
004 (516225.000.000) 05/05 17:18:10 Job was evicted.
	(0) Job was not checkpointed.
		Usr 0 00:00:48, Sys 0 00:00:01  -  Run Remote Usage
		Usr 0 00:00:00, Sys 0 00:00:00  -  Run Local Usage
	0  -  Run Bytes Sent By Job
	0  -  Run Bytes Received By Job
	Partitionable Resources :    Usage  Request Allocated
	   Cpus                 :                 1         1
	   Disk (KB)            :        2        2   1684662
	   Gpus                 :                           0
	   Memory (MB)          :      126        1     12899
...
009 (516225.000.000) 05/05 17:18:11 Job was aborted by the user.
	via condor_rm (by user ypei)
...
000 (516432.000.000) 05/05 17:18:24 Job submitted from host: <128.83.144.149:44250?addrs=128.83.144.149-44250>
...
001 (516432.000.000) 05/05 17:18:31 Job executing on host: <128.83.144.13:57145?addrs=128.83.144.13-57145>
...
006 (516432.000.000) 05/05 17:18:40 Image size of job updated: 776740
	56  -  MemoryUsage of job (MB)
	56760  -  ResidentSetSize of job (KB)
...
006 (516432.000.000) 05/05 17:21:25 Image size of job updated: 1078208
	56  -  MemoryUsage of job (MB)
	56760  -  ResidentSetSize of job (KB)
...
004 (516432.000.000) 05/05 17:21:25 Job was evicted.
	(0) Job was not checkpointed.
		Usr 0 00:01:19, Sys 0 00:00:01  -  Run Remote Usage
		Usr 0 00:00:00, Sys 0 00:00:00  -  Run Local Usage
	0  -  Run Bytes Sent By Job
	0  -  Run Bytes Received By Job
	Partitionable Resources :    Usage  Request Allocated
	   Cpus                 :                 1         1
	   Disk (KB)            :        2        2    824403
	   Gpus                 :                           0
	   Memory (MB)          :       56        1     12899
...
009 (516432.000.000) 05/05 17:21:25 Job was aborted by the user.
	via condor_rm (by user ypei)
...
000 (517053.000.000) 05/05 17:21:48 Job submitted from host: <128.83.144.149:44250?addrs=128.83.144.149-44250>
...
001 (517053.000.000) 05/05 17:21:54 Job executing on host: <128.83.120.229:58979?addrs=128.83.120.229-58979>
...
006 (517053.000.000) 05/05 17:22:03 Image size of job updated: 777256
	52  -  MemoryUsage of job (MB)
	53180  -  ResidentSetSize of job (KB)
...
010 (517053.000.000) 05/05 17:23:56 Job was suspended.
	Number of processes actually suspended: 8
...
006 (517053.000.000) 05/05 17:23:56 Image size of job updated: 946452
	119  -  MemoryUsage of job (MB)
	121752  -  ResidentSetSize of job (KB)
...
011 (517053.000.000) 05/05 17:24:11 Job was unsuspended.
...
006 (517053.000.000) 05/05 17:24:11 Image size of job updated: 946452
	119  -  MemoryUsage of job (MB)
	121848  -  ResidentSetSize of job (KB)
...
006 (517053.000.000) 05/05 17:27:04 Image size of job updated: 1078212
	236  -  MemoryUsage of job (MB)
	241616  -  ResidentSetSize of job (KB)
...
006 (517053.000.000) 05/05 17:32:04 Image size of job updated: 1078704
	237  -  MemoryUsage of job (MB)
	242012  -  ResidentSetSize of job (KB)
...
006 (517053.000.000) 05/05 17:37:05 Image size of job updated: 1078704
	237  -  MemoryUsage of job (MB)
	242256  -  ResidentSetSize of job (KB)
...
005 (517053.000.000) 05/05 17:42:05 Job terminated.
	(1) Normal termination (return value 0)
		Usr 0 00:18:23, Sys 0 00:00:14  -  Run Remote Usage
		Usr 0 00:00:00, Sys 0 00:00:00  -  Run Local Usage
		Usr 0 00:18:23, Sys 0 00:00:14  -  Total Remote Usage
		Usr 0 00:00:00, Sys 0 00:00:00  -  Total Local Usage
	0  -  Run Bytes Sent By Job
	0  -  Run Bytes Received By Job
	0  -  Total Bytes Sent By Job
	0  -  Total Bytes Received By Job
	Partitionable Resources :    Usage  Request Allocated
	   Cpus                 :                 1         1
	   Disk (KB)            :        2        2    828960
	   Gpus                 :                           0
	   Memory (MB)          :      237        1     12899
...
000 (518088.000.000) 05/06 21:33:05 Job submitted from host: <128.83.144.149:44250?addrs=128.83.144.149-44250>
...
001 (518088.000.000) 05/06 21:33:15 Job executing on host: <128.83.139.9:47643?addrs=128.83.139.9-47643>
...
006 (518088.000.000) 05/06 21:33:23 Image size of job updated: 776872
	56  -  MemoryUsage of job (MB)
	56812  -  ResidentSetSize of job (KB)
...
006 (518088.000.000) 05/06 21:33:43 Image size of job updated: 778932
	56  -  MemoryUsage of job (MB)
	56812  -  ResidentSetSize of job (KB)
...
004 (518088.000.000) 05/06 21:33:43 Job was evicted.
	(0) Job was not checkpointed.
		Usr 0 00:00:00, Sys 0 00:00:00  -  Run Remote Usage
		Usr 0 00:00:00, Sys 0 00:00:00  -  Run Local Usage
	0  -  Run Bytes Sent By Job
	0  -  Run Bytes Received By Job
	Partitionable Resources :    Usage  Request Allocated
	   Cpus                 :                 1         1
	   Disk (KB)            :        2        2   1678568
	   Gpus                 :                           0
	   Memory (MB)          :       56        1     12899
...
009 (518088.000.000) 05/06 21:33:44 Job was aborted by the user.
	via condor_rm (by user ypei)
...
000 (518295.000.000) 05/06 21:34:13 Job submitted from host: <128.83.144.149:44250?addrs=128.83.144.149-44250>
...
001 (518295.000.000) 05/06 21:34:22 Job executing on host: <128.83.120.230:37764?addrs=128.83.120.230-37764>
...
006 (518295.000.000) 05/06 21:34:31 Image size of job updated: 776872
	54  -  MemoryUsage of job (MB)
	54712  -  ResidentSetSize of job (KB)
...
006 (518295.000.000) 05/06 21:39:32 Image size of job updated: 1078560
	234  -  MemoryUsage of job (MB)
	239364  -  ResidentSetSize of job (KB)
...
006 (518295.000.000) 05/06 21:44:33 Image size of job updated: 1078612
	235  -  MemoryUsage of job (MB)
	239636  -  ResidentSetSize of job (KB)
...
006 (518295.000.000) 05/06 21:49:33 Image size of job updated: 1078612
	235  -  MemoryUsage of job (MB)
	239656  -  ResidentSetSize of job (KB)
...
005 (518295.000.000) 05/06 21:54:43 Job terminated.
	(1) Normal termination (return value 0)
		Usr 0 00:18:40, Sys 0 00:00:25  -  Run Remote Usage
		Usr 0 00:00:00, Sys 0 00:00:00  -  Run Local Usage
		Usr 0 00:18:40, Sys 0 00:00:25  -  Total Remote Usage
		Usr 0 00:00:00, Sys 0 00:00:00  -  Total Local Usage
	0  -  Run Bytes Sent By Job
	0  -  Run Bytes Received By Job
	0  -  Total Bytes Sent By Job
	0  -  Total Bytes Received By Job
	Partitionable Resources :    Usage  Request Allocated
	   Cpus                 :                 1         1
	   Disk (KB)            :        2        2    792422
	   Gpus                 :                           0
	   Memory (MB)          :      235        1     12899
...
000 (381863.000.000) 05/07 00:29:04 Job submitted from host: <128.83.144.155:57685?addrs=128.83.144.155-57685>
...
001 (381863.000.000) 05/07 00:29:19 Job executing on host: <128.83.120.230:37764?addrs=128.83.120.230-37764>
...
006 (381863.000.000) 05/07 00:29:27 Image size of job updated: 776876
	52  -  MemoryUsage of job (MB)
	52664  -  ResidentSetSize of job (KB)
...
006 (381863.000.000) 05/07 00:34:27 Image size of job updated: 1078560
	236  -  MemoryUsage of job (MB)
	241520  -  ResidentSetSize of job (KB)
...
006 (381863.000.000) 05/07 00:39:28 Image size of job updated: 1078616
	237  -  MemoryUsage of job (MB)
	241808  -  ResidentSetSize of job (KB)
...
006 (381863.000.000) 05/07 00:49:13 Image size of job updated: 1078868
	237  -  MemoryUsage of job (MB)
	241808  -  ResidentSetSize of job (KB)
...
005 (381863.000.000) 05/07 00:49:13 Job terminated.
	(1) Normal termination (return value 0)
		Usr 0 00:18:10, Sys 0 00:00:24  -  Run Remote Usage
		Usr 0 00:00:00, Sys 0 00:00:00  -  Run Local Usage
		Usr 0 00:18:10, Sys 0 00:00:24  -  Total Remote Usage
		Usr 0 00:00:00, Sys 0 00:00:00  -  Total Local Usage
	0  -  Run Bytes Sent By Job
	0  -  Run Bytes Received By Job
	0  -  Total Bytes Sent By Job
	0  -  Total Bytes Received By Job
	Partitionable Resources :    Usage  Request Allocated
	   Cpus                 :                 1         1
	   Disk (KB)            :        2        2    792421
	   Gpus                 :                           0
	   Memory (MB)          :      237        1     12899
...
