000 (515981.000.000) 05/05 17:13:09 Job submitted from host: <128.83.144.149:44250?addrs=128.83.144.149-44250>
...
001 (515981.000.000) 05/05 17:13:31 Job executing on host: <128.83.120.128:51378?addrs=128.83.120.128-51378>
...
006 (515981.000.000) 05/05 17:13:39 Image size of job updated: 1073352
	52  -  MemoryUsage of job (MB)
	52468  -  ResidentSetSize of job (KB)
...
006 (515981.000.000) 05/05 17:14:29 Image size of job updated: 1075044
	52  -  MemoryUsage of job (MB)
	52468  -  ResidentSetSize of job (KB)
...
004 (515981.000.000) 05/05 17:14:29 Job was evicted.
	(0) Job was not checkpointed.
		Usr 0 00:00:00, Sys 0 00:00:00  -  Run Remote Usage
		Usr 0 00:00:00, Sys 0 00:00:00  -  Run Local Usage
	0  -  Run Bytes Sent By Job
	0  -  Run Bytes Received By Job
	Partitionable Resources :    Usage  Request Allocated
	   Cpus                 :                 1         1
	   Disk (KB)            :        1        1    812221
	   Gpus                 :                           0
	   Memory (MB)          :       52        1     12899
...
009 (515981.000.000) 05/05 17:14:30 Job was aborted by the user.
	via condor_rm (by user ypei)
...
000 (516206.000.000) 05/05 17:14:52 Job submitted from host: <128.83.144.149:44250?addrs=128.83.144.149-44250>
...
001 (516206.000.000) 05/05 17:15:00 Job executing on host: <128.83.144.13:57145?addrs=128.83.144.13-57145>
...
006 (516206.000.000) 05/05 17:15:09 Image size of job updated: 1073512
	56  -  MemoryUsage of job (MB)
	56820  -  ResidentSetSize of job (KB)
...
006 (516206.000.000) 05/05 17:18:07 Image size of job updated: 1249464
	56  -  MemoryUsage of job (MB)
	56820  -  ResidentSetSize of job (KB)
...
004 (516206.000.000) 05/05 17:18:07 Job was evicted.
	(0) Job was not checkpointed.
		Usr 0 00:00:50, Sys 0 00:00:02  -  Run Remote Usage
		Usr 0 00:00:00, Sys 0 00:00:00  -  Run Local Usage
	0  -  Run Bytes Sent By Job
	0  -  Run Bytes Received By Job
	Partitionable Resources :    Usage  Request Allocated
	   Cpus                 :                 1         1
	   Disk (KB)            :        1        1    824391
	   Gpus                 :                           0
	   Memory (MB)          :       56        1     12899
...
009 (516206.000.000) 05/05 17:18:08 Job was aborted by the user.
	via condor_rm (by user ypei)
...
000 (516413.000.000) 05/05 17:18:22 Job submitted from host: <128.83.144.149:44250?addrs=128.83.144.149-44250>
...
001 (516413.000.000) 05/05 17:18:31 Job executing on host: <128.83.120.229:58979?addrs=128.83.120.229-58979>
...
006 (516413.000.000) 05/05 17:18:40 Image size of job updated: 340324
	21  -  MemoryUsage of job (MB)
	21296  -  ResidentSetSize of job (KB)
...
006 (516413.000.000) 05/05 17:21:22 Image size of job updated: 1249464
	21  -  MemoryUsage of job (MB)
	21296  -  ResidentSetSize of job (KB)
...
004 (516413.000.000) 05/05 17:21:22 Job was evicted.
	(0) Job was not checkpointed.
		Usr 0 00:01:21, Sys 0 00:00:03  -  Run Remote Usage
		Usr 0 00:00:00, Sys 0 00:00:00  -  Run Local Usage
	0  -  Run Bytes Sent By Job
	0  -  Run Bytes Received By Job
	Partitionable Resources :    Usage  Request Allocated
	   Cpus                 :                 1         1
	   Disk (KB)            :        1        1    828963
	   Gpus                 :                           0
	   Memory (MB)          :       21        1     12899
...
009 (516413.000.000) 05/05 17:21:23 Job was aborted by the user.
	via condor_rm (by user ypei)
...
000 (517034.000.000) 05/05 17:21:45 Job submitted from host: <128.83.144.149:44250?addrs=128.83.144.149-44250>
...
001 (517034.000.000) 05/05 17:21:54 Job executing on host: <128.83.120.250:59851?addrs=128.83.120.250-59851>
...
006 (517034.000.000) 05/05 17:22:02 Image size of job updated: 1073512
	56  -  MemoryUsage of job (MB)
	56844  -  ResidentSetSize of job (KB)
...
006 (517034.000.000) 05/05 17:27:02 Image size of job updated: 1249492
	161  -  MemoryUsage of job (MB)
	164636  -  ResidentSetSize of job (KB)
...
006 (517034.000.000) 05/05 17:32:03 Image size of job updated: 1249528
	169  -  MemoryUsage of job (MB)
	172056  -  ResidentSetSize of job (KB)
...
006 (517034.000.000) 05/05 17:37:04 Image size of job updated: 1249568
	192  -  MemoryUsage of job (MB)
	195936  -  ResidentSetSize of job (KB)
...
006 (517034.000.000) 05/05 17:42:04 Image size of job updated: 1249876
	196  -  MemoryUsage of job (MB)
	199828  -  ResidentSetSize of job (KB)
...
006 (517034.000.000) 05/05 17:47:05 Image size of job updated: 1249876
	199  -  MemoryUsage of job (MB)
	202944  -  ResidentSetSize of job (KB)
...
006 (517034.000.000) 05/05 17:50:24 Image size of job updated: 1249888
	199  -  MemoryUsage of job (MB)
	202944  -  ResidentSetSize of job (KB)
...
005 (517034.000.000) 05/05 17:50:24 Job terminated.
	(1) Normal termination (return value 0)
		Usr 0 00:26:39, Sys 0 00:00:28  -  Run Remote Usage
		Usr 0 00:00:00, Sys 0 00:00:00  -  Run Local Usage
		Usr 0 00:26:39, Sys 0 00:00:28  -  Total Remote Usage
		Usr 0 00:00:00, Sys 0 00:00:00  -  Total Local Usage
	0  -  Run Bytes Sent By Job
	0  -  Run Bytes Received By Job
	0  -  Total Bytes Sent By Job
	0  -  Total Bytes Received By Job
	Partitionable Resources :    Usage  Request Allocated
	   Cpus                 :                 1         1
	   Disk (KB)            :        1        1    815261
	   Gpus                 :                           0
	   Memory (MB)          :      199        1     12899
...
000 (382465.000.000) 05/07 03:39:53 Job submitted from host: <128.83.144.155:57685?addrs=128.83.144.155-57685>
...
001 (382465.000.000) 05/07 04:08:29 Job executing on host: <128.83.139.9:47643?addrs=128.83.139.9-47643>
...
006 (382465.000.000) 05/07 04:08:37 Image size of job updated: 1
	2  -  MemoryUsage of job (MB)
	1680  -  ResidentSetSize of job (KB)
...
006 (382465.000.000) 05/07 04:13:37 Image size of job updated: 1249532
	164  -  MemoryUsage of job (MB)
	167796  -  ResidentSetSize of job (KB)
...
006 (382465.000.000) 05/07 04:18:38 Image size of job updated: 1249568
	169  -  MemoryUsage of job (MB)
	172476  -  ResidentSetSize of job (KB)
...
006 (382465.000.000) 05/07 04:23:39 Image size of job updated: 1249608
	188  -  MemoryUsage of job (MB)
	191820  -  ResidentSetSize of job (KB)
...
006 (382465.000.000) 05/07 04:28:39 Image size of job updated: 1249912
	191  -  MemoryUsage of job (MB)
	195216  -  ResidentSetSize of job (KB)
...
006 (382465.000.000) 05/07 04:33:40 Image size of job updated: 1249912
	194  -  MemoryUsage of job (MB)
	198312  -  ResidentSetSize of job (KB)
...
006 (382465.000.000) 05/07 04:35:52 Image size of job updated: 1249924
	194  -  MemoryUsage of job (MB)
	198312  -  ResidentSetSize of job (KB)
...
005 (382465.000.000) 05/07 04:35:52 Job terminated.
	(1) Normal termination (return value 0)
		Usr 0 00:26:54, Sys 0 00:00:30  -  Run Remote Usage
		Usr 0 00:00:00, Sys 0 00:00:00  -  Run Local Usage
		Usr 0 00:26:54, Sys 0 00:00:30  -  Total Remote Usage
		Usr 0 00:00:00, Sys 0 00:00:00  -  Total Local Usage
	0  -  Run Bytes Sent By Job
	0  -  Run Bytes Received By Job
	0  -  Total Bytes Sent By Job
	0  -  Total Bytes Received By Job
	Partitionable Resources :    Usage  Request Allocated
	   Cpus                 :                 1         1
	   Disk (KB)            :        1        1   1678566
	   Gpus                 :                           0
	   Memory (MB)          :      194        1     12899
...
000 (518483.000.000) 05/07 13:18:17 Job submitted from host: <128.83.144.149:44250?addrs=128.83.144.149-44250>
...
001 (518483.000.000) 05/07 13:18:55 Job executing on host: <128.83.120.250:59851?addrs=128.83.120.250-59851>
...
006 (518483.000.000) 05/07 13:19:04 Image size of job updated: 1073648
	56  -  MemoryUsage of job (MB)
	56848  -  ResidentSetSize of job (KB)
...
006 (518483.000.000) 05/07 13:23:39 Image size of job updated: 1249664
	56  -  MemoryUsage of job (MB)
	56848  -  ResidentSetSize of job (KB)
...
004 (518483.000.000) 05/07 13:23:39 Job was evicted.
	(0) Job was not checkpointed.
		Usr 0 00:03:17, Sys 0 00:00:06  -  Run Remote Usage
		Usr 0 00:00:00, Sys 0 00:00:00  -  Run Local Usage
	0  -  Run Bytes Sent By Job
	0  -  Run Bytes Received By Job
	Partitionable Resources :    Usage  Request Allocated
	   Cpus                 :                 1         1
	   Disk (KB)            :        1        1    798504
	   Gpus                 :                           0
	   Memory (MB)          :       56        1     12899
...
009 (518483.000.000) 05/07 13:23:41 Job was aborted by the user.
	via condor_rm (by user ypei)
...
000 (518690.000.000) 05/07 13:23:48 Job submitted from host: <128.83.144.149:44250?addrs=128.83.144.149-44250>
...
001 (518690.000.000) 05/07 13:23:55 Job executing on host: <128.83.130.161:35317?addrs=128.83.130.161-35317>
...
006 (518690.000.000) 05/07 13:24:04 Image size of job updated: 1074024
	53  -  MemoryUsage of job (MB)
	53252  -  ResidentSetSize of job (KB)
...
006 (518690.000.000) 05/07 13:29:05 Image size of job updated: 1249564
	167  -  MemoryUsage of job (MB)
	170816  -  ResidentSetSize of job (KB)
...
006 (518690.000.000) 05/07 13:34:05 Image size of job updated: 1249904
	190  -  MemoryUsage of job (MB)
	193752  -  ResidentSetSize of job (KB)
...
006 (518690.000.000) 05/07 13:39:05 Image size of job updated: 1249912
	195  -  MemoryUsage of job (MB)
	198852  -  ResidentSetSize of job (KB)
...
006 (518690.000.000) 05/07 13:40:31 Image size of job updated: 1249920
	195  -  MemoryUsage of job (MB)
	198852  -  ResidentSetSize of job (KB)
...
005 (518690.000.000) 05/07 13:40:31 Job terminated.
	(1) Normal termination (return value 0)
		Usr 0 00:15:31, Sys 0 00:00:10  -  Run Remote Usage
		Usr 0 00:00:00, Sys 0 00:00:00  -  Run Local Usage
		Usr 0 00:15:31, Sys 0 00:00:10  -  Total Remote Usage
		Usr 0 00:00:00, Sys 0 00:00:00  -  Total Local Usage
	0  -  Run Bytes Sent By Job
	0  -  Run Bytes Received By Job
	0  -  Total Bytes Sent By Job
	0  -  Total Bytes Received By Job
	Partitionable Resources :    Usage  Request Allocated
	   Cpus                 :                 1         1
	   Disk (KB)            :        1        1   1865789
	   Gpus                 :                           0
	   Memory (MB)          :      195        1     21164
...
000 (519104.000.000) 05/07 14:36:27 Job submitted from host: <128.83.144.149:44250?addrs=128.83.144.149-44250>
...
001 (519104.000.000) 05/07 14:36:39 Job executing on host: <128.83.130.161:35317?addrs=128.83.130.161-35317>
...
006 (519104.000.000) 05/07 14:36:48 Image size of job updated: 1073512
	56  -  MemoryUsage of job (MB)
	56860  -  ResidentSetSize of job (KB)
...
006 (519104.000.000) 05/07 14:41:49 Image size of job updated: 1249808
	169  -  MemoryUsage of job (MB)
	172232  -  ResidentSetSize of job (KB)
...
006 (519104.000.000) 05/07 14:46:49 Image size of job updated: 1250112
	191  -  MemoryUsage of job (MB)
	195156  -  ResidentSetSize of job (KB)
...
006 (519104.000.000) 05/07 14:51:49 Image size of job updated: 1250112
	196  -  MemoryUsage of job (MB)
	200604  -  ResidentSetSize of job (KB)
...
005 (519104.000.000) 05/07 14:53:35 Job terminated.
	(1) Normal termination (return value 0)
		Usr 0 00:15:51, Sys 0 00:00:09  -  Run Remote Usage
		Usr 0 00:00:00, Sys 0 00:00:00  -  Run Local Usage
		Usr 0 00:15:51, Sys 0 00:00:09  -  Total Remote Usage
		Usr 0 00:00:00, Sys 0 00:00:00  -  Total Local Usage
	0  -  Run Bytes Sent By Job
	0  -  Run Bytes Received By Job
	0  -  Total Bytes Sent By Job
	0  -  Total Bytes Received By Job
	Partitionable Resources :    Usage  Request Allocated
	   Cpus                 :                 1         1
	   Disk (KB)            :        1        1   1909593
	   Gpus                 :                           0
	   Memory (MB)          :      196        1     21164
...
000 (382879.000.000) 05/07 20:16:58 Job submitted from host: <128.83.144.155:57685?addrs=128.83.144.155-57685>
...
001 (382879.000.000) 05/07 20:38:37 Job executing on host: <128.83.144.147:58788?addrs=128.83.144.147-58788>
...
006 (382879.000.000) 05/07 20:38:46 Image size of job updated: 1079172
	62  -  MemoryUsage of job (MB)
	62704  -  ResidentSetSize of job (KB)
...
006 (382879.000.000) 05/07 20:43:47 Image size of job updated: 1249824
	170  -  MemoryUsage of job (MB)
	173424  -  ResidentSetSize of job (KB)
...
006 (382879.000.000) 05/07 20:48:47 Image size of job updated: 1249908
	192  -  MemoryUsage of job (MB)
	195768  -  ResidentSetSize of job (KB)
...
006 (382879.000.000) 05/07 20:53:47 Image size of job updated: 1249912
	200  -  MemoryUsage of job (MB)
	204440  -  ResidentSetSize of job (KB)
...
006 (382879.000.000) 05/07 20:55:30 Image size of job updated: 1249924
	200  -  MemoryUsage of job (MB)
	204440  -  ResidentSetSize of job (KB)
...
005 (382879.000.000) 05/07 20:55:30 Job terminated.
	(1) Normal termination (return value 0)
		Usr 0 00:16:26, Sys 0 00:00:11  -  Run Remote Usage
		Usr 0 00:00:00, Sys 0 00:00:00  -  Run Local Usage
		Usr 0 00:16:26, Sys 0 00:00:11  -  Total Remote Usage
		Usr 0 00:00:00, Sys 0 00:00:00  -  Total Local Usage
	0  -  Run Bytes Sent By Job
	0  -  Run Bytes Received By Job
	0  -  Total Bytes Sent By Job
	0  -  Total Bytes Received By Job
	Partitionable Resources :    Usage  Request Allocated
	   Cpus                 :                 1         1
	   Disk (KB)            :        1        1   1911588
	   Gpus                 :                           0
	   Memory (MB)          :      200        1     21164
...
000 (384121.000.000) 05/08 05:53:00 Job submitted from host: <128.83.144.155:57685?addrs=128.83.144.155-57685>
...
001 (384121.000.000) 05/08 06:16:57 Job executing on host: <128.83.144.42:56007?addrs=128.83.144.42-56007>
...
006 (384121.000.000) 05/08 06:17:05 Image size of job updated: 1
	2  -  MemoryUsage of job (MB)
	1624  -  ResidentSetSize of job (KB)
...
006 (384121.000.000) 05/08 06:22:05 Image size of job updated: 1249676
	164  -  MemoryUsage of job (MB)
	167876  -  ResidentSetSize of job (KB)
...
006 (384121.000.000) 05/08 06:27:06 Image size of job updated: 1249728
	170  -  MemoryUsage of job (MB)
	173752  -  ResidentSetSize of job (KB)
...
006 (384121.000.000) 05/08 06:32:06 Image size of job updated: 1249796
	190  -  MemoryUsage of job (MB)
	193612  -  ResidentSetSize of job (KB)
...
006 (384121.000.000) 05/08 06:37:06 Image size of job updated: 1249796
	192  -  MemoryUsage of job (MB)
	196600  -  ResidentSetSize of job (KB)
...
006 (384121.000.000) 05/08 06:42:07 Image size of job updated: 1249808
	196  -  MemoryUsage of job (MB)
	199868  -  ResidentSetSize of job (KB)
...
005 (384121.000.000) 05/08 06:42:09 Job terminated.
	(1) Normal termination (return value 0)
		Usr 0 00:24:13, Sys 0 00:00:31  -  Run Remote Usage
		Usr 0 00:00:00, Sys 0 00:00:00  -  Run Local Usage
		Usr 0 00:24:13, Sys 0 00:00:31  -  Total Remote Usage
		Usr 0 00:00:00, Sys 0 00:00:00  -  Total Local Usage
	0  -  Run Bytes Sent By Job
	0  -  Run Bytes Received By Job
	0  -  Total Bytes Sent By Job
	0  -  Total Bytes Received By Job
	Partitionable Resources :    Usage  Request Allocated
	   Cpus                 :                 1         1
	   Disk (KB)            :        1        1   4663323
	   Gpus                 :                           0
	   Memory (MB)          :      196        1      4027
...
000 (417514.000.000) 05/09 03:37:25 Job submitted from host: <128.83.144.154:52346?addrs=128.83.144.154-52346>
...
001 (417514.000.000) 05/09 04:00:23 Job executing on host: <128.83.139.143:55125?addrs=128.83.139.143-55125>
...
006 (417514.000.000) 05/09 04:00:32 Image size of job updated: 1079036
	62  -  MemoryUsage of job (MB)
	62668  -  ResidentSetSize of job (KB)
...
006 (417514.000.000) 05/09 04:05:32 Image size of job updated: 1249820
	170  -  MemoryUsage of job (MB)
	173524  -  ResidentSetSize of job (KB)
...
006 (417514.000.000) 05/09 04:10:32 Image size of job updated: 1249904
	192  -  MemoryUsage of job (MB)
	195632  -  ResidentSetSize of job (KB)
...
006 (417514.000.000) 05/09 04:15:33 Image size of job updated: 1249908
	196  -  MemoryUsage of job (MB)
	199760  -  ResidentSetSize of job (KB)
...
006 (417514.000.000) 05/09 04:18:26 Image size of job updated: 1249920
	196  -  MemoryUsage of job (MB)
	199760  -  ResidentSetSize of job (KB)
...
005 (417514.000.000) 05/09 04:18:27 Job terminated.
	(1) Normal termination (return value 0)
		Usr 0 00:17:34, Sys 0 00:00:12  -  Run Remote Usage
		Usr 0 00:00:00, Sys 0 00:00:00  -  Run Local Usage
		Usr 0 00:17:34, Sys 0 00:00:12  -  Total Remote Usage
		Usr 0 00:00:00, Sys 0 00:00:00  -  Total Local Usage
	0  -  Run Bytes Sent By Job
	0  -  Run Bytes Received By Job
	0  -  Total Bytes Sent By Job
	0  -  Total Bytes Received By Job
	Partitionable Resources :    Usage  Request Allocated
	   Cpus                 :                 1         1
	   Disk (KB)            :        2        2   7539964
	   Gpus                 :                           0
	   Memory (MB)          :      196        1      4027
...
