[SNIPER] Start
Sampler: 4, 32, 0
itlb_cache: 32, 1
itlb_cache_L1: 32, 1
Sampler: 4, 128, 0
dtlb_cache: 128, 4
dtlb_cache_L1: 128, 4
L1-I 2
Sampler: 4, 4, 128
L1-I: 2048, 64
L1-I_L1: 2048, 64
L1-D 3
Sampler: 4, 8, 32
L1-D: 1024, 32
L1-D_L1: 1024, 32
L2 4
Sampler: 122, 16, 16
L2: 32768, 1024
L2_L1: 32768, 1024
Executing Python script /v/filer4b/v20q001/ypei/Desktop/cs395t-lin/output/run_all_hybrid_headroom2/mcf/15/sim.scripts.py
[STOPBYICOUNT] Starting in ROI (detail)
[STOPBYICOUNT] Then stopping after simulating at least 250000000 instructions in detail
[SNIPER] --------------------------------------------------------------------------------
[SNIPER] Sniper using SIFT/trace-driven frontend
[SNIPER] Running full application in DETAILED mode
[SNIPER] --------------------------------------------------------------------------------
[SNIPER] Enabling performance models
[SNIPER] Setting instrumentation mode to DETAILED
[STOPBYICOUNT] Ending ROI after 250000001 instructions (250000000 requested)
[SNIPER] Disabling performance models
[SNIPER] Leaving ROI after 1835.85 seconds
[SNIPER] Simulated 250.0M instructions, 555.8M cycles, 0.45 IPC
[SNIPER] Simulation speed 136.2 KIPS (136.2 KIPS / target core - 7343.5ns/instr)
[SNIPER] Setting instrumentation mode to FAST_FORWARD
[app0] [SIFT_RECORDER] sift_writer.cc:550: Sift::Mode Sift::Writer::Sync(): Assertion `!response->fail()' failed.
Hawkeye Victims: 0
LRU Victims: 0
Hawkeye Victims: 0
LRU Victims: 0
Hawkeye Victims: 0
LRU Victims: 0
a test for execution

Inserted: 0
Redundant.progress: 0
Redundant.cache: 0
Redundant.buffer: 0
Hawkeye Victims: 0
LRU Victims: 0
a test for execution

Inserted: 0
Redundant.progress: 0
Redundant.cache: 0
Redundant.buffer: 0
Hawkeye Victims: 0
LRU Victims: 0
 =========================================================== 
Triggers: 5880723
Repeats: 0

Same addr: 3049818 51.8613
New addr: 8160 0.138758

Distribution of new addresses: 
Stream Head: 8140 99.7549
Stream Divergence: 11503 140.968

Invalidation count: 215240 2637.75
No Conflict count: 207586 2543.95
Same Stream count: 0 0
New Stream count: 0 0

Not found: 2821483
On Chip Mispredictions: 0
 =========================================================== 
Distribution of predictions: 
Predict Init: 3266320 55.5428
Total Predictions: 3251910
Predict OCI Miss: 2414 0.0739058
Predict Stream End: 14410 0.441169
Buffer Success: 0 0
[app0] Pin app terminated abnormally due to signal 6.
Stride Distribution: 0, 2115, 0, 4186, 7452, 4140, 7360, 0, 4600, 2944, 10672, 0, 0, 4600, 4600, 4600, 0, 0, 0, 0, 0, 0, 0, 0, 0, 0, 0, 0, 0, 0, 4600, 0, 0, 0, 0, 0, 0, 0, 0, 0, 0, 0, 0, 0, 0, 0, 0, 0, 0, 0, 0, 0, 0, 0, 0, 0, 0, 0, 0, 0, 0, 0, 0, 0, 0, 0, 33, 0, 0, 0, 0, 0, 38397072, 0, 49, 0, 15, 0, 15, 0, 0, 6644585, 1868787317, 1915577714, 1702195557, 7566451, 113, 0, 5073232, 0, 35070432, 0, 0, 0, 5073232, 0, 35628848, 0, 0, 0, 5073232, 0, 35901200, 0, 0, 0, 5165152, 0, 2170920304, 10930, 0, 10930, 38395376, 0, 49, 0, 6, 0, 6, 0, 0, 0, 1919906931, 29541, 48, 0, 49, 0, 
a test for execution

Inserted: 5073131
Redundant.progress: 261744
Redundant.cache: 1700833
Redundant.buffer: 0
[SNIPER] End
[SNIPER] Elapsed time: 1906.13 seconds
