[SNIPER] Start
Sampler: 4, 32, 0
itlb_cache: 32, 1
itlb_cache_L1: 32, 1
Sampler: 4, 128, 0
dtlb_cache: 128, 4
dtlb_cache_L1: 128, 4
L1-I 2
Sampler: 4, 4, 128
L1-I: 2048, 64
L1-I_L1: 2048, 64
L1-D 3
Sampler: 4, 8, 32
L1-D: 1024, 32
L1-D_L1: 1024, 32
L2 4
Sampler: 122, 16, 16
L2: 32768, 1024
L2_L1: 32768, 1024
Executing Python script /v/filer4b/v20q001/ypei/Desktop/cs395t-lin/output/low_bandwidth/run_all_hybrid_headroom9/soplex/18/sim.scripts.py
[STOPBYICOUNT] Starting in ROI (detail)
[STOPBYICOUNT] Then stopping after simulating at least 250000000 instructions in detail
[SNIPER] --------------------------------------------------------------------------------
[SNIPER] Sniper using SIFT/trace-driven frontend
[SNIPER] Running full application in DETAILED mode
[SNIPER] --------------------------------------------------------------------------------
[SNIPER] Enabling performance models
[SNIPER] Setting instrumentation mode to DETAILED
[STOPBYICOUNT] Ending ROI after 250000011 instructions (250000000 requested)
[SNIPER] Disabling performance models
[SNIPER] Leaving ROI after 1101.57 seconds
[SNIPER] Simulated 250.0M instructions, 682.1M cycles, 0.37 IPC
[SNIPER] Simulation speed 226.9 KIPS (226.9 KIPS / target core - 4406.3ns/instr)
[SNIPER] Setting instrumentation mode to FAST_FORWARD
[app0] [SIFT_RECORDER] sift_writer.cc:550: Sift::Mode Sift::Writer::Sync(): Assertion `!response->fail()' failed.
Hawkeye Victims: 0
LRU Victims: 0
Hawkeye Victims: 0
LRU Victims: 0
Hawkeye Victims: 0
LRU Victims: 0
a test for execution

Inserted: 0
Redundant.progress: 0
Redundant.cache: 0
Redundant.buffer: 0
Hawkeye Victims: 0
LRU Victims: 0
a test for execution

Inserted: 0
Redundant.progress: 0
Redundant.cache: 0
Redundant.buffer: 0
Hawkeye Victims: 0
LRU Victims: 0
 =========================================================== 
Triggers: 12008949
Repeats: 0

Same addr: 6501250 54.1367
New addr: 1714 0.0142727

Distribution of new addresses: 
Stream Head: 1413 82.4387
Stream Divergence: 4813028 280807

Invalidation count: 5048770 294561
No Conflict count: 237745 13870.8
Same Stream count: 0 0
New Stream count: 0 0

Not found: 5500312
On Chip Mispredictions: 0
 =========================================================== 
Distribution of predictions: 
Predict Init: 11555693 96.2257
Total Predictions: 11497110
Predict OCI Miss: 19103 0.165312
Predict Stream End: 58583 0.506962
Buffer Success: 0 0
[app0] Pin app terminated abnormally due to signal 6.
Stride Distribution: 0, 123371, 287684, 858498, 1211134, 384744, 327704, 604118, 292054, 921840, 225952, 541926, 221628, 271492, 257830, 230598, 150190, 0, 239430, 0, 126132, 0, 0, 0, 90712, 0, 0, 0, 0, 0, 92782, 0, 59018, 0, 0, 0, 105662, 0, 0, 0, 144170, 0, 0, 0, 0, 0, 0, 0, 0, 0, 0, 0, 0, 0, 0, 0, 0, 0, 0, 0, 0, 0, 0, 0, 0, 0, 33, 0, 0, 0, 0, 0, 33531184, 0, 49, 0, 15, 0, 15, 0, 0, 6644585, 1868787317, 1915577714, 1702195557, 7566451, 113, 0, 5073232, 0, 30204576, 0, 0, 0, 5073232, 0, 30762992, 0, 0, 0, 5073232, 0, 31035312, 0, 0, 0, 5165152, 0, 896290160, 11031, 0, 11031, 33529488, 0, 49, 0, 6, 0, 6, 0, 0, 0, 1919906931, 29541, 48, 0, 49, 0, 
a test for execution

Inserted: 20307097
Redundant.progress: 434239
Redundant.cache: 11894743
Redundant.buffer: 0
[SNIPER] End
[SNIPER] Elapsed time: 1105.42 seconds
