000 (516104.000.000) 05/05 17:13:21 Job submitted from host: <128.83.144.149:44250?addrs=128.83.144.149-44250>
...
009 (516104.000.000) 05/05 17:14:26 Job was aborted by the user.
	via condor_rm (by user ypei)
...
000 (516311.000.000) 05/05 17:15:05 Job submitted from host: <128.83.144.149:44250?addrs=128.83.144.149-44250>
...
009 (516311.000.000) 05/05 17:18:07 Job was aborted by the user.
	via condor_rm (by user ypei)
...
000 (516518.000.000) 05/05 17:18:36 Job submitted from host: <128.83.144.149:44250?addrs=128.83.144.149-44250>
...
009 (516518.000.000) 05/05 17:21:26 Job was aborted by the user.
	via condor_rm (by user ypei)
...
000 (517139.000.000) 05/05 17:22:00 Job submitted from host: <128.83.144.149:44250?addrs=128.83.144.149-44250>
...
001 (517139.000.000) 05/05 17:36:40 Job executing on host: <128.83.139.14:44306?addrs=128.83.139.14-44306>
...
006 (517139.000.000) 05/05 17:36:49 Image size of job updated: 1028404
	90  -  MemoryUsage of job (MB)
	91176  -  ResidentSetSize of job (KB)
...
006 (517139.000.000) 05/05 17:41:50 Image size of job updated: 1100860
	203  -  MemoryUsage of job (MB)
	206996  -  ResidentSetSize of job (KB)
...
006 (517139.000.000) 05/05 17:46:50 Image size of job updated: 1167440
	305  -  MemoryUsage of job (MB)
	311576  -  ResidentSetSize of job (KB)
...
006 (517139.000.000) 05/05 17:49:50 Image size of job updated: 1167456
	305  -  MemoryUsage of job (MB)
	311576  -  ResidentSetSize of job (KB)
...
005 (517139.000.000) 05/05 17:49:50 Job terminated.
	(1) Normal termination (return value 0)
		Usr 0 00:12:43, Sys 0 00:00:10  -  Run Remote Usage
		Usr 0 00:00:00, Sys 0 00:00:00  -  Run Local Usage
		Usr 0 00:12:43, Sys 0 00:00:10  -  Total Remote Usage
		Usr 0 00:00:00, Sys 0 00:00:00  -  Total Local Usage
	0  -  Run Bytes Sent By Job
	0  -  Run Bytes Received By Job
	0  -  Total Bytes Sent By Job
	0  -  Total Bytes Received By Job
	Partitionable Resources :    Usage  Request Allocated
	   Cpus                 :                 1         1
	   Disk (KB)            :        1        1   1695320
	   Gpus                 :                           0
	   Memory (MB)          :      305        1     12899
...
000 (382570.000.000) 05/07 03:40:02 Job submitted from host: <128.83.144.155:57685?addrs=128.83.144.155-57685>
...
001 (382570.000.000) 05/07 04:23:19 Job executing on host: <128.83.139.6:57138?addrs=128.83.139.6-57138>
...
006 (382570.000.000) 05/07 04:23:28 Image size of job updated: 1
	2  -  MemoryUsage of job (MB)
	1672  -  ResidentSetSize of job (KB)
...
006 (382570.000.000) 05/07 04:28:29 Image size of job updated: 1100792
	191  -  MemoryUsage of job (MB)
	195256  -  ResidentSetSize of job (KB)
...
006 (382570.000.000) 05/07 04:33:29 Image size of job updated: 1101888
	266  -  MemoryUsage of job (MB)
	271548  -  ResidentSetSize of job (KB)
...
006 (382570.000.000) 05/07 04:38:29 Image size of job updated: 1167612
	300  -  MemoryUsage of job (MB)
	307196  -  ResidentSetSize of job (KB)
...
006 (382570.000.000) 05/07 04:43:30 Image size of job updated: 1167616
	303  -  MemoryUsage of job (MB)
	309824  -  ResidentSetSize of job (KB)
...
006 (382570.000.000) 05/07 04:48:30 Image size of job updated: 1167624
	305  -  MemoryUsage of job (MB)
	311848  -  ResidentSetSize of job (KB)
...
006 (382570.000.000) 05/07 04:49:52 Image size of job updated: 1167628
	305  -  MemoryUsage of job (MB)
	311848  -  ResidentSetSize of job (KB)
...
005 (382570.000.000) 05/07 04:49:52 Job terminated.
	(1) Normal termination (return value 0)
		Usr 0 00:25:42, Sys 0 00:00:34  -  Run Remote Usage
		Usr 0 00:00:00, Sys 0 00:00:00  -  Run Local Usage
		Usr 0 00:25:42, Sys 0 00:00:34  -  Total Remote Usage
		Usr 0 00:00:00, Sys 0 00:00:00  -  Total Local Usage
	0  -  Run Bytes Sent By Job
	0  -  Run Bytes Received By Job
	0  -  Total Bytes Sent By Job
	0  -  Total Bytes Received By Job
	Partitionable Resources :    Usage  Request Allocated
	   Cpus                 :                 1         1
	   Disk (KB)            :        1        1   1661813
	   Gpus                 :                           0
	   Memory (MB)          :      305        1     12899
...
000 (518588.000.000) 05/07 13:18:26 Job submitted from host: <128.83.144.149:44250?addrs=128.83.144.149-44250>
...
009 (518588.000.000) 05/07 13:23:37 Job was aborted by the user.
	via condor_rm (by user ypei)
...
000 (518795.000.000) 05/07 13:24:00 Job submitted from host: <128.83.144.149:44250?addrs=128.83.144.149-44250>
...
001 (518795.000.000) 05/07 13:38:53 Job executing on host: <128.83.130.161:35317?addrs=128.83.130.161-35317>
...
006 (518795.000.000) 05/07 13:39:02 Image size of job updated: 1
	2  -  MemoryUsage of job (MB)
	1624  -  ResidentSetSize of job (KB)
...
006 (518795.000.000) 05/07 13:44:02 Image size of job updated: 1100916
	194  -  MemoryUsage of job (MB)
	198200  -  ResidentSetSize of job (KB)
...
006 (518795.000.000) 05/07 13:49:02 Image size of job updated: 1167860
	292  -  MemoryUsage of job (MB)
	298336  -  ResidentSetSize of job (KB)
...
006 (518795.000.000) 05/07 13:54:03 Image size of job updated: 1167872
	296  -  MemoryUsage of job (MB)
	302508  -  ResidentSetSize of job (KB)
...
006 (518795.000.000) 05/07 13:57:18 Image size of job updated: 1167884
	296  -  MemoryUsage of job (MB)
	302508  -  ResidentSetSize of job (KB)
...
005 (518795.000.000) 05/07 13:57:18 Job terminated.
	(1) Normal termination (return value 0)
		Usr 0 00:17:48, Sys 0 00:00:10  -  Run Remote Usage
		Usr 0 00:00:00, Sys 0 00:00:00  -  Run Local Usage
		Usr 0 00:17:48, Sys 0 00:00:10  -  Total Remote Usage
		Usr 0 00:00:00, Sys 0 00:00:00  -  Total Local Usage
	0  -  Run Bytes Sent By Job
	0  -  Run Bytes Received By Job
	0  -  Total Bytes Sent By Job
	0  -  Total Bytes Received By Job
	Partitionable Resources :    Usage  Request Allocated
	   Cpus                 :                 1         1
	   Disk (KB)            :        1        1   1865789
	   Gpus                 :                           0
	   Memory (MB)          :      296        1     21164
...
000 (519209.000.000) 05/07 14:36:42 Job submitted from host: <128.83.144.149:44250?addrs=128.83.144.149-44250>
...
001 (519209.000.000) 05/07 14:51:42 Job executing on host: <128.83.130.161:35317?addrs=128.83.130.161-35317>
...
006 (519209.000.000) 05/07 14:51:50 Image size of job updated: 863448
	62  -  MemoryUsage of job (MB)
	62752  -  ResidentSetSize of job (KB)
...
006 (519209.000.000) 05/07 14:56:50 Image size of job updated: 1101032
	197  -  MemoryUsage of job (MB)
	200772  -  ResidentSetSize of job (KB)
...
006 (519209.000.000) 05/07 15:01:51 Image size of job updated: 1167720
	294  -  MemoryUsage of job (MB)
	300648  -  ResidentSetSize of job (KB)
...
006 (519209.000.000) 05/07 15:06:52 Image size of job updated: 1167736
	298  -  MemoryUsage of job (MB)
	304892  -  ResidentSetSize of job (KB)
...
006 (519209.000.000) 05/07 15:09:59 Image size of job updated: 1167748
	298  -  MemoryUsage of job (MB)
	304892  -  ResidentSetSize of job (KB)
...
005 (519209.000.000) 05/07 15:09:59 Job terminated.
	(1) Normal termination (return value 0)
		Usr 0 00:17:46, Sys 0 00:00:11  -  Run Remote Usage
		Usr 0 00:00:00, Sys 0 00:00:00  -  Run Local Usage
		Usr 0 00:17:46, Sys 0 00:00:11  -  Total Remote Usage
		Usr 0 00:00:00, Sys 0 00:00:00  -  Total Local Usage
	0  -  Run Bytes Sent By Job
	0  -  Run Bytes Received By Job
	0  -  Total Bytes Sent By Job
	0  -  Total Bytes Received By Job
	Partitionable Resources :    Usage  Request Allocated
	   Cpus                 :                 1         1
	   Disk (KB)            :        1        1   1909593
	   Gpus                 :                           0
	   Memory (MB)          :      298        1     21164
...
000 (382984.000.000) 05/07 20:17:06 Job submitted from host: <128.83.144.155:57685?addrs=128.83.144.155-57685>
...
001 (382984.000.000) 05/07 20:53:48 Job executing on host: <128.83.139.9:47643?addrs=128.83.139.9-47643>
...
006 (382984.000.000) 05/07 20:53:56 Image size of job updated: 2
	2  -  MemoryUsage of job (MB)
	1680  -  ResidentSetSize of job (KB)
...
006 (382984.000.000) 05/07 20:58:56 Image size of job updated: 1100652
	197  -  MemoryUsage of job (MB)
	201444  -  ResidentSetSize of job (KB)
...
006 (382984.000.000) 05/07 21:03:56 Image size of job updated: 1101400
	267  -  MemoryUsage of job (MB)
	272896  -  ResidentSetSize of job (KB)
...
006 (382984.000.000) 05/07 21:08:57 Image size of job updated: 1167728
	297  -  MemoryUsage of job (MB)
	303708  -  ResidentSetSize of job (KB)
...
006 (382984.000.000) 05/07 21:13:57 Image size of job updated: 1167740
	301  -  MemoryUsage of job (MB)
	307352  -  ResidentSetSize of job (KB)
...
006 (382984.000.000) 05/07 21:18:57 Image size of job updated: 1167748
	304  -  MemoryUsage of job (MB)
	311000  -  ResidentSetSize of job (KB)
...
005 (382984.000.000) 05/07 21:19:14 Job terminated.
	(1) Normal termination (return value 0)
		Usr 0 00:24:57, Sys 0 00:00:23  -  Run Remote Usage
		Usr 0 00:00:00, Sys 0 00:00:00  -  Run Local Usage
		Usr 0 00:24:57, Sys 0 00:00:23  -  Total Remote Usage
		Usr 0 00:00:00, Sys 0 00:00:00  -  Total Local Usage
	0  -  Run Bytes Sent By Job
	0  -  Run Bytes Received By Job
	0  -  Total Bytes Sent By Job
	0  -  Total Bytes Received By Job
	Partitionable Resources :    Usage  Request Allocated
	   Cpus                 :                 1         1
	   Disk (KB)            :        2        2   1678549
	   Gpus                 :                           0
	   Memory (MB)          :      304        1     12899
...
000 (384226.000.000) 05/08 05:53:09 Job submitted from host: <128.83.144.155:57685?addrs=128.83.144.155-57685>
...
001 (384226.000.000) 05/08 06:28:41 Job executing on host: <128.83.144.96:35052?addrs=128.83.144.96-35052>
...
006 (384226.000.000) 05/08 06:28:50 Image size of job updated: 1028528
	84  -  MemoryUsage of job (MB)
	85852  -  ResidentSetSize of job (KB)
...
006 (384226.000.000) 05/08 06:33:51 Image size of job updated: 1100904
	195  -  MemoryUsage of job (MB)
	198860  -  ResidentSetSize of job (KB)
...
006 (384226.000.000) 05/08 06:38:51 Image size of job updated: 1167600
	292  -  MemoryUsage of job (MB)
	298992  -  ResidentSetSize of job (KB)
...
006 (384226.000.000) 05/08 06:43:51 Image size of job updated: 1167620
	297  -  MemoryUsage of job (MB)
	303288  -  ResidentSetSize of job (KB)
...
006 (384226.000.000) 05/08 06:46:08 Image size of job updated: 1167624
	297  -  MemoryUsage of job (MB)
	303288  -  ResidentSetSize of job (KB)
...
005 (384226.000.000) 05/08 06:46:08 Job terminated.
	(1) Normal termination (return value 0)
		Usr 0 00:16:49, Sys 0 00:00:08  -  Run Remote Usage
		Usr 0 00:00:00, Sys 0 00:00:00  -  Run Local Usage
		Usr 0 00:16:49, Sys 0 00:00:08  -  Total Remote Usage
		Usr 0 00:00:00, Sys 0 00:00:00  -  Total Local Usage
	0  -  Run Bytes Sent By Job
	0  -  Run Bytes Received By Job
	0  -  Total Bytes Sent By Job
	0  -  Total Bytes Received By Job
	Partitionable Resources :    Usage  Request Allocated
	   Cpus                 :                 1         1
	   Disk (KB)            :        1        1   2219651
	   Gpus                 :                           0
	   Memory (MB)          :      297        1      4028
...
000 (417619.000.000) 05/09 03:37:34 Job submitted from host: <128.83.144.154:52346?addrs=128.83.144.154-52346>
...
001 (417619.000.000) 05/09 04:12:22 Job executing on host: <128.83.120.75:40005?addrs=128.83.120.75-40005>
...
006 (417619.000.000) 05/09 04:12:30 Image size of job updated: 2
	2  -  MemoryUsage of job (MB)
	1612  -  ResidentSetSize of job (KB)
...
006 (417619.000.000) 05/09 04:17:30 Image size of job updated: 1100788
	194  -  MemoryUsage of job (MB)
	198204  -  ResidentSetSize of job (KB)
...
006 (417619.000.000) 05/09 04:22:31 Image size of job updated: 1167600
	288  -  MemoryUsage of job (MB)
	294280  -  ResidentSetSize of job (KB)
...
006 (417619.000.000) 05/09 04:27:32 Image size of job updated: 1167612
	295  -  MemoryUsage of job (MB)
	301596  -  ResidentSetSize of job (KB)
...
006 (417619.000.000) 05/09 04:30:48 Image size of job updated: 1167628
	295  -  MemoryUsage of job (MB)
	301596  -  ResidentSetSize of job (KB)
...
005 (417619.000.000) 05/09 04:30:48 Job terminated.
	(1) Normal termination (return value 0)
		Usr 0 00:18:03, Sys 0 00:00:10  -  Run Remote Usage
		Usr 0 00:00:00, Sys 0 00:00:00  -  Run Local Usage
		Usr 0 00:18:03, Sys 0 00:00:10  -  Total Remote Usage
		Usr 0 00:00:00, Sys 0 00:00:00  -  Total Local Usage
	0  -  Run Bytes Sent By Job
	0  -  Run Bytes Received By Job
	0  -  Total Bytes Sent By Job
	0  -  Total Bytes Received By Job
	Partitionable Resources :    Usage  Request Allocated
	   Cpus                 :                 1         1
	   Disk (KB)            :        2        2   8863131
	   Gpus                 :                           0
	   Memory (MB)          :      295        1      4028
...
