000 (515990.000.000) 05/05 17:13:10 Job submitted from host: <128.83.144.149:44250?addrs=128.83.144.149-44250>
...
001 (515990.000.000) 05/05 17:13:32 Job executing on host: <128.83.120.128:51378?addrs=128.83.120.128-51378>
...
006 (515990.000.000) 05/05 17:13:41 Image size of job updated: 776588
	54  -  MemoryUsage of job (MB)
	54476  -  ResidentSetSize of job (KB)
...
006 (515990.000.000) 05/05 17:14:25 Image size of job updated: 777260
	54  -  MemoryUsage of job (MB)
	54476  -  ResidentSetSize of job (KB)
...
004 (515990.000.000) 05/05 17:14:25 Job was evicted.
	(0) Job was not checkpointed.
		Usr 0 00:00:00, Sys 0 00:00:00  -  Run Remote Usage
		Usr 0 00:00:00, Sys 0 00:00:00  -  Run Local Usage
	0  -  Run Bytes Sent By Job
	0  -  Run Bytes Received By Job
	Partitionable Resources :    Usage  Request Allocated
	   Cpus                 :                 1         1
	   Disk (KB)            :        2        2    812221
	   Gpus                 :                           0
	   Memory (MB)          :       54        1     12899
...
009 (515990.000.000) 05/05 17:14:25 Job was aborted by the user.
	via condor_rm (by user ypei)
...
000 (516215.000.000) 05/05 17:14:52 Job submitted from host: <128.83.144.149:44250?addrs=128.83.144.149-44250>
...
001 (516215.000.000) 05/05 17:15:01 Job executing on host: <128.83.144.13:57145?addrs=128.83.144.13-57145>
...
006 (516215.000.000) 05/05 17:15:10 Image size of job updated: 776752
	56  -  MemoryUsage of job (MB)
	56788  -  ResidentSetSize of job (KB)
...
006 (516215.000.000) 05/05 17:18:09 Image size of job updated: 1012588
	56  -  MemoryUsage of job (MB)
	56788  -  ResidentSetSize of job (KB)
...
004 (516215.000.000) 05/05 17:18:09 Job was evicted.
	(0) Job was not checkpointed.
		Usr 0 00:00:54, Sys 0 00:00:01  -  Run Remote Usage
		Usr 0 00:00:00, Sys 0 00:00:00  -  Run Local Usage
	0  -  Run Bytes Sent By Job
	0  -  Run Bytes Received By Job
	Partitionable Resources :    Usage  Request Allocated
	   Cpus                 :                 1         1
	   Disk (KB)            :        2        2    824391
	   Gpus                 :                           0
	   Memory (MB)          :       56        1     12899
...
009 (516215.000.000) 05/05 17:18:10 Job was aborted by the user.
	via condor_rm (by user ypei)
...
000 (516422.000.000) 05/05 17:18:23 Job submitted from host: <128.83.144.149:44250?addrs=128.83.144.149-44250>
...
001 (516422.000.000) 05/05 17:18:32 Job executing on host: <128.83.120.229:58979?addrs=128.83.120.229-58979>
...
006 (516422.000.000) 05/05 17:18:40 Image size of job updated: 119240
	11  -  MemoryUsage of job (MB)
	10292  -  ResidentSetSize of job (KB)
...
006 (516422.000.000) 05/05 17:21:19 Image size of job updated: 1012588
	11  -  MemoryUsage of job (MB)
	10292  -  ResidentSetSize of job (KB)
...
004 (516422.000.000) 05/05 17:21:19 Job was evicted.
	(0) Job was not checkpointed.
		Usr 0 00:01:19, Sys 0 00:00:01  -  Run Remote Usage
		Usr 0 00:00:00, Sys 0 00:00:00  -  Run Local Usage
	0  -  Run Bytes Sent By Job
	0  -  Run Bytes Received By Job
	Partitionable Resources :    Usage  Request Allocated
	   Cpus                 :                 1         1
	   Disk (KB)            :        2        2    828969
	   Gpus                 :                           0
	   Memory (MB)          :       11        1     12899
...
009 (516422.000.000) 05/05 17:21:20 Job was aborted by the user.
	via condor_rm (by user ypei)
...
000 (517043.000.000) 05/05 17:21:46 Job submitted from host: <128.83.144.149:44250?addrs=128.83.144.149-44250>
...
001 (517043.000.000) 05/05 17:21:53 Job executing on host: <128.83.120.229:58979?addrs=128.83.120.229-58979>
...
006 (517043.000.000) 05/05 17:22:02 Image size of job updated: 777264
	56  -  MemoryUsage of job (MB)
	57264  -  ResidentSetSize of job (KB)
...
006 (517043.000.000) 05/05 17:27:03 Image size of job updated: 1078124
	238  -  MemoryUsage of job (MB)
	243540  -  ResidentSetSize of job (KB)
...
006 (517043.000.000) 05/05 17:32:03 Image size of job updated: 1078656
	239  -  MemoryUsage of job (MB)
	244024  -  ResidentSetSize of job (KB)
...
006 (517043.000.000) 05/05 17:37:04 Image size of job updated: 1078860
	239  -  MemoryUsage of job (MB)
	244576  -  ResidentSetSize of job (KB)
...
006 (517043.000.000) 05/05 17:41:02 Image size of job updated: 1078864
	239  -  MemoryUsage of job (MB)
	244576  -  ResidentSetSize of job (KB)
...
005 (517043.000.000) 05/05 17:41:02 Job terminated.
	(1) Normal termination (return value 0)
		Usr 0 00:17:36, Sys 0 00:00:13  -  Run Remote Usage
		Usr 0 00:00:00, Sys 0 00:00:00  -  Run Local Usage
		Usr 0 00:17:36, Sys 0 00:00:13  -  Total Remote Usage
		Usr 0 00:00:00, Sys 0 00:00:00  -  Total Local Usage
	0  -  Run Bytes Sent By Job
	0  -  Run Bytes Received By Job
	0  -  Total Bytes Sent By Job
	0  -  Total Bytes Received By Job
	Partitionable Resources :    Usage  Request Allocated
	   Cpus                 :                 1         1
	   Disk (KB)            :        2        2    828961
	   Gpus                 :                           0
	   Memory (MB)          :      239        1     12899
...
000 (518078.000.000) 05/06 21:33:04 Job submitted from host: <128.83.144.149:44250?addrs=128.83.144.149-44250>
...
001 (518078.000.000) 05/06 21:33:13 Job executing on host: <128.83.139.9:47643?addrs=128.83.139.9-47643>
...
006 (518078.000.000) 05/06 21:33:22 Image size of job updated: 776884
	56  -  MemoryUsage of job (MB)
	56768  -  ResidentSetSize of job (KB)
...
006 (518078.000.000) 05/06 21:33:44 Image size of job updated: 778944
	57  -  MemoryUsage of job (MB)
	57820  -  ResidentSetSize of job (KB)
...
004 (518078.000.000) 05/06 21:33:44 Job was evicted.
	(0) Job was not checkpointed.
		Usr 0 00:00:00, Sys 0 00:00:00  -  Run Remote Usage
		Usr 0 00:00:00, Sys 0 00:00:00  -  Run Local Usage
	0  -  Run Bytes Sent By Job
	0  -  Run Bytes Received By Job
	Partitionable Resources :    Usage  Request Allocated
	   Cpus                 :                 1         1
	   Disk (KB)            :        2        2   1678568
	   Gpus                 :                           0
	   Memory (MB)          :       57        1     12899
...
009 (518078.000.000) 05/06 21:33:45 Job was aborted by the user.
	via condor_rm (by user ypei)
...
000 (518285.000.000) 05/06 21:34:12 Job submitted from host: <128.83.144.149:44250?addrs=128.83.144.149-44250>
...
001 (518285.000.000) 05/06 21:34:22 Job executing on host: <128.83.139.14:44306?addrs=128.83.139.14-44306>
...
006 (518285.000.000) 05/06 21:34:30 Image size of job updated: 777264
	54  -  MemoryUsage of job (MB)
	55228  -  ResidentSetSize of job (KB)
...
006 (518285.000.000) 05/06 21:39:30 Image size of job updated: 1078156
	236  -  MemoryUsage of job (MB)
	241152  -  ResidentSetSize of job (KB)
...
006 (518285.000.000) 05/06 21:44:31 Image size of job updated: 1078316
	236  -  MemoryUsage of job (MB)
	241536  -  ResidentSetSize of job (KB)
...
006 (518285.000.000) 05/06 21:49:32 Image size of job updated: 1078612
	237  -  MemoryUsage of job (MB)
	242016  -  ResidentSetSize of job (KB)
...
006 (518285.000.000) 05/06 21:54:32 Image size of job updated: 1078896
	237  -  MemoryUsage of job (MB)
	242152  -  ResidentSetSize of job (KB)
...
005 (518285.000.000) 05/06 21:56:50 Job terminated.
	(1) Normal termination (return value 0)
		Usr 0 00:20:46, Sys 0 00:00:24  -  Run Remote Usage
		Usr 0 00:00:00, Sys 0 00:00:00  -  Run Local Usage
		Usr 0 00:20:46, Sys 0 00:00:24  -  Total Remote Usage
		Usr 0 00:00:00, Sys 0 00:00:00  -  Total Local Usage
	0  -  Run Bytes Sent By Job
	0  -  Run Bytes Received By Job
	0  -  Total Bytes Sent By Job
	0  -  Total Bytes Received By Job
	Partitionable Resources :    Usage  Request Allocated
	   Cpus                 :                 1         1
	   Disk (KB)            :        2        2   1675522
	   Gpus                 :                           0
	   Memory (MB)          :      237        1     12899
...
000 (381853.000.000) 05/07 00:29:03 Job submitted from host: <128.83.144.155:57685?addrs=128.83.144.155-57685>
...
001 (381853.000.000) 05/07 00:29:19 Job executing on host: <128.83.120.128:51378?addrs=128.83.120.128-51378>
...
006 (381853.000.000) 05/07 00:29:27 Image size of job updated: 777400
	56  -  MemoryUsage of job (MB)
	57304  -  ResidentSetSize of job (KB)
...
006 (381853.000.000) 05/07 00:34:27 Image size of job updated: 1078440
	238  -  MemoryUsage of job (MB)
	243452  -  ResidentSetSize of job (KB)
...
006 (381853.000.000) 05/07 00:39:28 Image size of job updated: 1078824
	239  -  MemoryUsage of job (MB)
	243780  -  ResidentSetSize of job (KB)
...
006 (381853.000.000) 05/07 00:44:29 Image size of job updated: 1079028
	239  -  MemoryUsage of job (MB)
	244192  -  ResidentSetSize of job (KB)
...
006 (381853.000.000) 05/07 00:48:53 Image size of job updated: 1079032
	239  -  MemoryUsage of job (MB)
	244192  -  ResidentSetSize of job (KB)
...
005 (381853.000.000) 05/07 00:48:54 Job terminated.
	(1) Normal termination (return value 0)
		Usr 0 00:17:54, Sys 0 00:00:22  -  Run Remote Usage
		Usr 0 00:00:00, Sys 0 00:00:00  -  Run Local Usage
		Usr 0 00:17:54, Sys 0 00:00:22  -  Total Remote Usage
		Usr 0 00:00:00, Sys 0 00:00:00  -  Total Local Usage
	0  -  Run Bytes Sent By Job
	0  -  Run Bytes Received By Job
	0  -  Total Bytes Sent By Job
	0  -  Total Bytes Received By Job
	Partitionable Resources :    Usage  Request Allocated
	   Cpus                 :                 1         1
	   Disk (KB)            :        2        2    803079
	   Gpus                 :                           0
	   Memory (MB)          :      239        1     12899
...
