[SNIPER] Start
Sampler: 4, 32, 0
itlb_cache: 32, 1
itlb_cache_L1: 32, 1
Sampler: 4, 128, 0
dtlb_cache: 128, 4
dtlb_cache_L1: 128, 4
L1-I 2
Sampler: 4, 4, 128
L1-I: 2048, 64
L1-I_L1: 2048, 64
L1-D 3
Sampler: 4, 8, 32
L1-D: 1024, 32
L1-D_L1: 1024, 32
L2 4
Sampler: 122, 16, 16
L2: 32768, 1024
L2_L1: 32768, 1024
Executing Python script /v/filer4b/v20q001/ypei/Desktop/cs395t-lin/output/run_all_hybrid_headroom2/sphinx3/10/sim.scripts.py
[STOPBYICOUNT] Starting in ROI (detail)
[STOPBYICOUNT] Then stopping after simulating at least 250000000 instructions in detail
[SNIPER] --------------------------------------------------------------------------------
[SNIPER] Sniper using SIFT/trace-driven frontend
[SNIPER] Running full application in DETAILED mode
[SNIPER] --------------------------------------------------------------------------------
[SNIPER] Enabling performance models
[SNIPER] Setting instrumentation mode to DETAILED
[STOPBYICOUNT] Ending ROI after 250000020 instructions (250000000 requested)
[SNIPER] Disabling performance models
[SNIPER] Leaving ROI after 1245.94 seconds
[SNIPER] Simulated 250.0M instructions, 205.1M cycles, 1.22 IPC
[SNIPER] Simulation speed 200.6 KIPS (200.6 KIPS / target core - 4983.8ns/instr)
[SNIPER] Setting instrumentation mode to FAST_FORWARD
[app0] [SIFT_RECORDER] sift_writer.cc:550: Sift::Mode Sift::Writer::Sync(): Assertion `!response->fail()' failed.
[app0] Pin app terminated abnormally due to signal 6.
Hawkeye Victims: 0
LRU Victims: 0
Hawkeye Victims: 0
LRU Victims: 0
Hawkeye Victims: 0
LRU Victims: 0
a test for execution

Inserted: 0
Redundant.progress: 0
Redundant.cache: 0
Redundant.buffer: 0
Hawkeye Victims: 0
LRU Victims: 0
a test for execution

Inserted: 0
Redundant.progress: 0
Redundant.cache: 0
Redundant.buffer: 0
Hawkeye Victims: 0
LRU Victims: 0
 =========================================================== 
Triggers: 3528799
Repeats: 0

Same addr: 2874326 81.4534
New addr: 648 0.0183632

Distribution of new addresses: 
Stream Head: 409 63.1173
Stream Divergence: 341374 52681.2

Invalidation count: 518640 80037
No Conflict count: 178309 27516.8
Same Stream count: 0 0
New Stream count: 0 0

Not found: 646406
On Chip Mispredictions: 0
 =========================================================== 
Distribution of predictions: 
Predict Init: 3400385 96.361
Total Predictions: 3372952
Predict OCI Miss: 13943 0.410042
Predict Stream End: 27433 0.806762
Buffer Success: 0 0
Stride Distribution: 0, 3909, 1518, 0, 94300, 1354976, 647956, 452824, 267536, 217212, 154606, 74152, 75164, 45586, 21298, 37076, 36202, 0, 14214, 0, 12098, 0, 0, 0, 11546, 0, 0, 0, 0, 0, 1472, 0, 1426, 0, 0, 0, 600, 0, 0, 0, 3128, 0, 0, 0, 0, 0, 0, 0, 0, 0, 0, 0, 0, 0, 0, 0, 0, 0, 0, 0, 0, 0, 0, 0, 0, 0, 33, 0, 0, 0, 0, 0, 43824288, 0, 49, 0, 15, 0, 15, 0, 0, 6644585, 1868787317, 1915577714, 1702195557, 7566451, 113, 0, 5073232, 0, 40497648, 0, 0, 0, 5073232, 0, 41056064, 0, 0, 0, 5073232, 0, 41328416, 0, 0, 0, 5165152, 0, 3295751536, 11037, 0, 11037, 43822592, 0, 49, 0, 6, 0, 6, 0, 0, 0, 1919906931, 29541, 48, 0, 49, 0, 
a test for execution

Inserted: 5538928
Redundant.progress: 34282
Redundant.cache: 2368964
Redundant.buffer: 0
[SNIPER] End
[SNIPER] Elapsed time: 1251.55 seconds
