000 (15005711.000.000) 08/01 19:38:47 Job submitted from host: <128.83.130.153:51299?addrs=128.83.130.153-51299>
...
001 (15005711.000.000) 08/01 19:39:09 Job executing on host: <128.83.130.197:45650?addrs=128.83.130.197-45650>
...
006 (15005711.000.000) 08/01 19:39:18 Image size of job updated: 1512720
	84  -  MemoryUsage of job (MB)
	85512  -  ResidentSetSize of job (KB)
...
006 (15005711.000.000) 08/01 19:44:19 Image size of job updated: 4894040
	521  -  MemoryUsage of job (MB)
	533288  -  ResidentSetSize of job (KB)
...
006 (15005711.000.000) 08/01 19:49:19 Image size of job updated: 4895260
	600  -  MemoryUsage of job (MB)
	614128  -  ResidentSetSize of job (KB)
...
006 (15005711.000.000) 08/01 19:54:19 Image size of job updated: 5031900
	795  -  MemoryUsage of job (MB)
	814064  -  ResidentSetSize of job (KB)
...
006 (15005711.000.000) 08/01 19:59:20 Image size of job updated: 5032688
	870  -  MemoryUsage of job (MB)
	890068  -  ResidentSetSize of job (KB)
...
006 (15005711.000.000) 08/01 20:04:21 Image size of job updated: 5098620
	929  -  MemoryUsage of job (MB)
	950816  -  ResidentSetSize of job (KB)
...
006 (15005711.000.000) 08/01 20:08:17 Image size of job updated: 5098668
	929  -  MemoryUsage of job (MB)
	950816  -  ResidentSetSize of job (KB)
...
005 (15005711.000.000) 08/01 20:08:17 Job terminated.
	(1) Normal termination (return value 0)
		Usr 0 00:30:17, Sys 0 00:00:45  -  Run Remote Usage
		Usr 0 00:00:00, Sys 0 00:00:00  -  Run Local Usage
		Usr 0 00:30:17, Sys 0 00:00:45  -  Total Remote Usage
		Usr 0 00:00:00, Sys 0 00:00:00  -  Total Local Usage
	0  -  Run Bytes Sent By Job
	0  -  Run Bytes Received By Job
	0  -  Total Bytes Sent By Job
	0  -  Total Bytes Received By Job
	Partitionable Resources :    Usage  Request Allocated
	   Cpus                 :                 1         1
	   Disk (KB)            :        1        1   4239686
	   Gpus                 :                           0
	   Memory (MB)          :      929        1      4021
...
