000 (15005752.000.000) 08/01 19:38:51 Job submitted from host: <128.83.130.153:51299?addrs=128.83.130.153-51299>
...
001 (15005752.000.000) 08/01 19:39:10 Job executing on host: <128.83.144.243:36766?addrs=128.83.144.243-36766>
...
006 (15005752.000.000) 08/01 19:39:18 Image size of job updated: 1711360
	46  -  MemoryUsage of job (MB)
	46100  -  ResidentSetSize of job (KB)
...
006 (15005752.000.000) 08/01 19:44:18 Image size of job updated: 5766252
	779  -  MemoryUsage of job (MB)
	797692  -  ResidentSetSize of job (KB)
...
006 (15005752.000.000) 08/01 19:49:18 Image size of job updated: 5767056
	934  -  MemoryUsage of job (MB)
	956032  -  ResidentSetSize of job (KB)
...
006 (15005752.000.000) 08/01 19:54:19 Image size of job updated: 5834904
	1114  -  MemoryUsage of job (MB)
	1140232  -  ResidentSetSize of job (KB)
...
006 (15005752.000.000) 08/01 19:59:19 Image size of job updated: 6031588
	1262  -  MemoryUsage of job (MB)
	1291772  -  ResidentSetSize of job (KB)
...
006 (15005752.000.000) 08/01 20:04:19 Image size of job updated: 6097160
	1405  -  MemoryUsage of job (MB)
	1437964  -  ResidentSetSize of job (KB)
...
006 (15005752.000.000) 08/01 20:06:49 Image size of job updated: 6163576
	1405  -  MemoryUsage of job (MB)
	1437964  -  ResidentSetSize of job (KB)
...
005 (15005752.000.000) 08/01 20:06:49 Job terminated.
	(1) Normal termination (return value 0)
		Usr 0 00:36:52, Sys 0 00:01:07  -  Run Remote Usage
		Usr 0 00:00:00, Sys 0 00:00:00  -  Run Local Usage
		Usr 0 00:36:52, Sys 0 00:01:07  -  Total Remote Usage
		Usr 0 00:00:00, Sys 0 00:00:00  -  Total Local Usage
	0  -  Run Bytes Sent By Job
	0  -  Run Bytes Received By Job
	0  -  Total Bytes Sent By Job
	0  -  Total Bytes Received By Job
	Partitionable Resources :    Usage  Request Allocated
	   Cpus                 :                 1         1
	   Disk (KB)            :        1        1    728116
	   Gpus                 :                           0
	   Memory (MB)          :     1405        1      4021
...
