000 (15005751.000.000) 08/01 19:38:51 Job submitted from host: <128.83.130.153:51299?addrs=128.83.130.153-51299>
...
001 (15005751.000.000) 08/01 19:39:10 Job executing on host: <128.83.144.250:39986?addrs=128.83.144.250-39986>
...
006 (15005751.000.000) 08/01 19:39:19 Image size of job updated: 1
	2  -  MemoryUsage of job (MB)
	1644  -  ResidentSetSize of job (KB)
...
006 (15005751.000.000) 08/01 19:44:20 Image size of job updated: 5662340
	912  -  MemoryUsage of job (MB)
	933440  -  ResidentSetSize of job (KB)
...
006 (15005751.000.000) 08/01 19:49:21 Image size of job updated: 5798132
	1329  -  MemoryUsage of job (MB)
	1360708  -  ResidentSetSize of job (KB)
...
006 (15005751.000.000) 08/01 19:54:21 Image size of job updated: 5930176
	1505  -  MemoryUsage of job (MB)
	1541108  -  ResidentSetSize of job (KB)
...
006 (15005751.000.000) 08/01 19:59:21 Image size of job updated: 5996012
	1622  -  MemoryUsage of job (MB)
	1660180  -  ResidentSetSize of job (KB)
...
006 (15005751.000.000) 08/01 20:04:22 Image size of job updated: 6192904
	1800  -  MemoryUsage of job (MB)
	1842876  -  ResidentSetSize of job (KB)
...
006 (15005751.000.000) 08/01 20:09:22 Image size of job updated: 6455892
	2082  -  MemoryUsage of job (MB)
	2131248  -  ResidentSetSize of job (KB)
...
006 (15005751.000.000) 08/01 20:13:03 Image size of job updated: 6586972
	2082  -  MemoryUsage of job (MB)
	2131248  -  ResidentSetSize of job (KB)
...
005 (15005751.000.000) 08/01 20:13:03 Job terminated.
	(1) Normal termination (return value 0)
		Usr 0 00:39:02, Sys 0 00:01:50  -  Run Remote Usage
		Usr 0 00:00:00, Sys 0 00:00:00  -  Run Local Usage
		Usr 0 00:39:02, Sys 0 00:01:50  -  Total Remote Usage
		Usr 0 00:00:00, Sys 0 00:00:00  -  Total Local Usage
	0  -  Run Bytes Sent By Job
	0  -  Run Bytes Received By Job
	0  -  Total Bytes Sent By Job
	0  -  Total Bytes Received By Job
	Partitionable Resources :    Usage  Request Allocated
	   Cpus                 :                 1         1
	   Disk (KB)            :        1        1    749976
	   Gpus                 :                           0
	   Memory (MB)          :     2082        1      4021
...
