000 (515979.000.000) 05/05 17:13:09 Job submitted from host: <128.83.144.149:44250?addrs=128.83.144.149-44250>
...
001 (515979.000.000) 05/05 17:13:32 Job executing on host: <128.83.120.128:51378?addrs=128.83.120.128-51378>
...
006 (515979.000.000) 05/05 17:13:41 Image size of job updated: 975412
	56  -  MemoryUsage of job (MB)
	56604  -  ResidentSetSize of job (KB)
...
006 (515979.000.000) 05/05 17:14:29 Image size of job updated: 977104
	56  -  MemoryUsage of job (MB)
	56604  -  ResidentSetSize of job (KB)
...
004 (515979.000.000) 05/05 17:14:29 Job was evicted.
	(0) Job was not checkpointed.
		Usr 0 00:00:00, Sys 0 00:00:00  -  Run Remote Usage
		Usr 0 00:00:00, Sys 0 00:00:00  -  Run Local Usage
	0  -  Run Bytes Sent By Job
	0  -  Run Bytes Received By Job
	Partitionable Resources :    Usage  Request Allocated
	   Cpus                 :                 1         1
	   Disk (KB)            :        1        1    812221
	   Gpus                 :                           0
	   Memory (MB)          :       56        1     12899
...
009 (515979.000.000) 05/05 17:14:30 Job was aborted by the user.
	via condor_rm (by user ypei)
...
000 (516204.000.000) 05/05 17:14:51 Job submitted from host: <128.83.144.149:44250?addrs=128.83.144.149-44250>
...
001 (516204.000.000) 05/05 17:15:00 Job executing on host: <128.83.144.13:57145?addrs=128.83.144.13-57145>
...
006 (516204.000.000) 05/05 17:15:09 Image size of job updated: 975436
	56  -  MemoryUsage of job (MB)
	56816  -  ResidentSetSize of job (KB)
...
006 (516204.000.000) 05/05 17:18:07 Image size of job updated: 1148196
	56  -  MemoryUsage of job (MB)
	56816  -  ResidentSetSize of job (KB)
...
004 (516204.000.000) 05/05 17:18:07 Job was evicted.
	(0) Job was not checkpointed.
		Usr 0 00:00:52, Sys 0 00:00:01  -  Run Remote Usage
		Usr 0 00:00:00, Sys 0 00:00:00  -  Run Local Usage
	0  -  Run Bytes Sent By Job
	0  -  Run Bytes Received By Job
	Partitionable Resources :    Usage  Request Allocated
	   Cpus                 :                 1         1
	   Disk (KB)            :        1        1    824391
	   Gpus                 :                           0
	   Memory (MB)          :       56        1     12899
...
009 (516204.000.000) 05/05 17:18:08 Job was aborted by the user.
	via condor_rm (by user ypei)
...
000 (516411.000.000) 05/05 17:18:22 Job submitted from host: <128.83.144.149:44250?addrs=128.83.144.149-44250>
...
001 (516411.000.000) 05/05 17:18:31 Job executing on host: <128.83.120.229:58979?addrs=128.83.120.229-58979>
...
006 (516411.000.000) 05/05 17:18:39 Image size of job updated: 340484
	22  -  MemoryUsage of job (MB)
	21540  -  ResidentSetSize of job (KB)
...
006 (516411.000.000) 05/05 17:21:22 Image size of job updated: 1148196
	22  -  MemoryUsage of job (MB)
	21540  -  ResidentSetSize of job (KB)
...
004 (516411.000.000) 05/05 17:21:22 Job was evicted.
	(0) Job was not checkpointed.
		Usr 0 00:01:22, Sys 0 00:00:01  -  Run Remote Usage
		Usr 0 00:00:00, Sys 0 00:00:00  -  Run Local Usage
	0  -  Run Bytes Sent By Job
	0  -  Run Bytes Received By Job
	Partitionable Resources :    Usage  Request Allocated
	   Cpus                 :                 1         1
	   Disk (KB)            :        1        1    828960
	   Gpus                 :                           0
	   Memory (MB)          :       22        1     12899
...
009 (516411.000.000) 05/05 17:21:23 Job was aborted by the user.
	via condor_rm (by user ypei)
...
000 (517032.000.000) 05/05 17:21:44 Job submitted from host: <128.83.144.149:44250?addrs=128.83.144.149-44250>
...
001 (517032.000.000) 05/05 17:21:54 Job executing on host: <128.83.120.250:59851?addrs=128.83.120.250-59851>
...
006 (517032.000.000) 05/05 17:22:02 Image size of job updated: 975436
	56  -  MemoryUsage of job (MB)
	56836  -  ResidentSetSize of job (KB)
...
006 (517032.000.000) 05/05 17:27:02 Image size of job updated: 1148348
	163  -  MemoryUsage of job (MB)
	166024  -  ResidentSetSize of job (KB)
...
006 (517032.000.000) 05/05 17:32:02 Image size of job updated: 1148444
	167  -  MemoryUsage of job (MB)
	170552  -  ResidentSetSize of job (KB)
...
006 (517032.000.000) 05/05 17:37:03 Image size of job updated: 1148452
	170  -  MemoryUsage of job (MB)
	173572  -  ResidentSetSize of job (KB)
...
006 (517032.000.000) 05/05 17:42:03 Image size of job updated: 1148788
	172  -  MemoryUsage of job (MB)
	175784  -  ResidentSetSize of job (KB)
...
006 (517032.000.000) 05/05 17:47:03 Image size of job updated: 1148788
	174  -  MemoryUsage of job (MB)
	177520  -  ResidentSetSize of job (KB)
...
006 (517032.000.000) 05/05 17:51:22 Image size of job updated: 1148804
	174  -  MemoryUsage of job (MB)
	177520  -  ResidentSetSize of job (KB)
...
005 (517032.000.000) 05/05 17:51:22 Job terminated.
	(1) Normal termination (return value 0)
		Usr 0 00:27:41, Sys 0 00:00:26  -  Run Remote Usage
		Usr 0 00:00:00, Sys 0 00:00:00  -  Run Local Usage
		Usr 0 00:27:41, Sys 0 00:00:26  -  Total Remote Usage
		Usr 0 00:00:00, Sys 0 00:00:00  -  Total Local Usage
	0  -  Run Bytes Sent By Job
	0  -  Run Bytes Received By Job
	0  -  Total Bytes Sent By Job
	0  -  Total Bytes Received By Job
	Partitionable Resources :    Usage  Request Allocated
	   Cpus                 :                 1         1
	   Disk (KB)            :        1        1    815261
	   Gpus                 :                           0
	   Memory (MB)          :      174        1     12899
...
000 (382463.000.000) 05/07 03:39:53 Job submitted from host: <128.83.144.155:57685?addrs=128.83.144.155-57685>
...
001 (382463.000.000) 05/07 04:08:07 Job executing on host: <128.83.144.13:57145?addrs=128.83.144.13-57145>
...
006 (382463.000.000) 05/07 04:08:15 Image size of job updated: 340328
	21  -  MemoryUsage of job (MB)
	21472  -  ResidentSetSize of job (KB)
...
006 (382463.000.000) 05/07 04:13:15 Image size of job updated: 1148384
	166  -  MemoryUsage of job (MB)
	169556  -  ResidentSetSize of job (KB)
...
006 (382463.000.000) 05/07 04:18:16 Image size of job updated: 1148488
	170  -  MemoryUsage of job (MB)
	173384  -  ResidentSetSize of job (KB)
...
006 (382463.000.000) 05/07 04:23:16 Image size of job updated: 1148568
	173  -  MemoryUsage of job (MB)
	176508  -  ResidentSetSize of job (KB)
...
006 (382463.000.000) 05/07 04:28:16 Image size of job updated: 1148824
	175  -  MemoryUsage of job (MB)
	178496  -  ResidentSetSize of job (KB)
...
006 (382463.000.000) 05/07 04:33:17 Image size of job updated: 1148840
	177  -  MemoryUsage of job (MB)
	180296  -  ResidentSetSize of job (KB)
...
005 (382463.000.000) 05/07 04:34:48 Job terminated.
	(1) Normal termination (return value 0)
		Usr 0 00:25:44, Sys 0 00:00:29  -  Run Remote Usage
		Usr 0 00:00:00, Sys 0 00:00:00  -  Run Local Usage
		Usr 0 00:25:44, Sys 0 00:00:29  -  Total Remote Usage
		Usr 0 00:00:00, Sys 0 00:00:00  -  Total Local Usage
	0  -  Run Bytes Sent By Job
	0  -  Run Bytes Received By Job
	0  -  Total Bytes Sent By Job
	0  -  Total Bytes Received By Job
	Partitionable Resources :    Usage  Request Allocated
	   Cpus                 :                 1         1
	   Disk (KB)            :        1        1    800034
	   Gpus                 :                           0
	   Memory (MB)          :      177        1     12899
...
000 (518481.000.000) 05/07 13:18:17 Job submitted from host: <128.83.144.149:44250?addrs=128.83.144.149-44250>
...
001 (518481.000.000) 05/07 13:18:55 Job executing on host: <128.83.120.250:59851?addrs=128.83.120.250-59851>
...
006 (518481.000.000) 05/07 13:19:03 Image size of job updated: 975572
	56  -  MemoryUsage of job (MB)
	56840  -  ResidentSetSize of job (KB)
...
006 (518481.000.000) 05/07 13:23:39 Image size of job updated: 1148516
	56  -  MemoryUsage of job (MB)
	56840  -  ResidentSetSize of job (KB)
...
004 (518481.000.000) 05/07 13:23:39 Job was evicted.
	(0) Job was not checkpointed.
		Usr 0 00:03:19, Sys 0 00:00:04  -  Run Remote Usage
		Usr 0 00:00:00, Sys 0 00:00:00  -  Run Local Usage
	0  -  Run Bytes Sent By Job
	0  -  Run Bytes Received By Job
	Partitionable Resources :    Usage  Request Allocated
	   Cpus                 :                 1         1
	   Disk (KB)            :        1        1    798504
	   Gpus                 :                           0
	   Memory (MB)          :       56        1     12899
...
009 (518481.000.000) 05/07 13:23:41 Job was aborted by the user.
	via condor_rm (by user ypei)
...
000 (518688.000.000) 05/07 13:23:48 Job submitted from host: <128.83.144.149:44250?addrs=128.83.144.149-44250>
...
001 (518688.000.000) 05/07 13:23:54 Job executing on host: <128.83.130.161:35317?addrs=128.83.130.161-35317>
...
006 (518688.000.000) 05/07 13:24:03 Image size of job updated: 976084
	53  -  MemoryUsage of job (MB)
	53256  -  ResidentSetSize of job (KB)
...
006 (518688.000.000) 05/07 13:29:04 Image size of job updated: 1148608
	158  -  MemoryUsage of job (MB)
	161668  -  ResidentSetSize of job (KB)
...
006 (518688.000.000) 05/07 13:34:04 Image size of job updated: 1148960
	162  -  MemoryUsage of job (MB)
	165464  -  ResidentSetSize of job (KB)
...
006 (518688.000.000) 05/07 13:39:04 Image size of job updated: 1148960
	164  -  MemoryUsage of job (MB)
	167888  -  ResidentSetSize of job (KB)
...
006 (518688.000.000) 05/07 13:40:58 Image size of job updated: 1148976
	164  -  MemoryUsage of job (MB)
	167888  -  ResidentSetSize of job (KB)
...
005 (518688.000.000) 05/07 13:40:59 Job terminated.
	(1) Normal termination (return value 0)
		Usr 0 00:16:04, Sys 0 00:00:09  -  Run Remote Usage
		Usr 0 00:00:00, Sys 0 00:00:00  -  Run Local Usage
		Usr 0 00:16:04, Sys 0 00:00:09  -  Total Remote Usage
		Usr 0 00:00:00, Sys 0 00:00:00  -  Total Local Usage
	0  -  Run Bytes Sent By Job
	0  -  Run Bytes Received By Job
	0  -  Total Bytes Sent By Job
	0  -  Total Bytes Received By Job
	Partitionable Resources :    Usage  Request Allocated
	   Cpus                 :                 1         1
	   Disk (KB)            :        1        1   1865789
	   Gpus                 :                           0
	   Memory (MB)          :      164        1     21164
...
000 (519102.000.000) 05/07 14:36:27 Job submitted from host: <128.83.144.149:44250?addrs=128.83.144.149-44250>
...
001 (519102.000.000) 05/07 14:36:39 Job executing on host: <128.83.130.161:35317?addrs=128.83.130.161-35317>
...
006 (519102.000.000) 05/07 14:36:48 Image size of job updated: 975436
	56  -  MemoryUsage of job (MB)
	56852  -  ResidentSetSize of job (KB)
...
006 (519102.000.000) 05/07 14:41:49 Image size of job updated: 1148728
	162  -  MemoryUsage of job (MB)
	165120  -  ResidentSetSize of job (KB)
...
006 (519102.000.000) 05/07 14:46:50 Image size of job updated: 1148824
	165  -  MemoryUsage of job (MB)
	168720  -  ResidentSetSize of job (KB)
...
006 (519102.000.000) 05/07 14:51:50 Image size of job updated: 1148824
	168  -  MemoryUsage of job (MB)
	171544  -  ResidentSetSize of job (KB)
...
006 (519102.000.000) 05/07 14:53:55 Image size of job updated: 1148840
	168  -  MemoryUsage of job (MB)
	171544  -  ResidentSetSize of job (KB)
...
005 (519102.000.000) 05/07 14:53:55 Job terminated.
	(1) Normal termination (return value 0)
		Usr 0 00:16:15, Sys 0 00:00:09  -  Run Remote Usage
		Usr 0 00:00:00, Sys 0 00:00:00  -  Run Local Usage
		Usr 0 00:16:15, Sys 0 00:00:09  -  Total Remote Usage
		Usr 0 00:00:00, Sys 0 00:00:00  -  Total Local Usage
	0  -  Run Bytes Sent By Job
	0  -  Run Bytes Received By Job
	0  -  Total Bytes Sent By Job
	0  -  Total Bytes Received By Job
	Partitionable Resources :    Usage  Request Allocated
	   Cpus                 :                 1         1
	   Disk (KB)            :        1        1   1909593
	   Gpus                 :                           0
	   Memory (MB)          :      168        1     21164
...
000 (382877.000.000) 05/07 20:16:58 Job submitted from host: <128.83.144.155:57685?addrs=128.83.144.155-57685>
...
001 (382877.000.000) 05/07 20:37:55 Job executing on host: <128.83.139.143:55125?addrs=128.83.139.143-55125>
...
006 (382877.000.000) 05/07 20:38:03 Image size of job updated: 1
	2  -  MemoryUsage of job (MB)
	1620  -  ResidentSetSize of job (KB)
...
006 (382877.000.000) 05/07 20:43:03 Image size of job updated: 1148528
	159  -  MemoryUsage of job (MB)
	162716  -  ResidentSetSize of job (KB)
...
006 (382877.000.000) 05/07 20:48:04 Image size of job updated: 1148632
	162  -  MemoryUsage of job (MB)
	165708  -  ResidentSetSize of job (KB)
...
006 (382877.000.000) 05/07 20:53:04 Image size of job updated: 1148716
	164  -  MemoryUsage of job (MB)
	167864  -  ResidentSetSize of job (KB)
...
006 (382877.000.000) 05/07 20:58:04 Image size of job updated: 1148984
	167  -  MemoryUsage of job (MB)
	170124  -  ResidentSetSize of job (KB)
...
005 (382877.000.000) 05/07 21:00:08 Job terminated.
	(1) Normal termination (return value 0)
		Usr 0 00:20:14, Sys 0 00:00:14  -  Run Remote Usage
		Usr 0 00:00:00, Sys 0 00:00:00  -  Run Local Usage
		Usr 0 00:20:14, Sys 0 00:00:14  -  Total Remote Usage
		Usr 0 00:00:00, Sys 0 00:00:00  -  Total Local Usage
	0  -  Run Bytes Sent By Job
	0  -  Run Bytes Received By Job
	0  -  Total Bytes Sent By Job
	0  -  Total Bytes Received By Job
	Partitionable Resources :    Usage  Request Allocated
	   Cpus                 :                 1         1
	   Disk (KB)            :        1        1   7526610
	   Gpus                 :                           0
	   Memory (MB)          :      167        1      4027
...
000 (384119.000.000) 05/08 05:53:00 Job submitted from host: <128.83.144.155:57685?addrs=128.83.144.155-57685>
...
001 (384119.000.000) 05/08 06:16:29 Job executing on host: <128.83.139.14:44306?addrs=128.83.139.14-44306>
...
006 (384119.000.000) 05/08 06:16:37 Image size of job updated: 1
	2  -  MemoryUsage of job (MB)
	1672  -  ResidentSetSize of job (KB)
...
006 (384119.000.000) 05/08 06:21:37 Image size of job updated: 1148520
	157  -  MemoryUsage of job (MB)
	160216  -  ResidentSetSize of job (KB)
...
006 (384119.000.000) 05/08 06:26:38 Image size of job updated: 1148880
	160  -  MemoryUsage of job (MB)
	163108  -  ResidentSetSize of job (KB)
...
006 (384119.000.000) 05/08 06:31:38 Image size of job updated: 1148960
	162  -  MemoryUsage of job (MB)
	165560  -  ResidentSetSize of job (KB)
...
006 (384119.000.000) 05/08 06:36:38 Image size of job updated: 1148960
	164  -  MemoryUsage of job (MB)
	167188  -  ResidentSetSize of job (KB)
...
006 (384119.000.000) 05/08 06:39:35 Image size of job updated: 1148976
	164  -  MemoryUsage of job (MB)
	167188  -  ResidentSetSize of job (KB)
...
005 (384119.000.000) 05/08 06:39:35 Job terminated.
	(1) Normal termination (return value 0)
		Usr 0 00:22:26, Sys 0 00:00:25  -  Run Remote Usage
		Usr 0 00:00:00, Sys 0 00:00:00  -  Run Local Usage
		Usr 0 00:22:26, Sys 0 00:00:25  -  Total Remote Usage
		Usr 0 00:00:00, Sys 0 00:00:00  -  Total Local Usage
	0  -  Run Bytes Sent By Job
	0  -  Run Bytes Received By Job
	0  -  Total Bytes Sent By Job
	0  -  Total Bytes Received By Job
	Partitionable Resources :    Usage  Request Allocated
	   Cpus                 :                 1         1
	   Disk (KB)            :        1        1   1675495
	   Gpus                 :                           0
	   Memory (MB)          :      164        1     12899
...
000 (417512.000.000) 05/09 03:37:25 Job submitted from host: <128.83.144.154:52346?addrs=128.83.144.154-52346>
...
001 (417512.000.000) 05/09 04:00:21 Job executing on host: <128.83.139.143:55125?addrs=128.83.139.143-55125>
...
006 (417512.000.000) 05/09 04:00:30 Image size of job updated: 1148152
	118  -  MemoryUsage of job (MB)
	120332  -  ResidentSetSize of job (KB)
...
006 (417512.000.000) 05/09 04:05:31 Image size of job updated: 1148876
	162  -  MemoryUsage of job (MB)
	165704  -  ResidentSetSize of job (KB)
...
006 (417512.000.000) 05/09 04:10:31 Image size of job updated: 1148964
	166  -  MemoryUsage of job (MB)
	169036  -  ResidentSetSize of job (KB)
...
006 (417512.000.000) 05/09 04:15:32 Image size of job updated: 1148964
	168  -  MemoryUsage of job (MB)
	171184  -  ResidentSetSize of job (KB)
...
006 (417512.000.000) 05/09 04:18:06 Image size of job updated: 1148980
	168  -  MemoryUsage of job (MB)
	171184  -  ResidentSetSize of job (KB)
...
005 (417512.000.000) 05/09 04:18:06 Job terminated.
	(1) Normal termination (return value 0)
		Usr 0 00:17:13, Sys 0 00:00:09  -  Run Remote Usage
		Usr 0 00:00:00, Sys 0 00:00:00  -  Run Local Usage
		Usr 0 00:17:13, Sys 0 00:00:09  -  Total Remote Usage
		Usr 0 00:00:00, Sys 0 00:00:00  -  Total Local Usage
	0  -  Run Bytes Sent By Job
	0  -  Run Bytes Received By Job
	0  -  Total Bytes Sent By Job
	0  -  Total Bytes Received By Job
	Partitionable Resources :    Usage  Request Allocated
	   Cpus                 :                 1         1
	   Disk (KB)            :        2        2   7539964
	   Gpus                 :                           0
	   Memory (MB)          :      168        1      4027
...
