000 (516098.000.000) 05/05 17:13:20 Job submitted from host: <128.83.144.149:44250?addrs=128.83.144.149-44250>
...
009 (516098.000.000) 05/05 17:14:26 Job was aborted by the user.
	via condor_rm (by user ypei)
...
000 (516305.000.000) 05/05 17:15:05 Job submitted from host: <128.83.144.149:44250?addrs=128.83.144.149-44250>
...
009 (516305.000.000) 05/05 17:18:07 Job was aborted by the user.
	via condor_rm (by user ypei)
...
000 (516512.000.000) 05/05 17:18:35 Job submitted from host: <128.83.144.149:44250?addrs=128.83.144.149-44250>
...
009 (516512.000.000) 05/05 17:21:26 Job was aborted by the user.
	via condor_rm (by user ypei)
...
000 (517133.000.000) 05/05 17:21:59 Job submitted from host: <128.83.144.149:44250?addrs=128.83.144.149-44250>
...
001 (517133.000.000) 05/05 17:34:41 Job executing on host: <128.83.139.14:44306?addrs=128.83.139.14-44306>
...
006 (517133.000.000) 05/05 17:34:49 Image size of job updated: 835028
	58  -  MemoryUsage of job (MB)
	58540  -  ResidentSetSize of job (KB)
...
006 (517133.000.000) 05/05 17:39:49 Image size of job updated: 1077768
	210  -  MemoryUsage of job (MB)
	214824  -  ResidentSetSize of job (KB)
...
006 (517133.000.000) 05/05 17:44:50 Image size of job updated: 1077776
	219  -  MemoryUsage of job (MB)
	223356  -  ResidentSetSize of job (KB)
...
005 (517133.000.000) 05/05 17:46:52 Job terminated.
	(1) Normal termination (return value 0)
		Usr 0 00:11:55, Sys 0 00:00:09  -  Run Remote Usage
		Usr 0 00:00:00, Sys 0 00:00:00  -  Run Local Usage
		Usr 0 00:11:55, Sys 0 00:00:09  -  Total Remote Usage
		Usr 0 00:00:00, Sys 0 00:00:00  -  Total Local Usage
	0  -  Run Bytes Sent By Job
	0  -  Run Bytes Received By Job
	0  -  Total Bytes Sent By Job
	0  -  Total Bytes Received By Job
	Partitionable Resources :    Usage  Request Allocated
	   Cpus                 :                 1         1
	   Disk (KB)            :        1        1   1695320
	   Gpus                 :                           0
	   Memory (MB)          :      219        1     12899
...
000 (518168.000.000) 05/06 21:33:17 Job submitted from host: <128.83.144.149:44250?addrs=128.83.144.149-44250>
...
009 (518168.000.000) 05/06 21:33:42 Job was aborted by the user.
	via condor_rm (by user ypei)
...
000 (518375.000.000) 05/06 21:34:25 Job submitted from host: <128.83.144.149:44250?addrs=128.83.144.149-44250>
...
001 (518375.000.000) 05/06 21:52:31 Job executing on host: <128.83.120.230:37764?addrs=128.83.120.230-37764>
...
006 (518375.000.000) 05/06 21:52:40 Image size of job updated: 1
	2  -  MemoryUsage of job (MB)
	1684  -  ResidentSetSize of job (KB)
...
006 (518375.000.000) 05/06 21:57:41 Image size of job updated: 1077784
	202  -  MemoryUsage of job (MB)
	206372  -  ResidentSetSize of job (KB)
...
006 (518375.000.000) 05/06 22:02:42 Image size of job updated: 1077800
	215  -  MemoryUsage of job (MB)
	219972  -  ResidentSetSize of job (KB)
...
006 (518375.000.000) 05/06 22:07:42 Image size of job updated: 1077808
	220  -  MemoryUsage of job (MB)
	224392  -  ResidentSetSize of job (KB)
...
006 (518375.000.000) 05/06 22:12:42 Image size of job updated: 1077808
	222  -  MemoryUsage of job (MB)
	227220  -  ResidentSetSize of job (KB)
...
005 (518375.000.000) 05/06 22:17:24 Job terminated.
	(1) Normal termination (return value 0)
		Usr 0 00:24:10, Sys 0 00:00:37  -  Run Remote Usage
		Usr 0 00:00:00, Sys 0 00:00:00  -  Run Local Usage
		Usr 0 00:24:10, Sys 0 00:00:37  -  Total Remote Usage
		Usr 0 00:00:00, Sys 0 00:00:00  -  Total Local Usage
	0  -  Run Bytes Sent By Job
	0  -  Run Bytes Received By Job
	0  -  Total Bytes Sent By Job
	0  -  Total Bytes Received By Job
	Partitionable Resources :    Usage  Request Allocated
	   Cpus                 :                 1         1
	   Disk (KB)            :        1        1    792422
	   Gpus                 :                           0
	   Memory (MB)          :      222        1     12899
...
000 (381943.000.000) 05/07 00:29:10 Job submitted from host: <128.83.144.155:57685?addrs=128.83.144.155-57685>
...
001 (381943.000.000) 05/07 00:46:38 Job executing on host: <128.83.120.250:59851?addrs=128.83.120.250-59851>
...
006 (381943.000.000) 05/07 00:46:47 Image size of job updated: 1004176
	86  -  MemoryUsage of job (MB)
	87828  -  ResidentSetSize of job (KB)
...
006 (381943.000.000) 05/07 00:51:48 Image size of job updated: 1012252
	197  -  MemoryUsage of job (MB)
	200732  -  ResidentSetSize of job (KB)
...
006 (381943.000.000) 05/07 00:56:48 Image size of job updated: 1077804
	204  -  MemoryUsage of job (MB)
	208568  -  ResidentSetSize of job (KB)
...
006 (381943.000.000) 05/07 01:01:49 Image size of job updated: 1077812
	207  -  MemoryUsage of job (MB)
	211428  -  ResidentSetSize of job (KB)
...
006 (381943.000.000) 05/07 01:06:50 Image size of job updated: 1077812
	208  -  MemoryUsage of job (MB)
	212664  -  ResidentSetSize of job (KB)
...
006 (381943.000.000) 05/07 01:11:50 Image size of job updated: 1077812
	210  -  MemoryUsage of job (MB)
	214568  -  ResidentSetSize of job (KB)
...
005 (381943.000.000) 05/07 01:13:00 Job terminated.
	(1) Normal termination (return value 0)
		Usr 0 00:25:36, Sys 0 00:00:37  -  Run Remote Usage
		Usr 0 00:00:00, Sys 0 00:00:00  -  Run Local Usage
		Usr 0 00:25:36, Sys 0 00:00:37  -  Total Remote Usage
		Usr 0 00:00:00, Sys 0 00:00:00  -  Total Local Usage
	0  -  Run Bytes Sent By Job
	0  -  Run Bytes Received By Job
	0  -  Total Bytes Sent By Job
	0  -  Total Bytes Received By Job
	Partitionable Resources :    Usage  Request Allocated
	   Cpus                 :                 1         1
	   Disk (KB)            :        1        1    798512
	   Gpus                 :                           0
	   Memory (MB)          :      210        1     12899
...
