[SNIPER] Start
Sampler: 4, 32, 0
itlb_cache: 32, 1
itlb_cache_L1: 32, 1
Sampler: 4, 128, 0
dtlb_cache: 128, 4
dtlb_cache_L1: 128, 4
L1-I 2
Sampler: 4, 4, 128
L1-I: 2048, 64
L1-I_L1: 2048, 64
L1-D 3
Sampler: 4, 8, 32
L1-D: 1024, 32
L1-D_L1: 1024, 32
L2 4
Sampler: 122, 16, 16
L2: 32768, 1024
L2_L1: 32768, 1024
Executing Python script /v/filer4b/v20q001/ypei/Desktop/cs395t-lin/output/run_all_hybrid_headroom2/gcc/1/sim.scripts.py
[STOPBYICOUNT] Starting in ROI (detail)
[STOPBYICOUNT] Then stopping after simulating at least 250000000 instructions in detail
[SNIPER] --------------------------------------------------------------------------------
[SNIPER] Sniper using SIFT/trace-driven frontend
[SNIPER] Running full application in DETAILED mode
[SNIPER] --------------------------------------------------------------------------------
[SNIPER] Enabling performance models
[SNIPER] Setting instrumentation mode to DETAILED
[STOPBYICOUNT] Ending ROI after 250000003 instructions (250000000 requested)
[SNIPER] Disabling performance models
[SNIPER] Leaving ROI after 1159.47 seconds
[SNIPER] Simulated 250.0M instructions, 318.1M cycles, 0.79 IPC
[SNIPER] Simulation speed 215.6 KIPS (215.6 KIPS / target core - 4637.6ns/instr)
[SNIPER] Setting instrumentation mode to FAST_FORWARD
[app0] [SIFT_RECORDER] sift_writer.cc:550: Sift::Mode Sift::Writer::Sync(): Assertion `!response->fail()' failed.
[app0] Pin app terminated abnormally due to signal 6.
Hawkeye Victims: 0
LRU Victims: 0
Hawkeye Victims: 0
LRU Victims: 0
Hawkeye Victims: 0
LRU Victims: 0
a test for execution

Inserted: 0
Redundant.progress: 0
Redundant.cache: 0
Redundant.buffer: 0
Hawkeye Victims: 0
LRU Victims: 0
a test for execution

Inserted: 0
Redundant.progress: 0
Redundant.cache: 0
Redundant.buffer: 0
Hawkeye Victims: 0
LRU Victims: 0
 =========================================================== 
Triggers: 239315
Repeats: 0

Same addr: 103104 43.083
New addr: 323 0.134969

Distribution of new addresses: 
Stream Head: 81 25.0774
Stream Divergence: 7477 2314.86

Invalidation count: 11750 3637.77
No Conflict count: 6374 1973.37
Same Stream count: 0 0
New Stream count: 0 0

Not found: 64975
On Chip Mispredictions: 0
 =========================================================== 
Distribution of predictions: 
Predict Init: 185767 77.6245
Total Predictions: 101806
Predict OCI Miss: 83886 45.1566
Predict Stream End: 83961 45.1969
Buffer Success: 0 0
Stride Distribution: 0, 117483, 31326, 0, 0, 0, 0, 0, 6302, 0, 10672, 0, 3726, 0, 0, 0, 0, 0, 0, 0, 0, 0, 0, 0, 0, 0, 0, 0, 0, 0, 0, 0, 0, 0, 0, 0, 0, 0, 0, 0, 0, 0, 0, 0, 0, 0, 0, 0, 0, 0, 0, 0, 0, 0, 0, 0, 0, 0, 0, 0, 0, 0, 0, 0, 0, 0, 33, 0, 0, 0, 0, 0, 25302080, 0, 49, 0, 15, 0, 15, 0, 0, 6644585, 1868787317, 1915577714, 1702195557, 7566451, 113, 0, 5073232, 0, 21975440, 0, 0, 0, 5073232, 0, 22533856, 0, 0, 0, 5073232, 0, 22806208, 0, 0, 0, 5165152, 0, 1191120240, 11095, 0, 11095, 25300384, 0, 49, 0, 6, 0, 6, 0, 0, 0, 1919906931, 29541, 48, 0, 49, 0, 
a test for execution

Inserted: 161935
Redundant.progress: 5466
Redundant.cache: 123391
Redundant.buffer: 0
[SNIPER] End
[SNIPER] Elapsed time: 1226.37 seconds
