[SNIPER] Start
Sampler: 4, 32, 0
itlb_cache: 32, 1
itlb_cache_L1: 32, 1
Sampler: 4, 128, 0
dtlb_cache: 128, 4
dtlb_cache_L1: 128, 4
L1-I 2
Sampler: 4, 4, 128
L1-I: 2048, 64
L1-I_L1: 2048, 64
L1-D 3
Sampler: 4, 8, 32
L1-D: 1024, 32
L1-D_L1: 1024, 32
L2 4
Sampler: 122, 16, 16
L2: 32768, 1024
L2_L1: 32768, 1024
Executing Python script /v/filer4b/v20q001/ypei/Desktop/cs395t-lin/output/run_all_hybrid_headroom2/omnetpp/12/sim.scripts.py
[STOPBYICOUNT] Starting in ROI (detail)
[STOPBYICOUNT] Then stopping after simulating at least 250000000 instructions in detail
[SNIPER] --------------------------------------------------------------------------------
[SNIPER] Sniper using SIFT/trace-driven frontend
[SNIPER] Running full application in DETAILED mode
[SNIPER] --------------------------------------------------------------------------------
[SNIPER] Enabling performance models
[SNIPER] Setting instrumentation mode to DETAILED
[STOPBYICOUNT] Ending ROI after 250000001 instructions (250000000 requested)
[SNIPER] Disabling performance models
[SNIPER] Leaving ROI after 1118.51 seconds
[SNIPER] Simulated 250.0M instructions, 356.8M cycles, 0.70 IPC
[SNIPER] Simulation speed 223.5 KIPS (223.5 KIPS / target core - 4473.9ns/instr)
[SNIPER] Setting instrumentation mode to FAST_FORWARD
[app0] [SIFT_RECORDER] sift_writer.cc:550: Sift::Mode Sift::Writer::Sync(): Assertion `!response->fail()' failed.
Hawkeye Victims: 0
LRU Victims: 0
Hawkeye Victims: 0
LRU Victims: 0
Hawkeye Victims: 0
LRU Victims: 0
a test for execution

[app0] Pin app terminated abnormally due to signal 6.
Inserted: 0
Redundant.progress: 0
Redundant.cache: 0
Redundant.buffer: 0
Hawkeye Victims: 0
LRU Victims: 0
a test for execution

Inserted: 0
Redundant.progress: 0
Redundant.cache: 0
Redundant.buffer: 0
Hawkeye Victims: 0
LRU Victims: 0
 =========================================================== 
Triggers: 20590358
Repeats: 0

Same addr: 20499890 99.5606
New addr: 265 0.00128701

Distribution of new addresses: 
Stream Head: 242 91.3208
Stream Divergence: 22431 8464.53

Invalidation count: 22866 8628.68
No Conflict count: 437 164.906
Same Stream count: 0 0
New Stream count: 0 0

Not found: 86487
On Chip Mispredictions: 0
 =========================================================== 
Distribution of predictions: 
Predict Init: 20526472 99.6897
Total Predictions: 20441355
Predict OCI Miss: 3950 0.0192434
Predict Stream End: 85117 0.414669
Buffer Success: 0 0
Stride Distribution: 0, 2617399, 2649600, 2773800, 2410400, 1297200, 1416800, 1587759, 1430600, 1163800, 55200, 188600, 331200, 266800, 354200, 533600, 326600, 0, 657800, 0, 248400, 0, 0, 0, 9200, 0, 0, 0, 0, 0, 73600, 0, 46000, 0, 0, 0, 36800, 0, 0, 0, 115000, 0, 0, 0, 0, 0, 0, 0, 0, 0, 0, 0, 0, 0, 0, 0, 0, 0, 0, 0, 0, 0, 0, 0, 0, 0, 33, 0, 0, 0, 0, 0, 30311584, 0, 49, 0, 15, 0, 15, 0, 0, 6644585, 1868787317, 1915577714, 1702195557, 7566451, 113, 0, 5073232, 0, 26984944, 0, 0, 0, 5073232, 0, 27543360, 0, 0, 0, 5073232, 0, 27815712, 0, 0, 0, 5165152, 0, 216505712, 11070, 0, 11070, 30309888, 0, 49, 0, 6, 0, 6, 0, 0, 0, 1919906931, 29541, 48, 0, 49, 0, 
a test for execution

Inserted: 22463045
Redundant.progress: 2821154
Redundant.cache: 11340833
Redundant.buffer: 0
[SNIPER] End
[SNIPER] Elapsed time: 1184.52 seconds
