000 (516041.000.000) 05/05 17:13:15 Job submitted from host: <128.83.144.149:44250?addrs=128.83.144.149-44250>
...
001 (516041.000.000) 05/05 17:13:34 Job executing on host: <128.83.120.229:58979?addrs=128.83.120.229-58979>
...
006 (516041.000.000) 05/05 17:13:43 Image size of job updated: 915856
	56  -  MemoryUsage of job (MB)
	56796  -  ResidentSetSize of job (KB)
...
006 (516041.000.000) 05/05 17:14:27 Image size of job updated: 917392
	56  -  MemoryUsage of job (MB)
	56796  -  ResidentSetSize of job (KB)
...
004 (516041.000.000) 05/05 17:14:27 Job was evicted.
	(0) Job was not checkpointed.
		Usr 0 00:00:00, Sys 0 00:00:00  -  Run Remote Usage
		Usr 0 00:00:00, Sys 0 00:00:00  -  Run Local Usage
	0  -  Run Bytes Sent By Job
	0  -  Run Bytes Received By Job
	Partitionable Resources :    Usage  Request Allocated
	   Cpus                 :                 1         1
	   Disk (KB)            :        1        1    828970
	   Gpus                 :                           0
	   Memory (MB)          :       56        1     12899
...
009 (516041.000.000) 05/05 17:14:28 Job was aborted by the user.
	via condor_rm (by user ypei)
...
000 (516266.000.000) 05/05 17:14:57 Job submitted from host: <128.83.144.149:44250?addrs=128.83.144.149-44250>
...
001 (516266.000.000) 05/05 17:15:04 Job executing on host: <128.83.139.14:44306?addrs=128.83.139.14-44306>
...
006 (516266.000.000) 05/05 17:15:12 Image size of job updated: 119240
	11  -  MemoryUsage of job (MB)
	10288  -  ResidentSetSize of job (KB)
...
006 (516266.000.000) 05/05 17:18:12 Image size of job updated: 1087184
	11  -  MemoryUsage of job (MB)
	10288  -  ResidentSetSize of job (KB)
...
004 (516266.000.000) 05/05 17:18:12 Job was evicted.
	(0) Job was not checkpointed.
		Usr 0 00:01:14, Sys 0 00:00:01  -  Run Remote Usage
		Usr 0 00:00:00, Sys 0 00:00:00  -  Run Local Usage
	0  -  Run Bytes Sent By Job
	0  -  Run Bytes Received By Job
	Partitionable Resources :    Usage  Request Allocated
	   Cpus                 :                 1         1
	   Disk (KB)            :        1        1   1695320
	   Gpus                 :                           0
	   Memory (MB)          :       11        1     12899
...
009 (516266.000.000) 05/05 17:18:12 Job was aborted by the user.
	via condor_rm (by user ypei)
...
000 (516473.000.000) 05/05 17:18:27 Job submitted from host: <128.83.144.149:44250?addrs=128.83.144.149-44250>
...
001 (516473.000.000) 05/05 17:19:00 Job executing on host: <128.83.120.128:51378?addrs=128.83.120.128-51378>
...
006 (516473.000.000) 05/05 17:19:09 Image size of job updated: 915852
	56  -  MemoryUsage of job (MB)
	56764  -  ResidentSetSize of job (KB)
...
006 (516473.000.000) 05/05 17:21:21 Image size of job updated: 1087180
	205  -  MemoryUsage of job (MB)
	209096  -  ResidentSetSize of job (KB)
...
004 (516473.000.000) 05/05 17:21:21 Job was evicted.
	(0) Job was not checkpointed.
		Usr 0 00:01:04, Sys 0 00:00:01  -  Run Remote Usage
		Usr 0 00:00:00, Sys 0 00:00:00  -  Run Local Usage
	0  -  Run Bytes Sent By Job
	0  -  Run Bytes Received By Job
	Partitionable Resources :    Usage  Request Allocated
	   Cpus                 :                 1         1
	   Disk (KB)            :        1        1    812221
	   Gpus                 :                           0
	   Memory (MB)          :      205        1     12899
...
009 (516473.000.000) 05/05 17:21:21 Job was aborted by the user.
	via condor_rm (by user ypei)
...
000 (517094.000.000) 05/05 17:21:55 Job submitted from host: <128.83.144.149:44250?addrs=128.83.144.149-44250>
...
001 (517094.000.000) 05/05 17:22:24 Job executing on host: <128.83.144.13:57145?addrs=128.83.144.13-57145>
...
006 (517094.000.000) 05/05 17:22:32 Image size of job updated: 340324
	21  -  MemoryUsage of job (MB)
	21216  -  ResidentSetSize of job (KB)
...
006 (517094.000.000) 05/05 17:27:32 Image size of job updated: 1087180
	219  -  MemoryUsage of job (MB)
	224200  -  ResidentSetSize of job (KB)
...
006 (517094.000.000) 05/05 17:32:32 Image size of job updated: 1087184
	224  -  MemoryUsage of job (MB)
	229360  -  ResidentSetSize of job (KB)
...
006 (517094.000.000) 05/05 17:37:33 Image size of job updated: 1087184
	227  -  MemoryUsage of job (MB)
	232296  -  ResidentSetSize of job (KB)
...
006 (517094.000.000) 05/05 17:40:29 Image size of job updated: 1087436
	227  -  MemoryUsage of job (MB)
	232296  -  ResidentSetSize of job (KB)
...
005 (517094.000.000) 05/05 17:40:29 Job terminated.
	(1) Normal termination (return value 0)
		Usr 0 00:16:26, Sys 0 00:00:12  -  Run Remote Usage
		Usr 0 00:00:00, Sys 0 00:00:00  -  Run Local Usage
		Usr 0 00:16:26, Sys 0 00:00:12  -  Total Remote Usage
		Usr 0 00:00:00, Sys 0 00:00:00  -  Total Local Usage
	0  -  Run Bytes Sent By Job
	0  -  Run Bytes Received By Job
	0  -  Total Bytes Sent By Job
	0  -  Total Bytes Received By Job
	Partitionable Resources :    Usage  Request Allocated
	   Cpus                 :                 1         1
	   Disk (KB)            :        1        1    824402
	   Gpus                 :                           0
	   Memory (MB)          :      227        1     12899
...
000 (518129.000.000) 05/06 21:33:08 Job submitted from host: <128.83.144.149:44250?addrs=128.83.144.149-44250>
...
001 (518129.000.000) 05/06 21:33:15 Job executing on host: <128.83.144.13:57145?addrs=128.83.144.13-57145>
...
006 (518129.000.000) 05/06 21:33:23 Image size of job updated: 915988
	56  -  MemoryUsage of job (MB)
	56768  -  ResidentSetSize of job (KB)
...
006 (518129.000.000) 05/06 21:33:45 Image size of job updated: 918048
	57  -  MemoryUsage of job (MB)
	57832  -  ResidentSetSize of job (KB)
...
004 (518129.000.000) 05/06 21:33:45 Job was evicted.
	(0) Job was not checkpointed.
		Usr 0 00:00:00, Sys 0 00:00:00  -  Run Remote Usage
		Usr 0 00:00:00, Sys 0 00:00:00  -  Run Local Usage
	0  -  Run Bytes Sent By Job
	0  -  Run Bytes Received By Job
	Partitionable Resources :    Usage  Request Allocated
	   Cpus                 :                 1         1
	   Disk (KB)            :        1        1    797355
	   Gpus                 :                           0
	   Memory (MB)          :       57        1     12899
...
009 (518129.000.000) 05/06 21:33:47 Job was aborted by the user.
	via condor_rm (by user ypei)
...
000 (518336.000.000) 05/06 21:34:16 Job submitted from host: <128.83.144.149:44250?addrs=128.83.144.149-44250>
...
001 (518336.000.000) 05/06 21:34:25 Job executing on host: <128.83.120.250:59851?addrs=128.83.120.250-59851>
...
006 (518336.000.000) 05/06 21:34:34 Image size of job updated: 916500
	54  -  MemoryUsage of job (MB)
	55260  -  ResidentSetSize of job (KB)
...
006 (518336.000.000) 05/06 21:39:35 Image size of job updated: 1087352
	211  -  MemoryUsage of job (MB)
	215280  -  ResidentSetSize of job (KB)
...
006 (518336.000.000) 05/06 21:44:36 Image size of job updated: 1087352
	216  -  MemoryUsage of job (MB)
	220844  -  ResidentSetSize of job (KB)
...
006 (518336.000.000) 05/06 21:49:36 Image size of job updated: 1087352
	219  -  MemoryUsage of job (MB)
	223372  -  ResidentSetSize of job (KB)
...
006 (518336.000.000) 05/06 21:54:36 Image size of job updated: 1087608
	221  -  MemoryUsage of job (MB)
	225860  -  ResidentSetSize of job (KB)
...
005 (518336.000.000) 05/06 21:59:34 Job terminated.
	(1) Normal termination (return value 0)
		Usr 0 00:23:23, Sys 0 00:00:27  -  Run Remote Usage
		Usr 0 00:00:00, Sys 0 00:00:00  -  Run Local Usage
		Usr 0 00:23:23, Sys 0 00:00:27  -  Total Remote Usage
		Usr 0 00:00:00, Sys 0 00:00:00  -  Total Local Usage
	0  -  Run Bytes Sent By Job
	0  -  Run Bytes Received By Job
	0  -  Total Bytes Sent By Job
	0  -  Total Bytes Received By Job
	Partitionable Resources :    Usage  Request Allocated
	   Cpus                 :                 1         1
	   Disk (KB)            :        1        1    798513
	   Gpus                 :                           0
	   Memory (MB)          :      221        1     12899
...
000 (381904.000.000) 05/07 00:29:07 Job submitted from host: <128.83.144.155:57685?addrs=128.83.144.155-57685>
...
001 (381904.000.000) 05/07 00:29:21 Job executing on host: <128.83.144.5:44408?addrs=128.83.144.5-44408>
...
006 (381904.000.000) 05/07 00:29:29 Image size of job updated: 915856
	56  -  MemoryUsage of job (MB)
	56940  -  ResidentSetSize of job (KB)
...
006 (381904.000.000) 05/07 00:34:29 Image size of job updated: 1087216
	186  -  MemoryUsage of job (MB)
	190128  -  ResidentSetSize of job (KB)
...
006 (381904.000.000) 05/07 00:39:29 Image size of job updated: 1087216
	188  -  MemoryUsage of job (MB)
	192304  -  ResidentSetSize of job (KB)
...
006 (381904.000.000) 05/07 00:44:30 Image size of job updated: 1087216
	190  -  MemoryUsage of job (MB)
	194348  -  ResidentSetSize of job (KB)
...
005 (381904.000.000) 05/07 00:49:06 Job terminated.
	(1) Normal termination (return value 0)
		Usr 0 00:18:04, Sys 0 00:00:23  -  Run Remote Usage
		Usr 0 00:00:00, Sys 0 00:00:00  -  Run Local Usage
		Usr 0 00:18:04, Sys 0 00:00:23  -  Total Remote Usage
		Usr 0 00:00:00, Sys 0 00:00:00  -  Total Local Usage
	0  -  Run Bytes Sent By Job
	0  -  Run Bytes Received By Job
	0  -  Total Bytes Sent By Job
	0  -  Total Bytes Received By Job
	Partitionable Resources :    Usage  Request Allocated
	   Cpus                 :                 1         1
	   Disk (KB)            :        1        1    790418
	   Gpus                 :                           0
	   Memory (MB)          :      190        1     12899
...
