000 (516004.000.000) 05/05 17:13:11 Job submitted from host: <128.83.144.149:44250?addrs=128.83.144.149-44250>
...
001 (516004.000.000) 05/05 17:13:32 Job executing on host: <128.83.120.250:59851?addrs=128.83.120.250-59851>
...
006 (516004.000.000) 05/05 17:13:41 Image size of job updated: 776588
	52  -  MemoryUsage of job (MB)
	52412  -  ResidentSetSize of job (KB)
...
006 (516004.000.000) 05/05 17:14:25 Image size of job updated: 777260
	52  -  MemoryUsage of job (MB)
	52412  -  ResidentSetSize of job (KB)
...
004 (516004.000.000) 05/05 17:14:25 Job was evicted.
	(0) Job was not checkpointed.
		Usr 0 00:00:00, Sys 0 00:00:00  -  Run Remote Usage
		Usr 0 00:00:00, Sys 0 00:00:00  -  Run Local Usage
	0  -  Run Bytes Sent By Job
	0  -  Run Bytes Received By Job
	Partitionable Resources :    Usage  Request Allocated
	   Cpus                 :                 1         1
	   Disk (KB)            :        2        2    815266
	   Gpus                 :                           0
	   Memory (MB)          :       52        1     12899
...
009 (516004.000.000) 05/05 17:14:26 Job was aborted by the user.
	via condor_rm (by user ypei)
...
000 (516229.000.000) 05/05 17:14:54 Job submitted from host: <128.83.144.149:44250?addrs=128.83.144.149-44250>
...
001 (516229.000.000) 05/05 17:15:02 Job executing on host: <128.83.139.15:46714?addrs=128.83.139.15-46714>
...
006 (516229.000.000) 05/05 17:15:10 Image size of job updated: 776748
	52  -  MemoryUsage of job (MB)
	52684  -  ResidentSetSize of job (KB)
...
010 (516229.000.000) 05/05 17:17:18 Job was suspended.
	Number of processes actually suspended: 8
...
006 (516229.000.000) 05/05 17:17:18 Image size of job updated: 946472
	106  -  MemoryUsage of job (MB)
	108192  -  ResidentSetSize of job (KB)
...
006 (516229.000.000) 05/05 17:18:10 Image size of job updated: 946472
	107  -  MemoryUsage of job (MB)
	108776  -  ResidentSetSize of job (KB)
...
004 (516229.000.000) 05/05 17:18:10 Job was evicted.
	(0) Job was not checkpointed.
		Usr 0 00:00:18, Sys 0 00:00:01  -  Run Remote Usage
		Usr 0 00:00:00, Sys 0 00:00:00  -  Run Local Usage
	0  -  Run Bytes Sent By Job
	0  -  Run Bytes Received By Job
	Partitionable Resources :    Usage  Request Allocated
	   Cpus                 :                 1         1
	   Disk (KB)            :        2        2   1684662
	   Gpus                 :                           0
	   Memory (MB)          :      107        1     12899
...
009 (516229.000.000) 05/05 17:18:11 Job was aborted by the user.
	via condor_rm (by user ypei)
...
000 (516436.000.000) 05/05 17:18:24 Job submitted from host: <128.83.144.149:44250?addrs=128.83.144.149-44250>
...
001 (516436.000.000) 05/05 17:18:32 Job executing on host: <128.83.144.13:57145?addrs=128.83.144.13-57145>
...
006 (516436.000.000) 05/05 17:18:40 Image size of job updated: 776748
	52  -  MemoryUsage of job (MB)
	52668  -  ResidentSetSize of job (KB)
...
006 (516436.000.000) 05/05 17:21:25 Image size of job updated: 1078304
	52  -  MemoryUsage of job (MB)
	52668  -  ResidentSetSize of job (KB)
...
004 (516436.000.000) 05/05 17:21:25 Job was evicted.
	(0) Job was not checkpointed.
		Usr 0 00:01:19, Sys 0 00:00:01  -  Run Remote Usage
		Usr 0 00:00:00, Sys 0 00:00:00  -  Run Local Usage
	0  -  Run Bytes Sent By Job
	0  -  Run Bytes Received By Job
	Partitionable Resources :    Usage  Request Allocated
	   Cpus                 :                 1         1
	   Disk (KB)            :        2        2    824403
	   Gpus                 :                           0
	   Memory (MB)          :       52        1     12899
...
009 (516436.000.000) 05/05 17:21:25 Job was aborted by the user.
	via condor_rm (by user ypei)
...
000 (517057.000.000) 05/05 17:21:49 Job submitted from host: <128.83.144.149:44250?addrs=128.83.144.149-44250>
...
001 (517057.000.000) 05/05 17:21:55 Job executing on host: <128.83.120.229:58979?addrs=128.83.120.229-58979>
...
006 (517057.000.000) 05/05 17:22:03 Image size of job updated: 776748
	56  -  MemoryUsage of job (MB)
	56760  -  ResidentSetSize of job (KB)
...
006 (517057.000.000) 05/05 17:27:03 Image size of job updated: 1078304
	237  -  MemoryUsage of job (MB)
	241692  -  ResidentSetSize of job (KB)
...
006 (517057.000.000) 05/05 17:32:04 Image size of job updated: 1078848
	237  -  MemoryUsage of job (MB)
	242240  -  ResidentSetSize of job (KB)
...
006 (517057.000.000) 05/05 17:37:05 Image size of job updated: 1078888
	237  -  MemoryUsage of job (MB)
	242512  -  ResidentSetSize of job (KB)
...
006 (517057.000.000) 05/05 17:41:27 Image size of job updated: 1078908
	237  -  MemoryUsage of job (MB)
	242512  -  ResidentSetSize of job (KB)
...
005 (517057.000.000) 05/05 17:41:27 Job terminated.
	(1) Normal termination (return value 0)
		Usr 0 00:18:05, Sys 0 00:00:14  -  Run Remote Usage
		Usr 0 00:00:00, Sys 0 00:00:00  -  Run Local Usage
		Usr 0 00:18:05, Sys 0 00:00:14  -  Total Remote Usage
		Usr 0 00:00:00, Sys 0 00:00:00  -  Total Local Usage
	0  -  Run Bytes Sent By Job
	0  -  Run Bytes Received By Job
	0  -  Total Bytes Sent By Job
	0  -  Total Bytes Received By Job
	Partitionable Resources :    Usage  Request Allocated
	   Cpus                 :                 1         1
	   Disk (KB)            :        2        2    828961
	   Gpus                 :                           0
	   Memory (MB)          :      237        1     12899
...
000 (518092.000.000) 05/06 21:33:05 Job submitted from host: <128.83.144.149:44250?addrs=128.83.144.149-44250>
...
001 (518092.000.000) 05/06 21:33:15 Job executing on host: <128.83.139.9:47643?addrs=128.83.139.9-47643>
...
006 (518092.000.000) 05/06 21:33:24 Image size of job updated: 776876
	54  -  MemoryUsage of job (MB)
	54756  -  ResidentSetSize of job (KB)
...
006 (518092.000.000) 05/06 21:33:43 Image size of job updated: 778540
	54  -  MemoryUsage of job (MB)
	54756  -  ResidentSetSize of job (KB)
...
004 (518092.000.000) 05/06 21:33:43 Job was evicted.
	(0) Job was not checkpointed.
		Usr 0 00:00:00, Sys 0 00:00:00  -  Run Remote Usage
		Usr 0 00:00:00, Sys 0 00:00:00  -  Run Local Usage
	0  -  Run Bytes Sent By Job
	0  -  Run Bytes Received By Job
	Partitionable Resources :    Usage  Request Allocated
	   Cpus                 :                 1         1
	   Disk (KB)            :        2        2   1678568
	   Gpus                 :                           0
	   Memory (MB)          :       54        1     12899
...
009 (518092.000.000) 05/06 21:33:45 Job was aborted by the user.
	via condor_rm (by user ypei)
...
000 (518299.000.000) 05/06 21:34:13 Job submitted from host: <128.83.144.149:44250?addrs=128.83.144.149-44250>
...
001 (518299.000.000) 05/06 21:34:23 Job executing on host: <128.83.120.230:37764?addrs=128.83.120.230-37764>
...
006 (518299.000.000) 05/06 21:34:32 Image size of job updated: 776744
	52  -  MemoryUsage of job (MB)
	52680  -  ResidentSetSize of job (KB)
...
006 (518299.000.000) 05/06 21:39:33 Image size of job updated: 1078572
	237  -  MemoryUsage of job (MB)
	241856  -  ResidentSetSize of job (KB)
...
006 (518299.000.000) 05/06 21:44:34 Image size of job updated: 1078620
	237  -  MemoryUsage of job (MB)
	242076  -  ResidentSetSize of job (KB)
...
006 (518299.000.000) 05/06 21:49:34 Image size of job updated: 1078672
	237  -  MemoryUsage of job (MB)
	242212  -  ResidentSetSize of job (KB)
...
006 (518299.000.000) 05/06 21:53:58 Image size of job updated: 1078680
	237  -  MemoryUsage of job (MB)
	242212  -  ResidentSetSize of job (KB)
...
005 (518299.000.000) 05/06 21:53:58 Job terminated.
	(1) Normal termination (return value 0)
		Usr 0 00:17:47, Sys 0 00:00:26  -  Run Remote Usage
		Usr 0 00:00:00, Sys 0 00:00:00  -  Run Local Usage
		Usr 0 00:17:47, Sys 0 00:00:26  -  Total Remote Usage
		Usr 0 00:00:00, Sys 0 00:00:00  -  Total Local Usage
	0  -  Run Bytes Sent By Job
	0  -  Run Bytes Received By Job
	0  -  Total Bytes Sent By Job
	0  -  Total Bytes Received By Job
	Partitionable Resources :    Usage  Request Allocated
	   Cpus                 :                 1         1
	   Disk (KB)            :        2        2    792422
	   Gpus                 :                           0
	   Memory (MB)          :      237        1     12899
...
000 (381867.000.000) 05/07 00:29:04 Job submitted from host: <128.83.144.155:57685?addrs=128.83.144.155-57685>
...
001 (381867.000.000) 05/07 00:29:20 Job executing on host: <128.83.120.230:37764?addrs=128.83.120.230-37764>
...
006 (381867.000.000) 05/07 00:29:28 Image size of job updated: 777260
	52  -  MemoryUsage of job (MB)
	53188  -  ResidentSetSize of job (KB)
...
006 (381867.000.000) 05/07 00:34:28 Image size of job updated: 1078572
	237  -  MemoryUsage of job (MB)
	241812  -  ResidentSetSize of job (KB)
...
006 (381867.000.000) 05/07 00:39:29 Image size of job updated: 1078628
	237  -  MemoryUsage of job (MB)
	242096  -  ResidentSetSize of job (KB)
...
006 (381867.000.000) 05/07 00:44:30 Image size of job updated: 1078672
	237  -  MemoryUsage of job (MB)
	242188  -  ResidentSetSize of job (KB)
...
006 (381867.000.000) 05/07 00:48:51 Image size of job updated: 1078680
	237  -  MemoryUsage of job (MB)
	242188  -  ResidentSetSize of job (KB)
...
005 (381867.000.000) 05/07 00:48:51 Job terminated.
	(1) Normal termination (return value 0)
		Usr 0 00:17:46, Sys 0 00:00:32  -  Run Remote Usage
		Usr 0 00:00:00, Sys 0 00:00:00  -  Run Local Usage
		Usr 0 00:17:46, Sys 0 00:00:32  -  Total Remote Usage
		Usr 0 00:00:00, Sys 0 00:00:00  -  Total Local Usage
	0  -  Run Bytes Sent By Job
	0  -  Run Bytes Received By Job
	0  -  Total Bytes Sent By Job
	0  -  Total Bytes Received By Job
	Partitionable Resources :    Usage  Request Allocated
	   Cpus                 :                 1         1
	   Disk (KB)            :        2        2    792421
	   Gpus                 :                           0
	   Memory (MB)          :      237        1     12899
...
