[SNIPER] Start
Sampler: 4, 32, 0
itlb_cache: 32, 1
itlb_cache_L1: 32, 1
Sampler: 4, 128, 0
dtlb_cache: 128, 4
dtlb_cache_L1: 128, 4
L1-I 2
Sampler: 4, 4, 128
L1-I: 2048, 64
L1-I_L1: 2048, 64
L1-D 3
Sampler: 4, 8, 32
L1-D: 1024, 32
L1-D_L1: 1024, 32
L2 4
Sampler: 122, 16, 16
L2: 32768, 1024
L2_L1: 32768, 1024
Executing Python script /v/filer4b/v20q001/ypei/Desktop/cs395t-lin/output/low_bandwidth/run_all_hybrid_headroom9/xalancbmk/11/sim.scripts.py
[STOPBYICOUNT] Starting in ROI (detail)
[STOPBYICOUNT] Then stopping after simulating at least 250000000 instructions in detail
[SNIPER] --------------------------------------------------------------------------------
[SNIPER] Sniper using SIFT/trace-driven frontend
[SNIPER] Running full application in DETAILED mode
[SNIPER] --------------------------------------------------------------------------------
[SNIPER] Enabling performance models
[SNIPER] Setting instrumentation mode to DETAILED
[STOPBYICOUNT] Ending ROI after 250000003 instructions (250000000 requested)
[SNIPER] Disabling performance models
[SNIPER] Leaving ROI after 831.67 seconds
[SNIPER] Simulated 250.0M instructions, 287.3M cycles, 0.87 IPC
[SNIPER] Simulation speed 300.6 KIPS (300.6 KIPS / target core - 3326.7ns/instr)
[SNIPER] Setting instrumentation mode to FAST_FORWARD
Hawkeye Victims: 0
LRU Victims: 0
Hawkeye Victims: 0
LRU Victims: 0
Hawkeye Victims: 0
LRU Victims: 0
a test for execution
[app0] [SIFT_RECORDER] sift_writer.cc:550: Sift::Mode Sift::Writer::Sync(): Assertion `!response->fail()' failed.

Inserted: 0
Redundant.progress: 0
Redundant.cache: 0
Redundant.buffer: 0
Hawkeye Victims: 0
LRU Victims: 0
a test for execution

Inserted: 0
Redundant.progress: 0
Redundant.cache: 0
Redundant.buffer: 0
Hawkeye Victims: 0
LRU Victims: 0
[app0] Pin app terminated abnormally due to signal 6.
 =========================================================== 
Triggers: 7701086
Repeats: 0

Same addr: 7321075 95.0655
New addr: 246 0.00319435

Distribution of new addresses: 
Stream Head: 211 85.7724
Stream Divergence: 122567 49824

Invalidation count: 321516 130698
No Conflict count: 199789 81215
Same Stream count: 0 0
New Stream count: 0 0

Not found: 379077
On Chip Mispredictions: 0
 =========================================================== 
Distribution of predictions: 
Predict Init: 7643279 99.2494
Total Predictions: 7604859
Predict OCI Miss: 3090 0.0404277
Predict Stream End: 38420 0.502664
Buffer Success: 0 0
Stride Distribution: 0, 1471, 0, 0, 0, 0, 0, 0, 15824, 8786, 0, 4426902, 1738984, 546753, 279358, 289248, 219926, 0, 97290, 0, 44804, 0, 0, 0, 7130, 0, 0, 0, 0, 0, 11638, 0, 5796, 0, 0, 0, 2898, 0, 0, 0, 4278, 0, 0, 0, 0, 0, 0, 0, 0, 0, 0, 0, 0, 0, 0, 0, 0, 0, 0, 0, 0, 0, 0, 0, 0, 0, 33, 0, 0, 0, 0, 0, 27268432, 0, 49, 0, 15, 0, 15, 0, 0, 6644585, 1868787317, 1915577714, 1702195557, 7566451, 113, 0, 5073232, 0, 23941824, 0, 0, 0, 5073232, 0, 24500240, 0, 0, 0, 5073232, 0, 24772560, 0, 0, 0, 5165152, 0, 3882040688, 11025, 0, 11025, 27266736, 0, 49, 0, 6, 0, 6, 0, 0, 0, 1919906931, 29541, 48, 0, 49, 0, 
a test for execution

Inserted: 15298421
Redundant.progress: 6219792
Redundant.cache: 1379367
Redundant.buffer: 0
[SNIPER] End
[SNIPER] Elapsed time: 834.19 seconds
