000 (515996.000.000) 05/05 17:13:11 Job submitted from host: <128.83.144.149:44250?addrs=128.83.144.149-44250>
...
001 (515996.000.000) 05/05 17:13:31 Job executing on host: <128.83.120.250:59851?addrs=128.83.120.250-59851>
...
006 (515996.000.000) 05/05 17:13:39 Image size of job updated: 776584
	56  -  MemoryUsage of job (MB)
	56484  -  ResidentSetSize of job (KB)
...
006 (515996.000.000) 05/05 17:14:25 Image size of job updated: 777256
	56  -  MemoryUsage of job (MB)
	56484  -  ResidentSetSize of job (KB)
...
004 (515996.000.000) 05/05 17:14:25 Job was evicted.
	(0) Job was not checkpointed.
		Usr 0 00:00:00, Sys 0 00:00:00  -  Run Remote Usage
		Usr 0 00:00:00, Sys 0 00:00:00  -  Run Local Usage
	0  -  Run Bytes Sent By Job
	0  -  Run Bytes Received By Job
	Partitionable Resources :    Usage  Request Allocated
	   Cpus                 :                 1         1
	   Disk (KB)            :        2        2    815266
	   Gpus                 :                           0
	   Memory (MB)          :       56        1     12899
...
009 (515996.000.000) 05/05 17:14:26 Job was aborted by the user.
	via condor_rm (by user ypei)
...
000 (516221.000.000) 05/05 17:14:53 Job submitted from host: <128.83.144.149:44250?addrs=128.83.144.149-44250>
...
001 (516221.000.000) 05/05 17:15:01 Job executing on host: <128.83.139.15:46714?addrs=128.83.139.15-46714>
...
006 (516221.000.000) 05/05 17:15:09 Image size of job updated: 776744
	56  -  MemoryUsage of job (MB)
	56940  -  ResidentSetSize of job (KB)
...
006 (516221.000.000) 05/05 17:18:10 Image size of job updated: 946460
	56  -  MemoryUsage of job (MB)
	56940  -  ResidentSetSize of job (KB)
...
004 (516221.000.000) 05/05 17:18:10 Job was evicted.
	(0) Job was not checkpointed.
		Usr 0 00:01:08, Sys 0 00:00:01  -  Run Remote Usage
		Usr 0 00:00:00, Sys 0 00:00:00  -  Run Local Usage
	0  -  Run Bytes Sent By Job
	0  -  Run Bytes Received By Job
	Partitionable Resources :    Usage  Request Allocated
	   Cpus                 :                 1         1
	   Disk (KB)            :        2        2   1684662
	   Gpus                 :                           0
	   Memory (MB)          :       56        1     12899
...
009 (516221.000.000) 05/05 17:18:11 Job was aborted by the user.
	via condor_rm (by user ypei)
...
000 (516428.000.000) 05/05 17:18:23 Job submitted from host: <128.83.144.149:44250?addrs=128.83.144.149-44250>
...
001 (516428.000.000) 05/05 17:18:31 Job executing on host: <128.83.144.13:57145?addrs=128.83.144.13-57145>
...
006 (516428.000.000) 05/05 17:18:40 Image size of job updated: 776740
	52  -  MemoryUsage of job (MB)
	52656  -  ResidentSetSize of job (KB)
...
006 (516428.000.000) 05/05 17:21:19 Image size of job updated: 1067000
	52  -  MemoryUsage of job (MB)
	52656  -  ResidentSetSize of job (KB)
...
004 (516428.000.000) 05/05 17:21:19 Job was evicted.
	(0) Job was not checkpointed.
		Usr 0 00:01:13, Sys 0 00:00:01  -  Run Remote Usage
		Usr 0 00:00:00, Sys 0 00:00:00  -  Run Local Usage
	0  -  Run Bytes Sent By Job
	0  -  Run Bytes Received By Job
	Partitionable Resources :    Usage  Request Allocated
	   Cpus                 :                 1         1
	   Disk (KB)            :        2        2    824403
	   Gpus                 :                           0
	   Memory (MB)          :       52        1     12899
...
009 (516428.000.000) 05/05 17:21:20 Job was aborted by the user.
	via condor_rm (by user ypei)
...
000 (517049.000.000) 05/05 17:21:48 Job submitted from host: <128.83.144.149:44250?addrs=128.83.144.149-44250>
...
001 (517049.000.000) 05/05 17:21:54 Job executing on host: <128.83.120.229:58979?addrs=128.83.120.229-58979>
...
006 (517049.000.000) 05/05 17:22:02 Image size of job updated: 777256
	56  -  MemoryUsage of job (MB)
	57272  -  ResidentSetSize of job (KB)
...
006 (517049.000.000) 05/05 17:27:02 Image size of job updated: 1078168
	242  -  MemoryUsage of job (MB)
	247612  -  ResidentSetSize of job (KB)
...
006 (517049.000.000) 05/05 17:32:03 Image size of job updated: 1078956
	243  -  MemoryUsage of job (MB)
	248448  -  ResidentSetSize of job (KB)
...
006 (517049.000.000) 05/05 17:37:03 Image size of job updated: 1078992
	243  -  MemoryUsage of job (MB)
	248720  -  ResidentSetSize of job (KB)
...
006 (517049.000.000) 05/05 17:42:03 Image size of job updated: 1078992
	243  -  MemoryUsage of job (MB)
	248808  -  ResidentSetSize of job (KB)
...
005 (517049.000.000) 05/05 17:42:19 Job terminated.
	(1) Normal termination (return value 0)
		Usr 0 00:18:55, Sys 0 00:00:15  -  Run Remote Usage
		Usr 0 00:00:00, Sys 0 00:00:00  -  Run Local Usage
		Usr 0 00:18:55, Sys 0 00:00:15  -  Total Remote Usage
		Usr 0 00:00:00, Sys 0 00:00:00  -  Total Local Usage
	0  -  Run Bytes Sent By Job
	0  -  Run Bytes Received By Job
	0  -  Total Bytes Sent By Job
	0  -  Total Bytes Received By Job
	Partitionable Resources :    Usage  Request Allocated
	   Cpus                 :                 1         1
	   Disk (KB)            :        2        2    828961
	   Gpus                 :                           0
	   Memory (MB)          :      243        1     12899
...
000 (518084.000.000) 05/06 21:33:05 Job submitted from host: <128.83.144.149:44250?addrs=128.83.144.149-44250>
...
001 (518084.000.000) 05/06 21:33:14 Job executing on host: <128.83.139.9:47643?addrs=128.83.139.9-47643>
...
006 (518084.000.000) 05/06 21:33:23 Image size of job updated: 776740
	56  -  MemoryUsage of job (MB)
	56764  -  ResidentSetSize of job (KB)
...
006 (518084.000.000) 05/06 21:33:43 Image size of job updated: 778800
	57  -  MemoryUsage of job (MB)
	57788  -  ResidentSetSize of job (KB)
...
004 (518084.000.000) 05/06 21:33:43 Job was evicted.
	(0) Job was not checkpointed.
		Usr 0 00:00:00, Sys 0 00:00:00  -  Run Remote Usage
		Usr 0 00:00:00, Sys 0 00:00:00  -  Run Local Usage
	0  -  Run Bytes Sent By Job
	0  -  Run Bytes Received By Job
	Partitionable Resources :    Usage  Request Allocated
	   Cpus                 :                 1         1
	   Disk (KB)            :        2        2   1678568
	   Gpus                 :                           0
	   Memory (MB)          :       57        1     12899
...
009 (518084.000.000) 05/06 21:33:45 Job was aborted by the user.
	via condor_rm (by user ypei)
...
000 (518291.000.000) 05/06 21:34:12 Job submitted from host: <128.83.144.149:44250?addrs=128.83.144.149-44250>
...
001 (518291.000.000) 05/06 21:34:23 Job executing on host: <128.83.139.14:44306?addrs=128.83.139.14-44306>
...
006 (518291.000.000) 05/06 21:34:31 Image size of job updated: 776876
	54  -  MemoryUsage of job (MB)
	54732  -  ResidentSetSize of job (KB)
...
006 (518291.000.000) 05/06 21:39:31 Image size of job updated: 1078560
	236  -  MemoryUsage of job (MB)
	241460  -  ResidentSetSize of job (KB)
...
006 (518291.000.000) 05/06 21:44:31 Image size of job updated: 1078784
	237  -  MemoryUsage of job (MB)
	241940  -  ResidentSetSize of job (KB)
...
006 (518291.000.000) 05/06 21:49:32 Image size of job updated: 1078892
	237  -  MemoryUsage of job (MB)
	242124  -  ResidentSetSize of job (KB)
...
006 (518291.000.000) 05/06 21:54:32 Image size of job updated: 1079156
	237  -  MemoryUsage of job (MB)
	242244  -  ResidentSetSize of job (KB)
...
005 (518291.000.000) 05/06 21:58:24 Job terminated.
	(1) Normal termination (return value 0)
		Usr 0 00:22:16, Sys 0 00:00:24  -  Run Remote Usage
		Usr 0 00:00:00, Sys 0 00:00:00  -  Run Local Usage
		Usr 0 00:22:16, Sys 0 00:00:24  -  Total Remote Usage
		Usr 0 00:00:00, Sys 0 00:00:00  -  Total Local Usage
	0  -  Run Bytes Sent By Job
	0  -  Run Bytes Received By Job
	0  -  Total Bytes Sent By Job
	0  -  Total Bytes Received By Job
	Partitionable Resources :    Usage  Request Allocated
	   Cpus                 :                 1         1
	   Disk (KB)            :        2        2   1675522
	   Gpus                 :                           0
	   Memory (MB)          :      237        1     12899
...
000 (381859.000.000) 05/07 00:29:04 Job submitted from host: <128.83.144.155:57685?addrs=128.83.144.155-57685>
...
001 (381859.000.000) 05/07 00:29:18 Job executing on host: <128.83.120.230:37764?addrs=128.83.120.230-37764>
...
006 (381859.000.000) 05/07 00:29:27 Image size of job updated: 776740
	56  -  MemoryUsage of job (MB)
	56924  -  ResidentSetSize of job (KB)
...
006 (381859.000.000) 05/07 00:34:28 Image size of job updated: 1078424
	238  -  MemoryUsage of job (MB)
	243692  -  ResidentSetSize of job (KB)
...
006 (381859.000.000) 05/07 00:39:29 Image size of job updated: 1078728
	239  -  MemoryUsage of job (MB)
	244332  -  ResidentSetSize of job (KB)
...
006 (381859.000.000) 05/07 00:44:29 Image size of job updated: 1078764
	239  -  MemoryUsage of job (MB)
	244392  -  ResidentSetSize of job (KB)
...
006 (381859.000.000) 05/07 00:49:30 Image size of job updated: 1078764
	239  -  MemoryUsage of job (MB)
	244460  -  ResidentSetSize of job (KB)
...
006 (381859.000.000) 05/07 00:50:16 Image size of job updated: 1079020
	239  -  MemoryUsage of job (MB)
	244460  -  ResidentSetSize of job (KB)
...
005 (381859.000.000) 05/07 00:50:16 Job terminated.
	(1) Normal termination (return value 0)
		Usr 0 00:19:14, Sys 0 00:00:25  -  Run Remote Usage
		Usr 0 00:00:00, Sys 0 00:00:00  -  Run Local Usage
		Usr 0 00:19:14, Sys 0 00:00:25  -  Total Remote Usage
		Usr 0 00:00:00, Sys 0 00:00:00  -  Total Local Usage
	0  -  Run Bytes Sent By Job
	0  -  Run Bytes Received By Job
	0  -  Total Bytes Sent By Job
	0  -  Total Bytes Received By Job
	Partitionable Resources :    Usage  Request Allocated
	   Cpus                 :                 1         1
	   Disk (KB)            :        2        2    792421
	   Gpus                 :                           0
	   Memory (MB)          :      239        1     12899
...
