000 (516045.000.000) 05/05 17:13:15 Job submitted from host: <128.83.144.149:44250?addrs=128.83.144.149-44250>
...
001 (516045.000.000) 05/05 17:13:35 Job executing on host: <128.83.120.229:58979?addrs=128.83.120.229-58979>
...
006 (516045.000.000) 05/05 17:13:43 Image size of job updated: 892632
	54  -  MemoryUsage of job (MB)
	55080  -  ResidentSetSize of job (KB)
...
006 (516045.000.000) 05/05 17:14:27 Image size of job updated: 894168
	55  -  MemoryUsage of job (MB)
	55636  -  ResidentSetSize of job (KB)
...
004 (516045.000.000) 05/05 17:14:27 Job was evicted.
	(0) Job was not checkpointed.
		Usr 0 00:00:00, Sys 0 00:00:00  -  Run Remote Usage
		Usr 0 00:00:00, Sys 0 00:00:00  -  Run Local Usage
	0  -  Run Bytes Sent By Job
	0  -  Run Bytes Received By Job
	Partitionable Resources :    Usage  Request Allocated
	   Cpus                 :                 1         1
	   Disk (KB)            :        1        1    828970
	   Gpus                 :                           0
	   Memory (MB)          :       55        1     12899
...
009 (516045.000.000) 05/05 17:14:27 Job was aborted by the user.
	via condor_rm (by user ypei)
...
000 (516270.000.000) 05/05 17:14:58 Job submitted from host: <128.83.144.149:44250?addrs=128.83.144.149-44250>
...
001 (516270.000.000) 05/05 17:16:32 Job executing on host: <128.83.120.250:59851?addrs=128.83.120.250-59851>
...
006 (516270.000.000) 05/05 17:16:40 Image size of job updated: 340464
	21  -  MemoryUsage of job (MB)
	21320  -  ResidentSetSize of job (KB)
...
006 (516270.000.000) 05/05 17:18:12 Image size of job updated: 1068288
	197  -  MemoryUsage of job (MB)
	201584  -  ResidentSetSize of job (KB)
...
004 (516270.000.000) 05/05 17:18:12 Job was evicted.
	(0) Job was not checkpointed.
		Usr 0 00:00:49, Sys 0 00:00:01  -  Run Remote Usage
		Usr 0 00:00:00, Sys 0 00:00:00  -  Run Local Usage
	0  -  Run Bytes Sent By Job
	0  -  Run Bytes Received By Job
	Partitionable Resources :    Usage  Request Allocated
	   Cpus                 :                 1         1
	   Disk (KB)            :        1        1    812559
	   Gpus                 :                           0
	   Memory (MB)          :      197        1     12899
...
009 (516270.000.000) 05/05 17:18:12 Job was aborted by the user.
	via condor_rm (by user ypei)
...
000 (516477.000.000) 05/05 17:18:29 Job submitted from host: <128.83.144.149:44250?addrs=128.83.144.149-44250>
...
001 (516477.000.000) 05/05 17:19:01 Job executing on host: <128.83.120.250:59851?addrs=128.83.120.250-59851>
...
006 (516477.000.000) 05/05 17:19:09 Image size of job updated: 892632
	56  -  MemoryUsage of job (MB)
	57144  -  ResidentSetSize of job (KB)
...
006 (516477.000.000) 05/05 17:21:21 Image size of job updated: 1068148
	56  -  MemoryUsage of job (MB)
	57144  -  ResidentSetSize of job (KB)
...
004 (516477.000.000) 05/05 17:21:21 Job was evicted.
	(0) Job was not checkpointed.
		Usr 0 00:01:03, Sys 0 00:00:02  -  Run Remote Usage
		Usr 0 00:00:00, Sys 0 00:00:00  -  Run Local Usage
	0  -  Run Bytes Sent By Job
	0  -  Run Bytes Received By Job
	Partitionable Resources :    Usage  Request Allocated
	   Cpus                 :                 1         1
	   Disk (KB)            :        1        1    812584
	   Gpus                 :                           0
	   Memory (MB)          :       56        1     12899
...
009 (516477.000.000) 05/05 17:21:21 Job was aborted by the user.
	via condor_rm (by user ypei)
...
000 (517098.000.000) 05/05 17:21:56 Job submitted from host: <128.83.144.149:44250?addrs=128.83.144.149-44250>
...
001 (517098.000.000) 05/05 17:22:24 Job executing on host: <128.83.139.15:46714?addrs=128.83.139.15-46714>
...
006 (517098.000.000) 05/05 17:22:32 Image size of job updated: 892636
	56  -  MemoryUsage of job (MB)
	57096  -  ResidentSetSize of job (KB)
...
006 (517098.000.000) 05/05 17:27:32 Image size of job updated: 1133788
	309  -  MemoryUsage of job (MB)
	315968  -  ResidentSetSize of job (KB)
...
006 (517098.000.000) 05/05 17:32:32 Image size of job updated: 1199360
	377  -  MemoryUsage of job (MB)
	386016  -  ResidentSetSize of job (KB)
...
006 (517098.000.000) 05/05 17:37:33 Image size of job updated: 1199484
	408  -  MemoryUsage of job (MB)
	417584  -  ResidentSetSize of job (KB)
...
006 (517098.000.000) 05/05 17:42:33 Image size of job updated: 1265140
	432  -  MemoryUsage of job (MB)
	442312  -  ResidentSetSize of job (KB)
...
006 (517098.000.000) 05/05 17:47:33 Image size of job updated: 1265396
	445  -  MemoryUsage of job (MB)
	455008  -  ResidentSetSize of job (KB)
...
006 (517098.000.000) 05/05 17:52:34 Image size of job updated: 1265436
	456  -  MemoryUsage of job (MB)
	466780  -  ResidentSetSize of job (KB)
...
005 (517098.000.000) 05/05 17:52:59 Job terminated.
	(1) Normal termination (return value 0)
		Usr 0 00:28:28, Sys 0 00:00:33  -  Run Remote Usage
		Usr 0 00:00:00, Sys 0 00:00:00  -  Run Local Usage
		Usr 0 00:28:28, Sys 0 00:00:33  -  Total Remote Usage
		Usr 0 00:00:00, Sys 0 00:00:00  -  Total Local Usage
	0  -  Run Bytes Sent By Job
	0  -  Run Bytes Received By Job
	0  -  Total Bytes Sent By Job
	0  -  Total Bytes Received By Job
	Partitionable Resources :    Usage  Request Allocated
	   Cpus                 :                 1         1
	   Disk (KB)            :        1        1   1684661
	   Gpus                 :                           0
	   Memory (MB)          :      456        1     12899
...
000 (518133.000.000) 05/06 21:33:08 Job submitted from host: <128.83.144.149:44250?addrs=128.83.144.149-44250>
...
001 (518133.000.000) 05/06 21:33:16 Job executing on host: <128.83.144.13:57145?addrs=128.83.144.13-57145>
...
006 (518133.000.000) 05/06 21:33:24 Image size of job updated: 892768
	54  -  MemoryUsage of job (MB)
	55084  -  ResidentSetSize of job (KB)
...
006 (518133.000.000) 05/06 21:33:45 Image size of job updated: 894828
	54  -  MemoryUsage of job (MB)
	55084  -  ResidentSetSize of job (KB)
...
004 (518133.000.000) 05/06 21:33:45 Job was evicted.
	(0) Job was not checkpointed.
		Usr 0 00:00:00, Sys 0 00:00:00  -  Run Remote Usage
		Usr 0 00:00:00, Sys 0 00:00:00  -  Run Local Usage
	0  -  Run Bytes Sent By Job
	0  -  Run Bytes Received By Job
	Partitionable Resources :    Usage  Request Allocated
	   Cpus                 :                 1         1
	   Disk (KB)            :        1        1    797355
	   Gpus                 :                           0
	   Memory (MB)          :       54        1     12899
...
009 (518133.000.000) 05/06 21:33:47 Job was aborted by the user.
	via condor_rm (by user ypei)
...
000 (518340.000.000) 05/06 21:34:16 Job submitted from host: <128.83.144.149:44250?addrs=128.83.144.149-44250>
...
001 (518340.000.000) 05/06 21:34:26 Job executing on host: <128.83.120.250:59851?addrs=128.83.120.250-59851>
...
006 (518340.000.000) 05/06 21:34:35 Image size of job updated: 892776
	54  -  MemoryUsage of job (MB)
	55104  -  ResidentSetSize of job (KB)
...
006 (518340.000.000) 05/06 21:39:36 Image size of job updated: 1133960
	281  -  MemoryUsage of job (MB)
	286868  -  ResidentSetSize of job (KB)
...
006 (518340.000.000) 05/06 21:44:36 Image size of job updated: 1199532
	351  -  MemoryUsage of job (MB)
	359244  -  ResidentSetSize of job (KB)
...
006 (518340.000.000) 05/06 21:49:37 Image size of job updated: 1199580
	387  -  MemoryUsage of job (MB)
	395296  -  ResidentSetSize of job (KB)
...
006 (518340.000.000) 05/06 21:54:38 Image size of job updated: 1199936
	409  -  MemoryUsage of job (MB)
	418392  -  ResidentSetSize of job (KB)
...
006 (518340.000.000) 05/06 21:59:38 Image size of job updated: 1265568
	428  -  MemoryUsage of job (MB)
	438004  -  ResidentSetSize of job (KB)
...
006 (518340.000.000) 05/06 22:04:38 Image size of job updated: 1265568
	437  -  MemoryUsage of job (MB)
	446840  -  ResidentSetSize of job (KB)
...
006 (518340.000.000) 05/06 22:09:39 Image size of job updated: 1265568
	447  -  MemoryUsage of job (MB)
	456792  -  ResidentSetSize of job (KB)
...
006 (518340.000.000) 05/06 22:11:39 Image size of job updated: 1265608
	447  -  MemoryUsage of job (MB)
	456792  -  ResidentSetSize of job (KB)
...
005 (518340.000.000) 05/06 22:11:39 Job terminated.
	(1) Normal termination (return value 0)
		Usr 0 00:35:13, Sys 0 00:00:42  -  Run Remote Usage
		Usr 0 00:00:00, Sys 0 00:00:00  -  Run Local Usage
		Usr 0 00:35:13, Sys 0 00:00:42  -  Total Remote Usage
		Usr 0 00:00:00, Sys 0 00:00:00  -  Total Local Usage
	0  -  Run Bytes Sent By Job
	0  -  Run Bytes Received By Job
	0  -  Total Bytes Sent By Job
	0  -  Total Bytes Received By Job
	Partitionable Resources :    Usage  Request Allocated
	   Cpus                 :                 1         1
	   Disk (KB)            :        1        1    798513
	   Gpus                 :                           0
	   Memory (MB)          :      447        1     12899
...
000 (381908.000.000) 05/07 00:29:07 Job submitted from host: <128.83.144.155:57685?addrs=128.83.144.155-57685>
...
001 (381908.000.000) 05/07 00:29:22 Job executing on host: <128.83.144.5:44408?addrs=128.83.144.5-44408>
...
006 (381908.000.000) 05/07 00:29:31 Image size of job updated: 892636
	56  -  MemoryUsage of job (MB)
	57100  -  ResidentSetSize of job (KB)
...
006 (381908.000.000) 05/07 00:34:32 Image size of job updated: 1133820
	281  -  MemoryUsage of job (MB)
	287360  -  ResidentSetSize of job (KB)
...
006 (381908.000.000) 05/07 00:39:33 Image size of job updated: 1133856
	339  -  MemoryUsage of job (MB)
	346844  -  ResidentSetSize of job (KB)
...
006 (381908.000.000) 05/07 00:44:33 Image size of job updated: 1199492
	365  -  MemoryUsage of job (MB)
	373228  -  ResidentSetSize of job (KB)
...
006 (381908.000.000) 05/07 00:49:34 Image size of job updated: 1199640
	389  -  MemoryUsage of job (MB)
	397368  -  ResidentSetSize of job (KB)
...
006 (381908.000.000) 05/07 00:54:35 Image size of job updated: 1199892
	398  -  MemoryUsage of job (MB)
	406884  -  ResidentSetSize of job (KB)
...
006 (381908.000.000) 05/07 00:59:35 Image size of job updated: 1199892
	406  -  MemoryUsage of job (MB)
	415140  -  ResidentSetSize of job (KB)
...
006 (381908.000.000) 05/07 01:00:54 Image size of job updated: 1199932
	406  -  MemoryUsage of job (MB)
	415140  -  ResidentSetSize of job (KB)
...
005 (381908.000.000) 05/07 01:00:54 Job terminated.
	(1) Normal termination (return value 0)
		Usr 0 00:29:45, Sys 0 00:00:35  -  Run Remote Usage
		Usr 0 00:00:00, Sys 0 00:00:00  -  Run Local Usage
		Usr 0 00:29:45, Sys 0 00:00:35  -  Total Remote Usage
		Usr 0 00:00:00, Sys 0 00:00:00  -  Total Local Usage
	0  -  Run Bytes Sent By Job
	0  -  Run Bytes Received By Job
	0  -  Total Bytes Sent By Job
	0  -  Total Bytes Received By Job
	Partitionable Resources :    Usage  Request Allocated
	   Cpus                 :                 1         1
	   Disk (KB)            :        1        1    790418
	   Gpus                 :                           0
	   Memory (MB)          :      406        1     12899
...
