000 (516040.000.000) 05/05 17:13:15 Job submitted from host: <128.83.144.149:44250?addrs=128.83.144.149-44250>
...
001 (516040.000.000) 05/05 17:13:34 Job executing on host: <128.83.120.229:58979?addrs=128.83.120.229-58979>
...
006 (516040.000.000) 05/05 17:13:43 Image size of job updated: 910324
	54  -  MemoryUsage of job (MB)
	54748  -  ResidentSetSize of job (KB)
...
006 (516040.000.000) 05/05 17:14:29 Image size of job updated: 911856
	55  -  MemoryUsage of job (MB)
	55320  -  ResidentSetSize of job (KB)
...
004 (516040.000.000) 05/05 17:14:29 Job was evicted.
	(0) Job was not checkpointed.
		Usr 0 00:00:00, Sys 0 00:00:00  -  Run Remote Usage
		Usr 0 00:00:00, Sys 0 00:00:00  -  Run Local Usage
	0  -  Run Bytes Sent By Job
	0  -  Run Bytes Received By Job
	Partitionable Resources :    Usage  Request Allocated
	   Cpus                 :                 1         1
	   Disk (KB)            :        1        1    828970
	   Gpus                 :                           0
	   Memory (MB)          :       55        1     12899
...
009 (516040.000.000) 05/05 17:14:30 Job was aborted by the user.
	via condor_rm (by user ypei)
...
000 (516265.000.000) 05/05 17:14:57 Job submitted from host: <128.83.144.149:44250?addrs=128.83.144.149-44250>
...
001 (516265.000.000) 05/05 17:15:04 Job executing on host: <128.83.139.14:44306?addrs=128.83.139.14-44306>
...
006 (516265.000.000) 05/05 17:15:12 Image size of job updated: 340200
	20  -  MemoryUsage of job (MB)
	20168  -  ResidentSetSize of job (KB)
...
006 (516265.000.000) 05/05 17:18:09 Image size of job updated: 1084812
	20  -  MemoryUsage of job (MB)
	20168  -  ResidentSetSize of job (KB)
...
004 (516265.000.000) 05/05 17:18:09 Job was evicted.
	(0) Job was not checkpointed.
		Usr 0 00:01:11, Sys 0 00:00:01  -  Run Remote Usage
		Usr 0 00:00:00, Sys 0 00:00:00  -  Run Local Usage
	0  -  Run Bytes Sent By Job
	0  -  Run Bytes Received By Job
	Partitionable Resources :    Usage  Request Allocated
	   Cpus                 :                 1         1
	   Disk (KB)            :        1        1   1695320
	   Gpus                 :                           0
	   Memory (MB)          :       20        1     12899
...
009 (516265.000.000) 05/05 17:18:09 Job was aborted by the user.
	via condor_rm (by user ypei)
...
000 (516472.000.000) 05/05 17:18:27 Job submitted from host: <128.83.144.149:44250?addrs=128.83.144.149-44250>
...
001 (516472.000.000) 05/05 17:18:33 Job executing on host: <128.83.139.14:44306?addrs=128.83.139.14-44306>
...
006 (516472.000.000) 05/05 17:18:42 Image size of job updated: 910324
	56  -  MemoryUsage of job (MB)
	56788  -  ResidentSetSize of job (KB)
...
006 (516472.000.000) 05/05 17:21:24 Image size of job updated: 1084812
	56  -  MemoryUsage of job (MB)
	56788  -  ResidentSetSize of job (KB)
...
004 (516472.000.000) 05/05 17:21:24 Job was evicted.
	(0) Job was not checkpointed.
		Usr 0 00:01:18, Sys 0 00:00:01  -  Run Remote Usage
		Usr 0 00:00:00, Sys 0 00:00:00  -  Run Local Usage
	0  -  Run Bytes Sent By Job
	0  -  Run Bytes Received By Job
	Partitionable Resources :    Usage  Request Allocated
	   Cpus                 :                 1         1
	   Disk (KB)            :        1        1   1695320
	   Gpus                 :                           0
	   Memory (MB)          :       56        1     12899
...
009 (516472.000.000) 05/05 17:21:24 Job was aborted by the user.
	via condor_rm (by user ypei)
...
000 (517093.000.000) 05/05 17:21:55 Job submitted from host: <128.83.144.149:44250?addrs=128.83.144.149-44250>
...
001 (517093.000.000) 05/05 17:22:23 Job executing on host: <128.83.144.13:57145?addrs=128.83.144.13-57145>
...
006 (517093.000.000) 05/05 17:22:32 Image size of job updated: 340328
	21  -  MemoryUsage of job (MB)
	21436  -  ResidentSetSize of job (KB)
...
006 (517093.000.000) 05/05 17:27:32 Image size of job updated: 1084876
	237  -  MemoryUsage of job (MB)
	242588  -  ResidentSetSize of job (KB)
...
006 (517093.000.000) 05/05 17:32:32 Image size of job updated: 1084988
	243  -  MemoryUsage of job (MB)
	248796  -  ResidentSetSize of job (KB)
...
006 (517093.000.000) 05/05 17:37:33 Image size of job updated: 1084988
	245  -  MemoryUsage of job (MB)
	250668  -  ResidentSetSize of job (KB)
...
006 (517093.000.000) 05/05 17:40:34 Image size of job updated: 1085244
	245  -  MemoryUsage of job (MB)
	250668  -  ResidentSetSize of job (KB)
...
005 (517093.000.000) 05/05 17:40:34 Job terminated.
	(1) Normal termination (return value 0)
		Usr 0 00:16:41, Sys 0 00:00:13  -  Run Remote Usage
		Usr 0 00:00:00, Sys 0 00:00:00  -  Run Local Usage
		Usr 0 00:16:41, Sys 0 00:00:13  -  Total Remote Usage
		Usr 0 00:00:00, Sys 0 00:00:00  -  Total Local Usage
	0  -  Run Bytes Sent By Job
	0  -  Run Bytes Received By Job
	0  -  Total Bytes Sent By Job
	0  -  Total Bytes Received By Job
	Partitionable Resources :    Usage  Request Allocated
	   Cpus                 :                 1         1
	   Disk (KB)            :        1        1    824391
	   Gpus                 :                           0
	   Memory (MB)          :      245        1     12899
...
000 (518128.000.000) 05/06 21:33:08 Job submitted from host: <128.83.144.149:44250?addrs=128.83.144.149-44250>
...
001 (518128.000.000) 05/06 21:33:18 Job executing on host: <128.83.120.230:37764?addrs=128.83.120.230-37764>
...
006 (518128.000.000) 05/06 21:33:26 Image size of job updated: 910460
	56  -  MemoryUsage of job (MB)
	56804  -  ResidentSetSize of job (KB)
...
006 (518128.000.000) 05/06 21:33:43 Image size of job updated: 911992
	56  -  MemoryUsage of job (MB)
	56804  -  ResidentSetSize of job (KB)
...
004 (518128.000.000) 05/06 21:33:43 Job was evicted.
	(0) Job was not checkpointed.
		Usr 0 00:00:00, Sys 0 00:00:00  -  Run Remote Usage
		Usr 0 00:00:00, Sys 0 00:00:00  -  Run Local Usage
	0  -  Run Bytes Sent By Job
	0  -  Run Bytes Received By Job
	Partitionable Resources :    Usage  Request Allocated
	   Cpus                 :                 1         1
	   Disk (KB)            :        1        1    792422
	   Gpus                 :                           0
	   Memory (MB)          :       56        1     12899
...
009 (518128.000.000) 05/06 21:33:45 Job was aborted by the user.
	via condor_rm (by user ypei)
...
000 (518335.000.000) 05/06 21:34:16 Job submitted from host: <128.83.144.149:44250?addrs=128.83.144.149-44250>
...
001 (518335.000.000) 05/06 21:34:25 Job executing on host: <128.83.120.250:59851?addrs=128.83.120.250-59851>
...
006 (518335.000.000) 05/06 21:34:33 Image size of job updated: 910460
	56  -  MemoryUsage of job (MB)
	56784  -  ResidentSetSize of job (KB)
...
006 (518335.000.000) 05/06 21:39:33 Image size of job updated: 1084984
	237  -  MemoryUsage of job (MB)
	242340  -  ResidentSetSize of job (KB)
...
006 (518335.000.000) 05/06 21:44:34 Image size of job updated: 1085156
	243  -  MemoryUsage of job (MB)
	248432  -  ResidentSetSize of job (KB)
...
006 (518335.000.000) 05/06 21:49:35 Image size of job updated: 1085156
	245  -  MemoryUsage of job (MB)
	250684  -  ResidentSetSize of job (KB)
...
006 (518335.000.000) 05/06 21:54:35 Image size of job updated: 1085412
	247  -  MemoryUsage of job (MB)
	252132  -  ResidentSetSize of job (KB)
...
006 (518335.000.000) 05/06 21:59:35 Image size of job updated: 1085412
	248  -  MemoryUsage of job (MB)
	253288  -  ResidentSetSize of job (KB)
...
005 (518335.000.000) 05/06 22:00:02 Job terminated.
	(1) Normal termination (return value 0)
		Usr 0 00:23:49, Sys 0 00:00:28  -  Run Remote Usage
		Usr 0 00:00:00, Sys 0 00:00:00  -  Run Local Usage
		Usr 0 00:23:49, Sys 0 00:00:28  -  Total Remote Usage
		Usr 0 00:00:00, Sys 0 00:00:00  -  Total Local Usage
	0  -  Run Bytes Sent By Job
	0  -  Run Bytes Received By Job
	0  -  Total Bytes Sent By Job
	0  -  Total Bytes Received By Job
	Partitionable Resources :    Usage  Request Allocated
	   Cpus                 :                 1         1
	   Disk (KB)            :        1        1    798513
	   Gpus                 :                           0
	   Memory (MB)          :      248        1     12899
...
000 (381903.000.000) 05/07 00:29:07 Job submitted from host: <128.83.144.155:57685?addrs=128.83.144.155-57685>
...
001 (381903.000.000) 05/07 00:29:20 Job executing on host: <128.83.144.5:44408?addrs=128.83.144.5-44408>
...
006 (381903.000.000) 05/07 00:29:29 Image size of job updated: 910460
	52  -  MemoryUsage of job (MB)
	52660  -  ResidentSetSize of job (KB)
...
006 (381903.000.000) 05/07 00:34:30 Image size of job updated: 1085048
	232  -  MemoryUsage of job (MB)
	237232  -  ResidentSetSize of job (KB)
...
006 (381903.000.000) 05/07 00:39:30 Image size of job updated: 1085156
	238  -  MemoryUsage of job (MB)
	243396  -  ResidentSetSize of job (KB)
...
006 (381903.000.000) 05/07 00:44:30 Image size of job updated: 1085156
	241  -  MemoryUsage of job (MB)
	246480  -  ResidentSetSize of job (KB)
...
006 (381903.000.000) 05/07 00:49:31 Image size of job updated: 1085156
	243  -  MemoryUsage of job (MB)
	247976  -  ResidentSetSize of job (KB)
...
006 (381903.000.000) 05/07 00:53:50 Image size of job updated: 1085412
	243  -  MemoryUsage of job (MB)
	247976  -  ResidentSetSize of job (KB)
...
005 (381903.000.000) 05/07 00:53:50 Job terminated.
	(1) Normal termination (return value 0)
		Usr 0 00:22:43, Sys 0 00:00:28  -  Run Remote Usage
		Usr 0 00:00:00, Sys 0 00:00:00  -  Run Local Usage
		Usr 0 00:22:43, Sys 0 00:00:28  -  Total Remote Usage
		Usr 0 00:00:00, Sys 0 00:00:00  -  Total Local Usage
	0  -  Run Bytes Sent By Job
	0  -  Run Bytes Received By Job
	0  -  Total Bytes Sent By Job
	0  -  Total Bytes Received By Job
	Partitionable Resources :    Usage  Request Allocated
	   Cpus                 :                 1         1
	   Disk (KB)            :        1        1    790418
	   Gpus                 :                           0
	   Memory (MB)          :      243        1     12899
...
