000 (516044.000.000) 05/05 17:13:15 Job submitted from host: <128.83.144.149:44250?addrs=128.83.144.149-44250>
...
001 (516044.000.000) 05/05 17:13:35 Job executing on host: <128.83.120.229:58979?addrs=128.83.120.229-58979>
...
006 (516044.000.000) 05/05 17:13:43 Image size of job updated: 913500
	56  -  MemoryUsage of job (MB)
	56708  -  ResidentSetSize of job (KB)
...
006 (516044.000.000) 05/05 17:14:29 Image size of job updated: 915036
	56  -  MemoryUsage of job (MB)
	56708  -  ResidentSetSize of job (KB)
...
004 (516044.000.000) 05/05 17:14:29 Job was evicted.
	(0) Job was not checkpointed.
		Usr 0 00:00:00, Sys 0 00:00:00  -  Run Remote Usage
		Usr 0 00:00:00, Sys 0 00:00:00  -  Run Local Usage
	0  -  Run Bytes Sent By Job
	0  -  Run Bytes Received By Job
	Partitionable Resources :    Usage  Request Allocated
	   Cpus                 :                 1         1
	   Disk (KB)            :        1        1    828970
	   Gpus                 :                           0
	   Memory (MB)          :       56        1     12899
...
009 (516044.000.000) 05/05 17:14:29 Job was aborted by the user.
	via condor_rm (by user ypei)
...
000 (516269.000.000) 05/05 17:14:57 Job submitted from host: <128.83.144.149:44250?addrs=128.83.144.149-44250>
...
001 (516269.000.000) 05/05 17:16:00 Job executing on host: <128.83.139.6:57138?addrs=128.83.139.6-57138>
...
006 (516269.000.000) 05/05 17:16:09 Image size of job updated: 1
	2  -  MemoryUsage of job (MB)
	1684  -  ResidentSetSize of job (KB)
...
006 (516269.000.000) 05/05 17:18:08 Image size of job updated: 1087860
	223  -  MemoryUsage of job (MB)
	227420  -  ResidentSetSize of job (KB)
...
004 (516269.000.000) 05/05 17:18:08 Job was evicted.
	(0) Job was not checkpointed.
		Usr 0 00:00:47, Sys 0 00:00:01  -  Run Remote Usage
		Usr 0 00:00:00, Sys 0 00:00:00  -  Run Local Usage
	0  -  Run Bytes Sent By Job
	0  -  Run Bytes Received By Job
	Partitionable Resources :    Usage  Request Allocated
	   Cpus                 :                 1         1
	   Disk (KB)            :        1        1   1673987
	   Gpus                 :                           0
	   Memory (MB)          :      223        1     12899
...
009 (516269.000.000) 05/05 17:18:09 Job was aborted by the user.
	via condor_rm (by user ypei)
...
000 (516476.000.000) 05/05 17:18:29 Job submitted from host: <128.83.144.149:44250?addrs=128.83.144.149-44250>
...
001 (516476.000.000) 05/05 17:19:00 Job executing on host: <128.83.120.250:59851?addrs=128.83.120.250-59851>
...
006 (516476.000.000) 05/05 17:19:09 Image size of job updated: 913500
	56  -  MemoryUsage of job (MB)
	56780  -  ResidentSetSize of job (KB)
...
006 (516476.000.000) 05/05 17:21:24 Image size of job updated: 1087732
	246  -  MemoryUsage of job (MB)
	251552  -  ResidentSetSize of job (KB)
...
004 (516476.000.000) 05/05 17:21:24 Job was evicted.
	(0) Job was not checkpointed.
		Usr 0 00:01:06, Sys 0 00:00:01  -  Run Remote Usage
		Usr 0 00:00:00, Sys 0 00:00:00  -  Run Local Usage
	0  -  Run Bytes Sent By Job
	0  -  Run Bytes Received By Job
	Partitionable Resources :    Usage  Request Allocated
	   Cpus                 :                 1         1
	   Disk (KB)            :        1        1    812584
	   Gpus                 :                           0
	   Memory (MB)          :      246        1     12899
...
009 (516476.000.000) 05/05 17:21:24 Job was aborted by the user.
	via condor_rm (by user ypei)
...
000 (517097.000.000) 05/05 17:21:56 Job submitted from host: <128.83.144.149:44250?addrs=128.83.144.149-44250>
...
001 (517097.000.000) 05/05 17:22:23 Job executing on host: <128.83.139.15:46714?addrs=128.83.139.15-46714>
...
006 (517097.000.000) 05/05 17:22:32 Image size of job updated: 913500
	54  -  MemoryUsage of job (MB)
	54720  -  ResidentSetSize of job (KB)
...
006 (517097.000.000) 05/05 17:27:33 Image size of job updated: 1154028
	343  -  MemoryUsage of job (MB)
	350752  -  ResidentSetSize of job (KB)
...
006 (517097.000.000) 05/05 17:32:33 Image size of job updated: 1219580
	391  -  MemoryUsage of job (MB)
	400376  -  ResidentSetSize of job (KB)
...
006 (517097.000.000) 05/05 17:37:34 Image size of job updated: 1219628
	418  -  MemoryUsage of job (MB)
	427624  -  ResidentSetSize of job (KB)
...
006 (517097.000.000) 05/05 17:42:35 Image size of job updated: 1219628
	441  -  MemoryUsage of job (MB)
	451460  -  ResidentSetSize of job (KB)
...
006 (517097.000.000) 05/05 17:47:35 Image size of job updated: 1285424
	459  -  MemoryUsage of job (MB)
	469900  -  ResidentSetSize of job (KB)
...
005 (517097.000.000) 05/05 17:51:54 Job terminated.
	(1) Normal termination (return value 0)
		Usr 0 00:27:37, Sys 0 00:00:28  -  Run Remote Usage
		Usr 0 00:00:00, Sys 0 00:00:00  -  Run Local Usage
		Usr 0 00:27:37, Sys 0 00:00:28  -  Total Remote Usage
		Usr 0 00:00:00, Sys 0 00:00:00  -  Total Local Usage
	0  -  Run Bytes Sent By Job
	0  -  Run Bytes Received By Job
	0  -  Total Bytes Sent By Job
	0  -  Total Bytes Received By Job
	Partitionable Resources :    Usage  Request Allocated
	   Cpus                 :                 1         1
	   Disk (KB)            :        1        1   1684661
	   Gpus                 :                           0
	   Memory (MB)          :      459        1     12899
...
000 (382528.000.000) 05/07 03:39:58 Job submitted from host: <128.83.144.155:57685?addrs=128.83.144.155-57685>
...
001 (382528.000.000) 05/07 04:18:37 Job executing on host: <128.83.139.14:44306?addrs=128.83.139.14-44306>
...
006 (382528.000.000) 05/07 04:18:45 Image size of job updated: 1087376
	154  -  MemoryUsage of job (MB)
	157200  -  ResidentSetSize of job (KB)
...
006 (382528.000.000) 05/07 04:23:45 Image size of job updated: 1154204
	336  -  MemoryUsage of job (MB)
	344000  -  ResidentSetSize of job (KB)
...
006 (382528.000.000) 05/07 04:28:46 Image size of job updated: 1154512
	369  -  MemoryUsage of job (MB)
	376848  -  ResidentSetSize of job (KB)
...
006 (382528.000.000) 05/07 04:33:47 Image size of job updated: 1220052
	388  -  MemoryUsage of job (MB)
	396384  -  ResidentSetSize of job (KB)
...
006 (382528.000.000) 05/07 04:38:47 Image size of job updated: 1220052
	403  -  MemoryUsage of job (MB)
	412352  -  ResidentSetSize of job (KB)
...
006 (382528.000.000) 05/07 04:43:47 Image size of job updated: 1220056
	413  -  MemoryUsage of job (MB)
	421968  -  ResidentSetSize of job (KB)
...
005 (382528.000.000) 05/07 04:48:30 Job terminated.
	(1) Normal termination (return value 0)
		Usr 0 00:29:21, Sys 0 00:00:28  -  Run Remote Usage
		Usr 0 00:00:00, Sys 0 00:00:00  -  Run Local Usage
		Usr 0 00:29:21, Sys 0 00:00:28  -  Total Remote Usage
		Usr 0 00:00:00, Sys 0 00:00:00  -  Total Local Usage
	0  -  Run Bytes Sent By Job
	0  -  Run Bytes Received By Job
	0  -  Total Bytes Sent By Job
	0  -  Total Bytes Received By Job
	Partitionable Resources :    Usage  Request Allocated
	   Cpus                 :                 1         1
	   Disk (KB)            :        1        1   1675519
	   Gpus                 :                           0
	   Memory (MB)          :      413        1     12899
...
000 (518546.000.000) 05/07 13:18:23 Job submitted from host: <128.83.144.149:44250?addrs=128.83.144.149-44250>
...
001 (518546.000.000) 05/07 13:18:57 Job executing on host: <128.83.139.5:46458?addrs=128.83.139.5-46458>
...
006 (518546.000.000) 05/07 13:19:06 Image size of job updated: 913636
	52  -  MemoryUsage of job (MB)
	52680  -  ResidentSetSize of job (KB)
...
006 (518546.000.000) 05/07 13:23:36 Image size of job updated: 1088712
	52  -  MemoryUsage of job (MB)
	52680  -  ResidentSetSize of job (KB)
...
004 (518546.000.000) 05/07 13:23:36 Job was evicted.
	(0) Job was not checkpointed.
		Usr 0 00:03:14, Sys 0 00:00:05  -  Run Remote Usage
		Usr 0 00:00:00, Sys 0 00:00:00  -  Run Local Usage
	0  -  Run Bytes Sent By Job
	0  -  Run Bytes Received By Job
	Partitionable Resources :    Usage  Request Allocated
	   Cpus                 :                 1         1
	   Disk (KB)            :        1        1   4646202
	   Gpus                 :                           0
	   Memory (MB)          :       52        1      4027
...
009 (518546.000.000) 05/07 13:23:37 Job was aborted by the user.
	via condor_rm (by user ypei)
...
000 (518753.000.000) 05/07 13:23:57 Job submitted from host: <128.83.144.149:44250?addrs=128.83.144.149-44250>
...
001 (518753.000.000) 05/07 13:24:33 Job executing on host: <128.83.120.230:37764?addrs=128.83.120.230-37764>
...
006 (518753.000.000) 05/07 13:24:42 Image size of job updated: 913632
	56  -  MemoryUsage of job (MB)
	56964  -  ResidentSetSize of job (KB)
...
006 (518753.000.000) 05/07 13:29:43 Image size of job updated: 1154192
	318  -  MemoryUsage of job (MB)
	324820  -  ResidentSetSize of job (KB)
...
006 (518753.000.000) 05/07 13:34:44 Image size of job updated: 1154208
	353  -  MemoryUsage of job (MB)
	360972  -  ResidentSetSize of job (KB)
...
006 (518753.000.000) 05/07 13:39:44 Image size of job updated: 1154252
	371  -  MemoryUsage of job (MB)
	378956  -  ResidentSetSize of job (KB)
...
006 (518753.000.000) 05/07 13:44:45 Image size of job updated: 1219792
	385  -  MemoryUsage of job (MB)
	393432  -  ResidentSetSize of job (KB)
...
006 (518753.000.000) 05/07 13:49:46 Image size of job updated: 1219792
	397  -  MemoryUsage of job (MB)
	406308  -  ResidentSetSize of job (KB)
...
006 (518753.000.000) 05/07 13:54:46 Image size of job updated: 1220056
	408  -  MemoryUsage of job (MB)
	417148  -  ResidentSetSize of job (KB)
...
006 (518753.000.000) 05/07 13:59:46 Image size of job updated: 1220056
	418  -  MemoryUsage of job (MB)
	427752  -  ResidentSetSize of job (KB)
...
005 (518753.000.000) 05/07 14:01:02 Job terminated.
	(1) Normal termination (return value 0)
		Usr 0 00:34:54, Sys 0 00:00:43  -  Run Remote Usage
		Usr 0 00:00:00, Sys 0 00:00:00  -  Run Local Usage
		Usr 0 00:34:54, Sys 0 00:00:43  -  Total Remote Usage
		Usr 0 00:00:00, Sys 0 00:00:00  -  Total Local Usage
	0  -  Run Bytes Sent By Job
	0  -  Run Bytes Received By Job
	0  -  Total Bytes Sent By Job
	0  -  Total Bytes Received By Job
	Partitionable Resources :    Usage  Request Allocated
	   Cpus                 :                 1         1
	   Disk (KB)            :        1        1    792415
	   Gpus                 :                           0
	   Memory (MB)          :      418        1     12899
...
000 (519167.000.000) 05/07 14:36:32 Job submitted from host: <128.83.144.149:44250?addrs=128.83.144.149-44250>
...
001 (519167.000.000) 05/07 14:36:43 Job executing on host: <128.83.139.9:47643?addrs=128.83.139.9-47643>
...
006 (519167.000.000) 05/07 14:36:52 Image size of job updated: 239552
	18  -  MemoryUsage of job (MB)
	18360  -  ResidentSetSize of job (KB)
...
006 (519167.000.000) 05/07 14:41:53 Image size of job updated: 1154448
	321  -  MemoryUsage of job (MB)
	328296  -  ResidentSetSize of job (KB)
...
006 (519167.000.000) 05/07 14:46:54 Image size of job updated: 1154464
	356  -  MemoryUsage of job (MB)
	363588  -  ResidentSetSize of job (KB)
...
006 (519167.000.000) 05/07 14:51:54 Image size of job updated: 1154512
	377  -  MemoryUsage of job (MB)
	385396  -  ResidentSetSize of job (KB)
...
006 (519167.000.000) 05/07 14:56:54 Image size of job updated: 1220048
	392  -  MemoryUsage of job (MB)
	400432  -  ResidentSetSize of job (KB)
...
006 (519167.000.000) 05/07 15:01:55 Image size of job updated: 1220048
	401  -  MemoryUsage of job (MB)
	410032  -  ResidentSetSize of job (KB)
...
006 (519167.000.000) 05/07 15:06:55 Image size of job updated: 1220052
	410  -  MemoryUsage of job (MB)
	419216  -  ResidentSetSize of job (KB)
...
006 (519167.000.000) 05/07 15:11:55 Image size of job updated: 1220052
	417  -  MemoryUsage of job (MB)
	426936  -  ResidentSetSize of job (KB)
...
005 (519167.000.000) 05/07 15:12:58 Job terminated.
	(1) Normal termination (return value 0)
		Usr 0 00:34:39, Sys 0 00:00:33  -  Run Remote Usage
		Usr 0 00:00:00, Sys 0 00:00:00  -  Run Local Usage
		Usr 0 00:34:39, Sys 0 00:00:33  -  Total Remote Usage
		Usr 0 00:00:00, Sys 0 00:00:00  -  Total Local Usage
	0  -  Run Bytes Sent By Job
	0  -  Run Bytes Received By Job
	0  -  Total Bytes Sent By Job
	0  -  Total Bytes Received By Job
	Partitionable Resources :    Usage  Request Allocated
	   Cpus                 :                 1         1
	   Disk (KB)            :        1        1   1678560
	   Gpus                 :                           0
	   Memory (MB)          :      417        1     12899
...
000 (382942.000.000) 05/07 20:17:03 Job submitted from host: <128.83.144.155:57685?addrs=128.83.144.155-57685>
...
001 (382942.000.000) 05/07 20:49:17 Job executing on host: <128.83.130.161:35317?addrs=128.83.130.161-35317>
...
006 (382942.000.000) 05/07 20:49:26 Image size of job updated: 1087280
	153  -  MemoryUsage of job (MB)
	156460  -  ResidentSetSize of job (KB)
...
006 (382942.000.000) 05/07 20:54:27 Image size of job updated: 1154396
	347  -  MemoryUsage of job (MB)
	355292  -  ResidentSetSize of job (KB)
...
006 (382942.000.000) 05/07 20:59:27 Image size of job updated: 1154416
	376  -  MemoryUsage of job (MB)
	384980  -  ResidentSetSize of job (KB)
...
006 (382942.000.000) 05/07 21:04:28 Image size of job updated: 1219956
	398  -  MemoryUsage of job (MB)
	406660  -  ResidentSetSize of job (KB)
...
006 (382942.000.000) 05/07 21:09:29 Image size of job updated: 1219960
	417  -  MemoryUsage of job (MB)
	426356  -  ResidentSetSize of job (KB)
...
006 (382942.000.000) 05/07 21:10:02 Image size of job updated: 1219968
	417  -  MemoryUsage of job (MB)
	426356  -  ResidentSetSize of job (KB)
...
005 (382942.000.000) 05/07 21:10:02 Job terminated.
	(1) Normal termination (return value 0)
		Usr 0 00:20:16, Sys 0 00:00:13  -  Run Remote Usage
		Usr 0 00:00:00, Sys 0 00:00:00  -  Run Local Usage
		Usr 0 00:20:16, Sys 0 00:00:13  -  Total Remote Usage
		Usr 0 00:00:00, Sys 0 00:00:00  -  Total Local Usage
	0  -  Run Bytes Sent By Job
	0  -  Run Bytes Received By Job
	0  -  Total Bytes Sent By Job
	0  -  Total Bytes Received By Job
	Partitionable Resources :    Usage  Request Allocated
	   Cpus                 :                 1         1
	   Disk (KB)            :        2        2   1909590
	   Gpus                 :                           0
	   Memory (MB)          :      417        1     21164
...
000 (384184.000.000) 05/08 05:53:05 Job submitted from host: <128.83.144.155:57685?addrs=128.83.144.155-57685>
...
001 (384184.000.000) 05/08 06:24:34 Job executing on host: <128.83.144.147:58788?addrs=128.83.144.147-58788>
...
006 (384184.000.000) 05/08 06:24:42 Image size of job updated: 1
	2  -  MemoryUsage of job (MB)
	1628  -  ResidentSetSize of job (KB)
...
006 (384184.000.000) 05/08 06:29:42 Image size of job updated: 1154532
	347  -  MemoryUsage of job (MB)
	355032  -  ResidentSetSize of job (KB)
...
006 (384184.000.000) 05/08 06:34:43 Image size of job updated: 1154552
	376  -  MemoryUsage of job (MB)
	384076  -  ResidentSetSize of job (KB)
...
006 (384184.000.000) 05/08 06:39:44 Image size of job updated: 1220092
	396  -  MemoryUsage of job (MB)
	405120  -  ResidentSetSize of job (KB)
...
006 (384184.000.000) 05/08 06:44:44 Image size of job updated: 1220096
	415  -  MemoryUsage of job (MB)
	424820  -  ResidentSetSize of job (KB)
...
006 (384184.000.000) 05/08 06:45:33 Image size of job updated: 1220104
	415  -  MemoryUsage of job (MB)
	424820  -  ResidentSetSize of job (KB)
...
005 (384184.000.000) 05/08 06:45:33 Job terminated.
	(1) Normal termination (return value 0)
		Usr 0 00:19:15, Sys 0 00:00:14  -  Run Remote Usage
		Usr 0 00:00:00, Sys 0 00:00:00  -  Run Local Usage
		Usr 0 00:19:15, Sys 0 00:00:14  -  Total Remote Usage
		Usr 0 00:00:00, Sys 0 00:00:00  -  Total Local Usage
	0  -  Run Bytes Sent By Job
	0  -  Run Bytes Received By Job
	0  -  Total Bytes Sent By Job
	0  -  Total Bytes Received By Job
	Partitionable Resources :    Usage  Request Allocated
	   Cpus                 :                 1         1
	   Disk (KB)            :        1        1   1911585
	   Gpus                 :                           0
	   Memory (MB)          :      415        1     21164
...
000 (417577.000.000) 05/09 03:37:30 Job submitted from host: <128.83.144.154:52346?addrs=128.83.144.154-52346>
...
001 (417577.000.000) 05/09 04:08:45 Job executing on host: <128.83.139.146:44201?addrs=128.83.139.146-44201>
...
006 (417577.000.000) 05/09 04:08:54 Image size of job updated: 914008
	56  -  MemoryUsage of job (MB)
	57320  -  ResidentSetSize of job (KB)
...
006 (417577.000.000) 05/09 04:13:55 Image size of job updated: 1154140
	355  -  MemoryUsage of job (MB)
	362536  -  ResidentSetSize of job (KB)
...
006 (417577.000.000) 05/09 04:18:56 Image size of job updated: 1219696
	396  -  MemoryUsage of job (MB)
	405188  -  ResidentSetSize of job (KB)
...
006 (417577.000.000) 05/09 04:22:50 Image size of job updated: 1219700
	396  -  MemoryUsage of job (MB)
	405188  -  ResidentSetSize of job (KB)
...
005 (417577.000.000) 05/09 04:22:50 Job terminated.
	(1) Normal termination (return value 0)
		Usr 0 00:12:30, Sys 0 00:00:10  -  Run Remote Usage
		Usr 0 00:00:00, Sys 0 00:00:00  -  Run Local Usage
		Usr 0 00:12:30, Sys 0 00:00:10  -  Total Remote Usage
		Usr 0 00:00:00, Sys 0 00:00:00  -  Total Local Usage
	0  -  Run Bytes Sent By Job
	0  -  Run Bytes Received By Job
	0  -  Total Bytes Sent By Job
	0  -  Total Bytes Received By Job
	Partitionable Resources :    Usage  Request Allocated
	   Cpus                 :                 1         1
	   Disk (KB)            :        2        2   7541864
	   Gpus                 :                           0
	   Memory (MB)          :      396        1      4027
...
