000 (515971.000.000) 05/05 17:13:08 Job submitted from host: <128.83.144.149:44250?addrs=128.83.144.149-44250>
...
001 (515971.000.000) 05/05 17:13:30 Job executing on host: <128.83.120.128:51378?addrs=128.83.120.128-51378>
...
006 (515971.000.000) 05/05 17:13:38 Image size of job updated: 810728
	56  -  MemoryUsage of job (MB)
	56924  -  ResidentSetSize of job (KB)
...
006 (515971.000.000) 05/05 17:14:29 Image size of job updated: 812260
	56  -  MemoryUsage of job (MB)
	56924  -  ResidentSetSize of job (KB)
...
004 (515971.000.000) 05/05 17:14:29 Job was evicted.
	(0) Job was not checkpointed.
		Usr 0 00:00:00, Sys 0 00:00:00  -  Run Remote Usage
		Usr 0 00:00:00, Sys 0 00:00:00  -  Run Local Usage
	0  -  Run Bytes Sent By Job
	0  -  Run Bytes Received By Job
	Partitionable Resources :    Usage  Request Allocated
	   Cpus                 :                 1         1
	   Disk (KB)            :        1        1    812221
	   Gpus                 :                           0
	   Memory (MB)          :       56        1     12899
...
009 (515971.000.000) 05/05 17:14:30 Job was aborted by the user.
	via condor_rm (by user ypei)
...
000 (516196.000.000) 05/05 17:14:51 Job submitted from host: <128.83.144.149:44250?addrs=128.83.144.149-44250>
...
001 (516196.000.000) 05/05 17:15:00 Job executing on host: <128.83.120.229:58979?addrs=128.83.120.229-58979>
...
006 (516196.000.000) 05/05 17:15:09 Image size of job updated: 340196
	20  -  MemoryUsage of job (MB)
	20144  -  ResidentSetSize of job (KB)
...
006 (516196.000.000) 05/05 17:18:07 Image size of job updated: 983844
	20  -  MemoryUsage of job (MB)
	20144  -  ResidentSetSize of job (KB)
...
004 (516196.000.000) 05/05 17:18:07 Job was evicted.
	(0) Job was not checkpointed.
		Usr 0 00:00:52, Sys 0 00:00:01  -  Run Remote Usage
		Usr 0 00:00:00, Sys 0 00:00:00  -  Run Local Usage
	0  -  Run Bytes Sent By Job
	0  -  Run Bytes Received By Job
	Partitionable Resources :    Usage  Request Allocated
	   Cpus                 :                 1         1
	   Disk (KB)            :        1        1    828970
	   Gpus                 :                           0
	   Memory (MB)          :       20        1     12899
...
009 (516196.000.000) 05/05 17:18:08 Job was aborted by the user.
	via condor_rm (by user ypei)
...
000 (516403.000.000) 05/05 17:18:21 Job submitted from host: <128.83.144.149:44250?addrs=128.83.144.149-44250>
...
001 (516403.000.000) 05/05 17:18:30 Job executing on host: <128.83.120.229:58979?addrs=128.83.120.229-58979>
...
006 (516403.000.000) 05/05 17:18:39 Image size of job updated: 810592
	52  -  MemoryUsage of job (MB)
	52808  -  ResidentSetSize of job (KB)
...
006 (516403.000.000) 05/05 17:21:22 Image size of job updated: 983844
	52  -  MemoryUsage of job (MB)
	52808  -  ResidentSetSize of job (KB)
...
004 (516403.000.000) 05/05 17:21:22 Job was evicted.
	(0) Job was not checkpointed.
		Usr 0 00:01:25, Sys 0 00:00:01  -  Run Remote Usage
		Usr 0 00:00:00, Sys 0 00:00:00  -  Run Local Usage
	0  -  Run Bytes Sent By Job
	0  -  Run Bytes Received By Job
	Partitionable Resources :    Usage  Request Allocated
	   Cpus                 :                 1         1
	   Disk (KB)            :        1        1    828960
	   Gpus                 :                           0
	   Memory (MB)          :       52        1     12899
...
009 (516403.000.000) 05/05 17:21:23 Job was aborted by the user.
	via condor_rm (by user ypei)
...
000 (517024.000.000) 05/05 17:21:43 Job submitted from host: <128.83.144.149:44250?addrs=128.83.144.149-44250>
...
001 (517024.000.000) 05/05 17:21:52 Job executing on host: <128.83.120.250:59851?addrs=128.83.120.250-59851>
...
006 (517024.000.000) 05/05 17:22:01 Image size of job updated: 810592
	52  -  MemoryUsage of job (MB)
	52816  -  ResidentSetSize of job (KB)
...
006 (517024.000.000) 05/05 17:27:02 Image size of job updated: 983852
	113  -  MemoryUsage of job (MB)
	114828  -  ResidentSetSize of job (KB)
...
006 (517024.000.000) 05/05 17:32:02 Image size of job updated: 1049720
	211  -  MemoryUsage of job (MB)
	215372  -  ResidentSetSize of job (KB)
...
006 (517024.000.000) 05/05 17:37:03 Image size of job updated: 1050248
	239  -  MemoryUsage of job (MB)
	244380  -  ResidentSetSize of job (KB)
...
006 (517024.000.000) 05/05 17:42:04 Image size of job updated: 1051136
	252  -  MemoryUsage of job (MB)
	257932  -  ResidentSetSize of job (KB)
...
006 (517024.000.000) 05/05 17:47:04 Image size of job updated: 1052028
	266  -  MemoryUsage of job (MB)
	272276  -  ResidentSetSize of job (KB)
...
006 (517024.000.000) 05/05 17:52:05 Image size of job updated: 1118032
	273  -  MemoryUsage of job (MB)
	278620  -  ResidentSetSize of job (KB)
...
005 (517024.000.000) 05/05 17:52:16 Job terminated.
	(1) Normal termination (return value 0)
		Usr 0 00:28:26, Sys 0 00:00:33  -  Run Remote Usage
		Usr 0 00:00:00, Sys 0 00:00:00  -  Run Local Usage
		Usr 0 00:28:26, Sys 0 00:00:33  -  Total Remote Usage
		Usr 0 00:00:00, Sys 0 00:00:00  -  Total Local Usage
	0  -  Run Bytes Sent By Job
	0  -  Run Bytes Received By Job
	0  -  Total Bytes Sent By Job
	0  -  Total Bytes Received By Job
	Partitionable Resources :    Usage  Request Allocated
	   Cpus                 :                 1         1
	   Disk (KB)            :        1        1    815265
	   Gpus                 :                           0
	   Memory (MB)          :      273        1     12899
...
000 (518059.000.000) 05/06 21:33:03 Job submitted from host: <128.83.144.149:44250?addrs=128.83.144.149-44250>
...
001 (518059.000.000) 05/06 21:33:13 Job executing on host: <128.83.144.112:35333?addrs=128.83.144.112-35333>
...
006 (518059.000.000) 05/06 21:33:22 Image size of job updated: 810728
	56  -  MemoryUsage of job (MB)
	56924  -  ResidentSetSize of job (KB)
...
006 (518059.000.000) 05/06 21:33:43 Image size of job updated: 811688
	56  -  MemoryUsage of job (MB)
	56924  -  ResidentSetSize of job (KB)
...
004 (518059.000.000) 05/06 21:33:43 Job was evicted.
	(0) Job was not checkpointed.
		Usr 0 00:00:00, Sys 0 00:00:00  -  Run Remote Usage
		Usr 0 00:00:00, Sys 0 00:00:00  -  Run Local Usage
	0  -  Run Bytes Sent By Job
	0  -  Run Bytes Received By Job
	Partitionable Resources :    Usage  Request Allocated
	   Cpus                 :                 1         1
	   Disk (KB)            :        1        1    803081
	   Gpus                 :                           0
	   Memory (MB)          :       56        1     12899
...
009 (518059.000.000) 05/06 21:33:44 Job was aborted by the user.
	via condor_rm (by user ypei)
...
000 (518266.000.000) 05/06 21:34:10 Job submitted from host: <128.83.144.149:44250?addrs=128.83.144.149-44250>
...
001 (518266.000.000) 05/06 21:34:21 Job executing on host: <128.83.139.9:47643?addrs=128.83.139.9-47643>
...
006 (518266.000.000) 05/06 21:34:29 Image size of job updated: 810728
	54  -  MemoryUsage of job (MB)
	54880  -  ResidentSetSize of job (KB)
...
006 (518266.000.000) 05/06 21:39:29 Image size of job updated: 983960
	111  -  MemoryUsage of job (MB)
	112972  -  ResidentSetSize of job (KB)
...
006 (518266.000.000) 05/06 21:44:30 Image size of job updated: 1049828
	207  -  MemoryUsage of job (MB)
	211968  -  ResidentSetSize of job (KB)
...
006 (518266.000.000) 05/06 21:49:31 Image size of job updated: 1050440
	236  -  MemoryUsage of job (MB)
	241120  -  ResidentSetSize of job (KB)
...
006 (518266.000.000) 05/06 21:54:31 Image size of job updated: 1051048
	246  -  MemoryUsage of job (MB)
	251864  -  ResidentSetSize of job (KB)
...
006 (518266.000.000) 05/06 21:59:32 Image size of job updated: 1051932
	263  -  MemoryUsage of job (MB)
	269152  -  ResidentSetSize of job (KB)
...
006 (518266.000.000) 05/06 22:04:33 Image size of job updated: 1117784
	267  -  MemoryUsage of job (MB)
	273188  -  ResidentSetSize of job (KB)
...
006 (518266.000.000) 05/06 22:06:35 Image size of job updated: 1118140
	267  -  MemoryUsage of job (MB)
	273188  -  ResidentSetSize of job (KB)
...
005 (518266.000.000) 05/06 22:06:36 Job terminated.
	(1) Normal termination (return value 0)
		Usr 0 00:30:31, Sys 0 00:00:32  -  Run Remote Usage
		Usr 0 00:00:00, Sys 0 00:00:00  -  Run Local Usage
		Usr 0 00:30:31, Sys 0 00:00:32  -  Total Remote Usage
		Usr 0 00:00:00, Sys 0 00:00:00  -  Total Local Usage
	0  -  Run Bytes Sent By Job
	0  -  Run Bytes Received By Job
	0  -  Total Bytes Sent By Job
	0  -  Total Bytes Received By Job
	Partitionable Resources :    Usage  Request Allocated
	   Cpus                 :                 1         1
	   Disk (KB)            :        1        1   1678557
	   Gpus                 :                           0
	   Memory (MB)          :      267        1     12899
...
000 (381834.000.000) 05/07 00:29:02 Job submitted from host: <128.83.144.155:57685?addrs=128.83.144.155-57685>
...
001 (381834.000.000) 05/07 00:29:18 Job executing on host: <128.83.139.15:46714?addrs=128.83.139.15-46714>
...
006 (381834.000.000) 05/07 00:29:27 Image size of job updated: 811244
	57  -  MemoryUsage of job (MB)
	57468  -  ResidentSetSize of job (KB)
...
006 (381834.000.000) 05/07 00:34:28 Image size of job updated: 983964
	130  -  MemoryUsage of job (MB)
	132152  -  ResidentSetSize of job (KB)
...
006 (381834.000.000) 05/07 00:39:29 Image size of job updated: 1050040
	220  -  MemoryUsage of job (MB)
	224960  -  ResidentSetSize of job (KB)
...
006 (381834.000.000) 05/07 00:44:29 Image size of job updated: 1050732
	244  -  MemoryUsage of job (MB)
	248968  -  ResidentSetSize of job (KB)
...
006 (381834.000.000) 05/07 00:49:30 Image size of job updated: 1051936
	264  -  MemoryUsage of job (MB)
	269452  -  ResidentSetSize of job (KB)
...
006 (381834.000.000) 05/07 00:53:29 Image size of job updated: 1052608
	264  -  MemoryUsage of job (MB)
	269452  -  ResidentSetSize of job (KB)
...
005 (381834.000.000) 05/07 00:53:29 Job terminated.
	(1) Normal termination (return value 0)
		Usr 0 00:22:18, Sys 0 00:00:28  -  Run Remote Usage
		Usr 0 00:00:00, Sys 0 00:00:00  -  Run Local Usage
		Usr 0 00:22:18, Sys 0 00:00:28  -  Total Remote Usage
		Usr 0 00:00:00, Sys 0 00:00:00  -  Total Local Usage
	0  -  Run Bytes Sent By Job
	0  -  Run Bytes Received By Job
	0  -  Total Bytes Sent By Job
	0  -  Total Bytes Received By Job
	Partitionable Resources :    Usage  Request Allocated
	   Cpus                 :                 1         1
	   Disk (KB)            :        1        1   1672476
	   Gpus                 :                           0
	   Memory (MB)          :      264        1     12899
...
