000 (15005703.000.000) 08/01 19:38:47 Job submitted from host: <128.83.130.153:51299?addrs=128.83.130.153-51299>
...
001 (15005703.000.000) 08/01 19:39:11 Job executing on host: <128.83.120.75:36144?addrs=128.83.120.75-36144>
...
006 (15005703.000.000) 08/01 19:39:20 Image size of job updated: 5418400
	179  -  MemoryUsage of job (MB)
	182876  -  ResidentSetSize of job (KB)
...
006 (15005703.000.000) 08/01 19:44:21 Image size of job updated: 6131152
	533  -  MemoryUsage of job (MB)
	545356  -  ResidentSetSize of job (KB)
...
006 (15005703.000.000) 08/01 19:49:22 Image size of job updated: 6205284
	695  -  MemoryUsage of job (MB)
	711212  -  ResidentSetSize of job (KB)
...
006 (15005703.000.000) 08/01 19:54:22 Image size of job updated: 6271096
	798  -  MemoryUsage of job (MB)
	816248  -  ResidentSetSize of job (KB)
...
006 (15005703.000.000) 08/01 19:59:22 Image size of job updated: 6340476
	921  -  MemoryUsage of job (MB)
	942676  -  ResidentSetSize of job (KB)
...
006 (15005703.000.000) 08/01 20:04:23 Image size of job updated: 6471660
	1105  -  MemoryUsage of job (MB)
	1131176  -  ResidentSetSize of job (KB)
...
006 (15005703.000.000) 08/01 20:09:24 Image size of job updated: 6669020
	1233  -  MemoryUsage of job (MB)
	1262356  -  ResidentSetSize of job (KB)
...
006 (15005703.000.000) 08/01 20:14:24 Image size of job updated: 6734684
	1346  -  MemoryUsage of job (MB)
	1377360  -  ResidentSetSize of job (KB)
...
006 (15005703.000.000) 08/01 20:19:25 Image size of job updated: 6800232
	1479  -  MemoryUsage of job (MB)
	1514472  -  ResidentSetSize of job (KB)
...
005 (15005703.000.000) 08/01 20:19:48 Job terminated.
	(1) Normal termination (return value 0)
		Usr 0 00:52:51, Sys 0 00:01:09  -  Run Remote Usage
		Usr 0 00:00:00, Sys 0 00:00:00  -  Run Local Usage
		Usr 0 00:52:51, Sys 0 00:01:09  -  Total Remote Usage
		Usr 0 00:00:00, Sys 0 00:00:00  -  Total Local Usage
	0  -  Run Bytes Sent By Job
	0  -  Run Bytes Received By Job
	0  -  Total Bytes Sent By Job
	0  -  Total Bytes Received By Job
	Partitionable Resources :    Usage  Request Allocated
	   Cpus                 :                 1         1
	   Disk (KB)            :        1        1   8862903
	   Gpus                 :                           0
	   Memory (MB)          :     1479        1      4028
...
