000 (516032.000.000) 05/05 17:13:14 Job submitted from host: <128.83.144.149:44250?addrs=128.83.144.149-44250>
...
001 (516032.000.000) 05/05 17:13:33 Job executing on host: <128.83.120.229:58979?addrs=128.83.120.229-58979>
...
006 (516032.000.000) 05/05 17:13:42 Image size of job updated: 914176
	56  -  MemoryUsage of job (MB)
	56784  -  ResidentSetSize of job (KB)
...
006 (516032.000.000) 05/05 17:14:25 Image size of job updated: 915708
	56  -  MemoryUsage of job (MB)
	56784  -  ResidentSetSize of job (KB)
...
004 (516032.000.000) 05/05 17:14:25 Job was evicted.
	(0) Job was not checkpointed.
		Usr 0 00:00:00, Sys 0 00:00:00  -  Run Remote Usage
		Usr 0 00:00:00, Sys 0 00:00:00  -  Run Local Usage
	0  -  Run Bytes Sent By Job
	0  -  Run Bytes Received By Job
	Partitionable Resources :    Usage  Request Allocated
	   Cpus                 :                 1         1
	   Disk (KB)            :        1        1    828970
	   Gpus                 :                           0
	   Memory (MB)          :       56        1     12899
...
009 (516032.000.000) 05/05 17:14:26 Job was aborted by the user.
	via condor_rm (by user ypei)
...
000 (516257.000.000) 05/05 17:14:56 Job submitted from host: <128.83.144.149:44250?addrs=128.83.144.149-44250>
...
001 (516257.000.000) 05/05 17:15:03 Job executing on host: <128.83.139.14:44306?addrs=128.83.139.14-44306>
...
006 (516257.000.000) 05/05 17:15:11 Image size of job updated: 370364
	28  -  MemoryUsage of job (MB)
	28184  -  ResidentSetSize of job (KB)
...
006 (516257.000.000) 05/05 17:18:09 Image size of job updated: 1089136
	28  -  MemoryUsage of job (MB)
	28184  -  ResidentSetSize of job (KB)
...
004 (516257.000.000) 05/05 17:18:09 Job was evicted.
	(0) Job was not checkpointed.
		Usr 0 00:01:12, Sys 0 00:00:01  -  Run Remote Usage
		Usr 0 00:00:00, Sys 0 00:00:00  -  Run Local Usage
	0  -  Run Bytes Sent By Job
	0  -  Run Bytes Received By Job
	Partitionable Resources :    Usage  Request Allocated
	   Cpus                 :                 1         1
	   Disk (KB)            :        1        1   1695320
	   Gpus                 :                           0
	   Memory (MB)          :       28        1     12899
...
009 (516257.000.000) 05/05 17:18:10 Job was aborted by the user.
	via condor_rm (by user ypei)
...
000 (516464.000.000) 05/05 17:18:27 Job submitted from host: <128.83.144.149:44250?addrs=128.83.144.149-44250>
...
001 (516464.000.000) 05/05 17:18:32 Job executing on host: <128.83.139.14:44306?addrs=128.83.139.14-44306>
...
006 (516464.000.000) 05/05 17:18:41 Image size of job updated: 914176
	52  -  MemoryUsage of job (MB)
	52856  -  ResidentSetSize of job (KB)
...
006 (516464.000.000) 05/05 17:21:24 Image size of job updated: 1089512
	299  -  MemoryUsage of job (MB)
	305540  -  ResidentSetSize of job (KB)
...
004 (516464.000.000) 05/05 17:21:24 Job was evicted.
	(0) Job was not checkpointed.
		Usr 0 00:01:18, Sys 0 00:00:01  -  Run Remote Usage
		Usr 0 00:00:00, Sys 0 00:00:00  -  Run Local Usage
	0  -  Run Bytes Sent By Job
	0  -  Run Bytes Received By Job
	Partitionable Resources :    Usage  Request Allocated
	   Cpus                 :                 1         1
	   Disk (KB)            :        1        1   1695320
	   Gpus                 :                           0
	   Memory (MB)          :      299        1     12899
...
009 (516464.000.000) 05/05 17:21:25 Job was aborted by the user.
	via condor_rm (by user ypei)
...
000 (517085.000.000) 05/05 17:21:55 Job submitted from host: <128.83.144.149:44250?addrs=128.83.144.149-44250>
...
001 (517085.000.000) 05/05 17:22:23 Job executing on host: <128.83.144.13:57145?addrs=128.83.144.13-57145>
...
006 (517085.000.000) 05/05 17:22:31 Image size of job updated: 914176
	56  -  MemoryUsage of job (MB)
	56748  -  ResidentSetSize of job (KB)
...
006 (517085.000.000) 05/05 17:27:31 Image size of job updated: 1154768
	357  -  MemoryUsage of job (MB)
	364956  -  ResidentSetSize of job (KB)
...
006 (517085.000.000) 05/05 17:32:31 Image size of job updated: 1220340
	410  -  MemoryUsage of job (MB)
	419244  -  ResidentSetSize of job (KB)
...
006 (517085.000.000) 05/05 17:37:32 Image size of job updated: 1220348
	434  -  MemoryUsage of job (MB)
	443780  -  ResidentSetSize of job (KB)
...
006 (517085.000.000) 05/05 17:42:33 Image size of job updated: 1286152
	459  -  MemoryUsage of job (MB)
	469836  -  ResidentSetSize of job (KB)
...
006 (517085.000.000) 05/05 17:45:25 Image size of job updated: 1286168
	459  -  MemoryUsage of job (MB)
	469836  -  ResidentSetSize of job (KB)
...
005 (517085.000.000) 05/05 17:45:25 Job terminated.
	(1) Normal termination (return value 0)
		Usr 0 00:21:25, Sys 0 00:00:24  -  Run Remote Usage
		Usr 0 00:00:00, Sys 0 00:00:00  -  Run Local Usage
		Usr 0 00:21:25, Sys 0 00:00:24  -  Total Remote Usage
		Usr 0 00:00:00, Sys 0 00:00:00  -  Total Local Usage
	0  -  Run Bytes Sent By Job
	0  -  Run Bytes Received By Job
	0  -  Total Bytes Sent By Job
	0  -  Total Bytes Received By Job
	Partitionable Resources :    Usage  Request Allocated
	   Cpus                 :                 1         1
	   Disk (KB)            :        1        1    824402
	   Gpus                 :                           0
	   Memory (MB)          :      459        1     12899
...
000 (518120.000.000) 05/06 21:33:07 Job submitted from host: <128.83.144.149:44250?addrs=128.83.144.149-44250>
...
001 (518120.000.000) 05/06 21:33:15 Job executing on host: <128.83.120.230:37764?addrs=128.83.120.230-37764>
...
006 (518120.000.000) 05/06 21:33:24 Image size of job updated: 914688
	56  -  MemoryUsage of job (MB)
	57300  -  ResidentSetSize of job (KB)
...
006 (518120.000.000) 05/06 21:33:43 Image size of job updated: 915708
	56  -  MemoryUsage of job (MB)
	57300  -  ResidentSetSize of job (KB)
...
004 (518120.000.000) 05/06 21:33:43 Job was evicted.
	(0) Job was not checkpointed.
		Usr 0 00:00:00, Sys 0 00:00:00  -  Run Remote Usage
		Usr 0 00:00:00, Sys 0 00:00:00  -  Run Local Usage
	0  -  Run Bytes Sent By Job
	0  -  Run Bytes Received By Job
	Partitionable Resources :    Usage  Request Allocated
	   Cpus                 :                 1         1
	   Disk (KB)            :        1        1    792422
	   Gpus                 :                           0
	   Memory (MB)          :       56        1     12899
...
009 (518120.000.000) 05/06 21:33:45 Job was aborted by the user.
	via condor_rm (by user ypei)
...
000 (518327.000.000) 05/06 21:34:15 Job submitted from host: <128.83.144.149:44250?addrs=128.83.144.149-44250>
...
001 (518327.000.000) 05/06 21:34:23 Job executing on host: <128.83.120.250:59851?addrs=128.83.120.250-59851>
...
006 (518327.000.000) 05/06 21:34:31 Image size of job updated: 914312
	56  -  MemoryUsage of job (MB)
	56740  -  ResidentSetSize of job (KB)
...
006 (518327.000.000) 05/06 21:39:31 Image size of job updated: 1154940
	321  -  MemoryUsage of job (MB)
	328644  -  ResidentSetSize of job (KB)
...
006 (518327.000.000) 05/06 21:44:31 Image size of job updated: 1220484
	380  -  MemoryUsage of job (MB)
	388756  -  ResidentSetSize of job (KB)
...
006 (518327.000.000) 05/06 21:49:32 Image size of job updated: 1220504
	404  -  MemoryUsage of job (MB)
	413076  -  ResidentSetSize of job (KB)
...
006 (518327.000.000) 05/06 21:54:32 Image size of job updated: 1220768
	419  -  MemoryUsage of job (MB)
	428092  -  ResidentSetSize of job (KB)
...
006 (518327.000.000) 05/06 21:59:32 Image size of job updated: 1220776
	434  -  MemoryUsage of job (MB)
	443936  -  ResidentSetSize of job (KB)
...
006 (518327.000.000) 05/06 22:04:33 Image size of job updated: 1286316
	448  -  MemoryUsage of job (MB)
	458496  -  ResidentSetSize of job (KB)
...
006 (518327.000.000) 05/06 22:09:33 Image size of job updated: 1286320
	464  -  MemoryUsage of job (MB)
	475068  -  ResidentSetSize of job (KB)
...
006 (518327.000.000) 05/06 22:11:45 Image size of job updated: 1286336
	464  -  MemoryUsage of job (MB)
	475068  -  ResidentSetSize of job (KB)
...
005 (518327.000.000) 05/06 22:11:45 Job terminated.
	(1) Normal termination (return value 0)
		Usr 0 00:35:29, Sys 0 00:00:42  -  Run Remote Usage
		Usr 0 00:00:00, Sys 0 00:00:00  -  Run Local Usage
		Usr 0 00:35:29, Sys 0 00:00:42  -  Total Remote Usage
		Usr 0 00:00:00, Sys 0 00:00:00  -  Total Local Usage
	0  -  Run Bytes Sent By Job
	0  -  Run Bytes Received By Job
	0  -  Total Bytes Sent By Job
	0  -  Total Bytes Received By Job
	Partitionable Resources :    Usage  Request Allocated
	   Cpus                 :                 1         1
	   Disk (KB)            :        1        1    798513
	   Gpus                 :                           0
	   Memory (MB)          :      464        1     12899
...
000 (381895.000.000) 05/07 00:29:06 Job submitted from host: <128.83.144.155:57685?addrs=128.83.144.155-57685>
...
001 (381895.000.000) 05/07 00:29:21 Job executing on host: <128.83.139.6:57138?addrs=128.83.139.6-57138>
...
006 (381895.000.000) 05/07 00:29:30 Image size of job updated: 914316
	54  -  MemoryUsage of job (MB)
	54844  -  ResidentSetSize of job (KB)
...
006 (381895.000.000) 05/07 00:34:31 Image size of job updated: 1089404
	308  -  MemoryUsage of job (MB)
	314768  -  ResidentSetSize of job (KB)
...
006 (381895.000.000) 05/07 00:39:32 Image size of job updated: 1154952
	357  -  MemoryUsage of job (MB)
	365072  -  ResidentSetSize of job (KB)
...
006 (381895.000.000) 05/07 00:44:32 Image size of job updated: 1154976
	374  -  MemoryUsage of job (MB)
	382920  -  ResidentSetSize of job (KB)
...
006 (381895.000.000) 05/07 00:49:32 Image size of job updated: 1220776
	387  -  MemoryUsage of job (MB)
	395424  -  ResidentSetSize of job (KB)
...
006 (381895.000.000) 05/07 00:54:33 Image size of job updated: 1220784
	401  -  MemoryUsage of job (MB)
	410016  -  ResidentSetSize of job (KB)
...
006 (381895.000.000) 05/07 00:59:33 Image size of job updated: 1220792
	418  -  MemoryUsage of job (MB)
	427912  -  ResidentSetSize of job (KB)
...
006 (381895.000.000) 05/07 01:02:34 Image size of job updated: 1220804
	418  -  MemoryUsage of job (MB)
	427912  -  ResidentSetSize of job (KB)
...
005 (381895.000.000) 05/07 01:02:34 Job terminated.
	(1) Normal termination (return value 0)
		Usr 0 00:31:20, Sys 0 00:00:38  -  Run Remote Usage
		Usr 0 00:00:00, Sys 0 00:00:00  -  Run Local Usage
		Usr 0 00:31:20, Sys 0 00:00:38  -  Total Remote Usage
		Usr 0 00:00:00, Sys 0 00:00:00  -  Total Local Usage
	0  -  Run Bytes Sent By Job
	0  -  Run Bytes Received By Job
	0  -  Total Bytes Sent By Job
	0  -  Total Bytes Received By Job
	Partitionable Resources :    Usage  Request Allocated
	   Cpus                 :                 1         1
	   Disk (KB)            :        1        1   1661815
	   Gpus                 :                           0
	   Memory (MB)          :      418        1     12899
...
