[SNIPER] Start
Sampler: 4, 32, 0
itlb_cache: 32, 1
itlb_cache_L1: 32, 1
Sampler: 4, 128, 0
dtlb_cache: 128, 4
dtlb_cache_L1: 128, 4
L1-I 2
Sampler: 4, 4, 128
L1-I: 2048, 64
L1-I_L1: 2048, 64
L1-D 3
Sampler: 4, 8, 32
L1-D: 1024, 32
L1-D_L1: 1024, 32
L2 4
Sampler: 122, 16, 16
L2: 32768, 1024
L2_L1: 32768, 1024
Executing Python script /v/filer4b/v20q001/ypei/Desktop/cs395t-lin/output/low_bandwidth/run_all_hybrid_headroom9/sphinx3/5/sim.scripts.py
[STOPBYICOUNT] Starting in ROI (detail)
[STOPBYICOUNT] Then stopping after simulating at least 250000000 instructions in detail
[SNIPER] --------------------------------------------------------------------------------
[SNIPER] Sniper using SIFT/trace-driven frontend
[SNIPER] Running full application in DETAILED mode
[SNIPER] --------------------------------------------------------------------------------
[SNIPER] Enabling performance models
[SNIPER] Setting instrumentation mode to DETAILED
[STOPBYICOUNT] Ending ROI after 250000001 instructions (250000000 requested)
[SNIPER] Disabling performance models
[SNIPER] Leaving ROI after 827.92 seconds
[SNIPER] Simulated 250.0M instructions, 190.8M cycles, 1.31 IPC
[SNIPER] Simulation speed 302.0 KIPS (302.0 KIPS / target core - 3311.7ns/instr)
[SNIPER] Setting instrumentation mode to FAST_FORWARD
[app0] [SIFT_RECORDER] sift_writer.cc:550: Sift::Mode Sift::Writer::Sync(): Assertion `!response->fail()' failed.
[app0] Pin app terminated abnormally due to signal 6.
Hawkeye Victims: 0
LRU Victims: 0
Hawkeye Victims: 0
LRU Victims: 0
Hawkeye Victims: 0
LRU Victims: 0
a test for execution

Inserted: 0
Redundant.progress: 0
Redundant.cache: 0
Redundant.buffer: 0
Hawkeye Victims: 0
LRU Victims: 0
a test for execution

Inserted: 0
Redundant.progress: 0
Redundant.cache: 0
Redundant.buffer: 0
Hawkeye Victims: 0
LRU Victims: 0
 =========================================================== 
Triggers: 3344201
Repeats: 0

Same addr: 2902413 86.7894
New addr: 486 0.0145326

Distribution of new addresses: 
Stream Head: 251 51.6461
Stream Divergence: 236881 48740.9

Invalidation count: 344514 70887.7
No Conflict count: 108407 22306
Same Stream count: 0 0
New Stream count: 0 0

Not found: 429165
On Chip Mispredictions: 0
 =========================================================== 
Distribution of predictions: 
Predict Init: 3259064 97.4542
Total Predictions: 3228336
Predict OCI Miss: 19311 0.592532
Predict Stream End: 30728 0.942847
Buffer Success: 0 0
Stride Distribution: 0, 70287, 51152, 53406, 58006, 1239148, 424028, 225584, 183172, 274300, 170154, 114816, 135562, 62514, 66654, 49220, 57500, 0, 44160, 0, 21206, 0, 0, 0, 20930, 0, 0, 0, 0, 0, 4416, 0, 9798, 0, 0, 0, 3634, 0, 0, 0, 4554, 0, 0, 0, 0, 0, 0, 0, 0, 0, 0, 0, 0, 0, 0, 0, 0, 0, 0, 0, 0, 0, 0, 0, 0, 0, 33, 0, 0, 0, 0, 0, 48080176, 0, 49, 0, 15, 0, 15, 0, 0, 6644585, 1868787317, 1915577714, 1702195557, 7566451, 113, 0, 5073232, 0, 44753568, 0, 0, 0, 5073232, 0, 45311984, 0, 0, 0, 5073232, 0, 45584304, 0, 0, 0, 5165152, 0, 69324144, 11090, 0, 11090, 48078480, 0, 49, 0, 6, 0, 6, 0, 0, 0, 1919906931, 29541, 48, 0, 49, 0, 
a test for execution

Inserted: 5504044
Redundant.progress: 112364
Redundant.cache: 2734016
Redundant.buffer: 0
[SNIPER] End
[SNIPER] Elapsed time: 835.31 seconds
