000 (515899.000.000) 05/05 17:12:16 Job submitted from host: <128.83.144.149:44250?addrs=128.83.144.149-44250>
...
001 (515899.000.000) 05/05 17:12:26 Job executing on host: <128.83.144.147:58788?addrs=128.83.144.147-58788>
...
006 (515899.000.000) 05/05 17:12:34 Image size of job updated: 1089692
	54  -  MemoryUsage of job (MB)
	55264  -  ResidentSetSize of job (KB)
...
006 (515899.000.000) 05/05 17:12:50 Image size of job updated: 1094700
	54  -  MemoryUsage of job (MB)
	55264  -  ResidentSetSize of job (KB)
...
004 (515899.000.000) 05/05 17:12:50 Job was evicted.
	(0) Job was not checkpointed.
		Usr 0 00:00:00, Sys 0 00:00:00  -  Run Remote Usage
		Usr 0 00:00:00, Sys 0 00:00:00  -  Run Local Usage
	0  -  Run Bytes Sent By Job
	0  -  Run Bytes Received By Job
	Partitionable Resources :    Usage  Request Allocated
	   Cpus                 :                 1         1
	   Disk (KB)            :        1        1   1883947
	   Gpus                 :                           0
	   Memory (MB)          :       54        1     21164
...
009 (515899.000.000) 05/05 17:12:51 Job was aborted by the user.
	via condor_rm (by user ypei)
...
000 (515929.000.000) 05/05 17:13:05 Job submitted from host: <128.83.144.149:44250?addrs=128.83.144.149-44250>
...
001 (515929.000.000) 05/05 17:13:26 Job executing on host: <128.83.144.147:58788?addrs=128.83.144.147-58788>
...
006 (515929.000.000) 05/05 17:13:35 Image size of job updated: 1089020
	56  -  MemoryUsage of job (MB)
	56476  -  ResidentSetSize of job (KB)
...
006 (515929.000.000) 05/05 17:14:25 Image size of job updated: 1089692
	56  -  MemoryUsage of job (MB)
	56476  -  ResidentSetSize of job (KB)
...
004 (515929.000.000) 05/05 17:14:25 Job was evicted.
	(0) Job was not checkpointed.
		Usr 0 00:00:00, Sys 0 00:00:00  -  Run Remote Usage
		Usr 0 00:00:00, Sys 0 00:00:00  -  Run Local Usage
	0  -  Run Bytes Sent By Job
	0  -  Run Bytes Received By Job
	Partitionable Resources :    Usage  Request Allocated
	   Cpus                 :                 1         1
	   Disk (KB)            :        1        1   1883947
	   Gpus                 :                           0
	   Memory (MB)          :       56        1     21164
...
009 (515929.000.000) 05/05 17:14:25 Job was aborted by the user.
	via condor_rm (by user ypei)
...
000 (516154.000.000) 05/05 17:14:47 Job submitted from host: <128.83.144.149:44250?addrs=128.83.144.149-44250>
...
001 (516154.000.000) 05/05 17:14:56 Job executing on host: <128.83.144.147:58788?addrs=128.83.144.147-58788>
...
006 (516154.000.000) 05/05 17:15:05 Image size of job updated: 1089176
	56  -  MemoryUsage of job (MB)
	56792  -  ResidentSetSize of job (KB)
...
006 (516154.000.000) 05/05 17:18:09 Image size of job updated: 1259848
	126  -  MemoryUsage of job (MB)
	128376  -  ResidentSetSize of job (KB)
...
004 (516154.000.000) 05/05 17:18:09 Job was evicted.
	(0) Job was not checkpointed.
		Usr 0 00:01:02, Sys 0 00:00:01  -  Run Remote Usage
		Usr 0 00:00:00, Sys 0 00:00:00  -  Run Local Usage
	0  -  Run Bytes Sent By Job
	0  -  Run Bytes Received By Job
	Partitionable Resources :    Usage  Request Allocated
	   Cpus                 :                 1         1
	   Disk (KB)            :        1        1   1883948
	   Gpus                 :                           0
	   Memory (MB)          :      126        1     21164
...
009 (516154.000.000) 05/05 17:18:09 Job was aborted by the user.
	via condor_rm (by user ypei)
...
000 (516361.000.000) 05/05 17:18:18 Job submitted from host: <128.83.144.149:44250?addrs=128.83.144.149-44250>
...
001 (516361.000.000) 05/05 17:18:28 Job executing on host: <128.83.144.147:58788?addrs=128.83.144.147-58788>
...
006 (516361.000.000) 05/05 17:18:37 Image size of job updated: 1089692
	56  -  MemoryUsage of job (MB)
	57292  -  ResidentSetSize of job (KB)
...
006 (516361.000.000) 05/05 17:21:25 Image size of job updated: 1259852
	133  -  MemoryUsage of job (MB)
	135528  -  ResidentSetSize of job (KB)
...
004 (516361.000.000) 05/05 17:21:25 Job was evicted.
	(0) Job was not checkpointed.
		Usr 0 00:01:39, Sys 0 00:00:03  -  Run Remote Usage
		Usr 0 00:00:00, Sys 0 00:00:00  -  Run Local Usage
	0  -  Run Bytes Sent By Job
	0  -  Run Bytes Received By Job
	Partitionable Resources :    Usage  Request Allocated
	   Cpus                 :                 1         1
	   Disk (KB)            :        1        1   1890647
	   Gpus                 :                           0
	   Memory (MB)          :      133        1     21164
...
009 (516361.000.000) 05/05 17:21:25 Job was aborted by the user.
	via condor_rm (by user ypei)
...
000 (516982.000.000) 05/05 17:21:40 Job submitted from host: <128.83.144.149:44250?addrs=128.83.144.149-44250>
...
001 (516982.000.000) 05/05 17:21:50 Job executing on host: <128.83.144.147:58788?addrs=128.83.144.147-58788>
...
006 (516982.000.000) 05/05 17:21:58 Image size of job updated: 410472
	38  -  MemoryUsage of job (MB)
	38812  -  ResidentSetSize of job (KB)
...
006 (516982.000.000) 05/05 17:26:58 Image size of job updated: 1259712
	144  -  MemoryUsage of job (MB)
	147356  -  ResidentSetSize of job (KB)
...
006 (516982.000.000) 05/05 17:31:58 Image size of job updated: 1259712
	190  -  MemoryUsage of job (MB)
	193976  -  ResidentSetSize of job (KB)
...
006 (516982.000.000) 05/05 17:36:59 Image size of job updated: 1325248
	227  -  MemoryUsage of job (MB)
	232296  -  ResidentSetSize of job (KB)
...
006 (516982.000.000) 05/05 17:41:59 Image size of job updated: 1325248
	242  -  MemoryUsage of job (MB)
	246932  -  ResidentSetSize of job (KB)
...
005 (516982.000.000) 05/05 17:42:12 Job terminated.
	(1) Normal termination (return value 0)
		Usr 0 00:18:19, Sys 0 00:00:26  -  Run Remote Usage
		Usr 0 00:00:00, Sys 0 00:00:00  -  Run Local Usage
		Usr 0 00:18:19, Sys 0 00:00:26  -  Total Remote Usage
		Usr 0 00:00:00, Sys 0 00:00:00  -  Total Local Usage
	0  -  Run Bytes Sent By Job
	0  -  Run Bytes Received By Job
	0  -  Total Bytes Sent By Job
	0  -  Total Bytes Received By Job
	Partitionable Resources :    Usage  Request Allocated
	   Cpus                 :                 1         1
	   Disk (KB)            :        1        1   1890646
	   Gpus                 :                           0
	   Memory (MB)          :      242        1     21164
...
000 (382413.000.000) 05/07 03:39:49 Job submitted from host: <128.83.144.155:57685?addrs=128.83.144.155-57685>
...
001 (382413.000.000) 05/07 03:59:58 Job executing on host: <128.83.139.15:46714?addrs=128.83.139.15-46714>
...
006 (382413.000.000) 05/07 04:00:07 Image size of job updated: 1094836
	64  -  MemoryUsage of job (MB)
	64840  -  ResidentSetSize of job (KB)
...
006 (382413.000.000) 05/07 04:05:08 Image size of job updated: 1259908
	150  -  MemoryUsage of job (MB)
	153124  -  ResidentSetSize of job (KB)
...
006 (382413.000.000) 05/07 04:10:08 Image size of job updated: 1259912
	191  -  MemoryUsage of job (MB)
	195376  -  ResidentSetSize of job (KB)
...
006 (382413.000.000) 05/07 04:15:08 Image size of job updated: 1325700
	224  -  MemoryUsage of job (MB)
	228380  -  ResidentSetSize of job (KB)
...
005 (382413.000.000) 05/07 04:19:55 Job terminated.
	(1) Normal termination (return value 0)
		Usr 0 00:19:22, Sys 0 00:00:24  -  Run Remote Usage
		Usr 0 00:00:00, Sys 0 00:00:00  -  Run Local Usage
		Usr 0 00:19:22, Sys 0 00:00:24  -  Total Remote Usage
		Usr 0 00:00:00, Sys 0 00:00:00  -  Total Local Usage
	0  -  Run Bytes Sent By Job
	0  -  Run Bytes Received By Job
	0  -  Total Bytes Sent By Job
	0  -  Total Bytes Received By Job
	Partitionable Resources :    Usage  Request Allocated
	   Cpus                 :                 1         1
	   Disk (KB)            :        1        1   1672474
	   Gpus                 :                           0
	   Memory (MB)          :      224        1     12899
...
000 (518431.000.000) 05/07 13:18:13 Job submitted from host: <128.83.144.149:44250?addrs=128.83.144.149-44250>
...
001 (518431.000.000) 05/07 13:18:49 Job executing on host: <128.83.120.128:51378?addrs=128.83.120.128-51378>
...
006 (518431.000.000) 05/07 13:18:57 Image size of job updated: 1091236
	54  -  MemoryUsage of job (MB)
	54828  -  ResidentSetSize of job (KB)
...
006 (518431.000.000) 05/07 13:23:37 Image size of job updated: 1259904
	136  -  MemoryUsage of job (MB)
	139192  -  ResidentSetSize of job (KB)
...
004 (518431.000.000) 05/07 13:23:37 Job was evicted.
	(0) Job was not checkpointed.
		Usr 0 00:03:50, Sys 0 00:00:05  -  Run Remote Usage
		Usr 0 00:00:00, Sys 0 00:00:00  -  Run Local Usage
	0  -  Run Bytes Sent By Job
	0  -  Run Bytes Received By Job
	Partitionable Resources :    Usage  Request Allocated
	   Cpus                 :                 1         1
	   Disk (KB)            :        1        1    803066
	   Gpus                 :                           0
	   Memory (MB)          :      136        1     12899
...
009 (518431.000.000) 05/07 13:23:38 Job was aborted by the user.
	via condor_rm (by user ypei)
...
000 (518638.000.000) 05/07 13:23:44 Job submitted from host: <128.83.144.149:44250?addrs=128.83.144.149-44250>
...
001 (518638.000.000) 05/07 13:23:55 Job executing on host: <128.83.130.161:35317?addrs=128.83.130.161-35317>
...
006 (518638.000.000) 05/07 13:24:04 Image size of job updated: 1089552
	54  -  MemoryUsage of job (MB)
	55256  -  ResidentSetSize of job (KB)
...
006 (518638.000.000) 05/07 13:29:05 Image size of job updated: 1259744
	153  -  MemoryUsage of job (MB)
	155856  -  ResidentSetSize of job (KB)
...
006 (518638.000.000) 05/07 13:34:06 Image size of job updated: 1325540
	202  -  MemoryUsage of job (MB)
	206528  -  ResidentSetSize of job (KB)
...
006 (518638.000.000) 05/07 13:39:06 Image size of job updated: 1325540
	227  -  MemoryUsage of job (MB)
	232132  -  ResidentSetSize of job (KB)
...
005 (518638.000.000) 05/07 13:40:20 Job terminated.
	(1) Normal termination (return value 0)
		Usr 0 00:15:18, Sys 0 00:00:07  -  Run Remote Usage
		Usr 0 00:00:00, Sys 0 00:00:00  -  Run Local Usage
		Usr 0 00:15:18, Sys 0 00:00:07  -  Total Remote Usage
		Usr 0 00:00:00, Sys 0 00:00:00  -  Total Local Usage
	0  -  Run Bytes Sent By Job
	0  -  Run Bytes Received By Job
	0  -  Total Bytes Sent By Job
	0  -  Total Bytes Received By Job
	Partitionable Resources :    Usage  Request Allocated
	   Cpus                 :                 1         1
	   Disk (KB)            :        1        1   1865789
	   Gpus                 :                           0
	   Memory (MB)          :      227        1     21164
...
000 (519052.000.000) 05/07 14:36:23 Job submitted from host: <128.83.144.149:44250?addrs=128.83.144.149-44250>
...
001 (519052.000.000) 05/07 14:36:34 Job executing on host: <128.83.144.147:58788?addrs=128.83.144.147-58788>
...
006 (519052.000.000) 05/07 14:36:43 Image size of job updated: 1091240
	58  -  MemoryUsage of job (MB)
	58916  -  ResidentSetSize of job (KB)
...
006 (519052.000.000) 05/07 14:41:44 Image size of job updated: 1260140
	157  -  MemoryUsage of job (MB)
	160180  -  ResidentSetSize of job (KB)
...
006 (519052.000.000) 05/07 14:46:45 Image size of job updated: 1325676
	208  -  MemoryUsage of job (MB)
	212640  -  ResidentSetSize of job (KB)
...
006 (519052.000.000) 05/07 14:51:45 Image size of job updated: 1325676
	232  -  MemoryUsage of job (MB)
	236676  -  ResidentSetSize of job (KB)
...
005 (519052.000.000) 05/07 14:52:08 Job terminated.
	(1) Normal termination (return value 0)
		Usr 0 00:14:30, Sys 0 00:00:07  -  Run Remote Usage
		Usr 0 00:00:00, Sys 0 00:00:00  -  Run Local Usage
		Usr 0 00:14:30, Sys 0 00:00:07  -  Total Remote Usage
		Usr 0 00:00:00, Sys 0 00:00:00  -  Total Local Usage
	0  -  Run Bytes Sent By Job
	0  -  Run Bytes Received By Job
	0  -  Total Bytes Sent By Job
	0  -  Total Bytes Received By Job
	Partitionable Resources :    Usage  Request Allocated
	   Cpus                 :                 1         1
	   Disk (KB)            :        1        1   1911592
	   Gpus                 :                           0
	   Memory (MB)          :      232        1     21164
...
000 (382827.000.000) 05/07 20:16:54 Job submitted from host: <128.83.144.155:57685?addrs=128.83.144.155-57685>
...
001 (382827.000.000) 05/07 20:34:05 Job executing on host: <128.83.144.13:57145?addrs=128.83.144.13-57145>
...
006 (382827.000.000) 05/07 20:34:14 Image size of job updated: 1259776
	98  -  MemoryUsage of job (MB)
	99968  -  ResidentSetSize of job (KB)
...
006 (382827.000.000) 05/07 20:39:15 Image size of job updated: 1259912
	149  -  MemoryUsage of job (MB)
	152444  -  ResidentSetSize of job (KB)
...
006 (382827.000.000) 05/07 20:44:16 Image size of job updated: 1259912
	186  -  MemoryUsage of job (MB)
	190052  -  ResidentSetSize of job (KB)
...
006 (382827.000.000) 05/07 20:49:16 Image size of job updated: 1325444
	220  -  MemoryUsage of job (MB)
	225168  -  ResidentSetSize of job (KB)
...
006 (382827.000.000) 05/07 20:54:04 Image size of job updated: 1325700
	220  -  MemoryUsage of job (MB)
	225168  -  ResidentSetSize of job (KB)
...
005 (382827.000.000) 05/07 20:54:04 Job terminated.
	(1) Normal termination (return value 0)
		Usr 0 00:19:27, Sys 0 00:00:24  -  Run Remote Usage
		Usr 0 00:00:00, Sys 0 00:00:00  -  Run Local Usage
		Usr 0 00:19:27, Sys 0 00:00:24  -  Total Remote Usage
		Usr 0 00:00:00, Sys 0 00:00:00  -  Total Local Usage
	0  -  Run Bytes Sent By Job
	0  -  Run Bytes Received By Job
	0  -  Total Bytes Sent By Job
	0  -  Total Bytes Received By Job
	Partitionable Resources :    Usage  Request Allocated
	   Cpus                 :                 1         1
	   Disk (KB)            :        1        1    796973
	   Gpus                 :                           0
	   Memory (MB)          :      220        1     12899
...
000 (384069.000.000) 05/08 05:52:56 Job submitted from host: <128.83.144.155:57685?addrs=128.83.144.155-57685>
...
001 (384069.000.000) 05/08 06:10:50 Job executing on host: <128.83.120.229:58979?addrs=128.83.120.229-58979>
...
006 (384069.000.000) 05/08 06:10:59 Image size of job updated: 1094836
	62  -  MemoryUsage of job (MB)
	62800  -  ResidentSetSize of job (KB)
...
006 (384069.000.000) 05/08 06:16:00 Image size of job updated: 1259908
	149  -  MemoryUsage of job (MB)
	152424  -  ResidentSetSize of job (KB)
...
006 (384069.000.000) 05/08 06:21:01 Image size of job updated: 1259908
	190  -  MemoryUsage of job (MB)
	193964  -  ResidentSetSize of job (KB)
...
006 (384069.000.000) 05/08 06:26:01 Image size of job updated: 1325444
	221  -  MemoryUsage of job (MB)
	226288  -  ResidentSetSize of job (KB)
...
006 (384069.000.000) 05/08 06:31:01 Image size of job updated: 1325700
	221  -  MemoryUsage of job (MB)
	226288  -  ResidentSetSize of job (KB)
...
005 (384069.000.000) 05/08 06:31:01 Job terminated.
	(1) Normal termination (return value 0)
		Usr 0 00:19:43, Sys 0 00:00:21  -  Run Remote Usage
		Usr 0 00:00:00, Sys 0 00:00:00  -  Run Local Usage
		Usr 0 00:19:43, Sys 0 00:00:21  -  Total Remote Usage
		Usr 0 00:00:00, Sys 0 00:00:00  -  Total Local Usage
	0  -  Run Bytes Sent By Job
	0  -  Run Bytes Received By Job
	0  -  Total Bytes Sent By Job
	0  -  Total Bytes Received By Job
	Partitionable Resources :    Usage  Request Allocated
	   Cpus                 :                 1         1
	   Disk (KB)            :        1        1    799997
	   Gpus                 :                           0
	   Memory (MB)          :      221        1     12899
...
000 (417462.000.000) 05/09 03:37:21 Job submitted from host: <128.83.144.154:52346?addrs=128.83.144.154-52346>
...
001 (417462.000.000) 05/09 03:54:34 Job executing on host: <128.83.144.55:40067?addrs=128.83.144.55-40067>
...
006 (417462.000.000) 05/09 03:54:43 Image size of job updated: 2
	2  -  MemoryUsage of job (MB)
	1640  -  ResidentSetSize of job (KB)
...
006 (417462.000.000) 05/09 03:59:44 Image size of job updated: 1260144
	155  -  MemoryUsage of job (MB)
	157992  -  ResidentSetSize of job (KB)
...
006 (417462.000.000) 05/09 04:04:44 Image size of job updated: 1325680
	201  -  MemoryUsage of job (MB)
	205520  -  ResidentSetSize of job (KB)
...
006 (417462.000.000) 05/09 04:09:44 Image size of job updated: 1325680
	226  -  MemoryUsage of job (MB)
	230836  -  ResidentSetSize of job (KB)
...
005 (417462.000.000) 05/09 04:13:04 Job terminated.
	(1) Normal termination (return value 0)
		Usr 0 00:18:07, Sys 0 00:00:11  -  Run Remote Usage
		Usr 0 00:00:00, Sys 0 00:00:00  -  Run Local Usage
		Usr 0 00:18:07, Sys 0 00:00:11  -  Total Remote Usage
		Usr 0 00:00:00, Sys 0 00:00:00  -  Total Local Usage
	0  -  Run Bytes Sent By Job
	0  -  Run Bytes Received By Job
	0  -  Total Bytes Sent By Job
	0  -  Total Bytes Received By Job
	Partitionable Resources :    Usage  Request Allocated
	   Cpus                 :                 1         1
	   Disk (KB)            :        2        2   7539970
	   Gpus                 :                           0
	   Memory (MB)          :      226        1      4027
...
