000 (516042.000.000) 05/05 17:13:15 Job submitted from host: <128.83.144.149:44250?addrs=128.83.144.149-44250>
...
001 (516042.000.000) 05/05 17:13:34 Job executing on host: <128.83.120.229:58979?addrs=128.83.120.229-58979>
...
006 (516042.000.000) 05/05 17:13:43 Image size of job updated: 916208
	52  -  MemoryUsage of job (MB)
	52716  -  ResidentSetSize of job (KB)
...
006 (516042.000.000) 05/05 17:14:29 Image size of job updated: 917744
	53  -  MemoryUsage of job (MB)
	53276  -  ResidentSetSize of job (KB)
...
004 (516042.000.000) 05/05 17:14:29 Job was evicted.
	(0) Job was not checkpointed.
		Usr 0 00:00:00, Sys 0 00:00:00  -  Run Remote Usage
		Usr 0 00:00:00, Sys 0 00:00:00  -  Run Local Usage
	0  -  Run Bytes Sent By Job
	0  -  Run Bytes Received By Job
	Partitionable Resources :    Usage  Request Allocated
	   Cpus                 :                 1         1
	   Disk (KB)            :        1        1    828970
	   Gpus                 :                           0
	   Memory (MB)          :       53        1     12899
...
009 (516042.000.000) 05/05 17:14:29 Job was aborted by the user.
	via condor_rm (by user ypei)
...
000 (516267.000.000) 05/05 17:14:57 Job submitted from host: <128.83.144.149:44250?addrs=128.83.144.149-44250>
...
001 (516267.000.000) 05/05 17:15:04 Job executing on host: <128.83.139.14:44306?addrs=128.83.139.14-44306>
...
006 (516267.000.000) 05/05 17:15:12 Image size of job updated: 1
	2  -  MemoryUsage of job (MB)
	1688  -  ResidentSetSize of job (KB)
...
006 (516267.000.000) 05/05 17:18:08 Image size of job updated: 1087536
	2  -  MemoryUsage of job (MB)
	1688  -  ResidentSetSize of job (KB)
...
004 (516267.000.000) 05/05 17:18:08 Job was evicted.
	(0) Job was not checkpointed.
		Usr 0 00:01:12, Sys 0 00:00:01  -  Run Remote Usage
		Usr 0 00:00:00, Sys 0 00:00:00  -  Run Local Usage
	0  -  Run Bytes Sent By Job
	0  -  Run Bytes Received By Job
	Partitionable Resources :    Usage  Request Allocated
	   Cpus                 :                 1         1
	   Disk (KB)            :        1        1   1695320
	   Gpus                 :                           0
	   Memory (MB)          :        2        1     12899
...
009 (516267.000.000) 05/05 17:18:09 Job was aborted by the user.
	via condor_rm (by user ypei)
...
000 (516474.000.000) 05/05 17:18:27 Job submitted from host: <128.83.144.149:44250?addrs=128.83.144.149-44250>
...
001 (516474.000.000) 05/05 17:19:00 Job executing on host: <128.83.120.128:51378?addrs=128.83.120.128-51378>
...
006 (516474.000.000) 05/05 17:19:10 Image size of job updated: 916204
	56  -  MemoryUsage of job (MB)
	56780  -  ResidentSetSize of job (KB)
...
006 (516474.000.000) 05/05 17:21:24 Image size of job updated: 1090472
	211  -  MemoryUsage of job (MB)
	215288  -  ResidentSetSize of job (KB)
...
004 (516474.000.000) 05/05 17:21:24 Job was evicted.
	(0) Job was not checkpointed.
		Usr 0 00:01:07, Sys 0 00:00:01  -  Run Remote Usage
		Usr 0 00:00:00, Sys 0 00:00:00  -  Run Local Usage
	0  -  Run Bytes Sent By Job
	0  -  Run Bytes Received By Job
	Partitionable Resources :    Usage  Request Allocated
	   Cpus                 :                 1         1
	   Disk (KB)            :        1        1    812221
	   Gpus                 :                           0
	   Memory (MB)          :      211        1     12899
...
009 (516474.000.000) 05/05 17:21:24 Job was aborted by the user.
	via condor_rm (by user ypei)
...
000 (517095.000.000) 05/05 17:21:56 Job submitted from host: <128.83.144.149:44250?addrs=128.83.144.149-44250>
...
001 (517095.000.000) 05/05 17:22:23 Job executing on host: <128.83.139.15:46714?addrs=128.83.139.15-46714>
...
006 (517095.000.000) 05/05 17:22:32 Image size of job updated: 916208
	56  -  MemoryUsage of job (MB)
	56756  -  ResidentSetSize of job (KB)
...
006 (517095.000.000) 05/05 17:27:33 Image size of job updated: 1090496
	224  -  MemoryUsage of job (MB)
	228616  -  ResidentSetSize of job (KB)
...
006 (517095.000.000) 05/05 17:32:33 Image size of job updated: 1090496
	230  -  MemoryUsage of job (MB)
	235288  -  ResidentSetSize of job (KB)
...
006 (517095.000.000) 05/05 17:37:33 Image size of job updated: 1090500
	233  -  MemoryUsage of job (MB)
	238320  -  ResidentSetSize of job (KB)
...
006 (517095.000.000) 05/05 17:42:35 Image size of job updated: 1090500
	236  -  MemoryUsage of job (MB)
	240824  -  ResidentSetSize of job (KB)
...
006 (517095.000.000) 05/05 17:44:16 Image size of job updated: 1090756
	236  -  MemoryUsage of job (MB)
	240824  -  ResidentSetSize of job (KB)
...
005 (517095.000.000) 05/05 17:44:16 Job terminated.
	(1) Normal termination (return value 0)
		Usr 0 00:19:53, Sys 0 00:00:20  -  Run Remote Usage
		Usr 0 00:00:00, Sys 0 00:00:00  -  Run Local Usage
		Usr 0 00:19:53, Sys 0 00:00:20  -  Total Remote Usage
		Usr 0 00:00:00, Sys 0 00:00:00  -  Total Local Usage
	0  -  Run Bytes Sent By Job
	0  -  Run Bytes Received By Job
	0  -  Total Bytes Sent By Job
	0  -  Total Bytes Received By Job
	Partitionable Resources :    Usage  Request Allocated
	   Cpus                 :                 1         1
	   Disk (KB)            :        1        1   1684661
	   Gpus                 :                           0
	   Memory (MB)          :      236        1     12899
...
000 (518130.000.000) 05/06 21:33:08 Job submitted from host: <128.83.144.149:44250?addrs=128.83.144.149-44250>
...
001 (518130.000.000) 05/06 21:33:15 Job executing on host: <128.83.144.13:57145?addrs=128.83.144.13-57145>
...
006 (518130.000.000) 05/06 21:33:24 Image size of job updated: 916344
	56  -  MemoryUsage of job (MB)
	56796  -  ResidentSetSize of job (KB)
...
006 (518130.000.000) 05/06 21:33:43 Image size of job updated: 917876
	57  -  MemoryUsage of job (MB)
	57828  -  ResidentSetSize of job (KB)
...
004 (518130.000.000) 05/06 21:33:43 Job was evicted.
	(0) Job was not checkpointed.
		Usr 0 00:00:00, Sys 0 00:00:00  -  Run Remote Usage
		Usr 0 00:00:00, Sys 0 00:00:00  -  Run Local Usage
	0  -  Run Bytes Sent By Job
	0  -  Run Bytes Received By Job
	Partitionable Resources :    Usage  Request Allocated
	   Cpus                 :                 1         1
	   Disk (KB)            :        1        1    797355
	   Gpus                 :                           0
	   Memory (MB)          :       57        1     12899
...
009 (518130.000.000) 05/06 21:33:44 Job was aborted by the user.
	via condor_rm (by user ypei)
...
000 (518337.000.000) 05/06 21:34:16 Job submitted from host: <128.83.144.149:44250?addrs=128.83.144.149-44250>
...
001 (518337.000.000) 05/06 21:34:25 Job executing on host: <128.83.120.250:59851?addrs=128.83.120.250-59851>
...
006 (518337.000.000) 05/06 21:34:34 Image size of job updated: 916716
	54  -  MemoryUsage of job (MB)
	55264  -  ResidentSetSize of job (KB)
...
006 (518337.000.000) 05/06 21:39:35 Image size of job updated: 1090524
	223  -  MemoryUsage of job (MB)
	228040  -  ResidentSetSize of job (KB)
...
006 (518337.000.000) 05/06 21:44:35 Image size of job updated: 1090524
	229  -  MemoryUsage of job (MB)
	234332  -  ResidentSetSize of job (KB)
...
006 (518337.000.000) 05/06 21:49:35 Image size of job updated: 1090528
	232  -  MemoryUsage of job (MB)
	237184  -  ResidentSetSize of job (KB)
...
006 (518337.000.000) 05/06 21:54:36 Image size of job updated: 1090784
	235  -  MemoryUsage of job (MB)
	239636  -  ResidentSetSize of job (KB)
...
005 (518337.000.000) 05/06 21:58:48 Job terminated.
	(1) Normal termination (return value 0)
		Usr 0 00:22:38, Sys 0 00:00:25  -  Run Remote Usage
		Usr 0 00:00:00, Sys 0 00:00:00  -  Run Local Usage
		Usr 0 00:22:38, Sys 0 00:00:25  -  Total Remote Usage
		Usr 0 00:00:00, Sys 0 00:00:00  -  Total Local Usage
	0  -  Run Bytes Sent By Job
	0  -  Run Bytes Received By Job
	0  -  Total Bytes Sent By Job
	0  -  Total Bytes Received By Job
	Partitionable Resources :    Usage  Request Allocated
	   Cpus                 :                 1         1
	   Disk (KB)            :        1        1    798513
	   Gpus                 :                           0
	   Memory (MB)          :      235        1     12899
...
000 (381905.000.000) 05/07 00:29:07 Job submitted from host: <128.83.144.155:57685?addrs=128.83.144.155-57685>
...
001 (381905.000.000) 05/07 00:29:21 Job executing on host: <128.83.144.5:44408?addrs=128.83.144.5-44408>
...
006 (381905.000.000) 05/07 00:29:29 Image size of job updated: 916208
	56  -  MemoryUsage of job (MB)
	56944  -  ResidentSetSize of job (KB)
...
006 (381905.000.000) 05/07 00:34:29 Image size of job updated: 1090528
	198  -  MemoryUsage of job (MB)
	202656  -  ResidentSetSize of job (KB)
...
006 (381905.000.000) 05/07 00:39:30 Image size of job updated: 1090528
	200  -  MemoryUsage of job (MB)
	204592  -  ResidentSetSize of job (KB)
...
006 (381905.000.000) 05/07 00:44:30 Image size of job updated: 1090536
	202  -  MemoryUsage of job (MB)
	206476  -  ResidentSetSize of job (KB)
...
005 (381905.000.000) 05/07 00:48:40 Job terminated.
	(1) Normal termination (return value 0)
		Usr 0 00:17:32, Sys 0 00:00:21  -  Run Remote Usage
		Usr 0 00:00:00, Sys 0 00:00:00  -  Run Local Usage
		Usr 0 00:17:32, Sys 0 00:00:21  -  Total Remote Usage
		Usr 0 00:00:00, Sys 0 00:00:00  -  Total Local Usage
	0  -  Run Bytes Sent By Job
	0  -  Run Bytes Received By Job
	0  -  Total Bytes Sent By Job
	0  -  Total Bytes Received By Job
	Partitionable Resources :    Usage  Request Allocated
	   Cpus                 :                 1         1
	   Disk (KB)            :        1        1    790418
	   Gpus                 :                           0
	   Memory (MB)          :      202        1     12899
...
