[SNIPER] Start
Sampler: 4, 32, 0
itlb_cache: 32, 1
itlb_cache_L1: 32, 1
Sampler: 4, 128, 0
dtlb_cache: 128, 4
dtlb_cache_L1: 128, 4
L1-I 2
Sampler: 4, 4, 128
L1-I: 2048, 64
L1-I_L1: 2048, 64
L1-D 3
Sampler: 4, 8, 32
L1-D: 1024, 32
L1-D_L1: 1024, 32
L2 4
Sampler: 122, 16, 16
L2: 32768, 1024
L2_L1: 32768, 1024
Executing Python script /v/filer4b/v20q001/ypei/Desktop/cs395t-lin/output/run_all_hybrid_headroom2/omnetpp/13/sim.scripts.py
[STOPBYICOUNT] Starting in ROI (detail)
[STOPBYICOUNT] Then stopping after simulating at least 250000000 instructions in detail
[SNIPER] --------------------------------------------------------------------------------
[SNIPER] Sniper using SIFT/trace-driven frontend
[SNIPER] Running full application in DETAILED mode
[SNIPER] --------------------------------------------------------------------------------
[SNIPER] Enabling performance models
[SNIPER] Setting instrumentation mode to DETAILED
[STOPBYICOUNT] Ending ROI after 250000003 instructions (250000000 requested)
[SNIPER] Disabling performance models
[SNIPER] Leaving ROI after 1091.24 seconds
[SNIPER] Simulated 250.0M instructions, 324.7M cycles, 0.77 IPC
[SNIPER] Simulation speed 229.1 KIPS (229.1 KIPS / target core - 4364.7ns/instr)
[SNIPER] Setting instrumentation mode to FAST_FORWARD
[app0] [SIFT_RECORDER] sift_writer.cc:550: Sift::Mode Sift::Writer::Sync(): Assertion `!response->fail()' failed.
[app0] Pin app terminated abnormally due to signal 6.
Hawkeye Victims: 0
LRU Victims: 0
Hawkeye Victims: 0
LRU Victims: 0
Hawkeye Victims: 0
LRU Victims: 0
a test for execution

Inserted: 0
Redundant.progress: 0
Redundant.cache: 0
Redundant.buffer: 0
Hawkeye Victims: 0
LRU Victims: 0
a test for execution

Inserted: 0
Redundant.progress: 0
Redundant.cache: 0
Redundant.buffer: 0
Hawkeye Victims: 0
LRU Victims: 0
 =========================================================== 
Triggers: 17603800
Repeats: 0

Same addr: 17498429 99.4014
New addr: 318 0.00180643

Distribution of new addresses: 
Stream Head: 226 71.0692
Stream Divergence: 41783 13139.3

Invalidation count: 42239 13282.7
No Conflict count: 464 145.912
Same Stream count: 0 0
New Stream count: 0 0

Not found: 101732
On Chip Mispredictions: 0
 =========================================================== 
Distribution of predictions: 
Predict Init: 17543989 99.6602
Total Predictions: 17471567
Predict OCI Miss: 3053 0.017402
Predict Stream End: 72422 0.412802
Buffer Success: 0 0
Stride Distribution: 0, 2378199, 2336800, 2254000, 1973400, 1242000, 1122400, 1186800, 1311000, 1043801, 59800, 151800, 262200, 276000, 225400, 538200, 299000, 0, 473800, 0, 207000, 0, 0, 0, 0, 0, 0, 0, 0, 0, 41400, 0, 82800, 0, 0, 0, 36800, 0, 0, 0, 101200, 0, 0, 0, 0, 0, 0, 0, 0, 0, 0, 0, 0, 0, 0, 0, 0, 0, 0, 0, 0, 0, 0, 0, 0, 0, 33, 0, 0, 0, 0, 0, 22508704, 0, 49, 0, 15, 0, 15, 0, 0, 6644585, 1868787317, 1915577714, 1702195557, 7566451, 113, 0, 5073232, 0, 19182064, 0, 0, 0, 5073232, 0, 19740480, 0, 0, 0, 5073232, 0, 20012832, 0, 0, 0, 5165152, 0, 3241573744, 11176, 0, 11176, 22507008, 0, 49, 0, 6, 0, 6, 0, 0, 0, 1919906931, 29541, 48, 0, 49, 0, 
a test for execution

Inserted: 19184127
Redundant.progress: 2463805
Redundant.cache: 9482287
Redundant.buffer: 0
[SNIPER] End
[SNIPER] Elapsed time: 1157.42 seconds
