[SNIPER] Start
Sampler: 4, 4, 32
stlb_cache: 512, 16
stlb_cache_L1: 512, 16
Sampler: 4, 32, 0
itlb_cache: 32, 1
itlb_cache_L1: 32, 1
Sampler: 4, 128, 0
dtlb_cache: 128, 4
dtlb_cache_L1: 128, 4
num_memory_controller = 1
L1-I 2
Sampler: 4, 4, 128
L1-I: 2048, 64
L1-I_L1: 2048, 64
Creating prefetcher object 0 0
Creating prefetcher object 1 0
Creating prefetcher object 2 0
Creating prefetcher object 3 0
L1-D 3
Sampler: 4, 8, 20
L1-D: 400, 20
L1-D_L1: 400, 20
Creating prefetcher object 0 0
Creating prefetcher object 1 0
Creating prefetcher object 2 0
Creating prefetcher object 3 0
L2 4
Sampler: 25f, 10, d
L2: 20000, 1000
L2_L1: 20000, 1000
EimanPrefetcher2 running
Creating prefetcher object 0 0x315cee0
EimanPrefetcher2 running
Creating prefetcher object 1 0x325f7e0
EimanPrefetcher2 running
Creating prefetcher object 2 0x3362120
EimanPrefetcher2 running
Creating prefetcher object 3 0x3464a60
Sampler: 4, 4, 20
stlb_cache: 200, 10
stlb_cache_L1: 200, 10
Sampler: 4, 20, 0
itlb_cache: 20, 1
itlb_cache_L1: 20, 1
Sampler: 4, 80, 0
dtlb_cache: 80, 4
dtlb_cache_L1: 80, 4
num_memory_controller = 1
L1-I 2
Sampler: 4, 4, 80
L1-I: 800, 40
L1-I_L1: 800, 40
Creating prefetcher object 0 0
Creating prefetcher object 1 0
Creating prefetcher object 2 0
Creating prefetcher object 3 0
L1-D 3
Sampler: 4, 8, 20
L1-D: 400, 20
L1-D_L1: 400, 20
Creating prefetcher object 0 0
Creating prefetcher object 1 0
Creating prefetcher object 2 0
Creating prefetcher object 3 0
L2 4
Sampler: 4, 4, 20
stlb_cache: 200, 10
stlb_cache_L1: 200, 10
Sampler: 4, 20, 0
itlb_cache: 20, 1
itlb_cache_L1: 20, 1
Sampler: 4, 80, 0
dtlb_cache: 80, 4
dtlb_cache_L1: 80, 4
num_memory_controller = 1
L1-I 2
Sampler: 4, 4, 80
L1-I: 800, 40
L1-I_L1: 800, 40
Creating prefetcher object 0 0
Creating prefetcher object 1 0
Creating prefetcher object 2 0
Creating prefetcher object 3 0
L1-D 3
Sampler: 4, 8, 20
L1-D: 400, 20
L1-D_L1: 400, 20
Creating prefetcher object 0 0
Creating prefetcher object 1 0
Creating prefetcher object 2 0
Creating prefetcher object 3 0
L2 4
Sampler: 4, 4, 20
stlb_cache: 200, 10
stlb_cache_L1: 200, 10
Sampler: 4, 20, 0
itlb_cache: 20, 1
itlb_cache_L1: 20, 1
Sampler: 4, 80, 0
dtlb_cache: 80, 4
dtlb_cache_L1: 80, 4
num_memory_controller = 1
L1-I 2
Sampler: 4, 4, 80
L1-I: 800, 40
L1-I_L1: 800, 40
Creating prefetcher object 0 0
Creating prefetcher object 1 0
Creating prefetcher object 2 0
Creating prefetcher object 3 0
L1-D 3
Sampler: 4, 8, 20
L1-D: 400, 20
L1-D_L1: 400, 20
Creating prefetcher object 0 0
Creating prefetcher object 1 0
Creating prefetcher object 2 0
Creating prefetcher object 3 0
L2 4
[SNIPER] --------------------------------------------------------------------------------
[SNIPER] Sniper using SIFT/trace-driven frontend
[SNIPER] Running full application in DETAILED mode
[SNIPER] --------------------------------------------------------------------------------
[SNIPER] Enabling performance models
[SNIPER] Setting instrumentation mode to DETAILED
0	1
0	1
0	1
0	1
isb_agg = 1, bo_agg = 1
isb_agg = 1, bo_agg = 1
isb_agg = 0, bo_agg = 1
isb_agg = 0, bo_agg = 1
isb_agg = 0, bo_agg = 1
isb_agg = 0, bo_agg = 1
isb_agg = 0, bo_agg = 1
isb_agg = 0, bo_agg = 1
isb_agg = 0, bo_agg = 1
isb_agg = 0, bo_agg = 1
isb_agg = 0, bo_agg = 1
isb_agg = 0, bo_agg = 1
isb_agg = 0, bo_agg = 1
isb_agg = 0, bo_agg = 1
isb_agg = 0, bo_agg = 1
isb_agg = 0, bo_agg = 1
1	54025
1	54064
1	5387
1	5247
isb_agg = 0, bo_agg = 1
isb_agg = 0, bo_agg = 1
isb_agg = 0, bo_agg = 1
isb_agg = 0, bo_agg = 1
isb_agg = 0, bo_agg = 1
isb_agg = 0, bo_agg = 1
isb_agg = 0, bo_agg = 1
isb_agg = 0, bo_agg = 1
isb_agg = 0, bo_agg = 1
isb_agg = 0, bo_agg = 1
isb_agg = 0, bo_agg = 1
isb_agg = 0, bo_agg = 1
phase = 0
isb_agg = 0, bo_agg = 1
phase = 0
isb_agg = 0, bo_agg = 1
isb_agg = 0, bo_agg = 1
isb_agg = 0, bo_agg = 1
2	49130
2	48251
2	4502
2	4307
isb_agg = 0, bo_agg = 1
isb_agg = 1, bo_agg = 1
isb_agg = 0, bo_agg = 1
isb_agg = 0, bo_agg = 1
isb_agg = 0, bo_agg = 1
isb_agg = 0, bo_agg = 1
isb_agg = 0, bo_agg = 1
isb_agg = 1, bo_agg = 1
isb_agg = 0, bo_agg = 1
isb_agg = 0, bo_agg = 1
isb_agg = 0, bo_agg = 1
isb_agg = 0, bo_agg = 1
isb_agg = 0, bo_agg = 1
isb_agg = 0, bo_agg = 1
isb_agg = 0, bo_agg = 1
isb_agg = 0, bo_agg = 1
isb_agg = 0, bo_agg = 1
isb_agg = 0, bo_agg = 1
3	38442
3	37428
3	3865
3	4812
isb_agg = 0, bo_agg = 1
isb_agg = 0, bo_agg = 0
isb_agg = 0, bo_agg = 0
isb_agg = 0, bo_agg = 0
isb_agg = 1, bo_agg = 1
isb_agg = 0, bo_agg = 0
isb_agg = 0, bo_agg = 0
isb_agg = 0, bo_agg = 0
phase = 0
isb_agg = 0, bo_agg = 0
phase = 1
phase = 1
isb_agg = 0, bo_agg = 0
isb_agg = 0, bo_agg = 0
4	32524
4	32251
4	1654
isb_agg = 0, bo_agg = 0
isb_agg = 0, bo_agg = 0
4	1290
isb_agg = 0, bo_agg = 0
isb_agg = 0, bo_agg = 0
isb_agg = 0, bo_agg = 0
isb_agg = 0, bo_agg = 0
isb_agg = 0, bo_agg = 0
isb_agg = 0, bo_agg = 0
isb_agg = 0, bo_agg = 0
isb_agg = 0, bo_agg = 0
isb_agg = 0, bo_agg = 0
isb_agg = 0, bo_agg = 0
isb_agg = 0, bo_agg = 0
5	31723
5	31741
5	902
5	459
isb_agg = 0, bo_agg = 0
isb_agg = 0, bo_agg = 0
isb_agg = 0, bo_agg = 0
isb_agg = 0, bo_agg = 0
isb_agg = 0, bo_agg = 0
isb_agg = 0, bo_agg = 0
isb_agg = 0, bo_agg = 0
isb_agg = 0, bo_agg = 0
isb_agg = 0, bo_agg = 0
isb_agg = 0, bo_agg = 0
6	31238
6	31251
6	2225
6	559
phase = 2
phase = 2
isb_agg = 0, bo_agg = 0
isb_agg = 0, bo_agg = 0
isb_agg = 0, bo_agg = 0
isb_agg = 0, bo_agg = 0
isb_agg = 0, bo_agg = 0
isb_agg = 0, bo_agg = 0
isb_agg = 0, bo_agg = 0
isb_agg = 0, bo_agg = 0
phase = 1
isb_agg = 0, bo_agg = 0
isb_agg = 0, bo_agg = 0
7	30891
7	30878
7	367
7	1233
isb_agg = 0, bo_agg = 0
isb_agg = 0, bo_agg = 0
isb_agg = 0, bo_agg = 1
isb_agg = 0, bo_agg = 0
isb_agg = 0, bo_agg = 0
isb_agg = 0, bo_agg = 0
isb_agg = 0, bo_agg = 0
isb_agg = 0, bo_agg = 0
isb_agg = 0, bo_agg = 0
isb_agg = 0, bo_agg = 0
isb_agg = 0, bo_agg = 0
8	30654
8	30640
8	2333
8	518
isb_agg = 0, bo_agg = 0
isb_agg = 0, bo_agg = 0
isb_agg = 0, bo_agg = 0
isb_agg = 0, bo_agg = 0
phase = 3
isb_agg = 0, bo_agg = 0
phase = 3
isb_agg = 0, bo_agg = 0
isb_agg = 0, bo_agg = 0
isb_agg = 0, bo_agg = 0
isb_agg = 0, bo_agg = 0
isb_agg = 0, bo_agg = 0
9	30597
9	30602
9	218
9	1079
isb_agg = 0, bo_agg = 0
isb_agg = 0, bo_agg = 0
isb_agg = 0, bo_agg = 0
isb_agg = 0, bo_agg = 0
isb_agg = 0, bo_agg = 0
isb_agg = 0, bo_agg = 0
isb_agg = 0, bo_agg = 0
isb_agg = 0, bo_agg = 0
isb_agg = 0, bo_agg = 0
isb_agg = 0, bo_agg = 0
isb_agg = 0, bo_agg = 0
isb_agg = 1, bo_agg = 0
phase = 2
a	29539
a	29555
a	628
a	1614
isb_agg = 0, bo_agg = 0
isb_agg = 0, bo_agg = 0
isb_agg = 0, bo_agg = 0
isb_agg = 0, bo_agg = 0
isb_agg = 0, bo_agg = 0
isb_agg = 0, bo_agg = 0
isb_agg = 0, bo_agg = 0
isb_agg = 0, bo_agg = 0
isb_agg = 0, bo_agg = 0
isb_agg = 0, bo_agg = 0
phase = 4
phase = 4
b	30488
b	30512
b	409
b	2035
isb_agg = 0, bo_agg = 0
isb_agg = 0, bo_agg = 0
isb_agg = 0, bo_agg = 0
isb_agg = 0, bo_agg = 0
isb_agg = 0, bo_agg = 0
isb_agg = 0, bo_agg = 0
isb_agg = 0, bo_agg = 0
isb_agg = 0, bo_agg = 0
isb_agg = 0, bo_agg = 0
isb_agg = 0, bo_agg = 0
isb_agg = 0, bo_agg = 0
phase = 3
isb_agg = 0, bo_agg = 0
c	30536
c	30550
c	2042
c	179
isb_agg = 0, bo_agg = 0
isb_agg = 0, bo_agg = 0
isb_agg = 0, bo_agg = 0
isb_agg = 0, bo_agg = 0
isb_agg = 0, bo_agg = 0
isb_agg = 0, bo_agg = 0
isb_agg = 0, bo_agg = 0
isb_agg = 0, bo_agg = 0
isb_agg = 0, bo_agg = 0
isb_agg = 0, bo_agg = 0
isb_agg = 0, bo_agg = 0
d	30354
d	30258
d	163
d	1324
isb_agg = 1, bo_agg = 0
isb_agg = 0, bo_agg = 0
isb_agg = 0, bo_agg = 0
phase = 5
phase = 5
isb_agg = 0, bo_agg = 0
isb_agg = 0, bo_agg = 0
isb_agg = 0, bo_agg = 0
isb_agg = 0, bo_agg = 0
isb_agg = 0, bo_agg = 0
isb_agg = 0, bo_agg = 0
isb_agg = 0, bo_agg = 0
isb_agg = 0, bo_agg = 0
e	30393
e	30359
e	707
e	602
isb_agg = 0, bo_agg = 0
isb_agg = 0, bo_agg = 0
isb_agg = 0, bo_agg = 0
isb_agg = 0, bo_agg = 0
isb_agg = 0, bo_agg = 0
phase = 4
isb_agg = 0, bo_agg = 0
isb_agg = 0, bo_agg = 0
isb_agg = 0, bo_agg = 0
isb_agg = 0, bo_agg = 0
isb_agg = 0, bo_agg = 0
isb_agg = 0, bo_agg = 0
f	30464
f	30489
f	2126
f	1134
isb_agg = 0, bo_agg = 0
isb_agg = 0, bo_agg = 0
isb_agg = 0, bo_agg = 0
isb_agg = 0, bo_agg = 0
isb_agg = 0, bo_agg = 0
isb_agg = 0, bo_agg = 0
phase = 6
phase = 6
isb_agg = 0, bo_agg = 0
isb_agg = 0, bo_agg = 0
isb_agg = 0, bo_agg = 0
isb_agg = 0, bo_agg = 0
10	30587
10	30628
10	1231
10	332
isb_agg = 0, bo_agg = 0
isb_agg = 0, bo_agg = 0
isb_agg = 0, bo_agg = 0
isb_agg = 0, bo_agg = 0
isb_agg = 0, bo_agg = 0
isb_agg = 0, bo_agg = 0
isb_agg = 0, bo_agg = 0
isb_agg = 0, bo_agg = 0
isb_agg = 0, bo_agg = 0
isb_agg = 0, bo_agg = 0
isb_agg = 0, bo_agg = 0
11	30611
11	30645
11	333
11	1113
isb_agg = 0, bo_agg = 0
isb_agg = 0, bo_agg = 0
isb_agg = 0, bo_agg = 0
isb_agg = 0, bo_agg = 0
phase = 0
isb_agg = 0, bo_agg = 0
isb_agg = 0, bo_agg = 0
isb_agg = 0, bo_agg = 0
isb_agg = 0, bo_agg = 0
isb_agg = 0, bo_agg = 0
isb_agg = 0, bo_agg = 0
12	30464
12	30483
12	2466
12	692
phase = 7
phase = 7
isb_agg = 0, bo_agg = 0
isb_agg = 0, bo_agg = 0
isb_agg = 0, bo_agg = 0
isb_agg = 0, bo_agg = 0
isb_agg = 0, bo_agg = 0
isb_agg = 0, bo_agg = 0
isb_agg = 0, bo_agg = 0
isb_agg = 0, bo_agg = 0
isb_agg = 0, bo_agg = 0
isb_agg = 0, bo_agg = 0
isb_agg = 0, bo_agg = 0
13	30619
13	30599
13	1702
13	414
isb_agg = 0, bo_agg = 0
isb_agg = 0, bo_agg = 0
isb_agg = 0, bo_agg = 0
isb_agg = 0, bo_agg = 0
isb_agg = 0, bo_agg = 0
isb_agg = 0, bo_agg = 0
isb_agg = 0, bo_agg = 0
isb_agg = 0, bo_agg = 0
isb_agg = 0, bo_agg = 0
isb_agg = 0, bo_agg = 0
14	30603
14	30566
14	1600
14	373
isb_agg = 0, bo_agg = 0
isb_agg = 0, bo_agg = 0
isb_agg = 0, bo_agg = 0
isb_agg = 0, bo_agg = 0
isb_agg = 0, bo_agg = 0
isb_agg = 0, bo_agg = 0
phase = 8
phase = 8
isb_agg = 0, bo_agg = 0
isb_agg = 0, bo_agg = 0
isb_agg = 0, bo_agg = 0
isb_agg = 0, bo_agg = 0
15	30602
15	30661
15	125
15	900
isb_agg = 0, bo_agg = 0
isb_agg = 0, bo_agg = 0
isb_agg = 0, bo_agg = 0
isb_agg = 0, bo_agg = 0
isb_agg = 0, bo_agg = 0
isb_agg = 0, bo_agg = 0
isb_agg = 0, bo_agg = 0
isb_agg = 0, bo_agg = 0
isb_agg = 0, bo_agg = 0
isb_agg = 0, bo_agg = 0
isb_agg = 0, bo_agg = 0
16	30526
16	30547
16	2172
isb_agg = 0, bo_agg = 0
isb_agg = 0, bo_agg = 0
16	371
isb_agg = 0, bo_agg = 0
isb_agg = 0, bo_agg = 0
isb_agg = 0, bo_agg = 0
isb_agg = 0, bo_agg = 0
isb_agg = 0, bo_agg = 0
isb_agg = 0, bo_agg = 0
isb_agg = 0, bo_agg = 0
isb_agg = 0, bo_agg = 0
phase = 9
phase = 9
isb_agg = 0, bo_agg = 0
isb_agg = 0, bo_agg = 0
17	30630
17	30627
17	1257
17	575
isb_agg = 1, bo_agg = 1
isb_agg = 0, bo_agg = 0
isb_agg = 0, bo_agg = 0
isb_agg = 0, bo_agg = 0
isb_agg = 0, bo_agg = 0
isb_agg = 0, bo_agg = 0
isb_agg = 0, bo_agg = 0
isb_agg = 0, bo_agg = 0
isb_agg = 0, bo_agg = 0
isb_agg = 0, bo_agg = 0
isb_agg = 0, bo_agg = 0
isb_agg = 0, bo_agg = 0
18	30623
18	30624
18	1017
18	739
isb_agg = 0, bo_agg = 0
isb_agg = 0, bo_agg = 0
isb_agg = 0, bo_agg = 0
isb_agg = 0, bo_agg = 0
isb_agg = 0, bo_agg = 0
isb_agg = 0, bo_agg = 0
isb_agg = 0, bo_agg = 0
isb_agg = 0, bo_agg = 0
isb_agg = 0, bo_agg = 0
isb_agg = 0, bo_agg = 0
19	30075
19	30096
19	1372
19	901
isb_agg = 0, bo_agg = 0
isb_agg = 0, bo_agg = 0
phase = 10
phase = 10
isb_agg = 0, bo_agg = 0
isb_agg = 0, bo_agg = 0
isb_agg = 0, bo_agg = 0
isb_agg = 0, bo_agg = 0
isb_agg = 0, bo_agg = 0
isb_agg = 0, bo_agg = 0
isb_agg = 0, bo_agg = 0
isb_agg = 0, bo_agg = 0
1a	30658
1a	30567
1a	1061
1a	845
isb_agg = 0, bo_agg = 0
isb_agg = 0, bo_agg = 0
isb_agg = 0, bo_agg = 0
isb_agg = 0, bo_agg = 0
isb_agg = 0, bo_agg = 0
isb_agg = 0, bo_agg = 0
isb_agg = 0, bo_agg = 0
isb_agg = 0, bo_agg = 0
isb_agg = 0, bo_agg = 0
isb_agg = 0, bo_agg = 0
isb_agg = 0, bo_agg = 0
1b	30731
1b	30671
1b	1061
1b	902
isb_agg = 1, bo_agg = 0
isb_agg = 0, bo_agg = 0
isb_agg = 0, bo_agg = 0
isb_agg = 0, bo_agg = 0
isb_agg = 0, bo_agg = 0
isb_agg = 0, bo_agg = 0
isb_agg = 0, bo_agg = 0
phase = 5
phase = 11
phase = 11
isb_agg = 0, bo_agg = 0
isb_agg = 0, bo_agg = 0
isb_agg = 0, bo_agg = 0
isb_agg = 0, bo_agg = 0
1c	30464
1c	30519
1c	1010
1c	984
isb_agg = 0, bo_agg = 0
isb_agg = 0, bo_agg = 0
isb_agg = 0, bo_agg = 0
isb_agg = 0, bo_agg = 0
isb_agg = 0, bo_agg = 0
isb_agg = 0, bo_agg = 0
isb_agg = 0, bo_agg = 0
isb_agg = 0, bo_agg = 0
isb_agg = 0, bo_agg = 0
isb_agg = 0, bo_agg = 0
1d	1d	3067330631

1d	611
1d	1033
isb_agg = 0, bo_agg = 0
isb_agg = 0, bo_agg = 0
isb_agg = 0, bo_agg = 1
isb_agg = 0, bo_agg = 0
isb_agg = 0, bo_agg = 0
isb_agg = 0, bo_agg = 0
isb_agg = 0, bo_agg = 0
isb_agg = 0, bo_agg = 0
isb_agg = 0, bo_agg = 0
isb_agg = 0, bo_agg = 0
isb_agg = 0, bo_agg = 0
1e	30655
1e	30645
1e	946
phase = 12
isb_agg = 0, bo_agg = 0
phase = 12
isb_agg = 0, bo_agg = 0
1e	311
isb_agg = 0, bo_agg = 0
isb_agg = 0, bo_agg = 0
isb_agg = 0, bo_agg = 0
isb_agg = 0, bo_agg = 0
isb_agg = 0, bo_agg = 0
isb_agg = 0, bo_agg = 0
isb_agg = 0, bo_agg = 0
isb_agg = 0, bo_agg = 0
1f	30553
1f	30550
1f	580
1f	1055
isb_agg = 0, bo_agg = 0
phase = 6
isb_agg = 0, bo_agg = 0
isb_agg = 0, bo_agg = 0
isb_agg = 0, bo_agg = 0
isb_agg = 0, bo_agg = 0
isb_agg = 1, bo_agg = 0
isb_agg = 0, bo_agg = 0
isb_agg = 0, bo_agg = 0
isb_agg = 0, bo_agg = 0
isb_agg = 0, bo_agg = 0
isb_agg = 0, bo_agg = 0
20	29614
20	29592
20	863
20	310
isb_agg = 0, bo_agg = 0
isb_agg = 0, bo_agg = 0
isb_agg = 0, bo_agg = 0
isb_agg = 0, bo_agg = 0
isb_agg = 0, bo_agg = 0
isb_agg = 0, bo_agg = 0
isb_agg = 0, bo_agg = 0
phase = 13
phase = 13
isb_agg = 0, bo_agg = 0
isb_agg = 0, bo_agg = 0
isb_agg = 0, bo_agg = 0
isb_agg = 0, bo_agg = 0
phase = 7
21	30607
21	30547
21	212
21	832
isb_agg = 0, bo_agg = 0
isb_agg = 0, bo_agg = 0
isb_agg = 0, bo_agg = 0
isb_agg = 0, bo_agg = 0
isb_agg = 0, bo_agg = 0
isb_agg = 0, bo_agg = 0
isb_agg = 0, bo_agg = 0
isb_agg = 0, bo_agg = 0
isb_agg = 0, bo_agg = 0
isb_agg = 0, bo_agg = 0
isb_agg = 0, bo_agg = 0
22	30563
22	30624
22	857
isb_agg = 0, bo_agg = 0
22	285
isb_agg = 0, bo_agg = 0
isb_agg = 0, bo_agg = 0
isb_agg = 0, bo_agg = 0
isb_agg = 0, bo_agg = 0
isb_agg = 0, bo_agg = 0
isb_agg = 0, bo_agg = 0
isb_agg = 0, bo_agg = 0
isb_agg = 0, bo_agg = 0
phase = 14
phase = 14
isb_agg = 0, bo_agg = 0
isb_agg = 0, bo_agg = 0
23	30052
23	904
23	30075
isb_agg = 0, bo_agg = 0
23	449
isb_agg = 0, bo_agg = 0
isb_agg = 0, bo_agg = 0
isb_agg = 0, bo_agg = 0
isb_agg = 0, bo_agg = 0
phase = 1
isb_agg = 0, bo_agg = 0
isb_agg = 0, bo_agg = 0
isb_agg = 0, bo_agg = 0
isb_agg = 0, bo_agg = 0
24	12951
24	110
24	12891
24	1620
isb_agg = 0, bo_agg = 0
isb_agg = 0, bo_agg = 0
isb_agg = 0, bo_agg = 0
isb_agg = 0, bo_agg = 0
[TRACE:2] -- DONE --
[TRACE:0] -- STOP --
[TRACE:1] -- STOP --
[TRACE:3] -- STOP --
[SNIPER] Disabling performance models
[SNIPER] Leaving ROI after 1477.46 seconds
[SNIPER] Simulated 549.4M instructions, 124.3M cycles, 4.42 IPC
[SNIPER] Simulation speed 371.8 KIPS (93.0 KIPS / target core - 10757.4ns/instr)
[SNIPER] Setting instrumentation mode to FAST_FORWARD
Hawkeye Victims: 0
LRU Victims: 0
Hawkeye Victims: 0
LRU Victims: 0
Hawkeye Victims: 0
LRU Victims: 0
Hawkeye Victims: 0
LRU Victims: 0
Inserted: 0
Redundant.progress: 0
Redundant.cache: 0
Redundant.buffer: 0
Hawkeye Victims: 0
LRU Victims: 0
Inserted: 0
Redundant.progress: 0
Redundant.cache: 0
Redundant.buffer: 0
Hawkeye Victims: 0
LRU Victims: 0
phase = 2
Inserted: aa9c
Redundant.progress: 407
Redundant.cache: 6578
Redundant.buffer: 0
Hawkeye Victims: 0
LRU Victims: 0
Hawkeye Victims: 0
LRU Victims: 0
Hawkeye Victims: 0
LRU Victims: 0
Hawkeye Victims: 0
LRU Victims: 0
Inserted: 0
Redundant.progress: 0
Redundant.cache: 0
Redundant.buffer: 0
Hawkeye Victims: 0
LRU Victims: 0
Inserted: 0
Redundant.progress: 0
Redundant.cache: 0
Redundant.buffer: 0
phase = 15
Inserted: 186ec
Redundant.progress: 21d
Redundant.cache: 182
Redundant.buffer: 0
Hawkeye Victims: 0
LRU Victims: 0
Hawkeye Victims: 0
LRU Victims: 0
Hawkeye Victims: 0
LRU Victims: 0
Hawkeye Victims: 0
LRU Victims: 0
Inserted: 0
Redundant.progress: 0
Redundant.cache: 0
Redundant.buffer: 0
Hawkeye Victims: 0
LRU Victims: 0
Inserted: 0
Redundant.progress: 0
Redundant.cache: 0
Redundant.buffer: 0
phase = 8
Inserted: 69410
Redundant.progress: 2bb
Redundant.cache: 64e9e
Redundant.buffer: 0
Hawkeye Victims: 0
LRU Victims: 0
Hawkeye Victims: 0
LRU Victims: 0
Hawkeye Victims: 0
LRU Victims: 0
Hawkeye Victims: 0
LRU Victims: 0
Inserted: 0
Redundant.progress: 0
Redundant.cache: 0
Redundant.buffer: 0
Hawkeye Victims: 0
LRU Victims: 0
Inserted: 0
Redundant.progress: 0
Redundant.cache: 0
Redundant.buffer: 0
phase = 15
Inserted: 186ad
Redundant.progress: 217
Redundant.cache: 119
Redundant.buffer: 0
[SNIPER] End
[SNIPER] Elapsed time: 1520.76 seconds
