000 (15005811.000.000) 08/01 20:50:08 Job submitted from host: <128.83.130.153:51299?addrs=128.83.130.153-51299>
...
001 (15005811.000.000) 08/01 20:50:13 Job executing on host: <128.83.130.232:41359?addrs=128.83.130.232-41359>
...
006 (15005811.000.000) 08/01 20:50:23 Image size of job updated: 41376
	8  -  MemoryUsage of job (MB)
	7456  -  ResidentSetSize of job (KB)
...
006 (15005811.000.000) 08/01 20:55:23 Image size of job updated: 5280036
	824  -  MemoryUsage of job (MB)
	843692  -  ResidentSetSize of job (KB)
...
006 (15005811.000.000) 08/01 21:00:23 Image size of job updated: 5280480
	923  -  MemoryUsage of job (MB)
	944944  -  ResidentSetSize of job (KB)
...
006 (15005811.000.000) 08/01 21:05:24 Image size of job updated: 5348308
	1011  -  MemoryUsage of job (MB)
	1034844  -  ResidentSetSize of job (KB)
...
006 (15005811.000.000) 08/01 21:10:25 Image size of job updated: 5348952
	1143  -  MemoryUsage of job (MB)
	1169788  -  ResidentSetSize of job (KB)
...
006 (15005811.000.000) 08/01 21:15:25 Image size of job updated: 5348952
	1220  -  MemoryUsage of job (MB)
	1249216  -  ResidentSetSize of job (KB)
...
006 (15005811.000.000) 08/01 21:20:26 Image size of job updated: 5415540
	1301  -  MemoryUsage of job (MB)
	1331492  -  ResidentSetSize of job (KB)
...
006 (15005811.000.000) 08/01 21:25:27 Image size of job updated: 5415564
	1376  -  MemoryUsage of job (MB)
	1408080  -  ResidentSetSize of job (KB)
...
006 (15005811.000.000) 08/01 21:27:43 Image size of job updated: 5481976
	1376  -  MemoryUsage of job (MB)
	1408080  -  ResidentSetSize of job (KB)
...
005 (15005811.000.000) 08/01 21:27:43 Job terminated.
	(1) Normal termination (return value 0)
		Usr 0 00:42:48, Sys 0 00:00:53  -  Run Remote Usage
		Usr 0 00:00:00, Sys 0 00:00:00  -  Run Local Usage
		Usr 0 00:42:48, Sys 0 00:00:53  -  Total Remote Usage
		Usr 0 00:00:00, Sys 0 00:00:00  -  Total Local Usage
	0  -  Run Bytes Sent By Job
	0  -  Run Bytes Received By Job
	0  -  Total Bytes Sent By Job
	0  -  Total Bytes Received By Job
	Partitionable Resources :    Usage  Request Allocated
	   Cpus                 :                 1         1
	   Disk (KB)            :        1        1    749983
	   Gpus                 :                           0
	   Memory (MB)          :     1376        1      4021
...
