[SNIPER] Start
Sampler: 4, 32, 0
itlb_cache: 32, 1
itlb_cache_L1: 32, 1
Sampler: 4, 128, 0
dtlb_cache: 128, 4
dtlb_cache_L1: 128, 4
L1-I 2
Sampler: 4, 4, 128
L1-I: 2048, 64
L1-I_L1: 2048, 64
L1-D 3
Sampler: 4, 8, 32
L1-D: 1024, 32
L1-D_L1: 1024, 32
L2 4
Sampler: 122, 16, 16
L2: 32768, 1024
L2_L1: 32768, 1024
Executing Python script /v/filer4b/v20q001/ypei/Desktop/cs395t-lin/output/run_all_hybrid_headroom2/gcc/10/sim.scripts.py
[STOPBYICOUNT] Starting in ROI (detail)
[STOPBYICOUNT] Then stopping after simulating at least 250000000 instructions in detail
[SNIPER] --------------------------------------------------------------------------------
[SNIPER] Sniper using SIFT/trace-driven frontend
[SNIPER] Running full application in DETAILED mode
[SNIPER] --------------------------------------------------------------------------------
[SNIPER] Enabling performance models
[SNIPER] Setting instrumentation mode to DETAILED
[STOPBYICOUNT] Ending ROI after 250000002 instructions (250000000 requested)
[SNIPER] Disabling performance models
[SNIPER] Leaving ROI after 1077.91 seconds
[SNIPER] Simulated 250.0M instructions, 298.9M cycles, 0.84 IPC
[SNIPER] Simulation speed 231.9 KIPS (231.9 KIPS / target core - 4311.6ns/instr)
[SNIPER] Setting instrumentation mode to FAST_FORWARD
[app0] [SIFT_RECORDER] sift_writer.cc:550: Sift::Mode Sift::Writer::Sync(): Assertion `!response->fail()' failed.
Hawkeye Victims: 0
LRU Victims: 0
Hawkeye Victims: 0
LRU Victims: 0
Hawkeye Victims: 0
LRU Victims: 0
a test for execution
[app0] Pin app terminated abnormally due to signal 6.

Inserted: 0
Redundant.progress: 0
Redundant.cache: 0
Redundant.buffer: 0
Hawkeye Victims: 0
LRU Victims: 0
a test for execution

Inserted: 0
Redundant.progress: 0
Redundant.cache: 0
Redundant.buffer: 0
Hawkeye Victims: 0
LRU Victims: 0
 =========================================================== 
Triggers: 4232487
Repeats: 0

Same addr: 4124990 97.4602
New addr: 266 0.00628472

Distribution of new addresses: 
Stream Head: 81 30.4511
Stream Divergence: 27492 10335.3

Invalidation count: 29525 11099.6
No Conflict count: 3159 1187.59
Same Stream count: 0 0
New Stream count: 0 0

Not found: 67257
On Chip Mispredictions: 0
 =========================================================== 
Distribution of predictions: 
Predict Init: 4194489 99.1022
Total Predictions: 4137839
Predict OCI Miss: 41196 0.982146
Predict Stream End: 56650 1.35058
Buffer Success: 0 0
Stride Distribution: 0, 2069, 0, 0, 0, 0, 0, 0, 0, 3654590, 220800, 98992, 64170, 43102, 45632, 12834, 31372, 0, 15686, 0, 15824, 0, 0, 0, 11684, 0, 0, 0, 0, 0, 2852, 0, 4324, 0, 0, 0, 5704, 0, 0, 0, 2852, 0, 0, 0, 0, 0, 0, 0, 0, 0, 0, 0, 0, 0, 0, 0, 0, 0, 0, 0, 0, 0, 0, 0, 0, 0, 33, 0, 0, 0, 0, 0, 25388176, 0, 49, 0, 15, 0, 15, 0, 0, 6644585, 1868787317, 1915577714, 1702195557, 7566451, 113, 0, 5073232, 0, 22061536, 0, 0, 0, 5073232, 0, 22619952, 0, 0, 0, 5073232, 0, 22892304, 0, 0, 0, 5165152, 0, 3888065904, 10974, 0, 10974, 25386480, 0, 49, 0, 6, 0, 6, 0, 0, 0, 1919906931, 29541, 48, 0, 49, 0, 
a test for execution

Inserted: 4177841
Redundant.progress: 192
Redundant.cache: 4149884
Redundant.buffer: 0
[SNIPER] End
[SNIPER] Elapsed time: 1147.10 seconds
