000 (515975.000.000) 05/05 17:13:09 Job submitted from host: <128.83.144.149:44250?addrs=128.83.144.149-44250>
...
001 (515975.000.000) 05/05 17:13:30 Job executing on host: <128.83.120.128:51378?addrs=128.83.120.128-51378>
...
006 (515975.000.000) 05/05 17:13:39 Image size of job updated: 866624
	58  -  MemoryUsage of job (MB)
	59012  -  ResidentSetSize of job (KB)
...
006 (515975.000.000) 05/05 17:14:29 Image size of job updated: 868156
	58  -  MemoryUsage of job (MB)
	59012  -  ResidentSetSize of job (KB)
...
004 (515975.000.000) 05/05 17:14:29 Job was evicted.
	(0) Job was not checkpointed.
		Usr 0 00:00:00, Sys 0 00:00:00  -  Run Remote Usage
		Usr 0 00:00:00, Sys 0 00:00:00  -  Run Local Usage
	0  -  Run Bytes Sent By Job
	0  -  Run Bytes Received By Job
	Partitionable Resources :    Usage  Request Allocated
	   Cpus                 :                 1         1
	   Disk (KB)            :        1        1    812221
	   Gpus                 :                           0
	   Memory (MB)          :       58        1     12899
...
009 (515975.000.000) 05/05 17:14:30 Job was aborted by the user.
	via condor_rm (by user ypei)
...
000 (516200.000.000) 05/05 17:14:51 Job submitted from host: <128.83.144.149:44250?addrs=128.83.144.149-44250>
...
001 (516200.000.000) 05/05 17:15:00 Job executing on host: <128.83.144.13:57145?addrs=128.83.144.13-57145>
...
006 (516200.000.000) 05/05 17:15:08 Image size of job updated: 866624
	54  -  MemoryUsage of job (MB)
	54840  -  ResidentSetSize of job (KB)
...
006 (516200.000.000) 05/05 17:18:07 Image size of job updated: 1040764
	96  -  MemoryUsage of job (MB)
	97964  -  ResidentSetSize of job (KB)
...
004 (516200.000.000) 05/05 17:18:07 Job was evicted.
	(0) Job was not checkpointed.
		Usr 0 00:00:52, Sys 0 00:00:01  -  Run Remote Usage
		Usr 0 00:00:00, Sys 0 00:00:00  -  Run Local Usage
	0  -  Run Bytes Sent By Job
	0  -  Run Bytes Received By Job
	Partitionable Resources :    Usage  Request Allocated
	   Cpus                 :                 1         1
	   Disk (KB)            :        1        1    824403
	   Gpus                 :                           0
	   Memory (MB)          :       96        1     12899
...
009 (516200.000.000) 05/05 17:18:08 Job was aborted by the user.
	via condor_rm (by user ypei)
...
000 (516407.000.000) 05/05 17:18:22 Job submitted from host: <128.83.144.149:44250?addrs=128.83.144.149-44250>
...
001 (516407.000.000) 05/05 17:18:30 Job executing on host: <128.83.120.229:58979?addrs=128.83.120.229-58979>
...
006 (516407.000.000) 05/05 17:18:39 Image size of job updated: 866624
	56  -  MemoryUsage of job (MB)
	56968  -  ResidentSetSize of job (KB)
...
006 (516407.000.000) 05/05 17:21:22 Image size of job updated: 1040744
	56  -  MemoryUsage of job (MB)
	56968  -  ResidentSetSize of job (KB)
...
004 (516407.000.000) 05/05 17:21:22 Job was evicted.
	(0) Job was not checkpointed.
		Usr 0 00:01:23, Sys 0 00:00:01  -  Run Remote Usage
		Usr 0 00:00:00, Sys 0 00:00:00  -  Run Local Usage
	0  -  Run Bytes Sent By Job
	0  -  Run Bytes Received By Job
	Partitionable Resources :    Usage  Request Allocated
	   Cpus                 :                 1         1
	   Disk (KB)            :        1        1    828969
	   Gpus                 :                           0
	   Memory (MB)          :       56        1     12899
...
009 (516407.000.000) 05/05 17:21:23 Job was aborted by the user.
	via condor_rm (by user ypei)
...
000 (517028.000.000) 05/05 17:21:44 Job submitted from host: <128.83.144.149:44250?addrs=128.83.144.149-44250>
...
001 (517028.000.000) 05/05 17:21:53 Job executing on host: <128.83.120.250:59851?addrs=128.83.120.250-59851>
...
006 (517028.000.000) 05/05 17:22:01 Image size of job updated: 866624
	56  -  MemoryUsage of job (MB)
	57004  -  ResidentSetSize of job (KB)
...
006 (517028.000.000) 05/05 17:27:01 Image size of job updated: 1040768
	101  -  MemoryUsage of job (MB)
	103212  -  ResidentSetSize of job (KB)
...
006 (517028.000.000) 05/05 17:32:02 Image size of job updated: 1040848
	107  -  MemoryUsage of job (MB)
	109140  -  ResidentSetSize of job (KB)
...
006 (517028.000.000) 05/05 17:37:02 Image size of job updated: 1042552
	115  -  MemoryUsage of job (MB)
	116812  -  ResidentSetSize of job (KB)
...
006 (517028.000.000) 05/05 17:42:02 Image size of job updated: 1043048
	118  -  MemoryUsage of job (MB)
	120788  -  ResidentSetSize of job (KB)
...
006 (517028.000.000) 05/05 17:44:03 Image size of job updated: 1043052
	118  -  MemoryUsage of job (MB)
	120788  -  ResidentSetSize of job (KB)
...
005 (517028.000.000) 05/05 17:44:03 Job terminated.
	(1) Normal termination (return value 0)
		Usr 0 00:20:27, Sys 0 00:00:22  -  Run Remote Usage
		Usr 0 00:00:00, Sys 0 00:00:00  -  Run Local Usage
		Usr 0 00:20:27, Sys 0 00:00:22  -  Total Remote Usage
		Usr 0 00:00:00, Sys 0 00:00:00  -  Total Local Usage
	0  -  Run Bytes Sent By Job
	0  -  Run Bytes Received By Job
	0  -  Total Bytes Sent By Job
	0  -  Total Bytes Received By Job
	Partitionable Resources :    Usage  Request Allocated
	   Cpus                 :                 1         1
	   Disk (KB)            :        1        1    815261
	   Gpus                 :                           0
	   Memory (MB)          :      118        1     12899
...
000 (518063.000.000) 05/06 21:33:03 Job submitted from host: <128.83.144.149:44250?addrs=128.83.144.149-44250>
...
001 (518063.000.000) 05/06 21:33:14 Job executing on host: <128.83.144.112:35333?addrs=128.83.144.112-35333>
...
006 (518063.000.000) 05/06 21:33:23 Image size of job updated: 340620
	22  -  MemoryUsage of job (MB)
	21672  -  ResidentSetSize of job (KB)
...
006 (518063.000.000) 05/06 21:33:43 Image size of job updated: 867272
	22  -  MemoryUsage of job (MB)
	21672  -  ResidentSetSize of job (KB)
...
004 (518063.000.000) 05/06 21:33:43 Job was evicted.
	(0) Job was not checkpointed.
		Usr 0 00:00:00, Sys 0 00:00:00  -  Run Remote Usage
		Usr 0 00:00:00, Sys 0 00:00:00  -  Run Local Usage
	0  -  Run Bytes Sent By Job
	0  -  Run Bytes Received By Job
	Partitionable Resources :    Usage  Request Allocated
	   Cpus                 :                 1         1
	   Disk (KB)            :        1        1    803081
	   Gpus                 :                           0
	   Memory (MB)          :       22        1     12899
...
009 (518063.000.000) 05/06 21:33:44 Job was aborted by the user.
	via condor_rm (by user ypei)
...
000 (518270.000.000) 05/06 21:34:11 Job submitted from host: <128.83.144.149:44250?addrs=128.83.144.149-44250>
...
001 (518270.000.000) 05/06 21:34:21 Job executing on host: <128.83.139.9:47643?addrs=128.83.139.9-47643>
...
006 (518270.000.000) 05/06 21:34:30 Image size of job updated: 340620
	22  -  MemoryUsage of job (MB)
	21556  -  ResidentSetSize of job (KB)
...
006 (518270.000.000) 05/06 21:39:31 Image size of job updated: 1040932
	103  -  MemoryUsage of job (MB)
	105144  -  ResidentSetSize of job (KB)
...
006 (518270.000.000) 05/06 21:44:31 Image size of job updated: 1041016
	109  -  MemoryUsage of job (MB)
	110696  -  ResidentSetSize of job (KB)
...
006 (518270.000.000) 05/06 21:49:31 Image size of job updated: 1042676
	116  -  MemoryUsage of job (MB)
	118096  -  ResidentSetSize of job (KB)
...
006 (518270.000.000) 05/06 21:54:32 Image size of job updated: 1043216
	119  -  MemoryUsage of job (MB)
	121628  -  ResidentSetSize of job (KB)
...
005 (518270.000.000) 05/06 21:58:39 Job terminated.
	(1) Normal termination (return value 0)
		Usr 0 00:22:43, Sys 0 00:00:25  -  Run Remote Usage
		Usr 0 00:00:00, Sys 0 00:00:00  -  Run Local Usage
		Usr 0 00:22:43, Sys 0 00:00:25  -  Total Remote Usage
		Usr 0 00:00:00, Sys 0 00:00:00  -  Total Local Usage
	0  -  Run Bytes Sent By Job
	0  -  Run Bytes Received By Job
	0  -  Total Bytes Sent By Job
	0  -  Total Bytes Received By Job
	Partitionable Resources :    Usage  Request Allocated
	   Cpus                 :                 1         1
	   Disk (KB)            :        1        1   1678568
	   Gpus                 :                           0
	   Memory (MB)          :      119        1     12899
...
000 (381838.000.000) 05/07 00:29:02 Job submitted from host: <128.83.144.155:57685?addrs=128.83.144.155-57685>
...
001 (381838.000.000) 05/07 00:29:19 Job executing on host: <128.83.139.15:46714?addrs=128.83.139.15-46714>
...
006 (381838.000.000) 05/07 00:29:27 Image size of job updated: 867140
	55  -  MemoryUsage of job (MB)
	55664  -  ResidentSetSize of job (KB)
...
006 (381838.000.000) 05/07 00:34:27 Image size of job updated: 1040816
	101  -  MemoryUsage of job (MB)
	102412  -  ResidentSetSize of job (KB)
...
006 (381838.000.000) 05/07 00:39:28 Image size of job updated: 1040884
	106  -  MemoryUsage of job (MB)
	108460  -  ResidentSetSize of job (KB)
...
006 (381838.000.000) 05/07 00:44:29 Image size of job updated: 1043084
	115  -  MemoryUsage of job (MB)
	117120  -  ResidentSetSize of job (KB)
...
005 (381838.000.000) 05/07 00:48:26 Job terminated.
	(1) Normal termination (return value 0)
		Usr 0 00:17:23, Sys 0 00:00:19  -  Run Remote Usage
		Usr 0 00:00:00, Sys 0 00:00:00  -  Run Local Usage
		Usr 0 00:17:23, Sys 0 00:00:19  -  Total Remote Usage
		Usr 0 00:00:00, Sys 0 00:00:00  -  Total Local Usage
	0  -  Run Bytes Sent By Job
	0  -  Run Bytes Received By Job
	0  -  Total Bytes Sent By Job
	0  -  Total Bytes Received By Job
	Partitionable Resources :    Usage  Request Allocated
	   Cpus                 :                 1         1
	   Disk (KB)            :        1        1   1672476
	   Gpus                 :                           0
	   Memory (MB)          :      115        1     12899
...
