[SNIPER] Start
Sampler: 4, 32, 0
itlb_cache: 32, 1
itlb_cache_L1: 32, 1
Sampler: 4, 128, 0
dtlb_cache: 128, 4
dtlb_cache_L1: 128, 4
L1-I 2
Sampler: 4, 4, 128
L1-I: 2048, 64
L1-I_L1: 2048, 64
L1-D 3
Sampler: 4, 8, 32
L1-D: 1024, 32
L1-D_L1: 1024, 32
L2 4
Sampler: 122, 16, 16
L2: 32768, 1024
L2_L1: 32768, 1024
Executing Python script /v/filer4b/v20q001/ypei/Desktop/cs395t-lin/output/run_all_hybrid_headroom2/xalancbmk/18/sim.scripts.py
[STOPBYICOUNT] Starting in ROI (detail)
[STOPBYICOUNT] Then stopping after simulating at least 250000000 instructions in detail
[SNIPER] --------------------------------------------------------------------------------
[SNIPER] Sniper using SIFT/trace-driven frontend
[SNIPER] Running full application in DETAILED mode
[SNIPER] --------------------------------------------------------------------------------
[SNIPER] Enabling performance models
[SNIPER] Setting instrumentation mode to DETAILED
[app0] ere desrubsid emad
[app0] </p>
[app0] <p>
[app0] <b>To: </b>Yifei Zastre <a href="mailto:Zastre@sun.com">Zastre@sun.com</a>
[app0] <br>
[app0] <b>From: </b>Remigijus Lanteri <a href="mailto:Lanteri@stanford.edu">Lanteri@stanford.edu</a>
[app0] <br>
[app0] <b>Date: </b>09/12/2000<br>
[app0] <b>Note: </b>
[app0] <br>
[app0] convers <emph> virtuous rejoice fran mirth ended agrippa peruse strict metellus </emph> slaughters thersites friend baser vilest tent unhallowed eros laud smelling blanket taste rank leas breast precedent honor <b> object darkness encounter naming out </b> heralds corrupted love easy sequent eager seals kinsmen beautiful forsooth girls very avouch quillets delicate land advertise map faults certain light alack petty charm appellant boisterous attest fled spring accuses absence thoughts dreams <emph> parted slay con yet conjunct images </emph> music roman foe pedro assist bought souls depose crowd helps supporting vents marble education stake pain matter become worthily complaining hath matters edg happy town order returns before witch flattering enough ingratitude glory preposterous business fig muddied tom worse style aim withal bestow wittenberg sect grounds advances spirit lain <i> appear fruitful vial siege current diomedes north collars </i> loud remove wanteth rights disturbed achilles cap some changes betters rail leander mighty believes mount therein codpiece due taught enjoy honourable hurt high gor tir bethink elves room idly serious commandment sea instrument thither
[app0] <p>Encrypted Version</p>
[app0] rehtiht tnemurtsni aes tnemdnammoc suoires yldi moor sevle knihteb rit rog hgih truh elbaruonoh yojne thguat eud eceipdoc niereht tnuom seveileb ythgim rednael liar sretteb segnahc emos pac sellihca debrutsid sthgir htetnaw evomer duol sralloc htron sedemoid tnerruc egeis laiv luftiurf raeppa nial tirips secnavda sdnuorg tces grebnettiw wotseb lahtiw mia elyts esrow mot deiddum gif ssenisub suoretsoperp yrolg edutitargni hguone gnirettalf hctiw erofeb snruter redro nwot yppah gde srettam htah gninialpmoc ylihtrow emoceb rettam niap ekats noitacude elbram stnev gnitroppus spleh dworc esoped sluos thguob tsissa ordep eof namor cisum segami tcnujnoc tey noc yals detrap smaerd sthguoht ecnesba sesucca gnirps delf tsetta suoretsiob tnalleppa mrahc yttep kcala thgil niatrec stluaf pam esitrevda dnal etaciled stelliuq hcuova yrev slrig htoosrof lufituaeb nemsnik slaes regae tneuqes ysae evol detpurroc sdlareh tuo gniman retnuocne ssenkrad tcejbo ronoh tnedecerp tsaerb sael knar etsat teknalb gnillems dual sore dewollahnu tnet tseliv resab dneirf setisreht srethguals sulletem tcirts esurep appirga dedne htrim narf eciojer suoutriv srevnoc
[app0] </p>
[app0] <p>
[app0] <b>To: </b>Tze Plotkin <a href="mailto:Plotkin@bell-labs.com">Plotkin@bell-labs.com</a>
[app0] <br>
[app0] <b>From: </b>Limor Lundelius <a href="mailto:Lundelius@fsu.edu">Lundelius@fsu.edu</a>
[app0] <br>
[app0] <b>Date: </b>09/18/2000<br>
[app0] <b>Note: </b>
[app0] <br>
[app0] bloodless are noise plays stay how jour perjury deny properly praises woes grew brain more wag preventions naughty cassio knees whosoever buzz manner objects bastard engage smock studied unsettled mine cap appoint presents iago churchyard lay ripe bar sad hence evermore rosencrantz banish wit talk understand fair renown lay injuries percy violence baseness injure ground vanish borrowed victor north loins conquer sin bawd jacks loss medicine grasp thunder rais wrath yeoman grievous woful trim gage monstrous peevish remuneration restraint play relieve has knights foil opposition matter objects
[app0] <p>Encrypted Version</p>
[app0] stcejbo rettam noitisoppo liof sthgink sah eveiler yalp tniartser noitarenumer hsiveep suortsnom egag mirt lufow suoveirg namoey htarw siar rednuht psarg enicidem ssol skcaj dwab nis reuqnoc sniol htron rotciv deworrob hsinav dnuorg erujni ssenesab ecneloiv ycrep seirujni yal nwoner riaf dnatsrednu klat tiw hsinab ztnarcnesor eromreve ecneh das rab epir yal drayhcruhc ogai stneserp tnioppa pac enim delttesnu deiduts kcoms egagne dratsab stcejbo rennam zzub reveosohw seenk oissac ythguan snoitneverp gaw erom niarb werg seow sesiarp ylreporp yned yrujrep ruoj woh yats syalp esion era sseldoolb
[app0] </p>
[app0] <p>
[app0] <b>To: </b>Teck Nerson <a href="mailto:Nerson@nyu.edu">Nerson@nyu.edu</a>
[app0] <br>
[app0] <b>From: </b>Wee Morreau <a href="mailto:Morreau@savera.com">Morreau@savera.com</a>
[app0] <br>
[app0] <b>Date: </b>04/27/2001<br>
[app0] <b>Note: </b>
[app0] <br>
[app0] lamp wisdom hap richard glad bow worthy sullen bowels four fault <emph> withal planet motley hardly text antonio there ear oxford </emph> fame meant before full revolting bastardy which supported derby crutch tom judas player swears peter fifteen sailing exasperate trouble loss bounds domain share carried rabblement prepare liking pay idleness evidence hoodman henry misus copyright debts profound stain eleven people streets cast proclaim abuse rush fortune advance scape cupid wrest dust flame dry royally befell oph private mainly shows creditor measure down objects dreamt boast cheerfully reputation ribbon coat attends feeble repetition went grove selfsame duties unpleasing sauce smart cassius conscience willoughby observances and preventions lafeu honest reels sacrifice entertainment oath daughter cassio <b> challenge waits plain fill sent </b> support distance today laws sweet oppressor scant robin pace dogberry hears durst came vein flexure having neighbourhood rainbow excepting elements kneeling lucilius truncheon heels lightness courageous mortality confront captain saluteth presented christendom tires pace equal nobility poorly dust earth proclamation belong cassio toys stories dares maskers kneel revels flock huge queasy utter harbour engrossest mutton fast snuff maintained guilt they whate hovering pernicious appears courtesies romeo disdain carry hence pass asunder wearer acknowledge unnatural trencher most diligence light emperor executed baited soldiers slow strik intended folly vice better gibes tun greet footing breathe tarquin greasy abuse between iniquity brotherhood shaking tenants perpetual scornfully hollow redeeming sardis gates dream thrust fathers misenum snow terrors volumnius effects lost goest delicate plea ladyship <emph> unking resolve <i> and proportion cake bird elves bird </i> weasel hang compliment unpaid poem withdrew sicles fell <b> vengeance reclaim meanest </b> brib </emph> bride birth sadly physician eat turk winters able rob worthless poison depress glance ever wallet goblins these birth assistance afeard aumerle acquainted quench circle wolf fort saint also pause pleas begot meeter serving dismiss consequence conceals gaze boils girls <i> confines heed begs speak fellow naples rage wine walls </i> another lady bluest table fault settlest them <b> proclaims pains possess sing begin sickness </b> lightning single lustre
[app0] <p>Encrypted Version</p>
[app0] ertsul elgnis gninthgil ssenkcis nigeb gnis ssessop sniap smialcorp meht tselttes tluaf elbat tseulb ydal rehtona sllaw eniw egar selpan wollef kaeps sgeb deeh senifnoc slrig sliob ezag slaecnoc ecneuqesnoc ssimsid gnivres reteem togeb saelp esuap osla tnias trof flow elcric hcneuq detniauqca elremua draefa ecnatsissa htrib eseht snilbog tellaw reve ecnalg sserped nosiop sselhtrow bor elba sretniw krut tae naicisyhp yldas htrib edirb birb tsenaem mialcer ecnaegnev llef selcis werdhtiw meop diapnu tnemilpmoc gnah lesaew drib sevle drib ekac noitroporp dna evloser gniknu pihsydal aelp etaciled tseog tsol stceffe suinmulov srorret wons munesim srehtaf tsurht maerd setag sidras gnimeeder wolloh yllufnrocs lauteprep stnanet gnikahs doohrehtorb ytiuqini neewteb esuba ysaerg niuqrat ehtaerb gnitoof teerg nut sebig retteb eciv yllof dednetni kirts wols sreidlos detiab detucexe rorepme thgil ecnegilid tsom rehcnert larutannu egdelwonkca reraew rednusa ssap ecneh yrrac niadsid oemor seisetruoc sraeppa suoicinrep gnirevoh etahw yeht tliug deniatniam ffuns tsaf nottum tsessorgne ruobrah rettu ysaeuq eguh kcolf slever leenk sreksam serad seirots syot oissac gnoleb noitamalcorp htrae tsud ylroop ytilibon lauqe ecap serit modnetsirhc detneserp htetulas niatpac tnorfnoc ytilatrom suoegaruoc ssenthgil sleeh noehcnurt suilicul gnileenk stnemele gnitpecxe wobniar doohruobhgien gnivah eruxelf niev emac tsrud sraeh yrrebgod ecap nibor tnacs rosserppo teews swal yadot ecnatsid troppus tnes llif nialp stiaw egnellahc oissac rethguad htao tnemniatretne ecifircas sleer tsenoh uefal snoitneverp dna secnavresbo ybhguolliw ecneicsnoc suissac trams ecuas gnisaelpnu seitud emasfles evorg tnew noititeper elbeef sdnetta taoc nobbir noitatuper yllufreehc tsaob tmaerd stcejbo nwod erusaem rotiderc swohs ylniam etavirp hpo llefeb yllayor yrd emalf tsud tserw dipuc epacs ecnavda enutrof hsur esuba mialcorp tsac steerts elpoep nevele niats dnuoforp stbed thgirypoc susim yrneh namdooh ecnedive sseneldi yap gnikil eraperp tnemelbbar deirrac erahs niamod sdnuob ssol elbuort etarepsaxe gnilias neetfif retep sraews reyalp saduj mot hcturc ybred detroppus hcihw ydratsab gnitlover lluf erofeb tnaem emaf drofxo rae ereht oinotna txet yldrah yeltom tenalp lahtiw tluaf ruof slewob nellus yhtrow wob dalg drahcir pah modsiw pmal
[app0] </p>
[app0] </td>
[app0] </tr>
[app0] <tr valign="top">
[app0] <td>item8273</td><td>loose michael </td><td>United States</td><td>1</td><td>Money order</td><td></td><td>Will ship only within country, Will ship internationally, Buyer pays fixed shipping charges</td><td></td>
[app0] </tr>
[app0] <tr valign="top">
[app0] <td>item8274</td><td>senses prodigious apollo will </td><td>United States</td><td>1</td><td>Money order, Personal Check</td><td></td><td>Will ship only within country, See description for charges</td><td>
[app0] <p>
[app0] <b>To: </b>Yuping Peyn <a href="mailto:Peyn@clustra.com">Peyn@clustra.com</a>
[app0] <br>
[app0] <b>From: </b>Candido Nilsson <a href="mailto:Nilsson@dauphine.fr">Nilsson@dauphine.fr</a>
[app0] <br>
[app0] <b>Date: </b>02/01/2001<br>
[app0] <b>Note: </b>
[app0] <br>
[app0] whilst apprehended romeo guard whose contenteth henceforth peering bell message clock richard judgment means weeks arch weaken blessings below cor consequence hair corn decreed clown wearing coward thigh doing philosophy yield scold dish brags authority arts buys imports wrack labouring flies deserves hamlet betray declin difference aspect tables walks sword posted forthcoming nightcap picture realms varied person contented eleven
[app0] <p>Encrypted Version</p>
[app0] nevele detnetnoc nosrep deirav smlaer erutcip pacthgin gnimochtrof detsop drows sklaw selbat tcepsa ecnereffid nilced yarteb telmah sevresed seilf gniruobal kcarw stropmi syub stra ytirohtua sgarb hsid dlocs dleiy yhposolihp gniod hgiht drawoc gniraew nwolc deerced nroc riah ecneuqesnoc roc woleb sgnisselb nekaew hcra skeew snaem tnemgduj drahcir kcolc egassem lleb gnireep htrofecneh htetnetnoc esohw draug oemor dedneherppa tslihw
[app0] </p>
[app0] <p>
[app0] <b>To: </b>Sadeph Senzako <a href="mailto:Senzako@informix.com">Senzako@informix.com</a>
[app0] <br>
[app0] <b>From: </b>Lakshman Vajtersic <a href="mailto:Vajtersic@cornell.edu">Vajtersic@cornell.edu</a>
[app0] <br>
[app0] <b>Date: </b>07/09/2001<br>
[app0] <b>Note: </b>
[app0] <br>
[app0] uplifted commended estate dull genitive dost aspect schools thankfulness kings warranted throng mixture aeneas dinner london soul doctors home subtle constance <i> lips dispers </i> part sixth tender host north thrift singing stopping invent myrmidons roar cut players faultless <b> bankrupts manner seriously </b> foresaw bully placket crow detest protest
[app0] <p>Encrypted Version</p>
[app0] tsetorp tseted worc tekcalp yllub waserof ylsuoires rennam stpurknab sseltluaf sreyalp tuc raor snodimrym tnevni gnippots gnignis tfirht htron tsoh rednet htxis trap srepsid spil ecnatsnoc eltbus emoh srotcod luos nodnol rennid saenea erutxim gnorht detnarraw sgnik ssenlufknaht sloohcs tcepsa tsod evitineg llud etatse dednemmoc detfilpu
[app0] </p>
[app0] </td>
[app0] </tr>
[app0] <tr valign="top">
[app0] <td>item8275</td><td>mortal effect patient filths </td><td>United States</td><td>1</td><td>Money order, Creditcard, Cash</td><td></td><td>Will ship internationally</td><td></td>
[app0] </tr>
[app0] <tr valign="top">
[app0] <td>item8277</td><td>swear strongly </td><td>United States</td><td>1</td><td>Money order, Creditcard, Personal Check</td><td></td><td>Will ship internationally, See description for charges</td><td></td>
[app0] </tr>
[app0] <tr valign="top">
[app0] <td>item8278</td><td>tends </td><td>United States</td><td>1</td><td>Personal Check</td><td></td><td>See description for charges</td><td>
[app0] <p>
[app0] <b>To: </b>Edjard Verhaegen <a href="mailto:Verhaegen@forwiss.de">Verhaegen@forwiss.de</a>
[app0] <br>
[app0] <b>From: </b>Vale Wixon <a href="mailto:Wixon@solidtech.com">Wixon@solidtech.com</a>
[app0] <br>
[app0] <b>Date: </b>09/02/2001<br>
[app0] <b>Note: </b>
[app0] <br>
[app0] <b> noise urge fretful underneath enough cleopatra burn pluto wak remedies sweet goodly adverse plashy know sicily deserve merriment cause hinder mock watches success <i> gifts sue </i> preventions weed strength suspects volumnius france <emph> pate unholy tend scarecrow serv seal derby lads impossible leaps pathway </emph> leaving </b> duteous
[app0] <p>Encrypted Version</p>
[app0] suoetud gnivael yawhtap spael elbissopmi sdal ybred laes vres worceracs dnet ylohnu etap ecnarf suinmulov stcepsus htgnerts deew snoitneverp eus stfig sseccus sehctaw kcom rednih esuac tnemirrem evresed ylicis wonk yhsalp esrevda yldoog teews seidemer kaw otulp nrub artapoelc hguone htaenrednu lufterf egru esion
[app0] </p>
[app0] </td>
[app0] </tr>
[app0] <tr valign="top">
[app0] <td>item8279</td><td>taken tom lov </td><td>United States</td><td>1</td><td>Money order, Creditcard</td><td>(0)
[app0] hush right whiff distracted when paul commodity excessive refused employ
[app0] <p>Encrypted Version</p>
[app0] yolpme desufer evissecxe ytidommoc luap nehw detcartsid ffihw thgir hsuh
[app0] <br>
[app0] <br>(I)
[app0] compass fellows unjust having faith
[app0] <p>Encrypted Version</p>
[app0] htiaf gnivah tsujnu swollef ssapmoc
[app0] <br>
[app0] <br>
[app0] </td><td>Will ship only within country, Buyer pays fixed shipping charges, See description for charges</td><td>
[app0] <p>
[app0] <b>To: </b>Volkmar Chiodo <a href="mailto:Chiodo@csufresno.edu">Chiodo@csufresno.edu</a>
[app0] <br>
[app0] <b>From: </b>Weiye Yurek <a href="mailto:Yurek@ac.be">Yurek@ac.be</a>
[app0] <br>
[app0] <b>Date: </b>06/24/2001<br>
[app0] <b>Note: </b>
[app0] <br>
[app0] whereon horatio passion high enrich earl empirics has prentices third either trow path giant spar duties giant receives strive secure unworthiest nose troy food where samp open widow stiffer partake mouse rear kingdom kinsmen hopes conclude subject conspirator inspired check ventidius edition wheresoe stir albans tedious befits <emph> goose woeful vain </emph> tuscan light worms ladies drag greek civet salutes humours breakfast weeping few swain troth war pine herself dram caius black plough unless whispers glides chaps ply simple warp perjur clothe distress merely grow buried wonders given quickly meteor plast god appellant grass <i> patient quickly </i> care teaches adam contracted court back roughly quality past trespass burns worthier employ provost pay depose ordinance manners serve petition royalty nony lips durst egyptian anjou invulnerable pause show pleasures mounted states sorry lovel offences horrible troubled discredit coxcombs promise nobly soft fondly title wholly alb encounter text happiness yea range intelligence join massacre publius swore hark foolery <i> unbridled </i> cover still ruttish
[app0] <p>Encrypted Version</p>
[app0] hsittur llits revoc deldirbnu yreloof krah erows suilbup ercassam nioj ecnegilletni egnar aey ssenippah txet retnuocne bla yllohw eltit yldnof tfos ylbon esimorp sbmocxoc tidercsid delbuort elbirroh secneffo levol yrros setats detnuom serusaelp wohs esuap elbarenluvni uojna naitpyge tsrud spil ynon ytlayor noititep evres srennam ecnanidro esoped yap tsovorp yolpme reihtrow snrub ssapsert tsap ytilauq ylhguor kcab truoc detcartnoc mada sehcaet erac ylkciuq tneitap ssarg tnalleppa dog tsalp roetem ylkciuq nevig srednow deirub worg ylerem ssertsid ehtolc rujrep praw elpmis ylp spahc sedilg srepsihw sselnu hguolp kcalb suiac mard flesreh enip raw htort niaws wef gnipeew tsafkaerb sruomuh setulas tevic keerg gard seidal smrow thgil nacsut niav lufeow esoog stifeb suoidet snabla rits eoserehw noitide suiditnev kcehc deripsni rotaripsnoc tcejbus edulcnoc sepoh nemsnik modgnik raer esuom ekatrap reffits wodiw nepo pmas erehw doof yort eson tseihtrownu eruces evirts seviecer tnaig seitud raps tnaig htap wort rehtie driht secitnerp sah sciripme lrae hcirne hgih noissap oitaroh noerehw
[app0] </p>
[app0] </td>
[app0] </tr>
[app0] <tr valign="top">
[app0] <td>item8280</td><td>fare </td><td>United States</td><td>1</td><td>Money order, Personal Check</td><td></td><td>Will ship internationally, See description for charges</td><td>
[app0] <p>
[app0] <b>To: </b>Shaw Zambonelli <a href="mailto:Zambonelli@edu.sg">Zambonelli@edu.sg</a>
[app0] <br>
[app0] <b>From: </b>Detlef Takano <a href="mailto:Takano@ucr.edu">Takano@ucr.edu</a>
[app0] <br>
[app0] <b>Date: </b>10/02/1998<br>
[app0] <b>Note: </b>
[app0] <br>
[app0] requisites terrors fierce soles beholding out yond knaves enemy claudio sink sort unknown grant pless mov made shrewd all outside polonius mask marry rose guards edifice theirs sear
[app0] <p>Encrypted Version</p>
[app0] raes srieht ecifide sdraug esor yrram ksam suinolop edistuo lla dwerhs edam vom sselp tnarg nwonknu tros knis oidualc ymene sevank dnoy tuo gnidloheb selos ecreif srorret setisiuqer
[app0] </p>
[app0] <p>
[app0] <b>To: </b>Fumino Spelt <a href="mailto:Spelt@edu.hk">Spelt@edu.hk</a>
[app0] <br>
[app0] <b>From: </b>Kohkichi Pargaonkar <a href="mailto:Pargaonkar@ab.ca">Pargaonkar@ab.ca</a>
[app0] <br>
[app0] <b>Date: </b>12/03/1999<br>
[app0] <b>Note: </b>
[app0] <br>
[app0] apparell rebukes villains hire didst leon steward butcher wrath doubly obeys preventions proofs offal first into dress lover journey preventions nurse naked sustain absence make sound given content glove exit lust satisfaction beggar fare happy hero sore nimble portion nightmare weed black promises humbly countrymen pins another dry grandam aid <i> ought strawberries </i> secret adelaide feed garments counsel second sign broils frame draw wing
[app0] <p>Encrypted Version</p>
[app0] gniw ward emarf sliorb ngis dnoces lesnuoc stnemrag deef edialeda terces seirrebwarts thguo dia madnarg yrd rehtona snip nemyrtnuoc ylbmuh sesimorp kcalb deew eramthgin noitrop elbmin eros oreh yppah eraf raggeb noitcafsitas tsul tixe evolg tnetnoc nevig dnuos ekam ecnesba niatsus dekan esrun snoitneverp yenruoj revol sserd otni tsrif laffo sfoorp snoitneverp syebo ylbuod htarw rehctub drawets noel tsdid erih snialliv sekuber llerappa
[app0] </p>
[app0] </td>
[app0] </tr>
[app0] <tr valign="top">
[app0] <td>item8281</td><td>best sluts </td><td>United States</td><td>1</td><td></td><td></td><td>Will ship only within country, See description for charges</td><td>
[app0] <p>
[STOPBYICOUNT] Ending ROI after 250000019 instructions (250000000 requested)
[SNIPER] Disabling performance models
[SNIPER] Leaving ROI after 1510.54 seconds
[SNIPER] Simulated 250.0M instructions, 137.3M cycles, 1.82 IPC
[SNIPER] Simulation speed 165.5 KIPS (165.5 KIPS / target core - 6042.2ns/instr)
[SNIPER] Setting instrumentation mode to FAST_FORWARD
[app0] <b>To: </b>Kerhong Suppi <a href="mailto:Supp[SIFT_RECORDER] sift_writer.cc:550: Sift::Mode Sift::Writer::Sync(): Assertion `!response->fail()' failed.
Hawkeye Victims: 0
LRU Victims: 0
Hawkeye Victims: 0
LRU Victims: 0
Hawkeye Victims: 0
LRU Victims: 0
a test for execution

Inserted: 0
Redundant.progress: 0
Redundant.cache: 0
Redundant.buffer: 0
Hawkeye Victims: 0
LRU Victims: 0
a test for execution

Inserted: 0
Redundant.progress: 0
Redundant.cache: 0
Redundant.buffer: 0
Hawkeye Victims: 0
LRU Victims: 0
 =========================================================== 
Triggers: 1833146
Repeats: 0

Same addr: 1068064 58.264
New addr: 1004 0.0547692

Distribution of new addresses: 
Stream Head: 405 40.3386
Stream Divergence: 461378 45954

Invalidation count: 533995 53186.8
No Conflict count: 73868 7357.37
Same Stream count: 0 0
New Stream count: 0 0

Not found: 666231
On Chip Mispredictions: 0
 =========================================================== 
Distribution of predictions: 
Predict Init: 1699906 92.7316
Total Predictions: 1603033
Predict OCI Miss: 95227 5.6019
Predict Stream End: 96873 5.69873
Buffer Success: 0 0
[app0] Pin app terminated abnormally due to signal 6.
Stride Distribution: 0, 268179, 4600, 0, 0, 0, 0, 0, 0, 40296, 110170, 164864, 72358, 45080, 74934, 78706, 49956, 0, 83996, 0, 53636, 0, 0, 0, 42274, 0, 0, 0, 0, 0, 25484, 0, 7866, 0, 0, 0, 4600, 0, 0, 0, 4370, 0, 0, 0, 0, 0, 0, 0, 0, 0, 0, 0, 0, 0, 0, 0, 0, 0, 0, 0, 0, 0, 0, 0, 0, 0, 33, 0, 0, 0, 0, 0, 44426400, 0, 49, 0, 15, 0, 15, 0, 0, 6644585, 1868787317, 1915577714, 1702195557, 7566451, 113, 0, 5073232, 0, 41099760, 0, 0, 0, 5073232, 0, 41658176, 0, 0, 0, 5073232, 0, 41930528, 0, 0, 0, 5165152, 0, 2016513392, 11122, 0, 11122, 44424704, 0, 49, 0, 6, 0, 6, 0, 0, 0, 1919906931, 29541, 48, 0, 49, 0, 
a test for execution

Inserted: 2124016
Redundant.progress: 1998
Redundant.cache: 2058163
Redundant.buffer: 0
[SNIPER] End
[SNIPER] Elapsed time: 1514.90 seconds
