000 (515958.000.000) 05/05 17:13:07 Job submitted from host: <128.83.144.149:44250?addrs=128.83.144.149-44250>
...
001 (515958.000.000) 05/05 17:13:33 Job executing on host: <128.83.120.250:59851?addrs=128.83.120.250-59851>
...
006 (515958.000.000) 05/05 17:13:41 Image size of job updated: 340324
	21  -  MemoryUsage of job (MB)
	21300  -  ResidentSetSize of job (KB)
...
006 (515958.000.000) 05/05 17:14:26 Image size of job updated: 766444
	21  -  MemoryUsage of job (MB)
	21300  -  ResidentSetSize of job (KB)
...
004 (515958.000.000) 05/05 17:14:26 Job was evicted.
	(0) Job was not checkpointed.
		Usr 0 00:00:00, Sys 0 00:00:00  -  Run Remote Usage
		Usr 0 00:00:00, Sys 0 00:00:00  -  Run Local Usage
	0  -  Run Bytes Sent By Job
	0  -  Run Bytes Received By Job
	Partitionable Resources :    Usage  Request Allocated
	   Cpus                 :                 1         1
	   Disk (KB)            :        1        1    815266
	   Gpus                 :                           0
	   Memory (MB)          :       21        1     12899
...
009 (515958.000.000) 05/05 17:14:27 Job was aborted by the user.
	via condor_rm (by user ypei)
...
000 (516183.000.000) 05/05 17:14:50 Job submitted from host: <128.83.144.149:44250?addrs=128.83.144.149-44250>
...
001 (516183.000.000) 05/05 17:15:00 Job executing on host: <128.83.120.250:59851?addrs=128.83.120.250-59851>
...
006 (516183.000.000) 05/05 17:15:08 Image size of job updated: 52036
	10  -  MemoryUsage of job (MB)
	9876  -  ResidentSetSize of job (KB)
...
006 (516183.000.000) 05/05 17:18:10 Image size of job updated: 939272
	89  -  MemoryUsage of job (MB)
	91088  -  ResidentSetSize of job (KB)
...
004 (516183.000.000) 05/05 17:18:10 Job was evicted.
	(0) Job was not checkpointed.
		Usr 0 00:00:55, Sys 0 00:00:01  -  Run Remote Usage
		Usr 0 00:00:00, Sys 0 00:00:00  -  Run Local Usage
	0  -  Run Bytes Sent By Job
	0  -  Run Bytes Received By Job
	Partitionable Resources :    Usage  Request Allocated
	   Cpus                 :                 1         1
	   Disk (KB)            :        1        1    815266
	   Gpus                 :                           0
	   Memory (MB)          :       89        1     12899
...
009 (516183.000.000) 05/05 17:18:11 Job was aborted by the user.
	via condor_rm (by user ypei)
...
000 (516390.000.000) 05/05 17:18:20 Job submitted from host: <128.83.144.149:44250?addrs=128.83.144.149-44250>
...
001 (516390.000.000) 05/05 17:18:30 Job executing on host: <128.83.120.250:59851?addrs=128.83.120.250-59851>
...
006 (516390.000.000) 05/05 17:18:38 Image size of job updated: 765484
	54  -  MemoryUsage of job (MB)
	54728  -  ResidentSetSize of job (KB)
...
006 (516390.000.000) 05/05 17:21:20 Image size of job updated: 939136
	88  -  MemoryUsage of job (MB)
	89324  -  ResidentSetSize of job (KB)
...
004 (516390.000.000) 05/05 17:21:20 Job was evicted.
	(0) Job was not checkpointed.
		Usr 0 00:01:15, Sys 0 00:00:01  -  Run Remote Usage
		Usr 0 00:00:00, Sys 0 00:00:00  -  Run Local Usage
	0  -  Run Bytes Sent By Job
	0  -  Run Bytes Received By Job
	Partitionable Resources :    Usage  Request Allocated
	   Cpus                 :                 1         1
	   Disk (KB)            :        1        1    812584
	   Gpus                 :                           0
	   Memory (MB)          :       88        1     12899
...
009 (516390.000.000) 05/05 17:21:20 Job was aborted by the user.
	via condor_rm (by user ypei)
...
000 (517011.000.000) 05/05 17:21:42 Job submitted from host: <128.83.144.149:44250?addrs=128.83.144.149-44250>
...
001 (517011.000.000) 05/05 17:21:51 Job executing on host: <128.83.120.128:51378?addrs=128.83.120.128-51378>
...
006 (517011.000.000) 05/05 17:22:00 Image size of job updated: 765996
	52  -  MemoryUsage of job (MB)
	53172  -  ResidentSetSize of job (KB)
...
006 (517011.000.000) 05/05 17:27:01 Image size of job updated: 939136
	93  -  MemoryUsage of job (MB)
	95088  -  ResidentSetSize of job (KB)
...
006 (517011.000.000) 05/05 17:32:01 Image size of job updated: 939136
	104  -  MemoryUsage of job (MB)
	106068  -  ResidentSetSize of job (KB)
...
006 (517011.000.000) 05/05 17:37:02 Image size of job updated: 939136
	107  -  MemoryUsage of job (MB)
	109128  -  ResidentSetSize of job (KB)
...
006 (517011.000.000) 05/05 17:42:03 Image size of job updated: 939392
	111  -  MemoryUsage of job (MB)
	112748  -  ResidentSetSize of job (KB)
...
006 (517011.000.000) 05/05 17:47:03 Image size of job updated: 939480
	116  -  MemoryUsage of job (MB)
	118288  -  ResidentSetSize of job (KB)
...
006 (517011.000.000) 05/05 17:50:50 Image size of job updated: 942980
	116  -  MemoryUsage of job (MB)
	118288  -  ResidentSetSize of job (KB)
...
005 (517011.000.000) 05/05 17:50:50 Job terminated.
	(1) Normal termination (return value 0)
		Usr 0 00:27:15, Sys 0 00:00:25  -  Run Remote Usage
		Usr 0 00:00:00, Sys 0 00:00:00  -  Run Local Usage
		Usr 0 00:27:15, Sys 0 00:00:25  -  Total Remote Usage
		Usr 0 00:00:00, Sys 0 00:00:00  -  Total Local Usage
	0  -  Run Bytes Sent By Job
	0  -  Run Bytes Received By Job
	0  -  Total Bytes Sent By Job
	0  -  Total Bytes Received By Job
	Partitionable Resources :    Usage  Request Allocated
	   Cpus                 :                 1         1
	   Disk (KB)            :        1        1    812212
	   Gpus                 :                           0
	   Memory (MB)          :      116        1     12899
...
000 (382442.000.000) 05/07 03:39:51 Job submitted from host: <128.83.144.155:57685?addrs=128.83.144.155-57685>
...
001 (382442.000.000) 05/07 04:03:55 Job executing on host: <128.83.139.9:47643?addrs=128.83.139.9-47643>
...
006 (382442.000.000) 05/07 04:04:03 Image size of job updated: 238464
	18  -  MemoryUsage of job (MB)
	18308  -  ResidentSetSize of job (KB)
...
006 (382442.000.000) 05/07 04:09:03 Image size of job updated: 939308
	101  -  MemoryUsage of job (MB)
	102740  -  ResidentSetSize of job (KB)
...
006 (382442.000.000) 05/07 04:14:04 Image size of job updated: 939312
	106  -  MemoryUsage of job (MB)
	108356  -  ResidentSetSize of job (KB)
...
006 (382442.000.000) 05/07 04:19:04 Image size of job updated: 939312
	109  -  MemoryUsage of job (MB)
	111136  -  ResidentSetSize of job (KB)
...
006 (382442.000.000) 05/07 04:24:04 Image size of job updated: 939312
	112  -  MemoryUsage of job (MB)
	114636  -  ResidentSetSize of job (KB)
...
006 (382442.000.000) 05/07 04:28:53 Image size of job updated: 943152
	112  -  MemoryUsage of job (MB)
	114636  -  ResidentSetSize of job (KB)
...
005 (382442.000.000) 05/07 04:28:53 Job terminated.
	(1) Normal termination (return value 0)
		Usr 0 00:24:24, Sys 0 00:00:24  -  Run Remote Usage
		Usr 0 00:00:00, Sys 0 00:00:00  -  Run Local Usage
		Usr 0 00:24:24, Sys 0 00:00:24  -  Total Remote Usage
		Usr 0 00:00:00, Sys 0 00:00:00  -  Total Local Usage
	0  -  Run Bytes Sent By Job
	0  -  Run Bytes Received By Job
	0  -  Total Bytes Sent By Job
	0  -  Total Bytes Received By Job
	Partitionable Resources :    Usage  Request Allocated
	   Cpus                 :                 1         1
	   Disk (KB)            :        1        1   1678566
	   Gpus                 :                           0
	   Memory (MB)          :      112        1     12899
...
000 (518460.000.000) 05/07 13:18:16 Job submitted from host: <128.83.144.149:44250?addrs=128.83.144.149-44250>
...
001 (518460.000.000) 05/07 13:18:54 Job executing on host: <128.83.139.6:57138?addrs=128.83.139.6-57138>
...
006 (518460.000.000) 05/07 13:19:02 Image size of job updated: 765620
	56  -  MemoryUsage of job (MB)
	56780  -  ResidentSetSize of job (KB)
...
006 (518460.000.000) 05/07 13:23:39 Image size of job updated: 939304
	56  -  MemoryUsage of job (MB)
	56780  -  ResidentSetSize of job (KB)
...
004 (518460.000.000) 05/07 13:23:39 Job was evicted.
	(0) Job was not checkpointed.
		Usr 0 00:03:20, Sys 0 00:00:05  -  Run Remote Usage
		Usr 0 00:00:00, Sys 0 00:00:00  -  Run Local Usage
	0  -  Run Bytes Sent By Job
	0  -  Run Bytes Received By Job
	Partitionable Resources :    Usage  Request Allocated
	   Cpus                 :                 1         1
	   Disk (KB)            :        1        1   1661809
	   Gpus                 :                           0
	   Memory (MB)          :       56        1     12899
...
009 (518460.000.000) 05/07 13:23:40 Job was aborted by the user.
	via condor_rm (by user ypei)
...
000 (518667.000.000) 05/07 13:23:46 Job submitted from host: <128.83.144.149:44250?addrs=128.83.144.149-44250>
...
001 (518667.000.000) 05/07 13:23:56 Job executing on host: <128.83.144.55:40067?addrs=128.83.144.55-40067>
...
006 (518667.000.000) 05/07 13:24:04 Image size of job updated: 766132
	54  -  MemoryUsage of job (MB)
	55264  -  ResidentSetSize of job (KB)
...
006 (518667.000.000) 05/07 13:29:04 Image size of job updated: 939264
	99  -  MemoryUsage of job (MB)
	100896  -  ResidentSetSize of job (KB)
...
006 (518667.000.000) 05/07 13:34:04 Image size of job updated: 939264
	108  -  MemoryUsage of job (MB)
	110496  -  ResidentSetSize of job (KB)
...
006 (518667.000.000) 05/07 13:39:05 Image size of job updated: 939264
	113  -  MemoryUsage of job (MB)
	115448  -  ResidentSetSize of job (KB)
...
006 (518667.000.000) 05/07 13:44:06 Image size of job updated: 942724
	124  -  MemoryUsage of job (MB)
	126152  -  ResidentSetSize of job (KB)
...
006 (518667.000.000) 05/07 13:44:55 Image size of job updated: 942816
	124  -  MemoryUsage of job (MB)
	126152  -  ResidentSetSize of job (KB)
...
005 (518667.000.000) 05/07 13:44:55 Job terminated.
	(1) Normal termination (return value 0)
		Usr 0 00:19:28, Sys 0 00:00:18  -  Run Remote Usage
		Usr 0 00:00:00, Sys 0 00:00:00  -  Run Local Usage
		Usr 0 00:19:28, Sys 0 00:00:18  -  Total Remote Usage
		Usr 0 00:00:00, Sys 0 00:00:00  -  Total Local Usage
	0  -  Run Bytes Sent By Job
	0  -  Run Bytes Received By Job
	0  -  Total Bytes Sent By Job
	0  -  Total Bytes Received By Job
	Partitionable Resources :    Usage  Request Allocated
	   Cpus                 :                 1         1
	   Disk (KB)            :        1        1   7499962
	   Gpus                 :                           0
	   Memory (MB)          :      124        1      4027
...
000 (519081.000.000) 05/07 14:36:26 Job submitted from host: <128.83.144.149:44250?addrs=128.83.144.149-44250>
...
001 (519081.000.000) 05/07 14:36:40 Job executing on host: <128.83.144.147:58788?addrs=128.83.144.147-58788>
...
006 (519081.000.000) 05/07 14:36:49 Image size of job updated: 51988
	10  -  MemoryUsage of job (MB)
	9848  -  ResidentSetSize of job (KB)
...
006 (519081.000.000) 05/07 14:41:50 Image size of job updated: 939524
	104  -  MemoryUsage of job (MB)
	106296  -  ResidentSetSize of job (KB)
...
006 (519081.000.000) 05/07 14:46:50 Image size of job updated: 939524
	112  -  MemoryUsage of job (MB)
	114404  -  ResidentSetSize of job (KB)
...
006 (519081.000.000) 05/07 14:51:46 Image size of job updated: 943080
	112  -  MemoryUsage of job (MB)
	114404  -  ResidentSetSize of job (KB)
...
005 (519081.000.000) 05/07 14:51:46 Job terminated.
	(1) Normal termination (return value 0)
		Usr 0 00:13:53, Sys 0 00:00:06  -  Run Remote Usage
		Usr 0 00:00:00, Sys 0 00:00:00  -  Run Local Usage
		Usr 0 00:13:53, Sys 0 00:00:06  -  Total Remote Usage
		Usr 0 00:00:00, Sys 0 00:00:00  -  Total Local Usage
	0  -  Run Bytes Sent By Job
	0  -  Run Bytes Received By Job
	0  -  Total Bytes Sent By Job
	0  -  Total Bytes Received By Job
	Partitionable Resources :    Usage  Request Allocated
	   Cpus                 :                 1         1
	   Disk (KB)            :        1        1   1911592
	   Gpus                 :                           0
	   Memory (MB)          :      112        1     21164
...
000 (382856.000.000) 05/07 20:16:56 Job submitted from host: <128.83.144.155:57685?addrs=128.83.144.155-57685>
...
001 (382856.000.000) 05/07 20:36:09 Job executing on host: <128.83.144.8:45931?addrs=128.83.144.8-45931>
...
006 (382856.000.000) 05/07 20:36:18 Image size of job updated: 1
	2  -  MemoryUsage of job (MB)
	1636  -  ResidentSetSize of job (KB)
...
006 (382856.000.000) 05/07 20:41:19 Image size of job updated: 939312
	113  -  MemoryUsage of job (MB)
	115520  -  ResidentSetSize of job (KB)
...
006 (382856.000.000) 05/07 20:46:19 Image size of job updated: 939312
	119  -  MemoryUsage of job (MB)
	121772  -  ResidentSetSize of job (KB)
...
006 (382856.000.000) 05/07 20:50:55 Image size of job updated: 942808
	119  -  MemoryUsage of job (MB)
	121772  -  ResidentSetSize of job (KB)
...
005 (382856.000.000) 05/07 20:50:55 Job terminated.
	(1) Normal termination (return value 0)
		Usr 0 00:14:15, Sys 0 00:00:05  -  Run Remote Usage
		Usr 0 00:00:00, Sys 0 00:00:00  -  Run Local Usage
		Usr 0 00:14:15, Sys 0 00:00:05  -  Total Remote Usage
		Usr 0 00:00:00, Sys 0 00:00:00  -  Total Local Usage
	0  -  Run Bytes Sent By Job
	0  -  Run Bytes Received By Job
	0  -  Total Bytes Sent By Job
	0  -  Total Bytes Received By Job
	Partitionable Resources :    Usage  Request Allocated
	   Cpus                 :                 1         1
	   Disk (KB)            :        1        1   2250170
	   Gpus                 :                           0
	   Memory (MB)          :      119        1      4028
...
000 (384098.000.000) 05/08 05:52:58 Job submitted from host: <128.83.144.155:57685?addrs=128.83.144.155-57685>
...
001 (384098.000.000) 05/08 06:14:02 Job executing on host: <128.83.144.67:51100?addrs=128.83.144.67-51100>
...
006 (384098.000.000) 05/08 06:14:10 Image size of job updated: 1
	2  -  MemoryUsage of job (MB)
	1628  -  ResidentSetSize of job (KB)
...
006 (384098.000.000) 05/08 06:19:10 Image size of job updated: 939312
	103  -  MemoryUsage of job (MB)
	105180  -  ResidentSetSize of job (KB)
...
006 (384098.000.000) 05/08 06:24:10 Image size of job updated: 939312
	109  -  MemoryUsage of job (MB)
	111592  -  ResidentSetSize of job (KB)
...
006 (384098.000.000) 05/08 06:29:11 Image size of job updated: 942808
	121  -  MemoryUsage of job (MB)
	123568  -  ResidentSetSize of job (KB)
...
005 (384098.000.000) 05/08 06:29:12 Job terminated.
	(1) Normal termination (return value 0)
		Usr 0 00:14:44, Sys 0 00:00:05  -  Run Remote Usage
		Usr 0 00:00:00, Sys 0 00:00:00  -  Run Local Usage
		Usr 0 00:14:44, Sys 0 00:00:05  -  Total Remote Usage
		Usr 0 00:00:00, Sys 0 00:00:00  -  Total Local Usage
	0  -  Run Bytes Sent By Job
	0  -  Run Bytes Received By Job
	0  -  Total Bytes Sent By Job
	0  -  Total Bytes Received By Job
	Partitionable Resources :    Usage  Request Allocated
	   Cpus                 :                 1         1
	   Disk (KB)            :        1        1   3253730
	   Gpus                 :                           0
	   Memory (MB)          :      121        1      4028
...
000 (417491.000.000) 05/09 03:37:23 Job submitted from host: <128.83.144.154:52346?addrs=128.83.144.154-52346>
...
001 (417491.000.000) 05/09 03:57:21 Job executing on host: <128.83.139.146:44201?addrs=128.83.139.146-44201>
...
006 (417491.000.000) 05/09 03:57:30 Image size of job updated: 935964
	80  -  MemoryUsage of job (MB)
	81896  -  ResidentSetSize of job (KB)
...
006 (417491.000.000) 05/09 04:02:31 Image size of job updated: 939264
	113  -  MemoryUsage of job (MB)
	115284  -  ResidentSetSize of job (KB)
...
006 (417491.000.000) 05/09 04:06:56 Image size of job updated: 942724
	113  -  MemoryUsage of job (MB)
	115284  -  ResidentSetSize of job (KB)
...
005 (417491.000.000) 05/09 04:06:56 Job terminated.
	(1) Normal termination (return value 0)
		Usr 0 00:09:18, Sys 0 00:00:05  -  Run Remote Usage
		Usr 0 00:00:00, Sys 0 00:00:00  -  Run Local Usage
		Usr 0 00:09:18, Sys 0 00:00:05  -  Total Remote Usage
		Usr 0 00:00:00, Sys 0 00:00:00  -  Total Local Usage
	0  -  Run Bytes Sent By Job
	0  -  Run Bytes Received By Job
	0  -  Total Bytes Sent By Job
	0  -  Total Bytes Received By Job
	Partitionable Resources :    Usage  Request Allocated
	   Cpus                 :                 1         1
	   Disk (KB)            :        2        2   7541865
	   Gpus                 :                           0
	   Memory (MB)          :      113        1      4027
...
