000 (516124.000.000) 05/05 17:13:23 Job submitted from host: <128.83.144.149:44250?addrs=128.83.144.149-44250>
...
009 (516124.000.000) 05/05 17:14:26 Job was aborted by the user.
	via condor_rm (by user ypei)
...
000 (516331.000.000) 05/05 17:15:07 Job submitted from host: <128.83.144.149:44250?addrs=128.83.144.149-44250>
...
009 (516331.000.000) 05/05 17:18:07 Job was aborted by the user.
	via condor_rm (by user ypei)
...
000 (516538.000.000) 05/05 17:18:37 Job submitted from host: <128.83.144.149:44250?addrs=128.83.144.149-44250>
...
009 (516538.000.000) 05/05 17:21:26 Job was aborted by the user.
	via condor_rm (by user ypei)
...
000 (517159.000.000) 05/05 17:22:01 Job submitted from host: <128.83.144.149:44250?addrs=128.83.144.149-44250>
...
001 (517159.000.000) 05/05 17:40:26 Job executing on host: <128.83.120.229:58979?addrs=128.83.120.229-58979>
...
006 (517159.000.000) 05/05 17:40:35 Image size of job updated: 782412
	65  -  MemoryUsage of job (MB)
	66540  -  ResidentSetSize of job (KB)
...
006 (517159.000.000) 05/05 17:45:36 Image size of job updated: 940212
	114  -  MemoryUsage of job (MB)
	116484  -  ResidentSetSize of job (KB)
...
006 (517159.000.000) 05/05 17:50:36 Image size of job updated: 940236
	117  -  MemoryUsage of job (MB)
	119284  -  ResidentSetSize of job (KB)
...
006 (517159.000.000) 05/05 17:55:36 Image size of job updated: 940268
	123  -  MemoryUsage of job (MB)
	125640  -  ResidentSetSize of job (KB)
...
006 (517159.000.000) 05/05 17:56:41 Image size of job updated: 940272
	123  -  MemoryUsage of job (MB)
	125640  -  ResidentSetSize of job (KB)
...
005 (517159.000.000) 05/05 17:56:41 Job terminated.
	(1) Normal termination (return value 0)
		Usr 0 00:15:55, Sys 0 00:00:11  -  Run Remote Usage
		Usr 0 00:00:00, Sys 0 00:00:00  -  Run Local Usage
		Usr 0 00:15:55, Sys 0 00:00:11  -  Total Remote Usage
		Usr 0 00:00:00, Sys 0 00:00:00  -  Total Local Usage
	0  -  Run Bytes Sent By Job
	0  -  Run Bytes Received By Job
	0  -  Total Bytes Sent By Job
	0  -  Total Bytes Received By Job
	Partitionable Resources :    Usage  Request Allocated
	   Cpus                 :                 1         1
	   Disk (KB)            :        1        1    828961
	   Gpus                 :                           0
	   Memory (MB)          :      123        1     12899
...
000 (518194.000.000) 05/06 21:33:19 Job submitted from host: <128.83.144.149:44250?addrs=128.83.144.149-44250>
...
009 (518194.000.000) 05/06 21:33:43 Job was aborted by the user.
	via condor_rm (by user ypei)
...
000 (518401.000.000) 05/06 21:34:27 Job submitted from host: <128.83.144.149:44250?addrs=128.83.144.149-44250>
...
001 (518401.000.000) 05/06 21:56:16 Job executing on host: <128.83.139.14:44306?addrs=128.83.139.14-44306>
...
006 (518401.000.000) 05/06 21:56:24 Image size of job updated: 1
	2  -  MemoryUsage of job (MB)
	1668  -  ResidentSetSize of job (KB)
...
006 (518401.000.000) 05/06 22:01:24 Image size of job updated: 939988
	113  -  MemoryUsage of job (MB)
	114976  -  ResidentSetSize of job (KB)
...
006 (518401.000.000) 05/06 22:06:25 Image size of job updated: 940004
	116  -  MemoryUsage of job (MB)
	118048  -  ResidentSetSize of job (KB)
...
006 (518401.000.000) 05/06 22:11:25 Image size of job updated: 940020
	117  -  MemoryUsage of job (MB)
	119160  -  ResidentSetSize of job (KB)
...
006 (518401.000.000) 05/06 22:15:31 Image size of job updated: 940048
	117  -  MemoryUsage of job (MB)
	119160  -  ResidentSetSize of job (KB)
...
005 (518401.000.000) 05/06 22:15:32 Job terminated.
	(1) Normal termination (return value 0)
		Usr 0 00:18:52, Sys 0 00:00:20  -  Run Remote Usage
		Usr 0 00:00:00, Sys 0 00:00:00  -  Run Local Usage
		Usr 0 00:18:52, Sys 0 00:00:20  -  Total Remote Usage
		Usr 0 00:00:00, Sys 0 00:00:00  -  Total Local Usage
	0  -  Run Bytes Sent By Job
	0  -  Run Bytes Received By Job
	0  -  Total Bytes Sent By Job
	0  -  Total Bytes Received By Job
	Partitionable Resources :    Usage  Request Allocated
	   Cpus                 :                 1         1
	   Disk (KB)            :        1        1   1675522
	   Gpus                 :                           0
	   Memory (MB)          :      117        1     12899
...
000 (381969.000.000) 05/07 00:29:12 Job submitted from host: <128.83.144.155:57685?addrs=128.83.144.155-57685>
...
001 (381969.000.000) 05/07 00:49:07 Job executing on host: <128.83.144.5:44408?addrs=128.83.144.5-44408>
...
006 (381969.000.000) 05/07 00:49:15 Image size of job updated: 1
	2  -  MemoryUsage of job (MB)
	1680  -  ResidentSetSize of job (KB)
...
006 (381969.000.000) 05/07 00:54:15 Image size of job updated: 939992
	114  -  MemoryUsage of job (MB)
	116136  -  ResidentSetSize of job (KB)
...
006 (381969.000.000) 05/07 00:59:15 Image size of job updated: 940024
	117  -  MemoryUsage of job (MB)
	118916  -  ResidentSetSize of job (KB)
...
006 (381969.000.000) 05/07 01:04:16 Image size of job updated: 940048
	121  -  MemoryUsage of job (MB)
	123480  -  ResidentSetSize of job (KB)
...
006 (381969.000.000) 05/07 01:07:04 Image size of job updated: 940052
	121  -  MemoryUsage of job (MB)
	123480  -  ResidentSetSize of job (KB)
...
005 (381969.000.000) 05/07 01:07:04 Job terminated.
	(1) Normal termination (return value 0)
		Usr 0 00:17:31, Sys 0 00:00:19  -  Run Remote Usage
		Usr 0 00:00:00, Sys 0 00:00:00  -  Run Local Usage
		Usr 0 00:17:31, Sys 0 00:00:19  -  Total Remote Usage
		Usr 0 00:00:00, Sys 0 00:00:00  -  Total Local Usage
	0  -  Run Bytes Sent By Job
	0  -  Run Bytes Received By Job
	0  -  Total Bytes Sent By Job
	0  -  Total Bytes Received By Job
	Partitionable Resources :    Usage  Request Allocated
	   Cpus                 :                 1         1
	   Disk (KB)            :        1        1    790418
	   Gpus                 :                           0
	   Memory (MB)          :      121        1     12899
...
