[SNIPER] Start
Sampler: 4, 32, 0
itlb_cache: 32, 1
itlb_cache_L1: 32, 1
Sampler: 4, 128, 0
dtlb_cache: 128, 4
dtlb_cache_L1: 128, 4
L1-I 2
Sampler: 4, 4, 128
L1-I: 2048, 64
L1-I_L1: 2048, 64
L1-D 3
Sampler: 4, 8, 32
L1-D: 1024, 32
L1-D_L1: 1024, 32
L2 4
Sampler: 122, 16, 16
L2: 32768, 1024
L2_L1: 32768, 1024
Executing Python script /v/filer4b/v20q001/ypei/Desktop/cs395t-lin/output/run_all_hybrid_headroom2/soplex/7/sim.scripts.py
[STOPBYICOUNT] Starting in ROI (detail)
[STOPBYICOUNT] Then stopping after simulating at least 250000000 instructions in detail
[SNIPER] --------------------------------------------------------------------------------
[SNIPER] Sniper using SIFT/trace-driven frontend
[SNIPER] Running full application in DETAILED mode
[SNIPER] --------------------------------------------------------------------------------
[SNIPER] Enabling performance models
[SNIPER] Setting instrumentation mode to DETAILED
[STOPBYICOUNT] Ending ROI after 250000006 instructions (250000000 requested)
[SNIPER] Disabling performance models
[SNIPER] Leaving ROI after 1605.15 seconds
[SNIPER] Simulated 250.0M instructions, 357.8M cycles, 0.70 IPC
[SNIPER] Simulation speed 155.7 KIPS (155.7 KIPS / target core - 6420.6ns/instr)
[SNIPER] Setting instrumentation mode to FAST_FORWARD
[app0] [SIFT_RECORDER] sift_writer.cc:550: Sift::Mode Sift::Writer::Sync(): Assertion `!response->fail()' failed.
Hawkeye Victims: 0
LRU Victims: 0
Hawkeye Victims: 0
LRU Victims: 0
Hawkeye Victims: 0
LRU Victims: 0
a test for execution
[app0] Pin app terminated abnormally due to signal 6.

Inserted: 0
Redundant.progress: 0
Redundant.cache: 0
Redundant.buffer: 0
Hawkeye Victims: 0
LRU Victims: 0
a test for execution

Inserted: 0
Redundant.progress: 0
Redundant.cache: 0
Redundant.buffer: 0
Hawkeye Victims: 0
LRU Victims: 0
 =========================================================== 
Triggers: 9613640
Repeats: 0

Same addr: 4980002 51.8014
New addr: 1432 0.0148955

Distribution of new addresses: 
Stream Head: 1142 79.7486
Stream Divergence: 4057872 283371

Invalidation count: 4245709 296488
No Conflict count: 189593 13239.7
Same Stream count: 0 0
New Stream count: 0 0

Not found: 4624051
On Chip Mispredictions: 0
 =========================================================== 
Distribution of predictions: 
Predict Init: 9233866 96.0496
Total Predictions: 9180666
Predict OCI Miss: 20453 0.2215
Predict Stream End: 53200 0.57614
Buffer Success: 0 0
Stride Distribution: 0, 122175, 209622, 692493, 939734, 447442, 264178, 481620, 191406, 1156670, 230276, 442060, 172822, 197846, 142232, 154974, 78384, 0, 147936, 0, 87814, 0, 0, 0, 104558, 0, 0, 0, 0, 0, 68908, 0, 39468, 0, 0, 0, 60858, 0, 0, 0, 84962, 0, 0, 0, 0, 0, 0, 0, 0, 0, 0, 0, 0, 0, 0, 0, 0, 0, 0, 0, 0, 0, 0, 0, 0, 0, 33, 0, 0, 0, 0, 0, 32732304, 0, 49, 0, 15, 0, 15, 0, 0, 6644585, 1868787317, 1915577714, 1702195557, 7566451, 113, 0, 5073232, 0, 29405664, 0, 0, 0, 5073232, 0, 29964080, 0, 0, 0, 5073232, 0, 30236432, 0, 0, 0, 5165152, 0, 848104816, 11061, 0, 11061, 32730608, 0, 49, 0, 6, 0, 6, 0, 0, 0, 1919906931, 29541, 48, 0, 49, 0, 
a test for execution

Inserted: 16269759
Redundant.progress: 392205
Redundant.cache: 10604472
Redundant.buffer: 0
[SNIPER] End
[SNIPER] Elapsed time: 1671.46 seconds
