000 (15005822.000.000) 08/01 20:50:09 Job submitted from host: <128.83.130.153:51299?addrs=128.83.130.153-51299>
...
001 (15005822.000.000) 08/01 20:50:14 Job executing on host: <128.83.144.250:39986?addrs=128.83.144.250-39986>
...
006 (15005822.000.000) 08/01 20:50:22 Image size of job updated: 985808
	30  -  MemoryUsage of job (MB)
	30696  -  ResidentSetSize of job (KB)
...
006 (15005822.000.000) 08/01 20:55:22 Image size of job updated: 5664200
	732  -  MemoryUsage of job (MB)
	749544  -  ResidentSetSize of job (KB)
...
010 (15005822.000.000) 08/01 20:55:24 Job was suspended.
	Number of processes actually suspended: 23
...
006 (15005822.000.000) 08/01 20:55:24 Image size of job updated: 5664200
	737  -  MemoryUsage of job (MB)
	754604  -  ResidentSetSize of job (KB)
...
011 (15005822.000.000) 08/01 21:05:26 Job was unsuspended.
...
004 (15005822.000.000) 08/01 21:05:26 Job was evicted.
	(0) Job was not checkpointed.
		Usr 0 00:04:24, Sys 0 00:00:05  -  Run Remote Usage
		Usr 0 00:00:00, Sys 0 00:00:00  -  Run Local Usage
	0  -  Run Bytes Sent By Job
	0  -  Run Bytes Received By Job
	Partitionable Resources :    Usage  Request Allocated
	   Cpus                 :                 1         1
	   Disk (KB)            :        1        1    749976
	   Gpus                 :                           0
	   Memory (MB)          :      737        1      4021
...
001 (15005822.000.000) 08/01 21:06:38 Job executing on host: <128.83.130.103:46771?addrs=128.83.130.103-46771>
...
006 (15005822.000.000) 08/01 21:16:49 Image size of job updated: 7500000
	1158  -  MemoryUsage of job (MB)
	1185688  -  ResidentSetSize of job (KB)
...
006 (15005822.000.000) 08/01 21:21:49 Image size of job updated: 7500000
	1403  -  MemoryUsage of job (MB)
	1436484  -  ResidentSetSize of job (KB)
...
005 (15005822.000.000) 08/01 21:25:48 Job terminated.
	(1) Normal termination (return value 0)
		Usr 0 00:24:40, Sys 0 00:00:44  -  Run Remote Usage
		Usr 0 00:00:00, Sys 0 00:00:00  -  Run Local Usage
		Usr 0 00:24:40, Sys 0 00:00:44  -  Total Remote Usage
		Usr 0 00:00:00, Sys 0 00:00:00  -  Total Local Usage
	0  -  Run Bytes Sent By Job
	0  -  Run Bytes Received By Job
	0  -  Total Bytes Sent By Job
	0  -  Total Bytes Received By Job
	Partitionable Resources :    Usage  Request Allocated
	   Cpus                 :                 1         1
	   Disk (KB)            :        1        1    749979
	   Gpus                 :                           0
	   Memory (MB)          :     1403      977      4021
...
