000 (15005700.000.000) 08/01 19:38:47 Job submitted from host: <128.83.130.153:51299?addrs=128.83.130.153-51299>
...
001 (15005700.000.000) 08/01 19:39:11 Job executing on host: <128.83.120.75:36144?addrs=128.83.120.75-36144>
...
006 (15005700.000.000) 08/01 19:39:19 Image size of job updated: 4973128
	179  -  MemoryUsage of job (MB)
	182564  -  ResidentSetSize of job (KB)
...
010 (15005700.000.000) 08/01 19:41:16 Job was suspended.
	Number of processes actually suspended: 23
...
006 (15005700.000.000) 08/01 19:41:16 Image size of job updated: 5618160
	423  -  MemoryUsage of job (MB)
	432596  -  ResidentSetSize of job (KB)
...
011 (15005700.000.000) 08/01 19:51:18 Job was unsuspended.
...
004 (15005700.000.000) 08/01 19:51:19 Job was evicted.
	(0) Job was not checkpointed.
		Usr 0 00:01:19, Sys 0 00:00:01  -  Run Remote Usage
		Usr 0 00:00:00, Sys 0 00:00:00  -  Run Local Usage
	0  -  Run Bytes Sent By Job
	0  -  Run Bytes Received By Job
	Partitionable Resources :    Usage  Request Allocated
	   Cpus                 :                 1         1
	   Disk (KB)            :        1        1   8862903
	   Gpus                 :                           0
	   Memory (MB)          :      423        1      4028
...
001 (15005700.000.000) 08/01 19:52:49 Job executing on host: <128.83.130.196:35863?addrs=128.83.130.196-35863>
...
005 (15005700.000.000) 08/01 19:56:59 Job terminated.
	(1) Normal termination (return value 0)
		Usr 0 00:05:48, Sys 0 00:00:14  -  Run Remote Usage
		Usr 0 00:00:00, Sys 0 00:00:00  -  Run Local Usage
		Usr 0 00:05:48, Sys 0 00:00:14  -  Total Remote Usage
		Usr 0 00:00:00, Sys 0 00:00:00  -  Total Local Usage
	0  -  Run Bytes Sent By Job
	0  -  Run Bytes Received By Job
	0  -  Total Bytes Sent By Job
	0  -  Total Bytes Received By Job
	Partitionable Resources :    Usage  Request Allocated
	   Cpus                 :                 1         1
	   Disk (KB)            :        1        1    749980
	   Gpus                 :                           0
	   Memory (MB)          :      440      440      4021
...
