000 (516133.000.000) 05/05 17:13:23 Job submitted from host: <128.83.144.149:44250?addrs=128.83.144.149-44250>
...
009 (516133.000.000) 05/05 17:14:24 Job was aborted by the user.
	via condor_rm (by user ypei)
...
000 (516340.000.000) 05/05 17:15:08 Job submitted from host: <128.83.144.149:44250?addrs=128.83.144.149-44250>
...
009 (516340.000.000) 05/05 17:18:07 Job was aborted by the user.
	via condor_rm (by user ypei)
...
000 (516547.000.000) 05/05 17:18:38 Job submitted from host: <128.83.144.149:44250?addrs=128.83.144.149-44250>
...
009 (516547.000.000) 05/05 17:21:28 Job was aborted by the user.
	via condor_rm (by user ypei)
...
000 (517168.000.000) 05/05 17:22:02 Job submitted from host: <128.83.144.149:44250?addrs=128.83.144.149-44250>
...
001 (517168.000.000) 05/05 17:40:47 Job executing on host: <128.83.120.230:37764?addrs=128.83.120.230-37764>
...
006 (517168.000.000) 05/05 17:40:56 Image size of job updated: 341136
	22  -  MemoryUsage of job (MB)
	22120  -  ResidentSetSize of job (KB)
...
006 (517168.000.000) 05/05 17:45:57 Image size of job updated: 1214152
	198  -  MemoryUsage of job (MB)
	201844  -  ResidentSetSize of job (KB)
...
006 (517168.000.000) 05/05 17:50:57 Image size of job updated: 1218716
	240  -  MemoryUsage of job (MB)
	245628  -  ResidentSetSize of job (KB)
...
006 (517168.000.000) 05/05 17:55:02 Image size of job updated: 1218732
	240  -  MemoryUsage of job (MB)
	245628  -  ResidentSetSize of job (KB)
...
005 (517168.000.000) 05/05 17:55:02 Job terminated.
	(1) Normal termination (return value 0)
		Usr 0 00:13:52, Sys 0 00:00:11  -  Run Remote Usage
		Usr 0 00:00:00, Sys 0 00:00:00  -  Run Local Usage
		Usr 0 00:13:52, Sys 0 00:00:11  -  Total Remote Usage
		Usr 0 00:00:00, Sys 0 00:00:00  -  Total Local Usage
	0  -  Run Bytes Sent By Job
	0  -  Run Bytes Received By Job
	0  -  Total Bytes Sent By Job
	0  -  Total Bytes Received By Job
	Partitionable Resources :    Usage  Request Allocated
	   Cpus                 :                 1         1
	   Disk (KB)            :        1        1    827436
	   Gpus                 :                           0
	   Memory (MB)          :      240        1     12899
...
000 (518203.000.000) 05/06 21:33:20 Job submitted from host: <128.83.144.149:44250?addrs=128.83.144.149-44250>
...
009 (518203.000.000) 05/06 21:33:42 Job was aborted by the user.
	via condor_rm (by user ypei)
...
000 (518410.000.000) 05/06 21:34:27 Job submitted from host: <128.83.144.149:44250?addrs=128.83.144.149-44250>
...
001 (518410.000.000) 05/06 21:57:40 Job executing on host: <128.83.139.15:46714?addrs=128.83.139.15-46714>
...
006 (518410.000.000) 05/06 21:57:48 Image size of job updated: 1210732
	89  -  MemoryUsage of job (MB)
	90288  -  ResidentSetSize of job (KB)
...
006 (518410.000.000) 05/06 22:02:48 Image size of job updated: 1213864
	187  -  MemoryUsage of job (MB)
	190880  -  ResidentSetSize of job (KB)
...
006 (518410.000.000) 05/06 22:07:49 Image size of job updated: 1218340
	217  -  MemoryUsage of job (MB)
	221520  -  ResidentSetSize of job (KB)
...
006 (518410.000.000) 05/06 22:12:50 Image size of job updated: 1218496
	235  -  MemoryUsage of job (MB)
	240312  -  ResidentSetSize of job (KB)
...
006 (518410.000.000) 05/06 22:17:50 Image size of job updated: 1218504
	247  -  MemoryUsage of job (MB)
	252736  -  ResidentSetSize of job (KB)
...
005 (518410.000.000) 05/06 22:21:25 Job terminated.
	(1) Normal termination (return value 0)
		Usr 0 00:23:05, Sys 0 00:00:29  -  Run Remote Usage
		Usr 0 00:00:00, Sys 0 00:00:00  -  Run Local Usage
		Usr 0 00:23:05, Sys 0 00:00:29  -  Total Remote Usage
		Usr 0 00:00:00, Sys 0 00:00:00  -  Total Local Usage
	0  -  Run Bytes Sent By Job
	0  -  Run Bytes Received By Job
	0  -  Total Bytes Sent By Job
	0  -  Total Bytes Received By Job
	Partitionable Resources :    Usage  Request Allocated
	   Cpus                 :                 1         1
	   Disk (KB)            :        1        1   1672476
	   Gpus                 :                           0
	   Memory (MB)          :      247        1     12899
...
000 (381978.000.000) 05/07 00:29:13 Job submitted from host: <128.83.144.155:57685?addrs=128.83.144.155-57685>
...
001 (381978.000.000) 05/07 00:49:26 Job executing on host: <128.83.120.231:41298?addrs=128.83.120.231-41298>
...
006 (381978.000.000) 05/07 00:49:34 Image size of job updated: 1210736
	93  -  MemoryUsage of job (MB)
	94400  -  ResidentSetSize of job (KB)
...
006 (381978.000.000) 05/07 00:54:34 Image size of job updated: 1213932
	192  -  MemoryUsage of job (MB)
	196260  -  ResidentSetSize of job (KB)
...
006 (381978.000.000) 05/07 00:59:35 Image size of job updated: 1218488
	228  -  MemoryUsage of job (MB)
	233096  -  ResidentSetSize of job (KB)
...
006 (381978.000.000) 05/07 01:04:36 Image size of job updated: 1218504
	245  -  MemoryUsage of job (MB)
	250384  -  ResidentSetSize of job (KB)
...
005 (381978.000.000) 05/07 01:07:56 Job terminated.
	(1) Normal termination (return value 0)
		Usr 0 00:17:51, Sys 0 00:00:20  -  Run Remote Usage
		Usr 0 00:00:00, Sys 0 00:00:00  -  Run Local Usage
		Usr 0 00:17:51, Sys 0 00:00:20  -  Total Remote Usage
		Usr 0 00:00:00, Sys 0 00:00:00  -  Total Local Usage
	0  -  Run Bytes Sent By Job
	0  -  Run Bytes Received By Job
	0  -  Total Bytes Sent By Job
	0  -  Total Bytes Received By Job
	Partitionable Resources :    Usage  Request Allocated
	   Cpus                 :                 1         1
	   Disk (KB)            :        1        1    789370
	   Gpus                 :                           0
	   Memory (MB)          :      245        1     12899
...
