000 (15005764.000.000) 08/01 20:50:05 Job submitted from host: <128.83.130.153:51299?addrs=128.83.130.153-51299>
...
001 (15005764.000.000) 08/01 20:50:12 Job executing on host: <128.83.120.75:36144?addrs=128.83.120.75-36144>
...
006 (15005764.000.000) 08/01 20:50:21 Image size of job updated: 5289244
	185  -  MemoryUsage of job (MB)
	188664  -  ResidentSetSize of job (KB)
...
006 (15005764.000.000) 08/01 20:55:22 Image size of job updated: 5999972
	638  -  MemoryUsage of job (MB)
	652856  -  ResidentSetSize of job (KB)
...
006 (15005764.000.000) 08/01 21:00:22 Image size of job updated: 6066068
	864  -  MemoryUsage of job (MB)
	884020  -  ResidentSetSize of job (KB)
...
006 (15005764.000.000) 08/01 21:05:22 Image size of job updated: 6264220
	1053  -  MemoryUsage of job (MB)
	1077576  -  ResidentSetSize of job (KB)
...
006 (15005764.000.000) 08/01 21:10:23 Image size of job updated: 6463476
	1264  -  MemoryUsage of job (MB)
	1293492  -  ResidentSetSize of job (KB)
...
006 (15005764.000.000) 08/01 21:15:24 Image size of job updated: 6594548
	1457  -  MemoryUsage of job (MB)
	1491144  -  ResidentSetSize of job (KB)
...
006 (15005764.000.000) 08/01 21:20:24 Image size of job updated: 6725620
	1653  -  MemoryUsage of job (MB)
	1691864  -  ResidentSetSize of job (KB)
...
006 (15005764.000.000) 08/01 21:25:25 Image size of job updated: 6856692
	1849  -  MemoryUsage of job (MB)
	1892824  -  ResidentSetSize of job (KB)
...
006 (15005764.000.000) 08/01 21:30:26 Image size of job updated: 7053300
	2050  -  MemoryUsage of job (MB)
	2098452  -  ResidentSetSize of job (KB)
...
006 (15005764.000.000) 08/01 21:35:26 Image size of job updated: 7185036
	2280  -  MemoryUsage of job (MB)
	2334420  -  ResidentSetSize of job (KB)
...
006 (15005764.000.000) 08/01 21:39:30 Image size of job updated: 7254996
	2280  -  MemoryUsage of job (MB)
	2334420  -  ResidentSetSize of job (KB)
...
005 (15005764.000.000) 08/01 21:39:30 Job terminated.
	(1) Normal termination (return value 0)
		Usr 0 00:47:53, Sys 0 00:00:49  -  Run Remote Usage
		Usr 0 00:00:00, Sys 0 00:00:00  -  Run Local Usage
		Usr 0 00:47:53, Sys 0 00:00:49  -  Total Remote Usage
		Usr 0 00:00:00, Sys 0 00:00:00  -  Total Local Usage
	0  -  Run Bytes Sent By Job
	0  -  Run Bytes Received By Job
	0  -  Total Bytes Sent By Job
	0  -  Total Bytes Received By Job
	Partitionable Resources :    Usage  Request Allocated
	   Cpus                 :                 1         1
	   Disk (KB)            :        1        1   8862903
	   Gpus                 :                           0
	   Memory (MB)          :     2280        1      4028
...
