000 (15005763.000.000) 08/01 20:50:04 Job submitted from host: <128.83.130.153:51299?addrs=128.83.130.153-51299>
...
001 (15005763.000.000) 08/01 20:50:12 Job executing on host: <128.83.120.75:36144?addrs=128.83.120.75-36144>
...
006 (15005763.000.000) 08/01 20:50:21 Image size of job updated: 3787252
	183  -  MemoryUsage of job (MB)
	186624  -  ResidentSetSize of job (KB)
...
006 (15005763.000.000) 08/01 20:55:22 Image size of job updated: 4505296
	546  -  MemoryUsage of job (MB)
	558680  -  ResidentSetSize of job (KB)
...
006 (15005763.000.000) 08/01 21:00:22 Image size of job updated: 4571212
	576  -  MemoryUsage of job (MB)
	589508  -  ResidentSetSize of job (KB)
...
006 (15005763.000.000) 08/01 21:05:22 Image size of job updated: 4572116
	613  -  MemoryUsage of job (MB)
	627488  -  ResidentSetSize of job (KB)
...
006 (15005763.000.000) 08/01 21:10:23 Image size of job updated: 4572132
	614  -  MemoryUsage of job (MB)
	628028  -  ResidentSetSize of job (KB)
...
006 (15005763.000.000) 08/01 21:15:24 Image size of job updated: 4639288
	662  -  MemoryUsage of job (MB)
	677868  -  ResidentSetSize of job (KB)
...
006 (15005763.000.000) 08/01 21:20:24 Image size of job updated: 4641328
	696  -  MemoryUsage of job (MB)
	712016  -  ResidentSetSize of job (KB)
...
005 (15005763.000.000) 08/01 21:23:23 Job terminated.
	(1) Normal termination (return value 0)
		Usr 0 00:32:22, Sys 0 00:00:24  -  Run Remote Usage
		Usr 0 00:00:00, Sys 0 00:00:00  -  Run Local Usage
		Usr 0 00:32:22, Sys 0 00:00:24  -  Total Remote Usage
		Usr 0 00:00:00, Sys 0 00:00:00  -  Total Local Usage
	0  -  Run Bytes Sent By Job
	0  -  Run Bytes Received By Job
	0  -  Total Bytes Sent By Job
	0  -  Total Bytes Received By Job
	Partitionable Resources :    Usage  Request Allocated
	   Cpus                 :                 1         1
	   Disk (KB)            :        1        1   8862904
	   Gpus                 :                           0
	   Memory (MB)          :      696        1      4028
...
