[SNIPER] Start
Sampler: 4, 32, 0
itlb_cache: 32, 1
itlb_cache_L1: 32, 1
Sampler: 4, 128, 0
dtlb_cache: 128, 4
dtlb_cache_L1: 128, 4
L1-I 2
Sampler: 4, 4, 128
L1-I: 2048, 64
L1-I_L1: 2048, 64
L1-D 3
Sampler: 4, 8, 32
L1-D: 1024, 32
L1-D_L1: 1024, 32
L2 4
Sampler: 122, 16, 16
L2: 32768, 1024
L2_L1: 32768, 1024
Executing Python script /v/filer4b/v20q001/ypei/Desktop/cs395t-lin/output/run_all_hybrid_headroom2/mcf/6/sim.scripts.py
[STOPBYICOUNT] Starting in ROI (detail)
[STOPBYICOUNT] Then stopping after simulating at least 250000000 instructions in detail
[SNIPER] --------------------------------------------------------------------------------
[SNIPER] Sniper using SIFT/trace-driven frontend
[SNIPER] Running full application in DETAILED mode
[SNIPER] --------------------------------------------------------------------------------
[SNIPER] Enabling performance models
[SNIPER] Setting instrumentation mode to DETAILED
[STOPBYICOUNT] Ending ROI after 250000007 instructions (250000000 requested)
[SNIPER] Disabling performance models
[SNIPER] Leaving ROI after 2342.72 seconds
[SNIPER] Simulated 250.0M instructions, 650.6M cycles, 0.38 IPC
[SNIPER] Simulation speed 106.7 KIPS (106.7 KIPS / target core - 9370.9ns/instr)
[SNIPER] Setting instrumentation mode to FAST_FORWARD
[app0] [SIFT_RECORDER] sift_writer.cc:550: Sift::Mode Sift::Writer::Sync(): Assertion `!response->fail()' failed.
Hawkeye Victims: 0
LRU Victims: 0
Hawkeye Victims: 0
LRU Victims: 0
Hawkeye Victims: 0
LRU Victims: 0
a test for execution

Inserted: 0
Redundant.progress: 0
Redundant.cache: 0
Redundant.buffer: 0
Hawkeye Victims: 0
LRU Victims: 0
a test for execution

Inserted: 0
Redundant.progress: 0
Redundant.cache: 0
Redundant.buffer: 0
Hawkeye Victims: 0
LRU Victims: 0
 =========================================================== 
Triggers: 26602585
Repeats: 0

Same addr: 7593211 28.5431
New addr: 10146 0.0381392

Distribution of new addresses: 
Stream Head: 10096 99.5072
Stream Divergence: 16270325 160362

Invalidation count: 16329085 160941
No Conflict count: 59221 583.688
Same Stream count: 0 0
New Stream count: 0 0

Not found: 18939351
On Chip Mispredictions: 0
 =========================================================== 
Distribution of predictions: 
Predict Init: 23982173 90.1498
Total Predictions: 23821226
Predict OCI Miss: 61505 0.256461
Predict Stream End: 160947 0.671111
Buffer Success: 0 0
[app0] Pin app terminated abnormally due to signal 6.
Stride Distribution: 0, 12963585, 694600, 386400, 312800, 285200, 308200, 262200, 326600, 280600, 372600, 266800, 220800, 262200, 147200, 174800, 216200, 0, 211600, 0, 202400, 0, 0, 0, 202400, 0, 0, 0, 0, 0, 216200, 0, 216200, 0, 0, 0, 184000, 0, 0, 0, 78200, 0, 0, 0, 0, 0, 0, 0, 0, 0, 0, 0, 0, 0, 0, 0, 0, 0, 0, 0, 0, 0, 0, 0, 0, 0, 33, 0, 0, 0, 0, 0, 23712832, 0, 49, 0, 15, 0, 15, 0, 0, 6644585, 1868787317, 1915577714, 1702195557, 7566451, 113, 0, 5073232, 0, 20386192, 0, 0, 0, 5073232, 0, 20944608, 0, 0, 0, 5073232, 0, 21216960, 0, 0, 0, 5165152, 0, 1746029936, 11093, 0, 11093, 23711136, 0, 49, 0, 6, 0, 6, 0, 0, 0, 1919906931, 29541, 48, 0, 49, 0, 
a test for execution

Inserted: 26177714
Redundant.progress: 187710
Redundant.cache: 18295464
Redundant.buffer: 0
[SNIPER] End
[SNIPER] Elapsed time: 2418.44 seconds
