000 (15005580.000.000) 08/01 18:26:30 Job submitted from host: <128.83.130.153:51299?addrs=128.83.130.153-51299>
...
001 (15005580.000.000) 08/01 18:26:35 Job executing on host: <128.83.130.203:52232?addrs=128.83.130.203-52232>
...
006 (15005580.000.000) 08/01 18:26:35 Image size of job updated: 1
	0  -  MemoryUsage of job (MB)
	0  -  ResidentSetSize of job (KB)
...
005 (15005580.000.000) 08/01 18:26:35 Job terminated.
	(1) Normal termination (return value 126)
		Usr 0 00:00:00, Sys 0 00:00:00  -  Run Remote Usage
		Usr 0 00:00:00, Sys 0 00:00:00  -  Run Local Usage
		Usr 0 00:00:00, Sys 0 00:00:00  -  Total Remote Usage
		Usr 0 00:00:00, Sys 0 00:00:00  -  Total Local Usage
	0  -  Run Bytes Sent By Job
	0  -  Run Bytes Received By Job
	0  -  Total Bytes Sent By Job
	0  -  Total Bytes Received By Job
	Partitionable Resources :    Usage  Request Allocated
	   Cpus                 :                 1         1
	   Disk (KB)            :        1        1    749983
	   Gpus                 :                           0
	   Memory (MB)          :        0        1      4021
...
000 (15005655.000.000) 08/01 18:32:05 Job submitted from host: <128.83.130.153:51299?addrs=128.83.130.153-51299>
...
001 (15005655.000.000) 08/01 18:32:31 Job executing on host: <128.83.130.203:52232?addrs=128.83.130.203-52232>
...
006 (15005655.000.000) 08/01 18:32:39 Image size of job updated: 52036
	10  -  MemoryUsage of job (MB)
	10120  -  ResidentSetSize of job (KB)
...
006 (15005655.000.000) 08/01 18:37:39 Image size of job updated: 5057860
	611  -  MemoryUsage of job (MB)
	624952  -  ResidentSetSize of job (KB)
...
006 (15005655.000.000) 08/01 18:42:39 Image size of job updated: 5062156
	658  -  MemoryUsage of job (MB)
	673136  -  ResidentSetSize of job (KB)
...
006 (15005655.000.000) 08/01 18:47:40 Image size of job updated: 5062156
	665  -  MemoryUsage of job (MB)
	680140  -  ResidentSetSize of job (KB)
...
006 (15005655.000.000) 08/01 18:52:40 Image size of job updated: 5129376
	730  -  MemoryUsage of job (MB)
	746696  -  ResidentSetSize of job (KB)
...
006 (15005655.000.000) 08/01 18:57:40 Image size of job updated: 5129376
	749  -  MemoryUsage of job (MB)
	766812  -  ResidentSetSize of job (KB)
...
005 (15005655.000.000) 08/01 18:57:50 Job terminated.
	(1) Normal termination (return value 0)
		Usr 0 00:24:14, Sys 0 00:00:08  -  Run Remote Usage
		Usr 0 00:00:00, Sys 0 00:00:00  -  Run Local Usage
		Usr 0 00:24:14, Sys 0 00:00:08  -  Total Remote Usage
		Usr 0 00:00:00, Sys 0 00:00:00  -  Total Local Usage
	0  -  Run Bytes Sent By Job
	0  -  Run Bytes Received By Job
	0  -  Total Bytes Sent By Job
	0  -  Total Bytes Received By Job
	Partitionable Resources :    Usage  Request Allocated
	   Cpus                 :                 1         1
	   Disk (KB)            :        1        1    749983
	   Gpus                 :                           0
	   Memory (MB)          :      749        1      4021
...
