000 (516111.000.000) 05/05 17:13:21 Job submitted from host: <128.83.144.149:44250?addrs=128.83.144.149-44250>
...
009 (516111.000.000) 05/05 17:14:24 Job was aborted by the user.
	via condor_rm (by user ypei)
...
000 (516318.000.000) 05/05 17:15:06 Job submitted from host: <128.83.144.149:44250?addrs=128.83.144.149-44250>
...
009 (516318.000.000) 05/05 17:18:08 Job was aborted by the user.
	via condor_rm (by user ypei)
...
000 (516525.000.000) 05/05 17:18:36 Job submitted from host: <128.83.144.149:44250?addrs=128.83.144.149-44250>
...
009 (516525.000.000) 05/05 17:21:19 Job was aborted by the user.
	via condor_rm (by user ypei)
...
000 (517146.000.000) 05/05 17:22:00 Job submitted from host: <128.83.144.149:44250?addrs=128.83.144.149-44250>
...
001 (517146.000.000) 05/05 17:38:34 Job executing on host: <128.83.144.96:35052?addrs=128.83.144.96-35052>
...
006 (517146.000.000) 05/05 17:38:42 Image size of job updated: 341132
	22  -  MemoryUsage of job (MB)
	22032  -  ResidentSetSize of job (KB)
...
006 (517146.000.000) 05/05 17:43:42 Image size of job updated: 936112
	128  -  MemoryUsage of job (MB)
	130744  -  ResidentSetSize of job (KB)
...
006 (517146.000.000) 05/05 17:48:42 Image size of job updated: 936264
	151  -  MemoryUsage of job (MB)
	154624  -  ResidentSetSize of job (KB)
...
006 (517146.000.000) 05/05 17:51:26 Image size of job updated: 936360
	151  -  MemoryUsage of job (MB)
	154624  -  ResidentSetSize of job (KB)
...
005 (517146.000.000) 05/05 17:51:26 Job terminated.
	(1) Normal termination (return value 0)
		Usr 0 00:12:35, Sys 0 00:00:05  -  Run Remote Usage
		Usr 0 00:00:00, Sys 0 00:00:00  -  Run Local Usage
		Usr 0 00:12:35, Sys 0 00:00:05  -  Total Remote Usage
		Usr 0 00:00:00, Sys 0 00:00:00  -  Total Local Usage
	0  -  Run Bytes Sent By Job
	0  -  Run Bytes Received By Job
	0  -  Total Bytes Sent By Job
	0  -  Total Bytes Received By Job
	Partitionable Resources :    Usage  Request Allocated
	   Cpus                 :                 1         1
	   Disk (KB)            :        1        1   2234941
	   Gpus                 :                           0
	   Memory (MB)          :      151        1      4028
...
000 (382577.000.000) 05/07 03:40:02 Job submitted from host: <128.83.144.155:57685?addrs=128.83.144.155-57685>
...
001 (382577.000.000) 05/07 04:24:02 Job executing on host: <128.83.139.9:47643?addrs=128.83.139.9-47643>
...
006 (382577.000.000) 05/07 04:24:11 Image size of job updated: 933860
	83  -  MemoryUsage of job (MB)
	84428  -  ResidentSetSize of job (KB)
...
006 (382577.000.000) 05/07 04:29:12 Image size of job updated: 936152
	126  -  MemoryUsage of job (MB)
	128308  -  ResidentSetSize of job (KB)
...
006 (382577.000.000) 05/07 04:34:13 Image size of job updated: 936260
	128  -  MemoryUsage of job (MB)
	130364  -  ResidentSetSize of job (KB)
...
006 (382577.000.000) 05/07 04:39:13 Image size of job updated: 936300
	142  -  MemoryUsage of job (MB)
	144484  -  ResidentSetSize of job (KB)
...
006 (382577.000.000) 05/07 04:43:17 Image size of job updated: 936396
	142  -  MemoryUsage of job (MB)
	144484  -  ResidentSetSize of job (KB)
...
005 (382577.000.000) 05/07 04:43:17 Job terminated.
	(1) Normal termination (return value 0)
		Usr 0 00:18:39, Sys 0 00:00:20  -  Run Remote Usage
		Usr 0 00:00:00, Sys 0 00:00:00  -  Run Local Usage
		Usr 0 00:18:39, Sys 0 00:00:20  -  Total Remote Usage
		Usr 0 00:00:00, Sys 0 00:00:00  -  Total Local Usage
	0  -  Run Bytes Sent By Job
	0  -  Run Bytes Received By Job
	0  -  Total Bytes Sent By Job
	0  -  Total Bytes Received By Job
	Partitionable Resources :    Usage  Request Allocated
	   Cpus                 :                 1         1
	   Disk (KB)            :        1        1   1678556
	   Gpus                 :                           0
	   Memory (MB)          :      142        1     12899
...
000 (518595.000.000) 05/07 13:18:27 Job submitted from host: <128.83.144.149:44250?addrs=128.83.144.149-44250>
...
009 (518595.000.000) 05/07 13:23:36 Job was aborted by the user.
	via condor_rm (by user ypei)
...
000 (518802.000.000) 05/07 13:24:01 Job submitted from host: <128.83.144.149:44250?addrs=128.83.144.149-44250>
...
001 (518802.000.000) 05/07 13:39:40 Job executing on host: <128.83.144.147:58788?addrs=128.83.144.147-58788>
...
006 (518802.000.000) 05/07 13:39:48 Image size of job updated: 933876
	85  -  MemoryUsage of job (MB)
	86104  -  ResidentSetSize of job (KB)
...
006 (518802.000.000) 05/07 13:44:48 Image size of job updated: 936504
	128  -  MemoryUsage of job (MB)
	131016  -  ResidentSetSize of job (KB)
...
006 (518802.000.000) 05/07 13:49:49 Image size of job updated: 936648
	143  -  MemoryUsage of job (MB)
	146336  -  ResidentSetSize of job (KB)
...
006 (518802.000.000) 05/07 13:53:32 Image size of job updated: 936752
	143  -  MemoryUsage of job (MB)
	146336  -  ResidentSetSize of job (KB)
...
005 (518802.000.000) 05/07 13:53:32 Job terminated.
	(1) Normal termination (return value 0)
		Usr 0 00:13:34, Sys 0 00:00:06  -  Run Remote Usage
		Usr 0 00:00:00, Sys 0 00:00:00  -  Run Local Usage
		Usr 0 00:13:34, Sys 0 00:00:06  -  Total Remote Usage
		Usr 0 00:00:00, Sys 0 00:00:00  -  Total Local Usage
	0  -  Run Bytes Sent By Job
	0  -  Run Bytes Received By Job
	0  -  Total Bytes Sent By Job
	0  -  Total Bytes Received By Job
	Partitionable Resources :    Usage  Request Allocated
	   Cpus                 :                 1         1
	   Disk (KB)            :        1        1   1862075
	   Gpus                 :                           0
	   Memory (MB)          :      143        1     21164
...
000 (519216.000.000) 05/07 14:36:42 Job submitted from host: <128.83.144.149:44250?addrs=128.83.144.149-44250>
...
001 (519216.000.000) 05/07 14:52:08 Job executing on host: <128.83.144.147:58788?addrs=128.83.144.147-58788>
...
006 (519216.000.000) 05/07 14:52:16 Image size of job updated: 767880
	61  -  MemoryUsage of job (MB)
	62420  -  ResidentSetSize of job (KB)
...
006 (519216.000.000) 05/07 14:57:16 Image size of job updated: 936504
	125  -  MemoryUsage of job (MB)
	127524  -  ResidentSetSize of job (KB)
...
006 (519216.000.000) 05/07 15:02:17 Image size of job updated: 936656
	140  -  MemoryUsage of job (MB)
	142884  -  ResidentSetSize of job (KB)
...
006 (519216.000.000) 05/07 15:05:28 Image size of job updated: 936752
	140  -  MemoryUsage of job (MB)
	142884  -  ResidentSetSize of job (KB)
...
005 (519216.000.000) 05/07 15:05:28 Job terminated.
	(1) Normal termination (return value 0)
		Usr 0 00:13:04, Sys 0 00:00:06  -  Run Remote Usage
		Usr 0 00:00:00, Sys 0 00:00:00  -  Run Local Usage
		Usr 0 00:13:04, Sys 0 00:00:06  -  Total Remote Usage
		Usr 0 00:00:00, Sys 0 00:00:00  -  Total Local Usage
	0  -  Run Bytes Sent By Job
	0  -  Run Bytes Received By Job
	0  -  Total Bytes Sent By Job
	0  -  Total Bytes Received By Job
	Partitionable Resources :    Usage  Request Allocated
	   Cpus                 :                 1         1
	   Disk (KB)            :        1        1   1911592
	   Gpus                 :                           0
	   Memory (MB)          :      140        1     21164
...
000 (382991.000.000) 05/07 20:17:06 Job submitted from host: <128.83.144.155:57685?addrs=128.83.144.155-57685>
...
001 (382991.000.000) 05/07 20:54:18 Job executing on host: <128.83.120.228:59989?addrs=128.83.120.228-59989>
...
006 (382991.000.000) 05/07 20:54:27 Image size of job updated: 767884
	62  -  MemoryUsage of job (MB)
	62540  -  ResidentSetSize of job (KB)
...
006 (382991.000.000) 05/07 20:59:28 Image size of job updated: 936148
	127  -  MemoryUsage of job (MB)
	129800  -  ResidentSetSize of job (KB)
...
006 (382991.000.000) 05/07 21:04:28 Image size of job updated: 936276
	136  -  MemoryUsage of job (MB)
	138336  -  ResidentSetSize of job (KB)
...
006 (382991.000.000) 05/07 21:09:28 Image size of job updated: 936316
	144  -  MemoryUsage of job (MB)
	146560  -  ResidentSetSize of job (KB)
...
006 (382991.000.000) 05/07 21:12:14 Image size of job updated: 936396
	144  -  MemoryUsage of job (MB)
	146560  -  ResidentSetSize of job (KB)
...
005 (382991.000.000) 05/07 21:12:14 Job terminated.
	(1) Normal termination (return value 0)
		Usr 0 00:17:04, Sys 0 00:00:29  -  Run Remote Usage
		Usr 0 00:00:00, Sys 0 00:00:00  -  Run Local Usage
		Usr 0 00:17:04, Sys 0 00:00:29  -  Total Remote Usage
		Usr 0 00:00:00, Sys 0 00:00:00  -  Total Local Usage
	0  -  Run Bytes Sent By Job
	0  -  Run Bytes Received By Job
	0  -  Total Bytes Sent By Job
	0  -  Total Bytes Received By Job
	Partitionable Resources :    Usage  Request Allocated
	   Cpus                 :                 1         1
	   Disk (KB)            :        2        2    781737
	   Gpus                 :                           0
	   Memory (MB)          :      144        1     12899
...
000 (384233.000.000) 05/08 05:53:09 Job submitted from host: <128.83.144.155:57685?addrs=128.83.144.155-57685>
...
001 (384233.000.000) 05/08 06:29:43 Job executing on host: <128.83.144.49:50113?addrs=128.83.144.49-50113>
...
006 (384233.000.000) 05/08 06:29:51 Image size of job updated: 1
	2  -  MemoryUsage of job (MB)
	1632  -  ResidentSetSize of job (KB)
...
006 (384233.000.000) 05/08 06:34:51 Image size of job updated: 936144
	121  -  MemoryUsage of job (MB)
	123808  -  ResidentSetSize of job (KB)
...
006 (384233.000.000) 05/08 06:39:51 Image size of job updated: 936296
	137  -  MemoryUsage of job (MB)
	139648  -  ResidentSetSize of job (KB)
...
006 (384233.000.000) 05/08 06:42:43 Image size of job updated: 936392
	137  -  MemoryUsage of job (MB)
	139648  -  ResidentSetSize of job (KB)
...
005 (384233.000.000) 05/08 06:42:43 Job terminated.
	(1) Normal termination (return value 0)
		Usr 0 00:12:34, Sys 0 00:00:04  -  Run Remote Usage
		Usr 0 00:00:00, Sys 0 00:00:00  -  Run Local Usage
		Usr 0 00:12:34, Sys 0 00:00:04  -  Total Remote Usage
		Usr 0 00:00:00, Sys 0 00:00:00  -  Total Local Usage
	0  -  Run Bytes Sent By Job
	0  -  Run Bytes Received By Job
	0  -  Total Bytes Sent By Job
	0  -  Total Bytes Received By Job
	Partitionable Resources :    Usage  Request Allocated
	   Cpus                 :                 1         1
	   Disk (KB)            :        1        1   2204418
	   Gpus                 :                           0
	   Memory (MB)          :      137        1      4028
...
000 (417626.000.000) 05/09 03:37:34 Job submitted from host: <128.83.144.154:52346?addrs=128.83.144.154-52346>
...
001 (417626.000.000) 05/09 04:12:38 Job executing on host: <128.83.144.84:60326?addrs=128.83.144.84-60326>
...
006 (417626.000.000) 05/09 04:12:47 Image size of job updated: 2
	2  -  MemoryUsage of job (MB)
	1636  -  ResidentSetSize of job (KB)
...
006 (417626.000.000) 05/09 04:17:48 Image size of job updated: 936372
	130  -  MemoryUsage of job (MB)
	132120  -  ResidentSetSize of job (KB)
...
006 (417626.000.000) 05/09 04:22:48 Image size of job updated: 936520
	145  -  MemoryUsage of job (MB)
	147748  -  ResidentSetSize of job (KB)
...
006 (417626.000.000) 05/09 04:26:32 Image size of job updated: 936616
	145  -  MemoryUsage of job (MB)
	147748  -  ResidentSetSize of job (KB)
...
005 (417626.000.000) 05/09 04:26:32 Job terminated.
	(1) Normal termination (return value 0)
		Usr 0 00:13:36, Sys 0 00:00:09  -  Run Remote Usage
		Usr 0 00:00:00, Sys 0 00:00:00  -  Run Local Usage
		Usr 0 00:13:36, Sys 0 00:00:09  -  Total Remote Usage
		Usr 0 00:00:00, Sys 0 00:00:00  -  Total Local Usage
	0  -  Run Bytes Sent By Job
	0  -  Run Bytes Received By Job
	0  -  Total Bytes Sent By Job
	0  -  Total Bytes Received By Job
	Partitionable Resources :    Usage  Request Allocated
	   Cpus                 :                 1         1
	   Disk (KB)            :        2        2   7541873
	   Gpus                 :                           0
	   Memory (MB)          :      145        1      4027
...
