000 (515924.000.000) 05/05 17:12:18 Job submitted from host: <128.83.144.149:44250?addrs=128.83.144.149-44250>
...
001 (515924.000.000) 05/05 17:12:29 Job executing on host: <128.83.130.161:35317?addrs=128.83.130.161-35317>
...
006 (515924.000.000) 05/05 17:12:38 Image size of job updated: 795616
	54  -  MemoryUsage of job (MB)
	55284  -  ResidentSetSize of job (KB)
...
006 (515924.000.000) 05/05 17:12:50 Image size of job updated: 800752
	54  -  MemoryUsage of job (MB)
	55284  -  ResidentSetSize of job (KB)
...
004 (515924.000.000) 05/05 17:12:50 Job was evicted.
	(0) Job was not checkpointed.
		Usr 0 00:00:00, Sys 0 00:00:00  -  Run Remote Usage
		Usr 0 00:00:00, Sys 0 00:00:00  -  Run Local Usage
	0  -  Run Bytes Sent By Job
	0  -  Run Bytes Received By Job
	Partitionable Resources :    Usage  Request Allocated
	   Cpus                 :                 1         1
	   Disk (KB)            :        1        1   1888652
	   Gpus                 :                           0
	   Memory (MB)          :       54        1     21164
...
009 (515924.000.000) 05/05 17:12:51 Job was aborted by the user.
	via condor_rm (by user ypei)
...
000 (515954.000.000) 05/05 17:13:07 Job submitted from host: <128.83.144.149:44250?addrs=128.83.144.149-44250>
...
001 (515954.000.000) 05/05 17:13:32 Job executing on host: <128.83.120.250:59851?addrs=128.83.120.250-59851>
...
006 (515954.000.000) 05/05 17:13:41 Image size of job updated: 794808
	52  -  MemoryUsage of job (MB)
	52424  -  ResidentSetSize of job (KB)
...
006 (515954.000.000) 05/05 17:14:26 Image size of job updated: 795928
	52  -  MemoryUsage of job (MB)
	52732  -  ResidentSetSize of job (KB)
...
004 (515954.000.000) 05/05 17:14:26 Job was evicted.
	(0) Job was not checkpointed.
		Usr 0 00:00:00, Sys 0 00:00:00  -  Run Remote Usage
		Usr 0 00:00:00, Sys 0 00:00:00  -  Run Local Usage
	0  -  Run Bytes Sent By Job
	0  -  Run Bytes Received By Job
	Partitionable Resources :    Usage  Request Allocated
	   Cpus                 :                 1         1
	   Disk (KB)            :        1        1    815266
	   Gpus                 :                           0
	   Memory (MB)          :       52        1     12899
...
009 (515954.000.000) 05/05 17:14:27 Job was aborted by the user.
	via condor_rm (by user ypei)
...
000 (516179.000.000) 05/05 17:14:49 Job submitted from host: <128.83.144.149:44250?addrs=128.83.144.149-44250>
...
001 (516179.000.000) 05/05 17:14:59 Job executing on host: <128.83.120.250:59851?addrs=128.83.120.250-59851>
...
006 (516179.000.000) 05/05 17:15:08 Image size of job updated: 340324
	21  -  MemoryUsage of job (MB)
	21284  -  ResidentSetSize of job (KB)
...
006 (516179.000.000) 05/05 17:18:11 Image size of job updated: 968252
	93  -  MemoryUsage of job (MB)
	94620  -  ResidentSetSize of job (KB)
...
004 (516179.000.000) 05/05 17:18:11 Job was evicted.
	(0) Job was not checkpointed.
		Usr 0 00:00:56, Sys 0 00:00:01  -  Run Remote Usage
		Usr 0 00:00:00, Sys 0 00:00:00  -  Run Local Usage
	0  -  Run Bytes Sent By Job
	0  -  Run Bytes Received By Job
	Partitionable Resources :    Usage  Request Allocated
	   Cpus                 :                 1         1
	   Disk (KB)            :        1        1    815257
	   Gpus                 :                           0
	   Memory (MB)          :       93        1     12899
...
009 (516179.000.000) 05/05 17:18:11 Job was aborted by the user.
	via condor_rm (by user ypei)
...
000 (516386.000.000) 05/05 17:18:20 Job submitted from host: <128.83.144.149:44250?addrs=128.83.144.149-44250>
...
001 (516386.000.000) 05/05 17:18:29 Job executing on host: <128.83.120.250:59851?addrs=128.83.120.250-59851>
...
006 (516386.000.000) 05/05 17:18:37 Image size of job updated: 795480
	56  -  MemoryUsage of job (MB)
	57280  -  ResidentSetSize of job (KB)
...
006 (516386.000.000) 05/05 17:21:20 Image size of job updated: 968252
	56  -  MemoryUsage of job (MB)
	57280  -  ResidentSetSize of job (KB)
...
004 (516386.000.000) 05/05 17:21:20 Job was evicted.
	(0) Job was not checkpointed.
		Usr 0 00:01:18, Sys 0 00:00:01  -  Run Remote Usage
		Usr 0 00:00:00, Sys 0 00:00:00  -  Run Local Usage
	0  -  Run Bytes Sent By Job
	0  -  Run Bytes Received By Job
	Partitionable Resources :    Usage  Request Allocated
	   Cpus                 :                 1         1
	   Disk (KB)            :        1        1    812581
	   Gpus                 :                           0
	   Memory (MB)          :       56        1     12899
...
009 (516386.000.000) 05/05 17:21:20 Job was aborted by the user.
	via condor_rm (by user ypei)
...
000 (517007.000.000) 05/05 17:21:42 Job submitted from host: <128.83.144.149:44250?addrs=128.83.144.149-44250>
...
001 (517007.000.000) 05/05 17:21:53 Job executing on host: <128.83.120.230:37764?addrs=128.83.120.230-37764>
...
006 (517007.000.000) 05/05 17:22:01 Image size of job updated: 795104
	54  -  MemoryUsage of job (MB)
	54736  -  ResidentSetSize of job (KB)
...
006 (517007.000.000) 05/05 17:27:01 Image size of job updated: 968672
	101  -  MemoryUsage of job (MB)
	103208  -  ResidentSetSize of job (KB)
...
006 (517007.000.000) 05/05 17:32:02 Image size of job updated: 968724
	113  -  MemoryUsage of job (MB)
	115700  -  ResidentSetSize of job (KB)
...
006 (517007.000.000) 05/05 17:37:03 Image size of job updated: 972576
	130  -  MemoryUsage of job (MB)
	132120  -  ResidentSetSize of job (KB)
...
006 (517007.000.000) 05/05 17:41:13 Image size of job updated: 973092
	130  -  MemoryUsage of job (MB)
	132120  -  ResidentSetSize of job (KB)
...
005 (517007.000.000) 05/05 17:41:13 Job terminated.
	(1) Normal termination (return value 0)
		Usr 0 00:17:39, Sys 0 00:00:13  -  Run Remote Usage
		Usr 0 00:00:00, Sys 0 00:00:00  -  Run Local Usage
		Usr 0 00:17:39, Sys 0 00:00:13  -  Total Remote Usage
		Usr 0 00:00:00, Sys 0 00:00:00  -  Total Local Usage
	0  -  Run Bytes Sent By Job
	0  -  Run Bytes Received By Job
	0  -  Total Bytes Sent By Job
	0  -  Total Bytes Received By Job
	Partitionable Resources :    Usage  Request Allocated
	   Cpus                 :                 1         1
	   Disk (KB)            :        1        1    827436
	   Gpus                 :                           0
	   Memory (MB)          :      130        1     12899
...
000 (382438.000.000) 05/07 03:39:51 Job submitted from host: <128.83.144.155:57685?addrs=128.83.144.155-57685>
...
001 (382438.000.000) 05/07 04:02:44 Job executing on host: <128.83.139.15:46714?addrs=128.83.139.15-46714>
...
006 (382438.000.000) 05/07 04:02:53 Image size of job updated: 1
	2  -  MemoryUsage of job (MB)
	1672  -  ResidentSetSize of job (KB)
...
006 (382438.000.000) 05/07 04:07:54 Image size of job updated: 968452
	104  -  MemoryUsage of job (MB)
	105632  -  ResidentSetSize of job (KB)
...
006 (382438.000.000) 05/07 04:12:55 Image size of job updated: 968452
	112  -  MemoryUsage of job (MB)
	114384  -  ResidentSetSize of job (KB)
...
006 (382438.000.000) 05/07 04:17:55 Image size of job updated: 972612
	130  -  MemoryUsage of job (MB)
	132324  -  ResidentSetSize of job (KB)
...
006 (382438.000.000) 05/07 04:22:56 Image size of job updated: 973112
	136  -  MemoryUsage of job (MB)
	138360  -  ResidentSetSize of job (KB)
...
006 (382438.000.000) 05/07 04:23:29 Image size of job updated: 973128
	136  -  MemoryUsage of job (MB)
	138360  -  ResidentSetSize of job (KB)
...
005 (382438.000.000) 05/07 04:23:29 Job terminated.
	(1) Normal termination (return value 0)
		Usr 0 00:19:58, Sys 0 00:00:24  -  Run Remote Usage
		Usr 0 00:00:00, Sys 0 00:00:00  -  Run Local Usage
		Usr 0 00:19:58, Sys 0 00:00:24  -  Total Remote Usage
		Usr 0 00:00:00, Sys 0 00:00:00  -  Total Local Usage
	0  -  Run Bytes Sent By Job
	0  -  Run Bytes Received By Job
	0  -  Total Bytes Sent By Job
	0  -  Total Bytes Received By Job
	Partitionable Resources :    Usage  Request Allocated
	   Cpus                 :                 1         1
	   Disk (KB)            :        1        1   1672474
	   Gpus                 :                           0
	   Memory (MB)          :      136        1     12899
...
000 (518456.000.000) 05/07 13:18:15 Job submitted from host: <128.83.144.149:44250?addrs=128.83.144.149-44250>
...
001 (518456.000.000) 05/07 13:18:53 Job executing on host: <128.83.139.6:57138?addrs=128.83.139.6-57138>
...
006 (518456.000.000) 05/07 13:19:01 Image size of job updated: 795616
	54  -  MemoryUsage of job (MB)
	55236  -  ResidentSetSize of job (KB)
...
006 (518456.000.000) 05/07 13:23:39 Image size of job updated: 968448
	54  -  MemoryUsage of job (MB)
	55236  -  ResidentSetSize of job (KB)
...
004 (518456.000.000) 05/07 13:23:39 Job was evicted.
	(0) Job was not checkpointed.
		Usr 0 00:03:24, Sys 0 00:00:06  -  Run Remote Usage
		Usr 0 00:00:00, Sys 0 00:00:00  -  Run Local Usage
	0  -  Run Bytes Sent By Job
	0  -  Run Bytes Received By Job
	Partitionable Resources :    Usage  Request Allocated
	   Cpus                 :                 1         1
	   Disk (KB)            :        1        1   1661809
	   Gpus                 :                           0
	   Memory (MB)          :       54        1     12899
...
009 (518456.000.000) 05/07 13:23:41 Job was aborted by the user.
	via condor_rm (by user ypei)
...
000 (518663.000.000) 05/07 13:23:46 Job submitted from host: <128.83.144.149:44250?addrs=128.83.144.149-44250>
...
001 (518663.000.000) 05/07 13:23:54 Job executing on host: <128.83.144.55:40067?addrs=128.83.144.55-40067>
...
006 (518663.000.000) 05/07 13:24:03 Image size of job updated: 795480
	56  -  MemoryUsage of job (MB)
	57300  -  ResidentSetSize of job (KB)
...
006 (518663.000.000) 05/07 13:29:03 Image size of job updated: 968320
	98  -  MemoryUsage of job (MB)
	99356  -  ResidentSetSize of job (KB)
...
006 (518663.000.000) 05/07 13:34:03 Image size of job updated: 968320
	104  -  MemoryUsage of job (MB)
	105920  -  ResidentSetSize of job (KB)
...
006 (518663.000.000) 05/07 13:39:04 Image size of job updated: 972132
	125  -  MemoryUsage of job (MB)
	127824  -  ResidentSetSize of job (KB)
...
006 (518663.000.000) 05/07 13:44:04 Image size of job updated: 972564
	132  -  MemoryUsage of job (MB)
	134560  -  ResidentSetSize of job (KB)
...
006 (518663.000.000) 05/07 13:45:51 Image size of job updated: 972720
	132  -  MemoryUsage of job (MB)
	134560  -  ResidentSetSize of job (KB)
...
005 (518663.000.000) 05/07 13:45:51 Job terminated.
	(1) Normal termination (return value 0)
		Usr 0 00:20:23, Sys 0 00:00:19  -  Run Remote Usage
		Usr 0 00:00:00, Sys 0 00:00:00  -  Run Local Usage
		Usr 0 00:20:23, Sys 0 00:00:19  -  Total Remote Usage
		Usr 0 00:00:00, Sys 0 00:00:00  -  Total Local Usage
	0  -  Run Bytes Sent By Job
	0  -  Run Bytes Received By Job
	0  -  Total Bytes Sent By Job
	0  -  Total Bytes Received By Job
	Partitionable Resources :    Usage  Request Allocated
	   Cpus                 :                 1         1
	   Disk (KB)            :        1        1   7499962
	   Gpus                 :                           0
	   Memory (MB)          :      132        1      4027
...
000 (519077.000.000) 05/07 14:36:25 Job submitted from host: <128.83.144.149:44250?addrs=128.83.144.149-44250>
...
001 (519077.000.000) 05/07 14:36:40 Job executing on host: <128.83.144.147:58788?addrs=128.83.144.147-58788>
...
006 (519077.000.000) 05/07 14:36:48 Image size of job updated: 340324
	21  -  MemoryUsage of job (MB)
	21308  -  ResidentSetSize of job (KB)
...
006 (519077.000.000) 05/07 14:41:48 Image size of job updated: 968576
	102  -  MemoryUsage of job (MB)
	103808  -  ResidentSetSize of job (KB)
...
006 (519077.000.000) 05/07 14:46:49 Image size of job updated: 972268
	121  -  MemoryUsage of job (MB)
	123796  -  ResidentSetSize of job (KB)
...
006 (519077.000.000) 05/07 14:51:50 Image size of job updated: 972968
	131  -  MemoryUsage of job (MB)
	134064  -  ResidentSetSize of job (KB)
...
006 (519077.000.000) 05/07 14:52:18 Image size of job updated: 972976
	131  -  MemoryUsage of job (MB)
	134064  -  ResidentSetSize of job (KB)
...
005 (519077.000.000) 05/07 14:52:18 Job terminated.
	(1) Normal termination (return value 0)
		Usr 0 00:14:29, Sys 0 00:00:06  -  Run Remote Usage
		Usr 0 00:00:00, Sys 0 00:00:00  -  Run Local Usage
		Usr 0 00:14:29, Sys 0 00:00:06  -  Total Remote Usage
		Usr 0 00:00:00, Sys 0 00:00:00  -  Total Local Usage
	0  -  Run Bytes Sent By Job
	0  -  Run Bytes Received By Job
	0  -  Total Bytes Sent By Job
	0  -  Total Bytes Received By Job
	Partitionable Resources :    Usage  Request Allocated
	   Cpus                 :                 1         1
	   Disk (KB)            :        1        1   1911592
	   Gpus                 :                           0
	   Memory (MB)          :      131        1     21164
...
000 (382852.000.000) 05/07 20:16:56 Job submitted from host: <128.83.144.155:57685?addrs=128.83.144.155-57685>
...
001 (382852.000.000) 05/07 20:35:54 Job executing on host: <128.83.120.231:41298?addrs=128.83.120.231-41298>
...
006 (382852.000.000) 05/07 20:36:03 Image size of job updated: 964872
	81  -  MemoryUsage of job (MB)
	82064  -  ResidentSetSize of job (KB)
...
006 (382852.000.000) 05/07 20:41:04 Image size of job updated: 968452
	103  -  MemoryUsage of job (MB)
	105316  -  ResidentSetSize of job (KB)
...
006 (382852.000.000) 05/07 20:46:04 Image size of job updated: 968544
	117  -  MemoryUsage of job (MB)
	119512  -  ResidentSetSize of job (KB)
...
006 (382852.000.000) 05/07 20:51:04 Image size of job updated: 972356
	129  -  MemoryUsage of job (MB)
	131616  -  ResidentSetSize of job (KB)
...
006 (382852.000.000) 05/07 20:54:55 Image size of job updated: 972872
	129  -  MemoryUsage of job (MB)
	131616  -  ResidentSetSize of job (KB)
...
005 (382852.000.000) 05/07 20:54:55 Job terminated.
	(1) Normal termination (return value 0)
		Usr 0 00:18:29, Sys 0 00:00:18  -  Run Remote Usage
		Usr 0 00:00:00, Sys 0 00:00:00  -  Run Local Usage
		Usr 0 00:18:29, Sys 0 00:00:18  -  Total Remote Usage
		Usr 0 00:00:00, Sys 0 00:00:00  -  Total Local Usage
	0  -  Run Bytes Sent By Job
	0  -  Run Bytes Received By Job
	0  -  Total Bytes Sent By Job
	0  -  Total Bytes Received By Job
	Partitionable Resources :    Usage  Request Allocated
	   Cpus                 :                 1         1
	   Disk (KB)            :        1        1    786301
	   Gpus                 :                           0
	   Memory (MB)          :      129        1     12899
...
000 (384094.000.000) 05/08 05:52:58 Job submitted from host: <128.83.144.155:57685?addrs=128.83.144.155-57685>
...
001 (384094.000.000) 05/08 06:13:53 Job executing on host: <128.83.144.95:33581?addrs=128.83.144.95-33581>
...
006 (384094.000.000) 05/08 06:14:01 Image size of job updated: 967736
	84  -  MemoryUsage of job (MB)
	85072  -  ResidentSetSize of job (KB)
...
006 (384094.000.000) 05/08 06:19:01 Image size of job updated: 968452
	104  -  MemoryUsage of job (MB)
	106300  -  ResidentSetSize of job (KB)
...
006 (384094.000.000) 05/08 06:24:02 Image size of job updated: 972260
	125  -  MemoryUsage of job (MB)
	127228  -  ResidentSetSize of job (KB)
...
006 (384094.000.000) 05/08 06:29:03 Image size of job updated: 972872
	133  -  MemoryUsage of job (MB)
	135464  -  ResidentSetSize of job (KB)
...
005 (384094.000.000) 05/08 06:29:14 Job terminated.
	(1) Normal termination (return value 0)
		Usr 0 00:15:04, Sys 0 00:00:05  -  Run Remote Usage
		Usr 0 00:00:00, Sys 0 00:00:00  -  Run Local Usage
		Usr 0 00:15:04, Sys 0 00:00:05  -  Total Remote Usage
		Usr 0 00:00:00, Sys 0 00:00:00  -  Total Local Usage
	0  -  Run Bytes Sent By Job
	0  -  Run Bytes Received By Job
	0  -  Total Bytes Sent By Job
	0  -  Total Bytes Received By Job
	Partitionable Resources :    Usage  Request Allocated
	   Cpus                 :                 1         1
	   Disk (KB)            :        1        1   2204413
	   Gpus                 :                           0
	   Memory (MB)          :      133        1      4028
...
000 (417487.000.000) 05/09 03:37:23 Job submitted from host: <128.83.144.154:52346?addrs=128.83.144.154-52346>
...
001 (417487.000.000) 05/09 03:56:31 Job executing on host: <128.83.144.84:60326?addrs=128.83.144.84-60326>
...
006 (417487.000.000) 05/09 03:56:40 Image size of job updated: 2
	2  -  MemoryUsage of job (MB)
	1644  -  ResidentSetSize of job (KB)
...
006 (417487.000.000) 05/09 04:01:41 Image size of job updated: 968716
	100  -  MemoryUsage of job (MB)
	102344  -  ResidentSetSize of job (KB)
...
006 (417487.000.000) 05/09 04:06:42 Image size of job updated: 968808
	115  -  MemoryUsage of job (MB)
	116764  -  ResidentSetSize of job (KB)
...
006 (417487.000.000) 05/09 04:11:42 Image size of job updated: 972960
	129  -  MemoryUsage of job (MB)
	131992  -  ResidentSetSize of job (KB)
...
006 (417487.000.000) 05/09 04:13:55 Image size of job updated: 973116
	129  -  MemoryUsage of job (MB)
	131992  -  ResidentSetSize of job (KB)
...
005 (417487.000.000) 05/09 04:13:55 Job terminated.
	(1) Normal termination (return value 0)
		Usr 0 00:17:08, Sys 0 00:00:09  -  Run Remote Usage
		Usr 0 00:00:00, Sys 0 00:00:00  -  Run Local Usage
		Usr 0 00:17:08, Sys 0 00:00:09  -  Total Remote Usage
		Usr 0 00:00:00, Sys 0 00:00:00  -  Total Local Usage
	0  -  Run Bytes Sent By Job
	0  -  Run Bytes Received By Job
	0  -  Total Bytes Sent By Job
	0  -  Total Bytes Received By Job
	Partitionable Resources :    Usage  Request Allocated
	   Cpus                 :                 1         1
	   Disk (KB)            :        2        2   7541873
	   Gpus                 :                           0
	   Memory (MB)          :      129        1      4027
...
