000 (15005582.000.000) 08/01 18:26:30 Job submitted from host: <128.83.130.153:51299?addrs=128.83.130.153-51299>
...
001 (15005582.000.000) 08/01 18:26:36 Job executing on host: <128.83.130.203:52232?addrs=128.83.130.203-52232>
...
006 (15005582.000.000) 08/01 18:26:36 Image size of job updated: 52036
	0  -  MemoryUsage of job (MB)
	0  -  ResidentSetSize of job (KB)
...
005 (15005582.000.000) 08/01 18:26:36 Job terminated.
	(1) Normal termination (return value 126)
		Usr 0 00:00:00, Sys 0 00:00:00  -  Run Remote Usage
		Usr 0 00:00:00, Sys 0 00:00:00  -  Run Local Usage
		Usr 0 00:00:00, Sys 0 00:00:00  -  Total Remote Usage
		Usr 0 00:00:00, Sys 0 00:00:00  -  Total Local Usage
	0  -  Run Bytes Sent By Job
	0  -  Run Bytes Received By Job
	0  -  Total Bytes Sent By Job
	0  -  Total Bytes Received By Job
	Partitionable Resources :    Usage  Request Allocated
	   Cpus                 :                 1         1
	   Disk (KB)            :        1        1    749983
	   Gpus                 :                           0
	   Memory (MB)          :        0        1      4021
...
000 (15005657.000.000) 08/01 18:32:05 Job submitted from host: <128.83.130.153:51299?addrs=128.83.130.153-51299>
...
001 (15005657.000.000) 08/01 18:32:31 Job executing on host: <128.83.130.203:52232?addrs=128.83.130.203-52232>
...
006 (15005657.000.000) 08/01 18:32:39 Image size of job updated: 41476
	9  -  MemoryUsage of job (MB)
	8376  -  ResidentSetSize of job (KB)
...
006 (15005657.000.000) 08/01 18:37:39 Image size of job updated: 4449492
	596  -  MemoryUsage of job (MB)
	610180  -  ResidentSetSize of job (KB)
...
006 (15005657.000.000) 08/01 18:42:40 Image size of job updated: 4450132
	608  -  MemoryUsage of job (MB)
	621572  -  ResidentSetSize of job (KB)
...
006 (15005657.000.000) 08/01 18:47:40 Image size of job updated: 4450148
	615  -  MemoryUsage of job (MB)
	629408  -  ResidentSetSize of job (KB)
...
006 (15005657.000.000) 08/01 18:52:40 Image size of job updated: 4450192
	622  -  MemoryUsage of job (MB)
	636628  -  ResidentSetSize of job (KB)
...
005 (15005657.000.000) 08/01 18:55:38 Job terminated.
	(1) Normal termination (return value 0)
		Usr 0 00:22:00, Sys 0 00:00:07  -  Run Remote Usage
		Usr 0 00:00:00, Sys 0 00:00:00  -  Run Local Usage
		Usr 0 00:22:00, Sys 0 00:00:07  -  Total Remote Usage
		Usr 0 00:00:00, Sys 0 00:00:00  -  Total Local Usage
	0  -  Run Bytes Sent By Job
	0  -  Run Bytes Received By Job
	0  -  Total Bytes Sent By Job
	0  -  Total Bytes Received By Job
	Partitionable Resources :    Usage  Request Allocated
	   Cpus                 :                 1         1
	   Disk (KB)            :        1        1    749983
	   Gpus                 :                           0
	   Memory (MB)          :      622        1      4021
...
