[SNIPER] Start
Sampler: 4, 4, 32
stlb_cache: 512, 16
stlb_cache_L1: 512, 16
Sampler: 4, 32, 0
itlb_cache: 32, 1
itlb_cache_L1: 32, 1
Sampler: 4, 128, 0
dtlb_cache: 128, 4
dtlb_cache_L1: 128, 4
num_memory_controller = 1
L1-I 2
Sampler: 4, 4, 128
L1-I: 2048, 64
L1-I_L1: 2048, 64
Creating prefetcher object 0 0
Creating prefetcher object 1 0
Creating prefetcher object 2 0
Creating prefetcher object 3 0
L1-D 3
Sampler: 4, 8, 20
L1-D: 400, 20
L1-D_L1: 400, 20
Creating prefetcher object 0 0
Creating prefetcher object 1 0
Creating prefetcher object 2 0
Creating prefetcher object 3 0
L2 4
Sampler: 25f, 10, d
L2: 20000, 1000
L2_L1: 20000, 1000
HybridPrefetcher3 running
Creating prefetcher object 0 0x32bcf20
HybridPrefetcher3 running
Creating prefetcher object 1 0x345f850
HybridPrefetcher3 running
Creating prefetcher object 2 0x36021b0
HybridPrefetcher3 running
Creating prefetcher object 3 0x37a4b10
Sampler: 4, 4, 20
stlb_cache: 200, 10
stlb_cache_L1: 200, 10
Sampler: 4, 20, 0
itlb_cache: 20, 1
itlb_cache_L1: 20, 1
Sampler: 4, 80, 0
dtlb_cache: 80, 4
dtlb_cache_L1: 80, 4
num_memory_controller = 1
L1-I 2
Sampler: 4, 4, 80
L1-I: 800, 40
L1-I_L1: 800, 40
Creating prefetcher object 0 0
Creating prefetcher object 1 0
Creating prefetcher object 2 0
Creating prefetcher object 3 0
L1-D 3
Sampler: 4, 8, 20
L1-D: 400, 20
L1-D_L1: 400, 20
Creating prefetcher object 0 0
Creating prefetcher object 1 0
Creating prefetcher object 2 0
Creating prefetcher object 3 0
L2 4
Sampler: 4, 4, 20
stlb_cache: 200, 10
stlb_cache_L1: 200, 10
Sampler: 4, 20, 0
itlb_cache: 20, 1
itlb_cache_L1: 20, 1
Sampler: 4, 80, 0
dtlb_cache: 80, 4
dtlb_cache_L1: 80, 4
num_memory_controller = 1
L1-I 2
Sampler: 4, 4, 80
L1-I: 800, 40
L1-I_L1: 800, 40
Creating prefetcher object 0 0
Creating prefetcher object 1 0
Creating prefetcher object 2 0
Creating prefetcher object 3 0
L1-D 3
Sampler: 4, 8, 20
L1-D: 400, 20
L1-D_L1: 400, 20
Creating prefetcher object 0 0
Creating prefetcher object 1 0
Creating prefetcher object 2 0
Creating prefetcher object 3 0
L2 4
Sampler: 4, 4, 20
stlb_cache: 200, 10
stlb_cache_L1: 200, 10
Sampler: 4, 20, 0
itlb_cache: 20, 1
itlb_cache_L1: 20, 1
Sampler: 4, 80, 0
dtlb_cache: 80, 4
dtlb_cache_L1: 80, 4
num_memory_controller = 1
L1-I 2
Sampler: 4, 4, 80
L1-I: 800, 40
L1-I_L1: 800, 40
Creating prefetcher object 0 0
Creating prefetcher object 1 0
Creating prefetcher object 2 0
Creating prefetcher object 3 0
L1-D 3
Sampler: 4, 8, 20
L1-D: 400, 20
L1-D_L1: 400, 20
Creating prefetcher object 0 0
Creating prefetcher object 1 0
Creating prefetcher object 2 0
Creating prefetcher object 3 0
L2 4
[SNIPER] --------------------------------------------------------------------------------
[SNIPER] Sniper using SIFT/trace-driven frontend
[SNIPER] Running full application in DETAILED mode
[SNIPER] --------------------------------------------------------------------------------
[SNIPER] Enabling performance models
[SNIPER] Setting instrumentation mode to DETAILED
0	1
0	1
0	4
0	6
shadow_cache used up once
shadow_cache used up once
shadow_cache used up once
shadow_cache used up once
shadow_cache used up once
shadow_cache used up once
shadow_cache used up once
shadow_cache used up once
shadow_cache used up once
shadow_cache used up once
shadow_cache used up once
shadow_cache used up once
phase = 0
shadow_cache used up once
shadow_cache used up once
shadow_cache used up once
1	17417
1	105775
1	5438
1	14053
shadow_cache used up once
shadow_cache used up once
shadow_cache used up once
shadow_cache used up once
shadow_cache used up once
shadow_cache used up once
shadow_cache used up once
shadow_cache used up once
phase = 1
shadow_cache used up once
shadow_cache used up once
shadow_cache used up once
shadow_cache used up once
shadow_cache used up once
shadow_cache used up once
shadow_cache used up once
2	12434
2	102967
2	5265
2	4797
shadow_cache used up once
shadow_cache used up once
shadow_cache used up once
shadow_cache used up once
shadow_cache used up once
phase = 2
shadow_cache used up once
shadow_cache used up once
shadow_cache used up once
shadow_cache used up once
shadow_cache used up once
shadow_cache used up once
shadow_cache used up once
shadow_cache used up once
shadow_cache used up once
shadow_cache used up once
shadow_cache used up once
3	117102
3	3784
3	6208
3	4698
shadow_cache used up once
phase = 3
shadow_cache used up once
shadow_cache used up once
shadow_cache used up once
shadow_cache used up once
shadow_cache used up once
shadow_cache used up once
shadow_cache used up once
shadow_cache used up once
shadow_cache used up once
shadow_cache used up once
shadow_cache used up once
shadow_cache used up once
phase = 4
shadow_cache used up once
phase = 0
shadow_cache used up once
shadow_cache used up once
shadow_cache used up once
4	139477
4	4723
4	412
4	162
shadow_cache used up once
shadow_cache used up once
shadow_cache used up once
shadow_cache used up once
shadow_cache used up once
shadow_cache used up once
shadow_cache used up once
shadow_cache used up once
shadow_cache used up once
phase = 5
shadow_cache used up once
shadow_cache used up once
shadow_cache used up once
shadow_cache used up once
shadow_cache used up once
shadow_cache used up once
shadow_cache used up once
shadow_cache used up once
shadow_cache used up once
shadow_cache used up once
shadow_cache used up once
5	153870
5	305
5	454
5	5585
shadow_cache used up once
phase = 6
shadow_cache used up once
shadow_cache used up once
shadow_cache used up once
shadow_cache used up once
shadow_cache used up once
shadow_cache used up once
shadow_cache used up once
shadow_cache used up once
shadow_cache used up once
shadow_cache used up once
shadow_cache used up once
shadow_cache used up once
phase = 7
shadow_cache used up once
shadow_cache used up once
shadow_cache used up once
shadow_cache used up once
shadow_cache used up once
shadow_cache used up once
shadow_cache used up once
shadow_cache used up once
6	172839
6	249
6	2261
6	400
shadow_cache used up once
phase = 8
shadow_cache used up once
shadow_cache used up once
shadow_cache used up once
shadow_cache used up once
shadow_cache used up once
shadow_cache used up once
phase = 9
shadow_cache used up once
shadow_cache used up once
shadow_cache used up once
shadow_cache used up once
shadow_cache used up once
shadow_cache used up once
phase = 10
shadow_cache used up once
shadow_cache used up once
shadow_cache used up once
shadow_cache used up once
shadow_cache used up once
7	151040
shadow_cache used up once
phase = 11
shadow_cache used up once
shadow_cache used up once
7	129
shadow_cache used up once
shadow_cache used up once
shadow_cache used up once
7	83
shadow_cache used up once
phase = 12
shadow_cache used up once
shadow_cache used up once
shadow_cache used up once
shadow_cache used up once
shadow_cache used up once
8	94717
shadow_cache used up once
phase = 13
shadow_cache used up once
8	4
shadow_cache used up once
shadow_cache used up once
shadow_cache used up once
shadow_cache used up once
7	102
8	1
shadow_cache used up once
phase = 14
shadow_cache used up once
shadow_cache used up once
8	20
shadow_cache used up once
shadow_cache used up once
9	94656
shadow_cache used up once
shadow_cache used up once
phase = 15
shadow_cache used up once
shadow_cache used up once
shadow_cache used up once
shadow_cache used up once
9	9
shadow_cache used up once
shadow_cache used up once
phase = 16
shadow_cache used up once
shadow_cache used up once
shadow_cache used up once
shadow_cache used up once
a	94657
shadow_cache used up once
shadow_cache used up once
shadow_cache used up once
phase = 17
shadow_cache used up once
shadow_cache used up once
shadow_cache used up once
shadow_cache used up once
shadow_cache used up once
9	3
a	1
a	6
9	17
a	1
shadow_cache used up once
phase = 18
shadow_cache used up once
shadow_cache used up once
b	94479
shadow_cache used up once
shadow_cache used up once
b	104
shadow_cache used up once
shadow_cache used up once
shadow_cache used up once
shadow_cache used up once
shadow_cache used up once
shadow_cache used up once
shadow_cache used up once
shadow_cache used up once
phase = 19
shadow_cache used up once
shadow_cache used up once
c	94591
shadow_cache used up once
b	18
c	1
c	9
shadow_cache used up once
shadow_cache used up once
shadow_cache used up once
shadow_cache used up once
shadow_cache used up once
shadow_cache used up once
shadow_cache used up once
shadow_cache used up once
shadow_cache used up once
phase = 20
shadow_cache used up once
shadow_cache used up once
shadow_cache used up once
shadow_cache used up once
shadow_cache used up once
shadow_cache used up once
shadow_cache used up once
b	10
c	1
shadow_cache used up once
shadow_cache used up once
shadow_cache used up once
shadow_cache used up once
shadow_cache used up once
phase = 21
d	181770
shadow_cache used up once
shadow_cache used up once
shadow_cache used up once
shadow_cache used up once
d	183
shadow_cache used up once
shadow_cache used up once
shadow_cache used up once
shadow_cache used up once
shadow_cache used up once
shadow_cache used up once
shadow_cache used up once
shadow_cache used up once
phase = 22
shadow_cache used up once
shadow_cache used up once
shadow_cache used up once
shadow_cache used up once
shadow_cache used up once
shadow_cache used up once
shadow_cache used up once
shadow_cache used up once
shadow_cache used up once
shadow_cache used up once
d	15
shadow_cache used up once
e	190325
shadow_cache used up once
phase = 23
shadow_cache used up once
shadow_cache used up once
shadow_cache used up once
d	9
e	20
shadow_cache used up once
shadow_cache used up once
shadow_cache used up once
shadow_cache used up once
shadow_cache used up once
shadow_cache used up once
shadow_cache used up once
shadow_cache used up once
shadow_cache used up once
phase = 24
shadow_cache used up once
shadow_cache used up once
shadow_cache used up once
shadow_cache used up once
shadow_cache used up once
shadow_cache used up once
shadow_cache used up once
shadow_cache used up once
shadow_cache used up once
shadow_cache used up once
e	4
shadow_cache used up once
f	191294
e	1
f	3
shadow_cache used up once
phase = 25
shadow_cache used up once
shadow_cache used up once
shadow_cache used up once
f	136
shadow_cache used up once
shadow_cache used up once
shadow_cache used up once
shadow_cache used up once
shadow_cache used up once
shadow_cache used up once
shadow_cache used up once
shadow_cache used up once
shadow_cache used up once
phase = 26
shadow_cache used up once
shadow_cache used up once
shadow_cache used up once
shadow_cache used up once
shadow_cache used up once
shadow_cache used up once
shadow_cache used up once
shadow_cache used up once
shadow_cache used up once
shadow_cache used up once
f	3
shadow_cache used up once
10	199681
10	27
shadow_cache used up once
phase = 27
shadow_cache used up once
shadow_cache used up once
10	9
shadow_cache used up once
shadow_cache used up once
shadow_cache used up once
10	14
shadow_cache used up once
shadow_cache used up once
shadow_cache used up once
shadow_cache used up once
shadow_cache used up once
shadow_cache used up once
shadow_cache used up once
shadow_cache used up once
phase = 28
shadow_cache used up once
shadow_cache used up once
shadow_cache used up once
shadow_cache used up once
shadow_cache used up once
shadow_cache used up once
shadow_cache used up once
shadow_cache used up once
shadow_cache used up once
phase = 29
shadow_cache used up once
11	199437
shadow_cache used up once
11	72
11	174
shadow_cache used up once
shadow_cache used up once
shadow_cache used up once
shadow_cache used up once
phase = 30
11	22
shadow_cache used up once
shadow_cache used up once
shadow_cache used up once
shadow_cache used up once
shadow_cache used up once
shadow_cache used up once
phase = 31
shadow_cache used up once
shadow_cache used up once
shadow_cache used up once
shadow_cache used up once
shadow_cache used up once
shadow_cache used up once
phase = 32
shadow_cache used up once
12	143978
12	67
shadow_cache used up once
shadow_cache used up once
12	34
shadow_cache used up once
12	98
shadow_cache used up once
shadow_cache used up once
phase = 33
shadow_cache used up once
shadow_cache used up once
shadow_cache used up once
shadow_cache used up once
shadow_cache used up once
shadow_cache used up once
phase = 34
shadow_cache used up once
13	94717
shadow_cache used up once
13	8
shadow_cache used up once
shadow_cache used up once
shadow_cache used up once
13	14
shadow_cache used up once
shadow_cache used up once
phase = 35
shadow_cache used up once
shadow_cache used up once
shadow_cache used up once
shadow_cache used up once
shadow_cache used up once
14	94722
shadow_cache used up once
phase = 36
shadow_cache used up once
shadow_cache used up once
13	6
14	2
shadow_cache used up once
14	1
shadow_cache used up once
shadow_cache used up once
14	1
shadow_cache used up once
phase = 37
shadow_cache used up once
shadow_cache used up once
shadow_cache used up once
shadow_cache used up once
shadow_cache used up once
15	94663
shadow_cache used up once
phase = 38
shadow_cache used up once
shadow_cache used up once
shadow_cache used up once
shadow_cache used up once
shadow_cache used up once
shadow_cache used up once
phase = 39
15	1
15	9
15	10
shadow_cache used up once
shadow_cache used up once
shadow_cache used up once
shadow_cache used up once
16	94552
shadow_cache used up once
shadow_cache used up once
shadow_cache used up once
shadow_cache used up once
shadow_cache used up once
shadow_cache used up once
shadow_cache used up once
shadow_cache used up once
phase = 40
shadow_cache used up once
shadow_cache used up once
shadow_cache used up once
shadow_cache used up once
16	1
17	94785
shadow_cache used up once
shadow_cache used up once
shadow_cache used up once
shadow_cache used up once
shadow_cache used up once
shadow_cache used up once
shadow_cache used up once
shadow_cache used up once
phase = 41
shadow_cache used up once
shadow_cache used up once
shadow_cache used up once
shadow_cache used up once
shadow_cache used up once
shadow_cache used up once
shadow_cache used up once
shadow_cache used up once
shadow_cache used up once
shadow_cache used up once
shadow_cache used up once
phase = 42
shadow_cache used up once
shadow_cache used up once
shadow_cache used up once
shadow_cache used up once
16	18
17	1
18	188929
shadow_cache used up once
shadow_cache used up once
shadow_cache used up once
shadow_cache used up once
shadow_cache used up once
shadow_cache used up once
shadow_cache used up once
shadow_cache used up once
phase = 43
shadow_cache used up once
shadow_cache used up once
shadow_cache used up once
shadow_cache used up once
shadow_cache used up once
shadow_cache used up once
shadow_cache used up once
shadow_cache used up once
shadow_cache used up once
shadow_cache used up once
shadow_cache used up once
shadow_cache used up once
phase = 44
shadow_cache used up once
shadow_cache used up once
shadow_cache used up once
19	190272
shadow_cache used up once
shadow_cache used up once
18	14
19	2
17	2
18	1
19	3
shadow_cache used up once
shadow_cache used up once
shadow_cache used up once
shadow_cache used up once
shadow_cache used up once
shadow_cache used up once
shadow_cache used up once
phase = 45
shadow_cache used up once
shadow_cache used up once
shadow_cache used up once
shadow_cache used up once
shadow_cache used up once
shadow_cache used up once
shadow_cache used up once
shadow_cache used up once
shadow_cache used up once
shadow_cache used up once
shadow_cache used up once
shadow_cache used up once
phase = 46
shadow_cache used up once
shadow_cache used up once
1a	190160
shadow_cache used up once
shadow_cache used up once
1a	13
shadow_cache used up once
shadow_cache used up once
shadow_cache used up once
shadow_cache used up once
shadow_cache used up once
1a	9
shadow_cache used up once
shadow_cache used up once
shadow_cache used up once
phase = 47
shadow_cache used up once
shadow_cache used up once
shadow_cache used up once
shadow_cache used up once
shadow_cache used up once
shadow_cache used up once
shadow_cache used up once
shadow_cache used up once
shadow_cache used up once
shadow_cache used up once
shadow_cache used up once
shadow_cache used up once
phase = 48
shadow_cache used up once
shadow_cache used up once
1b	190263
shadow_cache used up once
shadow_cache used up once
shadow_cache used up once
shadow_cache used up once
shadow_cache used up once
shadow_cache used up once
shadow_cache used up once
16	16
shadow_cache used up once
shadow_cache used up once
1b	30
shadow_cache used up once
phase = 49
shadow_cache used up once
shadow_cache used up once
shadow_cache used up once
shadow_cache used up once
shadow_cache used up once
1b	5
shadow_cache used up once
shadow_cache used up once
shadow_cache used up once
shadow_cache used up once
shadow_cache used up once
phase = 50
shadow_cache used up once
shadow_cache used up once
shadow_cache used up once
1c	190108
1c	35
shadow_cache used up once
shadow_cache used up once
shadow_cache used up once
phase = 51
shadow_cache used up once
shadow_cache used up once
shadow_cache used up once
shadow_cache used up once
shadow_cache used up once
shadow_cache used up once
phase = 52
shadow_cache used up once
shadow_cache used up once
1c	16
shadow_cache used up once
shadow_cache used up once
shadow_cache used up once
shadow_cache used up once
shadow_cache used up once
phase = 53
shadow_cache used up once
1d	144755
shadow_cache used up once
shadow_cache used up once
1d	38
shadow_cache used up once
shadow_cache used up once
shadow_cache used up once
phase = 54
shadow_cache used up once
1d	131
shadow_cache used up once
shadow_cache used up once
shadow_cache used up once
shadow_cache used up once
shadow_cache used up once
phase = 55
shadow_cache used up once
1e	94658
shadow_cache used up once
1e	2
shadow_cache used up once
1e	11
shadow_cache used up once
shadow_cache used up once
shadow_cache used up once
phase = 56
shadow_cache used up once
shadow_cache used up once
shadow_cache used up once
shadow_cache used up once
shadow_cache used up once
17	2
18	2
19	1
1a	1
1b	1
1c	1
1d	1
1e	1
shadow_cache used up once
phase = 57
shadow_cache used up once
1f	94519
shadow_cache used up once
shadow_cache used up once
shadow_cache used up once
1f	15
shadow_cache used up once
shadow_cache used up once
phase = 58
shadow_cache used up once
shadow_cache used up once
shadow_cache used up once
shadow_cache used up once
shadow_cache used up once
shadow_cache used up once
20	94721
phase = 59
shadow_cache used up once
shadow_cache used up once
shadow_cache used up once
shadow_cache used up once
20	3
shadow_cache used up once
shadow_cache used up once
phase = 60
shadow_cache used up once
shadow_cache used up once
1f	10
20	1
1f	17
20	1
21	12
shadow_cache used up once
21	1
22	12867
shadow_cache used up once
shadow_cache used up once
Hit: Address 10000096a9ac0 got flushed counter=0
Hit: Address 1000008786040 got flushed counter=1
Hit: Address 1000008660200 got flushed counter=2
Hit: Address 10000086c7600 got flushed counter=3
Hit: Address 10000086d1c40 got flushed counter=4
Hit: Address 100000873a800 got flushed counter=5
Hit: Address 100000879a540 got flushed counter=6
Hit: Address 1000008800180 got flushed counter=7
Hit: Address 100000880bf80 got flushed counter=8
Hit: Address 1000008874b40 got flushed counter=9
Hit: Address 1000009988e40 got flushed counter=10
shadow_cache used up once
Hit: Address 1000009a49b40 got flushed counter=11
Hit: Address 1000009a84080 got flushed counter=12
Hit: Address 1000009b2d280 got flushed counter=13
23	26823
Hit: Address 10000072069c0 got flushed counter=14
shadow_cache used up once
phase = 0
21	64772
22	2
23	2
shadow_cache used up once
shadow_cache used up once
shadow_cache used up once
shadow_cache used up once
shadow_cache used up once
shadow_cache used up once
shadow_cache used up once
shadow_cache used up once
24	66855
phase = 61
shadow_cache used up once
shadow_cache used up once
shadow_cache used up once
24	7716
shadow_cache used up once
shadow_cache used up once
shadow_cache used up once
shadow_cache used up once
21	11
shadow_cache used up once
22	3
23	1
24	6
shadow_cache used up once
shadow_cache used up once
shadow_cache used up once
shadow_cache used up once
phase = 62
shadow_cache used up once
shadow_cache used up once
shadow_cache used up once
shadow_cache used up once
shadow_cache used up once
shadow_cache used up once
shadow_cache used up once
22	9
23	1
24	2
25	158172
shadow_cache used up once
25	682
25	164
shadow_cache used up once
shadow_cache used up once
25	16
shadow_cache used up once
shadow_cache used up once
phase = 63
shadow_cache used up once
shadow_cache used up once
shadow_cache used up once
shadow_cache used up once
shadow_cache used up once
shadow_cache used up once
shadow_cache used up once
shadow_cache used up once
shadow_cache used up once
shadow_cache used up once
shadow_cache used up once
shadow_cache used up once
phase = 64
shadow_cache used up once
shadow_cache used up once
shadow_cache used up once
shadow_cache used up once
shadow_cache used up once
shadow_cache used up once
shadow_cache used up once
26	189890
26	17
shadow_cache used up once
shadow_cache used up once
shadow_cache used up once
shadow_cache used up once
26	15
shadow_cache used up once
phase = 65
shadow_cache used up once
shadow_cache used up once
26	30
shadow_cache used up once
shadow_cache used up once
shadow_cache used up once
shadow_cache used up once
shadow_cache used up once
shadow_cache used up once
shadow_cache used up once
shadow_cache used up once
phase = 66
shadow_cache used up once
shadow_cache used up once
shadow_cache used up once
shadow_cache used up once
shadow_cache used up once
shadow_cache used up once
phase = 67
shadow_cache used up once
shadow_cache used up once
27	189671
27	322
shadow_cache used up once
shadow_cache used up once
shadow_cache used up once
shadow_cache used up once
phase = 68
shadow_cache used up once
shadow_cache used up once
27	15
27	20
shadow_cache used up once
shadow_cache used up once
shadow_cache used up once
shadow_cache used up once
phase = 69
shadow_cache used up once
shadow_cache used up once
shadow_cache used up once
shadow_cache used up once
28	119912
shadow_cache used up once
shadow_cache used up once
28	4
phase = 70
shadow_cache used up once
shadow_cache used up once
shadow_cache used up once
28	31
shadow_cache used up once
shadow_cache used up once
shadow_cache used up once
phase = 71
shadow_cache used up once
shadow_cache used up once
shadow_cache used up once
shadow_cache used up once
28	161
29	94651
shadow_cache used up once
shadow_cache used up once
shadow_cache used up once
phase = 72
shadow_cache used up once
shadow_cache used up once
shadow_cache used up once
shadow_cache used up once
shadow_cache used up once
shadow_cache used up once
phase = 73
shadow_cache used up once
shadow_cache used up once
shadow_cache used up once
2a	94655
shadow_cache used up once
shadow_cache used up once
shadow_cache used up once
phase = 74
shadow_cache used up once
shadow_cache used up once
shadow_cache used up once
shadow_cache used up once
29	14
shadow_cache used up once
shadow_cache used up once
phase = 75
shadow_cache used up once
shadow_cache used up once
2b	94721
shadow_cache used up once
shadow_cache used up once
shadow_cache used up once
shadow_cache used up once
29	25
phase = 76
2a	1
2b	4
shadow_cache used up once
2a	1
2b	2
29	8
2a	2
2b	3
shadow_cache used up once
shadow_cache used up once
shadow_cache used up once
shadow_cache used up once
shadow_cache used up once
shadow_cache used up once
shadow_cache used up once
2c	94650
shadow_cache used up once
shadow_cache used up once
shadow_cache used up once
phase = 77
shadow_cache used up once
shadow_cache used up once
2c	91
shadow_cache used up once
shadow_cache used up once
shadow_cache used up once
shadow_cache used up once
shadow_cache used up once
shadow_cache used up once
shadow_cache used up once
shadow_cache used up once
shadow_cache used up once
2d	113661
shadow_cache used up once
phase = 78
shadow_cache used up once
shadow_cache used up once
shadow_cache used up once
shadow_cache used up once
shadow_cache used up once
shadow_cache used up once
shadow_cache used up once
shadow_cache used up once
2d	2
shadow_cache used up once
shadow_cache used up once
shadow_cache used up once
shadow_cache used up once
phase = 79
shadow_cache used up once
shadow_cache used up once
shadow_cache used up once
shadow_cache used up once
shadow_cache used up once
shadow_cache used up once
shadow_cache used up once
shadow_cache used up once
shadow_cache used up once
shadow_cache used up once
2e	190144
shadow_cache used up once
2c	22
2d	3
shadow_cache used up once
phase = 80
shadow_cache used up once
shadow_cache used up once
shadow_cache used up once
shadow_cache used up once
shadow_cache used up once
shadow_cache used up once
shadow_cache used up once
shadow_cache used up once
shadow_cache used up once
shadow_cache used up once
shadow_cache used up once
phase = 81
shadow_cache used up once
shadow_cache used up once
shadow_cache used up once
shadow_cache used up once
shadow_cache used up once
shadow_cache used up once
shadow_cache used up once
2c	19
2d	1
2e	2
2e	17
2e	1
shadow_cache used up once
shadow_cache used up once
shadow_cache used up once
phase = 82
2f	189049
shadow_cache used up once
2f	672
shadow_cache used up once
shadow_cache used up once
shadow_cache used up once
shadow_cache used up once
shadow_cache used up once
phase = 83
shadow_cache used up once
shadow_cache used up once
shadow_cache used up once
shadow_cache used up once
shadow_cache used up once
shadow_cache used up once
phase = 84
shadow_cache used up once
shadow_cache used up once
shadow_cache used up once
shadow_cache used up once
shadow_cache used up once
shadow_cache used up once
phase = 85
30	148248
shadow_cache used up once
shadow_cache used up once
shadow_cache used up once
shadow_cache used up once
shadow_cache used up once
shadow_cache used up once
phase = 86
30	126
shadow_cache used up once
shadow_cache used up once
shadow_cache used up once
shadow_cache used up once
shadow_cache used up once
shadow_cache used up once
31	95296
phase = 87
shadow_cache used up once
shadow_cache used up once
shadow_cache used up once
shadow_cache used up once
shadow_cache used up once
shadow_cache used up once
phase = 88
shadow_cache used up once
shadow_cache used up once
2f	3
30	2
31	1
shadow_cache used up once
shadow_cache used up once
shadow_cache used up once
32	94979
shadow_cache used up once
phase = 89
shadow_cache used up once
shadow_cache used up once
shadow_cache used up once
shadow_cache used up once
shadow_cache used up once
shadow_cache used up once
shadow_cache used up once
31	7
32	2
phase = 90
shadow_cache used up once
shadow_cache used up once
shadow_cache used up once
shadow_cache used up once
33	94720
shadow_cache used up once
shadow_cache used up once
phase = 91
shadow_cache used up once
shadow_cache used up once
shadow_cache used up once
shadow_cache used up once
shadow_cache used up once
shadow_cache used up once
phase = 92
32	10
33	2
33	3
2f	5
30	1
31	3
32	1
33	1
shadow_cache used up once
shadow_cache used up once
shadow_cache used up once
34	94126
shadow_cache used up once
34	145
shadow_cache used up once
shadow_cache used up once
shadow_cache used up once
34	23
shadow_cache used up once
[TRACE:3] -- DONE --
[TRACE:0] -- STOP --
[TRACE:2] -- STOP --
[TRACE:1] -- STOP --
[SNIPER] Disabling performance models
[SNIPER] Leaving ROI after 1345.18 seconds
[SNIPER] Simulated 288.8M instructions, 191.2M cycles, 1.51 IPC
[SNIPER] Simulation speed 214.7 KIPS (53.7 KIPS / target core - 18629.6ns/instr)
[SNIPER] Setting instrumentation mode to FAST_FORWARD
Hawkeye Victims: 0
LRU Victims: 0
Hawkeye Victims: 0
LRU Victims: 0
Hawkeye Victims: 0
LRU Victims: 0
Hawkeye Victims: 0
LRU Victims: 0
Inserted: 0
Redundant.progress: 0
Redundant.cache: 0
Redundant.buffer: 0
Hawkeye Victims: 0
LRU Victims: 0
Inserted: 0
Redundant.progress: 0
Redundant.cache: 0
Redundant.buffer: 0
Hawkeye Victims: 0
LRU Victims: 0
phase = 1
Inserted: f85a
Redundant.progress: 61
Redundant.cache: e778
Redundant.buffer: 0
Hawkeye Victims: 0
LRU Victims: 0
Hawkeye Victims: 0
LRU Victims: 0
Hawkeye Victims: 0
LRU Victims: 0
Hawkeye Victims: 0
LRU Victims: 0
Inserted: 0
Redundant.progress: 0
Redundant.cache: 0
Redundant.buffer: 0
Hawkeye Victims: 0
LRU Victims: 0
Inserted: 0
Redundant.progress: 0
Redundant.cache: 0
Redundant.buffer: 0
phase = 1
Inserted: e162
Redundant.progress: 527
Redundant.cache: 41cb
Redundant.buffer: 0
Hawkeye Victims: 0
LRU Victims: 0
Hawkeye Victims: 0
LRU Victims: 0
Hawkeye Victims: 0
LRU Victims: 0
Hawkeye Victims: 0
LRU Victims: 0
Inserted: 0
Redundant.progress: 0
Redundant.cache: 0
Redundant.buffer: 0
Hawkeye Victims: 0
LRU Victims: 0
Inserted: 0
Redundant.progress: 0
Redundant.cache: 0
Redundant.buffer: 0
phase = 0
Inserted: 1ec2
Redundant.progress: c2
Redundant.cache: d0f
Redundant.buffer: 0
Hawkeye Victims: 0
LRU Victims: 0
Hawkeye Victims: 0
LRU Victims: 0
Hawkeye Victims: 0
LRU Victims: 0
Hawkeye Victims: 0
LRU Victims: 0
Inserted: 0
Redundant.progress: 0
Redundant.cache: 0
Redundant.buffer: 0
Hawkeye Victims: 0
LRU Victims: 0
Inserted: 0
Redundant.progress: 0
Redundant.cache: 0
Redundant.buffer: 0
phase = 93
Inserted: c1d9be
Redundant.progress: 5c157d
Redundant.cache: a8d7
Redundant.buffer: 0
[SNIPER] End
[SNIPER] Elapsed time: 1386.32 seconds
