000 (516070.000.000) 05/05 17:13:17 Job submitted from host: <128.83.144.149:44250?addrs=128.83.144.149-44250>
...
001 (516070.000.000) 05/05 17:13:34 Job executing on host: <128.83.144.13:57145?addrs=128.83.144.13-57145>
...
006 (516070.000.000) 05/05 17:13:43 Image size of job updated: 340324
	21  -  MemoryUsage of job (MB)
	21300  -  ResidentSetSize of job (KB)
...
006 (516070.000.000) 05/05 17:14:29 Image size of job updated: 924280
	21  -  MemoryUsage of job (MB)
	21300  -  ResidentSetSize of job (KB)
...
004 (516070.000.000) 05/05 17:14:29 Job was evicted.
	(0) Job was not checkpointed.
		Usr 0 00:00:00, Sys 0 00:00:00  -  Run Remote Usage
		Usr 0 00:00:00, Sys 0 00:00:00  -  Run Local Usage
	0  -  Run Bytes Sent By Job
	0  -  Run Bytes Received By Job
	Partitionable Resources :    Usage  Request Allocated
	   Cpus                 :                 1         1
	   Disk (KB)            :        1        1    824403
	   Gpus                 :                           0
	   Memory (MB)          :       21        1     12899
...
009 (516070.000.000) 05/05 17:14:30 Job was aborted by the user.
	via condor_rm (by user ypei)
...
