000 (516023.000.000) 05/05 17:13:13 Job submitted from host: <128.83.144.149:44250?addrs=128.83.144.149-44250>
...
001 (516023.000.000) 05/05 17:13:32 Job executing on host: <128.83.120.229:58979?addrs=128.83.120.229-58979>
...
006 (516023.000.000) 05/05 17:13:41 Image size of job updated: 2457272
	56  -  MemoryUsage of job (MB)
	56752  -  ResidentSetSize of job (KB)
...
006 (516023.000.000) 05/05 17:14:28 Image size of job updated: 2458804
	56  -  MemoryUsage of job (MB)
	56752  -  ResidentSetSize of job (KB)
...
004 (516023.000.000) 05/05 17:14:28 Job was evicted.
	(0) Job was not checkpointed.
		Usr 0 00:00:00, Sys 0 00:00:00  -  Run Remote Usage
		Usr 0 00:00:00, Sys 0 00:00:00  -  Run Local Usage
	0  -  Run Bytes Sent By Job
	0  -  Run Bytes Received By Job
	Partitionable Resources :    Usage  Request Allocated
	   Cpus                 :                 1         1
	   Disk (KB)            :        1        1    828970
	   Gpus                 :                           0
	   Memory (MB)          :       56        1     12899
...
009 (516023.000.000) 05/05 17:14:28 Job was aborted by the user.
	via condor_rm (by user ypei)
...
000 (516248.000.000) 05/05 17:14:55 Job submitted from host: <128.83.144.149:44250?addrs=128.83.144.149-44250>
...
001 (516248.000.000) 05/05 17:15:02 Job executing on host: <128.83.139.14:44306?addrs=128.83.139.14-44306>
...
006 (516248.000.000) 05/05 17:15:10 Image size of job updated: 2457112
	56  -  MemoryUsage of job (MB)
	56668  -  ResidentSetSize of job (KB)
...
006 (516248.000.000) 05/05 17:18:12 Image size of job updated: 2692544
	214  -  MemoryUsage of job (MB)
	218960  -  ResidentSetSize of job (KB)
...
004 (516248.000.000) 05/05 17:18:12 Job was evicted.
	(0) Job was not checkpointed.
		Usr 0 00:01:16, Sys 0 00:00:01  -  Run Remote Usage
		Usr 0 00:00:00, Sys 0 00:00:00  -  Run Local Usage
	0  -  Run Bytes Sent By Job
	0  -  Run Bytes Received By Job
	Partitionable Resources :    Usage  Request Allocated
	   Cpus                 :                 1         1
	   Disk (KB)            :        1        1   1695320
	   Gpus                 :                           0
	   Memory (MB)          :      214        1     12899
...
009 (516248.000.000) 05/05 17:18:12 Job was aborted by the user.
	via condor_rm (by user ypei)
...
000 (516455.000.000) 05/05 17:18:26 Job submitted from host: <128.83.144.149:44250?addrs=128.83.144.149-44250>
...
001 (516455.000.000) 05/05 17:18:32 Job executing on host: <128.83.139.15:46714?addrs=128.83.139.15-46714>
...
006 (516455.000.000) 05/05 17:18:41 Image size of job updated: 2457272
	56  -  MemoryUsage of job (MB)
	56740  -  ResidentSetSize of job (KB)
...
006 (516455.000.000) 05/05 17:21:21 Image size of job updated: 2758080
	292  -  MemoryUsage of job (MB)
	298924  -  ResidentSetSize of job (KB)
...
004 (516455.000.000) 05/05 17:21:21 Job was evicted.
	(0) Job was not checkpointed.
		Usr 0 00:01:14, Sys 0 00:00:01  -  Run Remote Usage
		Usr 0 00:00:00, Sys 0 00:00:00  -  Run Local Usage
	0  -  Run Bytes Sent By Job
	0  -  Run Bytes Received By Job
	Partitionable Resources :    Usage  Request Allocated
	   Cpus                 :                 1         1
	   Disk (KB)            :        1        1   1684662
	   Gpus                 :                           0
	   Memory (MB)          :      292        1     12899
...
009 (516455.000.000) 05/05 17:21:21 Job was aborted by the user.
	via condor_rm (by user ypei)
...
000 (517076.000.000) 05/05 17:21:52 Job submitted from host: <128.83.144.149:44250?addrs=128.83.144.149-44250>
...
001 (517076.000.000) 05/05 17:22:25 Job executing on host: <128.83.139.14:44306?addrs=128.83.139.14-44306>
...
006 (517076.000.000) 05/05 17:22:33 Image size of job updated: 2457272
	56  -  MemoryUsage of job (MB)
	56772  -  ResidentSetSize of job (KB)
...
006 (517076.000.000) 05/05 17:27:33 Image size of job updated: 3216832
	873  -  MemoryUsage of job (MB)
	893428  -  ResidentSetSize of job (KB)
...
006 (517076.000.000) 05/05 17:32:34 Image size of job updated: 4068800
	1855  -  MemoryUsage of job (MB)
	1899444  -  ResidentSetSize of job (KB)
...
006 (517076.000.000) 05/05 17:37:34 Image size of job updated: 4855232
	2809  -  MemoryUsage of job (MB)
	2875576  -  ResidentSetSize of job (KB)
...
006 (517076.000.000) 05/05 17:42:34 Image size of job updated: 5641920
	3826  -  MemoryUsage of job (MB)
	3917784  -  ResidentSetSize of job (KB)
...
006 (517076.000.000) 05/05 17:46:16 Image size of job updated: 6297280
	3826  -  MemoryUsage of job (MB)
	3917784  -  ResidentSetSize of job (KB)
...
005 (517076.000.000) 05/05 17:46:16 Job terminated.
	(1) Normal termination (return value 0)
		Usr 0 00:22:02, Sys 0 00:00:30  -  Run Remote Usage
		Usr 0 00:00:00, Sys 0 00:00:00  -  Run Local Usage
		Usr 0 00:22:02, Sys 0 00:00:30  -  Total Remote Usage
		Usr 0 00:00:00, Sys 0 00:00:00  -  Total Local Usage
	0  -  Run Bytes Sent By Job
	0  -  Run Bytes Received By Job
	0  -  Total Bytes Sent By Job
	0  -  Total Bytes Received By Job
	Partitionable Resources :    Usage  Request Allocated
	   Cpus                 :                 1         1
	   Disk (KB)            :        1        1   1695320
	   Gpus                 :                           0
	   Memory (MB)          :     3826        1     12899
...
000 (518111.000.000) 05/06 21:33:07 Job submitted from host: <128.83.144.149:44250?addrs=128.83.144.149-44250>
...
001 (518111.000.000) 05/06 21:33:16 Job executing on host: <128.83.139.14:44306?addrs=128.83.139.14-44306>
...
006 (518111.000.000) 05/06 21:33:25 Image size of job updated: 340324
	21  -  MemoryUsage of job (MB)
	21288  -  ResidentSetSize of job (KB)
...
006 (518111.000.000) 05/06 21:33:46 Image size of job updated: 2459332
	21  -  MemoryUsage of job (MB)
	21288  -  ResidentSetSize of job (KB)
...
004 (518111.000.000) 05/06 21:33:46 Job was evicted.
	(0) Job was not checkpointed.
		Usr 0 00:00:00, Sys 0 00:00:00  -  Run Remote Usage
		Usr 0 00:00:00, Sys 0 00:00:00  -  Run Local Usage
	0  -  Run Bytes Sent By Job
	0  -  Run Bytes Received By Job
	Partitionable Resources :    Usage  Request Allocated
	   Cpus                 :                 1         1
	   Disk (KB)            :        1        1   1675522
	   Gpus                 :                           0
	   Memory (MB)          :       21        1     12899
...
009 (518111.000.000) 05/06 21:33:47 Job was aborted by the user.
	via condor_rm (by user ypei)
...
000 (518318.000.000) 05/06 21:34:14 Job submitted from host: <128.83.144.149:44250?addrs=128.83.144.149-44250>
...
001 (518318.000.000) 05/06 21:34:23 Job executing on host: <128.83.120.228:59989?addrs=128.83.120.228-59989>
...
006 (518318.000.000) 05/06 21:34:31 Image size of job updated: 1178764
	38  -  MemoryUsage of job (MB)
	38824  -  ResidentSetSize of job (KB)
...
006 (518318.000.000) 05/06 21:39:31 Image size of job updated: 2954860
	554  -  MemoryUsage of job (MB)
	567088  -  ResidentSetSize of job (KB)
...
006 (518318.000.000) 05/06 21:44:32 Image size of job updated: 3479148
	1155  -  MemoryUsage of job (MB)
	1182148  -  ResidentSetSize of job (KB)
...
006 (518318.000.000) 05/06 21:49:33 Image size of job updated: 3937900
	1746  -  MemoryUsage of job (MB)
	1787344  -  ResidentSetSize of job (KB)
...
006 (518318.000.000) 05/06 21:54:33 Image size of job updated: 4462188
	2319  -  MemoryUsage of job (MB)
	2374424  -  ResidentSetSize of job (KB)
...
006 (518318.000.000) 05/06 21:59:34 Image size of job updated: 4920940
	2897  -  MemoryUsage of job (MB)
	2965508  -  ResidentSetSize of job (KB)
...
006 (518318.000.000) 05/06 22:04:35 Image size of job updated: 5379948
	3490  -  MemoryUsage of job (MB)
	3572964  -  ResidentSetSize of job (KB)
...
006 (518318.000.000) 05/06 22:09:35 Image size of job updated: 5904236
	4093  -  MemoryUsage of job (MB)
	4190724  -  ResidentSetSize of job (KB)
...
006 (518318.000.000) 05/06 22:14:35 Image size of job updated: 6297452
	4592  -  MemoryUsage of job (MB)
	4701748  -  ResidentSetSize of job (KB)
...
005 (518318.000.000) 05/06 22:15:00 Job terminated.
	(1) Normal termination (return value 0)
		Usr 0 00:38:13, Sys 0 00:01:07  -  Run Remote Usage
		Usr 0 00:00:00, Sys 0 00:00:00  -  Run Local Usage
		Usr 0 00:38:13, Sys 0 00:01:07  -  Total Remote Usage
		Usr 0 00:00:00, Sys 0 00:00:00  -  Total Local Usage
	0  -  Run Bytes Sent By Job
	0  -  Run Bytes Received By Job
	0  -  Total Bytes Sent By Job
	0  -  Total Bytes Received By Job
	Partitionable Resources :    Usage  Request Allocated
	   Cpus                 :                 1         1
	   Disk (KB)            :        1        1    790895
	   Gpus                 :                           0
	   Memory (MB)          :     4592        1     12899
...
000 (381886.000.000) 05/07 00:29:06 Job submitted from host: <128.83.144.155:57685?addrs=128.83.144.155-57685>
...
001 (381886.000.000) 05/07 00:29:23 Job executing on host: <128.83.144.13:57145?addrs=128.83.144.13-57145>
...
006 (381886.000.000) 05/07 00:29:31 Image size of job updated: 2457276
	56  -  MemoryUsage of job (MB)
	56752  -  ResidentSetSize of job (KB)
...
006 (381886.000.000) 05/07 00:34:31 Image size of job updated: 3020260
	586  -  MemoryUsage of job (MB)
	599972  -  ResidentSetSize of job (KB)
...
006 (381886.000.000) 05/07 00:39:32 Image size of job updated: 3479012
	1181  -  MemoryUsage of job (MB)
	1208880  -  ResidentSetSize of job (KB)
...
006 (381886.000.000) 05/07 00:44:33 Image size of job updated: 4003300
	1774  -  MemoryUsage of job (MB)
	1816116  -  ResidentSetSize of job (KB)
...
006 (381886.000.000) 05/07 00:49:33 Image size of job updated: 4462308
	2363  -  MemoryUsage of job (MB)
	2419420  -  ResidentSetSize of job (KB)
...
006 (381886.000.000) 05/07 00:54:34 Image size of job updated: 4921060
	2954  -  MemoryUsage of job (MB)
	3024748  -  ResidentSetSize of job (KB)
...
006 (381886.000.000) 05/07 00:59:35 Image size of job updated: 5248740
	3327  -  MemoryUsage of job (MB)
	3405972  -  ResidentSetSize of job (KB)
...
006 (381886.000.000) 05/07 01:04:35 Image size of job updated: 5576420
	3698  -  MemoryUsage of job (MB)
	3786360  -  ResidentSetSize of job (KB)
...
006 (381886.000.000) 05/07 01:09:36 Image size of job updated: 5838564
	4062  -  MemoryUsage of job (MB)
	4159312  -  ResidentSetSize of job (KB)
...
006 (381886.000.000) 05/07 01:14:37 Image size of job updated: 6166244
	4426  -  MemoryUsage of job (MB)
	4531812  -  ResidentSetSize of job (KB)
...
006 (381886.000.000) 05/07 01:17:33 Image size of job updated: 6297316
	4426  -  MemoryUsage of job (MB)
	4531812  -  ResidentSetSize of job (KB)
...
005 (381886.000.000) 05/07 01:17:33 Job terminated.
	(1) Normal termination (return value 0)
		Usr 0 00:45:54, Sys 0 00:01:08  -  Run Remote Usage
		Usr 0 00:00:00, Sys 0 00:00:00  -  Run Local Usage
		Usr 0 00:45:54, Sys 0 00:01:08  -  Total Remote Usage
		Usr 0 00:00:00, Sys 0 00:00:00  -  Total Local Usage
	0  -  Run Bytes Sent By Job
	0  -  Run Bytes Received By Job
	0  -  Total Bytes Sent By Job
	0  -  Total Bytes Received By Job
	Partitionable Resources :    Usage  Request Allocated
	   Cpus                 :                 1         1
	   Disk (KB)            :        1        1    797354
	   Gpus                 :                           0
	   Memory (MB)          :     4426        1     12899
...
