[SNIPER] Start
Sampler: 4, 32, 0
itlb_cache: 32, 1
itlb_cache_L1: 32, 1
Sampler: 4, 128, 0
dtlb_cache: 128, 4
dtlb_cache_L1: 128, 4
L1-I 2
Sampler: 4, 4, 128
L1-I: 2048, 64
L1-I_L1: 2048, 64
L1-D 3
Sampler: 4, 8, 32
L1-D: 1024, 32
L1-D_L1: 1024, 32
L2 4
Sampler: 122, 16, 16
L2: 32768, 1024
L2_L1: 32768, 1024
Executing Python script /v/filer4b/v20q001/ypei/Desktop/cs395t-lin/output/low_bandwidth/run_all_hybrid_headroom9/astar/16/sim.scripts.py
[STOPBYICOUNT] Starting in ROI (detail)
[STOPBYICOUNT] Then stopping after simulating at least 250000000 instructions in detail
[SNIPER] --------------------------------------------------------------------------------
[SNIPER] Sniper using SIFT/trace-driven frontend
[SNIPER] Running full application in DETAILED mode
[SNIPER] --------------------------------------------------------------------------------
[SNIPER] Enabling performance models
[SNIPER] Setting instrumentation mode to DETAILED
[STOPBYICOUNT] Ending ROI after 250000001 instructions (250000000 requested)
[SNIPER] Disabling performance models
[SNIPER] Leaving ROI after 1069.03 seconds
[SNIPER] Simulated 250.0M instructions, 271.9M cycles, 0.92 IPC
[SNIPER] Simulation speed 233.9 KIPS (233.9 KIPS / target core - 4276.2ns/instr)
[SNIPER] Setting instrumentation mode to FAST_FORWARD
Hawkeye Victims: 0
LRU Victims: 0
[app0] [SIFT_RECORDER] sift_writer.cc:550: Sift::Mode Sift::Writer::Sync(): Assertion `!response->fail()' failed.
Hawkeye Victims: 0
LRU Victims: 0
Hawkeye Victims: 0
LRU Victims: 0
a test for execution
[app0] Pin app terminated abnormally due to signal 6.

Inserted: 0
Redundant.progress: 0
Redundant.cache: 0
Redundant.buffer: 0
Hawkeye Victims: 0
LRU Victims: 0
a test for execution

Inserted: 0
Redundant.progress: 0
Redundant.cache: 0
Redundant.buffer: 0
Hawkeye Victims: 0
LRU Victims: 0
 =========================================================== 
Triggers: 1646439
Repeats: 0

Same addr: 958266 58.2023
New addr: 443 0.0269066

Distribution of new addresses: 
Stream Head: 428 96.614
Stream Divergence: 189687 42818.7

Invalidation count: 490176 110649
No Conflict count: 307930 69510.2
Same Stream count: 0 0
New Stream count: 0 0

Not found: 687533
On Chip Mispredictions: 0
 =========================================================== 
Distribution of predictions: 
Predict Init: 1448639 87.9862
Total Predictions: 1414053
Predict OCI Miss: 33937 2.34268
Predict Stream End: 34586 2.38748
Buffer Success: 0 0
Stride Distribution: 0, 4599, 0, 0, 0, 0, 0, 0, 0, 0, 0, 0, 0, 0, 0, 0, 0, 0, 0, 0, 0, 0, 0, 0, 0, 0, 0, 0, 0, 0, 0, 0, 0, 0, 0, 0, 0, 0, 0, 0, 0, 0, 0, 0, 0, 0, 0, 0, 0, 0, 0, 0, 0, 0, 0, 0, 0, 0, 0, 0, 0, 0, 0, 0, 0, 0, 33, 0, 0, 0, 0, 0, 21968176, 0, 49, 0, 15, 0, 15, 0, 0, 6644585, 1868787317, 1915577714, 1702195557, 7566451, 113, 0, 5073232, 0, 18641568, 0, 0, 0, 5073232, 0, 19199984, 0, 0, 0, 5073232, 0, 19472304, 0, 0, 0, 5165152, 0, 2494582128, 10997, 0, 10997, 21966480, 0, 49, 0, 6, 0, 6, 0, 0, 0, 1919906931, 29541, 48, 0, 49, 0, 
a test for execution

Inserted: 1627483
Redundant.progress: 1078
Redundant.cache: 1450854
Redundant.buffer: 0
[SNIPER] End
[SNIPER] Elapsed time: 1071.37 seconds
