000 (515913.000.000) 05/05 17:12:17 Job submitted from host: <128.83.144.149:44250?addrs=128.83.144.149-44250>
...
001 (515913.000.000) 05/05 17:12:27 Job executing on host: <128.83.130.161:35317?addrs=128.83.130.161-35317>
...
006 (515913.000.000) 05/05 17:12:36 Image size of job updated: 1089660
	56  -  MemoryUsage of job (MB)
	57324  -  ResidentSetSize of job (KB)
...
006 (515913.000.000) 05/05 17:12:50 Image size of job updated: 1094796
	56  -  MemoryUsage of job (MB)
	57324  -  ResidentSetSize of job (KB)
...
004 (515913.000.000) 05/05 17:12:50 Job was evicted.
	(0) Job was not checkpointed.
		Usr 0 00:00:00, Sys 0 00:00:00  -  Run Remote Usage
		Usr 0 00:00:00, Sys 0 00:00:00  -  Run Local Usage
	0  -  Run Bytes Sent By Job
	0  -  Run Bytes Received By Job
	Partitionable Resources :    Usage  Request Allocated
	   Cpus                 :                 1         1
	   Disk (KB)            :        1        1   1888652
	   Gpus                 :                           0
	   Memory (MB)          :       56        1     21164
...
009 (515913.000.000) 05/05 17:12:51 Job was aborted by the user.
	via condor_rm (by user ypei)
...
000 (515943.000.000) 05/05 17:13:06 Job submitted from host: <128.83.144.149:44250?addrs=128.83.144.149-44250>
...
001 (515943.000.000) 05/05 17:13:29 Job executing on host: <128.83.130.161:35317?addrs=128.83.130.161-35317>
...
006 (515943.000.000) 05/05 17:13:37 Image size of job updated: 1089148
	56  -  MemoryUsage of job (MB)
	56792  -  ResidentSetSize of job (KB)
...
006 (515943.000.000) 05/05 17:14:29 Image size of job updated: 1090108
	56  -  MemoryUsage of job (MB)
	56816  -  ResidentSetSize of job (KB)
...
004 (515943.000.000) 05/05 17:14:29 Job was evicted.
	(0) Job was not checkpointed.
		Usr 0 00:00:00, Sys 0 00:00:00  -  Run Remote Usage
		Usr 0 00:00:00, Sys 0 00:00:00  -  Run Local Usage
	0  -  Run Bytes Sent By Job
	0  -  Run Bytes Received By Job
	Partitionable Resources :    Usage  Request Allocated
	   Cpus                 :                 1         1
	   Disk (KB)            :        1        1   1888652
	   Gpus                 :                           0
	   Memory (MB)          :       56        1     21164
...
009 (515943.000.000) 05/05 17:14:30 Job was aborted by the user.
	via condor_rm (by user ypei)
...
000 (516168.000.000) 05/05 17:14:48 Job submitted from host: <128.83.144.149:44250?addrs=128.83.144.149-44250>
...
001 (516168.000.000) 05/05 17:14:59 Job executing on host: <128.83.120.128:51378?addrs=128.83.120.128-51378>
...
006 (516168.000.000) 05/05 17:15:07 Image size of job updated: 1089012
	56  -  MemoryUsage of job (MB)
	56756  -  ResidentSetSize of job (KB)
...
006 (516168.000.000) 05/05 17:18:08 Image size of job updated: 1259680
	118  -  MemoryUsage of job (MB)
	120016  -  ResidentSetSize of job (KB)
...
004 (516168.000.000) 05/05 17:18:08 Job was evicted.
	(0) Job was not checkpointed.
		Usr 0 00:00:54, Sys 0 00:00:01  -  Run Remote Usage
		Usr 0 00:00:00, Sys 0 00:00:00  -  Run Local Usage
	0  -  Run Bytes Sent By Job
	0  -  Run Bytes Received By Job
	Partitionable Resources :    Usage  Request Allocated
	   Cpus                 :                 1         1
	   Disk (KB)            :        1        1    812221
	   Gpus                 :                           0
	   Memory (MB)          :      118        1     12899
...
009 (516168.000.000) 05/05 17:18:09 Job was aborted by the user.
	via condor_rm (by user ypei)
...
000 (516375.000.000) 05/05 17:18:19 Job submitted from host: <128.83.144.149:44250?addrs=128.83.144.149-44250>
...
001 (516375.000.000) 05/05 17:18:30 Job executing on host: <128.83.120.230:37764?addrs=128.83.120.230-37764>
...
006 (516375.000.000) 05/05 17:18:38 Image size of job updated: 1089148
	56  -  MemoryUsage of job (MB)
	56780  -  ResidentSetSize of job (KB)
...
006 (516375.000.000) 05/05 17:21:24 Image size of job updated: 1259824
	56  -  MemoryUsage of job (MB)
	56780  -  ResidentSetSize of job (KB)
...
004 (516375.000.000) 05/05 17:21:24 Job was evicted.
	(0) Job was not checkpointed.
		Usr 0 00:01:22, Sys 0 00:00:01  -  Run Remote Usage
		Usr 0 00:00:00, Sys 0 00:00:00  -  Run Local Usage
	0  -  Run Bytes Sent By Job
	0  -  Run Bytes Received By Job
	Partitionable Resources :    Usage  Request Allocated
	   Cpus                 :                 1         1
	   Disk (KB)            :        1        1    827436
	   Gpus                 :                           0
	   Memory (MB)          :       56        1     12899
...
009 (516375.000.000) 05/05 17:21:24 Job was aborted by the user.
	via condor_rm (by user ypei)
...
000 (516996.000.000) 05/05 17:21:41 Job submitted from host: <128.83.144.149:44250?addrs=128.83.144.149-44250>
...
001 (516996.000.000) 05/05 17:21:52 Job executing on host: <128.83.130.161:35317?addrs=128.83.130.161-35317>
...
006 (516996.000.000) 05/05 17:22:01 Image size of job updated: 1088852
	56  -  MemoryUsage of job (MB)
	56500  -  ResidentSetSize of job (KB)
...
006 (516996.000.000) 05/05 17:27:02 Image size of job updated: 1259672
	133  -  MemoryUsage of job (MB)
	135412  -  ResidentSetSize of job (KB)
...
006 (516996.000.000) 05/05 17:32:02 Image size of job updated: 1259672
	165  -  MemoryUsage of job (MB)
	168740  -  ResidentSetSize of job (KB)
...
006 (516996.000.000) 05/05 17:37:03 Image size of job updated: 1259672
	187  -  MemoryUsage of job (MB)
	191360  -  ResidentSetSize of job (KB)
...
006 (516996.000.000) 05/05 17:42:04 Image size of job updated: 1325208
	201  -  MemoryUsage of job (MB)
	205408  -  ResidentSetSize of job (KB)
...
005 (516996.000.000) 05/05 17:46:31 Job terminated.
	(1) Normal termination (return value 0)
		Usr 0 00:22:14, Sys 0 00:00:35  -  Run Remote Usage
		Usr 0 00:00:00, Sys 0 00:00:00  -  Run Local Usage
		Usr 0 00:22:14, Sys 0 00:00:35  -  Total Remote Usage
		Usr 0 00:00:00, Sys 0 00:00:00  -  Total Local Usage
	0  -  Run Bytes Sent By Job
	0  -  Run Bytes Received By Job
	0  -  Total Bytes Sent By Job
	0  -  Total Bytes Received By Job
	Partitionable Resources :    Usage  Request Allocated
	   Cpus                 :                 1         1
	   Disk (KB)            :        1        1   1888646
	   Gpus                 :                           0
	   Memory (MB)          :      201        1     21164
...
000 (382427.000.000) 05/07 03:39:50 Job submitted from host: <128.83.144.155:57685?addrs=128.83.144.155-57685>
...
001 (382427.000.000) 05/07 04:02:02 Job executing on host: <128.83.139.9:47643?addrs=128.83.139.9-47643>
...
006 (382427.000.000) 05/07 04:02:10 Image size of job updated: 1094408
	62  -  MemoryUsage of job (MB)
	62520  -  ResidentSetSize of job (KB)
...
006 (382427.000.000) 05/07 04:07:10 Image size of job updated: 1259716
	137  -  MemoryUsage of job (MB)
	140088  -  ResidentSetSize of job (KB)
...
006 (382427.000.000) 05/07 04:12:10 Image size of job updated: 1259716
	169  -  MemoryUsage of job (MB)
	172096  -  ResidentSetSize of job (KB)
...
006 (382427.000.000) 05/07 04:17:11 Image size of job updated: 1259716
	180  -  MemoryUsage of job (MB)
	183516  -  ResidentSetSize of job (KB)
...
006 (382427.000.000) 05/07 04:22:11 Image size of job updated: 1259716
	190  -  MemoryUsage of job (MB)
	194428  -  ResidentSetSize of job (KB)
...
006 (382427.000.000) 05/07 04:27:11 Image size of job updated: 1325508
	200  -  MemoryUsage of job (MB)
	204120  -  ResidentSetSize of job (KB)
...
005 (382427.000.000) 05/07 04:27:14 Job terminated.
	(1) Normal termination (return value 0)
		Usr 0 00:24:37, Sys 0 00:00:27  -  Run Remote Usage
		Usr 0 00:00:00, Sys 0 00:00:00  -  Run Local Usage
		Usr 0 00:24:37, Sys 0 00:00:27  -  Total Remote Usage
		Usr 0 00:00:00, Sys 0 00:00:00  -  Total Local Usage
	0  -  Run Bytes Sent By Job
	0  -  Run Bytes Received By Job
	0  -  Total Bytes Sent By Job
	0  -  Total Bytes Received By Job
	Partitionable Resources :    Usage  Request Allocated
	   Cpus                 :                 1         1
	   Disk (KB)            :        1        1   1678566
	   Gpus                 :                           0
	   Memory (MB)          :      200        1     12899
...
000 (518445.000.000) 05/07 13:18:14 Job submitted from host: <128.83.144.149:44250?addrs=128.83.144.149-44250>
...
001 (518445.000.000) 05/07 13:18:52 Job executing on host: <128.83.144.112:35333?addrs=128.83.144.112-35333>
...
006 (518445.000.000) 05/07 13:19:00 Image size of job updated: 52036
	2  -  MemoryUsage of job (MB)
	1444  -  ResidentSetSize of job (KB)
...
006 (518445.000.000) 05/07 13:23:36 Image size of job updated: 1259848
	126  -  MemoryUsage of job (MB)
	128188  -  ResidentSetSize of job (KB)
...
004 (518445.000.000) 05/07 13:23:36 Job was evicted.
	(0) Job was not checkpointed.
		Usr 0 00:03:08, Sys 0 00:00:05  -  Run Remote Usage
		Usr 0 00:00:00, Sys 0 00:00:00  -  Run Local Usage
	0  -  Run Bytes Sent By Job
	0  -  Run Bytes Received By Job
	Partitionable Resources :    Usage  Request Allocated
	   Cpus                 :                 1         1
	   Disk (KB)            :        1        1    803065
	   Gpus                 :                           0
	   Memory (MB)          :      126        1     12899
...
009 (518445.000.000) 05/07 13:23:37 Job was aborted by the user.
	via condor_rm (by user ypei)
...
000 (518652.000.000) 05/07 13:23:45 Job submitted from host: <128.83.144.149:44250?addrs=128.83.144.149-44250>
...
001 (518652.000.000) 05/07 13:23:57 Job executing on host: <128.83.144.147:58788?addrs=128.83.144.147-58788>
...
006 (518652.000.000) 05/07 13:24:06 Image size of job updated: 340624
	22  -  MemoryUsage of job (MB)
	21568  -  ResidentSetSize of job (KB)
...
006 (518652.000.000) 05/07 13:29:08 Image size of job updated: 1260100
	148  -  MemoryUsage of job (MB)
	150560  -  ResidentSetSize of job (KB)
...
006 (518652.000.000) 05/07 13:34:08 Image size of job updated: 1260100
	184  -  MemoryUsage of job (MB)
	188164  -  ResidentSetSize of job (KB)
...
006 (518652.000.000) 05/07 13:39:08 Image size of job updated: 1260100
	201  -  MemoryUsage of job (MB)
	205028  -  ResidentSetSize of job (KB)
...
006 (518652.000.000) 05/07 13:41:30 Image size of job updated: 1325636
	201  -  MemoryUsage of job (MB)
	205028  -  ResidentSetSize of job (KB)
...
005 (518652.000.000) 05/07 13:41:30 Job terminated.
	(1) Normal termination (return value 0)
		Usr 0 00:16:26, Sys 0 00:00:10  -  Run Remote Usage
		Usr 0 00:00:00, Sys 0 00:00:00  -  Run Local Usage
		Usr 0 00:16:26, Sys 0 00:00:10  -  Total Remote Usage
		Usr 0 00:00:00, Sys 0 00:00:00  -  Total Local Usage
	0  -  Run Bytes Sent By Job
	0  -  Run Bytes Received By Job
	0  -  Total Bytes Sent By Job
	0  -  Total Bytes Received By Job
	Partitionable Resources :    Usage  Request Allocated
	   Cpus                 :                 1         1
	   Disk (KB)            :        1        1   1862075
	   Gpus                 :                           0
	   Memory (MB)          :      201        1     21164
...
000 (519066.000.000) 05/07 14:36:24 Job submitted from host: <128.83.144.149:44250?addrs=128.83.144.149-44250>
...
001 (519066.000.000) 05/07 14:36:37 Job executing on host: <128.83.144.147:58788?addrs=128.83.144.147-58788>
...
006 (519066.000.000) 05/07 14:36:45 Image size of job updated: 1089664
	56  -  MemoryUsage of job (MB)
	57304  -  ResidentSetSize of job (KB)
...
006 (519066.000.000) 05/07 14:41:45 Image size of job updated: 1260100
	150  -  MemoryUsage of job (MB)
	153240  -  ResidentSetSize of job (KB)
...
006 (519066.000.000) 05/07 14:46:46 Image size of job updated: 1260100
	183  -  MemoryUsage of job (MB)
	187064  -  ResidentSetSize of job (KB)
...
006 (519066.000.000) 05/07 14:51:47 Image size of job updated: 1325640
	203  -  MemoryUsage of job (MB)
	207032  -  ResidentSetSize of job (KB)
...
005 (519066.000.000) 05/07 14:52:19 Job terminated.
	(1) Normal termination (return value 0)
		Usr 0 00:14:36, Sys 0 00:00:06  -  Run Remote Usage
		Usr 0 00:00:00, Sys 0 00:00:00  -  Run Local Usage
		Usr 0 00:14:36, Sys 0 00:00:06  -  Total Remote Usage
		Usr 0 00:00:00, Sys 0 00:00:00  -  Total Local Usage
	0  -  Run Bytes Sent By Job
	0  -  Run Bytes Received By Job
	0  -  Total Bytes Sent By Job
	0  -  Total Bytes Received By Job
	Partitionable Resources :    Usage  Request Allocated
	   Cpus                 :                 1         1
	   Disk (KB)            :        1        1   1911592
	   Gpus                 :                           0
	   Memory (MB)          :      203        1     21164
...
000 (382841.000.000) 05/07 20:16:55 Job submitted from host: <128.83.144.155:57685?addrs=128.83.144.155-57685>
...
001 (382841.000.000) 05/07 20:35:20 Job executing on host: <128.83.120.75:40005?addrs=128.83.120.75-40005>
...
006 (382841.000.000) 05/07 20:35:29 Image size of job updated: 1259848
	100  -  MemoryUsage of job (MB)
	102216  -  ResidentSetSize of job (KB)
...
006 (382841.000.000) 05/07 20:40:30 Image size of job updated: 1259856
	147  -  MemoryUsage of job (MB)
	149812  -  ResidentSetSize of job (KB)
...
006 (382841.000.000) 05/07 20:45:31 Image size of job updated: 1259856
	179  -  MemoryUsage of job (MB)
	183184  -  ResidentSetSize of job (KB)
...
006 (382841.000.000) 05/07 20:50:31 Image size of job updated: 1259856
	196  -  MemoryUsage of job (MB)
	199920  -  ResidentSetSize of job (KB)
...
006 (382841.000.000) 05/07 20:53:14 Image size of job updated: 1325396
	196  -  MemoryUsage of job (MB)
	199920  -  ResidentSetSize of job (KB)
...
005 (382841.000.000) 05/07 20:53:14 Job terminated.
	(1) Normal termination (return value 0)
		Usr 0 00:17:08, Sys 0 00:00:24  -  Run Remote Usage
		Usr 0 00:00:00, Sys 0 00:00:00  -  Run Local Usage
		Usr 0 00:17:08, Sys 0 00:00:24  -  Total Remote Usage
		Usr 0 00:00:00, Sys 0 00:00:00  -  Total Local Usage
	0  -  Run Bytes Sent By Job
	0  -  Run Bytes Received By Job
	0  -  Total Bytes Sent By Job
	0  -  Total Bytes Received By Job
	Partitionable Resources :    Usage  Request Allocated
	   Cpus                 :                 1         1
	   Disk (KB)            :        1        1   8812343
	   Gpus                 :                           0
	   Memory (MB)          :      196        1      4028
...
000 (384083.000.000) 05/08 05:52:57 Job submitted from host: <128.83.144.155:57685?addrs=128.83.144.155-57685>
...
001 (384083.000.000) 05/08 06:12:44 Job executing on host: <128.83.120.128:51378?addrs=128.83.120.128-51378>
...
006 (384083.000.000) 05/08 06:12:52 Image size of job updated: 1
	2  -  MemoryUsage of job (MB)
	1688  -  ResidentSetSize of job (KB)
...
006 (384083.000.000) 05/08 06:17:52 Image size of job updated: 1259852
	135  -  MemoryUsage of job (MB)
	137508  -  ResidentSetSize of job (KB)
...
006 (384083.000.000) 05/08 06:22:53 Image size of job updated: 1259852
	169  -  MemoryUsage of job (MB)
	172916  -  ResidentSetSize of job (KB)
...
006 (384083.000.000) 05/08 06:27:53 Image size of job updated: 1259852
	184  -  MemoryUsage of job (MB)
	188176  -  ResidentSetSize of job (KB)
...
006 (384083.000.000) 05/08 06:32:53 Image size of job updated: 1325644
	197  -  MemoryUsage of job (MB)
	201212  -  ResidentSetSize of job (KB)
...
005 (384083.000.000) 05/08 06:33:09 Job terminated.
	(1) Normal termination (return value 0)
		Usr 0 00:19:53, Sys 0 00:00:24  -  Run Remote Usage
		Usr 0 00:00:00, Sys 0 00:00:00  -  Run Local Usage
		Usr 0 00:19:53, Sys 0 00:00:24  -  Total Remote Usage
		Usr 0 00:00:00, Sys 0 00:00:00  -  Total Local Usage
	0  -  Run Bytes Sent By Job
	0  -  Run Bytes Received By Job
	0  -  Total Bytes Sent By Job
	0  -  Total Bytes Received By Job
	Partitionable Resources :    Usage  Request Allocated
	   Cpus                 :                 1         1
	   Disk (KB)            :        1        1    802849
	   Gpus                 :                           0
	   Memory (MB)          :      197        1     12899
...
000 (417476.000.000) 05/09 03:37:22 Job submitted from host: <128.83.144.154:52346?addrs=128.83.144.154-52346>
...
001 (417476.000.000) 05/09 03:55:14 Job executing on host: <128.83.144.55:40067?addrs=128.83.144.55-40067>
...
006 (417476.000.000) 05/09 03:55:22 Image size of job updated: 341444
	23  -  MemoryUsage of job (MB)
	22616  -  ResidentSetSize of job (KB)
...
006 (417476.000.000) 05/09 04:00:22 Image size of job updated: 1259964
	148  -  MemoryUsage of job (MB)
	150964  -  ResidentSetSize of job (KB)
...
006 (417476.000.000) 05/09 04:05:23 Image size of job updated: 1259968
	182  -  MemoryUsage of job (MB)
	185492  -  ResidentSetSize of job (KB)
...
006 (417476.000.000) 05/09 04:10:23 Image size of job updated: 1325500
	199  -  MemoryUsage of job (MB)
	202988  -  ResidentSetSize of job (KB)
...
005 (417476.000.000) 05/09 04:13:06 Job terminated.
	(1) Normal termination (return value 0)
		Usr 0 00:17:38, Sys 0 00:00:10  -  Run Remote Usage
		Usr 0 00:00:00, Sys 0 00:00:00  -  Run Local Usage
		Usr 0 00:17:38, Sys 0 00:00:10  -  Total Remote Usage
		Usr 0 00:00:00, Sys 0 00:00:00  -  Total Local Usage
	0  -  Run Bytes Sent By Job
	0  -  Run Bytes Received By Job
	0  -  Total Bytes Sent By Job
	0  -  Total Bytes Received By Job
	Partitionable Resources :    Usage  Request Allocated
	   Cpus                 :                 1         1
	   Disk (KB)            :        2        2   7539970
	   Gpus                 :                           0
	   Memory (MB)          :      199        1      4027
...
