000 (516049.000.000) 05/05 17:13:16 Job submitted from host: <128.83.144.149:44250?addrs=128.83.144.149-44250>
...
001 (516049.000.000) 05/05 17:13:32 Job executing on host: <128.83.144.13:57145?addrs=128.83.144.13-57145>
...
006 (516049.000.000) 05/05 17:13:40 Image size of job updated: 915080
	54  -  MemoryUsage of job (MB)
	54584  -  ResidentSetSize of job (KB)
...
006 (516049.000.000) 05/05 17:14:26 Image size of job updated: 916772
	54  -  MemoryUsage of job (MB)
	54584  -  ResidentSetSize of job (KB)
...
004 (516049.000.000) 05/05 17:14:26 Job was evicted.
	(0) Job was not checkpointed.
		Usr 0 00:00:00, Sys 0 00:00:00  -  Run Remote Usage
		Usr 0 00:00:00, Sys 0 00:00:00  -  Run Local Usage
	0  -  Run Bytes Sent By Job
	0  -  Run Bytes Received By Job
	Partitionable Resources :    Usage  Request Allocated
	   Cpus                 :                 1         1
	   Disk (KB)            :        1        1    824403
	   Gpus                 :                           0
	   Memory (MB)          :       54        1     12899
...
009 (516049.000.000) 05/05 17:14:27 Job was aborted by the user.
	via condor_rm (by user ypei)
...
000 (516274.000.000) 05/05 17:15:01 Job submitted from host: <128.83.144.149:44250?addrs=128.83.144.149-44250>
...
001 (516274.000.000) 05/05 17:16:01 Job executing on host: <128.83.144.83:49976?addrs=128.83.144.83-49976>
...
006 (516274.000.000) 05/05 17:16:09 Image size of job updated: 1
	2  -  MemoryUsage of job (MB)
	1636  -  ResidentSetSize of job (KB)
...
006 (516274.000.000) 05/05 17:18:11 Image size of job updated: 1090096
	279  -  MemoryUsage of job (MB)
	285060  -  ResidentSetSize of job (KB)
...
004 (516274.000.000) 05/05 17:18:11 Job was evicted.
	(0) Job was not checkpointed.
		Usr 0 00:00:49, Sys 0 00:00:01  -  Run Remote Usage
		Usr 0 00:00:00, Sys 0 00:00:00  -  Run Local Usage
	0  -  Run Bytes Sent By Job
	0  -  Run Bytes Received By Job
	Partitionable Resources :    Usage  Request Allocated
	   Cpus                 :                 1         1
	   Disk (KB)            :        1        1   2234942
	   Gpus                 :                           0
	   Memory (MB)          :      279        1      4028
...
009 (516274.000.000) 05/05 17:18:11 Job was aborted by the user.
	via condor_rm (by user ypei)
...
000 (516481.000.000) 05/05 17:18:32 Job submitted from host: <128.83.144.149:44250?addrs=128.83.144.149-44250>
...
001 (516481.000.000) 05/05 17:19:00 Job executing on host: <128.83.144.13:57145?addrs=128.83.144.13-57145>
...
006 (516481.000.000) 05/05 17:19:10 Image size of job updated: 915240
	56  -  MemoryUsage of job (MB)
	56784  -  ResidentSetSize of job (KB)
...
006 (516481.000.000) 05/05 17:21:20 Image size of job updated: 1090104
	291  -  MemoryUsage of job (MB)
	297820  -  ResidentSetSize of job (KB)
...
004 (516481.000.000) 05/05 17:21:20 Job was evicted.
	(0) Job was not checkpointed.
		Usr 0 00:01:03, Sys 0 00:00:01  -  Run Remote Usage
		Usr 0 00:00:00, Sys 0 00:00:00  -  Run Local Usage
	0  -  Run Bytes Sent By Job
	0  -  Run Bytes Received By Job
	Partitionable Resources :    Usage  Request Allocated
	   Cpus                 :                 1         1
	   Disk (KB)            :        1        1    824403
	   Gpus                 :                           0
	   Memory (MB)          :      291        1     12899
...
009 (516481.000.000) 05/05 17:21:20 Job was aborted by the user.
	via condor_rm (by user ypei)
...
000 (517102.000.000) 05/05 17:21:56 Job submitted from host: <128.83.144.149:44250?addrs=128.83.144.149-44250>
...
001 (517102.000.000) 05/05 17:22:24 Job executing on host: <128.83.139.15:46714?addrs=128.83.139.15-46714>
...
006 (517102.000.000) 05/05 17:22:33 Image size of job updated: 915244
	54  -  MemoryUsage of job (MB)
	54728  -  ResidentSetSize of job (KB)
...
006 (517102.000.000) 05/05 17:27:34 Image size of job updated: 1155660
	339  -  MemoryUsage of job (MB)
	346220  -  ResidentSetSize of job (KB)
...
006 (517102.000.000) 05/05 17:32:35 Image size of job updated: 1221324
	395  -  MemoryUsage of job (MB)
	404304  -  ResidentSetSize of job (KB)
...
006 (517102.000.000) 05/05 17:37:35 Image size of job updated: 1221336
	418  -  MemoryUsage of job (MB)
	428016  -  ResidentSetSize of job (KB)
...
006 (517102.000.000) 05/05 17:42:35 Image size of job updated: 1221356
	435  -  MemoryUsage of job (MB)
	445156  -  ResidentSetSize of job (KB)
...
006 (517102.000.000) 05/05 17:47:36 Image size of job updated: 1287168
	452  -  MemoryUsage of job (MB)
	462452  -  ResidentSetSize of job (KB)
...
005 (517102.000.000) 05/05 17:51:37 Job terminated.
	(1) Normal termination (return value 0)
		Usr 0 00:27:13, Sys 0 00:00:30  -  Run Remote Usage
		Usr 0 00:00:00, Sys 0 00:00:00  -  Run Local Usage
		Usr 0 00:27:13, Sys 0 00:00:30  -  Total Remote Usage
		Usr 0 00:00:00, Sys 0 00:00:00  -  Total Local Usage
	0  -  Run Bytes Sent By Job
	0  -  Run Bytes Received By Job
	0  -  Total Bytes Sent By Job
	0  -  Total Bytes Received By Job
	Partitionable Resources :    Usage  Request Allocated
	   Cpus                 :                 1         1
	   Disk (KB)            :        1        1   1684661
	   Gpus                 :                           0
	   Memory (MB)          :      452        1     12899
...
000 (518137.000.000) 05/06 21:33:09 Job submitted from host: <128.83.144.149:44250?addrs=128.83.144.149-44250>
...
001 (518137.000.000) 05/06 21:33:17 Job executing on host: <128.83.144.13:57145?addrs=128.83.144.13-57145>
...
006 (518137.000.000) 05/06 21:33:25 Image size of job updated: 915244
	56  -  MemoryUsage of job (MB)
	56764  -  ResidentSetSize of job (KB)
...
006 (518137.000.000) 05/06 21:33:45 Image size of job updated: 916908
	56  -  MemoryUsage of job (MB)
	56764  -  ResidentSetSize of job (KB)
...
004 (518137.000.000) 05/06 21:33:45 Job was evicted.
	(0) Job was not checkpointed.
		Usr 0 00:00:00, Sys 0 00:00:00  -  Run Remote Usage
		Usr 0 00:00:00, Sys 0 00:00:00  -  Run Local Usage
	0  -  Run Bytes Sent By Job
	0  -  Run Bytes Received By Job
	Partitionable Resources :    Usage  Request Allocated
	   Cpus                 :                 1         1
	   Disk (KB)            :        1        1    797355
	   Gpus                 :                           0
	   Memory (MB)          :       56        1     12899
...
009 (518137.000.000) 05/06 21:33:46 Job was aborted by the user.
	via condor_rm (by user ypei)
...
000 (518344.000.000) 05/06 21:34:17 Job submitted from host: <128.83.144.149:44250?addrs=128.83.144.149-44250>
...
001 (518344.000.000) 05/06 21:34:24 Job executing on host: <128.83.144.5:44408?addrs=128.83.144.5-44408>
...
006 (518344.000.000) 05/06 21:34:32 Image size of job updated: 915380
	56  -  MemoryUsage of job (MB)
	56720  -  ResidentSetSize of job (KB)
...
006 (518344.000.000) 05/06 21:39:32 Image size of job updated: 1155828
	323  -  MemoryUsage of job (MB)
	330420  -  ResidentSetSize of job (KB)
...
006 (518344.000.000) 05/06 21:44:33 Image size of job updated: 1155932
	380  -  MemoryUsage of job (MB)
	388608  -  ResidentSetSize of job (KB)
...
006 (518344.000.000) 05/06 21:49:34 Image size of job updated: 1221500
	403  -  MemoryUsage of job (MB)
	412640  -  ResidentSetSize of job (KB)
...
006 (518344.000.000) 05/06 21:54:34 Image size of job updated: 1221504
	420  -  MemoryUsage of job (MB)
	429092  -  ResidentSetSize of job (KB)
...
006 (518344.000.000) 05/06 21:59:34 Image size of job updated: 1221780
	432  -  MemoryUsage of job (MB)
	441456  -  ResidentSetSize of job (KB)
...
006 (518344.000.000) 05/06 22:04:35 Image size of job updated: 1221800
	444  -  MemoryUsage of job (MB)
	454504  -  ResidentSetSize of job (KB)
...
006 (518344.000.000) 05/06 22:09:36 Image size of job updated: 1287340
	453  -  MemoryUsage of job (MB)
	463564  -  ResidentSetSize of job (KB)
...
005 (518344.000.000) 05/06 22:13:49 Job terminated.
	(1) Normal termination (return value 0)
		Usr 0 00:37:01, Sys 0 00:00:56  -  Run Remote Usage
		Usr 0 00:00:00, Sys 0 00:00:00  -  Run Local Usage
		Usr 0 00:37:01, Sys 0 00:00:56  -  Total Remote Usage
		Usr 0 00:00:00, Sys 0 00:00:00  -  Total Local Usage
	0  -  Run Bytes Sent By Job
	0  -  Run Bytes Received By Job
	0  -  Total Bytes Sent By Job
	0  -  Total Bytes Received By Job
	Partitionable Resources :    Usage  Request Allocated
	   Cpus                 :                 1         1
	   Disk (KB)            :        1        1    790436
	   Gpus                 :                           0
	   Memory (MB)          :      453        1     12899
...
000 (381912.000.000) 05/07 00:29:07 Job submitted from host: <128.83.144.155:57685?addrs=128.83.144.155-57685>
...
001 (381912.000.000) 05/07 00:29:20 Job executing on host: <128.83.120.250:59851?addrs=128.83.120.250-59851>
...
006 (381912.000.000) 05/07 00:29:28 Image size of job updated: 915380
	54  -  MemoryUsage of job (MB)
	54700  -  ResidentSetSize of job (KB)
...
006 (381912.000.000) 05/07 00:34:28 Image size of job updated: 1090288
	313  -  MemoryUsage of job (MB)
	319992  -  ResidentSetSize of job (KB)
...
006 (381912.000.000) 05/07 00:39:30 Image size of job updated: 1155932
	361  -  MemoryUsage of job (MB)
	368652  -  ResidentSetSize of job (KB)
...
006 (381912.000.000) 05/07 00:44:30 Image size of job updated: 1155964
	378  -  MemoryUsage of job (MB)
	386840  -  ResidentSetSize of job (KB)
...
006 (381912.000.000) 05/07 00:49:30 Image size of job updated: 1221780
	394  -  MemoryUsage of job (MB)
	402580  -  ResidentSetSize of job (KB)
...
006 (381912.000.000) 05/07 00:54:31 Image size of job updated: 1221804
	406  -  MemoryUsage of job (MB)
	415520  -  ResidentSetSize of job (KB)
...
006 (381912.000.000) 05/07 00:59:32 Image size of job updated: 1221804
	415  -  MemoryUsage of job (MB)
	424744  -  ResidentSetSize of job (KB)
...
005 (381912.000.000) 05/07 01:02:08 Job terminated.
	(1) Normal termination (return value 0)
		Usr 0 00:30:50, Sys 0 00:00:38  -  Run Remote Usage
		Usr 0 00:00:00, Sys 0 00:00:00  -  Run Local Usage
		Usr 0 00:30:50, Sys 0 00:00:38  -  Total Remote Usage
		Usr 0 00:00:00, Sys 0 00:00:00  -  Total Local Usage
	0  -  Run Bytes Sent By Job
	0  -  Run Bytes Received By Job
	0  -  Total Bytes Sent By Job
	0  -  Total Bytes Received By Job
	Partitionable Resources :    Usage  Request Allocated
	   Cpus                 :                 1         1
	   Disk (KB)            :        1        1    798512
	   Gpus                 :                           0
	   Memory (MB)          :      415        1     12899
...
