000 (515961.000.000) 05/05 17:13:08 Job submitted from host: <128.83.144.149:44250?addrs=128.83.144.149-44250>
...
001 (515961.000.000) 05/05 17:13:29 Job executing on host: <128.83.120.230:37764?addrs=128.83.120.230-37764>
...
006 (515961.000.000) 05/05 17:13:38 Image size of job updated: 799788
	56  -  MemoryUsage of job (MB)
	56516  -  ResidentSetSize of job (KB)
...
006 (515961.000.000) 05/05 17:14:28 Image size of job updated: 801480
	56  -  MemoryUsage of job (MB)
	56516  -  ResidentSetSize of job (KB)
...
004 (515961.000.000) 05/05 17:14:28 Job was evicted.
	(0) Job was not checkpointed.
		Usr 0 00:00:00, Sys 0 00:00:00  -  Run Remote Usage
		Usr 0 00:00:00, Sys 0 00:00:00  -  Run Local Usage
	0  -  Run Bytes Sent By Job
	0  -  Run Bytes Received By Job
	Partitionable Resources :    Usage  Request Allocated
	   Cpus                 :                 1         1
	   Disk (KB)            :        1        1    827449
	   Gpus                 :                           0
	   Memory (MB)          :       56        1     12899
...
009 (515961.000.000) 05/05 17:14:29 Job was aborted by the user.
	via condor_rm (by user ypei)
...
000 (516186.000.000) 05/05 17:14:50 Job submitted from host: <128.83.144.149:44250?addrs=128.83.144.149-44250>
...
001 (516186.000.000) 05/05 17:14:58 Job executing on host: <128.83.120.229:58979?addrs=128.83.120.229-58979>
...
006 (516186.000.000) 05/05 17:15:07 Image size of job updated: 799948
	54  -  MemoryUsage of job (MB)
	54696  -  ResidentSetSize of job (KB)
...
006 (516186.000.000) 05/05 17:18:08 Image size of job updated: 972644
	88  -  MemoryUsage of job (MB)
	90044  -  ResidentSetSize of job (KB)
...
004 (516186.000.000) 05/05 17:18:08 Job was evicted.
	(0) Job was not checkpointed.
		Usr 0 00:00:54, Sys 0 00:00:01  -  Run Remote Usage
		Usr 0 00:00:00, Sys 0 00:00:00  -  Run Local Usage
	0  -  Run Bytes Sent By Job
	0  -  Run Bytes Received By Job
	Partitionable Resources :    Usage  Request Allocated
	   Cpus                 :                 1         1
	   Disk (KB)            :        1        1    828970
	   Gpus                 :                           0
	   Memory (MB)          :       88        1     12899
...
009 (516186.000.000) 05/05 17:18:08 Job was aborted by the user.
	via condor_rm (by user ypei)
...
000 (516393.000.000) 05/05 17:18:20 Job submitted from host: <128.83.144.149:44250?addrs=128.83.144.149-44250>
...
001 (516393.000.000) 05/05 17:18:30 Job executing on host: <128.83.120.250:59851?addrs=128.83.120.250-59851>
...
006 (516393.000.000) 05/05 17:18:39 Image size of job updated: 799948
	56  -  MemoryUsage of job (MB)
	56740  -  ResidentSetSize of job (KB)
...
006 (516393.000.000) 05/05 17:21:23 Image size of job updated: 971520
	56  -  MemoryUsage of job (MB)
	56740  -  ResidentSetSize of job (KB)
...
004 (516393.000.000) 05/05 17:21:23 Job was evicted.
	(0) Job was not checkpointed.
		Usr 0 00:01:18, Sys 0 00:00:01  -  Run Remote Usage
		Usr 0 00:00:00, Sys 0 00:00:00  -  Run Local Usage
	0  -  Run Bytes Sent By Job
	0  -  Run Bytes Received By Job
	Partitionable Resources :    Usage  Request Allocated
	   Cpus                 :                 1         1
	   Disk (KB)            :        1        1    812581
	   Gpus                 :                           0
	   Memory (MB)          :       56        1     12899
...
009 (516393.000.000) 05/05 17:21:23 Job was aborted by the user.
	via condor_rm (by user ypei)
...
000 (517014.000.000) 05/05 17:21:42 Job submitted from host: <128.83.144.149:44250?addrs=128.83.144.149-44250>
...
001 (517014.000.000) 05/05 17:21:52 Job executing on host: <128.83.120.128:51378?addrs=128.83.120.128-51378>
...
006 (517014.000.000) 05/05 17:22:01 Image size of job updated: 800460
	56  -  MemoryUsage of job (MB)
	57284  -  ResidentSetSize of job (KB)
...
006 (517014.000.000) 05/05 17:27:02 Image size of job updated: 972644
	93  -  MemoryUsage of job (MB)
	95052  -  ResidentSetSize of job (KB)
...
006 (517014.000.000) 05/05 17:32:02 Image size of job updated: 973000
	105  -  MemoryUsage of job (MB)
	107436  -  ResidentSetSize of job (KB)
...
006 (517014.000.000) 05/05 17:37:02 Image size of job updated: 974448
	112  -  MemoryUsage of job (MB)
	114152  -  ResidentSetSize of job (KB)
...
006 (517014.000.000) 05/05 17:42:03 Image size of job updated: 974704
	115  -  MemoryUsage of job (MB)
	117232  -  ResidentSetSize of job (KB)
...
006 (517014.000.000) 05/05 17:47:03 Image size of job updated: 974708
	118  -  MemoryUsage of job (MB)
	120384  -  ResidentSetSize of job (KB)
...
005 (517014.000.000) 05/05 17:51:42 Job terminated.
	(1) Normal termination (return value 0)
		Usr 0 00:28:14, Sys 0 00:00:25  -  Run Remote Usage
		Usr 0 00:00:00, Sys 0 00:00:00  -  Run Local Usage
		Usr 0 00:28:14, Sys 0 00:00:25  -  Total Remote Usage
		Usr 0 00:00:00, Sys 0 00:00:00  -  Total Local Usage
	0  -  Run Bytes Sent By Job
	0  -  Run Bytes Received By Job
	0  -  Total Bytes Sent By Job
	0  -  Total Bytes Received By Job
	Partitionable Resources :    Usage  Request Allocated
	   Cpus                 :                 1         1
	   Disk (KB)            :        1        1    812221
	   Gpus                 :                           0
	   Memory (MB)          :      118        1     12899
...
000 (518049.000.000) 05/06 21:33:02 Job submitted from host: <128.83.144.149:44250?addrs=128.83.144.149-44250>
...
001 (518049.000.000) 05/06 21:33:14 Job executing on host: <128.83.139.15:46714?addrs=128.83.139.15-46714>
...
006 (518049.000.000) 05/06 21:33:23 Image size of job updated: 800084
	56  -  MemoryUsage of job (MB)
	56784  -  ResidentSetSize of job (KB)
...
006 (518049.000.000) 05/06 21:33:43 Image size of job updated: 801616
	56  -  MemoryUsage of job (MB)
	56784  -  ResidentSetSize of job (KB)
...
004 (518049.000.000) 05/06 21:33:43 Job was evicted.
	(0) Job was not checkpointed.
		Usr 0 00:00:00, Sys 0 00:00:00  -  Run Remote Usage
		Usr 0 00:00:00, Sys 0 00:00:00  -  Run Local Usage
	0  -  Run Bytes Sent By Job
	0  -  Run Bytes Received By Job
	Partitionable Resources :    Usage  Request Allocated
	   Cpus                 :                 1         1
	   Disk (KB)            :        1        1   1672476
	   Gpus                 :                           0
	   Memory (MB)          :       56        1     12899
...
009 (518049.000.000) 05/06 21:33:43 Job was aborted by the user.
	via condor_rm (by user ypei)
...
000 (518256.000.000) 05/06 21:34:10 Job submitted from host: <128.83.144.149:44250?addrs=128.83.144.149-44250>
...
001 (518256.000.000) 05/06 21:34:21 Job executing on host: <128.83.144.112:35333?addrs=128.83.144.112-35333>
...
006 (518256.000.000) 05/06 21:34:30 Image size of job updated: 340620
	22  -  MemoryUsage of job (MB)
	21544  -  ResidentSetSize of job (KB)
...
006 (518256.000.000) 05/06 21:39:31 Image size of job updated: 972812
	93  -  MemoryUsage of job (MB)
	94992  -  ResidentSetSize of job (KB)
...
006 (518256.000.000) 05/06 21:44:31 Image size of job updated: 974616
	111  -  MemoryUsage of job (MB)
	113412  -  ResidentSetSize of job (KB)
...
006 (518256.000.000) 05/06 21:49:31 Image size of job updated: 974616
	115  -  MemoryUsage of job (MB)
	117176  -  ResidentSetSize of job (KB)
...
006 (518256.000.000) 05/06 21:54:32 Image size of job updated: 974620
	118  -  MemoryUsage of job (MB)
	120144  -  ResidentSetSize of job (KB)
...
006 (518256.000.000) 05/06 21:59:33 Image size of job updated: 974872
	122  -  MemoryUsage of job (MB)
	124888  -  ResidentSetSize of job (KB)
...
005 (518256.000.000) 05/06 22:01:20 Job terminated.
	(1) Normal termination (return value 0)
		Usr 0 00:25:13, Sys 0 00:00:29  -  Run Remote Usage
		Usr 0 00:00:00, Sys 0 00:00:00  -  Run Local Usage
		Usr 0 00:25:13, Sys 0 00:00:29  -  Total Remote Usage
		Usr 0 00:00:00, Sys 0 00:00:00  -  Total Local Usage
	0  -  Run Bytes Sent By Job
	0  -  Run Bytes Received By Job
	0  -  Total Bytes Sent By Job
	0  -  Total Bytes Received By Job
	Partitionable Resources :    Usage  Request Allocated
	   Cpus                 :                 1         1
	   Disk (KB)            :        1        1    803081
	   Gpus                 :                           0
	   Memory (MB)          :      122        1     12899
...
000 (381824.000.000) 05/07 00:29:01 Job submitted from host: <128.83.144.155:57685?addrs=128.83.144.155-57685>
...
001 (381824.000.000) 05/07 00:29:16 Job executing on host: <128.83.139.15:46714?addrs=128.83.139.15-46714>
...
006 (381824.000.000) 05/07 00:29:26 Image size of job updated: 800464
	55  -  MemoryUsage of job (MB)
	55424  -  ResidentSetSize of job (KB)
...
006 (381824.000.000) 05/07 00:34:26 Image size of job updated: 972680
	100  -  MemoryUsage of job (MB)
	101660  -  ResidentSetSize of job (KB)
...
006 (381824.000.000) 05/07 00:39:26 Image size of job updated: 974740
	118  -  MemoryUsage of job (MB)
	120452  -  ResidentSetSize of job (KB)
...
006 (381824.000.000) 05/07 00:44:27 Image size of job updated: 974740
	122  -  MemoryUsage of job (MB)
	124352  -  ResidentSetSize of job (KB)
...
006 (381824.000.000) 05/07 00:49:28 Image size of job updated: 974744
	126  -  MemoryUsage of job (MB)
	128852  -  ResidentSetSize of job (KB)
...
005 (381824.000.000) 05/07 00:51:10 Job terminated.
	(1) Normal termination (return value 0)
		Usr 0 00:20:19, Sys 0 00:00:22  -  Run Remote Usage
		Usr 0 00:00:00, Sys 0 00:00:00  -  Run Local Usage
		Usr 0 00:20:19, Sys 0 00:00:22  -  Total Remote Usage
		Usr 0 00:00:00, Sys 0 00:00:00  -  Total Local Usage
	0  -  Run Bytes Sent By Job
	0  -  Run Bytes Received By Job
	0  -  Total Bytes Sent By Job
	0  -  Total Bytes Received By Job
	Partitionable Resources :    Usage  Request Allocated
	   Cpus                 :                 1         1
	   Disk (KB)            :        1        1   1672476
	   Gpus                 :                           0
	   Memory (MB)          :      126        1     12899
...
