[SNIPER] Start
Sampler: 4, 32, 0
itlb_cache: 32, 1
itlb_cache_L1: 32, 1
Sampler: 4, 128, 0
dtlb_cache: 128, 4
dtlb_cache_L1: 128, 4
L1-I 2
Sampler: 4, 4, 128
L1-I: 2048, 64
L1-I_L1: 2048, 64
L1-D 3
Sampler: 4, 8, 32
L1-D: 1024, 32
L1-D_L1: 1024, 32
L2 4
Sampler: 122, 16, 16
L2: 32768, 1024
L2_L1: 32768, 1024
Executing Python script /v/filer4b/v20q001/ypei/Desktop/cs395t-lin/output/run_all_hybrid_headroom2/libquantum/8/sim.scripts.py
[STOPBYICOUNT] Starting in ROI (detail)
[STOPBYICOUNT] Then stopping after simulating at least 250000000 instructions in detail
[SNIPER] --------------------------------------------------------------------------------
[SNIPER] Sniper using SIFT/trace-driven frontend
[SNIPER] Running full application in DETAILED mode
[SNIPER] --------------------------------------------------------------------------------
[SNIPER] Enabling performance models
[SNIPER] Setting instrumentation mode to DETAILED
[STOPBYICOUNT] Ending ROI after 250000004 instructions (250000000 requested)
[SNIPER] Disabling performance models
[SNIPER] Leaving ROI after 1042.99 seconds
[SNIPER] Simulated 250.0M instructions, 183.6M cycles, 1.36 IPC
[SNIPER] Simulation speed 239.7 KIPS (239.7 KIPS / target core - 4172.0ns/instr)
[SNIPER] Setting instrumentation mode to FAST_FORWARD
[app0] [SIFT_RECORDER] sift_writer.cc:550: Sift::Mode Sift::Writer::Sync(): Assertion `!response->fail()' failed.
Hawkeye Victims: 0
LRU Victims: 0
Hawkeye Victims: 0
LRU Victims: 0
Hawkeye Victims: 0
[app0] Pin app terminated abnormally due to signal 6.
LRU Victims: 0
a test for execution

Inserted: 0
Redundant.progress: 0
Redundant.cache: 0
Redundant.buffer: 0
Hawkeye Victims: 0
LRU Victims: 0
a test for execution

Inserted: 0
Redundant.progress: 0
Redundant.cache: 0
Redundant.buffer: 0
Hawkeye Victims: 0
LRU Victims: 0
 =========================================================== 
Triggers: 5912510
Repeats: 0

Same addr: 5387900 91.1271
New addr: 2056 0.0347737

Distribution of new addresses: 
Stream Head: 2048 99.6109
Stream Divergence: 0 0

Invalidation count: 255 12.4027
No Conflict count: 255 12.4027
Same Stream count: 0 0
New Stream count: 0 0

Not found: 522520
On Chip Mispredictions: 0
 =========================================================== 
Distribution of predictions: 
Predict Init: 5388189 91.132
Total Predictions: 5367100
Predict OCI Miss: 34 0.00063101
Predict Stream End: 21089 0.391393
Buffer Success: 0 0
Stride Distribution: 0, 1425, 0, 0, 0, 0, 0, 0, 0, 5911085, 0, 0, 0, 0, 0, 0, 0, 0, 0, 0, 0, 0, 0, 0, 0, 0, 0, 0, 0, 0, 0, 0, 0, 0, 0, 0, 0, 0, 0, 0, 0, 0, 0, 0, 0, 0, 0, 0, 0, 0, 0, 0, 0, 0, 0, 0, 0, 0, 0, 0, 0, 0, 0, 0, 0, 0, 33, 0, 0, 0, 0, 0, 34133152, 0, 49, 0, 15, 0, 15, 0, 0, 6644585, 1868787317, 1915577714, 1702195557, 7566451, 113, 0, 5073232, 0, 30806512, 0, 0, 0, 5073232, 0, 31364928, 0, 0, 0, 5073232, 0, 31637280, 0, 0, 0, 5165152, 0, 3553762672, 10925, 0, 10925, 34131456, 0, 49, 0, 6, 0, 6, 0, 0, 0, 1919906931, 29541, 48, 0, 49, 0, 
a test for execution

Inserted: 11279572
Redundant.progress: 3749684
Redundant.cache: 1617359
Redundant.buffer: 0
[SNIPER] End
[SNIPER] Elapsed time: 1113.09 seconds
