000 (515997.000.000) 05/05 17:13:11 Job submitted from host: <128.83.144.149:44250?addrs=128.83.144.149-44250>
...
001 (515997.000.000) 05/05 17:13:31 Job executing on host: <128.83.120.250:59851?addrs=128.83.120.250-59851>
...
006 (515997.000.000) 05/05 17:13:39 Image size of job updated: 776592
	56  -  MemoryUsage of job (MB)
	56480  -  ResidentSetSize of job (KB)
...
006 (515997.000.000) 05/05 17:14:28 Image size of job updated: 778284
	56  -  MemoryUsage of job (MB)
	56480  -  ResidentSetSize of job (KB)
...
004 (515997.000.000) 05/05 17:14:28 Job was evicted.
	(0) Job was not checkpointed.
		Usr 0 00:00:00, Sys 0 00:00:00  -  Run Remote Usage
		Usr 0 00:00:00, Sys 0 00:00:00  -  Run Local Usage
	0  -  Run Bytes Sent By Job
	0  -  Run Bytes Received By Job
	Partitionable Resources :    Usage  Request Allocated
	   Cpus                 :                 1         1
	   Disk (KB)            :        2        2    815266
	   Gpus                 :                           0
	   Memory (MB)          :       56        1     12899
...
009 (515997.000.000) 05/05 17:14:29 Job was aborted by the user.
	via condor_rm (by user ypei)
...
000 (516222.000.000) 05/05 17:14:53 Job submitted from host: <128.83.144.149:44250?addrs=128.83.144.149-44250>
...
001 (516222.000.000) 05/05 17:15:01 Job executing on host: <128.83.139.15:46714?addrs=128.83.139.15-46714>
...
006 (516222.000.000) 05/05 17:15:09 Image size of job updated: 776752
	56  -  MemoryUsage of job (MB)
	56932  -  ResidentSetSize of job (KB)
...
006 (516222.000.000) 05/05 17:18:08 Image size of job updated: 946468
	56  -  MemoryUsage of job (MB)
	56932  -  ResidentSetSize of job (KB)
...
004 (516222.000.000) 05/05 17:18:08 Job was evicted.
	(0) Job was not checkpointed.
		Usr 0 00:01:05, Sys 0 00:00:01  -  Run Remote Usage
		Usr 0 00:00:00, Sys 0 00:00:00  -  Run Local Usage
	0  -  Run Bytes Sent By Job
	0  -  Run Bytes Received By Job
	Partitionable Resources :    Usage  Request Allocated
	   Cpus                 :                 1         1
	   Disk (KB)            :        2        2   1684662
	   Gpus                 :                           0
	   Memory (MB)          :       56        1     12899
...
009 (516222.000.000) 05/05 17:18:08 Job was aborted by the user.
	via condor_rm (by user ypei)
...
000 (516429.000.000) 05/05 17:18:24 Job submitted from host: <128.83.144.149:44250?addrs=128.83.144.149-44250>
...
001 (516429.000.000) 05/05 17:18:31 Job executing on host: <128.83.144.13:57145?addrs=128.83.144.13-57145>
...
006 (516429.000.000) 05/05 17:18:40 Image size of job updated: 776752
	56  -  MemoryUsage of job (MB)
	56752  -  ResidentSetSize of job (KB)
...
006 (516429.000.000) 05/05 17:21:22 Image size of job updated: 1078180
	56  -  MemoryUsage of job (MB)
	56752  -  ResidentSetSize of job (KB)
...
004 (516429.000.000) 05/05 17:21:22 Job was evicted.
	(0) Job was not checkpointed.
		Usr 0 00:01:16, Sys 0 00:00:01  -  Run Remote Usage
		Usr 0 00:00:00, Sys 0 00:00:00  -  Run Local Usage
	0  -  Run Bytes Sent By Job
	0  -  Run Bytes Received By Job
	Partitionable Resources :    Usage  Request Allocated
	   Cpus                 :                 1         1
	   Disk (KB)            :        2        2    824403
	   Gpus                 :                           0
	   Memory (MB)          :       56        1     12899
...
009 (516429.000.000) 05/05 17:21:23 Job was aborted by the user.
	via condor_rm (by user ypei)
...
000 (517050.000.000) 05/05 17:21:48 Job submitted from host: <128.83.144.149:44250?addrs=128.83.144.149-44250>
...
001 (517050.000.000) 05/05 17:21:54 Job executing on host: <128.83.120.229:58979?addrs=128.83.120.229-58979>
...
006 (517050.000.000) 05/05 17:22:03 Image size of job updated: 777264
	54  -  MemoryUsage of job (MB)
	55248  -  ResidentSetSize of job (KB)
...
006 (517050.000.000) 05/05 17:27:04 Image size of job updated: 1078180
	236  -  MemoryUsage of job (MB)
	241612  -  ResidentSetSize of job (KB)
...
006 (517050.000.000) 05/05 17:32:05 Image size of job updated: 1078824
	237  -  MemoryUsage of job (MB)
	242232  -  ResidentSetSize of job (KB)
...
006 (517050.000.000) 05/05 17:37:05 Image size of job updated: 1078832
	237  -  MemoryUsage of job (MB)
	242464  -  ResidentSetSize of job (KB)
...
006 (517050.000.000) 05/05 17:40:43 Image size of job updated: 1078848
	237  -  MemoryUsage of job (MB)
	242464  -  ResidentSetSize of job (KB)
...
005 (517050.000.000) 05/05 17:40:43 Job terminated.
	(1) Normal termination (return value 0)
		Usr 0 00:17:22, Sys 0 00:00:12  -  Run Remote Usage
		Usr 0 00:00:00, Sys 0 00:00:00  -  Run Local Usage
		Usr 0 00:17:22, Sys 0 00:00:12  -  Total Remote Usage
		Usr 0 00:00:00, Sys 0 00:00:00  -  Total Local Usage
	0  -  Run Bytes Sent By Job
	0  -  Run Bytes Received By Job
	0  -  Total Bytes Sent By Job
	0  -  Total Bytes Received By Job
	Partitionable Resources :    Usage  Request Allocated
	   Cpus                 :                 1         1
	   Disk (KB)            :        2        2    828969
	   Gpus                 :                           0
	   Memory (MB)          :      237        1     12899
...
000 (382481.000.000) 05/07 03:39:54 Job submitted from host: <128.83.144.155:57685?addrs=128.83.144.155-57685>
...
001 (382481.000.000) 05/07 04:11:39 Job executing on host: <128.83.144.112:35333?addrs=128.83.144.112-35333>
...
006 (382481.000.000) 05/07 04:11:47 Image size of job updated: 946636
	81  -  MemoryUsage of job (MB)
	82884  -  ResidentSetSize of job (KB)
...
006 (382481.000.000) 05/07 04:16:47 Image size of job updated: 1078712
	237  -  MemoryUsage of job (MB)
	241788  -  ResidentSetSize of job (KB)
...
006 (382481.000.000) 05/07 04:21:48 Image size of job updated: 1078736
	237  -  MemoryUsage of job (MB)
	241972  -  ResidentSetSize of job (KB)
...
006 (382481.000.000) 05/07 04:26:48 Image size of job updated: 1079008
	237  -  MemoryUsage of job (MB)
	242036  -  ResidentSetSize of job (KB)
...
006 (382481.000.000) 05/07 04:29:40 Image size of job updated: 1079016
	237  -  MemoryUsage of job (MB)
	242036  -  ResidentSetSize of job (KB)
...
005 (382481.000.000) 05/07 04:29:41 Job terminated.
	(1) Normal termination (return value 0)
		Usr 0 00:17:11, Sys 0 00:00:23  -  Run Remote Usage
		Usr 0 00:00:00, Sys 0 00:00:00  -  Run Local Usage
		Usr 0 00:17:11, Sys 0 00:00:23  -  Total Remote Usage
		Usr 0 00:00:00, Sys 0 00:00:00  -  Total Local Usage
	0  -  Run Bytes Sent By Job
	0  -  Run Bytes Received By Job
	0  -  Total Bytes Sent By Job
	0  -  Total Bytes Received By Job
	Partitionable Resources :    Usage  Request Allocated
	   Cpus                 :                 1         1
	   Disk (KB)            :        2        2    803075
	   Gpus                 :                           0
	   Memory (MB)          :      237        1     12899
...
000 (518499.000.000) 05/07 13:18:19 Job submitted from host: <128.83.144.149:44250?addrs=128.83.144.149-44250>
...
001 (518499.000.000) 05/07 13:18:56 Job executing on host: <128.83.120.229:58979?addrs=128.83.120.229-58979>
...
006 (518499.000.000) 05/07 13:19:05 Image size of job updated: 776884
	56  -  MemoryUsage of job (MB)
	56776  -  ResidentSetSize of job (KB)
...
006 (518499.000.000) 05/07 13:23:39 Image size of job updated: 1078684
	56  -  MemoryUsage of job (MB)
	56776  -  ResidentSetSize of job (KB)
...
004 (518499.000.000) 05/07 13:23:39 Job was evicted.
	(0) Job was not checkpointed.
		Usr 0 00:03:19, Sys 0 00:00:03  -  Run Remote Usage
		Usr 0 00:00:00, Sys 0 00:00:00  -  Run Local Usage
	0  -  Run Bytes Sent By Job
	0  -  Run Bytes Received By Job
	Partitionable Resources :    Usage  Request Allocated
	   Cpus                 :                 1         1
	   Disk (KB)            :        2        2    800016
	   Gpus                 :                           0
	   Memory (MB)          :       56        1     12899
...
009 (518499.000.000) 05/07 13:23:41 Job was aborted by the user.
	via condor_rm (by user ypei)
...
000 (518706.000.000) 05/07 13:23:49 Job submitted from host: <128.83.144.149:44250?addrs=128.83.144.149-44250>
...
001 (518706.000.000) 05/07 13:23:55 Job executing on host: <128.83.130.161:35317?addrs=128.83.130.161-35317>
...
006 (518706.000.000) 05/07 13:24:04 Image size of job updated: 777264
	52  -  MemoryUsage of job (MB)
	53148  -  ResidentSetSize of job (KB)
...
006 (518706.000.000) 05/07 13:29:04 Image size of job updated: 1078844
	237  -  MemoryUsage of job (MB)
	242368  -  ResidentSetSize of job (KB)
...
006 (518706.000.000) 05/07 13:34:04 Image size of job updated: 1078860
	237  -  MemoryUsage of job (MB)
	242444  -  ResidentSetSize of job (KB)
...
006 (518706.000.000) 05/07 13:38:06 Image size of job updated: 1078876
	237  -  MemoryUsage of job (MB)
	242444  -  ResidentSetSize of job (KB)
...
005 (518706.000.000) 05/07 13:38:06 Job terminated.
	(1) Normal termination (return value 0)
		Usr 0 00:13:13, Sys 0 00:00:07  -  Run Remote Usage
		Usr 0 00:00:00, Sys 0 00:00:00  -  Run Local Usage
		Usr 0 00:13:13, Sys 0 00:00:07  -  Total Remote Usage
		Usr 0 00:00:00, Sys 0 00:00:00  -  Total Local Usage
	0  -  Run Bytes Sent By Job
	0  -  Run Bytes Received By Job
	0  -  Total Bytes Sent By Job
	0  -  Total Bytes Received By Job
	Partitionable Resources :    Usage  Request Allocated
	   Cpus                 :                 1         1
	   Disk (KB)            :        2        2   1865789
	   Gpus                 :                           0
	   Memory (MB)          :      237        1     21164
...
000 (519120.000.000) 05/07 14:36:29 Job submitted from host: <128.83.144.149:44250?addrs=128.83.144.149-44250>
...
001 (519120.000.000) 05/07 14:36:40 Job executing on host: <128.83.144.13:57145?addrs=128.83.144.13-57145>
...
006 (519120.000.000) 05/07 14:36:49 Image size of job updated: 776884
	56  -  MemoryUsage of job (MB)
	56772  -  ResidentSetSize of job (KB)
...
006 (519120.000.000) 05/07 14:41:50 Image size of job updated: 1078684
	240  -  MemoryUsage of job (MB)
	245604  -  ResidentSetSize of job (KB)
...
006 (519120.000.000) 05/07 14:46:51 Image size of job updated: 1078732
	241  -  MemoryUsage of job (MB)
	245888  -  ResidentSetSize of job (KB)
...
006 (519120.000.000) 05/07 14:51:51 Image size of job updated: 1078748
	241  -  MemoryUsage of job (MB)
	245920  -  ResidentSetSize of job (KB)
...
006 (519120.000.000) 05/07 14:54:56 Image size of job updated: 1078756
	241  -  MemoryUsage of job (MB)
	245920  -  ResidentSetSize of job (KB)
...
005 (519120.000.000) 05/07 14:54:56 Job terminated.
	(1) Normal termination (return value 0)
		Usr 0 00:16:44, Sys 0 00:00:21  -  Run Remote Usage
		Usr 0 00:00:00, Sys 0 00:00:00  -  Run Local Usage
		Usr 0 00:16:44, Sys 0 00:00:21  -  Total Remote Usage
		Usr 0 00:00:00, Sys 0 00:00:00  -  Total Local Usage
	0  -  Run Bytes Sent By Job
	0  -  Run Bytes Received By Job
	0  -  Total Bytes Sent By Job
	0  -  Total Bytes Received By Job
	Partitionable Resources :    Usage  Request Allocated
	   Cpus                 :                 1         1
	   Disk (KB)            :        2        2    796982
	   Gpus                 :                           0
	   Memory (MB)          :      241        1     12899
...
000 (382895.000.000) 05/07 20:16:59 Job submitted from host: <128.83.144.155:57685?addrs=128.83.144.155-57685>
...
001 (382895.000.000) 05/07 20:43:13 Job executing on host: <128.83.144.39:54751?addrs=128.83.144.39-54751>
...
006 (382895.000.000) 05/07 20:43:22 Image size of job updated: 946640
	80  -  MemoryUsage of job (MB)
	81876  -  ResidentSetSize of job (KB)
...
006 (382895.000.000) 05/07 20:48:23 Image size of job updated: 1078740
	238  -  MemoryUsage of job (MB)
	243468  -  ResidentSetSize of job (KB)
...
006 (382895.000.000) 05/07 20:53:23 Image size of job updated: 1078756
	238  -  MemoryUsage of job (MB)
	243608  -  ResidentSetSize of job (KB)
...
006 (382895.000.000) 05/07 20:56:05 Image size of job updated: 1078764
	238  -  MemoryUsage of job (MB)
	243608  -  ResidentSetSize of job (KB)
...
005 (382895.000.000) 05/07 20:56:05 Job terminated.
	(1) Normal termination (return value 0)
		Usr 0 00:12:37, Sys 0 00:00:04  -  Run Remote Usage
		Usr 0 00:00:00, Sys 0 00:00:00  -  Run Local Usage
		Usr 0 00:12:37, Sys 0 00:00:04  -  Total Remote Usage
		Usr 0 00:00:00, Sys 0 00:00:00  -  Total Local Usage
	0  -  Run Bytes Sent By Job
	0  -  Run Bytes Received By Job
	0  -  Total Bytes Sent By Job
	0  -  Total Bytes Received By Job
	Partitionable Resources :    Usage  Request Allocated
	   Cpus                 :                 1         1
	   Disk (KB)            :        2        2   2204419
	   Gpus                 :                           0
	   Memory (MB)          :      238        1      4028
...
000 (384137.000.000) 05/08 05:53:02 Job submitted from host: <128.83.144.155:57685?addrs=128.83.144.155-57685>
...
001 (384137.000.000) 05/08 06:20:11 Job executing on host: <128.83.120.75:40005?addrs=128.83.120.75-40005>
...
006 (384137.000.000) 05/08 06:20:20 Image size of job updated: 2
	2  -  MemoryUsage of job (MB)
	1616  -  ResidentSetSize of job (KB)
...
006 (384137.000.000) 05/08 06:25:20 Image size of job updated: 1078712
	237  -  MemoryUsage of job (MB)
	241956  -  ResidentSetSize of job (KB)
...
006 (384137.000.000) 05/08 06:30:20 Image size of job updated: 1078744
	237  -  MemoryUsage of job (MB)
	242040  -  ResidentSetSize of job (KB)
...
006 (384137.000.000) 05/08 06:35:21 Image size of job updated: 1078760
	237  -  MemoryUsage of job (MB)
	242128  -  ResidentSetSize of job (KB)
...
005 (384137.000.000) 05/08 06:35:36 Job terminated.
	(1) Normal termination (return value 0)
		Usr 0 00:14:46, Sys 0 00:00:18  -  Run Remote Usage
		Usr 0 00:00:00, Sys 0 00:00:00  -  Run Local Usage
		Usr 0 00:14:46, Sys 0 00:00:18  -  Total Remote Usage
		Usr 0 00:00:00, Sys 0 00:00:00  -  Total Local Usage
	0  -  Run Bytes Sent By Job
	0  -  Run Bytes Received By Job
	0  -  Total Bytes Sent By Job
	0  -  Total Bytes Received By Job
	Partitionable Resources :    Usage  Request Allocated
	   Cpus                 :                 1         1
	   Disk (KB)            :        2        2   8812332
	   Gpus                 :                           0
	   Memory (MB)          :      237        1      4028
...
000 (417530.000.000) 05/09 03:37:27 Job submitted from host: <128.83.144.154:52346?addrs=128.83.144.154-52346>
...
001 (417530.000.000) 05/09 04:00:48 Job executing on host: <128.83.139.146:44201?addrs=128.83.139.146-44201>
...
006 (417530.000.000) 05/09 04:00:56 Image size of job updated: 2
	2  -  MemoryUsage of job (MB)
	1632  -  ResidentSetSize of job (KB)
...
006 (417530.000.000) 05/09 04:05:56 Image size of job updated: 1078744
	237  -  MemoryUsage of job (MB)
	242124  -  ResidentSetSize of job (KB)
...
006 (417530.000.000) 05/09 04:08:45 Image size of job updated: 1078760
	237  -  MemoryUsage of job (MB)
	242124  -  ResidentSetSize of job (KB)
...
005 (417530.000.000) 05/09 04:08:45 Job terminated.
	(1) Normal termination (return value 0)
		Usr 0 00:07:42, Sys 0 00:00:03  -  Run Remote Usage
		Usr 0 00:00:00, Sys 0 00:00:00  -  Run Local Usage
		Usr 0 00:07:42, Sys 0 00:00:03  -  Total Remote Usage
		Usr 0 00:00:00, Sys 0 00:00:00  -  Total Local Usage
	0  -  Run Bytes Sent By Job
	0  -  Run Bytes Received By Job
	0  -  Total Bytes Sent By Job
	0  -  Total Bytes Received By Job
	Partitionable Resources :    Usage  Request Allocated
	   Cpus                 :                 1         1
	   Disk (KB)            :        2        2   7541864
	   Gpus                 :                           0
	   Memory (MB)          :      237        1      4027
...
