[SNIPER] Start
Sampler: 4, 32, 0
itlb_cache: 32, 1
itlb_cache_L1: 32, 1
Sampler: 4, 128, 0
dtlb_cache: 128, 4
dtlb_cache_L1: 128, 4
L1-I 2
Sampler: 4, 4, 128
L1-I: 2048, 64
L1-I_L1: 2048, 64
L1-D 3
Sampler: 4, 8, 32
L1-D: 1024, 32
L1-D_L1: 1024, 32
L2 4
Sampler: 122, 16, 16
L2: 32768, 1024
L2_L1: 32768, 1024
Executing Python script /v/filer4b/v20q001/ypei/Desktop/cs395t-lin/output/run_all_hybrid_headroom2/mcf/7/sim.scripts.py
[STOPBYICOUNT] Starting in ROI (detail)
[STOPBYICOUNT] Then stopping after simulating at least 250000000 instructions in detail
[SNIPER] --------------------------------------------------------------------------------
[SNIPER] Sniper using SIFT/trace-driven frontend
[SNIPER] Running full application in DETAILED mode
[SNIPER] --------------------------------------------------------------------------------
[SNIPER] Enabling performance models
[SNIPER] Setting instrumentation mode to DETAILED
[STOPBYICOUNT] Ending ROI after 250000001 instructions (250000000 requested)
[SNIPER] Disabling performance models
[SNIPER] Leaving ROI after 3052.50 seconds
[SNIPER] Simulated 250.0M instructions, 629.5M cycles, 0.40 IPC
[SNIPER] Simulation speed 81.9 KIPS (81.9 KIPS / target core - 12210.0ns/instr)
[SNIPER] Setting instrumentation mode to FAST_FORWARD
Hawkeye Victims: 0
LRU Victims: 0
Hawkeye Victims: 0
LRU Victims: 0
Hawkeye Victims: 0
LRU Victims: 0
a test for execution
[app0] [SIFT_RECORDER] sift_writer.cc:550: Sift::Mode Sift::Writer::Sync(): Assertion `!response->fail()' failed.
[app0] Pin app terminated abnormally due to signal 6.

Inserted: 0
Redundant.progress: 0
Redundant.cache: 0
Redundant.buffer: 0
Hawkeye Victims: 0
LRU Victims: 0
a test for execution

Inserted: 0
Redundant.progress: 0
Redundant.cache: 0
Redundant.buffer: 0
Hawkeye Victims: 0
LRU Victims: 0
 =========================================================== 
Triggers: 28720548
Repeats: 0

Same addr: 4303972 14.9857
New addr: 35166 0.122442

Distribution of new addresses: 
Stream Head: 35122 99.8749
Stream Divergence: 15257251 43386.4

Invalidation count: 15363382 43688.2
No Conflict count: 106938 304.095
Same Stream count: 0 0
New Stream count: 0 0

Not found: 24349337
On Chip Mispredictions: 0
 =========================================================== 
Distribution of predictions: 
Predict Init: 19699427 68.59
Total Predictions: 19594984
Predict OCI Miss: 29467 0.149583
Predict Stream End: 104443 0.530183
Buffer Success: 0 0
Stride Distribution: 0, 23813084, 808864, 115000, 50600, 87400, 105800, 82800, 110400, 110400, 73600, 59800, 55200, 142600, 78200, 101200, 46000, 0, 101200, 0, 78200, 0, 0, 0, 69000, 0, 0, 0, 0, 0, 87400, 0, 82800, 0, 0, 0, 73600, 0, 0, 0, 59800, 0, 0, 0, 0, 0, 0, 0, 0, 0, 0, 0, 0, 0, 0, 0, 0, 0, 0, 0, 0, 0, 0, 0, 0, 0, 33, 0, 0, 0, 0, 0, 30385216, 0, 49, 0, 15, 0, 15, 0, 0, 6644585, 1868787317, 1915577714, 1702195557, 7566451, 113, 0, 5073232, 0, 27058576, 0, 0, 0, 5073232, 0, 27616992, 0, 0, 0, 5073232, 0, 27889344, 0, 0, 0, 5165152, 0, 3090107760, 11167, 0, 11167, 30383520, 0, 49, 0, 6, 0, 6, 0, 0, 0, 1919906931, 29541, 48, 0, 49, 0, 
a test for execution

Inserted: 31124706
Redundant.progress: 210223
Redundant.cache: 15879038
Redundant.buffer: 0
[SNIPER] End
[SNIPER] Elapsed time: 3143.95 seconds
