000 (516014.000.000) 05/05 17:13:12 Job submitted from host: <128.83.144.149:44250?addrs=128.83.144.149-44250>
...
001 (516014.000.000) 05/05 17:13:31 Job executing on host: <128.83.120.229:58979?addrs=128.83.120.229-58979>
...
006 (516014.000.000) 05/05 17:13:40 Image size of job updated: 2457216
	56  -  MemoryUsage of job (MB)
	56908  -  ResidentSetSize of job (KB)
...
006 (516014.000.000) 05/05 17:14:25 Image size of job updated: 2458748
	57  -  MemoryUsage of job (MB)
	57480  -  ResidentSetSize of job (KB)
...
004 (516014.000.000) 05/05 17:14:25 Job was evicted.
	(0) Job was not checkpointed.
		Usr 0 00:00:00, Sys 0 00:00:00  -  Run Remote Usage
		Usr 0 00:00:00, Sys 0 00:00:00  -  Run Local Usage
	0  -  Run Bytes Sent By Job
	0  -  Run Bytes Received By Job
	Partitionable Resources :    Usage  Request Allocated
	   Cpus                 :                 1         1
	   Disk (KB)            :        1        1    828970
	   Gpus                 :                           0
	   Memory (MB)          :       57        1     12899
...
009 (516014.000.000) 05/05 17:14:26 Job was aborted by the user.
	via condor_rm (by user ypei)
...
000 (516239.000.000) 05/05 17:14:54 Job submitted from host: <128.83.144.149:44250?addrs=128.83.144.149-44250>
...
001 (516239.000.000) 05/05 17:15:03 Job executing on host: <128.83.139.15:46714?addrs=128.83.139.15-46714>
...
006 (516239.000.000) 05/05 17:15:11 Image size of job updated: 372732
	28  -  MemoryUsage of job (MB)
	28496  -  ResidentSetSize of job (KB)
...
010 (516239.000.000) 05/05 17:17:18 Job was suspended.
	Number of processes actually suspended: 8
...
006 (516239.000.000) 05/05 17:17:18 Image size of job updated: 2629172
	1507  -  MemoryUsage of job (MB)
	1542456  -  ResidentSetSize of job (KB)
...
011 (516239.000.000) 05/05 17:18:04 Job was unsuspended.
...
006 (516239.000.000) 05/05 17:18:04 Image size of job updated: 2629172
	1507  -  MemoryUsage of job (MB)
	1542484  -  ResidentSetSize of job (KB)
...
004 (516239.000.000) 05/05 17:18:10 Job was evicted.
	(0) Job was not checkpointed.
		Usr 0 00:00:21, Sys 0 00:00:01  -  Run Remote Usage
		Usr 0 00:00:00, Sys 0 00:00:00  -  Run Local Usage
	0  -  Run Bytes Sent By Job
	0  -  Run Bytes Received By Job
	Partitionable Resources :    Usage  Request Allocated
	   Cpus                 :                 1         1
	   Disk (KB)            :        1        1   1684662
	   Gpus                 :                           0
	   Memory (MB)          :     1507        1     12899
...
009 (516239.000.000) 05/05 17:18:11 Job was aborted by the user.
	via condor_rm (by user ypei)
...
000 (516446.000.000) 05/05 17:18:25 Job submitted from host: <128.83.144.149:44250?addrs=128.83.144.149-44250>
...
001 (516446.000.000) 05/05 17:19:00 Job executing on host: <128.83.130.161:35317?addrs=128.83.130.161-35317>
...
006 (516446.000.000) 05/05 17:19:09 Image size of job updated: 238460
	18  -  MemoryUsage of job (MB)
	18344  -  ResidentSetSize of job (KB)
...
006 (516446.000.000) 05/05 17:21:25 Image size of job updated: 2694760
	1808  -  MemoryUsage of job (MB)
	1851284  -  ResidentSetSize of job (KB)
...
004 (516446.000.000) 05/05 17:21:25 Job was evicted.
	(0) Job was not checkpointed.
		Usr 0 00:01:08, Sys 0 00:00:03  -  Run Remote Usage
		Usr 0 00:00:00, Sys 0 00:00:00  -  Run Local Usage
	0  -  Run Bytes Sent By Job
	0  -  Run Bytes Received By Job
	Partitionable Resources :    Usage  Request Allocated
	   Cpus                 :                 1         1
	   Disk (KB)            :        1        1   1888653
	   Gpus                 :                           0
	   Memory (MB)          :     1808        1     21164
...
009 (516446.000.000) 05/05 17:21:25 Job was aborted by the user.
	via condor_rm (by user ypei)
...
000 (517067.000.000) 05/05 17:21:50 Job submitted from host: <128.83.144.149:44250?addrs=128.83.144.149-44250>
...
001 (517067.000.000) 05/05 17:21:54 Job executing on host: <128.83.144.13:57145?addrs=128.83.144.13-57145>
...
006 (517067.000.000) 05/05 17:22:03 Image size of job updated: 340324
	21  -  MemoryUsage of job (MB)
	21268  -  ResidentSetSize of job (KB)
...
006 (517067.000.000) 05/05 17:27:04 Image size of job updated: 2891216
	1999  -  MemoryUsage of job (MB)
	2046664  -  ResidentSetSize of job (KB)
...
006 (517067.000.000) 05/05 17:32:04 Image size of job updated: 3284432
	2410  -  MemoryUsage of job (MB)
	2466836  -  ResidentSetSize of job (KB)
...
006 (517067.000.000) 05/05 17:37:04 Image size of job updated: 3743184
	2842  -  MemoryUsage of job (MB)
	2909380  -  ResidentSetSize of job (KB)
...
006 (517067.000.000) 05/05 17:42:05 Image size of job updated: 4202192
	3294  -  MemoryUsage of job (MB)
	3372784  -  ResidentSetSize of job (KB)
...
006 (517067.000.000) 05/05 17:47:05 Image size of job updated: 4529872
	3632  -  MemoryUsage of job (MB)
	3718872  -  ResidentSetSize of job (KB)
...
006 (517067.000.000) 05/05 17:52:05 Image size of job updated: 4792020
	3913  -  MemoryUsage of job (MB)
	4005928  -  ResidentSetSize of job (KB)
...
006 (517067.000.000) 05/05 17:53:26 Image size of job updated: 4857556
	3913  -  MemoryUsage of job (MB)
	4005928  -  ResidentSetSize of job (KB)
...
005 (517067.000.000) 05/05 17:53:26 Job terminated.
	(1) Normal termination (return value 0)
		Usr 0 00:29:45, Sys 0 00:00:47  -  Run Remote Usage
		Usr 0 00:00:00, Sys 0 00:00:00  -  Run Local Usage
		Usr 0 00:29:45, Sys 0 00:00:47  -  Total Remote Usage
		Usr 0 00:00:00, Sys 0 00:00:00  -  Total Local Usage
	0  -  Run Bytes Sent By Job
	0  -  Run Bytes Received By Job
	0  -  Total Bytes Sent By Job
	0  -  Total Bytes Received By Job
	Partitionable Resources :    Usage  Request Allocated
	   Cpus                 :                 1         1
	   Disk (KB)            :        1        1    824402
	   Gpus                 :                           0
	   Memory (MB)          :     3913        1     12899
...
000 (518102.000.000) 05/06 21:33:06 Job submitted from host: <128.83.144.149:44250?addrs=128.83.144.149-44250>
...
001 (518102.000.000) 05/06 21:33:15 Job executing on host: <128.83.139.14:44306?addrs=128.83.139.14-44306>
...
006 (518102.000.000) 05/06 21:33:23 Image size of job updated: 2457352
	54  -  MemoryUsage of job (MB)
	54692  -  ResidentSetSize of job (KB)
...
006 (518102.000.000) 05/06 21:33:43 Image size of job updated: 2459412
	54  -  MemoryUsage of job (MB)
	54692  -  ResidentSetSize of job (KB)
...
004 (518102.000.000) 05/06 21:33:43 Job was evicted.
	(0) Job was not checkpointed.
		Usr 0 00:00:00, Sys 0 00:00:00  -  Run Remote Usage
		Usr 0 00:00:00, Sys 0 00:00:00  -  Run Local Usage
	0  -  Run Bytes Sent By Job
	0  -  Run Bytes Received By Job
	Partitionable Resources :    Usage  Request Allocated
	   Cpus                 :                 1         1
	   Disk (KB)            :        1        1   1675522
	   Gpus                 :                           0
	   Memory (MB)          :       54        1     12899
...
009 (518102.000.000) 05/06 21:33:45 Job was aborted by the user.
	via condor_rm (by user ypei)
...
000 (518309.000.000) 05/06 21:34:14 Job submitted from host: <128.83.144.149:44250?addrs=128.83.144.149-44250>
...
001 (518309.000.000) 05/06 21:34:25 Job executing on host: <128.83.144.13:57145?addrs=128.83.144.13-57145>
...
006 (518309.000.000) 05/06 21:34:33 Image size of job updated: 372892
	29  -  MemoryUsage of job (MB)
	28756  -  ResidentSetSize of job (KB)
...
006 (518309.000.000) 05/06 21:39:33 Image size of job updated: 2760244
	1887  -  MemoryUsage of job (MB)
	1931300  -  ResidentSetSize of job (KB)
...
006 (518309.000.000) 05/06 21:44:33 Image size of job updated: 3022396
	2174  -  MemoryUsage of job (MB)
	2225900  -  ResidentSetSize of job (KB)
...
006 (518309.000.000) 05/06 21:49:34 Image size of job updated: 3350076
	2475  -  MemoryUsage of job (MB)
	2533908  -  ResidentSetSize of job (KB)
...
006 (518309.000.000) 05/06 21:54:35 Image size of job updated: 3678012
	2806  -  MemoryUsage of job (MB)
	2872368  -  ResidentSetSize of job (KB)
...
006 (518309.000.000) 05/06 21:59:35 Image size of job updated: 4005692
	3123  -  MemoryUsage of job (MB)
	3197856  -  ResidentSetSize of job (KB)
...
006 (518309.000.000) 05/06 22:04:36 Image size of job updated: 4202300
	3324  -  MemoryUsage of job (MB)
	3403636  -  ResidentSetSize of job (KB)
...
006 (518309.000.000) 05/06 22:09:37 Image size of job updated: 4398908
	3494  -  MemoryUsage of job (MB)
	3576972  -  ResidentSetSize of job (KB)
...
006 (518309.000.000) 05/06 22:14:37 Image size of job updated: 4529980
	3639  -  MemoryUsage of job (MB)
	3725680  -  ResidentSetSize of job (KB)
...
006 (518309.000.000) 05/06 22:19:37 Image size of job updated: 4661056
	3755  -  MemoryUsage of job (MB)
	3844552  -  ResidentSetSize of job (KB)
...
006 (518309.000.000) 05/06 22:24:38 Image size of job updated: 4792128
	3888  -  MemoryUsage of job (MB)
	3980924  -  ResidentSetSize of job (KB)
...
006 (518309.000.000) 05/06 22:27:56 Image size of job updated: 4857664
	3888  -  MemoryUsage of job (MB)
	3980924  -  ResidentSetSize of job (KB)
...
005 (518309.000.000) 05/06 22:27:56 Job terminated.
	(1) Normal termination (return value 0)
		Usr 0 00:51:13, Sys 0 00:01:09  -  Run Remote Usage
		Usr 0 00:00:00, Sys 0 00:00:00  -  Run Local Usage
		Usr 0 00:51:13, Sys 0 00:01:09  -  Total Remote Usage
		Usr 0 00:00:00, Sys 0 00:00:00  -  Total Local Usage
	0  -  Run Bytes Sent By Job
	0  -  Run Bytes Received By Job
	0  -  Total Bytes Sent By Job
	0  -  Total Bytes Received By Job
	Partitionable Resources :    Usage  Request Allocated
	   Cpus                 :                 1         1
	   Disk (KB)            :        1        1    797355
	   Gpus                 :                           0
	   Memory (MB)          :     3888        1     12899
...
000 (381877.000.000) 05/07 00:29:05 Job submitted from host: <128.83.144.155:57685?addrs=128.83.144.155-57685>
...
001 (381877.000.000) 05/07 00:29:20 Job executing on host: <128.83.144.13:57145?addrs=128.83.144.13-57145>
...
006 (381877.000.000) 05/07 00:29:28 Image size of job updated: 2457220
	56  -  MemoryUsage of job (MB)
	56744  -  ResidentSetSize of job (KB)
...
006 (381877.000.000) 05/07 00:34:28 Image size of job updated: 2760112
	1885  -  MemoryUsage of job (MB)
	1929792  -  ResidentSetSize of job (KB)
...
006 (381877.000.000) 05/07 00:39:29 Image size of job updated: 3022264
	2161  -  MemoryUsage of job (MB)
	2212604  -  ResidentSetSize of job (KB)
...
006 (381877.000.000) 05/07 00:44:30 Image size of job updated: 3349944
	2453  -  MemoryUsage of job (MB)
	2511644  -  ResidentSetSize of job (KB)
...
006 (381877.000.000) 05/07 00:49:30 Image size of job updated: 3677880
	2769  -  MemoryUsage of job (MB)
	2834684  -  ResidentSetSize of job (KB)
...
006 (381877.000.000) 05/07 00:54:31 Image size of job updated: 4005560
	3082  -  MemoryUsage of job (MB)
	3155480  -  ResidentSetSize of job (KB)
...
006 (381877.000.000) 05/07 00:59:32 Image size of job updated: 4202168
	3302  -  MemoryUsage of job (MB)
	3380420  -  ResidentSetSize of job (KB)
...
006 (381877.000.000) 05/07 01:04:32 Image size of job updated: 4398776
	3478  -  MemoryUsage of job (MB)
	3560536  -  ResidentSetSize of job (KB)
...
006 (381877.000.000) 05/07 01:09:32 Image size of job updated: 4529848
	3627  -  MemoryUsage of job (MB)
	3713648  -  ResidentSetSize of job (KB)
...
006 (381877.000.000) 05/07 01:14:33 Image size of job updated: 4660920
	3740  -  MemoryUsage of job (MB)
	3829668  -  ResidentSetSize of job (KB)
...
006 (381877.000.000) 05/07 01:19:33 Image size of job updated: 4791996
	3901  -  MemoryUsage of job (MB)
	3994456  -  ResidentSetSize of job (KB)
...
006 (381877.000.000) 05/07 01:21:45 Image size of job updated: 4857532
	3901  -  MemoryUsage of job (MB)
	3994456  -  ResidentSetSize of job (KB)
...
005 (381877.000.000) 05/07 01:21:45 Job terminated.
	(1) Normal termination (return value 0)
		Usr 0 00:50:15, Sys 0 00:01:08  -  Run Remote Usage
		Usr 0 00:00:00, Sys 0 00:00:00  -  Run Local Usage
		Usr 0 00:50:15, Sys 0 00:01:08  -  Total Remote Usage
		Usr 0 00:00:00, Sys 0 00:00:00  -  Total Local Usage
	0  -  Run Bytes Sent By Job
	0  -  Run Bytes Received By Job
	0  -  Total Bytes Sent By Job
	0  -  Total Bytes Received By Job
	Partitionable Resources :    Usage  Request Allocated
	   Cpus                 :                 1         1
	   Disk (KB)            :        1        1    797354
	   Gpus                 :                           0
	   Memory (MB)          :     3901        1     12899
...
