000 (515997.000.000) 05/05 17:13:11 Job submitted from host: <128.83.144.149:44250?addrs=128.83.144.149-44250>
...
001 (515997.000.000) 05/05 17:13:31 Job executing on host: <128.83.120.250:59851?addrs=128.83.120.250-59851>
...
006 (515997.000.000) 05/05 17:13:39 Image size of job updated: 776592
	56  -  MemoryUsage of job (MB)
	56480  -  ResidentSetSize of job (KB)
...
006 (515997.000.000) 05/05 17:14:28 Image size of job updated: 778284
	56  -  MemoryUsage of job (MB)
	56480  -  ResidentSetSize of job (KB)
...
004 (515997.000.000) 05/05 17:14:28 Job was evicted.
	(0) Job was not checkpointed.
		Usr 0 00:00:00, Sys 0 00:00:00  -  Run Remote Usage
		Usr 0 00:00:00, Sys 0 00:00:00  -  Run Local Usage
	0  -  Run Bytes Sent By Job
	0  -  Run Bytes Received By Job
	Partitionable Resources :    Usage  Request Allocated
	   Cpus                 :                 1         1
	   Disk (KB)            :        2        2    815266
	   Gpus                 :                           0
	   Memory (MB)          :       56        1     12899
...
009 (515997.000.000) 05/05 17:14:29 Job was aborted by the user.
	via condor_rm (by user ypei)
...
000 (516222.000.000) 05/05 17:14:53 Job submitted from host: <128.83.144.149:44250?addrs=128.83.144.149-44250>
...
001 (516222.000.000) 05/05 17:15:01 Job executing on host: <128.83.139.15:46714?addrs=128.83.139.15-46714>
...
006 (516222.000.000) 05/05 17:15:09 Image size of job updated: 776752
	56  -  MemoryUsage of job (MB)
	56932  -  ResidentSetSize of job (KB)
...
006 (516222.000.000) 05/05 17:18:08 Image size of job updated: 946468
	56  -  MemoryUsage of job (MB)
	56932  -  ResidentSetSize of job (KB)
...
004 (516222.000.000) 05/05 17:18:08 Job was evicted.
	(0) Job was not checkpointed.
		Usr 0 00:01:05, Sys 0 00:00:01  -  Run Remote Usage
		Usr 0 00:00:00, Sys 0 00:00:00  -  Run Local Usage
	0  -  Run Bytes Sent By Job
	0  -  Run Bytes Received By Job
	Partitionable Resources :    Usage  Request Allocated
	   Cpus                 :                 1         1
	   Disk (KB)            :        2        2   1684662
	   Gpus                 :                           0
	   Memory (MB)          :       56        1     12899
...
009 (516222.000.000) 05/05 17:18:08 Job was aborted by the user.
	via condor_rm (by user ypei)
...
000 (516429.000.000) 05/05 17:18:24 Job submitted from host: <128.83.144.149:44250?addrs=128.83.144.149-44250>
...
001 (516429.000.000) 05/05 17:18:31 Job executing on host: <128.83.144.13:57145?addrs=128.83.144.13-57145>
...
006 (516429.000.000) 05/05 17:18:40 Image size of job updated: 776752
	56  -  MemoryUsage of job (MB)
	56752  -  ResidentSetSize of job (KB)
...
006 (516429.000.000) 05/05 17:21:22 Image size of job updated: 1078180
	56  -  MemoryUsage of job (MB)
	56752  -  ResidentSetSize of job (KB)
...
004 (516429.000.000) 05/05 17:21:22 Job was evicted.
	(0) Job was not checkpointed.
		Usr 0 00:01:16, Sys 0 00:00:01  -  Run Remote Usage
		Usr 0 00:00:00, Sys 0 00:00:00  -  Run Local Usage
	0  -  Run Bytes Sent By Job
	0  -  Run Bytes Received By Job
	Partitionable Resources :    Usage  Request Allocated
	   Cpus                 :                 1         1
	   Disk (KB)            :        2        2    824403
	   Gpus                 :                           0
	   Memory (MB)          :       56        1     12899
...
009 (516429.000.000) 05/05 17:21:23 Job was aborted by the user.
	via condor_rm (by user ypei)
...
000 (517050.000.000) 05/05 17:21:48 Job submitted from host: <128.83.144.149:44250?addrs=128.83.144.149-44250>
...
001 (517050.000.000) 05/05 17:21:54 Job executing on host: <128.83.120.229:58979?addrs=128.83.120.229-58979>
...
006 (517050.000.000) 05/05 17:22:03 Image size of job updated: 777264
	54  -  MemoryUsage of job (MB)
	55248  -  ResidentSetSize of job (KB)
...
006 (517050.000.000) 05/05 17:27:04 Image size of job updated: 1078180
	236  -  MemoryUsage of job (MB)
	241612  -  ResidentSetSize of job (KB)
...
006 (517050.000.000) 05/05 17:32:05 Image size of job updated: 1078824
	237  -  MemoryUsage of job (MB)
	242232  -  ResidentSetSize of job (KB)
...
006 (517050.000.000) 05/05 17:37:05 Image size of job updated: 1078832
	237  -  MemoryUsage of job (MB)
	242464  -  ResidentSetSize of job (KB)
...
006 (517050.000.000) 05/05 17:40:43 Image size of job updated: 1078848
	237  -  MemoryUsage of job (MB)
	242464  -  ResidentSetSize of job (KB)
...
005 (517050.000.000) 05/05 17:40:43 Job terminated.
	(1) Normal termination (return value 0)
		Usr 0 00:17:22, Sys 0 00:00:12  -  Run Remote Usage
		Usr 0 00:00:00, Sys 0 00:00:00  -  Run Local Usage
		Usr 0 00:17:22, Sys 0 00:00:12  -  Total Remote Usage
		Usr 0 00:00:00, Sys 0 00:00:00  -  Total Local Usage
	0  -  Run Bytes Sent By Job
	0  -  Run Bytes Received By Job
	0  -  Total Bytes Sent By Job
	0  -  Total Bytes Received By Job
	Partitionable Resources :    Usage  Request Allocated
	   Cpus                 :                 1         1
	   Disk (KB)            :        2        2    828969
	   Gpus                 :                           0
	   Memory (MB)          :      237        1     12899
...
000 (518085.000.000) 05/06 21:33:05 Job submitted from host: <128.83.144.149:44250?addrs=128.83.144.149-44250>
...
001 (518085.000.000) 05/06 21:33:14 Job executing on host: <128.83.139.9:47643?addrs=128.83.139.9-47643>
...
006 (518085.000.000) 05/06 21:33:23 Image size of job updated: 776744
	56  -  MemoryUsage of job (MB)
	56796  -  ResidentSetSize of job (KB)
...
006 (518085.000.000) 05/06 21:33:42 Image size of job updated: 778276
	56  -  MemoryUsage of job (MB)
	56796  -  ResidentSetSize of job (KB)
...
004 (518085.000.000) 05/06 21:33:42 Job was evicted.
	(0) Job was not checkpointed.
		Usr 0 00:00:00, Sys 0 00:00:00  -  Run Remote Usage
		Usr 0 00:00:00, Sys 0 00:00:00  -  Run Local Usage
	0  -  Run Bytes Sent By Job
	0  -  Run Bytes Received By Job
	Partitionable Resources :    Usage  Request Allocated
	   Cpus                 :                 1         1
	   Disk (KB)            :        2        2   1678568
	   Gpus                 :                           0
	   Memory (MB)          :       56        1     12899
...
009 (518085.000.000) 05/06 21:33:43 Job was aborted by the user.
	via condor_rm (by user ypei)
...
000 (518292.000.000) 05/06 21:34:12 Job submitted from host: <128.83.144.149:44250?addrs=128.83.144.149-44250>
...
001 (518292.000.000) 05/06 21:34:23 Job executing on host: <128.83.139.14:44306?addrs=128.83.139.14-44306>
...
006 (518292.000.000) 05/06 21:34:31 Image size of job updated: 776748
	56  -  MemoryUsage of job (MB)
	56768  -  ResidentSetSize of job (KB)
...
006 (518292.000.000) 05/06 21:39:31 Image size of job updated: 1078208
	238  -  MemoryUsage of job (MB)
	243304  -  ResidentSetSize of job (KB)
...
006 (518292.000.000) 05/06 21:44:32 Image size of job updated: 1078596
	239  -  MemoryUsage of job (MB)
	244000  -  ResidentSetSize of job (KB)
...
006 (518292.000.000) 05/06 21:49:33 Image size of job updated: 1078604
	239  -  MemoryUsage of job (MB)
	244024  -  ResidentSetSize of job (KB)
...
006 (518292.000.000) 05/06 21:54:33 Image size of job updated: 1078868
	239  -  MemoryUsage of job (MB)
	244144  -  ResidentSetSize of job (KB)
...
006 (518292.000.000) 05/06 21:55:49 Image size of job updated: 1078876
	239  -  MemoryUsage of job (MB)
	244144  -  ResidentSetSize of job (KB)
...
005 (518292.000.000) 05/06 21:55:49 Job terminated.
	(1) Normal termination (return value 0)
		Usr 0 00:19:54, Sys 0 00:00:24  -  Run Remote Usage
		Usr 0 00:00:00, Sys 0 00:00:00  -  Run Local Usage
		Usr 0 00:19:54, Sys 0 00:00:24  -  Total Remote Usage
		Usr 0 00:00:00, Sys 0 00:00:00  -  Total Local Usage
	0  -  Run Bytes Sent By Job
	0  -  Run Bytes Received By Job
	0  -  Total Bytes Sent By Job
	0  -  Total Bytes Received By Job
	Partitionable Resources :    Usage  Request Allocated
	   Cpus                 :                 1         1
	   Disk (KB)            :        2        2   1675522
	   Gpus                 :                           0
	   Memory (MB)          :      239        1     12899
...
000 (381860.000.000) 05/07 00:29:04 Job submitted from host: <128.83.144.155:57685?addrs=128.83.144.155-57685>
...
001 (381860.000.000) 05/07 00:29:18 Job executing on host: <128.83.120.230:37764?addrs=128.83.120.230-37764>
...
006 (381860.000.000) 05/07 00:29:27 Image size of job updated: 776884
	54  -  MemoryUsage of job (MB)
	54696  -  ResidentSetSize of job (KB)
...
006 (381860.000.000) 05/07 00:34:28 Image size of job updated: 1078688
	237  -  MemoryUsage of job (MB)
	241944  -  ResidentSetSize of job (KB)
...
006 (381860.000.000) 05/07 00:39:29 Image size of job updated: 1078736
	237  -  MemoryUsage of job (MB)
	242208  -  ResidentSetSize of job (KB)
...
006 (381860.000.000) 05/07 00:44:29 Image size of job updated: 1078744
	237  -  MemoryUsage of job (MB)
	242232  -  ResidentSetSize of job (KB)
...
006 (381860.000.000) 05/07 00:48:20 Image size of job updated: 1078760
	237  -  MemoryUsage of job (MB)
	242232  -  ResidentSetSize of job (KB)
...
005 (381860.000.000) 05/07 00:48:20 Job terminated.
	(1) Normal termination (return value 0)
		Usr 0 00:17:12, Sys 0 00:00:22  -  Run Remote Usage
		Usr 0 00:00:00, Sys 0 00:00:00  -  Run Local Usage
		Usr 0 00:17:12, Sys 0 00:00:22  -  Total Remote Usage
		Usr 0 00:00:00, Sys 0 00:00:00  -  Total Local Usage
	0  -  Run Bytes Sent By Job
	0  -  Run Bytes Received By Job
	0  -  Total Bytes Sent By Job
	0  -  Total Bytes Received By Job
	Partitionable Resources :    Usage  Request Allocated
	   Cpus                 :                 1         1
	   Disk (KB)            :        2        2    792421
	   Gpus                 :                           0
	   Memory (MB)          :      237        1     12899
...
