000 (516144.000.000) 05/05 17:13:24 Job submitted from host: <128.83.144.149:44250?addrs=128.83.144.149-44250>
...
009 (516144.000.000) 05/05 17:14:25 Job was aborted by the user.
	via condor_rm (by user ypei)
...
000 (516351.000.000) 05/05 17:15:09 Job submitted from host: <128.83.144.149:44250?addrs=128.83.144.149-44250>
...
009 (516351.000.000) 05/05 17:18:08 Job was aborted by the user.
	via condor_rm (by user ypei)
...
000 (516558.000.000) 05/05 17:18:39 Job submitted from host: <128.83.144.149:44250?addrs=128.83.144.149-44250>
...
009 (516558.000.000) 05/05 17:21:26 Job was aborted by the user.
	via condor_rm (by user ypei)
...
000 (517179.000.000) 05/05 17:22:03 Job submitted from host: <128.83.144.149:44250?addrs=128.83.144.149-44250>
...
001 (517179.000.000) 05/05 17:41:23 Job executing on host: <128.83.144.147:58788?addrs=128.83.144.147-58788>
...
006 (517179.000.000) 05/05 17:41:32 Image size of job updated: 1067648
	87  -  MemoryUsage of job (MB)
	88200  -  ResidentSetSize of job (KB)
...
006 (517179.000.000) 05/05 17:46:33 Image size of job updated: 1067828
	101  -  MemoryUsage of job (MB)
	102612  -  ResidentSetSize of job (KB)
...
006 (517179.000.000) 05/05 17:51:33 Image size of job updated: 1067828
	104  -  MemoryUsage of job (MB)
	105980  -  ResidentSetSize of job (KB)
...
006 (517179.000.000) 05/05 17:56:33 Image size of job updated: 1067828
	104  -  MemoryUsage of job (MB)
	106340  -  ResidentSetSize of job (KB)
...
005 (517179.000.000) 05/05 18:01:17 Job terminated.
	(1) Normal termination (return value 0)
		Usr 0 00:19:22, Sys 0 00:00:29  -  Run Remote Usage
		Usr 0 00:00:00, Sys 0 00:00:00  -  Run Local Usage
		Usr 0 00:19:22, Sys 0 00:00:29  -  Total Remote Usage
		Usr 0 00:00:00, Sys 0 00:00:00  -  Total Local Usage
	0  -  Run Bytes Sent By Job
	0  -  Run Bytes Received By Job
	0  -  Total Bytes Sent By Job
	0  -  Total Bytes Received By Job
	Partitionable Resources :    Usage  Request Allocated
	   Cpus                 :                 1         1
	   Disk (KB)            :        2        2   1890647
	   Gpus                 :                           0
	   Memory (MB)          :      104        1     21164
...
000 (382610.000.000) 05/07 03:40:05 Job submitted from host: <128.83.144.155:57685?addrs=128.83.144.155-57685>
...
001 (382610.000.000) 05/07 04:29:27 Job executing on host: <128.83.144.112:35333?addrs=128.83.144.112-35333>
...
006 (382610.000.000) 05/07 04:29:35 Image size of job updated: 2
	2  -  MemoryUsage of job (MB)
	1692  -  ResidentSetSize of job (KB)
...
006 (382610.000.000) 05/07 04:34:35 Image size of job updated: 1067860
	102  -  MemoryUsage of job (MB)
	104236  -  ResidentSetSize of job (KB)
...
006 (382610.000.000) 05/07 04:39:36 Image size of job updated: 1067860
	106  -  MemoryUsage of job (MB)
	107652  -  ResidentSetSize of job (KB)
...
006 (382610.000.000) 05/07 04:44:36 Image size of job updated: 1067860
	106  -  MemoryUsage of job (MB)
	107896  -  ResidentSetSize of job (KB)
...
006 (382610.000.000) 05/07 04:49:36 Image size of job updated: 1067860
	106  -  MemoryUsage of job (MB)
	108152  -  ResidentSetSize of job (KB)
...
006 (382610.000.000) 05/07 04:52:06 Image size of job updated: 1067864
	106  -  MemoryUsage of job (MB)
	108152  -  ResidentSetSize of job (KB)
...
005 (382610.000.000) 05/07 04:52:06 Job terminated.
	(1) Normal termination (return value 0)
		Usr 0 00:22:01, Sys 0 00:00:28  -  Run Remote Usage
		Usr 0 00:00:00, Sys 0 00:00:00  -  Run Local Usage
		Usr 0 00:22:01, Sys 0 00:00:28  -  Total Remote Usage
		Usr 0 00:00:00, Sys 0 00:00:00  -  Total Local Usage
	0  -  Run Bytes Sent By Job
	0  -  Run Bytes Received By Job
	0  -  Total Bytes Sent By Job
	0  -  Total Bytes Received By Job
	Partitionable Resources :    Usage  Request Allocated
	   Cpus                 :                 1         1
	   Disk (KB)            :        2        2    803075
	   Gpus                 :                           0
	   Memory (MB)          :      106        1     12899
...
000 (518628.000.000) 05/07 13:18:29 Job submitted from host: <128.83.144.149:44250?addrs=128.83.144.149-44250>
...
009 (518628.000.000) 05/07 13:23:36 Job was aborted by the user.
	via condor_rm (by user ypei)
...
000 (518835.000.000) 05/07 13:24:03 Job submitted from host: <128.83.144.149:44250?addrs=128.83.144.149-44250>
...
001 (518835.000.000) 05/07 13:42:12 Job executing on host: <128.83.139.142:37279?addrs=128.83.139.142-37279>
...
006 (518835.000.000) 05/07 13:42:21 Image size of job updated: 2
	2  -  MemoryUsage of job (MB)
	1636  -  ResidentSetSize of job (KB)
...
006 (518835.000.000) 05/07 13:47:22 Image size of job updated: 1067860
	100  -  MemoryUsage of job (MB)
	101820  -  ResidentSetSize of job (KB)
...
006 (518835.000.000) 05/07 13:52:22 Image size of job updated: 1067860
	103  -  MemoryUsage of job (MB)
	105048  -  ResidentSetSize of job (KB)
...
006 (518835.000.000) 05/07 13:57:22 Image size of job updated: 1067860
	103  -  MemoryUsage of job (MB)
	105448  -  ResidentSetSize of job (KB)
...
006 (518835.000.000) 05/07 14:02:23 Image size of job updated: 1067860
	104  -  MemoryUsage of job (MB)
	105772  -  ResidentSetSize of job (KB)
...
005 (518835.000.000) 05/07 14:02:30 Job terminated.
	(1) Normal termination (return value 0)
		Usr 0 00:19:27, Sys 0 00:00:20  -  Run Remote Usage
		Usr 0 00:00:00, Sys 0 00:00:00  -  Run Local Usage
		Usr 0 00:19:27, Sys 0 00:00:20  -  Total Remote Usage
		Usr 0 00:00:00, Sys 0 00:00:00  -  Total Local Usage
	0  -  Run Bytes Sent By Job
	0  -  Run Bytes Received By Job
	0  -  Total Bytes Sent By Job
	0  -  Total Bytes Received By Job
	Partitionable Resources :    Usage  Request Allocated
	   Cpus                 :                 1         1
	   Disk (KB)            :        2        2   7532324
	   Gpus                 :                           0
	   Memory (MB)          :      104        1      4027
...
000 (519249.000.000) 05/07 14:36:45 Job submitted from host: <128.83.144.149:44250?addrs=128.83.144.149-44250>
...
001 (519249.000.000) 05/07 14:54:14 Job executing on host: <128.83.139.6:57138?addrs=128.83.139.6-57138>
...
006 (519249.000.000) 05/07 14:54:23 Image size of job updated: 1067692
	87  -  MemoryUsage of job (MB)
	88188  -  ResidentSetSize of job (KB)
...
006 (519249.000.000) 05/07 14:59:24 Image size of job updated: 1067860
	100  -  MemoryUsage of job (MB)
	102396  -  ResidentSetSize of job (KB)
...
006 (519249.000.000) 05/07 15:04:24 Image size of job updated: 1067860
	104  -  MemoryUsage of job (MB)
	105668  -  ResidentSetSize of job (KB)
...
006 (519249.000.000) 05/07 15:09:24 Image size of job updated: 1067860
	104  -  MemoryUsage of job (MB)
	105900  -  ResidentSetSize of job (KB)
...
006 (519249.000.000) 05/07 15:14:25 Image size of job updated: 1067860
	104  -  MemoryUsage of job (MB)
	106192  -  ResidentSetSize of job (KB)
...
005 (519249.000.000) 05/07 15:18:18 Job terminated.
	(1) Normal termination (return value 0)
		Usr 0 00:22:57, Sys 0 00:00:50  -  Run Remote Usage
		Usr 0 00:00:00, Sys 0 00:00:00  -  Run Local Usage
		Usr 0 00:22:57, Sys 0 00:00:50  -  Total Remote Usage
		Usr 0 00:00:00, Sys 0 00:00:00  -  Total Local Usage
	0  -  Run Bytes Sent By Job
	0  -  Run Bytes Received By Job
	0  -  Total Bytes Sent By Job
	0  -  Total Bytes Received By Job
	Partitionable Resources :    Usage  Request Allocated
	   Cpus                 :                 1         1
	   Disk (KB)            :        2        2   1657238
	   Gpus                 :                           0
	   Memory (MB)          :      104        1     12899
...
000 (383024.000.000) 05/07 20:17:09 Job submitted from host: <128.83.144.155:57685?addrs=128.83.144.155-57685>
...
001 (383024.000.000) 05/07 20:59:00 Job executing on host: <128.83.130.161:35317?addrs=128.83.130.161-35317>
...
006 (383024.000.000) 05/07 20:59:09 Image size of job updated: 1067544
	88  -  MemoryUsage of job (MB)
	90048  -  ResidentSetSize of job (KB)
...
006 (383024.000.000) 05/07 21:04:11 Image size of job updated: 1067980
	101  -  MemoryUsage of job (MB)
	102944  -  ResidentSetSize of job (KB)
...
006 (383024.000.000) 05/07 21:09:11 Image size of job updated: 1067980
	104  -  MemoryUsage of job (MB)
	106304  -  ResidentSetSize of job (KB)
...
005 (383024.000.000) 05/07 21:13:29 Job terminated.
	(1) Normal termination (return value 0)
		Usr 0 00:14:07, Sys 0 00:00:06  -  Run Remote Usage
		Usr 0 00:00:00, Sys 0 00:00:00  -  Run Local Usage
		Usr 0 00:14:07, Sys 0 00:00:06  -  Total Remote Usage
		Usr 0 00:00:00, Sys 0 00:00:00  -  Total Local Usage
	0  -  Run Bytes Sent By Job
	0  -  Run Bytes Received By Job
	0  -  Total Bytes Sent By Job
	0  -  Total Bytes Received By Job
	Partitionable Resources :    Usage  Request Allocated
	   Cpus                 :                 1         1
	   Disk (KB)            :        2        2   1909590
	   Gpus                 :                           0
	   Memory (MB)          :      104        1     21164
...
000 (384266.000.000) 05/08 05:53:12 Job submitted from host: <128.83.144.155:57685?addrs=128.83.144.155-57685>
...
001 (384266.000.000) 05/08 06:35:08 Job executing on host: <128.83.139.14:44306?addrs=128.83.139.14-44306>
...
006 (384266.000.000) 05/08 06:35:17 Image size of job updated: 373408
	29  -  MemoryUsage of job (MB)
	29072  -  ResidentSetSize of job (KB)
...
006 (384266.000.000) 05/08 06:40:18 Image size of job updated: 1067864
	104  -  MemoryUsage of job (MB)
	106288  -  ResidentSetSize of job (KB)
...
006 (384266.000.000) 05/08 06:45:19 Image size of job updated: 1068120
	108  -  MemoryUsage of job (MB)
	109724  -  ResidentSetSize of job (KB)
...
006 (384266.000.000) 05/08 06:50:19 Image size of job updated: 1068120
	108  -  MemoryUsage of job (MB)
	110308  -  ResidentSetSize of job (KB)
...
005 (384266.000.000) 05/08 06:54:30 Job terminated.
	(1) Normal termination (return value 0)
		Usr 0 00:18:43, Sys 0 00:00:21  -  Run Remote Usage
		Usr 0 00:00:00, Sys 0 00:00:00  -  Run Local Usage
		Usr 0 00:18:43, Sys 0 00:00:21  -  Total Remote Usage
		Usr 0 00:00:00, Sys 0 00:00:00  -  Total Local Usage
	0  -  Run Bytes Sent By Job
	0  -  Run Bytes Received By Job
	0  -  Total Bytes Sent By Job
	0  -  Total Bytes Received By Job
	Partitionable Resources :    Usage  Request Allocated
	   Cpus                 :                 1         1
	   Disk (KB)            :        2        2   1675495
	   Gpus                 :                           0
	   Memory (MB)          :      108        1     12899
...
000 (417659.000.000) 05/09 03:37:37 Job submitted from host: <128.83.144.154:52346?addrs=128.83.144.154-52346>
...
001 (417659.000.000) 05/09 04:15:31 Job executing on host: <128.83.144.15:36598?addrs=128.83.144.15-36598>
...
006 (417659.000.000) 05/09 04:15:39 Image size of job updated: 2
	2  -  MemoryUsage of job (MB)
	1680  -  ResidentSetSize of job (KB)
...
006 (417659.000.000) 05/09 04:20:39 Image size of job updated: 1067856
	101  -  MemoryUsage of job (MB)
	102408  -  ResidentSetSize of job (KB)
...
006 (417659.000.000) 05/09 04:25:40 Image size of job updated: 1067856
	104  -  MemoryUsage of job (MB)
	105692  -  ResidentSetSize of job (KB)
...
006 (417659.000.000) 05/09 04:30:40 Image size of job updated: 1067856
	104  -  MemoryUsage of job (MB)
	106152  -  ResidentSetSize of job (KB)
...
005 (417659.000.000) 05/09 04:32:03 Job terminated.
	(1) Normal termination (return value 0)
		Usr 0 00:16:03, Sys 0 00:00:35  -  Run Remote Usage
		Usr 0 00:00:00, Sys 0 00:00:00  -  Run Local Usage
		Usr 0 00:16:03, Sys 0 00:00:35  -  Total Remote Usage
		Usr 0 00:00:00, Sys 0 00:00:00  -  Total Local Usage
	0  -  Run Bytes Sent By Job
	0  -  Run Bytes Received By Job
	0  -  Total Bytes Sent By Job
	0  -  Total Bytes Received By Job
	Partitionable Resources :    Usage  Request Allocated
	   Cpus                 :                 1         1
	   Disk (KB)            :        2        2    815250
	   Gpus                 :                           0
	   Memory (MB)          :      104        1     12899
...
