[SNIPER] Start
Sampler: 4, 32, 0
itlb_cache: 32, 1
itlb_cache_L1: 32, 1
Sampler: 4, 128, 0
dtlb_cache: 128, 4
dtlb_cache_L1: 128, 4
L1-I 2
Sampler: 4, 4, 128
L1-I: 2048, 64
L1-I_L1: 2048, 64
L1-D 3
Sampler: 4, 8, 32
L1-D: 1024, 32
L1-D_L1: 1024, 32
L2 4
Sampler: 122, 16, 16
L2: 32768, 1024
L2_L1: 32768, 1024
Executing Python script /v/filer4b/v20q001/ypei/Desktop/cs395t-lin/output/low_bandwidth/run_all_hybrid_headroom9/gcc/3/sim.scripts.py
[STOPBYICOUNT] Starting in ROI (detail)
[STOPBYICOUNT] Then stopping after simulating at least 250000000 instructions in detail
[SNIPER] --------------------------------------------------------------------------------
[SNIPER] Sniper using SIFT/trace-driven frontend
[SNIPER] Running full application in DETAILED mode
[SNIPER] --------------------------------------------------------------------------------
[SNIPER] Enabling performance models
[SNIPER] Setting instrumentation mode to DETAILED
[STOPBYICOUNT] Ending ROI after 250000001 instructions (250000000 requested)
[SNIPER] Disabling performance models
[SNIPER] Leaving ROI after 614.44 seconds
[SNIPER] Simulated 250.0M instructions, 290.0M cycles, 0.86 IPC
[SNIPER] Simulation speed 406.9 KIPS (406.9 KIPS / target core - 2457.9ns/instr)
[SNIPER] Setting instrumentation mode to FAST_FORWARD
Hawkeye Victims: 0
LRU Victims: 0
Hawkeye Victims: 0
LRU Victims: 0
Hawkeye Victims: 0
LRU Victims: 0
a test for execution
[app0] [SIFT_RECORDER] sift_writer.cc:550: Sift::Mode Sift::Writer::Sync(): Assertion `!response->fail()' failed.

[app0] Pin app terminated abnormally due to signal 6.
Inserted: 0
Redundant.progress: 0
Redundant.cache: 0
Redundant.buffer: 0
Hawkeye Victims: 0
LRU Victims: 0
a test for execution

Inserted: 0
Redundant.progress: 0
Redundant.cache: 0
Redundant.buffer: 0
Hawkeye Victims: 0
LRU Victims: 0
 =========================================================== 
Triggers: 1459651
Repeats: 0

Same addr: 962752 65.9577
New addr: 1163 0.0796766

Distribution of new addresses: 
Stream Head: 917 78.8478
Stream Divergence: 144489 12423.8

Invalidation count: 171540 14749.8
No Conflict count: 27899 2398.88
Same Stream count: 0 0
New Stream count: 0 0

Not found: 479046
On Chip Mispredictions: 0
 =========================================================== 
Distribution of predictions: 
Predict Init: 1150982 78.8532
Total Predictions: 1128467
Predict OCI Miss: 18810 1.63426
Predict Stream End: 22515 1.95616
Buffer Success: 0 0
Stride Distribution: 0, 4507, 3496, 0, 29716, 19458, 45816, 23552, 122728, 54832, 90344, 69046, 85468, 24840, 75026, 28566, 53314, 0, 41676, 0, 29164, 0, 0, 0, 28336, 0, 0, 0, 0, 0, 55062, 0, 28106, 0, 0, 0, 21390, 0, 0, 0, 14904, 0, 0, 0, 0, 0, 0, 0, 0, 0, 0, 0, 0, 0, 0, 0, 0, 0, 0, 0, 0, 0, 0, 0, 0, 0, 33, 0, 0, 0, 0, 0, 30455088, 0, 49, 0, 15, 0, 15, 0, 0, 6644585, 1868787317, 1915577714, 1702195557, 7566451, 113, 0, 5073232, 0, 27128480, 0, 0, 0, 5073232, 0, 27686896, 0, 0, 0, 5073232, 0, 27959216, 0, 0, 0, 5165152, 0, 1082137968, 11125, 0, 11125, 30453392, 0, 49, 0, 6, 0, 6, 0, 0, 0, 1919906931, 29541, 48, 0, 49, 0, 
a test for execution

Inserted: 1548488
Redundant.progress: 77681
Redundant.cache: 620703
Redundant.buffer: 0
[SNIPER] End
[SNIPER] Elapsed time: 619.59 seconds
