[SNIPER] Start
Sampler: 4, 32, 0
itlb_cache: 32, 1
itlb_cache_L1: 32, 1
Sampler: 4, 128, 0
dtlb_cache: 128, 4
dtlb_cache_L1: 128, 4
L1-I 2
Sampler: 4, 4, 128
L1-I: 2048, 64
L1-I_L1: 2048, 64
L1-D 3
Sampler: 4, 8, 32
L1-D: 1024, 32
L1-D_L1: 1024, 32
L2 4
Sampler: 122, 16, 16
L2: 32768, 1024
L2_L1: 32768, 1024
Executing Python script /v/filer4b/v20q001/ypei/Desktop/cs395t-lin/output/low_bandwidth/run_all_hybrid_headroom9/libquantum/15/sim.scripts.py
[STOPBYICOUNT] Starting in ROI (detail)
[STOPBYICOUNT] Then stopping after simulating at least 250000000 instructions in detail
[SNIPER] --------------------------------------------------------------------------------
[SNIPER] Sniper using SIFT/trace-driven frontend
[SNIPER] Running full application in DETAILED mode
[SNIPER] --------------------------------------------------------------------------------
[SNIPER] Enabling performance models
[SNIPER] Setting instrumentation mode to DETAILED
[STOPBYICOUNT] Ending ROI after 250000005 instructions (250000000 requested)
[SNIPER] Disabling performance models
[SNIPER] Leaving ROI after 950.61 seconds
[SNIPER] Simulated 250.0M instructions, 370.4M cycles, 0.68 IPC
[SNIPER] Simulation speed 263.0 KIPS (263.0 KIPS / target core - 3802.5ns/instr)
[SNIPER] Setting instrumentation mode to FAST_FORWARD
Hawkeye Victims: 0
LRU Victims: 0
[app0] [SIFT_RECORDER] sift_writer.cc:550: Sift::Mode Sift::Writer::Sync(): Assertion `!response->fail()' failed.
Hawkeye Victims: 0
LRU Victims: 0
Hawkeye Victims: 0
LRU Victims: 0
a test for execution
[app0] Pin app terminated abnormally due to signal 6.

Inserted: 0
Redundant.progress: 0
Redundant.cache: 0
Redundant.buffer: 0
Hawkeye Victims: 0
LRU Victims: 0
a test for execution

Inserted: 0
Redundant.progress: 0
Redundant.cache: 0
Redundant.buffer: 0
Hawkeye Victims: 0
LRU Victims: 0
 =========================================================== 
Triggers: 6503761
Repeats: 0

Same addr: 5979147 91.9337
New addr: 2054 0.0315817

Distribution of new addresses: 
Stream Head: 2047 99.6592
Stream Divergence: 17 0.827653

Invalidation count: 272 13.2425
No Conflict count: 255 12.4148
Same Stream count: 0 0
New Stream count: 0 0

Not found: 522527
On Chip Mispredictions: 0
 =========================================================== 
Distribution of predictions: 
Predict Init: 5979452 91.9384
Total Predictions: 5956052
Predict OCI Miss: 37 0.000618786
Predict Stream End: 23400 0.39134
Buffer Success: 0 0
Stride Distribution: 0, 1425, 0, 0, 0, 0, 0, 0, 0, 6499484, 1426, 0, 1426, 0, 0, 0, 0, 0, 0, 0, 0, 0, 0, 0, 0, 0, 0, 0, 0, 0, 0, 0, 0, 0, 0, 0, 0, 0, 0, 0, 0, 0, 0, 0, 0, 0, 0, 0, 0, 0, 0, 0, 0, 0, 0, 0, 0, 0, 0, 0, 0, 0, 0, 0, 0, 0, 33, 0, 0, 0, 0, 0, 40072528, 0, 49, 0, 15, 0, 15, 0, 0, 6644585, 1868787317, 1915577714, 1702195557, 7566451, 113, 0, 5073232, 0, 36745920, 0, 0, 0, 5073232, 0, 37304336, 0, 0, 0, 5073232, 0, 37576656, 0, 0, 0, 5165152, 0, 1766554992, 11134, 0, 11134, 40070832, 0, 49, 0, 6, 0, 6, 0, 0, 0, 1919906931, 29541, 48, 0, 49, 0, 
a test for execution

Inserted: 12459776
Redundant.progress: 5952983
Redundant.cache: 2984
Redundant.buffer: 0
[SNIPER] End
[SNIPER] Elapsed time: 957.11 seconds
