000 (515994.000.000) 05/05 17:13:10 Job submitted from host: <128.83.144.149:44250?addrs=128.83.144.149-44250>
...
001 (515994.000.000) 05/05 17:13:31 Job executing on host: <128.83.120.250:59851?addrs=128.83.120.250-59851>
...
006 (515994.000.000) 05/05 17:13:39 Image size of job updated: 776584
	56  -  MemoryUsage of job (MB)
	56704  -  ResidentSetSize of job (KB)
...
006 (515994.000.000) 05/05 17:14:25 Image size of job updated: 777704
	56  -  MemoryUsage of job (MB)
	56704  -  ResidentSetSize of job (KB)
...
004 (515994.000.000) 05/05 17:14:25 Job was evicted.
	(0) Job was not checkpointed.
		Usr 0 00:00:00, Sys 0 00:00:00  -  Run Remote Usage
		Usr 0 00:00:00, Sys 0 00:00:00  -  Run Local Usage
	0  -  Run Bytes Sent By Job
	0  -  Run Bytes Received By Job
	Partitionable Resources :    Usage  Request Allocated
	   Cpus                 :                 1         1
	   Disk (KB)            :        2        2    815266
	   Gpus                 :                           0
	   Memory (MB)          :       56        1     12899
...
009 (515994.000.000) 05/05 17:14:26 Job was aborted by the user.
	via condor_rm (by user ypei)
...
000 (516219.000.000) 05/05 17:14:53 Job submitted from host: <128.83.144.149:44250?addrs=128.83.144.149-44250>
...
001 (516219.000.000) 05/05 17:15:01 Job executing on host: <128.83.139.15:46714?addrs=128.83.139.15-46714>
...
006 (516219.000.000) 05/05 17:15:09 Image size of job updated: 776748
	54  -  MemoryUsage of job (MB)
	55024  -  ResidentSetSize of job (KB)
...
006 (516219.000.000) 05/05 17:18:10 Image size of job updated: 946496
	54  -  MemoryUsage of job (MB)
	55024  -  ResidentSetSize of job (KB)
...
004 (516219.000.000) 05/05 17:18:10 Job was evicted.
	(0) Job was not checkpointed.
		Usr 0 00:01:08, Sys 0 00:00:01  -  Run Remote Usage
		Usr 0 00:00:00, Sys 0 00:00:00  -  Run Local Usage
	0  -  Run Bytes Sent By Job
	0  -  Run Bytes Received By Job
	Partitionable Resources :    Usage  Request Allocated
	   Cpus                 :                 1         1
	   Disk (KB)            :        2        2   1684662
	   Gpus                 :                           0
	   Memory (MB)          :       54        1     12899
...
009 (516219.000.000) 05/05 17:18:11 Job was aborted by the user.
	via condor_rm (by user ypei)
...
000 (516426.000.000) 05/05 17:18:23 Job submitted from host: <128.83.144.149:44250?addrs=128.83.144.149-44250>
...
001 (516426.000.000) 05/05 17:18:31 Job executing on host: <128.83.144.13:57145?addrs=128.83.144.13-57145>
...
006 (516426.000.000) 05/05 17:18:39 Image size of job updated: 776744
	52  -  MemoryUsage of job (MB)
	52660  -  ResidentSetSize of job (KB)
...
006 (516426.000.000) 05/05 17:21:19 Image size of job updated: 1067148
	52  -  MemoryUsage of job (MB)
	52660  -  ResidentSetSize of job (KB)
...
004 (516426.000.000) 05/05 17:21:19 Job was evicted.
	(0) Job was not checkpointed.
		Usr 0 00:01:14, Sys 0 00:00:01  -  Run Remote Usage
		Usr 0 00:00:00, Sys 0 00:00:00  -  Run Local Usage
	0  -  Run Bytes Sent By Job
	0  -  Run Bytes Received By Job
	Partitionable Resources :    Usage  Request Allocated
	   Cpus                 :                 1         1
	   Disk (KB)            :        2        2    824403
	   Gpus                 :                           0
	   Memory (MB)          :       52        1     12899
...
009 (516426.000.000) 05/05 17:21:20 Job was aborted by the user.
	via condor_rm (by user ypei)
...
000 (517047.000.000) 05/05 17:21:47 Job submitted from host: <128.83.144.149:44250?addrs=128.83.144.149-44250>
...
001 (517047.000.000) 05/05 17:21:54 Job executing on host: <128.83.120.229:58979?addrs=128.83.120.229-58979>
...
006 (517047.000.000) 05/05 17:22:02 Image size of job updated: 777260
	56  -  MemoryUsage of job (MB)
	57224  -  ResidentSetSize of job (KB)
...
006 (517047.000.000) 05/05 17:27:02 Image size of job updated: 1078316
	238  -  MemoryUsage of job (MB)
	243696  -  ResidentSetSize of job (KB)
...
006 (517047.000.000) 05/05 17:32:03 Image size of job updated: 1078896
	239  -  MemoryUsage of job (MB)
	244320  -  ResidentSetSize of job (KB)
...
006 (517047.000.000) 05/05 17:37:04 Image size of job updated: 1078936
	239  -  MemoryUsage of job (MB)
	244596  -  ResidentSetSize of job (KB)
...
006 (517047.000.000) 05/05 17:42:04 Image size of job updated: 1079036
	240  -  MemoryUsage of job (MB)
	244840  -  ResidentSetSize of job (KB)
...
006 (517047.000.000) 05/05 17:42:37 Image size of job updated: 1079044
	240  -  MemoryUsage of job (MB)
	244840  -  ResidentSetSize of job (KB)
...
005 (517047.000.000) 05/05 17:42:37 Job terminated.
	(1) Normal termination (return value 0)
		Usr 0 00:19:11, Sys 0 00:00:15  -  Run Remote Usage
		Usr 0 00:00:00, Sys 0 00:00:00  -  Run Local Usage
		Usr 0 00:19:11, Sys 0 00:00:15  -  Total Remote Usage
		Usr 0 00:00:00, Sys 0 00:00:00  -  Total Local Usage
	0  -  Run Bytes Sent By Job
	0  -  Run Bytes Received By Job
	0  -  Total Bytes Sent By Job
	0  -  Total Bytes Received By Job
	Partitionable Resources :    Usage  Request Allocated
	   Cpus                 :                 1         1
	   Disk (KB)            :        2        2    828961
	   Gpus                 :                           0
	   Memory (MB)          :      240        1     12899
...
000 (518082.000.000) 05/06 21:33:05 Job submitted from host: <128.83.144.149:44250?addrs=128.83.144.149-44250>
...
001 (518082.000.000) 05/06 21:33:14 Job executing on host: <128.83.139.9:47643?addrs=128.83.139.9-47643>
...
006 (518082.000.000) 05/06 21:33:22 Image size of job updated: 776880
	56  -  MemoryUsage of job (MB)
	56784  -  ResidentSetSize of job (KB)
...
006 (518082.000.000) 05/06 21:33:43 Image size of job updated: 778940
	57  -  MemoryUsage of job (MB)
	57840  -  ResidentSetSize of job (KB)
...
004 (518082.000.000) 05/06 21:33:43 Job was evicted.
	(0) Job was not checkpointed.
		Usr 0 00:00:00, Sys 0 00:00:00  -  Run Remote Usage
		Usr 0 00:00:00, Sys 0 00:00:00  -  Run Local Usage
	0  -  Run Bytes Sent By Job
	0  -  Run Bytes Received By Job
	Partitionable Resources :    Usage  Request Allocated
	   Cpus                 :                 1         1
	   Disk (KB)            :        2        2   1678568
	   Gpus                 :                           0
	   Memory (MB)          :       57        1     12899
...
009 (518082.000.000) 05/06 21:33:45 Job was aborted by the user.
	via condor_rm (by user ypei)
...
000 (518289.000.000) 05/06 21:34:12 Job submitted from host: <128.83.144.149:44250?addrs=128.83.144.149-44250>
...
001 (518289.000.000) 05/06 21:34:22 Job executing on host: <128.83.139.14:44306?addrs=128.83.139.14-44306>
...
006 (518289.000.000) 05/06 21:34:31 Image size of job updated: 777260
	56  -  MemoryUsage of job (MB)
	57276  -  ResidentSetSize of job (KB)
...
006 (518289.000.000) 05/06 21:39:32 Image size of job updated: 1078568
	239  -  MemoryUsage of job (MB)
	243724  -  ResidentSetSize of job (KB)
...
006 (518289.000.000) 05/06 21:44:32 Image size of job updated: 1078672
	239  -  MemoryUsage of job (MB)
	244108  -  ResidentSetSize of job (KB)
...
006 (518289.000.000) 05/06 21:49:32 Image size of job updated: 1078688
	239  -  MemoryUsage of job (MB)
	244148  -  ResidentSetSize of job (KB)
...
006 (518289.000.000) 05/06 21:54:34 Image size of job updated: 1079052
	239  -  MemoryUsage of job (MB)
	244424  -  ResidentSetSize of job (KB)
...
006 (518289.000.000) 05/06 21:57:50 Image size of job updated: 1079076
	239  -  MemoryUsage of job (MB)
	244424  -  ResidentSetSize of job (KB)
...
005 (518289.000.000) 05/06 21:57:50 Job terminated.
	(1) Normal termination (return value 0)
		Usr 0 00:21:47, Sys 0 00:00:23  -  Run Remote Usage
		Usr 0 00:00:00, Sys 0 00:00:00  -  Run Local Usage
		Usr 0 00:21:47, Sys 0 00:00:23  -  Total Remote Usage
		Usr 0 00:00:00, Sys 0 00:00:00  -  Total Local Usage
	0  -  Run Bytes Sent By Job
	0  -  Run Bytes Received By Job
	0  -  Total Bytes Sent By Job
	0  -  Total Bytes Received By Job
	Partitionable Resources :    Usage  Request Allocated
	   Cpus                 :                 1         1
	   Disk (KB)            :        2        2   1675522
	   Gpus                 :                           0
	   Memory (MB)          :      239        1     12899
...
000 (381857.000.000) 05/07 00:29:03 Job submitted from host: <128.83.144.155:57685?addrs=128.83.144.155-57685>
...
001 (381857.000.000) 05/07 00:29:20 Job executing on host: <128.83.120.128:51378?addrs=128.83.120.128-51378>
...
006 (381857.000.000) 05/07 00:29:28 Image size of job updated: 776884
	56  -  MemoryUsage of job (MB)
	56760  -  ResidentSetSize of job (KB)
...
010 (381857.000.000) 05/07 00:31:34 Job was suspended.
	Number of processes actually suspended: 8
...
006 (381857.000.000) 05/07 00:31:34 Image size of job updated: 1012952
	174  -  MemoryUsage of job (MB)
	177792  -  ResidentSetSize of job (KB)
...
011 (381857.000.000) 05/07 00:41:34 Job was unsuspended.
...
004 (381857.000.000) 05/07 00:41:34 Job was evicted.
	(0) Job was not checkpointed.
		Usr 0 00:01:01, Sys 0 00:00:01  -  Run Remote Usage
		Usr 0 00:00:00, Sys 0 00:00:00  -  Run Local Usage
	0  -  Run Bytes Sent By Job
	0  -  Run Bytes Received By Job
	Partitionable Resources :    Usage  Request Allocated
	   Cpus                 :                 1         1
	   Disk (KB)            :        2        2    803079
	   Gpus                 :                           0
	   Memory (MB)          :      174        1     12899
...
001 (381857.000.000) 05/07 00:41:48 Job executing on host: <128.83.120.228:59989?addrs=128.83.120.228-59989>
...
006 (381857.000.000) 05/07 00:46:58 Image size of job updated: 1250000
	239  -  MemoryUsage of job (MB)
	243972  -  ResidentSetSize of job (KB)
...
006 (381857.000.000) 05/07 00:51:58 Image size of job updated: 1250000
	239  -  MemoryUsage of job (MB)
	244244  -  ResidentSetSize of job (KB)
...
006 (381857.000.000) 05/07 00:56:59 Image size of job updated: 1250000
	239  -  MemoryUsage of job (MB)
	244468  -  ResidentSetSize of job (KB)
...
005 (381857.000.000) 05/07 01:00:38 Job terminated.
	(1) Normal termination (return value 0)
		Usr 0 00:18:08, Sys 0 00:00:28  -  Run Remote Usage
		Usr 0 00:00:00, Sys 0 00:00:00  -  Run Local Usage
		Usr 0 00:18:08, Sys 0 00:00:28  -  Total Remote Usage
		Usr 0 00:00:00, Sys 0 00:00:00  -  Total Local Usage
	0  -  Run Bytes Sent By Job
	0  -  Run Bytes Received By Job
	0  -  Total Bytes Sent By Job
	0  -  Total Bytes Received By Job
	Partitionable Resources :    Usage  Request Allocated
	   Cpus                 :                 1         1
	   Disk (KB)            :        2        2    790891
	   Gpus                 :                           0
	   Memory (MB)          :      239      196     12899
...
