[SNIPER] Start
Sampler: 4, 32, 0
itlb_cache: 32, 1
itlb_cache_L1: 32, 1
Sampler: 4, 128, 0
dtlb_cache: 128, 4
dtlb_cache_L1: 128, 4
L1-I 2
Sampler: 4, 4, 128
L1-I: 2048, 64
L1-I_L1: 2048, 64
L1-D 3
Sampler: 4, 8, 32
L1-D: 1024, 32
L1-D_L1: 1024, 32
L2 4
Sampler: 122, 16, 16
L2: 32768, 1024
L2_L1: 32768, 1024
Executing Python script /v/filer4b/v20q001/ypei/Desktop/cs395t-lin/output/run_all_hybrid_headroom2/gcc/3/sim.scripts.py
[STOPBYICOUNT] Starting in ROI (detail)
[STOPBYICOUNT] Then stopping after simulating at least 250000000 instructions in detail
[SNIPER] --------------------------------------------------------------------------------
[SNIPER] Sniper using SIFT/trace-driven frontend
[SNIPER] Running full application in DETAILED mode
[SNIPER] --------------------------------------------------------------------------------
[SNIPER] Enabling performance models
[SNIPER] Setting instrumentation mode to DETAILED
[STOPBYICOUNT] Ending ROI after 250000001 instructions (250000000 requested)
[SNIPER] Disabling performance models
[SNIPER] Leaving ROI after 1441.97 seconds
[SNIPER] Simulated 250.0M instructions, 263.8M cycles, 0.95 IPC
[SNIPER] Simulation speed 173.4 KIPS (173.4 KIPS / target core - 5767.7ns/instr)
[SNIPER] Setting instrumentation mode to FAST_FORWARD
[app0] [SIFT_RECORDER] sift_writer.cc:550: Sift::Mode Sift::Writer::Sync(): Assertion `!response->fail()' failed.
Hawkeye Victims: 0
LRU Victims: 0
Hawkeye Victims: 0
LRU Victims: 0
Hawkeye Victims: 0
LRU Victims: 0
a test for execution
[app0] Pin app terminated abnormally due to signal 6.

Inserted: 0
Redundant.progress: 0
Redundant.cache: 0
Redundant.buffer: 0
Hawkeye Victims: 0
LRU Victims: 0
a test for execution

Inserted: 0
Redundant.progress: 0
Redundant.cache: 0
Redundant.buffer: 0
Hawkeye Victims: 0
LRU Victims: 0
 =========================================================== 
Triggers: 1459671
Repeats: 0

Same addr: 962787 65.9592
New addr: 1164 0.079744

Distribution of new addresses: 
Stream Head: 917 78.7801
Stream Divergence: 144488 12413.1

Invalidation count: 171510 14734.5
No Conflict count: 27869 2394.24
Same Stream count: 0 0
New Stream count: 0 0

Not found: 479015
On Chip Mispredictions: 0
 =========================================================== 
Distribution of predictions: 
Predict Init: 1151002 78.8535
Total Predictions: 1128502
Predict OCI Miss: 18795 1.63293
Predict Stream End: 22500 1.95482
Buffer Success: 0 0
Stride Distribution: 0, 4507, 10120, 0, 57132, 12512, 12144, 19596, 94990, 72956, 89332, 30084, 80408, 21666, 34960, 38456, 76774, 0, 51290, 0, 27048, 0, 0, 0, 34546, 0, 0, 0, 0, 0, 63710, 0, 47242, 0, 0, 0, 9476, 0, 0, 0, 20608, 0, 0, 0, 0, 0, 0, 0, 0, 0, 0, 0, 0, 0, 0, 0, 0, 0, 0, 0, 0, 0, 0, 0, 0, 0, 33, 0, 0, 0, 0, 0, 34378816, 0, 49, 0, 15, 0, 15, 0, 0, 6644585, 1868787317, 1915577714, 1702195557, 7566451, 113, 0, 5073232, 0, 31052176, 0, 0, 0, 5073232, 0, 31610592, 0, 0, 0, 5073232, 0, 31882944, 0, 0, 0, 5165152, 0, 2207087984, 11079, 0, 11079, 34377120, 0, 49, 0, 6, 0, 6, 0, 0, 0, 1919906931, 29541, 48, 0, 49, 0, 
a test for execution

Inserted: 1688117
Redundant.progress: 81770
Redundant.cache: 684750
Redundant.buffer: 0
[SNIPER] End
[SNIPER] Elapsed time: 1509.95 seconds
