000 (15005728.000.000) 08/01 19:38:49 Job submitted from host: <128.83.130.153:51299?addrs=128.83.130.153-51299>
...
001 (15005728.000.000) 08/01 19:39:09 Job executing on host: <128.83.120.217:37024?addrs=128.83.120.217-37024>
...
006 (15005728.000.000) 08/01 19:39:18 Image size of job updated: 1508336
	44  -  MemoryUsage of job (MB)
	44680  -  ResidentSetSize of job (KB)
...
006 (15005728.000.000) 08/01 19:44:19 Image size of job updated: 5741296
	675  -  MemoryUsage of job (MB)
	691136  -  ResidentSetSize of job (KB)
...
006 (15005728.000.000) 08/01 19:49:19 Image size of job updated: 5809116
	756  -  MemoryUsage of job (MB)
	773712  -  ResidentSetSize of job (KB)
...
006 (15005728.000.000) 08/01 19:54:20 Image size of job updated: 5809632
	848  -  MemoryUsage of job (MB)
	868312  -  ResidentSetSize of job (KB)
...
006 (15005728.000.000) 08/01 19:59:21 Image size of job updated: 5875368
	921  -  MemoryUsage of job (MB)
	942300  -  ResidentSetSize of job (KB)
...
006 (15005728.000.000) 08/01 19:59:48 Image size of job updated: 5875680
	921  -  MemoryUsage of job (MB)
	942300  -  ResidentSetSize of job (KB)
...
005 (15005728.000.000) 08/01 19:59:48 Job terminated.
	(1) Normal termination (return value 0)
		Usr 0 00:20:42, Sys 0 00:00:21  -  Run Remote Usage
		Usr 0 00:00:00, Sys 0 00:00:00  -  Run Local Usage
		Usr 0 00:20:42, Sys 0 00:00:21  -  Total Remote Usage
		Usr 0 00:00:00, Sys 0 00:00:00  -  Total Local Usage
	0  -  Run Bytes Sent By Job
	0  -  Run Bytes Received By Job
	0  -  Total Bytes Sent By Job
	0  -  Total Bytes Received By Job
	Partitionable Resources :    Usage  Request Allocated
	   Cpus                 :                 1         1
	   Disk (KB)            :        1        1    749975
	   Gpus                 :                           0
	   Memory (MB)          :      921        1      4021
...
