000 (15005713.000.000) 08/01 19:38:48 Job submitted from host: <128.83.130.153:51299?addrs=128.83.130.153-51299>
...
001 (15005713.000.000) 08/01 19:39:09 Job executing on host: <128.83.130.197:45650?addrs=128.83.130.197-45650>
...
006 (15005713.000.000) 08/01 19:39:18 Image size of job updated: 1638368
	83  -  MemoryUsage of job (MB)
	84864  -  ResidentSetSize of job (KB)
...
006 (15005713.000.000) 08/01 19:44:19 Image size of job updated: 4428860
	858  -  MemoryUsage of job (MB)
	877672  -  ResidentSetSize of job (KB)
...
006 (15005713.000.000) 08/01 19:49:19 Image size of job updated: 4429876
	1017  -  MemoryUsage of job (MB)
	1040988  -  ResidentSetSize of job (KB)
...
006 (15005713.000.000) 08/01 19:54:19 Image size of job updated: 4561172
	1107  -  MemoryUsage of job (MB)
	1133160  -  ResidentSetSize of job (KB)
...
006 (15005713.000.000) 08/01 19:59:21 Image size of job updated: 4626836
	1171  -  MemoryUsage of job (MB)
	1198884  -  ResidentSetSize of job (KB)
...
006 (15005713.000.000) 08/01 20:04:21 Image size of job updated: 4627220
	1241  -  MemoryUsage of job (MB)
	1270464  -  ResidentSetSize of job (KB)
...
006 (15005713.000.000) 08/01 20:09:21 Image size of job updated: 4823844
	1293  -  MemoryUsage of job (MB)
	1323232  -  ResidentSetSize of job (KB)
...
005 (15005713.000.000) 08/01 20:10:08 Job terminated.
	(1) Normal termination (return value 0)
		Usr 0 00:28:07, Sys 0 00:00:52  -  Run Remote Usage
		Usr 0 00:00:00, Sys 0 00:00:00  -  Run Local Usage
		Usr 0 00:28:07, Sys 0 00:00:52  -  Total Remote Usage
		Usr 0 00:00:00, Sys 0 00:00:00  -  Total Local Usage
	0  -  Run Bytes Sent By Job
	0  -  Run Bytes Received By Job
	0  -  Total Bytes Sent By Job
	0  -  Total Bytes Received By Job
	Partitionable Resources :    Usage  Request Allocated
	   Cpus                 :                 1         1
	   Disk (KB)            :        1        1   4239686
	   Gpus                 :                           0
	   Memory (MB)          :     1293        1      4021
...
