000 (515989.000.000) 05/05 17:13:10 Job submitted from host: <128.83.144.149:44250?addrs=128.83.144.149-44250>
...
001 (515989.000.000) 05/05 17:13:32 Job executing on host: <128.83.120.128:51378?addrs=128.83.120.128-51378>
...
006 (515989.000.000) 05/05 17:13:41 Image size of job updated: 875776
	56  -  MemoryUsage of job (MB)
	56532  -  ResidentSetSize of job (KB)
...
006 (515989.000.000) 05/05 17:14:29 Image size of job updated: 877468
	56  -  MemoryUsage of job (MB)
	56532  -  ResidentSetSize of job (KB)
...
004 (515989.000.000) 05/05 17:14:29 Job was evicted.
	(0) Job was not checkpointed.
		Usr 0 00:00:00, Sys 0 00:00:00  -  Run Remote Usage
		Usr 0 00:00:00, Sys 0 00:00:00  -  Run Local Usage
	0  -  Run Bytes Sent By Job
	0  -  Run Bytes Received By Job
	Partitionable Resources :    Usage  Request Allocated
	   Cpus                 :                 1         1
	   Disk (KB)            :        2        2    812221
	   Gpus                 :                           0
	   Memory (MB)          :       56        1     12899
...
009 (515989.000.000) 05/05 17:14:30 Job was aborted by the user.
	via condor_rm (by user ypei)
...
000 (516214.000.000) 05/05 17:14:52 Job submitted from host: <128.83.144.149:44250?addrs=128.83.144.149-44250>
...
001 (516214.000.000) 05/05 17:15:01 Job executing on host: <128.83.144.13:57145?addrs=128.83.144.13-57145>
...
006 (516214.000.000) 05/05 17:15:10 Image size of job updated: 875940
	52  -  MemoryUsage of job (MB)
	52684  -  ResidentSetSize of job (KB)
...
006 (516214.000.000) 05/05 17:18:07 Image size of job updated: 1047112
	52  -  MemoryUsage of job (MB)
	52684  -  ResidentSetSize of job (KB)
...
004 (516214.000.000) 05/05 17:18:07 Job was evicted.
	(0) Job was not checkpointed.
		Usr 0 00:00:52, Sys 0 00:00:01  -  Run Remote Usage
		Usr 0 00:00:00, Sys 0 00:00:00  -  Run Local Usage
	0  -  Run Bytes Sent By Job
	0  -  Run Bytes Received By Job
	Partitionable Resources :    Usage  Request Allocated
	   Cpus                 :                 1         1
	   Disk (KB)            :        2        2    824403
	   Gpus                 :                           0
	   Memory (MB)          :       52        1     12899
...
009 (516214.000.000) 05/05 17:18:08 Job was aborted by the user.
	via condor_rm (by user ypei)
...
000 (516421.000.000) 05/05 17:18:23 Job submitted from host: <128.83.144.149:44250?addrs=128.83.144.149-44250>
...
001 (516421.000.000) 05/05 17:18:59 Job executing on host: <128.83.144.147:58788?addrs=128.83.144.147-58788>
...
006 (516421.000.000) 05/05 17:19:07 Image size of job updated: 876072
	56  -  MemoryUsage of job (MB)
	56816  -  ResidentSetSize of job (KB)
...
006 (516421.000.000) 05/05 17:21:22 Image size of job updated: 1047224
	56  -  MemoryUsage of job (MB)
	56816  -  ResidentSetSize of job (KB)
...
004 (516421.000.000) 05/05 17:21:22 Job was evicted.
	(0) Job was not checkpointed.
		Usr 0 00:01:05, Sys 0 00:00:01  -  Run Remote Usage
		Usr 0 00:00:00, Sys 0 00:00:00  -  Run Local Usage
	0  -  Run Bytes Sent By Job
	0  -  Run Bytes Received By Job
	Partitionable Resources :    Usage  Request Allocated
	   Cpus                 :                 1         1
	   Disk (KB)            :        2        2   1887278
	   Gpus                 :                           0
	   Memory (MB)          :       56        1     21164
...
009 (516421.000.000) 05/05 17:21:22 Job was aborted by the user.
	via condor_rm (by user ypei)
...
000 (517042.000.000) 05/05 17:21:46 Job submitted from host: <128.83.144.149:44250?addrs=128.83.144.149-44250>
...
001 (517042.000.000) 05/05 17:21:53 Job executing on host: <128.83.120.229:58979?addrs=128.83.120.229-58979>
...
006 (517042.000.000) 05/05 17:22:02 Image size of job updated: 876452
	56  -  MemoryUsage of job (MB)
	57272  -  ResidentSetSize of job (KB)
...
006 (517042.000.000) 05/05 17:27:03 Image size of job updated: 1047112
	182  -  MemoryUsage of job (MB)
	185716  -  ResidentSetSize of job (KB)
...
006 (517042.000.000) 05/05 17:32:03 Image size of job updated: 1113200
	199  -  MemoryUsage of job (MB)
	203528  -  ResidentSetSize of job (KB)
...
006 (517042.000.000) 05/05 17:37:03 Image size of job updated: 1113528
	200  -  MemoryUsage of job (MB)
	204508  -  ResidentSetSize of job (KB)
...
006 (517042.000.000) 05/05 17:41:04 Image size of job updated: 1179156
	200  -  MemoryUsage of job (MB)
	204508  -  ResidentSetSize of job (KB)
...
005 (517042.000.000) 05/05 17:41:04 Job terminated.
	(1) Normal termination (return value 0)
		Usr 0 00:17:44, Sys 0 00:00:13  -  Run Remote Usage
		Usr 0 00:00:00, Sys 0 00:00:00  -  Run Local Usage
		Usr 0 00:17:44, Sys 0 00:00:13  -  Total Remote Usage
		Usr 0 00:00:00, Sys 0 00:00:00  -  Total Local Usage
	0  -  Run Bytes Sent By Job
	0  -  Run Bytes Received By Job
	0  -  Total Bytes Sent By Job
	0  -  Total Bytes Received By Job
	Partitionable Resources :    Usage  Request Allocated
	   Cpus                 :                 1         1
	   Disk (KB)            :        2        2    828961
	   Gpus                 :                           0
	   Memory (MB)          :      200        1     12899
...
000 (518077.000.000) 05/06 21:33:04 Job submitted from host: <128.83.144.149:44250?addrs=128.83.144.149-44250>
...
001 (518077.000.000) 05/06 21:33:13 Job executing on host: <128.83.139.9:47643?addrs=128.83.139.9-47643>
...
006 (518077.000.000) 05/06 21:33:22 Image size of job updated: 876588
	56  -  MemoryUsage of job (MB)
	57208  -  ResidentSetSize of job (KB)
...
006 (518077.000.000) 05/06 21:33:42 Image size of job updated: 877608
	56  -  MemoryUsage of job (MB)
	57208  -  ResidentSetSize of job (KB)
...
004 (518077.000.000) 05/06 21:33:42 Job was evicted.
	(0) Job was not checkpointed.
		Usr 0 00:00:00, Sys 0 00:00:00  -  Run Remote Usage
		Usr 0 00:00:00, Sys 0 00:00:00  -  Run Local Usage
	0  -  Run Bytes Sent By Job
	0  -  Run Bytes Received By Job
	Partitionable Resources :    Usage  Request Allocated
	   Cpus                 :                 1         1
	   Disk (KB)            :        2        2   1678568
	   Gpus                 :                           0
	   Memory (MB)          :       56        1     12899
...
009 (518077.000.000) 05/06 21:33:43 Job was aborted by the user.
	via condor_rm (by user ypei)
...
000 (518284.000.000) 05/06 21:34:12 Job submitted from host: <128.83.144.149:44250?addrs=128.83.144.149-44250>
...
001 (518284.000.000) 05/06 21:34:22 Job executing on host: <128.83.139.14:44306?addrs=128.83.139.14-44306>
...
006 (518284.000.000) 05/06 21:34:30 Image size of job updated: 364008
	27  -  MemoryUsage of job (MB)
	27004  -  ResidentSetSize of job (KB)
...
006 (518284.000.000) 05/06 21:39:30 Image size of job updated: 1047284
	183  -  MemoryUsage of job (MB)
	187188  -  ResidentSetSize of job (KB)
...
006 (518284.000.000) 05/06 21:44:30 Image size of job updated: 1113112
	196  -  MemoryUsage of job (MB)
	200300  -  ResidentSetSize of job (KB)
...
006 (518284.000.000) 05/06 21:49:31 Image size of job updated: 1113440
	197  -  MemoryUsage of job (MB)
	201068  -  ResidentSetSize of job (KB)
...
006 (518284.000.000) 05/06 21:54:31 Image size of job updated: 1113768
	200  -  MemoryUsage of job (MB)
	203780  -  ResidentSetSize of job (KB)
...
006 (518284.000.000) 05/06 21:56:05 Image size of job updated: 1179320
	200  -  MemoryUsage of job (MB)
	203780  -  ResidentSetSize of job (KB)
...
005 (518284.000.000) 05/06 21:56:05 Job terminated.
	(1) Normal termination (return value 0)
		Usr 0 00:20:00, Sys 0 00:00:23  -  Run Remote Usage
		Usr 0 00:00:00, Sys 0 00:00:00  -  Run Local Usage
		Usr 0 00:20:00, Sys 0 00:00:23  -  Total Remote Usage
		Usr 0 00:00:00, Sys 0 00:00:00  -  Total Local Usage
	0  -  Run Bytes Sent By Job
	0  -  Run Bytes Received By Job
	0  -  Total Bytes Sent By Job
	0  -  Total Bytes Received By Job
	Partitionable Resources :    Usage  Request Allocated
	   Cpus                 :                 1         1
	   Disk (KB)            :        2        2   1675501
	   Gpus                 :                           0
	   Memory (MB)          :      200        1     12899
...
000 (381852.000.000) 05/07 00:29:03 Job submitted from host: <128.83.144.155:57685?addrs=128.83.144.155-57685>
...
001 (381852.000.000) 05/07 00:29:19 Job executing on host: <128.83.120.128:51378?addrs=128.83.120.128-51378>
...
006 (381852.000.000) 05/07 00:29:27 Image size of job updated: 876588
	51  -  MemoryUsage of job (MB)
	51348  -  ResidentSetSize of job (KB)
...
006 (381852.000.000) 05/07 00:34:27 Image size of job updated: 1113112
	192  -  MemoryUsage of job (MB)
	196384  -  ResidentSetSize of job (KB)
...
006 (381852.000.000) 05/07 00:39:27 Image size of job updated: 1113372
	192  -  MemoryUsage of job (MB)
	196544  -  ResidentSetSize of job (KB)
...
006 (381852.000.000) 05/07 00:44:28 Image size of job updated: 1113696
	193  -  MemoryUsage of job (MB)
	197416  -  ResidentSetSize of job (KB)
...
006 (381852.000.000) 05/07 00:47:49 Image size of job updated: 1179320
	193  -  MemoryUsage of job (MB)
	197416  -  ResidentSetSize of job (KB)
...
005 (381852.000.000) 05/07 00:47:49 Job terminated.
	(1) Normal termination (return value 0)
		Usr 0 00:16:52, Sys 0 00:00:22  -  Run Remote Usage
		Usr 0 00:00:00, Sys 0 00:00:00  -  Run Local Usage
		Usr 0 00:16:52, Sys 0 00:00:22  -  Total Remote Usage
		Usr 0 00:00:00, Sys 0 00:00:00  -  Total Local Usage
	0  -  Run Bytes Sent By Job
	0  -  Run Bytes Received By Job
	0  -  Total Bytes Sent By Job
	0  -  Total Bytes Received By Job
	Partitionable Resources :    Usage  Request Allocated
	   Cpus                 :                 1         1
	   Disk (KB)            :        2        2    803079
	   Gpus                 :                           0
	   Memory (MB)          :      193        1     12899
...
