000 (15005765.000.000) 08/01 20:50:05 Job submitted from host: <128.83.130.153:51299?addrs=128.83.130.153-51299>
...
001 (15005765.000.000) 08/01 20:50:12 Job executing on host: <128.83.120.75:36144?addrs=128.83.120.75-36144>
...
006 (15005765.000.000) 08/01 20:50:21 Image size of job updated: 4942764
	185  -  MemoryUsage of job (MB)
	188652  -  ResidentSetSize of job (KB)
...
006 (15005765.000.000) 08/01 20:55:22 Image size of job updated: 5599968
	474  -  MemoryUsage of job (MB)
	484984  -  ResidentSetSize of job (KB)
...
006 (15005765.000.000) 08/01 21:00:22 Image size of job updated: 5666516
	604  -  MemoryUsage of job (MB)
	618116  -  ResidentSetSize of job (KB)
...
006 (15005765.000.000) 08/01 21:05:22 Image size of job updated: 5732308
	709  -  MemoryUsage of job (MB)
	725288  -  ResidentSetSize of job (KB)
...
006 (15005765.000.000) 08/01 21:10:23 Image size of job updated: 5798296
	870  -  MemoryUsage of job (MB)
	889956  -  ResidentSetSize of job (KB)
...
006 (15005765.000.000) 08/01 21:15:24 Image size of job updated: 5929528
	1038  -  MemoryUsage of job (MB)
	1061900  -  ResidentSetSize of job (KB)
...
006 (15005765.000.000) 08/01 21:20:24 Image size of job updated: 6061728
	1207  -  MemoryUsage of job (MB)
	1235688  -  ResidentSetSize of job (KB)
...
006 (15005765.000.000) 08/01 21:24:08 Image size of job updated: 6127264
	1207  -  MemoryUsage of job (MB)
	1235688  -  ResidentSetSize of job (KB)
...
005 (15005765.000.000) 08/01 21:24:08 Job terminated.
	(1) Normal termination (return value 0)
		Usr 0 00:33:13, Sys 0 00:00:29  -  Run Remote Usage
		Usr 0 00:00:00, Sys 0 00:00:00  -  Run Local Usage
		Usr 0 00:33:13, Sys 0 00:00:29  -  Total Remote Usage
		Usr 0 00:00:00, Sys 0 00:00:00  -  Total Local Usage
	0  -  Run Bytes Sent By Job
	0  -  Run Bytes Received By Job
	0  -  Total Bytes Sent By Job
	0  -  Total Bytes Received By Job
	Partitionable Resources :    Usage  Request Allocated
	   Cpus                 :                 1         1
	   Disk (KB)            :        1        1   8862903
	   Gpus                 :                           0
	   Memory (MB)          :     1207        1      4028
...
