000 (516037.000.000) 05/05 17:13:14 Job submitted from host: <128.83.144.149:44250?addrs=128.83.144.149-44250>
...
001 (516037.000.000) 05/05 17:13:34 Job executing on host: <128.83.120.229:58979?addrs=128.83.120.229-58979>
...
006 (516037.000.000) 05/05 17:13:42 Image size of job updated: 916100
	54  -  MemoryUsage of job (MB)
	54736  -  ResidentSetSize of job (KB)
...
006 (516037.000.000) 05/05 17:14:28 Image size of job updated: 917632
	54  -  MemoryUsage of job (MB)
	54736  -  ResidentSetSize of job (KB)
...
004 (516037.000.000) 05/05 17:14:28 Job was evicted.
	(0) Job was not checkpointed.
		Usr 0 00:00:00, Sys 0 00:00:00  -  Run Remote Usage
		Usr 0 00:00:00, Sys 0 00:00:00  -  Run Local Usage
	0  -  Run Bytes Sent By Job
	0  -  Run Bytes Received By Job
	Partitionable Resources :    Usage  Request Allocated
	   Cpus                 :                 1         1
	   Disk (KB)            :        1        1    828970
	   Gpus                 :                           0
	   Memory (MB)          :       54        1     12899
...
009 (516037.000.000) 05/05 17:14:28 Job was aborted by the user.
	via condor_rm (by user ypei)
...
000 (516262.000.000) 05/05 17:14:57 Job submitted from host: <128.83.144.149:44250?addrs=128.83.144.149-44250>
...
001 (516262.000.000) 05/05 17:15:03 Job executing on host: <128.83.139.14:44306?addrs=128.83.139.14-44306>
...
006 (516262.000.000) 05/05 17:15:12 Image size of job updated: 340324
	21  -  MemoryUsage of job (MB)
	21296  -  ResidentSetSize of job (KB)
...
006 (516262.000.000) 05/05 17:18:12 Image size of job updated: 1091200
	21  -  MemoryUsage of job (MB)
	21296  -  ResidentSetSize of job (KB)
...
004 (516262.000.000) 05/05 17:18:12 Job was evicted.
	(0) Job was not checkpointed.
		Usr 0 00:01:14, Sys 0 00:00:02  -  Run Remote Usage
		Usr 0 00:00:00, Sys 0 00:00:00  -  Run Local Usage
	0  -  Run Bytes Sent By Job
	0  -  Run Bytes Received By Job
	Partitionable Resources :    Usage  Request Allocated
	   Cpus                 :                 1         1
	   Disk (KB)            :        1        1   1695320
	   Gpus                 :                           0
	   Memory (MB)          :       21        1     12899
...
009 (516262.000.000) 05/05 17:18:12 Job was aborted by the user.
	via condor_rm (by user ypei)
...
000 (516469.000.000) 05/05 17:18:27 Job submitted from host: <128.83.144.149:44250?addrs=128.83.144.149-44250>
...
001 (516469.000.000) 05/05 17:18:33 Job executing on host: <128.83.139.14:44306?addrs=128.83.139.14-44306>
...
006 (516469.000.000) 05/05 17:18:41 Image size of job updated: 916100
	56  -  MemoryUsage of job (MB)
	56768  -  ResidentSetSize of job (KB)
...
006 (516469.000.000) 05/05 17:21:21 Image size of job updated: 1091116
	56  -  MemoryUsage of job (MB)
	56768  -  ResidentSetSize of job (KB)
...
004 (516469.000.000) 05/05 17:21:21 Job was evicted.
	(0) Job was not checkpointed.
		Usr 0 00:01:15, Sys 0 00:00:01  -  Run Remote Usage
		Usr 0 00:00:00, Sys 0 00:00:00  -  Run Local Usage
	0  -  Run Bytes Sent By Job
	0  -  Run Bytes Received By Job
	Partitionable Resources :    Usage  Request Allocated
	   Cpus                 :                 1         1
	   Disk (KB)            :        1        1   1695320
	   Gpus                 :                           0
	   Memory (MB)          :       56        1     12899
...
009 (516469.000.000) 05/05 17:21:21 Job was aborted by the user.
	via condor_rm (by user ypei)
...
000 (517090.000.000) 05/05 17:21:55 Job submitted from host: <128.83.144.149:44250?addrs=128.83.144.149-44250>
...
001 (517090.000.000) 05/05 17:22:23 Job executing on host: <128.83.144.13:57145?addrs=128.83.144.13-57145>
...
006 (517090.000.000) 05/05 17:22:32 Image size of job updated: 916100
	54  -  MemoryUsage of job (MB)
	54728  -  ResidentSetSize of job (KB)
...
006 (517090.000.000) 05/05 17:27:33 Image size of job updated: 1156700
	356  -  MemoryUsage of job (MB)
	364544  -  ResidentSetSize of job (KB)
...
006 (517090.000.000) 05/05 17:32:33 Image size of job updated: 1222244
	408  -  MemoryUsage of job (MB)
	417636  -  ResidentSetSize of job (KB)
...
006 (517090.000.000) 05/05 17:37:33 Image size of job updated: 1222600
	438  -  MemoryUsage of job (MB)
	448020  -  ResidentSetSize of job (KB)
...
006 (517090.000.000) 05/05 17:42:34 Image size of job updated: 1288392
	460  -  MemoryUsage of job (MB)
	470620  -  ResidentSetSize of job (KB)
...
006 (517090.000.000) 05/05 17:45:21 Image size of job updated: 1288416
	460  -  MemoryUsage of job (MB)
	470620  -  ResidentSetSize of job (KB)
...
005 (517090.000.000) 05/05 17:45:21 Job terminated.
	(1) Normal termination (return value 0)
		Usr 0 00:21:22, Sys 0 00:00:22  -  Run Remote Usage
		Usr 0 00:00:00, Sys 0 00:00:00  -  Run Local Usage
		Usr 0 00:21:22, Sys 0 00:00:22  -  Total Remote Usage
		Usr 0 00:00:00, Sys 0 00:00:00  -  Total Local Usage
	0  -  Run Bytes Sent By Job
	0  -  Run Bytes Received By Job
	0  -  Total Bytes Sent By Job
	0  -  Total Bytes Received By Job
	Partitionable Resources :    Usage  Request Allocated
	   Cpus                 :                 1         1
	   Disk (KB)            :        1        1    824398
	   Gpus                 :                           0
	   Memory (MB)          :      460        1     12899
...
000 (518125.000.000) 05/06 21:33:08 Job submitted from host: <128.83.144.149:44250?addrs=128.83.144.149-44250>
...
001 (518125.000.000) 05/06 21:33:17 Job executing on host: <128.83.120.230:37764?addrs=128.83.120.230-37764>
...
006 (518125.000.000) 05/06 21:33:25 Image size of job updated: 916236
	56  -  MemoryUsage of job (MB)
	56784  -  ResidentSetSize of job (KB)
...
006 (518125.000.000) 05/06 21:33:45 Image size of job updated: 917892
	56  -  MemoryUsage of job (MB)
	56784  -  ResidentSetSize of job (KB)
...
004 (518125.000.000) 05/06 21:33:45 Job was evicted.
	(0) Job was not checkpointed.
		Usr 0 00:00:00, Sys 0 00:00:00  -  Run Remote Usage
		Usr 0 00:00:00, Sys 0 00:00:00  -  Run Local Usage
	0  -  Run Bytes Sent By Job
	0  -  Run Bytes Received By Job
	Partitionable Resources :    Usage  Request Allocated
	   Cpus                 :                 1         1
	   Disk (KB)            :        1        1    792422
	   Gpus                 :                           0
	   Memory (MB)          :       56        1     12899
...
009 (518125.000.000) 05/06 21:33:47 Job was aborted by the user.
	via condor_rm (by user ypei)
...
000 (518332.000.000) 05/06 21:34:16 Job submitted from host: <128.83.144.149:44250?addrs=128.83.144.149-44250>
...
001 (518332.000.000) 05/06 21:34:24 Job executing on host: <128.83.120.250:59851?addrs=128.83.120.250-59851>
...
006 (518332.000.000) 05/06 21:34:32 Image size of job updated: 916236
	54  -  MemoryUsage of job (MB)
	54680  -  ResidentSetSize of job (KB)
...
006 (518332.000.000) 05/06 21:39:32 Image size of job updated: 1156820
	324  -  MemoryUsage of job (MB)
	331068  -  ResidentSetSize of job (KB)
...
006 (518332.000.000) 05/06 21:44:33 Image size of job updated: 1156876
	375  -  MemoryUsage of job (MB)
	383924  -  ResidentSetSize of job (KB)
...
006 (518332.000.000) 05/06 21:49:33 Image size of job updated: 1222412
	403  -  MemoryUsage of job (MB)
	412224  -  ResidentSetSize of job (KB)
...
006 (518332.000.000) 05/06 21:54:33 Image size of job updated: 1223024
	422  -  MemoryUsage of job (MB)
	431252  -  ResidentSetSize of job (KB)
...
006 (518332.000.000) 05/06 21:59:34 Image size of job updated: 1223024
	439  -  MemoryUsage of job (MB)
	449060  -  ResidentSetSize of job (KB)
...
006 (518332.000.000) 05/06 22:04:35 Image size of job updated: 1288560
	451  -  MemoryUsage of job (MB)
	461328  -  ResidentSetSize of job (KB)
...
006 (518332.000.000) 05/06 22:09:35 Image size of job updated: 1288564
	463  -  MemoryUsage of job (MB)
	473844  -  ResidentSetSize of job (KB)
...
006 (518332.000.000) 05/06 22:11:02 Image size of job updated: 1288584
	463  -  MemoryUsage of job (MB)
	473844  -  ResidentSetSize of job (KB)
...
005 (518332.000.000) 05/06 22:11:02 Job terminated.
	(1) Normal termination (return value 0)
		Usr 0 00:34:49, Sys 0 00:00:38  -  Run Remote Usage
		Usr 0 00:00:00, Sys 0 00:00:00  -  Run Local Usage
		Usr 0 00:34:49, Sys 0 00:00:38  -  Total Remote Usage
		Usr 0 00:00:00, Sys 0 00:00:00  -  Total Local Usage
	0  -  Run Bytes Sent By Job
	0  -  Run Bytes Received By Job
	0  -  Total Bytes Sent By Job
	0  -  Total Bytes Received By Job
	Partitionable Resources :    Usage  Request Allocated
	   Cpus                 :                 1         1
	   Disk (KB)            :        1        1    798513
	   Gpus                 :                           0
	   Memory (MB)          :      463        1     12899
...
000 (381900.000.000) 05/07 00:29:07 Job submitted from host: <128.83.144.155:57685?addrs=128.83.144.155-57685>
...
001 (381900.000.000) 05/07 00:29:19 Job executing on host: <128.83.144.5:44408?addrs=128.83.144.5-44408>
...
006 (381900.000.000) 05/07 00:29:28 Image size of job updated: 916240
	56  -  MemoryUsage of job (MB)
	57144  -  ResidentSetSize of job (KB)
...
006 (381900.000.000) 05/07 00:34:28 Image size of job updated: 1156824
	318  -  MemoryUsage of job (MB)
	325416  -  ResidentSetSize of job (KB)
...
006 (381900.000.000) 05/07 00:39:28 Image size of job updated: 1156880
	357  -  MemoryUsage of job (MB)
	364708  -  ResidentSetSize of job (KB)
...
006 (381900.000.000) 05/07 00:44:29 Image size of job updated: 1222416
	378  -  MemoryUsage of job (MB)
	386892  -  ResidentSetSize of job (KB)
...
006 (381900.000.000) 05/07 00:49:29 Image size of job updated: 1222772
	396  -  MemoryUsage of job (MB)
	404512  -  ResidentSetSize of job (KB)
...
006 (381900.000.000) 05/07 00:54:29 Image size of job updated: 1223028
	410  -  MemoryUsage of job (MB)
	418972  -  ResidentSetSize of job (KB)
...
006 (381900.000.000) 05/07 00:59:30 Image size of job updated: 1223032
	422  -  MemoryUsage of job (MB)
	431588  -  ResidentSetSize of job (KB)
...
006 (381900.000.000) 05/07 01:00:52 Image size of job updated: 1223052
	422  -  MemoryUsage of job (MB)
	431588  -  ResidentSetSize of job (KB)
...
005 (381900.000.000) 05/07 01:00:52 Job terminated.
	(1) Normal termination (return value 0)
		Usr 0 00:29:40, Sys 0 00:00:35  -  Run Remote Usage
		Usr 0 00:00:00, Sys 0 00:00:00  -  Run Local Usage
		Usr 0 00:29:40, Sys 0 00:00:35  -  Total Remote Usage
		Usr 0 00:00:00, Sys 0 00:00:00  -  Total Local Usage
	0  -  Run Bytes Sent By Job
	0  -  Run Bytes Received By Job
	0  -  Total Bytes Sent By Job
	0  -  Total Bytes Received By Job
	Partitionable Resources :    Usage  Request Allocated
	   Cpus                 :                 1         1
	   Disk (KB)            :        1        1    790418
	   Gpus                 :                           0
	   Memory (MB)          :      422        1     12899
...
