[SNIPER] Start
Sampler: 4, 4, 32
stlb_cache: 512, 16
stlb_cache_L1: 512, 16
Sampler: 4, 32, 0
itlb_cache: 32, 1
itlb_cache_L1: 32, 1
Sampler: 4, 128, 0
dtlb_cache: 128, 4
dtlb_cache_L1: 128, 4
num_memory_controller = 1
L1-I 2
Sampler: 4, 4, 128
L1-I: 2048, 64
L1-I_L1: 2048, 64
Creating prefetcher object 0 0
Creating prefetcher object 1 0
Creating prefetcher object 2 0
Creating prefetcher object 3 0
L1-D 3
Sampler: 4, 8, 20
L1-D: 400, 20
L1-D_L1: 400, 20
Creating prefetcher object 0 0
Creating prefetcher object 1 0
Creating prefetcher object 2 0
Creating prefetcher object 3 0
L2 4
Sampler: 25f, 10, d
L2: 20000, 1000
L2_L1: 20000, 1000
HybridPrefetcher0 running
Creating prefetcher object 0 0x24fdf20
HybridPrefetcher0 running
Creating prefetcher object 1 0x1c5dee0
HybridPrefetcher0 running
Creating prefetcher object 2 0x2503080
HybridPrefetcher0 running
Creating prefetcher object 3 0x2505950
Sampler: 4, 4, 20
stlb_cache: 200, 10
stlb_cache_L1: 200, 10
Sampler: 4, 20, 0
itlb_cache: 20, 1
itlb_cache_L1: 20, 1
Sampler: 4, 80, 0
dtlb_cache: 80, 4
dtlb_cache_L1: 80, 4
num_memory_controller = 1
L1-I 2
Sampler: 4, 4, 80
L1-I: 800, 40
L1-I_L1: 800, 40
Creating prefetcher object 0 0
Creating prefetcher object 1 0
Creating prefetcher object 2 0
Creating prefetcher object 3 0
L1-D 3
Sampler: 4, 8, 20
L1-D: 400, 20
L1-D_L1: 400, 20
Creating prefetcher object 0 0
Creating prefetcher object 1 0
Creating prefetcher object 2 0
Creating prefetcher object 3 0
L2 4
Sampler: 4, 4, 20
stlb_cache: 200, 10
stlb_cache_L1: 200, 10
Sampler: 4, 20, 0
itlb_cache: 20, 1
itlb_cache_L1: 20, 1
Sampler: 4, 80, 0
dtlb_cache: 80, 4
dtlb_cache_L1: 80, 4
num_memory_controller = 1
L1-I 2
Sampler: 4, 4, 80
L1-I: 800, 40
L1-I_L1: 800, 40
Creating prefetcher object 0 0
Creating prefetcher object 1 0
Creating prefetcher object 2 0
Creating prefetcher object 3 0
L1-D 3
Sampler: 4, 8, 20
L1-D: 400, 20
L1-D_L1: 400, 20
Creating prefetcher object 0 0
Creating prefetcher object 1 0
Creating prefetcher object 2 0
Creating prefetcher object 3 0
L2 4
Sampler: 4, 4, 20
stlb_cache: 200, 10
stlb_cache_L1: 200, 10
Sampler: 4, 20, 0
itlb_cache: 20, 1
itlb_cache_L1: 20, 1
Sampler: 4, 80, 0
dtlb_cache: 80, 4
dtlb_cache_L1: 80, 4
num_memory_controller = 1
L1-I 2
Sampler: 4, 4, 80
L1-I: 800, 40
L1-I_L1: 800, 40
Creating prefetcher object 0 0
Creating prefetcher object 1 0
Creating prefetcher object 2 0
Creating prefetcher object 3 0
L1-D 3
Sampler: 4, 8, 20
L1-D: 400, 20
L1-D_L1: 400, 20
Creating prefetcher object 0 0
Creating prefetcher object 1 0
Creating prefetcher object 2 0
Creating prefetcher object 3 0
L2 4
[SNIPER] --------------------------------------------------------------------------------
[SNIPER] Sniper using SIFT/trace-driven frontend
[SNIPER] Running full application in DETAILED mode
[SNIPER] --------------------------------------------------------------------------------
[SNIPER] Enabling performance models
[SNIPER] Setting instrumentation mode to DETAILED
0	1
0	1
0	9
0	3
1	25715
1	48210
1	50884
1	6661
phase = 0
phase = 0
2	46443
2	43896
2	25509
2	6250
phase = 0
phase = 1
3	47262
3	25546
3	44660
3	6624
phase = 1
4	44212
4	26111
4	43986
4	6479
phase = 1
phase = 2
5	37631
5	29743
5	46282
5	7055
phase = 2
6	30021
6	22706
6	58899
6	8069
phase = 2
phase = 3
7	38579
7	56741
7	19216
7	7595
8	25708
8	31154
8	59403
8	9000
phase = 4
phase = 3
phase = 3
9	50650
9	28150
9	44696
9	7879
phase = 5
phase = 4
a	41214
a	49062
a	48256
a	7983
phase = 4
b	48806
b	44004
b	48016
b	7924
phase = 6
phase = 5
c	8440
c	38850
c	50890
c	56920
phase = 5
phase = 7
d	46839
d	50040
d	38222
d	8968
phase = 6
e	37310
e	50207
e	46226
e	9372
phase = 8
phase = 6
f	42974
f	38268
f	43376
f	10077
phase = 7
phase = 0
10	18329
10	36721
10	28581
10	16896
phase = 9
phase = 1
11	9755
11	29408
11	12486
11	15501
phase = 2
phase = 10
phase = 7
12	39395
12	43826
12	23426
12	7558
phase = 8
------------------------------------------------------------
Segmentation fault. Access Address = 0x11131efdaad1

Backtrace:
    hashtable_policy.h:std::__detail::_Hash_code_base<unsigned long, std::pair<unsigned long const, ParametricDramDirectoryMSI::MshrEntry>, std::__detail::_Select1st, std::hash<unsigned long>, std::__detail::_Mod_range_hashing, std::__detail::_Default_ranged_hash, false>::_M_bucket_index:1028
    cache_cntlr.cc:ParametricDramDirectoryMSI::CacheCntlr::Prefetch:1002
    stl_vector.h:~_Vector_base:161
    cache_cntlr.cc:ParametricDramDirectoryMSI::CacheCntlr::processMemOpFromCore:572
    memory_manager.cc:ParametricDramDirectoryMSI::MemoryManager::coreInitiateMemoryAccess:446
    core.cc:Core::initiateMemoryAccess:383
    core.cc:Core::accessMemory:483
    dynamic_instruction.cc:DynamicInstruction::accessMemory:59 (discriminator 6)
    micro_op_performance_model.cc:MicroOpPerformanceModel::handleInstruction:228
    performance_model.cc:PerformanceModel::iterate:309
    subsecond_time.h:SubsecondTime:70
    pthread_thread.cc:PthreadThread::spawnedThreadFunc:21
    ??:??:0
    ??:??:0
------------------------------------------------------------
[SNIPER] End
[SNIPER] Elapsed time: 1041.40 seconds
