000 (15005727.000.000) 08/01 19:38:49 Job submitted from host: <128.83.130.153:51299?addrs=128.83.130.153-51299>
...
001 (15005727.000.000) 08/01 19:39:09 Job executing on host: <128.83.120.217:37024?addrs=128.83.120.217-37024>
...
006 (15005727.000.000) 08/01 19:39:18 Image size of job updated: 1643512
	44  -  MemoryUsage of job (MB)
	44880  -  ResidentSetSize of job (KB)
...
006 (15005727.000.000) 08/01 19:44:19 Image size of job updated: 6927748
	659  -  MemoryUsage of job (MB)
	674368  -  ResidentSetSize of job (KB)
...
006 (15005727.000.000) 08/01 19:49:19 Image size of job updated: 7255648
	1094  -  MemoryUsage of job (MB)
	1120036  -  ResidentSetSize of job (KB)
...
006 (15005727.000.000) 08/01 19:54:20 Image size of job updated: 7648864
	1488  -  MemoryUsage of job (MB)
	1523072  -  ResidentSetSize of job (KB)
...
006 (15005727.000.000) 08/01 19:59:21 Image size of job updated: 7976544
	1924  -  MemoryUsage of job (MB)
	1969504  -  ResidentSetSize of job (KB)
...
006 (15005727.000.000) 08/01 20:04:21 Image size of job updated: 8504404
	2555  -  MemoryUsage of job (MB)
	2615888  -  ResidentSetSize of job (KB)
...
006 (15005727.000.000) 08/01 20:09:21 Image size of job updated: 8963544
	3211  -  MemoryUsage of job (MB)
	3287968  -  ResidentSetSize of job (KB)
...
006 (15005727.000.000) 08/01 20:14:14 Image size of job updated: 9487832
	3211  -  MemoryUsage of job (MB)
	3287968  -  ResidentSetSize of job (KB)
...
005 (15005727.000.000) 08/01 20:14:14 Job terminated.
	(1) Normal termination (return value 0)
		Usr 0 00:44:19, Sys 0 00:01:56  -  Run Remote Usage
		Usr 0 00:00:00, Sys 0 00:00:00  -  Run Local Usage
		Usr 0 00:44:19, Sys 0 00:01:56  -  Total Remote Usage
		Usr 0 00:00:00, Sys 0 00:00:00  -  Total Local Usage
	0  -  Run Bytes Sent By Job
	0  -  Run Bytes Received By Job
	0  -  Total Bytes Sent By Job
	0  -  Total Bytes Received By Job
	Partitionable Resources :    Usage  Request Allocated
	   Cpus                 :                 1         1
	   Disk (KB)            :        1        1    749975
	   Gpus                 :                           0
	   Memory (MB)          :     3211        1      4021
...
