[SNIPER] Start
Sampler: 4, 32, 0
itlb_cache: 32, 1
itlb_cache_L1: 32, 1
Sampler: 4, 128, 0
dtlb_cache: 128, 4
dtlb_cache_L1: 128, 4
L1-I 2
Sampler: 4, 4, 128
L1-I: 2048, 64
L1-I_L1: 2048, 64
L1-D 3
Sampler: 4, 8, 32
L1-D: 1024, 32
L1-D_L1: 1024, 32
L2 4
Sampler: 122, 16, 16
L2: 32768, 1024
L2_L1: 32768, 1024
Executing Python script /v/filer4b/v20q001/ypei/Desktop/cs395t-lin/output/low_bandwidth/run_all_hybrid_headroom9/omnetpp/6/sim.scripts.py
[STOPBYICOUNT] Starting in ROI (detail)
[STOPBYICOUNT] Then stopping after simulating at least 250000000 instructions in detail
[SNIPER] --------------------------------------------------------------------------------
[SNIPER] Sniper using SIFT/trace-driven frontend
[SNIPER] Running full application in DETAILED mode
[SNIPER] --------------------------------------------------------------------------------
[SNIPER] Enabling performance models
[SNIPER] Setting instrumentation mode to DETAILED
[STOPBYICOUNT] Ending ROI after 250000002 instructions (250000000 requested)
[SNIPER] Disabling performance models
[SNIPER] Leaving ROI after 1194.80 seconds
[SNIPER] Simulated 250.0M instructions, 500.0M cycles, 0.50 IPC
[SNIPER] Simulation speed 209.2 KIPS (209.2 KIPS / target core - 4779.3ns/instr)
[SNIPER] Setting instrumentation mode to FAST_FORWARD
[app0] [SIFT_RECORDER] sift_writer.cc:550: Sift::Mode Sift::Writer::Sync(): Assertion `!response->fail()' failed.
Hawkeye Victims: 0
LRU Victims: 0
Hawkeye Victims: 0
LRU Victims: 0
Hawkeye Victims: 0
LRU Victims: 0
a test for execution
[app0] Pin app terminated abnormally due to signal 6.

Inserted: 0
Redundant.progress: 0
Redundant.cache: 0
Redundant.buffer: 0
Hawkeye Victims: 0
LRU Victims: 0
a test for execution

Inserted: 0
Redundant.progress: 0
Redundant.cache: 0
Redundant.buffer: 0
Hawkeye Victims: 0
LRU Victims: 0
 =========================================================== 
Triggers: 5168312
Repeats: 0

Same addr: 3525946 68.2224
New addr: 1357 0.0262562

Distribution of new addresses: 
Stream Head: 1056 77.8187
Stream Divergence: 690297 50869.3

Invalidation count: 1188659 87594.6
No Conflict count: 504910 37207.8
Same Stream count: 0 0
New Stream count: 0 0

Not found: 1622902
On Chip Mispredictions: 0
 =========================================================== 
Distribution of predictions: 
Predict Init: 4732712 91.5717
Total Predictions: 4673848
Predict OCI Miss: 47366 1.00082
Predict Stream End: 58864 1.24377
Buffer Success: 0 0
Stride Distribution: 0, 542799, 363400, 312599, 110400, 55200, 13800, 32200, 400200, 115000, 266800, 92000, 105800, 381800, 82800, 101200, 96600, 0, 0, 0, 32200, 0, 0, 0, 0, 0, 0, 0, 0, 0, 340400, 0, 284786, 0, 0, 0, 446062, 0, 0, 0, 881866, 0, 0, 0, 0, 0, 0, 0, 0, 0, 0, 0, 0, 0, 0, 0, 0, 0, 0, 0, 0, 0, 0, 0, 0, 0, 33, 0, 0, 0, 0, 0, 16786736, 0, 49, 0, 15, 0, 15, 0, 0, 6644585, 1868787317, 1915577714, 1702195557, 7566451, 113, 0, 5073232, 0, 13460128, 0, 0, 0, 5073232, 0, 14018544, 0, 0, 0, 5073232, 0, 14290864, 0, 0, 0, 5165152, 0, 3280788848, 11106, 0, 11106, 16785040, 0, 49, 0, 6, 0, 6, 0, 0, 0, 1919906931, 29541, 48, 0, 49, 0, 
a test for execution

Inserted: 4793682
Redundant.progress: 40395
Redundant.cache: 1709313
Redundant.buffer: 0
[SNIPER] End
[SNIPER] Elapsed time: 1199.44 seconds
