000 (15005688.000.000) 08/01 19:38:45 Job submitted from host: <128.83.130.153:51299?addrs=128.83.130.153-51299>
...
001 (15005688.000.000) 08/01 19:39:08 Job executing on host: <128.83.120.75:36144?addrs=128.83.120.75-36144>
...
006 (15005688.000.000) 08/01 19:39:17 Image size of job updated: 3652072
	183  -  MemoryUsage of job (MB)
	186408  -  ResidentSetSize of job (KB)
...
006 (15005688.000.000) 08/01 19:44:17 Image size of job updated: 4429668
	538  -  MemoryUsage of job (MB)
	550708  -  ResidentSetSize of job (KB)
...
006 (15005688.000.000) 08/01 19:49:17 Image size of job updated: 4429932
	599  -  MemoryUsage of job (MB)
	612596  -  ResidentSetSize of job (KB)
...
006 (15005688.000.000) 08/01 19:54:18 Image size of job updated: 4498364
	649  -  MemoryUsage of job (MB)
	664468  -  ResidentSetSize of job (KB)
...
006 (15005688.000.000) 08/01 19:59:19 Image size of job updated: 4498636
	736  -  MemoryUsage of job (MB)
	752784  -  ResidentSetSize of job (KB)
...
006 (15005688.000.000) 08/01 20:03:44 Image size of job updated: 4564172
	736  -  MemoryUsage of job (MB)
	752784  -  ResidentSetSize of job (KB)
...
005 (15005688.000.000) 08/01 20:03:44 Job terminated.
	(1) Normal termination (return value 0)
		Usr 0 00:24:01, Sys 0 00:00:19  -  Run Remote Usage
		Usr 0 00:00:00, Sys 0 00:00:00  -  Run Local Usage
		Usr 0 00:24:01, Sys 0 00:00:19  -  Total Remote Usage
		Usr 0 00:00:00, Sys 0 00:00:00  -  Total Local Usage
	0  -  Run Bytes Sent By Job
	0  -  Run Bytes Received By Job
	0  -  Total Bytes Sent By Job
	0  -  Total Bytes Received By Job
	Partitionable Resources :    Usage  Request Allocated
	   Cpus                 :                 1         1
	   Disk (KB)            :        1        1   8862903
	   Gpus                 :                           0
	   Memory (MB)          :      736        1      4028
...
