000 (515898.000.000) 05/05 17:12:16 Job submitted from host: <128.83.144.149:44250?addrs=128.83.144.149-44250>
...
001 (515898.000.000) 05/05 17:12:26 Job executing on host: <128.83.144.147:58788?addrs=128.83.144.147-58788>
...
006 (515898.000.000) 05/05 17:12:34 Image size of job updated: 1089684
	56  -  MemoryUsage of job (MB)
	57308  -  ResidentSetSize of job (KB)
...
006 (515898.000.000) 05/05 17:12:50 Image size of job updated: 1094692
	56  -  MemoryUsage of job (MB)
	57308  -  ResidentSetSize of job (KB)
...
004 (515898.000.000) 05/05 17:12:50 Job was evicted.
	(0) Job was not checkpointed.
		Usr 0 00:00:00, Sys 0 00:00:00  -  Run Remote Usage
		Usr 0 00:00:00, Sys 0 00:00:00  -  Run Local Usage
	0  -  Run Bytes Sent By Job
	0  -  Run Bytes Received By Job
	Partitionable Resources :    Usage  Request Allocated
	   Cpus                 :                 1         1
	   Disk (KB)            :        1        1   1883947
	   Gpus                 :                           0
	   Memory (MB)          :       56        1     21164
...
009 (515898.000.000) 05/05 17:12:51 Job was aborted by the user.
	via condor_rm (by user ypei)
...
000 (515928.000.000) 05/05 17:13:05 Job submitted from host: <128.83.144.149:44250?addrs=128.83.144.149-44250>
...
001 (515928.000.000) 05/05 17:13:26 Job executing on host: <128.83.144.147:58788?addrs=128.83.144.147-58788>
...
006 (515928.000.000) 05/05 17:13:35 Image size of job updated: 1089008
	56  -  MemoryUsage of job (MB)
	56504  -  ResidentSetSize of job (KB)
...
006 (515928.000.000) 05/05 17:14:27 Image size of job updated: 1089680
	56  -  MemoryUsage of job (MB)
	56504  -  ResidentSetSize of job (KB)
...
004 (515928.000.000) 05/05 17:14:27 Job was evicted.
	(0) Job was not checkpointed.
		Usr 0 00:00:00, Sys 0 00:00:00  -  Run Remote Usage
		Usr 0 00:00:00, Sys 0 00:00:00  -  Run Local Usage
	0  -  Run Bytes Sent By Job
	0  -  Run Bytes Received By Job
	Partitionable Resources :    Usage  Request Allocated
	   Cpus                 :                 1         1
	   Disk (KB)            :        1        1   1883947
	   Gpus                 :                           0
	   Memory (MB)          :       56        1     21164
...
009 (515928.000.000) 05/05 17:14:28 Job was aborted by the user.
	via condor_rm (by user ypei)
...
000 (516153.000.000) 05/05 17:14:47 Job submitted from host: <128.83.144.149:44250?addrs=128.83.144.149-44250>
...
001 (516153.000.000) 05/05 17:14:56 Job executing on host: <128.83.144.147:58788?addrs=128.83.144.147-58788>
...
006 (516153.000.000) 05/05 17:15:05 Image size of job updated: 1089032
	56  -  MemoryUsage of job (MB)
	56756  -  ResidentSetSize of job (KB)
...
006 (516153.000.000) 05/05 17:18:12 Image size of job updated: 1260860
	353  -  MemoryUsage of job (MB)
	360644  -  ResidentSetSize of job (KB)
...
004 (516153.000.000) 05/05 17:18:12 Job was evicted.
	(0) Job was not checkpointed.
		Usr 0 00:01:05, Sys 0 00:00:01  -  Run Remote Usage
		Usr 0 00:00:00, Sys 0 00:00:00  -  Run Local Usage
	0  -  Run Bytes Sent By Job
	0  -  Run Bytes Received By Job
	Partitionable Resources :    Usage  Request Allocated
	   Cpus                 :                 1         1
	   Disk (KB)            :        1        1   1883948
	   Gpus                 :                           0
	   Memory (MB)          :      353        1     21164
...
009 (516153.000.000) 05/05 17:18:12 Job was aborted by the user.
	via condor_rm (by user ypei)
...
000 (516360.000.000) 05/05 17:18:18 Job submitted from host: <128.83.144.149:44250?addrs=128.83.144.149-44250>
...
001 (516360.000.000) 05/05 17:18:27 Job executing on host: <128.83.120.230:37764?addrs=128.83.120.230-37764>
...
006 (516360.000.000) 05/05 17:18:36 Image size of job updated: 1090128
	57  -  MemoryUsage of job (MB)
	57856  -  ResidentSetSize of job (KB)
...
006 (516360.000.000) 05/05 17:21:22 Image size of job updated: 1260896
	57  -  MemoryUsage of job (MB)
	57856  -  ResidentSetSize of job (KB)
...
004 (516360.000.000) 05/05 17:21:22 Job was evicted.
	(0) Job was not checkpointed.
		Usr 0 00:01:38, Sys 0 00:00:01  -  Run Remote Usage
		Usr 0 00:00:00, Sys 0 00:00:00  -  Run Local Usage
	0  -  Run Bytes Sent By Job
	0  -  Run Bytes Received By Job
	Partitionable Resources :    Usage  Request Allocated
	   Cpus                 :                 1         1
	   Disk (KB)            :        1        1    827432
	   Gpus                 :                           0
	   Memory (MB)          :       57        1     12899
...
009 (516360.000.000) 05/05 17:21:23 Job was aborted by the user.
	via condor_rm (by user ypei)
...
000 (516981.000.000) 05/05 17:21:39 Job submitted from host: <128.83.144.149:44250?addrs=128.83.144.149-44250>
...
001 (516981.000.000) 05/05 17:21:49 Job executing on host: <128.83.144.147:58788?addrs=128.83.144.147-58788>
...
006 (516981.000.000) 05/05 17:21:58 Image size of job updated: 804476
	48  -  MemoryUsage of job (MB)
	48520  -  ResidentSetSize of job (KB)
...
006 (516981.000.000) 05/05 17:26:59 Image size of job updated: 1326584
	385  -  MemoryUsage of job (MB)
	393836  -  ResidentSetSize of job (KB)
...
006 (516981.000.000) 05/05 17:31:59 Image size of job updated: 1326696
	409  -  MemoryUsage of job (MB)
	417900  -  ResidentSetSize of job (KB)
...
006 (516981.000.000) 05/05 17:37:00 Image size of job updated: 1326696
	416  -  MemoryUsage of job (MB)
	425844  -  ResidentSetSize of job (KB)
...
006 (516981.000.000) 05/05 17:42:01 Image size of job updated: 1326700
	423  -  MemoryUsage of job (MB)
	433028  -  ResidentSetSize of job (KB)
...
006 (516981.000.000) 05/05 17:47:01 Image size of job updated: 1326700
	428  -  MemoryUsage of job (MB)
	438196  -  ResidentSetSize of job (KB)
...
005 (516981.000.000) 05/05 17:50:11 Job terminated.
	(1) Normal termination (return value 0)
		Usr 0 00:26:17, Sys 0 00:00:33  -  Run Remote Usage
		Usr 0 00:00:00, Sys 0 00:00:00  -  Run Local Usage
		Usr 0 00:26:17, Sys 0 00:00:33  -  Total Remote Usage
		Usr 0 00:00:00, Sys 0 00:00:00  -  Total Local Usage
	0  -  Run Bytes Sent By Job
	0  -  Run Bytes Received By Job
	0  -  Total Bytes Sent By Job
	0  -  Total Bytes Received By Job
	Partitionable Resources :    Usage  Request Allocated
	   Cpus                 :                 1         1
	   Disk (KB)            :        1        1   1890646
	   Gpus                 :                           0
	   Memory (MB)          :      428        1     21164
...
000 (518016.000.000) 05/06 21:33:00 Job submitted from host: <128.83.144.149:44250?addrs=128.83.144.149-44250>
...
007 (518016.000.000) 05/06 21:33:09 Shadow exception!
	Can no longer talk to condor_starter <128.83.130.161:35317>
	0  -  Run Bytes Sent By Job
	0  -  Run Bytes Received By Job
...
001 (518016.000.000) 05/06 21:33:11 Job executing on host: <128.83.139.15:46714?addrs=128.83.139.15-46714>
...
006 (518016.000.000) 05/06 21:33:20 Image size of job updated: 1089544
	52  -  MemoryUsage of job (MB)
	53196  -  ResidentSetSize of job (KB)
...
006 (518016.000.000) 05/06 21:33:46 Image size of job updated: 1094424
	52  -  MemoryUsage of job (MB)
	53196  -  ResidentSetSize of job (KB)
...
004 (518016.000.000) 05/06 21:33:46 Job was evicted.
	(0) Job was not checkpointed.
		Usr 0 00:00:00, Sys 0 00:00:00  -  Run Remote Usage
		Usr 0 00:00:00, Sys 0 00:00:00  -  Run Local Usage
	0  -  Run Bytes Sent By Job
	0  -  Run Bytes Received By Job
	Partitionable Resources :    Usage  Request Allocated
	   Cpus                 :                 1         1
	   Disk (KB)            :        1        1   1672476
	   Gpus                 :                           0
	   Memory (MB)          :       52        1     12899
...
009 (518016.000.000) 05/06 21:33:47 Job was aborted by the user.
	via condor_rm (by user ypei)
...
000 (518223.000.000) 05/06 21:34:07 Job submitted from host: <128.83.144.149:44250?addrs=128.83.144.149-44250>
...
001 (518223.000.000) 05/06 21:34:17 Job executing on host: <128.83.130.161:35317?addrs=128.83.130.161-35317>
...
006 (518223.000.000) 05/06 21:34:26 Image size of job updated: 1089680
	56  -  MemoryUsage of job (MB)
	57308  -  ResidentSetSize of job (KB)
...
006 (518223.000.000) 05/06 21:39:27 Image size of job updated: 1261080
	376  -  MemoryUsage of job (MB)
	384792  -  ResidentSetSize of job (KB)
...
006 (518223.000.000) 05/06 21:44:27 Image size of job updated: 1326720
	397  -  MemoryUsage of job (MB)
	405656  -  ResidentSetSize of job (KB)
...
006 (518223.000.000) 05/06 21:49:27 Image size of job updated: 1326728
	404  -  MemoryUsage of job (MB)
	413396  -  ResidentSetSize of job (KB)
...
006 (518223.000.000) 05/06 21:54:28 Image size of job updated: 1326728
	408  -  MemoryUsage of job (MB)
	417672  -  ResidentSetSize of job (KB)
...
006 (518223.000.000) 05/06 21:59:29 Image size of job updated: 1326732
	413  -  MemoryUsage of job (MB)
	422344  -  ResidentSetSize of job (KB)
...
006 (518223.000.000) 05/06 22:04:29 Image size of job updated: 1326732
	418  -  MemoryUsage of job (MB)
	427048  -  ResidentSetSize of job (KB)
...
006 (518223.000.000) 05/06 22:09:30 Image size of job updated: 1326732
	420  -  MemoryUsage of job (MB)
	430064  -  ResidentSetSize of job (KB)
...
005 (518223.000.000) 05/06 22:12:49 Job terminated.
	(1) Normal termination (return value 0)
		Usr 0 00:36:52, Sys 0 00:00:45  -  Run Remote Usage
		Usr 0 00:00:00, Sys 0 00:00:00  -  Run Local Usage
		Usr 0 00:36:52, Sys 0 00:00:45  -  Total Remote Usage
		Usr 0 00:00:00, Sys 0 00:00:00  -  Total Local Usage
	0  -  Run Bytes Sent By Job
	0  -  Run Bytes Received By Job
	0  -  Total Bytes Sent By Job
	0  -  Total Bytes Received By Job
	Partitionable Resources :    Usage  Request Allocated
	   Cpus                 :                 1         1
	   Disk (KB)            :        1        1   1867708
	   Gpus                 :                           0
	   Memory (MB)          :      420        1     21164
...
000 (381791.000.000) 05/07 00:28:59 Job submitted from host: <128.83.144.155:57685?addrs=128.83.144.155-57685>
...
001 (381791.000.000) 05/07 00:29:13 Job executing on host: <128.83.144.147:58788?addrs=128.83.144.147-58788>
...
006 (381791.000.000) 05/07 00:29:22 Image size of job updated: 1090704
	59  -  MemoryUsage of job (MB)
	60396  -  ResidentSetSize of job (KB)
...
006 (381791.000.000) 05/07 00:34:23 Image size of job updated: 1261084
	372  -  MemoryUsage of job (MB)
	380008  -  ResidentSetSize of job (KB)
...
006 (381791.000.000) 05/07 00:39:23 Image size of job updated: 1326724
	387  -  MemoryUsage of job (MB)
	396152  -  ResidentSetSize of job (KB)
...
006 (381791.000.000) 05/07 00:44:23 Image size of job updated: 1326732
	391  -  MemoryUsage of job (MB)
	399616  -  ResidentSetSize of job (KB)
...
006 (381791.000.000) 05/07 00:49:24 Image size of job updated: 1326736
	392  -  MemoryUsage of job (MB)
	401180  -  ResidentSetSize of job (KB)
...
006 (381791.000.000) 05/07 00:54:24 Image size of job updated: 1326736
	393  -  MemoryUsage of job (MB)
	401672  -  ResidentSetSize of job (KB)
...
006 (381791.000.000) 05/07 00:59:24 Image size of job updated: 1326736
	393  -  MemoryUsage of job (MB)
	401780  -  ResidentSetSize of job (KB)
...
005 (381791.000.000) 05/07 01:02:05 Job terminated.
	(1) Normal termination (return value 0)
		Usr 0 00:31:01, Sys 0 00:00:48  -  Run Remote Usage
		Usr 0 00:00:00, Sys 0 00:00:00  -  Run Local Usage
		Usr 0 00:31:01, Sys 0 00:00:48  -  Total Remote Usage
		Usr 0 00:00:00, Sys 0 00:00:00  -  Total Local Usage
	0  -  Run Bytes Sent By Job
	0  -  Run Bytes Received By Job
	0  -  Total Bytes Sent By Job
	0  -  Total Bytes Received By Job
	Partitionable Resources :    Usage  Request Allocated
	   Cpus                 :                 1         1
	   Disk (KB)            :        1        1   1862089
	   Gpus                 :                           0
	   Memory (MB)          :      393        1     21164
...
