000 (15005748.000.000) 08/01 19:38:50 Job submitted from host: <128.83.130.153:51299?addrs=128.83.130.153-51299>
...
001 (15005748.000.000) 08/01 19:39:10 Job executing on host: <128.83.144.250:39986?addrs=128.83.144.250-39986>
...
006 (15005748.000.000) 08/01 19:39:19 Image size of job updated: 321884
	11  -  MemoryUsage of job (MB)
	10572  -  ResidentSetSize of job (KB)
...
006 (15005748.000.000) 08/01 19:44:20 Image size of job updated: 4857524
	502  -  MemoryUsage of job (MB)
	513584  -  ResidentSetSize of job (KB)
...
006 (15005748.000.000) 08/01 19:49:21 Image size of job updated: 5121664
	820  -  MemoryUsage of job (MB)
	839484  -  ResidentSetSize of job (KB)
...
006 (15005748.000.000) 08/01 19:54:21 Image size of job updated: 5320848
	1108  -  MemoryUsage of job (MB)
	1134508  -  ResidentSetSize of job (KB)
...
006 (15005748.000.000) 08/01 19:56:43 Image size of job updated: 5386460
	1108  -  MemoryUsage of job (MB)
	1134508  -  ResidentSetSize of job (KB)
...
005 (15005748.000.000) 08/01 19:56:43 Job terminated.
	(1) Normal termination (return value 0)
		Usr 0 00:17:30, Sys 0 00:00:15  -  Run Remote Usage
		Usr 0 00:00:00, Sys 0 00:00:00  -  Run Local Usage
		Usr 0 00:17:30, Sys 0 00:00:15  -  Total Remote Usage
		Usr 0 00:00:00, Sys 0 00:00:00  -  Total Local Usage
	0  -  Run Bytes Sent By Job
	0  -  Run Bytes Received By Job
	0  -  Total Bytes Sent By Job
	0  -  Total Bytes Received By Job
	Partitionable Resources :    Usage  Request Allocated
	   Cpus                 :                 1         1
	   Disk (KB)            :        1        1    749976
	   Gpus                 :                           0
	   Memory (MB)          :     1108        1      4021
...
