000 (15005820.000.000) 08/01 20:50:09 Job submitted from host: <128.83.130.153:51299?addrs=128.83.130.153-51299>
...
001 (15005820.000.000) 08/01 20:50:13 Job executing on host: <128.83.144.250:39986?addrs=128.83.144.250-39986>
...
006 (15005820.000.000) 08/01 20:50:22 Image size of job updated: 1711364
	46  -  MemoryUsage of job (MB)
	46332  -  ResidentSetSize of job (KB)
...
006 (15005820.000.000) 08/01 20:55:23 Image size of job updated: 5812400
	466  -  MemoryUsage of job (MB)
	476584  -  ResidentSetSize of job (KB)
...
006 (15005820.000.000) 08/01 21:00:23 Image size of job updated: 5813960
	595  -  MemoryUsage of job (MB)
	608916  -  ResidentSetSize of job (KB)
...
006 (15005820.000.000) 08/01 21:05:23 Image size of job updated: 5949480
	829  -  MemoryUsage of job (MB)
	848636  -  ResidentSetSize of job (KB)
...
006 (15005820.000.000) 08/01 21:10:24 Image size of job updated: 5949624
	943  -  MemoryUsage of job (MB)
	965284  -  ResidentSetSize of job (KB)
...
006 (15005820.000.000) 08/01 21:15:24 Image size of job updated: 6146232
	1074  -  MemoryUsage of job (MB)
	1098880  -  ResidentSetSize of job (KB)
...
005 (15005820.000.000) 08/01 21:19:06 Job terminated.
	(1) Normal termination (return value 0)
		Usr 0 00:42:58, Sys 0 00:01:28  -  Run Remote Usage
		Usr 0 00:00:00, Sys 0 00:00:00  -  Run Local Usage
		Usr 0 00:42:58, Sys 0 00:01:28  -  Total Remote Usage
		Usr 0 00:00:00, Sys 0 00:00:00  -  Total Local Usage
	0  -  Run Bytes Sent By Job
	0  -  Run Bytes Received By Job
	0  -  Total Bytes Sent By Job
	0  -  Total Bytes Received By Job
	Partitionable Resources :    Usage  Request Allocated
	   Cpus                 :                 1         1
	   Disk (KB)            :        1        1    749976
	   Gpus                 :                           0
	   Memory (MB)          :     1074        1      4021
...
