000 (515919.000.000) 05/05 17:12:18 Job submitted from host: <128.83.144.149:44250?addrs=128.83.144.149-44250>
...
001 (515919.000.000) 05/05 17:12:28 Job executing on host: <128.83.130.161:35317?addrs=128.83.130.161-35317>
...
006 (515919.000.000) 05/05 17:12:37 Image size of job updated: 758628
	56  -  MemoryUsage of job (MB)
	57316  -  ResidentSetSize of job (KB)
...
006 (515919.000.000) 05/05 17:12:50 Image size of job updated: 763764
	56  -  MemoryUsage of job (MB)
	57316  -  ResidentSetSize of job (KB)
...
004 (515919.000.000) 05/05 17:12:50 Job was evicted.
	(0) Job was not checkpointed.
		Usr 0 00:00:00, Sys 0 00:00:00  -  Run Remote Usage
		Usr 0 00:00:00, Sys 0 00:00:00  -  Run Local Usage
	0  -  Run Bytes Sent By Job
	0  -  Run Bytes Received By Job
	Partitionable Resources :    Usage  Request Allocated
	   Cpus                 :                 1         1
	   Disk (KB)            :        1        1   1888652
	   Gpus                 :                           0
	   Memory (MB)          :       56        1     21164
...
009 (515919.000.000) 05/05 17:12:51 Job was aborted by the user.
	via condor_rm (by user ypei)
...
000 (515949.000.000) 05/05 17:13:07 Job submitted from host: <128.83.144.149:44250?addrs=128.83.144.149-44250>
...
001 (515949.000.000) 05/05 17:13:30 Job executing on host: <128.83.130.161:35317?addrs=128.83.130.161-35317>
...
006 (515949.000.000) 05/05 17:13:38 Image size of job updated: 757956
	56  -  MemoryUsage of job (MB)
	56708  -  ResidentSetSize of job (KB)
...
006 (515949.000.000) 05/05 17:14:29 Image size of job updated: 758628
	56  -  MemoryUsage of job (MB)
	56708  -  ResidentSetSize of job (KB)
...
004 (515949.000.000) 05/05 17:14:29 Job was evicted.
	(0) Job was not checkpointed.
		Usr 0 00:00:00, Sys 0 00:00:00  -  Run Remote Usage
		Usr 0 00:00:00, Sys 0 00:00:00  -  Run Local Usage
	0  -  Run Bytes Sent By Job
	0  -  Run Bytes Received By Job
	Partitionable Resources :    Usage  Request Allocated
	   Cpus                 :                 1         1
	   Disk (KB)            :        1        1   1888652
	   Gpus                 :                           0
	   Memory (MB)          :       56        1     21164
...
009 (515949.000.000) 05/05 17:14:29 Job was aborted by the user.
	via condor_rm (by user ypei)
...
000 (516174.000.000) 05/05 17:14:49 Job submitted from host: <128.83.144.149:44250?addrs=128.83.144.149-44250>
...
001 (516174.000.000) 05/05 17:14:58 Job executing on host: <128.83.120.250:59851?addrs=128.83.120.250-59851>
...
006 (516174.000.000) 05/05 17:15:07 Image size of job updated: 757980
	52  -  MemoryUsage of job (MB)
	52664  -  ResidentSetSize of job (KB)
...
006 (516174.000.000) 05/05 17:18:08 Image size of job updated: 930964
	86  -  MemoryUsage of job (MB)
	88056  -  ResidentSetSize of job (KB)
...
004 (516174.000.000) 05/05 17:18:08 Job was evicted.
	(0) Job was not checkpointed.
		Usr 0 00:00:55, Sys 0 00:00:01  -  Run Remote Usage
		Usr 0 00:00:00, Sys 0 00:00:00  -  Run Local Usage
	0  -  Run Bytes Sent By Job
	0  -  Run Bytes Received By Job
	Partitionable Resources :    Usage  Request Allocated
	   Cpus                 :                 1         1
	   Disk (KB)            :        1        1    815266
	   Gpus                 :                           0
	   Memory (MB)          :       86        1     12899
...
009 (516174.000.000) 05/05 17:18:09 Job was aborted by the user.
	via condor_rm (by user ypei)
...
000 (516381.000.000) 05/05 17:18:19 Job submitted from host: <128.83.144.149:44250?addrs=128.83.144.149-44250>
...
001 (516381.000.000) 05/05 17:18:29 Job executing on host: <128.83.120.128:51378?addrs=128.83.120.128-51378>
...
006 (516381.000.000) 05/05 17:18:38 Image size of job updated: 758492
	54  -  MemoryUsage of job (MB)
	55248  -  ResidentSetSize of job (KB)
...
006 (516381.000.000) 05/05 17:21:24 Image size of job updated: 930964
	54  -  MemoryUsage of job (MB)
	55248  -  ResidentSetSize of job (KB)
...
004 (516381.000.000) 05/05 17:21:24 Job was evicted.
	(0) Job was not checkpointed.
		Usr 0 00:01:23, Sys 0 00:00:01  -  Run Remote Usage
		Usr 0 00:00:00, Sys 0 00:00:00  -  Run Local Usage
	0  -  Run Bytes Sent By Job
	0  -  Run Bytes Received By Job
	Partitionable Resources :    Usage  Request Allocated
	   Cpus                 :                 1         1
	   Disk (KB)            :        1        1    812217
	   Gpus                 :                           0
	   Memory (MB)          :       54        1     12899
...
009 (516381.000.000) 05/05 17:21:24 Job was aborted by the user.
	via condor_rm (by user ypei)
...
000 (517002.000.000) 05/05 17:21:41 Job submitted from host: <128.83.144.149:44250?addrs=128.83.144.149-44250>
...
001 (517002.000.000) 05/05 17:21:52 Job executing on host: <128.83.120.230:37764?addrs=128.83.120.230-37764>
...
006 (517002.000.000) 05/05 17:22:01 Image size of job updated: 758492
	56  -  MemoryUsage of job (MB)
	57316  -  ResidentSetSize of job (KB)
...
006 (517002.000.000) 05/05 17:27:02 Image size of job updated: 931220
	94  -  MemoryUsage of job (MB)
	96076  -  ResidentSetSize of job (KB)
...
006 (517002.000.000) 05/05 17:32:03 Image size of job updated: 935380
	113  -  MemoryUsage of job (MB)
	114704  -  ResidentSetSize of job (KB)
...
006 (517002.000.000) 05/05 17:37:03 Image size of job updated: 935952
	119  -  MemoryUsage of job (MB)
	121620  -  ResidentSetSize of job (KB)
...
006 (517002.000.000) 05/05 17:41:31 Image size of job updated: 935960
	119  -  MemoryUsage of job (MB)
	121620  -  ResidentSetSize of job (KB)
...
005 (517002.000.000) 05/05 17:41:31 Job terminated.
	(1) Normal termination (return value 0)
		Usr 0 00:17:59, Sys 0 00:00:12  -  Run Remote Usage
		Usr 0 00:00:00, Sys 0 00:00:00  -  Run Local Usage
		Usr 0 00:17:59, Sys 0 00:00:12  -  Total Remote Usage
		Usr 0 00:00:00, Sys 0 00:00:00  -  Total Local Usage
	0  -  Run Bytes Sent By Job
	0  -  Run Bytes Received By Job
	0  -  Total Bytes Sent By Job
	0  -  Total Bytes Received By Job
	Partitionable Resources :    Usage  Request Allocated
	   Cpus                 :                 1         1
	   Disk (KB)            :        1        1    827436
	   Gpus                 :                           0
	   Memory (MB)          :      119        1     12899
...
000 (382433.000.000) 05/07 03:39:50 Job submitted from host: <128.83.144.155:57685?addrs=128.83.144.155-57685>
...
001 (382433.000.000) 05/07 04:02:31 Job executing on host: <128.83.139.6:57138?addrs=128.83.139.6-57138>
...
006 (382433.000.000) 05/07 04:02:40 Image size of job updated: 758632
	53  -  MemoryUsage of job (MB)
	53404  -  ResidentSetSize of job (KB)
...
006 (382433.000.000) 05/07 04:07:42 Image size of job updated: 931140
	94  -  MemoryUsage of job (MB)
	96244  -  ResidentSetSize of job (KB)
...
006 (382433.000.000) 05/07 04:12:42 Image size of job updated: 935248
	118  -  MemoryUsage of job (MB)
	120012  -  ResidentSetSize of job (KB)
...
006 (382433.000.000) 05/07 04:17:42 Image size of job updated: 935868
	125  -  MemoryUsage of job (MB)
	127248  -  ResidentSetSize of job (KB)
...
006 (382433.000.000) 05/07 04:22:43 Image size of job updated: 936132
	126  -  MemoryUsage of job (MB)
	128748  -  ResidentSetSize of job (KB)
...
006 (382433.000.000) 05/07 04:23:19 Image size of job updated: 936136
	126  -  MemoryUsage of job (MB)
	128748  -  ResidentSetSize of job (KB)
...
005 (382433.000.000) 05/07 04:23:19 Job terminated.
	(1) Normal termination (return value 0)
		Usr 0 00:19:48, Sys 0 00:00:27  -  Run Remote Usage
		Usr 0 00:00:00, Sys 0 00:00:00  -  Run Local Usage
		Usr 0 00:19:48, Sys 0 00:00:27  -  Total Remote Usage
		Usr 0 00:00:00, Sys 0 00:00:00  -  Total Local Usage
	0  -  Run Bytes Sent By Job
	0  -  Run Bytes Received By Job
	0  -  Total Bytes Sent By Job
	0  -  Total Bytes Received By Job
	Partitionable Resources :    Usage  Request Allocated
	   Cpus                 :                 1         1
	   Disk (KB)            :        1        1   1661813
	   Gpus                 :                           0
	   Memory (MB)          :      126        1     12899
...
000 (518451.000.000) 05/07 13:18:15 Job submitted from host: <128.83.144.149:44250?addrs=128.83.144.149-44250>
...
001 (518451.000.000) 05/07 13:18:52 Job executing on host: <128.83.139.6:57138?addrs=128.83.139.6-57138>
...
006 (518451.000.000) 05/07 13:19:00 Image size of job updated: 758628
	56  -  MemoryUsage of job (MB)
	57296  -  ResidentSetSize of job (KB)
...
006 (518451.000.000) 05/07 13:23:36 Image size of job updated: 931132
	56  -  MemoryUsage of job (MB)
	57296  -  ResidentSetSize of job (KB)
...
004 (518451.000.000) 05/07 13:23:36 Job was evicted.
	(0) Job was not checkpointed.
		Usr 0 00:03:25, Sys 0 00:00:06  -  Run Remote Usage
		Usr 0 00:00:00, Sys 0 00:00:00  -  Run Local Usage
	0  -  Run Bytes Sent By Job
	0  -  Run Bytes Received By Job
	Partitionable Resources :    Usage  Request Allocated
	   Cpus                 :                 1         1
	   Disk (KB)            :        1        1   1661809
	   Gpus                 :                           0
	   Memory (MB)          :       56        1     12899
...
009 (518451.000.000) 05/07 13:23:37 Job was aborted by the user.
	via condor_rm (by user ypei)
...
000 (518658.000.000) 05/07 13:23:45 Job submitted from host: <128.83.144.149:44250?addrs=128.83.144.149-44250>
...
001 (518658.000.000) 05/07 13:23:57 Job executing on host: <128.83.144.147:58788?addrs=128.83.144.147-58788>
...
006 (518658.000.000) 05/07 13:24:05 Image size of job updated: 340488
	22  -  MemoryUsage of job (MB)
	21572  -  ResidentSetSize of job (KB)
...
006 (518658.000.000) 05/07 13:29:05 Image size of job updated: 931276
	97  -  MemoryUsage of job (MB)
	99316  -  ResidentSetSize of job (KB)
...
006 (518658.000.000) 05/07 13:34:06 Image size of job updated: 935652
	114  -  MemoryUsage of job (MB)
	116668  -  ResidentSetSize of job (KB)
...
006 (518658.000.000) 05/07 13:39:06 Image size of job updated: 935988
	120  -  MemoryUsage of job (MB)
	121976  -  ResidentSetSize of job (KB)
...
006 (518658.000.000) 05/07 13:41:13 Image size of job updated: 935992
	120  -  MemoryUsage of job (MB)
	121976  -  ResidentSetSize of job (KB)
...
005 (518658.000.000) 05/07 13:41:13 Job terminated.
	(1) Normal termination (return value 0)
		Usr 0 00:16:09, Sys 0 00:00:09  -  Run Remote Usage
		Usr 0 00:00:00, Sys 0 00:00:00  -  Run Local Usage
		Usr 0 00:16:09, Sys 0 00:00:09  -  Total Remote Usage
		Usr 0 00:00:00, Sys 0 00:00:00  -  Total Local Usage
	0  -  Run Bytes Sent By Job
	0  -  Run Bytes Received By Job
	0  -  Total Bytes Sent By Job
	0  -  Total Bytes Received By Job
	Partitionable Resources :    Usage  Request Allocated
	   Cpus                 :                 1         1
	   Disk (KB)            :        1        1   1862075
	   Gpus                 :                           0
	   Memory (MB)          :      120        1     21164
...
000 (519072.000.000) 05/07 14:36:25 Job submitted from host: <128.83.144.149:44250?addrs=128.83.144.149-44250>
...
001 (519072.000.000) 05/07 14:36:38 Job executing on host: <128.83.144.147:58788?addrs=128.83.144.147-58788>
...
006 (519072.000.000) 05/07 14:36:46 Image size of job updated: 757980
	54  -  MemoryUsage of job (MB)
	54744  -  ResidentSetSize of job (KB)
...
006 (519072.000.000) 05/07 14:41:46 Image size of job updated: 931272
	96  -  MemoryUsage of job (MB)
	98148  -  ResidentSetSize of job (KB)
...
006 (519072.000.000) 05/07 14:46:47 Image size of job updated: 935780
	114  -  MemoryUsage of job (MB)
	116424  -  ResidentSetSize of job (KB)
...
006 (519072.000.000) 05/07 14:51:48 Image size of job updated: 935988
	118  -  MemoryUsage of job (MB)
	120400  -  ResidentSetSize of job (KB)
...
005 (519072.000.000) 05/07 14:52:32 Job terminated.
	(1) Normal termination (return value 0)
		Usr 0 00:14:46, Sys 0 00:00:06  -  Run Remote Usage
		Usr 0 00:00:00, Sys 0 00:00:00  -  Run Local Usage
		Usr 0 00:14:46, Sys 0 00:00:06  -  Total Remote Usage
		Usr 0 00:00:00, Sys 0 00:00:00  -  Total Local Usage
	0  -  Run Bytes Sent By Job
	0  -  Run Bytes Received By Job
	0  -  Total Bytes Sent By Job
	0  -  Total Bytes Received By Job
	Partitionable Resources :    Usage  Request Allocated
	   Cpus                 :                 1         1
	   Disk (KB)            :        1        1   1911592
	   Gpus                 :                           0
	   Memory (MB)          :      118        1     21164
...
000 (382847.000.000) 05/07 20:16:56 Job submitted from host: <128.83.144.155:57685?addrs=128.83.144.155-57685>
...
001 (382847.000.000) 05/07 20:35:33 Job executing on host: <128.83.144.13:57145?addrs=128.83.144.13-57145>
...
006 (382847.000.000) 05/07 20:35:42 Image size of job updated: 930932
	84  -  MemoryUsage of job (MB)
	85500  -  ResidentSetSize of job (KB)
...
006 (382847.000.000) 05/07 20:40:43 Image size of job updated: 931136
	97  -  MemoryUsage of job (MB)
	98332  -  ResidentSetSize of job (KB)
...
006 (382847.000.000) 05/07 20:45:43 Image size of job updated: 935244
	112  -  MemoryUsage of job (MB)
	113740  -  ResidentSetSize of job (KB)
...
006 (382847.000.000) 05/07 20:50:44 Image size of job updated: 935868
	118  -  MemoryUsage of job (MB)
	120556  -  ResidentSetSize of job (KB)
...
006 (382847.000.000) 05/07 20:55:45 Image size of job updated: 936132
	120  -  MemoryUsage of job (MB)
	122088  -  ResidentSetSize of job (KB)
...
005 (382847.000.000) 05/07 20:56:45 Job terminated.
	(1) Normal termination (return value 0)
		Usr 0 00:20:30, Sys 0 00:00:24  -  Run Remote Usage
		Usr 0 00:00:00, Sys 0 00:00:00  -  Run Local Usage
		Usr 0 00:20:30, Sys 0 00:00:24  -  Total Remote Usage
		Usr 0 00:00:00, Sys 0 00:00:00  -  Total Local Usage
	0  -  Run Bytes Sent By Job
	0  -  Run Bytes Received By Job
	0  -  Total Bytes Sent By Job
	0  -  Total Bytes Received By Job
	Partitionable Resources :    Usage  Request Allocated
	   Cpus                 :                 1         1
	   Disk (KB)            :        1        1    796973
	   Gpus                 :                           0
	   Memory (MB)          :      120        1     12899
...
000 (384089.000.000) 05/08 05:52:58 Job submitted from host: <128.83.144.155:57685?addrs=128.83.144.155-57685>
...
001 (384089.000.000) 05/08 06:13:29 Job executing on host: <128.83.144.96:35052?addrs=128.83.144.96-35052>
...
006 (384089.000.000) 05/08 06:13:37 Image size of job updated: 1
	2  -  MemoryUsage of job (MB)
	1628  -  ResidentSetSize of job (KB)
...
006 (384089.000.000) 05/08 06:18:38 Image size of job updated: 931180
	98  -  MemoryUsage of job (MB)
	99596  -  ResidentSetSize of job (KB)
...
006 (384089.000.000) 05/08 06:23:39 Image size of job updated: 935868
	113  -  MemoryUsage of job (MB)
	115664  -  ResidentSetSize of job (KB)
...
006 (384089.000.000) 05/08 06:28:39 Image size of job updated: 935876
	116  -  MemoryUsage of job (MB)
	117768  -  ResidentSetSize of job (KB)
...
005 (384089.000.000) 05/08 06:28:41 Job terminated.
	(1) Normal termination (return value 0)
		Usr 0 00:14:45, Sys 0 00:00:05  -  Run Remote Usage
		Usr 0 00:00:00, Sys 0 00:00:00  -  Run Local Usage
		Usr 0 00:14:45, Sys 0 00:00:05  -  Total Remote Usage
		Usr 0 00:00:00, Sys 0 00:00:00  -  Total Local Usage
	0  -  Run Bytes Sent By Job
	0  -  Run Bytes Received By Job
	0  -  Total Bytes Sent By Job
	0  -  Total Bytes Received By Job
	Partitionable Resources :    Usage  Request Allocated
	   Cpus                 :                 1         1
	   Disk (KB)            :        1        1   2219651
	   Gpus                 :                           0
	   Memory (MB)          :      116        1      4028
...
000 (417482.000.000) 05/09 03:37:23 Job submitted from host: <128.83.144.154:52346?addrs=128.83.144.154-52346>
...
001 (417482.000.000) 05/09 03:55:56 Job executing on host: <128.83.144.84:60326?addrs=128.83.144.84-60326>
...
006 (417482.000.000) 05/09 03:56:04 Image size of job updated: 759512
	58  -  MemoryUsage of job (MB)
	58376  -  ResidentSetSize of job (KB)
...
006 (417482.000.000) 05/09 04:01:04 Image size of job updated: 931276
	97  -  MemoryUsage of job (MB)
	98400  -  ResidentSetSize of job (KB)
...
006 (417482.000.000) 05/09 04:06:05 Image size of job updated: 935652
	115  -  MemoryUsage of job (MB)
	117476  -  ResidentSetSize of job (KB)
...
006 (417482.000.000) 05/09 04:11:06 Image size of job updated: 935988
	120  -  MemoryUsage of job (MB)
	122332  -  ResidentSetSize of job (KB)
...
005 (417482.000.000) 05/09 04:13:19 Job terminated.
	(1) Normal termination (return value 0)
		Usr 0 00:16:59, Sys 0 00:00:09  -  Run Remote Usage
		Usr 0 00:00:00, Sys 0 00:00:00  -  Run Local Usage
		Usr 0 00:16:59, Sys 0 00:00:09  -  Total Remote Usage
		Usr 0 00:00:00, Sys 0 00:00:00  -  Total Local Usage
	0  -  Run Bytes Sent By Job
	0  -  Run Bytes Received By Job
	0  -  Total Bytes Sent By Job
	0  -  Total Bytes Received By Job
	Partitionable Resources :    Usage  Request Allocated
	   Cpus                 :                 1         1
	   Disk (KB)            :        2        2   7541873
	   Gpus                 :                           0
	   Memory (MB)          :      120        1      4027
...
