000 (515996.000.000) 05/05 17:13:11 Job submitted from host: <128.83.144.149:44250?addrs=128.83.144.149-44250>
...
001 (515996.000.000) 05/05 17:13:31 Job executing on host: <128.83.120.250:59851?addrs=128.83.120.250-59851>
...
006 (515996.000.000) 05/05 17:13:39 Image size of job updated: 776584
	56  -  MemoryUsage of job (MB)
	56484  -  ResidentSetSize of job (KB)
...
006 (515996.000.000) 05/05 17:14:25 Image size of job updated: 777256
	56  -  MemoryUsage of job (MB)
	56484  -  ResidentSetSize of job (KB)
...
004 (515996.000.000) 05/05 17:14:25 Job was evicted.
	(0) Job was not checkpointed.
		Usr 0 00:00:00, Sys 0 00:00:00  -  Run Remote Usage
		Usr 0 00:00:00, Sys 0 00:00:00  -  Run Local Usage
	0  -  Run Bytes Sent By Job
	0  -  Run Bytes Received By Job
	Partitionable Resources :    Usage  Request Allocated
	   Cpus                 :                 1         1
	   Disk (KB)            :        2        2    815266
	   Gpus                 :                           0
	   Memory (MB)          :       56        1     12899
...
009 (515996.000.000) 05/05 17:14:26 Job was aborted by the user.
	via condor_rm (by user ypei)
...
000 (516221.000.000) 05/05 17:14:53 Job submitted from host: <128.83.144.149:44250?addrs=128.83.144.149-44250>
...
001 (516221.000.000) 05/05 17:15:01 Job executing on host: <128.83.139.15:46714?addrs=128.83.139.15-46714>
...
006 (516221.000.000) 05/05 17:15:09 Image size of job updated: 776744
	56  -  MemoryUsage of job (MB)
	56940  -  ResidentSetSize of job (KB)
...
006 (516221.000.000) 05/05 17:18:10 Image size of job updated: 946460
	56  -  MemoryUsage of job (MB)
	56940  -  ResidentSetSize of job (KB)
...
004 (516221.000.000) 05/05 17:18:10 Job was evicted.
	(0) Job was not checkpointed.
		Usr 0 00:01:08, Sys 0 00:00:01  -  Run Remote Usage
		Usr 0 00:00:00, Sys 0 00:00:00  -  Run Local Usage
	0  -  Run Bytes Sent By Job
	0  -  Run Bytes Received By Job
	Partitionable Resources :    Usage  Request Allocated
	   Cpus                 :                 1         1
	   Disk (KB)            :        2        2   1684662
	   Gpus                 :                           0
	   Memory (MB)          :       56        1     12899
...
009 (516221.000.000) 05/05 17:18:11 Job was aborted by the user.
	via condor_rm (by user ypei)
...
000 (516428.000.000) 05/05 17:18:23 Job submitted from host: <128.83.144.149:44250?addrs=128.83.144.149-44250>
...
001 (516428.000.000) 05/05 17:18:31 Job executing on host: <128.83.144.13:57145?addrs=128.83.144.13-57145>
...
006 (516428.000.000) 05/05 17:18:40 Image size of job updated: 776740
	52  -  MemoryUsage of job (MB)
	52656  -  ResidentSetSize of job (KB)
...
006 (516428.000.000) 05/05 17:21:19 Image size of job updated: 1067000
	52  -  MemoryUsage of job (MB)
	52656  -  ResidentSetSize of job (KB)
...
004 (516428.000.000) 05/05 17:21:19 Job was evicted.
	(0) Job was not checkpointed.
		Usr 0 00:01:13, Sys 0 00:00:01  -  Run Remote Usage
		Usr 0 00:00:00, Sys 0 00:00:00  -  Run Local Usage
	0  -  Run Bytes Sent By Job
	0  -  Run Bytes Received By Job
	Partitionable Resources :    Usage  Request Allocated
	   Cpus                 :                 1         1
	   Disk (KB)            :        2        2    824403
	   Gpus                 :                           0
	   Memory (MB)          :       52        1     12899
...
009 (516428.000.000) 05/05 17:21:20 Job was aborted by the user.
	via condor_rm (by user ypei)
...
000 (517049.000.000) 05/05 17:21:48 Job submitted from host: <128.83.144.149:44250?addrs=128.83.144.149-44250>
...
001 (517049.000.000) 05/05 17:21:54 Job executing on host: <128.83.120.229:58979?addrs=128.83.120.229-58979>
...
006 (517049.000.000) 05/05 17:22:02 Image size of job updated: 777256
	56  -  MemoryUsage of job (MB)
	57272  -  ResidentSetSize of job (KB)
...
006 (517049.000.000) 05/05 17:27:02 Image size of job updated: 1078168
	242  -  MemoryUsage of job (MB)
	247612  -  ResidentSetSize of job (KB)
...
006 (517049.000.000) 05/05 17:32:03 Image size of job updated: 1078956
	243  -  MemoryUsage of job (MB)
	248448  -  ResidentSetSize of job (KB)
...
006 (517049.000.000) 05/05 17:37:03 Image size of job updated: 1078992
	243  -  MemoryUsage of job (MB)
	248720  -  ResidentSetSize of job (KB)
...
006 (517049.000.000) 05/05 17:42:03 Image size of job updated: 1078992
	243  -  MemoryUsage of job (MB)
	248808  -  ResidentSetSize of job (KB)
...
005 (517049.000.000) 05/05 17:42:19 Job terminated.
	(1) Normal termination (return value 0)
		Usr 0 00:18:55, Sys 0 00:00:15  -  Run Remote Usage
		Usr 0 00:00:00, Sys 0 00:00:00  -  Run Local Usage
		Usr 0 00:18:55, Sys 0 00:00:15  -  Total Remote Usage
		Usr 0 00:00:00, Sys 0 00:00:00  -  Total Local Usage
	0  -  Run Bytes Sent By Job
	0  -  Run Bytes Received By Job
	0  -  Total Bytes Sent By Job
	0  -  Total Bytes Received By Job
	Partitionable Resources :    Usage  Request Allocated
	   Cpus                 :                 1         1
	   Disk (KB)            :        2        2    828961
	   Gpus                 :                           0
	   Memory (MB)          :      243        1     12899
...
000 (382480.000.000) 05/07 03:39:54 Job submitted from host: <128.83.144.155:57685?addrs=128.83.144.155-57685>
...
001 (382480.000.000) 05/07 04:11:33 Job executing on host: <128.83.144.112:35333?addrs=128.83.144.112-35333>
...
006 (382480.000.000) 05/07 04:11:41 Image size of job updated: 946488
	78  -  MemoryUsage of job (MB)
	79780  -  ResidentSetSize of job (KB)
...
006 (382480.000.000) 05/07 04:16:41 Image size of job updated: 1078440
	236  -  MemoryUsage of job (MB)
	241612  -  ResidentSetSize of job (KB)
...
006 (382480.000.000) 05/07 04:21:42 Image size of job updated: 1078748
	237  -  MemoryUsage of job (MB)
	242224  -  ResidentSetSize of job (KB)
...
006 (382480.000.000) 05/07 04:26:43 Image size of job updated: 1079020
	237  -  MemoryUsage of job (MB)
	242288  -  ResidentSetSize of job (KB)
...
005 (382480.000.000) 05/07 04:30:35 Job terminated.
	(1) Normal termination (return value 0)
		Usr 0 00:18:17, Sys 0 00:00:25  -  Run Remote Usage
		Usr 0 00:00:00, Sys 0 00:00:00  -  Run Local Usage
		Usr 0 00:18:17, Sys 0 00:00:25  -  Total Remote Usage
		Usr 0 00:00:00, Sys 0 00:00:00  -  Total Local Usage
	0  -  Run Bytes Sent By Job
	0  -  Run Bytes Received By Job
	0  -  Total Bytes Sent By Job
	0  -  Total Bytes Received By Job
	Partitionable Resources :    Usage  Request Allocated
	   Cpus                 :                 1         1
	   Disk (KB)            :        2        2    803075
	   Gpus                 :                           0
	   Memory (MB)          :      237        1     12899
...
000 (518498.000.000) 05/07 13:18:19 Job submitted from host: <128.83.144.149:44250?addrs=128.83.144.149-44250>
...
001 (518498.000.000) 05/07 13:18:56 Job executing on host: <128.83.120.229:58979?addrs=128.83.120.229-58979>
...
006 (518498.000.000) 05/07 13:19:04 Image size of job updated: 776740
	56  -  MemoryUsage of job (MB)
	56756  -  ResidentSetSize of job (KB)
...
006 (518498.000.000) 05/07 13:23:38 Image size of job updated: 1078424
	56  -  MemoryUsage of job (MB)
	56756  -  ResidentSetSize of job (KB)
...
004 (518498.000.000) 05/07 13:23:38 Job was evicted.
	(0) Job was not checkpointed.
		Usr 0 00:03:18, Sys 0 00:00:03  -  Run Remote Usage
		Usr 0 00:00:00, Sys 0 00:00:00  -  Run Local Usage
	0  -  Run Bytes Sent By Job
	0  -  Run Bytes Received By Job
	Partitionable Resources :    Usage  Request Allocated
	   Cpus                 :                 1         1
	   Disk (KB)            :        2        2    800016
	   Gpus                 :                           0
	   Memory (MB)          :       56        1     12899
...
009 (518498.000.000) 05/07 13:23:38 Job was aborted by the user.
	via condor_rm (by user ypei)
...
000 (518705.000.000) 05/07 13:23:49 Job submitted from host: <128.83.144.149:44250?addrs=128.83.144.149-44250>
...
001 (518705.000.000) 05/07 13:23:55 Job executing on host: <128.83.130.161:35317?addrs=128.83.130.161-35317>
...
006 (518705.000.000) 05/07 13:24:04 Image size of job updated: 777392
	56  -  MemoryUsage of job (MB)
	57320  -  ResidentSetSize of job (KB)
...
006 (518705.000.000) 05/07 13:29:05 Image size of job updated: 1078624
	239  -  MemoryUsage of job (MB)
	244048  -  ResidentSetSize of job (KB)
...
006 (518705.000.000) 05/07 13:34:06 Image size of job updated: 1079156
	239  -  MemoryUsage of job (MB)
	244560  -  ResidentSetSize of job (KB)
...
006 (518705.000.000) 05/07 13:39:06 Image size of job updated: 1079172
	240  -  MemoryUsage of job (MB)
	244840  -  ResidentSetSize of job (KB)
...
005 (518705.000.000) 05/07 13:39:40 Job terminated.
	(1) Normal termination (return value 0)
		Usr 0 00:14:46, Sys 0 00:00:07  -  Run Remote Usage
		Usr 0 00:00:00, Sys 0 00:00:00  -  Run Local Usage
		Usr 0 00:14:46, Sys 0 00:00:07  -  Total Remote Usage
		Usr 0 00:00:00, Sys 0 00:00:00  -  Total Local Usage
	0  -  Run Bytes Sent By Job
	0  -  Run Bytes Received By Job
	0  -  Total Bytes Sent By Job
	0  -  Total Bytes Received By Job
	Partitionable Resources :    Usage  Request Allocated
	   Cpus                 :                 1         1
	   Disk (KB)            :        2        2   1865789
	   Gpus                 :                           0
	   Memory (MB)          :      240        1     21164
...
000 (519119.000.000) 05/07 14:36:29 Job submitted from host: <128.83.144.149:44250?addrs=128.83.144.149-44250>
...
001 (519119.000.000) 05/07 14:36:40 Job executing on host: <128.83.144.13:57145?addrs=128.83.144.13-57145>
...
006 (519119.000.000) 05/07 14:36:48 Image size of job updated: 776876
	54  -  MemoryUsage of job (MB)
	54740  -  ResidentSetSize of job (KB)
...
006 (519119.000.000) 05/07 14:41:48 Image size of job updated: 1078560
	236  -  MemoryUsage of job (MB)
	241464  -  ResidentSetSize of job (KB)
...
006 (519119.000.000) 05/07 14:46:49 Image size of job updated: 1078864
	237  -  MemoryUsage of job (MB)
	242112  -  ResidentSetSize of job (KB)
...
006 (519119.000.000) 05/07 14:51:50 Image size of job updated: 1078900
	237  -  MemoryUsage of job (MB)
	242172  -  ResidentSetSize of job (KB)
...
006 (519119.000.000) 05/07 14:56:50 Image size of job updated: 1078900
	237  -  MemoryUsage of job (MB)
	242264  -  ResidentSetSize of job (KB)
...
006 (519119.000.000) 05/07 14:57:44 Image size of job updated: 1079156
	237  -  MemoryUsage of job (MB)
	242264  -  ResidentSetSize of job (KB)
...
005 (519119.000.000) 05/07 14:57:44 Job terminated.
	(1) Normal termination (return value 0)
		Usr 0 00:19:28, Sys 0 00:00:26  -  Run Remote Usage
		Usr 0 00:00:00, Sys 0 00:00:00  -  Run Local Usage
		Usr 0 00:19:28, Sys 0 00:00:26  -  Total Remote Usage
		Usr 0 00:00:00, Sys 0 00:00:00  -  Total Local Usage
	0  -  Run Bytes Sent By Job
	0  -  Run Bytes Received By Job
	0  -  Total Bytes Sent By Job
	0  -  Total Bytes Received By Job
	Partitionable Resources :    Usage  Request Allocated
	   Cpus                 :                 1         1
	   Disk (KB)            :        2        2    796982
	   Gpus                 :                           0
	   Memory (MB)          :      237        1     12899
...
000 (382894.000.000) 05/07 20:16:59 Job submitted from host: <128.83.144.155:57685?addrs=128.83.144.155-57685>
...
001 (382894.000.000) 05/07 20:42:51 Job executing on host: <128.83.144.42:56007?addrs=128.83.144.42-56007>
...
006 (382894.000.000) 05/07 20:43:00 Image size of job updated: 2
	2  -  MemoryUsage of job (MB)
	1632  -  ResidentSetSize of job (KB)
...
006 (382894.000.000) 05/07 20:48:01 Image size of job updated: 1078628
	239  -  MemoryUsage of job (MB)
	243736  -  ResidentSetSize of job (KB)
...
006 (382894.000.000) 05/07 20:53:01 Image size of job updated: 1078892
	241  -  MemoryUsage of job (MB)
	246224  -  ResidentSetSize of job (KB)
...
006 (382894.000.000) 05/07 20:58:01 Image size of job updated: 1078920
	241  -  MemoryUsage of job (MB)
	246328  -  ResidentSetSize of job (KB)
...
005 (382894.000.000) 05/07 21:01:32 Job terminated.
	(1) Normal termination (return value 0)
		Usr 0 00:17:36, Sys 0 00:00:50  -  Run Remote Usage
		Usr 0 00:00:00, Sys 0 00:00:00  -  Run Local Usage
		Usr 0 00:17:36, Sys 0 00:00:50  -  Total Remote Usage
		Usr 0 00:00:00, Sys 0 00:00:00  -  Total Local Usage
	0  -  Run Bytes Sent By Job
	0  -  Run Bytes Received By Job
	0  -  Total Bytes Sent By Job
	0  -  Total Bytes Received By Job
	Partitionable Resources :    Usage  Request Allocated
	   Cpus                 :                 1         1
	   Disk (KB)            :        2        2   4663330
	   Gpus                 :                           0
	   Memory (MB)          :      241        1      4027
...
000 (384136.000.000) 05/08 05:53:01 Job submitted from host: <128.83.144.155:57685?addrs=128.83.144.155-57685>
...
001 (384136.000.000) 05/08 06:20:09 Job executing on host: <128.83.120.228:59989?addrs=128.83.120.228-59989>
...
006 (384136.000.000) 05/08 06:20:17 Image size of job updated: 782132
	61  -  MemoryUsage of job (MB)
	62288  -  ResidentSetSize of job (KB)
...
006 (384136.000.000) 05/08 06:25:17 Image size of job updated: 1078440
	238  -  MemoryUsage of job (MB)
	243464  -  ResidentSetSize of job (KB)
...
006 (384136.000.000) 05/08 06:30:17 Image size of job updated: 1078748
	239  -  MemoryUsage of job (MB)
	243976  -  ResidentSetSize of job (KB)
...
006 (384136.000.000) 05/08 06:35:18 Image size of job updated: 1078764
	239  -  MemoryUsage of job (MB)
	244064  -  ResidentSetSize of job (KB)
...
005 (384136.000.000) 05/08 06:38:36 Job terminated.
	(1) Normal termination (return value 0)
		Usr 0 00:17:46, Sys 0 00:00:29  -  Run Remote Usage
		Usr 0 00:00:00, Sys 0 00:00:00  -  Run Local Usage
		Usr 0 00:17:46, Sys 0 00:00:29  -  Total Remote Usage
		Usr 0 00:00:00, Sys 0 00:00:00  -  Total Local Usage
	0  -  Run Bytes Sent By Job
	0  -  Run Bytes Received By Job
	0  -  Total Bytes Sent By Job
	0  -  Total Bytes Received By Job
	Partitionable Resources :    Usage  Request Allocated
	   Cpus                 :                 1         1
	   Disk (KB)            :        2        2    781727
	   Gpus                 :                           0
	   Memory (MB)          :      239        1     12899
...
000 (417529.000.000) 05/09 03:37:26 Job submitted from host: <128.83.144.154:52346?addrs=128.83.144.154-52346>
...
001 (417529.000.000) 05/09 04:00:44 Job executing on host: <128.83.139.146:44201?addrs=128.83.139.146-44201>
...
006 (417529.000.000) 05/09 04:00:53 Image size of job updated: 782532
	62  -  MemoryUsage of job (MB)
	62576  -  ResidentSetSize of job (KB)
...
006 (417529.000.000) 05/09 04:05:54 Image size of job updated: 1078904
	243  -  MemoryUsage of job (MB)
	248372  -  ResidentSetSize of job (KB)
...
006 (417529.000.000) 05/09 04:09:33 Image size of job updated: 1078920
	243  -  MemoryUsage of job (MB)
	248372  -  ResidentSetSize of job (KB)
...
005 (417529.000.000) 05/09 04:09:33 Job terminated.
	(1) Normal termination (return value 0)
		Usr 0 00:08:26, Sys 0 00:00:03  -  Run Remote Usage
		Usr 0 00:00:00, Sys 0 00:00:00  -  Run Local Usage
		Usr 0 00:08:26, Sys 0 00:00:03  -  Total Remote Usage
		Usr 0 00:00:00, Sys 0 00:00:00  -  Total Local Usage
	0  -  Run Bytes Sent By Job
	0  -  Run Bytes Received By Job
	0  -  Total Bytes Sent By Job
	0  -  Total Bytes Received By Job
	Partitionable Resources :    Usage  Request Allocated
	   Cpus                 :                 1         1
	   Disk (KB)            :        2        2   7541871
	   Gpus                 :                           0
	   Memory (MB)          :      243        1      4027
...
