000 (15005734.000.000) 08/01 19:38:49 Job submitted from host: <128.83.130.153:51299?addrs=128.83.130.153-51299>
...
001 (15005734.000.000) 08/01 19:39:10 Job executing on host: <128.83.130.232:41359?addrs=128.83.130.232-41359>
...
006 (15005734.000.000) 08/01 19:39:18 Image size of job updated: 184628
	11  -  MemoryUsage of job (MB)
	10352  -  ResidentSetSize of job (KB)
...
006 (15005734.000.000) 08/01 19:44:18 Image size of job updated: 4848504
	925  -  MemoryUsage of job (MB)
	947092  -  ResidentSetSize of job (KB)
...
006 (15005734.000.000) 08/01 19:49:19 Image size of job updated: 4849012
	1043  -  MemoryUsage of job (MB)
	1067676  -  ResidentSetSize of job (KB)
...
006 (15005734.000.000) 08/01 19:54:20 Image size of job updated: 4914636
	1112  -  MemoryUsage of job (MB)
	1138600  -  ResidentSetSize of job (KB)
...
006 (15005734.000.000) 08/01 19:59:20 Image size of job updated: 4914680
	1189  -  MemoryUsage of job (MB)
	1217132  -  ResidentSetSize of job (KB)
...
006 (15005734.000.000) 08/01 20:04:21 Image size of job updated: 4914968
	1247  -  MemoryUsage of job (MB)
	1276000  -  ResidentSetSize of job (KB)
...
006 (15005734.000.000) 08/01 20:09:22 Image size of job updated: 4915056
	1307  -  MemoryUsage of job (MB)
	1338096  -  ResidentSetSize of job (KB)
...
006 (15005734.000.000) 08/01 20:13:59 Image size of job updated: 5112036
	1307  -  MemoryUsage of job (MB)
	1338096  -  ResidentSetSize of job (KB)
...
005 (15005734.000.000) 08/01 20:13:59 Job terminated.
	(1) Normal termination (return value 0)
		Usr 0 00:40:38, Sys 0 00:01:27  -  Run Remote Usage
		Usr 0 00:00:00, Sys 0 00:00:00  -  Run Local Usage
		Usr 0 00:40:38, Sys 0 00:01:27  -  Total Remote Usage
		Usr 0 00:00:00, Sys 0 00:00:00  -  Total Local Usage
	0  -  Run Bytes Sent By Job
	0  -  Run Bytes Received By Job
	0  -  Total Bytes Sent By Job
	0  -  Total Bytes Received By Job
	Partitionable Resources :    Usage  Request Allocated
	   Cpus                 :                 1         1
	   Disk (KB)            :        1        1    749980
	   Gpus                 :                           0
	   Memory (MB)          :     1307        1      4021
...
