000 (515967.000.000) 05/05 17:13:08 Job submitted from host: <128.83.144.149:44250?addrs=128.83.144.149-44250>
...
001 (515967.000.000) 05/05 17:13:28 Job executing on host: <128.83.120.128:51378?addrs=128.83.120.128-51378>
...
006 (515967.000.000) 05/05 17:13:37 Image size of job updated: 975672
	56  -  MemoryUsage of job (MB)
	56804  -  ResidentSetSize of job (KB)
...
006 (515967.000.000) 05/05 17:14:29 Image size of job updated: 977204
	56  -  MemoryUsage of job (MB)
	56804  -  ResidentSetSize of job (KB)
...
004 (515967.000.000) 05/05 17:14:29 Job was evicted.
	(0) Job was not checkpointed.
		Usr 0 00:00:00, Sys 0 00:00:00  -  Run Remote Usage
		Usr 0 00:00:00, Sys 0 00:00:00  -  Run Local Usage
	0  -  Run Bytes Sent By Job
	0  -  Run Bytes Received By Job
	Partitionable Resources :    Usage  Request Allocated
	   Cpus                 :                 1         1
	   Disk (KB)            :        1        1    812221
	   Gpus                 :                           0
	   Memory (MB)          :       56        1     12899
...
009 (515967.000.000) 05/05 17:14:30 Job was aborted by the user.
	via condor_rm (by user ypei)
...
000 (516192.000.000) 05/05 17:14:50 Job submitted from host: <128.83.144.149:44250?addrs=128.83.144.149-44250>
...
001 (516192.000.000) 05/05 17:15:00 Job executing on host: <128.83.120.229:58979?addrs=128.83.120.229-58979>
...
006 (516192.000.000) 05/05 17:15:08 Image size of job updated: 340324
	21  -  MemoryUsage of job (MB)
	21276  -  ResidentSetSize of job (KB)
...
006 (516192.000.000) 05/05 17:18:07 Image size of job updated: 1149496
	132  -  MemoryUsage of job (MB)
	134432  -  ResidentSetSize of job (KB)
...
004 (516192.000.000) 05/05 17:18:07 Job was evicted.
	(0) Job was not checkpointed.
		Usr 0 00:00:52, Sys 0 00:00:01  -  Run Remote Usage
		Usr 0 00:00:00, Sys 0 00:00:00  -  Run Local Usage
	0  -  Run Bytes Sent By Job
	0  -  Run Bytes Received By Job
	Partitionable Resources :    Usage  Request Allocated
	   Cpus                 :                 1         1
	   Disk (KB)            :        1        1    828970
	   Gpus                 :                           0
	   Memory (MB)          :      132        1     12899
...
009 (516192.000.000) 05/05 17:18:08 Job was aborted by the user.
	via condor_rm (by user ypei)
...
000 (516399.000.000) 05/05 17:18:21 Job submitted from host: <128.83.144.149:44250?addrs=128.83.144.149-44250>
...
001 (516399.000.000) 05/05 17:18:30 Job executing on host: <128.83.120.229:58979?addrs=128.83.120.229-58979>
...
006 (516399.000.000) 05/05 17:18:38 Image size of job updated: 975672
	56  -  MemoryUsage of job (MB)
	56820  -  ResidentSetSize of job (KB)
...
006 (516399.000.000) 05/05 17:21:22 Image size of job updated: 1149496
	134  -  MemoryUsage of job (MB)
	136400  -  ResidentSetSize of job (KB)
...
004 (516399.000.000) 05/05 17:21:22 Job was evicted.
	(0) Job was not checkpointed.
		Usr 0 00:01:26, Sys 0 00:00:01  -  Run Remote Usage
		Usr 0 00:00:00, Sys 0 00:00:00  -  Run Local Usage
	0  -  Run Bytes Sent By Job
	0  -  Run Bytes Received By Job
	Partitionable Resources :    Usage  Request Allocated
	   Cpus                 :                 1         1
	   Disk (KB)            :        1        1    828960
	   Gpus                 :                           0
	   Memory (MB)          :      134        1     12899
...
009 (516399.000.000) 05/05 17:21:23 Job was aborted by the user.
	via condor_rm (by user ypei)
...
000 (517020.000.000) 05/05 17:21:43 Job submitted from host: <128.83.144.149:44250?addrs=128.83.144.149-44250>
...
001 (517020.000.000) 05/05 17:21:53 Job executing on host: <128.83.120.128:51378?addrs=128.83.120.128-51378>
...
006 (517020.000.000) 05/05 17:22:02 Image size of job updated: 975672
	56  -  MemoryUsage of job (MB)
	56840  -  ResidentSetSize of job (KB)
...
006 (517020.000.000) 05/05 17:27:03 Image size of job updated: 1149636
	140  -  MemoryUsage of job (MB)
	143044  -  ResidentSetSize of job (KB)
...
006 (517020.000.000) 05/05 17:32:04 Image size of job updated: 1149640
	148  -  MemoryUsage of job (MB)
	150940  -  ResidentSetSize of job (KB)
...
006 (517020.000.000) 05/05 17:37:04 Image size of job updated: 1149724
	153  -  MemoryUsage of job (MB)
	156356  -  ResidentSetSize of job (KB)
...
006 (517020.000.000) 05/05 17:42:05 Image size of job updated: 1216508
	245  -  MemoryUsage of job (MB)
	249924  -  ResidentSetSize of job (KB)
...
006 (517020.000.000) 05/05 17:47:06 Image size of job updated: 1216512
	275  -  MemoryUsage of job (MB)
	281300  -  ResidentSetSize of job (KB)
...
006 (517020.000.000) 05/05 17:52:06 Image size of job updated: 1216512
	277  -  MemoryUsage of job (MB)
	282980  -  ResidentSetSize of job (KB)
...
005 (517020.000.000) 05/05 17:52:13 Job terminated.
	(1) Normal termination (return value 0)
		Usr 0 00:28:36, Sys 0 00:00:31  -  Run Remote Usage
		Usr 0 00:00:00, Sys 0 00:00:00  -  Run Local Usage
		Usr 0 00:28:36, Sys 0 00:00:31  -  Total Remote Usage
		Usr 0 00:00:00, Sys 0 00:00:00  -  Total Local Usage
	0  -  Run Bytes Sent By Job
	0  -  Run Bytes Received By Job
	0  -  Total Bytes Sent By Job
	0  -  Total Bytes Received By Job
	Partitionable Resources :    Usage  Request Allocated
	   Cpus                 :                 1         1
	   Disk (KB)            :        1        1    812216
	   Gpus                 :                           0
	   Memory (MB)          :      277        1     12899
...
000 (382451.000.000) 05/07 03:39:52 Job submitted from host: <128.83.144.155:57685?addrs=128.83.144.155-57685>
...
001 (382451.000.000) 05/07 04:04:57 Job executing on host: <128.83.139.9:47643?addrs=128.83.139.9-47643>
...
006 (382451.000.000) 05/07 04:05:06 Image size of job updated: 1
	2  -  MemoryUsage of job (MB)
	1684  -  ResidentSetSize of job (KB)
...
006 (382451.000.000) 05/07 04:10:07 Image size of job updated: 1149752
	142  -  MemoryUsage of job (MB)
	144960  -  ResidentSetSize of job (KB)
...
006 (382451.000.000) 05/07 04:15:08 Image size of job updated: 1149756
	148  -  MemoryUsage of job (MB)
	150636  -  ResidentSetSize of job (KB)
...
006 (382451.000.000) 05/07 04:20:08 Image size of job updated: 1150800
	180  -  MemoryUsage of job (MB)
	183748  -  ResidentSetSize of job (KB)
...
006 (382451.000.000) 05/07 04:25:08 Image size of job updated: 1216372
	266  -  MemoryUsage of job (MB)
	272144  -  ResidentSetSize of job (KB)
...
006 (382451.000.000) 05/07 04:30:09 Image size of job updated: 1216628
	270  -  MemoryUsage of job (MB)
	275828  -  ResidentSetSize of job (KB)
...
005 (382451.000.000) 05/07 04:31:40 Job terminated.
	(1) Normal termination (return value 0)
		Usr 0 00:26:12, Sys 0 00:00:26  -  Run Remote Usage
		Usr 0 00:00:00, Sys 0 00:00:00  -  Run Local Usage
		Usr 0 00:26:12, Sys 0 00:00:26  -  Total Remote Usage
		Usr 0 00:00:00, Sys 0 00:00:00  -  Total Local Usage
	0  -  Run Bytes Sent By Job
	0  -  Run Bytes Received By Job
	0  -  Total Bytes Sent By Job
	0  -  Total Bytes Received By Job
	Partitionable Resources :    Usage  Request Allocated
	   Cpus                 :                 1         1
	   Disk (KB)            :        1        1   1678566
	   Gpus                 :                           0
	   Memory (MB)          :      270        1     12899
...
000 (518469.000.000) 05/07 13:18:16 Job submitted from host: <128.83.144.149:44250?addrs=128.83.144.149-44250>
...
001 (518469.000.000) 05/07 13:18:54 Job executing on host: <128.83.144.5:44408?addrs=128.83.144.5-44408>
...
006 (518469.000.000) 05/07 13:19:03 Image size of job updated: 975808
	56  -  MemoryUsage of job (MB)
	56852  -  ResidentSetSize of job (KB)
...
006 (518469.000.000) 05/07 13:23:36 Image size of job updated: 1149744
	56  -  MemoryUsage of job (MB)
	56852  -  ResidentSetSize of job (KB)
...
004 (518469.000.000) 05/07 13:23:36 Job was evicted.
	(0) Job was not checkpointed.
		Usr 0 00:03:19, Sys 0 00:00:05  -  Run Remote Usage
		Usr 0 00:00:00, Sys 0 00:00:00  -  Run Local Usage
	0  -  Run Bytes Sent By Job
	0  -  Run Bytes Received By Job
	Partitionable Resources :    Usage  Request Allocated
	   Cpus                 :                 1         1
	   Disk (KB)            :        1        1    790323
	   Gpus                 :                           0
	   Memory (MB)          :       56        1     12899
...
009 (518469.000.000) 05/07 13:23:37 Job was aborted by the user.
	via condor_rm (by user ypei)
...
000 (518676.000.000) 05/07 13:23:47 Job submitted from host: <128.83.144.149:44250?addrs=128.83.144.149-44250>
...
001 (518676.000.000) 05/07 13:23:54 Job executing on host: <128.83.139.149:35296?addrs=128.83.139.149-35296>
...
006 (518676.000.000) 05/07 13:24:03 Image size of job updated: 340332
	20  -  MemoryUsage of job (MB)
	20152  -  ResidentSetSize of job (KB)
...
006 (518676.000.000) 05/07 13:29:04 Image size of job updated: 1149780
	142  -  MemoryUsage of job (MB)
	145112  -  ResidentSetSize of job (KB)
...
006 (518676.000.000) 05/07 13:34:05 Image size of job updated: 1149876
	152  -  MemoryUsage of job (MB)
	155028  -  ResidentSetSize of job (KB)
...
006 (518676.000.000) 05/07 13:39:05 Image size of job updated: 1216396
	269  -  MemoryUsage of job (MB)
	275228  -  ResidentSetSize of job (KB)
...
005 (518676.000.000) 05/07 13:43:12 Job terminated.
	(1) Normal termination (return value 0)
		Usr 0 00:18:00, Sys 0 00:00:14  -  Run Remote Usage
		Usr 0 00:00:00, Sys 0 00:00:00  -  Run Local Usage
		Usr 0 00:18:00, Sys 0 00:00:14  -  Total Remote Usage
		Usr 0 00:00:00, Sys 0 00:00:00  -  Total Local Usage
	0  -  Run Bytes Sent By Job
	0  -  Run Bytes Received By Job
	0  -  Total Bytes Sent By Job
	0  -  Total Bytes Received By Job
	Partitionable Resources :    Usage  Request Allocated
	   Cpus                 :                 1         1
	   Disk (KB)            :        1        1   7530434
	   Gpus                 :                           0
	   Memory (MB)          :      269        1      4027
...
000 (519090.000.000) 05/07 14:36:26 Job submitted from host: <128.83.144.149:44250?addrs=128.83.144.149-44250>
...
001 (519090.000.000) 05/07 14:36:38 Job executing on host: <128.83.130.161:35317?addrs=128.83.130.161-35317>
...
006 (519090.000.000) 05/07 14:36:46 Image size of job updated: 976184
	57  -  MemoryUsage of job (MB)
	57372  -  ResidentSetSize of job (KB)
...
006 (519090.000.000) 05/07 14:41:46 Image size of job updated: 1149648
	143  -  MemoryUsage of job (MB)
	146088  -  ResidentSetSize of job (KB)
...
006 (519090.000.000) 05/07 14:46:47 Image size of job updated: 1150936
	178  -  MemoryUsage of job (MB)
	181740  -  ResidentSetSize of job (KB)
...
006 (519090.000.000) 05/07 14:51:48 Image size of job updated: 1216516
	270  -  MemoryUsage of job (MB)
	276392  -  ResidentSetSize of job (KB)
...
005 (519090.000.000) 05/07 14:53:30 Job terminated.
	(1) Normal termination (return value 0)
		Usr 0 00:15:53, Sys 0 00:00:10  -  Run Remote Usage
		Usr 0 00:00:00, Sys 0 00:00:00  -  Run Local Usage
		Usr 0 00:15:53, Sys 0 00:00:10  -  Total Remote Usage
		Usr 0 00:00:00, Sys 0 00:00:00  -  Total Local Usage
	0  -  Run Bytes Sent By Job
	0  -  Run Bytes Received By Job
	0  -  Total Bytes Sent By Job
	0  -  Total Bytes Received By Job
	Partitionable Resources :    Usage  Request Allocated
	   Cpus                 :                 1         1
	   Disk (KB)            :        1        1   1909593
	   Gpus                 :                           0
	   Memory (MB)          :      270        1     21164
...
000 (382865.000.000) 05/07 20:16:57 Job submitted from host: <128.83.144.155:57685?addrs=128.83.144.155-57685>
...
001 (382865.000.000) 05/07 20:36:37 Job executing on host: <128.83.139.143:55125?addrs=128.83.139.143-55125>
...
006 (382865.000.000) 05/07 20:36:46 Image size of job updated: 1149552
	107  -  MemoryUsage of job (MB)
	109324  -  ResidentSetSize of job (KB)
...
006 (382865.000.000) 05/07 20:41:47 Image size of job updated: 1149712
	145  -  MemoryUsage of job (MB)
	147628  -  ResidentSetSize of job (KB)
...
006 (382865.000.000) 05/07 20:46:48 Image size of job updated: 1149796
	153  -  MemoryUsage of job (MB)
	155980  -  ResidentSetSize of job (KB)
...
006 (382865.000.000) 05/07 20:51:48 Image size of job updated: 1216324
	266  -  MemoryUsage of job (MB)
	272272  -  ResidentSetSize of job (KB)
...
006 (382865.000.000) 05/07 20:56:36 Image size of job updated: 1216580
	266  -  MemoryUsage of job (MB)
	272272  -  ResidentSetSize of job (KB)
...
005 (382865.000.000) 05/07 20:56:36 Job terminated.
	(1) Normal termination (return value 0)
		Usr 0 00:18:07, Sys 0 00:00:15  -  Run Remote Usage
		Usr 0 00:00:00, Sys 0 00:00:00  -  Run Local Usage
		Usr 0 00:18:07, Sys 0 00:00:15  -  Total Remote Usage
		Usr 0 00:00:00, Sys 0 00:00:00  -  Total Local Usage
	0  -  Run Bytes Sent By Job
	0  -  Run Bytes Received By Job
	0  -  Total Bytes Sent By Job
	0  -  Total Bytes Received By Job
	Partitionable Resources :    Usage  Request Allocated
	   Cpus                 :                 1         1
	   Disk (KB)            :        1        1   7526610
	   Gpus                 :                           0
	   Memory (MB)          :      266        1      4027
...
000 (384107.000.000) 05/08 05:52:59 Job submitted from host: <128.83.144.155:57685?addrs=128.83.144.155-57685>
...
001 (384107.000.000) 05/08 06:15:10 Job executing on host: <128.83.130.161:35317?addrs=128.83.130.161-35317>
...
006 (384107.000.000) 05/08 06:15:19 Image size of job updated: 977868
	56  -  MemoryUsage of job (MB)
	56964  -  ResidentSetSize of job (KB)
...
006 (384107.000.000) 05/08 06:20:20 Image size of job updated: 1150044
	148  -  MemoryUsage of job (MB)
	150932  -  ResidentSetSize of job (KB)
...
006 (384107.000.000) 05/08 06:25:21 Image size of job updated: 1151096
	205  -  MemoryUsage of job (MB)
	208912  -  ResidentSetSize of job (KB)
...
006 (384107.000.000) 05/08 06:30:21 Image size of job updated: 1216656
	273  -  MemoryUsage of job (MB)
	278696  -  ResidentSetSize of job (KB)
...
005 (384107.000.000) 05/08 06:31:24 Job terminated.
	(1) Normal termination (return value 0)
		Usr 0 00:15:18, Sys 0 00:00:09  -  Run Remote Usage
		Usr 0 00:00:00, Sys 0 00:00:00  -  Run Local Usage
		Usr 0 00:15:18, Sys 0 00:00:09  -  Total Remote Usage
		Usr 0 00:00:00, Sys 0 00:00:00  -  Total Local Usage
	0  -  Run Bytes Sent By Job
	0  -  Run Bytes Received By Job
	0  -  Total Bytes Sent By Job
	0  -  Total Bytes Received By Job
	Partitionable Resources :    Usage  Request Allocated
	   Cpus                 :                 1         1
	   Disk (KB)            :        1        1   1909586
	   Gpus                 :                           0
	   Memory (MB)          :      273        1     21164
...
000 (417500.000.000) 05/09 03:37:24 Job submitted from host: <128.83.144.154:52346?addrs=128.83.144.154-52346>
...
001 (417500.000.000) 05/09 03:58:17 Job executing on host: <128.83.139.146:44201?addrs=128.83.139.146-44201>
...
006 (417500.000.000) 05/09 03:58:25 Image size of job updated: 2
	2  -  MemoryUsage of job (MB)
	1636  -  ResidentSetSize of job (KB)
...
006 (417500.000.000) 05/09 04:03:25 Image size of job updated: 1150452
	154  -  MemoryUsage of job (MB)
	157644  -  ResidentSetSize of job (KB)
...
006 (417500.000.000) 05/09 04:08:26 Image size of job updated: 1216456
	278  -  MemoryUsage of job (MB)
	284424  -  ResidentSetSize of job (KB)
...
005 (417500.000.000) 05/09 04:08:37 Job terminated.
	(1) Normal termination (return value 0)
		Usr 0 00:10:10, Sys 0 00:00:07  -  Run Remote Usage
		Usr 0 00:00:00, Sys 0 00:00:00  -  Run Local Usage
		Usr 0 00:10:10, Sys 0 00:00:07  -  Total Remote Usage
		Usr 0 00:00:00, Sys 0 00:00:00  -  Total Local Usage
	0  -  Run Bytes Sent By Job
	0  -  Run Bytes Received By Job
	0  -  Total Bytes Sent By Job
	0  -  Total Bytes Received By Job
	Partitionable Resources :    Usage  Request Allocated
	   Cpus                 :                 1         1
	   Disk (KB)            :        2        2   7541864
	   Gpus                 :                           0
	   Memory (MB)          :      278        1      4027
...
