000 (15005598.000.000) 08/01 18:26:31 Job submitted from host: <128.83.130.153:51299?addrs=128.83.130.153-51299>
...
001 (15005598.000.000) 08/01 18:26:36 Job executing on host: <128.83.130.232:41359?addrs=128.83.130.232-41359>
...
006 (15005598.000.000) 08/01 18:26:36 Image size of job updated: 1
	0  -  MemoryUsage of job (MB)
	0  -  ResidentSetSize of job (KB)
...
005 (15005598.000.000) 08/01 18:26:36 Job terminated.
	(1) Normal termination (return value 126)
		Usr 0 00:00:00, Sys 0 00:00:00  -  Run Remote Usage
		Usr 0 00:00:00, Sys 0 00:00:00  -  Run Local Usage
		Usr 0 00:00:00, Sys 0 00:00:00  -  Total Remote Usage
		Usr 0 00:00:00, Sys 0 00:00:00  -  Total Local Usage
	0  -  Run Bytes Sent By Job
	0  -  Run Bytes Received By Job
	0  -  Total Bytes Sent By Job
	0  -  Total Bytes Received By Job
	Partitionable Resources :    Usage  Request Allocated
	   Cpus                 :                 1         1
	   Disk (KB)            :        1        1    749983
	   Gpus                 :                           0
	   Memory (MB)          :        0        1      4021
...
000 (15005673.000.000) 08/01 18:32:06 Job submitted from host: <128.83.130.153:51299?addrs=128.83.130.153-51299>
...
001 (15005673.000.000) 08/01 18:32:31 Job executing on host: <128.83.130.232:41359?addrs=128.83.130.232-41359>
...
006 (15005673.000.000) 08/01 18:32:40 Image size of job updated: 1
	2  -  MemoryUsage of job (MB)
	1644  -  ResidentSetSize of job (KB)
...
006 (15005673.000.000) 08/01 18:37:41 Image size of job updated: 4662536
	469  -  MemoryUsage of job (MB)
	479256  -  ResidentSetSize of job (KB)
...
006 (15005673.000.000) 08/01 18:42:41 Image size of job updated: 4729752
	690  -  MemoryUsage of job (MB)
	705964  -  ResidentSetSize of job (KB)
...
006 (15005673.000.000) 08/01 18:47:41 Image size of job updated: 4927648
	917  -  MemoryUsage of job (MB)
	938288  -  ResidentSetSize of job (KB)
...
006 (15005673.000.000) 08/01 18:52:42 Image size of job updated: 5061300
	1135  -  MemoryUsage of job (MB)
	1161356  -  ResidentSetSize of job (KB)
...
006 (15005673.000.000) 08/01 18:55:35 Image size of job updated: 5192440
	1135  -  MemoryUsage of job (MB)
	1161356  -  ResidentSetSize of job (KB)
...
005 (15005673.000.000) 08/01 18:55:35 Job terminated.
	(1) Normal termination (return value 0)
		Usr 0 00:21:40, Sys 0 00:00:14  -  Run Remote Usage
		Usr 0 00:00:00, Sys 0 00:00:00  -  Run Local Usage
		Usr 0 00:21:40, Sys 0 00:00:14  -  Total Remote Usage
		Usr 0 00:00:00, Sys 0 00:00:00  -  Total Local Usage
	0  -  Run Bytes Sent By Job
	0  -  Run Bytes Received By Job
	0  -  Total Bytes Sent By Job
	0  -  Total Bytes Received By Job
	Partitionable Resources :    Usage  Request Allocated
	   Cpus                 :                 1         1
	   Disk (KB)            :        1        1    749983
	   Gpus                 :                           0
	   Memory (MB)          :     1135        1      4021
...
