000 (15005816.000.000) 08/01 20:50:09 Job submitted from host: <128.83.130.153:51299?addrs=128.83.130.153-51299>
...
001 (15005816.000.000) 08/01 20:50:14 Job executing on host: <128.83.144.245:52069?addrs=128.83.144.245-52069>
...
006 (15005816.000.000) 08/01 20:50:22 Image size of job updated: 52036
	7  -  MemoryUsage of job (MB)
	6240  -  ResidentSetSize of job (KB)
...
006 (15005816.000.000) 08/01 20:55:22 Image size of job updated: 5408344
	631  -  MemoryUsage of job (MB)
	645488  -  ResidentSetSize of job (KB)
...
006 (15005816.000.000) 08/01 21:00:22 Image size of job updated: 5474852
	818  -  MemoryUsage of job (MB)
	836768  -  ResidentSetSize of job (KB)
...
006 (15005816.000.000) 08/01 21:05:23 Image size of job updated: 5605928
	986  -  MemoryUsage of job (MB)
	1009260  -  ResidentSetSize of job (KB)
...
006 (15005816.000.000) 08/01 21:10:24 Image size of job updated: 5803776
	1202  -  MemoryUsage of job (MB)
	1230140  -  ResidentSetSize of job (KB)
...
006 (15005816.000.000) 08/01 21:13:07 Image size of job updated: 5871060
	1202  -  MemoryUsage of job (MB)
	1230140  -  ResidentSetSize of job (KB)
...
005 (15005816.000.000) 08/01 21:13:07 Job terminated.
	(1) Normal termination (return value 0)
		Usr 0 00:24:32, Sys 0 00:00:25  -  Run Remote Usage
		Usr 0 00:00:00, Sys 0 00:00:00  -  Run Local Usage
		Usr 0 00:24:32, Sys 0 00:00:25  -  Total Remote Usage
		Usr 0 00:00:00, Sys 0 00:00:00  -  Total Local Usage
	0  -  Run Bytes Sent By Job
	0  -  Run Bytes Received By Job
	0  -  Total Bytes Sent By Job
	0  -  Total Bytes Received By Job
	Partitionable Resources :    Usage  Request Allocated
	   Cpus                 :                 1         1
	   Disk (KB)            :        1        1    742630
	   Gpus                 :                           0
	   Memory (MB)          :     1202        1      4021
...
