[SNIPER] Start
Sampler: 4, 4, 32
stlb_cache: 512, 16
stlb_cache_L1: 512, 16
Sampler: 4, 32, 0
itlb_cache: 32, 1
itlb_cache_L1: 32, 1
Sampler: 4, 128, 0
dtlb_cache: 128, 4
dtlb_cache_L1: 128, 4
num_memory_controller = 1
L1-I 2
Sampler: 4, 4, 128
L1-I: 2048, 64
L1-I_L1: 2048, 64
Creating prefetcher object 0 0
Creating prefetcher object 1 0
Creating prefetcher object 2 0
Creating prefetcher object 3 0
L1-D 3
Sampler: 4, 8, 20
L1-D: 400, 20
L1-D_L1: 400, 20
Creating prefetcher object 0 0
Creating prefetcher object 1 0
Creating prefetcher object 2 0
Creating prefetcher object 3 0
L2 4
Sampler: 25f, 10, d
L2: 20000, 1000
L2_L1: 20000, 1000
HybridPrefetcher0 running
Creating prefetcher object 0 0x1811f20
HybridPrefetcher0 running
Creating prefetcher object 1 0xf71ee0
HybridPrefetcher0 running
Creating prefetcher object 2 0x1817080
HybridPrefetcher0 running
Creating prefetcher object 3 0x1819950
Sampler: 4, 4, 20
stlb_cache: 200, 10
stlb_cache_L1: 200, 10
Sampler: 4, 20, 0
itlb_cache: 20, 1
itlb_cache_L1: 20, 1
Sampler: 4, 80, 0
dtlb_cache: 80, 4
dtlb_cache_L1: 80, 4
num_memory_controller = 1
L1-I 2
Sampler: 4, 4, 80
L1-I: 800, 40
L1-I_L1: 800, 40
Creating prefetcher object 0 0
Creating prefetcher object 1 0
Creating prefetcher object 2 0
Creating prefetcher object 3 0
L1-D 3
Sampler: 4, 8, 20
L1-D: 400, 20
L1-D_L1: 400, 20
Creating prefetcher object 0 0
Creating prefetcher object 1 0
Creating prefetcher object 2 0
Creating prefetcher object 3 0
L2 4
Sampler: 4, 4, 20
stlb_cache: 200, 10
stlb_cache_L1: 200, 10
Sampler: 4, 20, 0
itlb_cache: 20, 1
itlb_cache_L1: 20, 1
Sampler: 4, 80, 0
dtlb_cache: 80, 4
dtlb_cache_L1: 80, 4
num_memory_controller = 1
L1-I 2
Sampler: 4, 4, 80
L1-I: 800, 40
L1-I_L1: 800, 40
Creating prefetcher object 0 0
Creating prefetcher object 1 0
Creating prefetcher object 2 0
Creating prefetcher object 3 0
L1-D 3
Sampler: 4, 8, 20
L1-D: 400, 20
L1-D_L1: 400, 20
Creating prefetcher object 0 0
Creating prefetcher object 1 0
Creating prefetcher object 2 0
Creating prefetcher object 3 0
L2 4
Sampler: 4, 4, 20
stlb_cache: 200, 10
stlb_cache_L1: 200, 10
Sampler: 4, 20, 0
itlb_cache: 20, 1
itlb_cache_L1: 20, 1
Sampler: 4, 80, 0
dtlb_cache: 80, 4
dtlb_cache_L1: 80, 4
num_memory_controller = 1
L1-I 2
Sampler: 4, 4, 80
L1-I: 800, 40
L1-I_L1: 800, 40
Creating prefetcher object 0 0
Creating prefetcher object 1 0
Creating prefetcher object 2 0
Creating prefetcher object 3 0
L1-D 3
Sampler: 4, 8, 20
L1-D: 400, 20
L1-D_L1: 400, 20
Creating prefetcher object 0 0
Creating prefetcher object 1 0
Creating prefetcher object 2 0
Creating prefetcher object 3 0
L2 4
[SNIPER] --------------------------------------------------------------------------------
[SNIPER] Sniper using SIFT/trace-driven frontend
[SNIPER] Running full application in DETAILED mode
[SNIPER] --------------------------------------------------------------------------------
[SNIPER] Enabling performance models
[SNIPER] Setting instrumentation mode to DETAILED
0	1
0	3
0	3
0	3
1	47643
1	49163
1	22225
1	4509
phase = 0
phase = 0
2	41526
2	42457
2	22106
2	5106
phase = 0
3	47151
3	24004
3	48228
3	5914
phase = 1
phase = 1
4	46346
4	46346
4	23896
4	6463
phase = 1
5	46701
5	47222
5	24480
5	5706
phase = 2
phase = 2
6	4742
6	47869
6	37537
6	37972
phase = 2
7	29032
7	29050
7	58416
7	9101
phase = 3
8	38428
8	38234
8	45110
8	6074
phase = 3
phase = 3
phase = 4
9	6772
9	41858
9	40796
9	44631
a	44590
a	44328
a	7400
a	43345
phase = 4
phase = 4
phase = 5
b	44742
b	45286
b	44856
b	6791
phase = 5
phase = 5
c	32724
c	32424
c	43156
c	4344
phase = 6
d	27883
d	42549
d	4523
d	27932
phase = 6
phase = 6
phase = 7
e	34680
e	33680
e	43670
e	5392
phase = 7
phase = 7
f	44554
f	44860
f	45954
f	6447
phase = 8
10	42595
10	44024
10	40809
10	9504
phase = 8
phase = 8
phase = 9
11	44142
11	42055
11	44929
11	8320
phase = 10
phase = 9
phase = 9
12	42371
12	41178
12	41152
12	8850
phase = 11
13	41266
13	40705
13	43834
13	8934
phase = 10
phase = 10
------------------------------------------------------------
Segmentation fault. Access Address = 0x1209a2b989ee

Backtrace:
    hashtable_policy.h:std::__detail::_Hash_code_base<unsigned long, std::pair<unsigned long const, ParametricDramDirectoryMSI::MshrEntry>, std::__detail::_Select1st, std::hash<unsigned long>, std::__detail::_Mod_range_hashing, std::__detail::_Default_ranged_hash, false>::_M_bucket_index:1028
    cache_cntlr.cc:ParametricDramDirectoryMSI::CacheCntlr::Prefetch:1002
    stl_vector.h:~_Vector_base:161
    cache_cntlr.cc:ParametricDramDirectoryMSI::CacheCntlr::processMemOpFromCore:572
    memory_manager.cc:ParametricDramDirectoryMSI::MemoryManager::coreInitiateMemoryAccess:446
    core.cc:Core::initiateMemoryAccess:383
    core.cc:Core::accessMemory:483
    dynamic_instruction.cc:DynamicInstruction::accessMemory:59 (discriminator 6)
    micro_op_performance_model.cc:MicroOpPerformanceModel::handleInstruction:228
    performance_model.cc:PerformanceModel::iterate:309
    subsecond_time.h:SubsecondTime:70
    pthread_thread.cc:PthreadThread::spawnedThreadFunc:21
    ??:??:0
    ??:??:0
------------------------------------------------------------
[SNIPER] End
[SNIPER] Elapsed time: 1387.26 seconds
