000 (15005694.000.000) 08/01 19:38:46 Job submitted from host: <128.83.130.153:51299?addrs=128.83.130.153-51299>
...
001 (15005694.000.000) 08/01 19:39:09 Job executing on host: <128.83.120.75:36144?addrs=128.83.120.75-36144>
...
006 (15005694.000.000) 08/01 19:39:18 Image size of job updated: 3375888
	185  -  MemoryUsage of job (MB)
	188632  -  ResidentSetSize of job (KB)
...
006 (15005694.000.000) 08/01 19:44:19 Image size of job updated: 4021756
	403  -  MemoryUsage of job (MB)
	412576  -  ResidentSetSize of job (KB)
...
006 (15005694.000.000) 08/01 19:49:20 Image size of job updated: 4023632
	478  -  MemoryUsage of job (MB)
	488460  -  ResidentSetSize of job (KB)
...
006 (15005694.000.000) 08/01 19:54:20 Image size of job updated: 4090552
	538  -  MemoryUsage of job (MB)
	550896  -  ResidentSetSize of job (KB)
...
006 (15005694.000.000) 08/01 19:59:20 Image size of job updated: 4158736
	604  -  MemoryUsage of job (MB)
	617916  -  ResidentSetSize of job (KB)
...
006 (15005694.000.000) 08/01 20:02:17 Image size of job updated: 4158760
	604  -  MemoryUsage of job (MB)
	617916  -  ResidentSetSize of job (KB)
...
005 (15005694.000.000) 08/01 20:02:17 Job terminated.
	(1) Normal termination (return value 0)
		Usr 0 00:23:22, Sys 0 00:00:28  -  Run Remote Usage
		Usr 0 00:00:00, Sys 0 00:00:00  -  Run Local Usage
		Usr 0 00:23:22, Sys 0 00:00:28  -  Total Remote Usage
		Usr 0 00:00:00, Sys 0 00:00:00  -  Total Local Usage
	0  -  Run Bytes Sent By Job
	0  -  Run Bytes Received By Job
	0  -  Total Bytes Sent By Job
	0  -  Total Bytes Received By Job
	Partitionable Resources :    Usage  Request Allocated
	   Cpus                 :                 1         1
	   Disk (KB)            :        1        1   8862903
	   Gpus                 :                           0
	   Memory (MB)          :      604        1      4028
...
