000 (516017.000.000) 05/05 17:13:12 Job submitted from host: <128.83.144.149:44250?addrs=128.83.144.149-44250>
...
001 (516017.000.000) 05/05 17:13:31 Job executing on host: <128.83.120.229:58979?addrs=128.83.120.229-58979>
...
006 (516017.000.000) 05/05 17:13:40 Image size of job updated: 2457248
	56  -  MemoryUsage of job (MB)
	56728  -  ResidentSetSize of job (KB)
...
006 (516017.000.000) 05/05 17:14:28 Image size of job updated: 2458780
	56  -  MemoryUsage of job (MB)
	56728  -  ResidentSetSize of job (KB)
...
004 (516017.000.000) 05/05 17:14:28 Job was evicted.
	(0) Job was not checkpointed.
		Usr 0 00:00:00, Sys 0 00:00:00  -  Run Remote Usage
		Usr 0 00:00:00, Sys 0 00:00:00  -  Run Local Usage
	0  -  Run Bytes Sent By Job
	0  -  Run Bytes Received By Job
	Partitionable Resources :    Usage  Request Allocated
	   Cpus                 :                 1         1
	   Disk (KB)            :        1        1    828970
	   Gpus                 :                           0
	   Memory (MB)          :       56        1     12899
...
009 (516017.000.000) 05/05 17:14:28 Job was aborted by the user.
	via condor_rm (by user ypei)
...
000 (516242.000.000) 05/05 17:14:55 Job submitted from host: <128.83.144.149:44250?addrs=128.83.144.149-44250>
...
001 (516242.000.000) 05/05 17:15:03 Job executing on host: <128.83.139.15:46714?addrs=128.83.139.15-46714>
...
006 (516242.000.000) 05/05 17:15:12 Image size of job updated: 340324
	21  -  MemoryUsage of job (MB)
	21228  -  ResidentSetSize of job (KB)
...
006 (516242.000.000) 05/05 17:18:13 Image size of job updated: 2627872
	21  -  MemoryUsage of job (MB)
	21228  -  ResidentSetSize of job (KB)
...
004 (516242.000.000) 05/05 17:18:13 Job was evicted.
	(0) Job was not checkpointed.
		Usr 0 00:01:10, Sys 0 00:00:01  -  Run Remote Usage
		Usr 0 00:00:00, Sys 0 00:00:00  -  Run Local Usage
	0  -  Run Bytes Sent By Job
	0  -  Run Bytes Received By Job
	Partitionable Resources :    Usage  Request Allocated
	   Cpus                 :                 1         1
	   Disk (KB)            :        1        1   1684662
	   Gpus                 :                           0
	   Memory (MB)          :       21        1     12899
...
009 (516242.000.000) 05/05 17:18:13 Job was aborted by the user.
	via condor_rm (by user ypei)
...
000 (516449.000.000) 05/05 17:18:25 Job submitted from host: <128.83.144.149:44250?addrs=128.83.144.149-44250>
...
001 (516449.000.000) 05/05 17:18:32 Job executing on host: <128.83.139.15:46714?addrs=128.83.139.15-46714>
...
006 (516449.000.000) 05/05 17:18:40 Image size of job updated: 2457248
	56  -  MemoryUsage of job (MB)
	56748  -  ResidentSetSize of job (KB)
...
006 (516449.000.000) 05/05 17:21:22 Image size of job updated: 2627872
	142  -  MemoryUsage of job (MB)
	144840  -  ResidentSetSize of job (KB)
...
004 (516449.000.000) 05/05 17:21:22 Job was evicted.
	(0) Job was not checkpointed.
		Usr 0 00:01:16, Sys 0 00:00:01  -  Run Remote Usage
		Usr 0 00:00:00, Sys 0 00:00:00  -  Run Local Usage
	0  -  Run Bytes Sent By Job
	0  -  Run Bytes Received By Job
	Partitionable Resources :    Usage  Request Allocated
	   Cpus                 :                 1         1
	   Disk (KB)            :        1        1   1684662
	   Gpus                 :                           0
	   Memory (MB)          :      142        1     12899
...
009 (516449.000.000) 05/05 17:21:22 Job was aborted by the user.
	via condor_rm (by user ypei)
...
000 (517070.000.000) 05/05 17:21:50 Job submitted from host: <128.83.144.149:44250?addrs=128.83.144.149-44250>
...
001 (517070.000.000) 05/05 17:21:55 Job executing on host: <128.83.144.13:57145?addrs=128.83.144.13-57145>
...
006 (517070.000.000) 05/05 17:22:03 Image size of job updated: 119236
	11  -  MemoryUsage of job (MB)
	10288  -  ResidentSetSize of job (KB)
...
006 (517070.000.000) 05/05 17:27:03 Image size of job updated: 2627872
	159  -  MemoryUsage of job (MB)
	162592  -  ResidentSetSize of job (KB)
...
006 (517070.000.000) 05/05 17:32:03 Image size of job updated: 2627872
	191  -  MemoryUsage of job (MB)
	195196  -  ResidentSetSize of job (KB)
...
006 (517070.000.000) 05/05 17:37:05 Image size of job updated: 2693408
	241  -  MemoryUsage of job (MB)
	246320  -  ResidentSetSize of job (KB)
...
006 (517070.000.000) 05/05 17:40:09 Image size of job updated: 2693664
	241  -  MemoryUsage of job (MB)
	246320  -  ResidentSetSize of job (KB)
...
005 (517070.000.000) 05/05 17:40:09 Job terminated.
	(1) Normal termination (return value 0)
		Usr 0 00:16:53, Sys 0 00:00:12  -  Run Remote Usage
		Usr 0 00:00:00, Sys 0 00:00:00  -  Run Local Usage
		Usr 0 00:16:53, Sys 0 00:00:12  -  Total Remote Usage
		Usr 0 00:00:00, Sys 0 00:00:00  -  Total Local Usage
	0  -  Run Bytes Sent By Job
	0  -  Run Bytes Received By Job
	0  -  Total Bytes Sent By Job
	0  -  Total Bytes Received By Job
	Partitionable Resources :    Usage  Request Allocated
	   Cpus                 :                 1         1
	   Disk (KB)            :        1        1    824398
	   Gpus                 :                           0
	   Memory (MB)          :      241        1     12899
...
000 (518105.000.000) 05/06 21:33:06 Job submitted from host: <128.83.144.149:44250?addrs=128.83.144.149-44250>
...
001 (518105.000.000) 05/06 21:33:15 Job executing on host: <128.83.139.14:44306?addrs=128.83.139.14-44306>
...
006 (518105.000.000) 05/06 21:33:24 Image size of job updated: 2457248
	56  -  MemoryUsage of job (MB)
	56760  -  ResidentSetSize of job (KB)
...
006 (518105.000.000) 05/06 21:33:46 Image size of job updated: 2459308
	56  -  MemoryUsage of job (MB)
	56760  -  ResidentSetSize of job (KB)
...
004 (518105.000.000) 05/06 21:33:46 Job was evicted.
	(0) Job was not checkpointed.
		Usr 0 00:00:00, Sys 0 00:00:00  -  Run Remote Usage
		Usr 0 00:00:00, Sys 0 00:00:00  -  Run Local Usage
	0  -  Run Bytes Sent By Job
	0  -  Run Bytes Received By Job
	Partitionable Resources :    Usage  Request Allocated
	   Cpus                 :                 1         1
	   Disk (KB)            :        1        1   1675522
	   Gpus                 :                           0
	   Memory (MB)          :       56        1     12899
...
009 (518105.000.000) 05/06 21:33:47 Job was aborted by the user.
	via condor_rm (by user ypei)
...
000 (518312.000.000) 05/06 21:34:14 Job submitted from host: <128.83.144.149:44250?addrs=128.83.144.149-44250>
...
001 (518312.000.000) 05/06 21:34:25 Job executing on host: <128.83.144.13:57145?addrs=128.83.144.13-57145>
...
006 (518312.000.000) 05/06 21:34:34 Image size of job updated: 340460
	21  -  MemoryUsage of job (MB)
	21288  -  ResidentSetSize of job (KB)
...
006 (518312.000.000) 05/06 21:39:35 Image size of job updated: 2628040
	151  -  MemoryUsage of job (MB)
	153900  -  ResidentSetSize of job (KB)
...
006 (518312.000.000) 05/06 21:44:35 Image size of job updated: 2628040
	173  -  MemoryUsage of job (MB)
	177040  -  ResidentSetSize of job (KB)
...
006 (518312.000.000) 05/06 21:49:35 Image size of job updated: 2693576
	198  -  MemoryUsage of job (MB)
	202316  -  ResidentSetSize of job (KB)
...
006 (518312.000.000) 05/06 21:54:36 Image size of job updated: 2693832
	241  -  MemoryUsage of job (MB)
	246064  -  ResidentSetSize of job (KB)
...
005 (518312.000.000) 05/06 21:59:03 Job terminated.
	(1) Normal termination (return value 0)
		Usr 0 00:23:01, Sys 0 00:00:25  -  Run Remote Usage
		Usr 0 00:00:00, Sys 0 00:00:00  -  Run Local Usage
		Usr 0 00:23:01, Sys 0 00:00:25  -  Total Remote Usage
		Usr 0 00:00:00, Sys 0 00:00:00  -  Total Local Usage
	0  -  Run Bytes Sent By Job
	0  -  Run Bytes Received By Job
	0  -  Total Bytes Sent By Job
	0  -  Total Bytes Received By Job
	Partitionable Resources :    Usage  Request Allocated
	   Cpus                 :                 1         1
	   Disk (KB)            :        1        1    797355
	   Gpus                 :                           0
	   Memory (MB)          :      241        1     12899
...
000 (381880.000.000) 05/07 00:29:05 Job submitted from host: <128.83.144.155:57685?addrs=128.83.144.155-57685>
...
001 (381880.000.000) 05/07 00:29:21 Job executing on host: <128.83.144.13:57145?addrs=128.83.144.13-57145>
...
006 (381880.000.000) 05/07 00:29:29 Image size of job updated: 2457388
	52  -  MemoryUsage of job (MB)
	52676  -  ResidentSetSize of job (KB)
...
006 (381880.000.000) 05/07 00:34:29 Image size of job updated: 2628044
	148  -  MemoryUsage of job (MB)
	151192  -  ResidentSetSize of job (KB)
...
006 (381880.000.000) 05/07 00:39:30 Image size of job updated: 2628044
	170  -  MemoryUsage of job (MB)
	173248  -  ResidentSetSize of job (KB)
...
006 (381880.000.000) 05/07 00:44:31 Image size of job updated: 2628044
	190  -  MemoryUsage of job (MB)
	194168  -  ResidentSetSize of job (KB)
...
006 (381880.000.000) 05/07 00:49:31 Image size of job updated: 2693836
	234  -  MemoryUsage of job (MB)
	239156  -  ResidentSetSize of job (KB)
...
006 (381880.000.000) 05/07 00:54:32 Image size of job updated: 2693836
	256  -  MemoryUsage of job (MB)
	261564  -  ResidentSetSize of job (KB)
...
005 (381880.000.000) 05/07 00:55:07 Job terminated.
	(1) Normal termination (return value 0)
		Usr 0 00:24:11, Sys 0 00:00:27  -  Run Remote Usage
		Usr 0 00:00:00, Sys 0 00:00:00  -  Run Local Usage
		Usr 0 00:24:11, Sys 0 00:00:27  -  Total Remote Usage
		Usr 0 00:00:00, Sys 0 00:00:00  -  Total Local Usage
	0  -  Run Bytes Sent By Job
	0  -  Run Bytes Received By Job
	0  -  Total Bytes Sent By Job
	0  -  Total Bytes Received By Job
	Partitionable Resources :    Usage  Request Allocated
	   Cpus                 :                 1         1
	   Disk (KB)            :        1        1    797354
	   Gpus                 :                           0
	   Memory (MB)          :      256        1     12899
...
