000 (515906.000.000) 05/05 17:12:17 Job submitted from host: <128.83.144.149:44250?addrs=128.83.144.149-44250>
...
001 (515906.000.000) 05/05 17:12:27 Job executing on host: <128.83.144.147:58788?addrs=128.83.144.147-58788>
...
006 (515906.000.000) 05/05 17:12:35 Image size of job updated: 340488
	22  -  MemoryUsage of job (MB)
	21544  -  ResidentSetSize of job (KB)
...
006 (515906.000.000) 05/05 17:12:50 Image size of job updated: 1094796
	22  -  MemoryUsage of job (MB)
	21544  -  ResidentSetSize of job (KB)
...
004 (515906.000.000) 05/05 17:12:50 Job was evicted.
	(0) Job was not checkpointed.
		Usr 0 00:00:00, Sys 0 00:00:00  -  Run Remote Usage
		Usr 0 00:00:00, Sys 0 00:00:00  -  Run Local Usage
	0  -  Run Bytes Sent By Job
	0  -  Run Bytes Received By Job
	Partitionable Resources :    Usage  Request Allocated
	   Cpus                 :                 1         1
	   Disk (KB)            :        1        1   1883947
	   Gpus                 :                           0
	   Memory (MB)          :       22        1     21164
...
009 (515906.000.000) 05/05 17:12:51 Job was aborted by the user.
	via condor_rm (by user ypei)
...
000 (515936.000.000) 05/05 17:13:06 Job submitted from host: <128.83.144.149:44250?addrs=128.83.144.149-44250>
...
001 (515936.000.000) 05/05 17:13:30 Job executing on host: <128.83.144.147:58788?addrs=128.83.144.147-58788>
...
006 (515936.000.000) 05/05 17:13:39 Image size of job updated: 1
	2  -  MemoryUsage of job (MB)
	1632  -  ResidentSetSize of job (KB)
...
006 (515936.000.000) 05/05 17:14:27 Image size of job updated: 1090180
	2  -  MemoryUsage of job (MB)
	1632  -  ResidentSetSize of job (KB)
...
004 (515936.000.000) 05/05 17:14:27 Job was evicted.
	(0) Job was not checkpointed.
		Usr 0 00:00:00, Sys 0 00:00:00  -  Run Remote Usage
		Usr 0 00:00:00, Sys 0 00:00:00  -  Run Local Usage
	0  -  Run Bytes Sent By Job
	0  -  Run Bytes Received By Job
	Partitionable Resources :    Usage  Request Allocated
	   Cpus                 :                 1         1
	   Disk (KB)            :        1        1   1883947
	   Gpus                 :                           0
	   Memory (MB)          :        2        1     21164
...
009 (515936.000.000) 05/05 17:14:28 Job was aborted by the user.
	via condor_rm (by user ypei)
...
000 (516161.000.000) 05/05 17:14:48 Job submitted from host: <128.83.144.149:44250?addrs=128.83.144.149-44250>
...
001 (516161.000.000) 05/05 17:14:57 Job executing on host: <128.83.144.147:58788?addrs=128.83.144.147-58788>
...
006 (516161.000.000) 05/05 17:15:05 Image size of job updated: 1089672
	56  -  MemoryUsage of job (MB)
	56788  -  ResidentSetSize of job (KB)
...
006 (516161.000.000) 05/05 17:18:12 Image size of job updated: 1261336
	56  -  MemoryUsage of job (MB)
	56788  -  ResidentSetSize of job (KB)
...
004 (516161.000.000) 05/05 17:18:12 Job was evicted.
	(0) Job was not checkpointed.
		Usr 0 00:01:03, Sys 0 00:00:01  -  Run Remote Usage
		Usr 0 00:00:00, Sys 0 00:00:00  -  Run Local Usage
	0  -  Run Bytes Sent By Job
	0  -  Run Bytes Received By Job
	Partitionable Resources :    Usage  Request Allocated
	   Cpus                 :                 1         1
	   Disk (KB)            :        1        1   1883934
	   Gpus                 :                           0
	   Memory (MB)          :       56        1     21164
...
009 (516161.000.000) 05/05 17:18:12 Job was aborted by the user.
	via condor_rm (by user ypei)
...
000 (516368.000.000) 05/05 17:18:18 Job submitted from host: <128.83.144.149:44250?addrs=128.83.144.149-44250>
...
001 (516368.000.000) 05/05 17:18:28 Job executing on host: <128.83.120.230:37764?addrs=128.83.120.230-37764>
...
006 (516368.000.000) 05/05 17:18:38 Image size of job updated: 1090180
	54  -  MemoryUsage of job (MB)
	55272  -  ResidentSetSize of job (KB)
...
006 (516368.000.000) 05/05 17:21:21 Image size of job updated: 1261308
	54  -  MemoryUsage of job (MB)
	55272  -  ResidentSetSize of job (KB)
...
004 (516368.000.000) 05/05 17:21:21 Job was evicted.
	(0) Job was not checkpointed.
		Usr 0 00:01:22, Sys 0 00:00:01  -  Run Remote Usage
		Usr 0 00:00:00, Sys 0 00:00:00  -  Run Local Usage
	0  -  Run Bytes Sent By Job
	0  -  Run Bytes Received By Job
	Partitionable Resources :    Usage  Request Allocated
	   Cpus                 :                 1         1
	   Disk (KB)            :        1        1    827433
	   Gpus                 :                           0
	   Memory (MB)          :       54        1     12899
...
009 (516368.000.000) 05/05 17:21:21 Job was aborted by the user.
	via condor_rm (by user ypei)
...
000 (516989.000.000) 05/05 17:21:40 Job submitted from host: <128.83.144.149:44250?addrs=128.83.144.149-44250>
...
001 (516989.000.000) 05/05 17:21:49 Job executing on host: <128.83.144.29:41674?addrs=128.83.144.29-41674>
...
006 (516989.000.000) 05/05 17:21:58 Image size of job updated: 32452
	6  -  MemoryUsage of job (MB)
	5268  -  ResidentSetSize of job (KB)
...
006 (516989.000.000) 05/05 17:26:59 Image size of job updated: 1261568
	275  -  MemoryUsage of job (MB)
	281492  -  ResidentSetSize of job (KB)
...
006 (516989.000.000) 05/05 17:31:59 Image size of job updated: 1261568
	285  -  MemoryUsage of job (MB)
	291008  -  ResidentSetSize of job (KB)
...
006 (516989.000.000) 05/05 17:36:59 Image size of job updated: 1327104
	290  -  MemoryUsage of job (MB)
	296844  -  ResidentSetSize of job (KB)
...
005 (516989.000.000) 05/05 17:40:48 Job terminated.
	(1) Normal termination (return value 0)
		Usr 0 00:17:56, Sys 0 00:00:19  -  Run Remote Usage
		Usr 0 00:00:00, Sys 0 00:00:00  -  Run Local Usage
		Usr 0 00:17:56, Sys 0 00:00:19  -  Total Remote Usage
		Usr 0 00:00:00, Sys 0 00:00:00  -  Total Local Usage
	0  -  Run Bytes Sent By Job
	0  -  Run Bytes Received By Job
	0  -  Total Bytes Sent By Job
	0  -  Total Bytes Received By Job
	Partitionable Resources :    Usage  Request Allocated
	   Cpus                 :                 1         1
	   Disk (KB)            :        1        1   1214297
	   Gpus                 :                           0
	   Memory (MB)          :      290        1     10751
...
000 (518024.000.000) 05/06 21:33:00 Job submitted from host: <128.83.144.149:44250?addrs=128.83.144.149-44250>
...
001 (518024.000.000) 05/06 21:33:10 Job executing on host: <128.83.144.147:58788?addrs=128.83.144.147-58788>
...
006 (518024.000.000) 05/06 21:33:18 Image size of job updated: 1091068
	57  -  MemoryUsage of job (MB)
	58356  -  ResidentSetSize of job (KB)
...
006 (518024.000.000) 05/06 21:33:45 Image size of job updated: 1095192
	57  -  MemoryUsage of job (MB)
	58356  -  ResidentSetSize of job (KB)
...
004 (518024.000.000) 05/06 21:33:45 Job was evicted.
	(0) Job was not checkpointed.
		Usr 0 00:00:00, Sys 0 00:00:00  -  Run Remote Usage
		Usr 0 00:00:00, Sys 0 00:00:00  -  Run Local Usage
	0  -  Run Bytes Sent By Job
	0  -  Run Bytes Received By Job
	Partitionable Resources :    Usage  Request Allocated
	   Cpus                 :                 1         1
	   Disk (KB)            :        1        1   1862094
	   Gpus                 :                           0
	   Memory (MB)          :       57        1     21164
...
009 (518024.000.000) 05/06 21:33:46 Job was aborted by the user.
	via condor_rm (by user ypei)
...
000 (518231.000.000) 05/06 21:34:08 Job submitted from host: <128.83.144.149:44250?addrs=128.83.144.149-44250>
...
001 (518231.000.000) 05/06 21:34:18 Job executing on host: <128.83.120.128:51378?addrs=128.83.120.128-51378>
...
006 (518231.000.000) 05/06 21:34:27 Image size of job updated: 1090180
	56  -  MemoryUsage of job (MB)
	57296  -  ResidentSetSize of job (KB)
...
006 (518231.000.000) 05/06 21:39:28 Image size of job updated: 1261600
	269  -  MemoryUsage of job (MB)
	274464  -  ResidentSetSize of job (KB)
...
006 (518231.000.000) 05/06 21:44:28 Image size of job updated: 1261600
	277  -  MemoryUsage of job (MB)
	282976  -  ResidentSetSize of job (KB)
...
006 (518231.000.000) 05/06 21:49:28 Image size of job updated: 1261600
	283  -  MemoryUsage of job (MB)
	288904  -  ResidentSetSize of job (KB)
...
006 (518231.000.000) 05/06 21:54:29 Image size of job updated: 1261604
	287  -  MemoryUsage of job (MB)
	293140  -  ResidentSetSize of job (KB)
...
006 (518231.000.000) 05/06 21:59:30 Image size of job updated: 1327392
	291  -  MemoryUsage of job (MB)
	297488  -  ResidentSetSize of job (KB)
...
006 (518231.000.000) 05/06 22:04:30 Image size of job updated: 1327392
	294  -  MemoryUsage of job (MB)
	300144  -  ResidentSetSize of job (KB)
...
005 (518231.000.000) 05/06 22:05:01 Job terminated.
	(1) Normal termination (return value 0)
		Usr 0 00:28:38, Sys 0 00:00:35  -  Run Remote Usage
		Usr 0 00:00:00, Sys 0 00:00:00  -  Run Local Usage
		Usr 0 00:28:38, Sys 0 00:00:35  -  Total Remote Usage
		Usr 0 00:00:00, Sys 0 00:00:00  -  Total Local Usage
	0  -  Run Bytes Sent By Job
	0  -  Run Bytes Received By Job
	0  -  Total Bytes Sent By Job
	0  -  Total Bytes Received By Job
	Partitionable Resources :    Usage  Request Allocated
	   Cpus                 :                 1         1
	   Disk (KB)            :        1        1    803077
	   Gpus                 :                           0
	   Memory (MB)          :      294        1     12899
...
000 (381799.000.000) 05/07 00:28:59 Job submitted from host: <128.83.144.155:57685?addrs=128.83.144.155-57685>
...
001 (381799.000.000) 05/07 00:29:14 Job executing on host: <128.83.139.9:47643?addrs=128.83.139.9-47643>
...
006 (381799.000.000) 05/07 00:29:22 Image size of job updated: 1090496
	55  -  MemoryUsage of job (MB)
	55944  -  ResidentSetSize of job (KB)
...
006 (381799.000.000) 05/07 00:34:22 Image size of job updated: 1261464
	263  -  MemoryUsage of job (MB)
	268352  -  ResidentSetSize of job (KB)
...
006 (381799.000.000) 05/07 00:39:22 Image size of job updated: 1261464
	264  -  MemoryUsage of job (MB)
	270296  -  ResidentSetSize of job (KB)
...
006 (381799.000.000) 05/07 00:44:23 Image size of job updated: 1261464
	266  -  MemoryUsage of job (MB)
	271404  -  ResidentSetSize of job (KB)
...
006 (381799.000.000) 05/07 00:49:23 Image size of job updated: 1261720
	266  -  MemoryUsage of job (MB)
	272160  -  ResidentSetSize of job (KB)
...
006 (381799.000.000) 05/07 00:54:23 Image size of job updated: 1261720
	267  -  MemoryUsage of job (MB)
	272816  -  ResidentSetSize of job (KB)
...
006 (381799.000.000) 05/07 00:59:24 Image size of job updated: 1261720
	268  -  MemoryUsage of job (MB)
	273464  -  ResidentSetSize of job (KB)
...
005 (381799.000.000) 05/07 01:01:48 Job terminated.
	(1) Normal termination (return value 0)
		Usr 0 00:31:15, Sys 0 00:00:27  -  Run Remote Usage
		Usr 0 00:00:00, Sys 0 00:00:00  -  Run Local Usage
		Usr 0 00:31:15, Sys 0 00:00:27  -  Total Remote Usage
		Usr 0 00:00:00, Sys 0 00:00:00  -  Total Local Usage
	0  -  Run Bytes Sent By Job
	0  -  Run Bytes Received By Job
	0  -  Total Bytes Sent By Job
	0  -  Total Bytes Received By Job
	Partitionable Resources :    Usage  Request Allocated
	   Cpus                 :                 1         1
	   Disk (KB)            :        1        1   1678561
	   Gpus                 :                           0
	   Memory (MB)          :      268        1     12899
...
