[SNIPER] Start
Sampler: 4, 32, 0
itlb_cache: 32, 1
itlb_cache_L1: 32, 1
Sampler: 4, 128, 0
dtlb_cache: 128, 4
dtlb_cache_L1: 128, 4
L1-I 2
Sampler: 4, 4, 128
L1-I: 2048, 64
L1-I_L1: 2048, 64
L1-D 3
Sampler: 4, 8, 32
L1-D: 1024, 32
L1-D_L1: 1024, 32
L2 4
Sampler: 122, 16, 16
L2: 32768, 1024
L2_L1: 32768, 1024
Executing Python script /v/filer4b/v20q001/ypei/Desktop/cs395t-lin/output/run_all_hybrid_headroom2/sphinx3/15/sim.scripts.py
[STOPBYICOUNT] Starting in ROI (detail)
[STOPBYICOUNT] Then stopping after simulating at least 250000000 instructions in detail
[SNIPER] --------------------------------------------------------------------------------
[SNIPER] Sniper using SIFT/trace-driven frontend
[SNIPER] Running full application in DETAILED mode
[SNIPER] --------------------------------------------------------------------------------
[SNIPER] Enabling performance models
[SNIPER] Setting instrumentation mode to DETAILED
[STOPBYICOUNT] Ending ROI after 250000014 instructions (250000000 requested)
[SNIPER] Disabling performance models
[SNIPER] Leaving ROI after 1157.70 seconds
[SNIPER] Simulated 250.0M instructions, 227.5M cycles, 1.10 IPC
[SNIPER] Simulation speed 215.9 KIPS (215.9 KIPS / target core - 4630.8ns/instr)
[SNIPER] Setting instrumentation mode to FAST_FORWARD
[app0] [SIFT_RECORDER] sift_writer.cc:550: Sift::Mode Sift::Writer::Sync(): Assertion `!response->fail()' failed.
Hawkeye Victims: 0
LRU Victims: 0
Hawkeye Victims: 0
LRU Victims: 0
Hawkeye Victims: 0
LRU Victims: 0
a test for execution

Inserted: 0
Redundant.progress: 0
Redundant.cache: 0
Redundant.buffer: 0
Hawkeye Victims: 0
LRU Victims: 0
a test for execution

Inserted: 0
Redundant.progress: 0
Redundant.cache: 0
Redundant.buffer: 0
Hawkeye Victims: 0
LRU Victims: 0
[app0] Pin app terminated abnormally due to signal 6.
 =========================================================== 
Triggers: 4155848
Repeats: 0

Same addr: 3186583 76.6771
New addr: 583 0.0140284

Distribution of new addresses: 
Stream Head: 345 59.1767
Stream Divergence: 536998 92109.4

Invalidation count: 834522 143143
No Conflict count: 299052 51295.4
Same Stream count: 0 0
New Stream count: 0 0

Not found: 958018
On Chip Mispredictions: 0
 =========================================================== 
Distribution of predictions: 
Predict Init: 4031769 97.0144
Total Predictions: 3995972
Predict OCI Miss: 18793 0.466123
Predict Stream End: 35797 0.887873
Buffer Success: 0 0
Stride Distribution: 0, 149729, 171304, 150880, 166796, 1077642, 497904, 222916, 228528, 241316, 234370, 170062, 170752, 126730, 96692, 110241, 83398, 0, 56166, 0, 64630, 0, 0, 0, 56994, 0, 0, 0, 0, 0, 26358, 0, 19090, 0, 0, 0, 20148, 0, 0, 0, 1702, 0, 0, 0, 0, 0, 0, 0, 0, 0, 0, 0, 0, 0, 0, 0, 0, 0, 0, 0, 0, 0, 0, 0, 0, 0, 33, 0, 0, 0, 0, 0, 38573216, 0, 49, 0, 15, 0, 15, 0, 0, 6644585, 1868787317, 1915577714, 1702195557, 7566451, 113, 0, 5073232, 0, 35246576, 0, 0, 0, 5073232, 0, 35804992, 0, 0, 0, 5073232, 0, 36077344, 0, 0, 0, 5165152, 0, 3722526064, 11087, 0, 11087, 38571520, 0, 49, 0, 6, 0, 6, 0, 0, 0, 1919906931, 29541, 48, 0, 49, 0, 
a test for execution

Inserted: 5957203
Redundant.progress: 35899
Redundant.cache: 2902103
Redundant.buffer: 0
[SNIPER] End
[SNIPER] Elapsed time: 1161.44 seconds
