000 (15005803.000.000) 08/01 20:50:08 Job submitted from host: <128.83.130.153:51299?addrs=128.83.130.153-51299>
...
001 (15005803.000.000) 08/01 20:50:13 Job executing on host: <128.83.130.203:52232?addrs=128.83.130.203-52232>
...
006 (15005803.000.000) 08/01 20:50:22 Image size of job updated: 49196
	10  -  MemoryUsage of job (MB)
	10140  -  ResidentSetSize of job (KB)
...
006 (15005803.000.000) 08/01 20:55:23 Image size of job updated: 5546764
	738  -  MemoryUsage of job (MB)
	755168  -  ResidentSetSize of job (KB)
...
006 (15005803.000.000) 08/01 21:00:24 Image size of job updated: 5612544
	807  -  MemoryUsage of job (MB)
	826272  -  ResidentSetSize of job (KB)
...
006 (15005803.000.000) 08/01 21:05:24 Image size of job updated: 5615088
	934  -  MemoryUsage of job (MB)
	956228  -  ResidentSetSize of job (KB)
...
006 (15005803.000.000) 08/01 21:10:25 Image size of job updated: 5615360
	973  -  MemoryUsage of job (MB)
	996052  -  ResidentSetSize of job (KB)
...
006 (15005803.000.000) 08/01 21:15:26 Image size of job updated: 5681628
	1025  -  MemoryUsage of job (MB)
	1049376  -  ResidentSetSize of job (KB)
...
006 (15005803.000.000) 08/01 21:17:48 Image size of job updated: 5681648
	1025  -  MemoryUsage of job (MB)
	1049376  -  ResidentSetSize of job (KB)
...
005 (15005803.000.000) 08/01 21:17:48 Job terminated.
	(1) Normal termination (return value 0)
		Usr 0 00:27:20, Sys 0 00:00:24  -  Run Remote Usage
		Usr 0 00:00:00, Sys 0 00:00:00  -  Run Local Usage
		Usr 0 00:27:20, Sys 0 00:00:24  -  Total Remote Usage
		Usr 0 00:00:00, Sys 0 00:00:00  -  Total Local Usage
	0  -  Run Bytes Sent By Job
	0  -  Run Bytes Received By Job
	0  -  Total Bytes Sent By Job
	0  -  Total Bytes Received By Job
	Partitionable Resources :    Usage  Request Allocated
	   Cpus                 :                 1         1
	   Disk (KB)            :        1        1    749983
	   Gpus                 :                           0
	   Memory (MB)          :     1025        1      4021
...
