[SNIPER] Start
Sampler: 4, 32, 0
itlb_cache: 32, 1
itlb_cache_L1: 32, 1
Sampler: 4, 128, 0
dtlb_cache: 128, 4
dtlb_cache_L1: 128, 4
L1-I 2
Sampler: 4, 4, 128
L1-I: 2048, 64
L1-I_L1: 2048, 64
L1-D 3
Sampler: 4, 8, 32
L1-D: 1024, 32
L1-D_L1: 1024, 32
L2 4
Sampler: 122, 16, 16
L2: 32768, 1024
L2_L1: 32768, 1024
Executing Python script /v/filer4b/v20q001/ypei/Desktop/cs395t-lin/output/run_all_hybrid_headroom2/sphinx3/20/sim.scripts.py
[STOPBYICOUNT] Starting in ROI (detail)
[STOPBYICOUNT] Then stopping after simulating at least 250000000 instructions in detail
[SNIPER] --------------------------------------------------------------------------------
[SNIPER] Sniper using SIFT/trace-driven frontend
[SNIPER] Running full application in DETAILED mode
[SNIPER] --------------------------------------------------------------------------------
[SNIPER] Enabling performance models
[SNIPER] Setting instrumentation mode to DETAILED
[app0] 
[app0] INFO: utt.c(337): 241 frm; 439 sen, 3144 gau/fr, Sen 0.00 CPU 0.00 Clk [Ovrhd 0.00 CPU 0.00 Clk]; 87 hmm, 3 wd/fr, 0.00 CPU 0.00 Clk (an425-menk-b)
[app0] INFO: utt.c(375): HMMHist[0..0](an425-menk-b): 6(2)
[app0] INFO: lm.c(823): 0 tg(), 0 tgcache, 0 bo; 0 fills, 0 in mem (0.0%)
[app0] INFO: lm.c(826): 2471 bg(), 2468 bo; 0 fills, 1 in mem (50.0%)
[app0] 
[app0] Backtrace(an426-fvap-b)
[app0] LatID SFrm EFrm AScr LScr Type
[app0] 61 0 19 -304387 -74100 -1 <sil>
[app0] 105 20 34 -150376 -74100 -1 <sil>
[app0] 146 35 52 -101812 -148846 0 AND
[app0] 281 53 82 -336850 -148846 0 TEN
[app0] 371 83 98 -287835 -148846 0 I
[app0] 516 99 124 -332084 -148846 0 TWO
[app0] 569 125 130 -168284 -74100 -1 <sil>
[app0] 970 131 169 -427909 -148846 0 EIGHT
[app0] 1115 170 190 -196719 -74100 -1 <sil>
[app0] 1120 191 191 0 -148846 0 </s>
[app0] 0 191 -2306256 -1189476 (Total)
[app0] 
[app0] FWDVIT: 'AND TEN I TWO EIGHT ' (an426-fvap-b)
[app0] 
[app0] FWDXCT: an426-fvap-b S 0 T -3495732 A -2306256 L -1189476 0 -304387 -74100 <sil> 20 -150376 -74100 <sil> 35 -101812 -148846 AND 53 -336850 -148846 TEN 83 -287835 -148846 I 99 -332084 -148846 TWO 125 -168284 -74100 <sil> 131 -427909 -148846 EIGHT 170 -196719 -74100 <sil> 191
[STOPBYICOUNT] Ending ROI after 250000010 instructions (250000000 requested)
[SNIPER] Disabling performance models
[SNIPER] Leaving ROI after 934.84 seconds
[SNIPER] Simulated 250.0M instructions, 190.2M cycles, 1.31 IPC
[SNIPER] Simulation speed 267.4 KIPS (267.4 KIPS / target core - 3739.4ns/instr)
[SNIPER] Setting instrumentation mode to FAST_FORWARD
[app0] [SIFT_RECORDER] sift_writer.cc:550: Sift::Mode Sift::Writer::Sync(): Assertion `!response->fail()' failed.
[app0] Pin app terminated abnormally due to signal 6.
Hawkeye Victims: 0
LRU Victims: 0
Hawkeye Victims: 0
LRU Victims: 0
Hawkeye Victims: 0
LRU Victims: 0
a test for execution

Inserted: 0
Redundant.progress: 0
Redundant.cache: 0
Redundant.buffer: 0
Hawkeye Victims: 0
LRU Victims: 0
a test for execution

Inserted: 0
Redundant.progress: 0
Redundant.cache: 0
Redundant.buffer: 0
Hawkeye Victims: 0
LRU Victims: 0
 =========================================================== 
Triggers: 3223904
Repeats: 0

Same addr: 2855163 88.5623
New addr: 572 0.0177425

Distribution of new addresses: 
Stream Head: 273 47.7273
Stream Divergence: 223509 39075

Invalidation count: 272433 47628.1
No Conflict count: 49348 8627.27
Same Stream count: 0 0
New Stream count: 0 0

Not found: 358810
On Chip Mispredictions: 0
 =========================================================== 
Distribution of predictions: 
Predict Init: 3136955 97.303
Total Predictions: 3110826
Predict OCI Miss: 15058 0.48002
Predict Stream End: 26129 0.832941
Buffer Success: 0 0
Stride Distribution: 0, 1471, 0, 0, 86986, 1383082, 648554, 276230, 197892, 201015, 102856, 55660, 50876, 46092, 36478, 30130, 25392, 0, 31234, 0, 9844, 0, 0, 0, 15456, 0, 0, 0, 0, 0, 10764, 0, 9522, 0, 0, 0, 2898, 0, 0, 0, 1472, 0, 0, 0, 0, 0, 0, 0, 0, 0, 0, 0, 0, 0, 0, 0, 0, 0, 0, 0, 0, 0, 0, 0, 0, 0, 33, 0, 0, 0, 0, 0, 34694304, 0, 49, 0, 15, 0, 15, 0, 0, 6644585, 1868787317, 1915577714, 1702195557, 7566451, 113, 0, 5073232, 0, 31367664, 0, 0, 0, 5073232, 0, 31926080, 0, 0, 0, 5073232, 0, 32198432, 0, 0, 0, 5165152, 0, 2460372336, 11001, 0, 11001, 34692608, 0, 49, 0, 6, 0, 6, 0, 0, 0, 1919906931, 29541, 48, 0, 49, 0, 
a test for execution

Inserted: 4226290
Redundant.progress: 24445
Redundant.cache: 1553963
Redundant.buffer: 0
[SNIPER] End
[SNIPER] Elapsed time: 941.29 seconds
