000 (15005784.000.000) 08/01 20:50:06 Job submitted from host: <128.83.130.153:51299?addrs=128.83.130.153-51299>
...
001 (15005784.000.000) 08/01 20:50:15 Job executing on host: <128.83.120.75:36144?addrs=128.83.120.75-36144>
...
006 (15005784.000.000) 08/01 20:50:24 Image size of job updated: 1711240
	44  -  MemoryUsage of job (MB)
	44900  -  ResidentSetSize of job (KB)
...
006 (15005784.000.000) 08/01 20:55:25 Image size of job updated: 5251688
	444  -  MemoryUsage of job (MB)
	453728  -  ResidentSetSize of job (KB)
...
006 (15005784.000.000) 08/01 21:00:25 Image size of job updated: 5253416
	583  -  MemoryUsage of job (MB)
	596812  -  ResidentSetSize of job (KB)
...
006 (15005784.000.000) 08/01 21:05:25 Image size of job updated: 5318952
	725  -  MemoryUsage of job (MB)
	741440  -  ResidentSetSize of job (KB)
...
006 (15005784.000.000) 08/01 21:10:26 Image size of job updated: 5386784
	926  -  MemoryUsage of job (MB)
	947664  -  ResidentSetSize of job (KB)
...
006 (15005784.000.000) 08/01 21:15:27 Image size of job updated: 5386784
	1023  -  MemoryUsage of job (MB)
	1047084  -  ResidentSetSize of job (KB)
...
006 (15005784.000.000) 08/01 21:20:27 Image size of job updated: 5517856
	1088  -  MemoryUsage of job (MB)
	1114044  -  ResidentSetSize of job (KB)
...
006 (15005784.000.000) 08/01 21:25:27 Image size of job updated: 5517856
	1150  -  MemoryUsage of job (MB)
	1177076  -  ResidentSetSize of job (KB)
...
006 (15005784.000.000) 08/01 21:30:28 Image size of job updated: 5517860
	1227  -  MemoryUsage of job (MB)
	1255536  -  ResidentSetSize of job (KB)
...
006 (15005784.000.000) 08/01 21:35:28 Image size of job updated: 5649936
	1299  -  MemoryUsage of job (MB)
	1329804  -  ResidentSetSize of job (KB)
...
006 (15005784.000.000) 08/01 21:37:46 Image size of job updated: 5715472
	1299  -  MemoryUsage of job (MB)
	1329804  -  ResidentSetSize of job (KB)
...
005 (15005784.000.000) 08/01 21:37:46 Job terminated.
	(1) Normal termination (return value 0)
		Usr 0 00:47:43, Sys 0 00:00:56  -  Run Remote Usage
		Usr 0 00:00:00, Sys 0 00:00:00  -  Run Local Usage
		Usr 0 00:47:43, Sys 0 00:00:56  -  Total Remote Usage
		Usr 0 00:00:00, Sys 0 00:00:00  -  Total Local Usage
	0  -  Run Bytes Sent By Job
	0  -  Run Bytes Received By Job
	0  -  Total Bytes Sent By Job
	0  -  Total Bytes Received By Job
	Partitionable Resources :    Usage  Request Allocated
	   Cpus                 :                 1         1
	   Disk (KB)            :        1        1   8862903
	   Gpus                 :                           0
	   Memory (MB)          :     1299        1      4028
...
