000 (15005737.000.000) 08/01 19:38:49 Job submitted from host: <128.83.130.153:51299?addrs=128.83.130.153-51299>
...
001 (15005737.000.000) 08/01 19:39:10 Job executing on host: <128.83.130.232:41359?addrs=128.83.130.232-41359>
...
006 (15005737.000.000) 08/01 19:39:19 Image size of job updated: 6173796
	169  -  MemoryUsage of job (MB)
	172316  -  ResidentSetSize of job (KB)
...
006 (15005737.000.000) 08/01 19:44:20 Image size of job updated: 6821620
	2271  -  MemoryUsage of job (MB)
	2324596  -  ResidentSetSize of job (KB)
...
006 (15005737.000.000) 08/01 19:49:21 Image size of job updated: 6952708
	2383  -  MemoryUsage of job (MB)
	2440148  -  ResidentSetSize of job (KB)
...
006 (15005737.000.000) 08/01 19:54:21 Image size of job updated: 6955500
	2591  -  MemoryUsage of job (MB)
	2653132  -  ResidentSetSize of job (KB)
...
006 (15005737.000.000) 08/01 19:59:21 Image size of job updated: 7086572
	2698  -  MemoryUsage of job (MB)
	2762440  -  ResidentSetSize of job (KB)
...
006 (15005737.000.000) 08/01 20:04:22 Image size of job updated: 7152380
	2811  -  MemoryUsage of job (MB)
	2878196  -  ResidentSetSize of job (KB)
...
006 (15005737.000.000) 08/01 20:08:14 Image size of job updated: 7349864
	2811  -  MemoryUsage of job (MB)
	2878196  -  ResidentSetSize of job (KB)
...
005 (15005737.000.000) 08/01 20:08:14 Job terminated.
	(1) Normal termination (return value 0)
		Usr 0 00:29:22, Sys 0 00:00:43  -  Run Remote Usage
		Usr 0 00:00:00, Sys 0 00:00:00  -  Run Local Usage
		Usr 0 00:29:22, Sys 0 00:00:43  -  Total Remote Usage
		Usr 0 00:00:00, Sys 0 00:00:00  -  Total Local Usage
	0  -  Run Bytes Sent By Job
	0  -  Run Bytes Received By Job
	0  -  Total Bytes Sent By Job
	0  -  Total Bytes Received By Job
	Partitionable Resources :    Usage  Request Allocated
	   Cpus                 :                 1         1
	   Disk (KB)            :        1        1    749980
	   Gpus                 :                           0
	   Memory (MB)          :     2811        1      4021
...
