000 (15005573.000.000) 08/01 18:26:30 Job submitted from host: <128.83.130.153:51299?addrs=128.83.130.153-51299>
...
001 (15005573.000.000) 08/01 18:26:35 Job executing on host: <128.83.130.197:45650?addrs=128.83.130.197-45650>
...
006 (15005573.000.000) 08/01 18:26:35 Image size of job updated: 1
	0  -  MemoryUsage of job (MB)
	0  -  ResidentSetSize of job (KB)
...
005 (15005573.000.000) 08/01 18:26:35 Job terminated.
	(1) Normal termination (return value 126)
		Usr 0 00:00:00, Sys 0 00:00:00  -  Run Remote Usage
		Usr 0 00:00:00, Sys 0 00:00:00  -  Run Local Usage
		Usr 0 00:00:00, Sys 0 00:00:00  -  Total Remote Usage
		Usr 0 00:00:00, Sys 0 00:00:00  -  Total Local Usage
	0  -  Run Bytes Sent By Job
	0  -  Run Bytes Received By Job
	0  -  Total Bytes Sent By Job
	0  -  Total Bytes Received By Job
	Partitionable Resources :    Usage  Request Allocated
	   Cpus                 :                 1         1
	   Disk (KB)            :        1        1   4239689
	   Gpus                 :                           0
	   Memory (MB)          :        0        1      4021
...
000 (15005648.000.000) 08/01 18:32:05 Job submitted from host: <128.83.130.153:51299?addrs=128.83.130.153-51299>
...
001 (15005648.000.000) 08/01 18:32:31 Job executing on host: <128.83.130.197:45650?addrs=128.83.130.197-45650>
...
006 (15005648.000.000) 08/01 18:32:39 Image size of job updated: 1575932
	44  -  MemoryUsage of job (MB)
	44700  -  ResidentSetSize of job (KB)
...
006 (15005648.000.000) 08/01 18:37:39 Image size of job updated: 4784772
	534  -  MemoryUsage of job (MB)
	546252  -  ResidentSetSize of job (KB)
...
006 (15005648.000.000) 08/01 18:42:39 Image size of job updated: 4787332
	635  -  MemoryUsage of job (MB)
	649224  -  ResidentSetSize of job (KB)
...
006 (15005648.000.000) 08/01 18:47:40 Image size of job updated: 4922500
	730  -  MemoryUsage of job (MB)
	747396  -  ResidentSetSize of job (KB)
...
006 (15005648.000.000) 08/01 18:52:41 Image size of job updated: 4991928
	852  -  MemoryUsage of job (MB)
	871720  -  ResidentSetSize of job (KB)
...
006 (15005648.000.000) 08/01 18:57:41 Image size of job updated: 4992060
	879  -  MemoryUsage of job (MB)
	899696  -  ResidentSetSize of job (KB)
...
006 (15005648.000.000) 08/01 19:02:42 Image size of job updated: 4992940
	911  -  MemoryUsage of job (MB)
	932020  -  ResidentSetSize of job (KB)
...
006 (15005648.000.000) 08/01 19:07:43 Image size of job updated: 4993192
	944  -  MemoryUsage of job (MB)
	966152  -  ResidentSetSize of job (KB)
...
006 (15005648.000.000) 08/01 19:11:20 Image size of job updated: 5059052
	944  -  MemoryUsage of job (MB)
	966152  -  ResidentSetSize of job (KB)
...
005 (15005648.000.000) 08/01 19:11:20 Job terminated.
	(1) Normal termination (return value 0)
		Usr 0 00:38:52, Sys 0 00:00:46  -  Run Remote Usage
		Usr 0 00:00:00, Sys 0 00:00:00  -  Run Local Usage
		Usr 0 00:38:52, Sys 0 00:00:46  -  Total Remote Usage
		Usr 0 00:00:00, Sys 0 00:00:00  -  Total Local Usage
	0  -  Run Bytes Sent By Job
	0  -  Run Bytes Received By Job
	0  -  Total Bytes Sent By Job
	0  -  Total Bytes Received By Job
	Partitionable Resources :    Usage  Request Allocated
	   Cpus                 :                 1         1
	   Disk (KB)            :        1        1   4239689
	   Gpus                 :                           0
	   Memory (MB)          :      944        1      4021
...
