000 (15005769.000.000) 08/01 20:50:05 Job submitted from host: <128.83.130.153:51299?addrs=128.83.130.153-51299>
...
001 (15005769.000.000) 08/01 20:50:13 Job executing on host: <128.83.120.75:36144?addrs=128.83.120.75-36144>
...
006 (15005769.000.000) 08/01 20:50:21 Image size of job updated: 3308304
	181  -  MemoryUsage of job (MB)
	184576  -  ResidentSetSize of job (KB)
...
006 (15005769.000.000) 08/01 20:55:21 Image size of job updated: 3960348
	406  -  MemoryUsage of job (MB)
	415172  -  ResidentSetSize of job (KB)
...
006 (15005769.000.000) 08/01 21:00:21 Image size of job updated: 3962064
	469  -  MemoryUsage of job (MB)
	479740  -  ResidentSetSize of job (KB)
...
006 (15005769.000.000) 08/01 21:05:22 Image size of job updated: 4029144
	526  -  MemoryUsage of job (MB)
	537836  -  ResidentSetSize of job (KB)
...
006 (15005769.000.000) 08/01 21:10:22 Image size of job updated: 4029144
	566  -  MemoryUsage of job (MB)
	578676  -  ResidentSetSize of job (KB)
...
006 (15005769.000.000) 08/01 21:15:22 Image size of job updated: 4097328
	610  -  MemoryUsage of job (MB)
	623996  -  ResidentSetSize of job (KB)
...
006 (15005769.000.000) 08/01 21:20:23 Image size of job updated: 4097352
	630  -  MemoryUsage of job (MB)
	645020  -  ResidentSetSize of job (KB)
...
006 (15005769.000.000) 08/01 21:25:24 Image size of job updated: 4097364
	650  -  MemoryUsage of job (MB)
	665116  -  ResidentSetSize of job (KB)
...
006 (15005769.000.000) 08/01 21:30:24 Image size of job updated: 4097376
	676  -  MemoryUsage of job (MB)
	691416  -  ResidentSetSize of job (KB)
...
006 (15005769.000.000) 08/01 21:35:11 Image size of job updated: 4162912
	676  -  MemoryUsage of job (MB)
	691416  -  ResidentSetSize of job (KB)
...
005 (15005769.000.000) 08/01 21:35:11 Job terminated.
	(1) Normal termination (return value 0)
		Usr 0 00:45:48, Sys 0 00:00:53  -  Run Remote Usage
		Usr 0 00:00:00, Sys 0 00:00:00  -  Run Local Usage
		Usr 0 00:45:48, Sys 0 00:00:53  -  Total Remote Usage
		Usr 0 00:00:00, Sys 0 00:00:00  -  Total Local Usage
	0  -  Run Bytes Sent By Job
	0  -  Run Bytes Received By Job
	0  -  Total Bytes Sent By Job
	0  -  Total Bytes Received By Job
	Partitionable Resources :    Usage  Request Allocated
	   Cpus                 :                 1         1
	   Disk (KB)            :        1        1   8862903
	   Gpus                 :                           0
	   Memory (MB)          :      676        1      4028
...
