000 (515908.000.000) 05/05 17:12:17 Job submitted from host: <128.83.144.149:44250?addrs=128.83.144.149-44250>
...
004 (515908.000.000) 05/05 17:12:50 Job was evicted.
	(0) Job was not checkpointed.
		Usr 0 00:00:00, Sys 0 00:00:00  -  Run Remote Usage
		Usr 0 00:00:00, Sys 0 00:00:00  -  Run Local Usage
	0  -  Run Bytes Sent By Job
	0  -  Run Bytes Received By Job
	Partitionable Resources :    Usage  Request Allocated
	   Cpus                 :                 1         1
	   Disk (KB)            :        1        1   1888652
	   Gpus                 :                           0
	   Memory (MB)          :                 1     21164
...
009 (515908.000.000) 05/05 17:12:50 Job was aborted by the user.
	via condor_rm (by user ypei)
...
000 (515938.000.000) 05/05 17:13:06 Job submitted from host: <128.83.144.149:44250?addrs=128.83.144.149-44250>
...
001 (515938.000.000) 05/05 17:13:28 Job executing on host: <128.83.144.147:58788?addrs=128.83.144.147-58788>
...
006 (515938.000.000) 05/05 17:13:37 Image size of job updated: 1088856
	56  -  MemoryUsage of job (MB)
	56512  -  ResidentSetSize of job (KB)
...
006 (515938.000.000) 05/05 17:14:27 Image size of job updated: 1089528
	56  -  MemoryUsage of job (MB)
	56512  -  ResidentSetSize of job (KB)
...
004 (515938.000.000) 05/05 17:14:27 Job was evicted.
	(0) Job was not checkpointed.
		Usr 0 00:00:00, Sys 0 00:00:00  -  Run Remote Usage
		Usr 0 00:00:00, Sys 0 00:00:00  -  Run Local Usage
	0  -  Run Bytes Sent By Job
	0  -  Run Bytes Received By Job
	Partitionable Resources :    Usage  Request Allocated
	   Cpus                 :                 1         1
	   Disk (KB)            :        1        1   1883947
	   Gpus                 :                           0
	   Memory (MB)          :       56        1     21164
...
009 (515938.000.000) 05/05 17:14:28 Job was aborted by the user.
	via condor_rm (by user ypei)
...
000 (516163.000.000) 05/05 17:14:48 Job submitted from host: <128.83.144.149:44250?addrs=128.83.144.149-44250>
...
001 (516163.000.000) 05/05 17:14:58 Job executing on host: <128.83.120.128:51378?addrs=128.83.120.128-51378>
...
006 (516163.000.000) 05/05 17:15:07 Image size of job updated: 1089012
	56  -  MemoryUsage of job (MB)
	56752  -  ResidentSetSize of job (KB)
...
006 (516163.000.000) 05/05 17:18:12 Image size of job updated: 1259764
	56  -  MemoryUsage of job (MB)
	56752  -  ResidentSetSize of job (KB)
...
004 (516163.000.000) 05/05 17:18:12 Job was evicted.
	(0) Job was not checkpointed.
		Usr 0 00:00:58, Sys 0 00:00:01  -  Run Remote Usage
		Usr 0 00:00:00, Sys 0 00:00:00  -  Run Local Usage
	0  -  Run Bytes Sent By Job
	0  -  Run Bytes Received By Job
	Partitionable Resources :    Usage  Request Allocated
	   Cpus                 :                 1         1
	   Disk (KB)            :        1        1    812221
	   Gpus                 :                           0
	   Memory (MB)          :       56        1     12899
...
009 (516163.000.000) 05/05 17:18:12 Job was aborted by the user.
	via condor_rm (by user ypei)
...
000 (516370.000.000) 05/05 17:18:18 Job submitted from host: <128.83.144.149:44250?addrs=128.83.144.149-44250>
...
001 (516370.000.000) 05/05 17:18:29 Job executing on host: <128.83.120.230:37764?addrs=128.83.120.230-37764>
...
006 (516370.000.000) 05/05 17:18:37 Image size of job updated: 1089660
	54  -  MemoryUsage of job (MB)
	55268  -  ResidentSetSize of job (KB)
...
006 (516370.000.000) 05/05 17:21:21 Image size of job updated: 1259900
	54  -  MemoryUsage of job (MB)
	55268  -  ResidentSetSize of job (KB)
...
004 (516370.000.000) 05/05 17:21:21 Job was evicted.
	(0) Job was not checkpointed.
		Usr 0 00:01:21, Sys 0 00:00:01  -  Run Remote Usage
		Usr 0 00:00:00, Sys 0 00:00:00  -  Run Local Usage
	0  -  Run Bytes Sent By Job
	0  -  Run Bytes Received By Job
	Partitionable Resources :    Usage  Request Allocated
	   Cpus                 :                 1         1
	   Disk (KB)            :        1        1    827436
	   Gpus                 :                           0
	   Memory (MB)          :       54        1     12899
...
009 (516370.000.000) 05/05 17:21:21 Job was aborted by the user.
	via condor_rm (by user ypei)
...
000 (516991.000.000) 05/05 17:21:40 Job submitted from host: <128.83.144.149:44250?addrs=128.83.144.149-44250>
...
001 (516991.000.000) 05/05 17:21:51 Job executing on host: <128.83.130.161:35317?addrs=128.83.130.161-35317>
...
006 (516991.000.000) 05/05 17:22:00 Image size of job updated: 1089148
	56  -  MemoryUsage of job (MB)
	56792  -  ResidentSetSize of job (KB)
...
006 (516991.000.000) 05/05 17:27:01 Image size of job updated: 1259908
	127  -  MemoryUsage of job (MB)
	129660  -  ResidentSetSize of job (KB)
...
006 (516991.000.000) 05/05 17:32:01 Image size of job updated: 1259908
	157  -  MemoryUsage of job (MB)
	159756  -  ResidentSetSize of job (KB)
...
006 (516991.000.000) 05/05 17:37:01 Image size of job updated: 1259908
	184  -  MemoryUsage of job (MB)
	187772  -  ResidentSetSize of job (KB)
...
006 (516991.000.000) 05/05 17:42:02 Image size of job updated: 1325444
	209  -  MemoryUsage of job (MB)
	213172  -  ResidentSetSize of job (KB)
...
006 (516991.000.000) 05/05 17:47:02 Image size of job updated: 1325444
	223  -  MemoryUsage of job (MB)
	227844  -  ResidentSetSize of job (KB)
...
005 (516991.000.000) 05/05 17:48:35 Job terminated.
	(1) Normal termination (return value 0)
		Usr 0 00:24:08, Sys 0 00:00:42  -  Run Remote Usage
		Usr 0 00:00:00, Sys 0 00:00:00  -  Run Local Usage
		Usr 0 00:24:08, Sys 0 00:00:42  -  Total Remote Usage
		Usr 0 00:00:00, Sys 0 00:00:00  -  Total Local Usage
	0  -  Run Bytes Sent By Job
	0  -  Run Bytes Received By Job
	0  -  Total Bytes Sent By Job
	0  -  Total Bytes Received By Job
	Partitionable Resources :    Usage  Request Allocated
	   Cpus                 :                 1         1
	   Disk (KB)            :        1        1   1888645
	   Gpus                 :                           0
	   Memory (MB)          :      223        1     21164
...
000 (518026.000.000) 05/06 21:33:01 Job submitted from host: <128.83.144.149:44250?addrs=128.83.144.149-44250>
...
001 (518026.000.000) 05/06 21:33:09 Job executing on host: <128.83.120.128:51378?addrs=128.83.120.128-51378>
...
006 (518026.000.000) 05/06 21:33:18 Image size of job updated: 1089660
	54  -  MemoryUsage of job (MB)
	55240  -  ResidentSetSize of job (KB)
...
006 (518026.000.000) 05/06 21:33:45 Image size of job updated: 1094804
	59  -  MemoryUsage of job (MB)
	59436  -  ResidentSetSize of job (KB)
...
004 (518026.000.000) 05/06 21:33:45 Job was evicted.
	(0) Job was not checkpointed.
		Usr 0 00:00:00, Sys 0 00:00:00  -  Run Remote Usage
		Usr 0 00:00:00, Sys 0 00:00:00  -  Run Local Usage
	0  -  Run Bytes Sent By Job
	0  -  Run Bytes Received By Job
	Partitionable Resources :    Usage  Request Allocated
	   Cpus                 :                 1         1
	   Disk (KB)            :        1        1    803076
	   Gpus                 :                           0
	   Memory (MB)          :       59        1     12899
...
009 (518026.000.000) 05/06 21:33:46 Job was aborted by the user.
	via condor_rm (by user ypei)
...
000 (518233.000.000) 05/06 21:34:08 Job submitted from host: <128.83.144.149:44250?addrs=128.83.144.149-44250>
...
001 (518233.000.000) 05/06 21:34:19 Job executing on host: <128.83.120.128:51378?addrs=128.83.120.128-51378>
...
006 (518233.000.000) 05/06 21:34:27 Image size of job updated: 1089660
	52  -  MemoryUsage of job (MB)
	53188  -  ResidentSetSize of job (KB)
...
006 (518233.000.000) 05/06 21:39:27 Image size of job updated: 1259936
	129  -  MemoryUsage of job (MB)
	131516  -  ResidentSetSize of job (KB)
...
006 (518233.000.000) 05/06 21:44:27 Image size of job updated: 1259936
	164  -  MemoryUsage of job (MB)
	167032  -  ResidentSetSize of job (KB)
...
006 (518233.000.000) 05/06 21:49:28 Image size of job updated: 1325472
	195  -  MemoryUsage of job (MB)
	198780  -  ResidentSetSize of job (KB)
...
006 (518233.000.000) 05/06 21:54:28 Image size of job updated: 1325472
	214  -  MemoryUsage of job (MB)
	218380  -  ResidentSetSize of job (KB)
...
006 (518233.000.000) 05/06 21:54:38 Image size of job updated: 1325480
	214  -  MemoryUsage of job (MB)
	218380  -  ResidentSetSize of job (KB)
...
005 (518233.000.000) 05/06 21:54:38 Job terminated.
	(1) Normal termination (return value 0)
		Usr 0 00:18:38, Sys 0 00:00:22  -  Run Remote Usage
		Usr 0 00:00:00, Sys 0 00:00:00  -  Run Local Usage
		Usr 0 00:18:38, Sys 0 00:00:22  -  Total Remote Usage
		Usr 0 00:00:00, Sys 0 00:00:00  -  Total Local Usage
	0  -  Run Bytes Sent By Job
	0  -  Run Bytes Received By Job
	0  -  Total Bytes Sent By Job
	0  -  Total Bytes Received By Job
	Partitionable Resources :    Usage  Request Allocated
	   Cpus                 :                 1         1
	   Disk (KB)            :        1        1    803077
	   Gpus                 :                           0
	   Memory (MB)          :      214        1     12899
...
000 (381801.000.000) 05/07 00:28:59 Job submitted from host: <128.83.144.155:57685?addrs=128.83.144.155-57685>
...
001 (381801.000.000) 05/07 00:29:14 Job executing on host: <128.83.139.9:47643?addrs=128.83.139.9-47643>
...
006 (381801.000.000) 05/07 00:29:23 Image size of job updated: 1090684
	57  -  MemoryUsage of job (MB)
	58340  -  ResidentSetSize of job (KB)
...
006 (381801.000.000) 05/07 00:34:24 Image size of job updated: 1259936
	134  -  MemoryUsage of job (MB)
	136264  -  ResidentSetSize of job (KB)
...
006 (381801.000.000) 05/07 00:39:25 Image size of job updated: 1259936
	169  -  MemoryUsage of job (MB)
	172116  -  ResidentSetSize of job (KB)
...
006 (381801.000.000) 05/07 00:44:25 Image size of job updated: 1325472
	198  -  MemoryUsage of job (MB)
	202304  -  ResidentSetSize of job (KB)
...
006 (381801.000.000) 05/07 00:49:26 Image size of job updated: 1325728
	215  -  MemoryUsage of job (MB)
	219552  -  ResidentSetSize of job (KB)
...
006 (381801.000.000) 05/07 00:51:28 Image size of job updated: 1325736
	215  -  MemoryUsage of job (MB)
	219552  -  ResidentSetSize of job (KB)
...
005 (381801.000.000) 05/07 00:51:28 Job terminated.
	(1) Normal termination (return value 0)
		Usr 0 00:20:59, Sys 0 00:00:22  -  Run Remote Usage
		Usr 0 00:00:00, Sys 0 00:00:00  -  Run Local Usage
		Usr 0 00:20:59, Sys 0 00:00:22  -  Total Remote Usage
		Usr 0 00:00:00, Sys 0 00:00:00  -  Total Local Usage
	0  -  Run Bytes Sent By Job
	0  -  Run Bytes Received By Job
	0  -  Total Bytes Sent By Job
	0  -  Total Bytes Received By Job
	Partitionable Resources :    Usage  Request Allocated
	   Cpus                 :                 1         1
	   Disk (KB)            :        1        1   1678561
	   Gpus                 :                           0
	   Memory (MB)          :      215        1     12899
...
