[SNIPER] Start
Sampler: 4, 4, 32
stlb_cache: 512, 16
stlb_cache_L1: 512, 16
Sampler: 4, 32, 0
itlb_cache: 32, 1
itlb_cache_L1: 32, 1
Sampler: 4, 128, 0
dtlb_cache: 128, 4
dtlb_cache_L1: 128, 4
num_memory_controller = 1
L1-I 2
Sampler: 4, 4, 128
L1-I: 2048, 64
L1-I_L1: 2048, 64
Creating prefetcher object 0 0
Creating prefetcher object 1 0
Creating prefetcher object 2 0
Creating prefetcher object 3 0
L1-D 3
Sampler: 4, 8, 20
L1-D: 400, 20
L1-D_L1: 400, 20
Creating prefetcher object 0 0
Creating prefetcher object 1 0
Creating prefetcher object 2 0
Creating prefetcher object 3 0
L2 4
Sampler: 25f, 10, d
L2: 20000, 1000
L2_L1: 20000, 1000
HybridPrefetcher3 running
Creating prefetcher object 0 0x355ef20
HybridPrefetcher3 running
Creating prefetcher object 1 0x3701850
HybridPrefetcher3 running
Creating prefetcher object 2 0x38a41b0
HybridPrefetcher3 running
Creating prefetcher object 3 0x3a46b10
Sampler: 4, 4, 20
stlb_cache: 200, 10
stlb_cache_L1: 200, 10
Sampler: 4, 20, 0
itlb_cache: 20, 1
itlb_cache_L1: 20, 1
Sampler: 4, 80, 0
dtlb_cache: 80, 4
dtlb_cache_L1: 80, 4
num_memory_controller = 1
L1-I 2
Sampler: 4, 4, 80
L1-I: 800, 40
L1-I_L1: 800, 40
Creating prefetcher object 0 0
Creating prefetcher object 1 0
Creating prefetcher object 2 0
Creating prefetcher object 3 0
L1-D 3
Sampler: 4, 8, 20
L1-D: 400, 20
L1-D_L1: 400, 20
Creating prefetcher object 0 0
Creating prefetcher object 1 0
Creating prefetcher object 2 0
Creating prefetcher object 3 0
L2 4
Sampler: 4, 4, 20
stlb_cache: 200, 10
stlb_cache_L1: 200, 10
Sampler: 4, 20, 0
itlb_cache: 20, 1
itlb_cache_L1: 20, 1
Sampler: 4, 80, 0
dtlb_cache: 80, 4
dtlb_cache_L1: 80, 4
num_memory_controller = 1
L1-I 2
Sampler: 4, 4, 80
L1-I: 800, 40
L1-I_L1: 800, 40
Creating prefetcher object 0 0
Creating prefetcher object 1 0
Creating prefetcher object 2 0
Creating prefetcher object 3 0
L1-D 3
Sampler: 4, 8, 20
L1-D: 400, 20
L1-D_L1: 400, 20
Creating prefetcher object 0 0
Creating prefetcher object 1 0
Creating prefetcher object 2 0
Creating prefetcher object 3 0
L2 4
Sampler: 4, 4, 20
stlb_cache: 200, 10
stlb_cache_L1: 200, 10
Sampler: 4, 20, 0
itlb_cache: 20, 1
itlb_cache_L1: 20, 1
Sampler: 4, 80, 0
dtlb_cache: 80, 4
dtlb_cache_L1: 80, 4
num_memory_controller = 1
L1-I 2
Sampler: 4, 4, 80
L1-I: 800, 40
L1-I_L1: 800, 40
Creating prefetcher object 0 0
Creating prefetcher object 1 0
Creating prefetcher object 2 0
Creating prefetcher object 3 0
L1-D 3
Sampler: 4, 8, 20
L1-D: 400, 20
L1-D_L1: 400, 20
Creating prefetcher object 0 0
Creating prefetcher object 1 0
Creating prefetcher object 2 0
Creating prefetcher object 3 0
L2 4
[SNIPER] --------------------------------------------------------------------------------
[SNIPER] Sniper using SIFT/trace-driven frontend
[SNIPER] Running full application in DETAILED mode
[SNIPER] --------------------------------------------------------------------------------
[SNIPER] Enabling performance models
[SNIPER] Setting instrumentation mode to DETAILED
0	1
0	1
0	1
0	5
shadow_cache used up once
shadow_cache used up once
shadow_cache used up once
shadow_cache used up once
shadow_cache used up once
shadow_cache used up once
shadow_cache used up once
shadow_cache used up once
shadow_cache used up once
shadow_cache used up once
shadow_cache used up once
shadow_cache used up once
shadow_cache used up once
shadow_cache used up once
phase = 0
shadow_cache used up once
shadow_cache used up once
1	4674
1	23084
1	89044
1	26527
shadow_cache used up once
shadow_cache used up once
shadow_cache used up once
shadow_cache used up once
shadow_cache used up once
shadow_cache used up once
shadow_cache used up once
shadow_cache used up once
shadow_cache used up once
shadow_cache used up once
shadow_cache used up once
shadow_cache used up once
phase = 1
shadow_cache used up once
shadow_cache used up once
shadow_cache used up once
shadow_cache used up once
2	21527
2	96045
2	16639
2	5318
shadow_cache used up once
shadow_cache used up once
shadow_cache used up once
shadow_cache used up once
shadow_cache used up once
shadow_cache used up once
shadow_cache used up once
shadow_cache used up once
shadow_cache used up once
phase = 2
shadow_cache used up once
shadow_cache used up once
shadow_cache used up once
shadow_cache used up once
shadow_cache used up once
shadow_cache used up once
shadow_cache used up once
shadow_cache used up once
shadow_cache used up once
3	106425
3	20411
3	14536
3	4061
shadow_cache used up once
shadow_cache used up once
shadow_cache used up once
shadow_cache used up once
shadow_cache used up once
phase = 3
shadow_cache used up once
shadow_cache used up once
shadow_cache used up once
shadow_cache used up once
shadow_cache used up once
shadow_cache used up once
shadow_cache used up once
shadow_cache used up once
shadow_cache used up once
shadow_cache used up once
phase = 0
shadow_cache used up once
shadow_cache used up once
shadow_cache used up once
phase = 4
shadow_cache used up once
shadow_cache used up once
shadow_cache used up once
4	141370
4	4560
4	2195
4	24308
shadow_cache used up once
shadow_cache used up once
shadow_cache used up once
shadow_cache used up once
shadow_cache used up once
shadow_cache used up once
shadow_cache used up once
shadow_cache used up once
shadow_cache used up once
shadow_cache used up once
shadow_cache used up once
phase = 5
shadow_cache used up once
shadow_cache used up once
shadow_cache used up once
phase = 0
shadow_cache used up once
shadow_cache used up once
shadow_cache used up once
shadow_cache used up once
shadow_cache used up once
shadow_cache used up once
shadow_cache used up once
5	139339
5	35653
5	4418
shadow_cache used up once
shadow_cache used up once
shadow_cache used up once
shadow_cache used up once
5	2712
shadow_cache used up once
phase = 6
shadow_cache used up once
shadow_cache used up once
shadow_cache used up once
shadow_cache used up once
shadow_cache used up once
shadow_cache used up once
shadow_cache used up once
shadow_cache used up once
shadow_cache used up once
shadow_cache used up once
shadow_cache used up once
shadow_cache used up once
shadow_cache used up once
shadow_cache used up once
phase = 7
shadow_cache used up once
6	101530
6	4489
6	45920
6	2487
shadow_cache used up once
shadow_cache used up once
shadow_cache used up once
shadow_cache used up once
shadow_cache used up once
shadow_cache used up once
shadow_cache used up once
phase = 1
shadow_cache used up once
shadow_cache used up once
shadow_cache used up once
shadow_cache used up once
phase = 8
shadow_cache used up once
shadow_cache used up once
7	58649
7	33478
7	22665
7	6963
shadow_cache used up once
shadow_cache used up once
shadow_cache used up once
shadow_cache used up once
shadow_cache used up once
shadow_cache used up once
shadow_cache used up once
phase = 1
shadow_cache used up once
shadow_cache used up once
phase = 9
8	37535
8	43019
8	13657
8	5241
shadow_cache used up once
shadow_cache used up once
shadow_cache used up once
shadow_cache used up once
shadow_cache used up once
shadow_cache used up once
shadow_cache used up once
shadow_cache used up once
shadow_cache used up once
shadow_cache used up once
shadow_cache used up once
shadow_cache used up once
phase = 10
9	39592
9	32790
9	13765
9	5645
shadow_cache used up once
shadow_cache used up once
shadow_cache used up once
shadow_cache used up once
shadow_cache used up once
shadow_cache used up once
shadow_cache used up once
Hit: Address 17fff65067440 got flushed counter=0
shadow_cache used up once
phase = 2
shadow_cache used up once
a	25584
a	22005
a	29028
a	5427
shadow_cache used up once
shadow_cache used up once
shadow_cache used up once
shadow_cache used up once
shadow_cache used up once
phase = 11
shadow_cache used up once
phase = 2
shadow_cache used up once
shadow_cache used up once
shadow_cache used up once
shadow_cache used up once
b	39078
b	31898
b	4989
b	12217
shadow_cache used up once
shadow_cache used up once
shadow_cache used up once
shadow_cache used up once
shadow_cache used up once
phase = 12
shadow_cache used up once
shadow_cache used up once
shadow_cache used up once
shadow_cache used up once
shadow_cache used up once
c	32341
c	39819
c	11752
c	4889
shadow_cache used up once
shadow_cache used up once
shadow_cache used up once
shadow_cache used up once
shadow_cache used up once
phase = 13
shadow_cache used up once
shadow_cache used up once
shadow_cache used up once
shadow_cache used up once
shadow_cache used up once
shadow_cache used up once
d	31991
d	39912
d	4137
d	12826
shadow_cache used up once
phase = 3
shadow_cache used up once
shadow_cache used up once
shadow_cache used up once
phase = 3
shadow_cache used up once
phase = 14
shadow_cache used up once
shadow_cache used up once
shadow_cache used up once
shadow_cache used up once
e	31736
e	40098
e	12871
e	4712
shadow_cache used up once
shadow_cache used up once
shadow_cache used up once
shadow_cache used up once
shadow_cache used up once
shadow_cache used up once
shadow_cache used up once
shadow_cache used up once
shadow_cache used up once
shadow_cache used up once
f	25039
f	20982
f	30469
f	4091
shadow_cache used up once
phase = 15
shadow_cache used up once
shadow_cache used up once
shadow_cache used up once
shadow_cache used up once
shadow_cache used up once
shadow_cache used up once
shadow_cache used up once
shadow_cache used up once
shadow_cache used up once
10	32091
10	39590
10	11377
10	5185
shadow_cache used up once
phase = 4
phase = 16
shadow_cache used up once
shadow_cache used up once
phase = 4
shadow_cache used up once
shadow_cache used up once
shadow_cache used up once
shadow_cache used up once
shadow_cache used up once
shadow_cache used up once
11	39226
11	32017
11	4932
11	12545
shadow_cache used up once
shadow_cache used up once
shadow_cache used up once
shadow_cache used up once
phase = 17
shadow_cache used up once
shadow_cache used up once
shadow_cache used up once
shadow_cache used up once
shadow_cache used up once
shadow_cache used up once
shadow_cache used up once
12	38591
12	31936
12	13540
12	4515
shadow_cache used up once
shadow_cache used up once
shadow_cache used up once
phase = 18
shadow_cache used up once
shadow_cache used up once
shadow_cache used up once
shadow_cache used up once
shadow_cache used up once
shadow_cache used up once
shadow_cache used up once
shadow_cache used up once
shadow_cache used up once
13	64952
13	9863
13	25409
13	3908
shadow_cache used up once
shadow_cache used up once
shadow_cache used up once
shadow_cache used up once
phase = 5
shadow_cache used up once
shadow_cache used up once
shadow_cache used up once
Hit: Address 17fff65066b80 got flushed counter=1
phase = 19
shadow_cache used up once
shadow_cache used up once
shadow_cache used up once
shadow_cache used up once
shadow_cache used up once
shadow_cache used up once
14	1989
14	71462
14	1144
14	44409
shadow_cache used up once
shadow_cache used up once
shadow_cache used up once
shadow_cache used up once
shadow_cache used up once
shadow_cache used up once
phase = 20
shadow_cache used up once
shadow_cache used up once
shadow_cache used up once
shadow_cache used up once
shadow_cache used up once
shadow_cache used up once
shadow_cache used up once
shadow_cache used up once
shadow_cache used up once
shadow_cache used up once
shadow_cache used up once
shadow_cache used up once
shadow_cache used up once
shadow_cache used up once
phase = 21
shadow_cache used up once
15	115608
15	4904
15	42749
15	4602
shadow_cache used up once
shadow_cache used up once
shadow_cache used up once
shadow_cache used up once
shadow_cache used up once
shadow_cache used up once
shadow_cache used up once
shadow_cache used up once
shadow_cache used up once
shadow_cache used up once
shadow_cache used up once
phase = 22
shadow_cache used up once
shadow_cache used up once
shadow_cache used up once
shadow_cache used up once
shadow_cache used up once
shadow_cache used up once
shadow_cache used up once
shadow_cache used up once
shadow_cache used up once
16	2723
16	2342
16	126836
16	51653
shadow_cache used up once
shadow_cache used up once
phase = 23
shadow_cache used up once
shadow_cache used up once
shadow_cache used up once
shadow_cache used up once
shadow_cache used up once
shadow_cache used up once
shadow_cache used up once
shadow_cache used up once
shadow_cache used up once
shadow_cache used up once
shadow_cache used up once
shadow_cache used up once
shadow_cache used up once
shadow_cache used up once
phase = 24
shadow_cache used up once
shadow_cache used up once
shadow_cache used up once
shadow_cache used up once
shadow_cache used up once
phase = 5
shadow_cache used up once
17	125965
17	4015
17	3122
17	50599
shadow_cache used up once
shadow_cache used up once
shadow_cache used up once
shadow_cache used up once
shadow_cache used up once
shadow_cache used up once
phase = 25
shadow_cache used up once
shadow_cache used up once
shadow_cache used up once
shadow_cache used up once
shadow_cache used up once
phase = 6
shadow_cache used up once
shadow_cache used up once
shadow_cache used up once
shadow_cache used up once
shadow_cache used up once
shadow_cache used up once
shadow_cache used up once
shadow_cache used up once
shadow_cache used up once
phase = 26
shadow_cache used up once
shadow_cache used up once
18	133703
shadow_cache used up once
18	4463
18	5690
18	46442
shadow_cache used up once
shadow_cache used up once
shadow_cache used up once
shadow_cache used up once
shadow_cache used up once
shadow_cache used up once
shadow_cache used up once
shadow_cache used up once
shadow_cache used up once
shadow_cache used up once
phase = 27
shadow_cache used up once
shadow_cache used up once
shadow_cache used up once
shadow_cache used up once
shadow_cache used up once
shadow_cache used up once
shadow_cache used up once
shadow_cache used up once
shadow_cache used up once
19	116627
19	1974
19	43269
19	2360
shadow_cache used up once
shadow_cache used up once
shadow_cache used up once
shadow_cache used up once
shadow_cache used up once
phase = 28
shadow_cache used up once
shadow_cache used up once
shadow_cache used up once
shadow_cache used up once
shadow_cache used up once
shadow_cache used up once
shadow_cache used up once
shadow_cache used up once
shadow_cache used up once
shadow_cache used up once
phase = 29
shadow_cache used up once
shadow_cache used up once
shadow_cache used up once
shadow_cache used up once
shadow_cache used up once
1a	122258
1a	2349
1a	3108
1a	44346
shadow_cache used up once
shadow_cache used up once
phase = 30
shadow_cache used up once
shadow_cache used up once
shadow_cache used up once
shadow_cache used up once
shadow_cache used up once
shadow_cache used up once
phase = 31
shadow_cache used up once
phase = 7
shadow_cache used up once
shadow_cache used up once
shadow_cache used up once
shadow_cache used up once
shadow_cache used up once
shadow_cache used up once
phase = 32
1b	90940
1b	1648
1b	35485
1b	1727
shadow_cache used up once
shadow_cache used up once
shadow_cache used up once
shadow_cache used up once
shadow_cache used up once
shadow_cache used up once
shadow_cache used up once
phase = 33
shadow_cache used up once
shadow_cache used up once
shadow_cache used up once
shadow_cache used up once
1c	70741
1c	917
1c	24805
shadow_cache used up once
1c	1176
shadow_cache used up once
phase = 34
shadow_cache used up once
shadow_cache used up once
shadow_cache used up once
shadow_cache used up once
shadow_cache used up once
shadow_cache used up once
phase = 35
shadow_cache used up once
shadow_cache used up once
shadow_cache used up once
1d	67414
1d	986
1d	824
1d	30083
shadow_cache used up once
shadow_cache used up once
shadow_cache used up once
phase = 36
shadow_cache used up once
shadow_cache used up once
shadow_cache used up once
shadow_cache used up once
shadow_cache used up once
shadow_cache used up once
shadow_cache used up once
shadow_cache used up once
1e	35780
1e	802
1e	54475
shadow_cache used up once
phase = 8
phase = 37
shadow_cache used up once
1e	531
shadow_cache used up once
shadow_cache used up once
shadow_cache used up once
Hit: Address 17fff65067780 got flushed counter=2
shadow_cache used up once
shadow_cache used up once
Hit: Address 17fff65067b40 got flushed counter=3
shadow_cache used up once
phase = 38
shadow_cache used up once
shadow_cache used up once
shadow_cache used up once
1f	63267
1f	27836
1f	980
1f	474
shadow_cache used up once
shadow_cache used up once
shadow_cache used up once
shadow_cache used up once
shadow_cache used up once
phase = 39
shadow_cache used up once
shadow_cache used up once
shadow_cache used up once
shadow_cache used up once
shadow_cache used up once
shadow_cache used up once
shadow_cache used up once
20	72145
20	1266
20	1186
20	22776
shadow_cache used up once
shadow_cache used up once
shadow_cache used up once
shadow_cache used up once
shadow_cache used up once
shadow_cache used up once
phase = 40
shadow_cache used up once
shadow_cache used up once
shadow_cache used up once
shadow_cache used up once
shadow_cache used up once
shadow_cache used up once
shadow_cache used up once
shadow_cache used up once
21	1723
21	79351
21	36405
21	3209
shadow_cache used up once
shadow_cache used up once
shadow_cache used up once
shadow_cache used up once
phase = 41
shadow_cache used up once
shadow_cache used up once
shadow_cache used up once
shadow_cache used up once
shadow_cache used up once
shadow_cache used up once
shadow_cache used up once
shadow_cache used up once
shadow_cache used up once
shadow_cache used up once
shadow_cache used up once
shadow_cache used up once
shadow_cache used up once
phase = 42
shadow_cache used up once
shadow_cache used up once
shadow_cache used up once
shadow_cache used up once
22	4636
22	125449
22	46633
22	6147
shadow_cache used up once
shadow_cache used up once
shadow_cache used up once
shadow_cache used up once
shadow_cache used up once
shadow_cache used up once
shadow_cache used up once
shadow_cache used up once
phase = 43
shadow_cache used up once
shadow_cache used up once
shadow_cache used up once
shadow_cache used up once
shadow_cache used up once
shadow_cache used up once
shadow_cache used up once
shadow_cache used up once
shadow_cache used up once
shadow_cache used up once
shadow_cache used up once
phase = 9
shadow_cache used up once
shadow_cache used up once
shadow_cache used up once
phase = 44
23	117974
23	5565
23	49542
shadow_cache used up once
23	9389
shadow_cache used up once
shadow_cache used up once
shadow_cache used up once
shadow_cache used up once
shadow_cache used up once
shadow_cache used up once
shadow_cache used up once
shadow_cache used up once
shadow_cache used up once
shadow_cache used up once
shadow_cache used up once
Hit: Address 17fff65066b80 got flushed counter=4
shadow_cache used up once
shadow_cache used up once
phase = 45
shadow_cache used up once
shadow_cache used up once
shadow_cache used up once
shadow_cache used up once
shadow_cache used up once
24	98619
24	1574
24	1744
24	55792
shadow_cache used up once
shadow_cache used up once
shadow_cache used up once
shadow_cache used up once
shadow_cache used up once
shadow_cache used up once
shadow_cache used up once
shadow_cache used up once
phase = 46
shadow_cache used up once
shadow_cache used up once
shadow_cache used up once
shadow_cache used up once
shadow_cache used up once
shadow_cache used up once
shadow_cache used up once
shadow_cache used up once
shadow_cache used up once
shadow_cache used up once
shadow_cache used up once
25	92330
25	3690
25	61754
25	9439
shadow_cache used up once
phase = 47
shadow_cache used up once
shadow_cache used up once
shadow_cache used up once
shadow_cache used up once
shadow_cache used up once
shadow_cache used up once
shadow_cache used up once
shadow_cache used up once
shadow_cache used up once
shadow_cache used up once
shadow_cache used up once
shadow_cache used up once
shadow_cache used up once
phase = 48
shadow_cache used up once
shadow_cache used up once
shadow_cache used up once
phase = 10
shadow_cache used up once
shadow_cache used up once
shadow_cache used up once
shadow_cache used up once
26	5751
26	55792
26	107845
26	12750
shadow_cache used up once
shadow_cache used up once
shadow_cache used up once
shadow_cache used up once
shadow_cache used up once
shadow_cache used up once
phase = 49
shadow_cache used up once
shadow_cache used up once
shadow_cache used up once
shadow_cache used up once
shadow_cache used up once
shadow_cache used up once
shadow_cache used up once
shadow_cache used up once
shadow_cache used up once
shadow_cache used up once
shadow_cache used up once
phase = 50
shadow_cache used up once
shadow_cache used up once
shadow_cache used up once
shadow_cache used up once
shadow_cache used up once
27	5753
27	89317
27	78575
27	7544
phase = 0
shadow_cache used up once
shadow_cache used up once
phase = 51
shadow_cache used up once
shadow_cache used up once
shadow_cache used up once
shadow_cache used up once
shadow_cache used up once
shadow_cache used up once
shadow_cache used up once
shadow_cache used up once
shadow_cache used up once
shadow_cache used up once
28	39885
28	37943
28	13571
28	8110
shadow_cache used up once
phase = 52
shadow_cache used up once
shadow_cache used up once
shadow_cache used up once
phase = 11
Hit: Address 17fff65066b80 got flushed counter=5
shadow_cache used up once
shadow_cache used up once
phase = 6
shadow_cache used up once
shadow_cache used up once
shadow_cache used up once
29	22203
29	22866
29	5411
29	28782
shadow_cache used up once
shadow_cache used up once
shadow_cache used up once
shadow_cache used up once
shadow_cache used up once
shadow_cache used up once
phase = 53
shadow_cache used up once
shadow_cache used up once
shadow_cache used up once
2a	34978
2a	35011
2a	12551
2a	6588
shadow_cache used up once
shadow_cache used up once
shadow_cache used up once
shadow_cache used up once
shadow_cache used up once
shadow_cache used up once
shadow_cache used up once
shadow_cache used up once
phase = 54
shadow_cache used up once
shadow_cache used up once
shadow_cache used up once
shadow_cache used up once
2b	34689
2b	35969
2b	5835
2b	12632
shadow_cache used up once
shadow_cache used up once
shadow_cache used up once
phase = 7
shadow_cache used up once
shadow_cache used up once
shadow_cache used up once
shadow_cache used up once
shadow_cache used up once
phase = 55
shadow_cache used up once
shadow_cache used up once
2c	35848
2c	34623
2c	12628
2c	5931
shadow_cache used up once
shadow_cache used up once
shadow_cache used up once
shadow_cache used up once
shadow_cache used up once
shadow_cache used up once
shadow_cache used up once
phase = 12
shadow_cache used up once
phase = 56
shadow_cache used up once
shadow_cache used up once
2d	32197
2d	32866
2d	6981
2d	17380
shadow_cache used up once
shadow_cache used up once
Hit: Address 1000002197b80 got flushed counter=6
shadow_cache used up once
shadow_cache used up once
shadow_cache used up once
shadow_cache used up once
shadow_cache used up once
shadow_cache used up once
shadow_cache used up once
2e	25979
2e	25081
2e	24060
2e	5509
shadow_cache used up once
shadow_cache used up once
shadow_cache used up once
phase = 8
phase = 57
shadow_cache used up once
shadow_cache used up once
shadow_cache used up once
shadow_cache used up once
shadow_cache used up once
shadow_cache used up once
shadow_cache used up once
2f	34955
2f	36027
2f	11526
2f	6562
shadow_cache used up once
shadow_cache used up once
shadow_cache used up once
shadow_cache used up once
phase = 58
phase = 13
shadow_cache used up once
shadow_cache used up once
shadow_cache used up once
shadow_cache used up once
shadow_cache used up once
shadow_cache used up once
30	37087
30	30669
30	12517
30	8619
shadow_cache used up once
shadow_cache used up once
shadow_cache used up once
shadow_cache used up once
phase = 59
shadow_cache used up once
shadow_cache used up once
shadow_cache used up once
shadow_cache used up once
phase = 9
shadow_cache used up once
shadow_cache used up once
31	39353
31	28268
31	9397
31	12117
shadow_cache used up once
shadow_cache used up once
shadow_cache used up once
shadow_cache used up once
phase = 60
shadow_cache used up once
shadow_cache used up once
shadow_cache used up once
shadow_cache used up once
shadow_cache used up once
32	18839
32	27611
32	26765
32	8528
Hit: Address 1000002197b80 got flushed counter=7
phase = 14
shadow_cache used up once
shadow_cache used up once
shadow_cache used up once
shadow_cache used up once
shadow_cache used up once
shadow_cache used up once
shadow_cache used up once
shadow_cache used up once
shadow_cache used up once
shadow_cache used up once
shadow_cache used up once
phase = 61
shadow_cache used up once
shadow_cache used up once
33	35499
33	9512
33	11138
33	49303
shadow_cache used up once
shadow_cache used up once
shadow_cache used up once
shadow_cache used up once
shadow_cache used up once
shadow_cache used up once
shadow_cache used up once
shadow_cache used up once
shadow_cache used up once
shadow_cache used up once
shadow_cache used up once
phase = 62
shadow_cache used up once
shadow_cache used up once
shadow_cache used up once
shadow_cache used up once
shadow_cache used up once
shadow_cache used up once
34	54126
34	3694
34	11193
34	80622
shadow_cache used up once
shadow_cache used up once
shadow_cache used up once
shadow_cache used up once
shadow_cache used up once
shadow_cache used up once
phase = 63
shadow_cache used up once
shadow_cache used up once
shadow_cache used up once
shadow_cache used up once
shadow_cache used up once
shadow_cache used up once
shadow_cache used up once
shadow_cache used up once
shadow_cache used up once
shadow_cache used up once
[TRACE:1] -- DONE --
[TRACE:2] -- STOP --
[TRACE:3] -- STOP --
[TRACE:0] -- STOP --
[SNIPER] Disabling performance models
[SNIPER] Leaving ROI after 2143.07 seconds
[SNIPER] Simulated 596.5M instructions, 179.3M cycles, 3.33 IPC
[SNIPER] Simulation speed 278.3 KIPS (69.6 KIPS / target core - 14371.5ns/instr)
[SNIPER] Setting instrumentation mode to FAST_FORWARD
Hawkeye Victims: 0
LRU Victims: 0
Hawkeye Victims: 0
LRU Victims: 0
Hawkeye Victims: 0
LRU Victims: 0
Hawkeye Victims: 0
LRU Victims: 0
Inserted: 0
Redundant.progress: 0
Redundant.cache: 0
Redundant.buffer: 0
Hawkeye Victims: 0
LRU Victims: 0
Inserted: 0
Redundant.progress: 0
Redundant.cache: 0
Redundant.buffer: 0
Hawkeye Victims: 0
LRU Victims: 0
phase = 10
Inserted: 11a93
Redundant.progress: 319
Redundant.cache: 774
Redundant.buffer: 0
Hawkeye Victims: 0
LRU Victims: 0
Hawkeye Victims: 0
LRU Victims: 0
Hawkeye Victims: 0
LRU Victims: 0
Hawkeye Victims: 0
LRU Victims: 0
Inserted: 0
Redundant.progress: 0
Redundant.cache: 0
Redundant.buffer: 0
Hawkeye Victims: 0
LRU Victims: 0
Inserted: 0
Redundant.progress: 0
Redundant.cache: 0
Redundant.buffer: 0
phase = 15
Inserted: 15a40b
Redundant.progress: 1ac
Redundant.cache: 8d3e9
Redundant.buffer: 0
Hawkeye Victims: 0
LRU Victims: 0
Hawkeye Victims: 0
LRU Victims: 0
Hawkeye Victims: 0
LRU Victims: 0
Hawkeye Victims: 0
LRU Victims: 0
Inserted: 0
Redundant.progress: 0
Redundant.cache: 0
Redundant.buffer: 0
Hawkeye Victims: 0
LRU Victims: 0
Inserted: 0
Redundant.progress: 0
Redundant.cache: 0
Redundant.buffer: 0
phase = 64
Inserted: 5b0f7b
Redundant.progress: d7057
Redundant.cache: 49f8d
Redundant.buffer: 0
Hawkeye Victims: 0
LRU Victims: 0
Hawkeye Victims: 0
LRU Victims: 0
Hawkeye Victims: 0
LRU Victims: 0
Hawkeye Victims: 0
LRU Victims: 0
Inserted: 0
Redundant.progress: 0
Redundant.cache: 0
Redundant.buffer: 0
Hawkeye Victims: 0
LRU Victims: 0
Inserted: 0
Redundant.progress: 0
Redundant.cache: 0
Redundant.buffer: 0
phase = 1
Inserted: be8c
Redundant.progress: 336
Redundant.cache: 6c80
Redundant.buffer: 0
[SNIPER] End
[SNIPER] Elapsed time: 2183.45 seconds
