[SNIPER] Start
Sampler: 4, 32, 0
itlb_cache: 32, 1
itlb_cache_L1: 32, 1
Sampler: 4, 128, 0
dtlb_cache: 128, 4
dtlb_cache_L1: 128, 4
L1-I 2
Sampler: 4, 4, 128
L1-I: 2048, 64
L1-I_L1: 2048, 64
L1-D 3
Sampler: 4, 8, 32
L1-D: 1024, 32
L1-D_L1: 1024, 32
L2 4
Sampler: 122, 16, 16
L2: 32768, 1024
L2_L1: 32768, 1024
Executing Python script /v/filer4b/v20q001/ypei/Desktop/cs395t-lin/output/low_bandwidth/run_all_hybrid_headroom9/bzip2/10/sim.scripts.py
[STOPBYICOUNT] Starting in ROI (detail)
[STOPBYICOUNT] Then stopping after simulating at least 250000000 instructions in detail
[SNIPER] --------------------------------------------------------------------------------
[SNIPER] Sniper using SIFT/trace-driven frontend
[SNIPER] Running full application in DETAILED mode
[SNIPER] --------------------------------------------------------------------------------
[SNIPER] Enabling performance models
[SNIPER] Setting instrumentation mode to DETAILED
[STOPBYICOUNT] Ending ROI after 250000005 instructions (250000000 requested)
[SNIPER] Disabling performance models
[SNIPER] Leaving ROI after 1032.10 seconds
[SNIPER] Simulated 250.0M instructions, 195.7M cycles, 1.28 IPC
[SNIPER] Simulation speed 242.2 KIPS (242.2 KIPS / target core - 4128.5ns/instr)
[SNIPER] Setting instrumentation mode to FAST_FORWARD
[app0] [SIFT_RECORDER] sift_writer.cc:550: Sift::Mode Sift::Writer::Sync(): Assertion `!response->fail()' failed.
[app0] Pin app terminated abnormally due to signal 6.
Hawkeye Victims: 0
LRU Victims: 0
Hawkeye Victims: 0
LRU Victims: 0
Hawkeye Victims: 0
LRU Victims: 0
a test for execution

Inserted: 0
Redundant.progress: 0
Redundant.cache: 0
Redundant.buffer: 0
Hawkeye Victims: 0
LRU Victims: 0
a test for execution

Inserted: 0
Redundant.progress: 0
Redundant.cache: 0
Redundant.buffer: 0
Hawkeye Victims: 0
LRU Victims: 0
 =========================================================== 
Triggers: 1975670
Repeats: 0

Same addr: 676158 34.2242
New addr: 482 0.0243968

Distribution of new addresses: 
Stream Head: 341 70.7469
Stream Divergence: 1108383 229955

Invalidation count: 1185527 245960
No Conflict count: 77802 16141.5
Same Stream count: 0 0
New Stream count: 0 0

Not found: 1297186
On Chip Mispredictions: 0
 =========================================================== 
Distribution of predictions: 
Predict Init: 1863529 94.3239
Total Predictions: 1852348
Predict OCI Miss: 4475 0.240136
Predict Stream End: 11181 0.599991
Buffer Success: 0 0
Stride Distribution: 0, 132985, 100556, 101292, 141864, 109710, 68218, 46506, 64906, 190256, 76406, 36800, 53360, 45816, 70334, 24840, 69230, 0, 21574, 0, 39744, 0, 0, 0, 27600, 0, 0, 0, 0, 0, 27600, 0, 38962, 0, 0, 0, 39652, 0, 0, 0, 18400, 0, 0, 0, 0, 0, 0, 0, 0, 0, 0, 0, 0, 0, 0, 0, 0, 0, 0, 0, 0, 0, 0, 0, 0, 0, 33, 0, 0, 0, 0, 0, 20813104, 0, 49, 0, 15, 0, 15, 0, 0, 6644585, 1868787317, 1915577714, 1702195557, 7566451, 113, 0, 5073232, 0, 17486496, 0, 0, 0, 5073232, 0, 18044912, 0, 0, 0, 5073232, 0, 18317232, 0, 0, 0, 5165152, 0, 1555631472, 11091, 0, 11091, 20811408, 0, 49, 0, 6, 0, 6, 0, 0, 0, 1919906931, 29541, 48, 0, 49, 0, 
a test for execution

Inserted: 3503517
Redundant.progress: 6823
Redundant.cache: 3212318
Redundant.buffer: 0
[SNIPER] End
[SNIPER] Elapsed time: 1034.55 seconds
