000 (515926.000.000) 05/05 17:12:18 Job submitted from host: <128.83.144.149:44250?addrs=128.83.144.149-44250>
...
001 (515926.000.000) 05/05 17:12:28 Job executing on host: <128.83.139.6:57138?addrs=128.83.139.6-57138>
...
006 (515926.000.000) 05/05 17:12:36 Image size of job updated: 1
	2  -  MemoryUsage of job (MB)
	1688  -  ResidentSetSize of job (KB)
...
006 (515926.000.000) 05/05 17:12:50 Image size of job updated: 793428
	52  -  MemoryUsage of job (MB)
	52544  -  ResidentSetSize of job (KB)
...
004 (515926.000.000) 05/05 17:12:50 Job was evicted.
	(0) Job was not checkpointed.
		Usr 0 00:00:00, Sys 0 00:00:00  -  Run Remote Usage
		Usr 0 00:00:00, Sys 0 00:00:00  -  Run Local Usage
	0  -  Run Bytes Sent By Job
	0  -  Run Bytes Received By Job
	Partitionable Resources :    Usage  Request Allocated
	   Cpus                 :                 1         1
	   Disk (KB)            :        1        1   1673997
	   Gpus                 :                           0
	   Memory (MB)          :       52        1     12899
...
009 (515926.000.000) 05/05 17:12:50 Job was aborted by the user.
	via condor_rm (by user ypei)
...
000 (515956.000.000) 05/05 17:13:07 Job submitted from host: <128.83.144.149:44250?addrs=128.83.144.149-44250>
...
001 (515956.000.000) 05/05 17:13:32 Job executing on host: <128.83.120.250:59851?addrs=128.83.120.250-59851>
...
006 (515956.000.000) 05/05 17:13:41 Image size of job updated: 791596
	56  -  MemoryUsage of job (MB)
	56520  -  ResidentSetSize of job (KB)
...
006 (515956.000.000) 05/05 17:14:26 Image size of job updated: 792716
	56  -  MemoryUsage of job (MB)
	56520  -  ResidentSetSize of job (KB)
...
004 (515956.000.000) 05/05 17:14:26 Job was evicted.
	(0) Job was not checkpointed.
		Usr 0 00:00:00, Sys 0 00:00:00  -  Run Remote Usage
		Usr 0 00:00:00, Sys 0 00:00:00  -  Run Local Usage
	0  -  Run Bytes Sent By Job
	0  -  Run Bytes Received By Job
	Partitionable Resources :    Usage  Request Allocated
	   Cpus                 :                 1         1
	   Disk (KB)            :        1        1    815266
	   Gpus                 :                           0
	   Memory (MB)          :       56        1     12899
...
009 (515956.000.000) 05/05 17:14:27 Job was aborted by the user.
	via condor_rm (by user ypei)
...
000 (516181.000.000) 05/05 17:14:50 Job submitted from host: <128.83.144.149:44250?addrs=128.83.144.149-44250>
...
001 (516181.000.000) 05/05 17:14:59 Job executing on host: <128.83.120.250:59851?addrs=128.83.120.250-59851>
...
006 (516181.000.000) 05/05 17:15:08 Image size of job updated: 340460
	21  -  MemoryUsage of job (MB)
	21276  -  ResidentSetSize of job (KB)
...
006 (516181.000.000) 05/05 17:18:11 Image size of job updated: 964956
	95  -  MemoryUsage of job (MB)
	96544  -  ResidentSetSize of job (KB)
...
004 (516181.000.000) 05/05 17:18:11 Job was evicted.
	(0) Job was not checkpointed.
		Usr 0 00:00:56, Sys 0 00:00:01  -  Run Remote Usage
		Usr 0 00:00:00, Sys 0 00:00:00  -  Run Local Usage
	0  -  Run Bytes Sent By Job
	0  -  Run Bytes Received By Job
	Partitionable Resources :    Usage  Request Allocated
	   Cpus                 :                 1         1
	   Disk (KB)            :        1        1    815266
	   Gpus                 :                           0
	   Memory (MB)          :       95        1     12899
...
009 (516181.000.000) 05/05 17:18:11 Job was aborted by the user.
	via condor_rm (by user ypei)
...
000 (516388.000.000) 05/05 17:18:20 Job submitted from host: <128.83.144.149:44250?addrs=128.83.144.149-44250>
...
001 (516388.000.000) 05/05 17:18:29 Job executing on host: <128.83.120.250:59851?addrs=128.83.120.250-59851>
...
006 (516388.000.000) 05/05 17:18:38 Image size of job updated: 791756
	56  -  MemoryUsage of job (MB)
	56764  -  ResidentSetSize of job (KB)
...
006 (516388.000.000) 05/05 17:21:20 Image size of job updated: 964820
	96  -  MemoryUsage of job (MB)
	97796  -  ResidentSetSize of job (KB)
...
004 (516388.000.000) 05/05 17:21:20 Job was evicted.
	(0) Job was not checkpointed.
		Usr 0 00:01:16, Sys 0 00:00:01  -  Run Remote Usage
		Usr 0 00:00:00, Sys 0 00:00:00  -  Run Local Usage
	0  -  Run Bytes Sent By Job
	0  -  Run Bytes Received By Job
	Partitionable Resources :    Usage  Request Allocated
	   Cpus                 :                 1         1
	   Disk (KB)            :        1        1    812581
	   Gpus                 :                           0
	   Memory (MB)          :       96        1     12899
...
009 (516388.000.000) 05/05 17:21:20 Job was aborted by the user.
	via condor_rm (by user ypei)
...
000 (517009.000.000) 05/05 17:21:42 Job submitted from host: <128.83.144.149:44250?addrs=128.83.144.149-44250>
...
001 (517009.000.000) 05/05 17:21:53 Job executing on host: <128.83.120.230:37764?addrs=128.83.120.230-37764>
...
006 (517009.000.000) 05/05 17:22:02 Image size of job updated: 791756
	54  -  MemoryUsage of job (MB)
	54720  -  ResidentSetSize of job (KB)
...
006 (517009.000.000) 05/05 17:27:03 Image size of job updated: 965184
	111  -  MemoryUsage of job (MB)
	113664  -  ResidentSetSize of job (KB)
...
006 (517009.000.000) 05/05 17:32:04 Image size of job updated: 969184
	121  -  MemoryUsage of job (MB)
	122972  -  ResidentSetSize of job (KB)
...
006 (517009.000.000) 05/05 17:37:04 Image size of job updated: 969760
	129  -  MemoryUsage of job (MB)
	131656  -  ResidentSetSize of job (KB)
...
006 (517009.000.000) 05/05 17:42:05 Image size of job updated: 969784
	134  -  MemoryUsage of job (MB)
	137104  -  ResidentSetSize of job (KB)
...
005 (517009.000.000) 05/05 17:42:08 Job terminated.
	(1) Normal termination (return value 0)
		Usr 0 00:18:38, Sys 0 00:00:15  -  Run Remote Usage
		Usr 0 00:00:00, Sys 0 00:00:00  -  Run Local Usage
		Usr 0 00:18:38, Sys 0 00:00:15  -  Total Remote Usage
		Usr 0 00:00:00, Sys 0 00:00:00  -  Total Local Usage
	0  -  Run Bytes Sent By Job
	0  -  Run Bytes Received By Job
	0  -  Total Bytes Sent By Job
	0  -  Total Bytes Received By Job
	Partitionable Resources :    Usage  Request Allocated
	   Cpus                 :                 1         1
	   Disk (KB)            :        1        1    827436
	   Gpus                 :                           0
	   Memory (MB)          :      134        1     12899
...
000 (382440.000.000) 05/07 03:39:51 Job submitted from host: <128.83.144.155:57685?addrs=128.83.144.155-57685>
...
001 (382440.000.000) 05/07 04:03:44 Job executing on host: <128.83.139.15:46714?addrs=128.83.139.15-46714>
...
006 (382440.000.000) 05/07 04:03:53 Image size of job updated: 1
	2  -  MemoryUsage of job (MB)
	1672  -  ResidentSetSize of job (KB)
...
006 (382440.000.000) 05/07 04:08:54 Image size of job updated: 965100
	114  -  MemoryUsage of job (MB)
	115856  -  ResidentSetSize of job (KB)
...
006 (382440.000.000) 05/07 04:13:54 Image size of job updated: 969100
	123  -  MemoryUsage of job (MB)
	125096  -  ResidentSetSize of job (KB)
...
006 (382440.000.000) 05/07 04:18:54 Image size of job updated: 969700
	130  -  MemoryUsage of job (MB)
	132124  -  ResidentSetSize of job (KB)
...
006 (382440.000.000) 05/07 04:23:55 Image size of job updated: 969956
	136  -  MemoryUsage of job (MB)
	138620  -  ResidentSetSize of job (KB)
...
005 (382440.000.000) 05/07 04:25:37 Job terminated.
	(1) Normal termination (return value 0)
		Usr 0 00:21:07, Sys 0 00:00:22  -  Run Remote Usage
		Usr 0 00:00:00, Sys 0 00:00:00  -  Run Local Usage
		Usr 0 00:21:07, Sys 0 00:00:22  -  Total Remote Usage
		Usr 0 00:00:00, Sys 0 00:00:00  -  Total Local Usage
	0  -  Run Bytes Sent By Job
	0  -  Run Bytes Received By Job
	0  -  Total Bytes Sent By Job
	0  -  Total Bytes Received By Job
	Partitionable Resources :    Usage  Request Allocated
	   Cpus                 :                 1         1
	   Disk (KB)            :        1        1   1672474
	   Gpus                 :                           0
	   Memory (MB)          :      136        1     12899
...
000 (518458.000.000) 05/07 13:18:15 Job submitted from host: <128.83.144.149:44250?addrs=128.83.144.149-44250>
...
001 (518458.000.000) 05/07 13:18:53 Job executing on host: <128.83.139.6:57138?addrs=128.83.139.6-57138>
...
006 (518458.000.000) 05/07 13:19:02 Image size of job updated: 792404
	56  -  MemoryUsage of job (MB)
	57292  -  ResidentSetSize of job (KB)
...
006 (518458.000.000) 05/07 13:23:39 Image size of job updated: 965100
	56  -  MemoryUsage of job (MB)
	57292  -  ResidentSetSize of job (KB)
...
004 (518458.000.000) 05/07 13:23:39 Job was evicted.
	(0) Job was not checkpointed.
		Usr 0 00:03:21, Sys 0 00:00:06  -  Run Remote Usage
		Usr 0 00:00:00, Sys 0 00:00:00  -  Run Local Usage
	0  -  Run Bytes Sent By Job
	0  -  Run Bytes Received By Job
	Partitionable Resources :    Usage  Request Allocated
	   Cpus                 :                 1         1
	   Disk (KB)            :        1        1   1661809
	   Gpus                 :                           0
	   Memory (MB)          :       56        1     12899
...
009 (518458.000.000) 05/07 13:23:41 Job was aborted by the user.
	via condor_rm (by user ypei)
...
000 (518665.000.000) 05/07 13:23:46 Job submitted from host: <128.83.144.149:44250?addrs=128.83.144.149-44250>
...
001 (518665.000.000) 05/07 13:23:55 Job executing on host: <128.83.144.55:40067?addrs=128.83.144.55-40067>
...
006 (518665.000.000) 05/07 13:24:03 Image size of job updated: 792404
	54  -  MemoryUsage of job (MB)
	55248  -  ResidentSetSize of job (KB)
...
006 (518665.000.000) 05/07 13:29:03 Image size of job updated: 965120
	111  -  MemoryUsage of job (MB)
	113492  -  ResidentSetSize of job (KB)
...
006 (518665.000.000) 05/07 13:34:04 Image size of job updated: 968912
	118  -  MemoryUsage of job (MB)
	120516  -  ResidentSetSize of job (KB)
...
006 (518665.000.000) 05/07 13:39:05 Image size of job updated: 969184
	123  -  MemoryUsage of job (MB)
	125776  -  ResidentSetSize of job (KB)
...
006 (518665.000.000) 05/07 13:44:05 Image size of job updated: 969656
	131  -  MemoryUsage of job (MB)
	133468  -  ResidentSetSize of job (KB)
...
006 (518665.000.000) 05/07 13:49:06 Image size of job updated: 969672
	134  -  MemoryUsage of job (MB)
	136796  -  ResidentSetSize of job (KB)
...
005 (518665.000.000) 05/07 13:49:31 Job terminated.
	(1) Normal termination (return value 0)
		Usr 0 00:24:01, Sys 0 00:00:23  -  Run Remote Usage
		Usr 0 00:00:00, Sys 0 00:00:00  -  Run Local Usage
		Usr 0 00:24:01, Sys 0 00:00:23  -  Total Remote Usage
		Usr 0 00:00:00, Sys 0 00:00:00  -  Total Local Usage
	0  -  Run Bytes Sent By Job
	0  -  Run Bytes Received By Job
	0  -  Total Bytes Sent By Job
	0  -  Total Bytes Received By Job
	Partitionable Resources :    Usage  Request Allocated
	   Cpus                 :                 1         1
	   Disk (KB)            :        1        1   7499962
	   Gpus                 :                           0
	   Memory (MB)          :      134        1      4027
...
000 (519079.000.000) 05/07 14:36:26 Job submitted from host: <128.83.144.149:44250?addrs=128.83.144.149-44250>
...
001 (519079.000.000) 05/07 14:36:40 Job executing on host: <128.83.144.147:58788?addrs=128.83.144.147-58788>
...
006 (519079.000.000) 05/07 14:36:49 Image size of job updated: 340328
	21  -  MemoryUsage of job (MB)
	21312  -  ResidentSetSize of job (KB)
...
006 (519079.000.000) 05/07 14:41:50 Image size of job updated: 968788
	119  -  MemoryUsage of job (MB)
	121812  -  ResidentSetSize of job (KB)
...
006 (519079.000.000) 05/07 14:46:51 Image size of job updated: 969308
	127  -  MemoryUsage of job (MB)
	129768  -  ResidentSetSize of job (KB)
...
006 (519079.000.000) 05/07 14:51:51 Image size of job updated: 969796
	136  -  MemoryUsage of job (MB)
	138532  -  ResidentSetSize of job (KB)
...
005 (519079.000.000) 05/07 14:52:43 Job terminated.
	(1) Normal termination (return value 0)
		Usr 0 00:14:49, Sys 0 00:00:06  -  Run Remote Usage
		Usr 0 00:00:00, Sys 0 00:00:00  -  Run Local Usage
		Usr 0 00:14:49, Sys 0 00:00:06  -  Total Remote Usage
		Usr 0 00:00:00, Sys 0 00:00:00  -  Total Local Usage
	0  -  Run Bytes Sent By Job
	0  -  Run Bytes Received By Job
	0  -  Total Bytes Sent By Job
	0  -  Total Bytes Received By Job
	Partitionable Resources :    Usage  Request Allocated
	   Cpus                 :                 1         1
	   Disk (KB)            :        1        1   1911592
	   Gpus                 :                           0
	   Memory (MB)          :      136        1     21164
...
000 (382854.000.000) 05/07 20:16:56 Job submitted from host: <128.83.144.155:57685?addrs=128.83.144.155-57685>
...
001 (382854.000.000) 05/07 20:36:04 Job executing on host: <128.83.144.96:35052?addrs=128.83.144.96-35052>
...
006 (382854.000.000) 05/07 20:36:12 Image size of job updated: 1
	2  -  MemoryUsage of job (MB)
	1628  -  ResidentSetSize of job (KB)
...
006 (382854.000.000) 05/07 20:41:12 Image size of job updated: 968972
	127  -  MemoryUsage of job (MB)
	129544  -  ResidentSetSize of job (KB)
...
006 (382854.000.000) 05/07 20:46:12 Image size of job updated: 969216
	135  -  MemoryUsage of job (MB)
	137348  -  ResidentSetSize of job (KB)
...
006 (382854.000.000) 05/07 20:51:13 Image size of job updated: 969700
	143  -  MemoryUsage of job (MB)
	145776  -  ResidentSetSize of job (KB)
...
005 (382854.000.000) 05/07 20:51:50 Job terminated.
	(1) Normal termination (return value 0)
		Usr 0 00:15:31, Sys 0 00:00:06  -  Run Remote Usage
		Usr 0 00:00:00, Sys 0 00:00:00  -  Run Local Usage
		Usr 0 00:15:31, Sys 0 00:00:06  -  Total Remote Usage
		Usr 0 00:00:00, Sys 0 00:00:00  -  Total Local Usage
	0  -  Run Bytes Sent By Job
	0  -  Run Bytes Received By Job
	0  -  Total Bytes Sent By Job
	0  -  Total Bytes Received By Job
	Partitionable Resources :    Usage  Request Allocated
	   Cpus                 :                 1         1
	   Disk (KB)            :        1        1   2219663
	   Gpus                 :                           0
	   Memory (MB)          :      143        1      4028
...
000 (384096.000.000) 05/08 05:52:58 Job submitted from host: <128.83.144.155:57685?addrs=128.83.144.155-57685>
...
001 (384096.000.000) 05/08 06:13:54 Job executing on host: <128.83.120.228:59989?addrs=128.83.120.228-59989>
...
006 (384096.000.000) 05/08 06:14:03 Image size of job updated: 1
	2  -  MemoryUsage of job (MB)
	1680  -  ResidentSetSize of job (KB)
...
006 (384096.000.000) 05/08 06:19:04 Image size of job updated: 965104
	113  -  MemoryUsage of job (MB)
	115104  -  ResidentSetSize of job (KB)
...
006 (384096.000.000) 05/08 06:24:05 Image size of job updated: 969104
	122  -  MemoryUsage of job (MB)
	124280  -  ResidentSetSize of job (KB)
...
006 (384096.000.000) 05/08 06:29:05 Image size of job updated: 969500
	130  -  MemoryUsage of job (MB)
	132308  -  ResidentSetSize of job (KB)
...
006 (384096.000.000) 05/08 06:34:06 Image size of job updated: 969700
	135  -  MemoryUsage of job (MB)
	137764  -  ResidentSetSize of job (KB)
...
005 (384096.000.000) 05/08 06:35:17 Job terminated.
	(1) Normal termination (return value 0)
		Usr 0 00:20:29, Sys 0 00:00:30  -  Run Remote Usage
		Usr 0 00:00:00, Sys 0 00:00:00  -  Run Local Usage
		Usr 0 00:20:29, Sys 0 00:00:30  -  Total Remote Usage
		Usr 0 00:00:00, Sys 0 00:00:00  -  Total Local Usage
	0  -  Run Bytes Sent By Job
	0  -  Run Bytes Received By Job
	0  -  Total Bytes Sent By Job
	0  -  Total Bytes Received By Job
	Partitionable Resources :    Usage  Request Allocated
	   Cpus                 :                 1         1
	   Disk (KB)            :        1        1    781727
	   Gpus                 :                           0
	   Memory (MB)          :      135        1     12899
...
000 (417489.000.000) 05/09 03:37:23 Job submitted from host: <128.83.144.154:52346?addrs=128.83.144.154-52346>
...
001 (417489.000.000) 05/09 03:56:56 Job executing on host: <128.83.144.84:60326?addrs=128.83.144.84-60326>
...
006 (417489.000.000) 05/09 03:57:04 Image size of job updated: 797548
	62  -  MemoryUsage of job (MB)
	62612  -  ResidentSetSize of job (KB)
...
006 (417489.000.000) 05/09 04:02:04 Image size of job updated: 968924
	120  -  MemoryUsage of job (MB)
	122268  -  ResidentSetSize of job (KB)
...
006 (417489.000.000) 05/09 04:07:04 Image size of job updated: 969444
	126  -  MemoryUsage of job (MB)
	128820  -  ResidentSetSize of job (KB)
...
006 (417489.000.000) 05/09 04:12:05 Image size of job updated: 969932
	136  -  MemoryUsage of job (MB)
	138292  -  ResidentSetSize of job (KB)
...
005 (417489.000.000) 05/09 04:14:11 Job terminated.
	(1) Normal termination (return value 0)
		Usr 0 00:17:01, Sys 0 00:00:09  -  Run Remote Usage
		Usr 0 00:00:00, Sys 0 00:00:00  -  Run Local Usage
		Usr 0 00:17:01, Sys 0 00:00:09  -  Total Remote Usage
		Usr 0 00:00:00, Sys 0 00:00:00  -  Total Local Usage
	0  -  Run Bytes Sent By Job
	0  -  Run Bytes Received By Job
	0  -  Total Bytes Sent By Job
	0  -  Total Bytes Received By Job
	Partitionable Resources :    Usage  Request Allocated
	   Cpus                 :                 1         1
	   Disk (KB)            :        2        2   7541873
	   Gpus                 :                           0
	   Memory (MB)          :      136        1      4027
...
