000 (516096.000.000) 05/05 17:13:20 Job submitted from host: <128.83.144.149:44250?addrs=128.83.144.149-44250>
...
009 (516096.000.000) 05/05 17:14:26 Job was aborted by the user.
	via condor_rm (by user ypei)
...
000 (516303.000.000) 05/05 17:15:05 Job submitted from host: <128.83.144.149:44250?addrs=128.83.144.149-44250>
...
009 (516303.000.000) 05/05 17:18:07 Job was aborted by the user.
	via condor_rm (by user ypei)
...
000 (516510.000.000) 05/05 17:18:35 Job submitted from host: <128.83.144.149:44250?addrs=128.83.144.149-44250>
...
009 (516510.000.000) 05/05 17:21:26 Job was aborted by the user.
	via condor_rm (by user ypei)
...
000 (517131.000.000) 05/05 17:21:59 Job submitted from host: <128.83.144.149:44250?addrs=128.83.144.149-44250>
...
001 (517131.000.000) 05/05 17:33:22 Job executing on host: <128.83.120.229:58979?addrs=128.83.120.229-58979>
...
006 (517131.000.000) 05/05 17:33:31 Image size of job updated: 1
	2  -  MemoryUsage of job (MB)
	1672  -  ResidentSetSize of job (KB)
...
006 (517131.000.000) 05/05 17:38:32 Image size of job updated: 1092860
	199  -  MemoryUsage of job (MB)
	203716  -  ResidentSetSize of job (KB)
...
006 (517131.000.000) 05/05 17:43:32 Image size of job updated: 1093928
	236  -  MemoryUsage of job (MB)
	241192  -  ResidentSetSize of job (KB)
...
006 (517131.000.000) 05/05 17:48:32 Image size of job updated: 1093972
	246  -  MemoryUsage of job (MB)
	251744  -  ResidentSetSize of job (KB)
...
006 (517131.000.000) 05/05 17:53:33 Image size of job updated: 1093988
	253  -  MemoryUsage of job (MB)
	258156  -  ResidentSetSize of job (KB)
...
005 (517131.000.000) 05/05 17:53:34 Job terminated.
	(1) Normal termination (return value 0)
		Usr 0 00:19:55, Sys 0 00:00:14  -  Run Remote Usage
		Usr 0 00:00:00, Sys 0 00:00:00  -  Run Local Usage
		Usr 0 00:19:55, Sys 0 00:00:14  -  Total Remote Usage
		Usr 0 00:00:00, Sys 0 00:00:00  -  Total Local Usage
	0  -  Run Bytes Sent By Job
	0  -  Run Bytes Received By Job
	0  -  Total Bytes Sent By Job
	0  -  Total Bytes Received By Job
	Partitionable Resources :    Usage  Request Allocated
	   Cpus                 :                 1         1
	   Disk (KB)            :        1        1    828969
	   Gpus                 :                           0
	   Memory (MB)          :      253        1     12899
...
000 (382562.000.000) 05/07 03:40:01 Job submitted from host: <128.83.144.155:57685?addrs=128.83.144.155-57685>
...
001 (382562.000.000) 05/07 04:22:02 Job executing on host: <128.83.120.250:59851?addrs=128.83.120.250-59851>
...
006 (382562.000.000) 05/07 04:22:10 Image size of job updated: 1020652
	88  -  MemoryUsage of job (MB)
	89572  -  ResidentSetSize of job (KB)
...
006 (382562.000.000) 05/07 04:27:10 Image size of job updated: 1027460
	185  -  MemoryUsage of job (MB)
	189360  -  ResidentSetSize of job (KB)
...
006 (382562.000.000) 05/07 04:32:11 Image size of job updated: 1094080
	228  -  MemoryUsage of job (MB)
	232528  -  ResidentSetSize of job (KB)
...
006 (382562.000.000) 05/07 04:37:12 Image size of job updated: 1094148
	236  -  MemoryUsage of job (MB)
	240728  -  ResidentSetSize of job (KB)
...
006 (382562.000.000) 05/07 04:42:12 Image size of job updated: 1094160
	239  -  MemoryUsage of job (MB)
	244556  -  ResidentSetSize of job (KB)
...
006 (382562.000.000) 05/07 04:44:22 Image size of job updated: 1094164
	239  -  MemoryUsage of job (MB)
	244556  -  ResidentSetSize of job (KB)
...
005 (382562.000.000) 05/07 04:44:22 Job terminated.
	(1) Normal termination (return value 0)
		Usr 0 00:21:44, Sys 0 00:00:27  -  Run Remote Usage
		Usr 0 00:00:00, Sys 0 00:00:00  -  Run Local Usage
		Usr 0 00:21:44, Sys 0 00:00:27  -  Total Remote Usage
		Usr 0 00:00:00, Sys 0 00:00:00  -  Total Local Usage
	0  -  Run Bytes Sent By Job
	0  -  Run Bytes Received By Job
	0  -  Total Bytes Sent By Job
	0  -  Total Bytes Received By Job
	Partitionable Resources :    Usage  Request Allocated
	   Cpus                 :                 1         1
	   Disk (KB)            :        1        1    798511
	   Gpus                 :                           0
	   Memory (MB)          :      239        1     12899
...
000 (518580.000.000) 05/07 13:18:25 Job submitted from host: <128.83.144.149:44250?addrs=128.83.144.149-44250>
...
009 (518580.000.000) 05/07 13:23:37 Job was aborted by the user.
	via condor_rm (by user ypei)
...
000 (518787.000.000) 05/07 13:24:00 Job submitted from host: <128.83.144.149:44250?addrs=128.83.144.149-44250>
...
001 (518787.000.000) 05/07 13:36:26 Job executing on host: <128.83.130.85:36469?addrs=128.83.130.85-36469>
...
006 (518787.000.000) 05/07 13:36:35 Image size of job updated: 1
	2  -  MemoryUsage of job (MB)
	1628  -  ResidentSetSize of job (KB)
...
006 (518787.000.000) 05/07 13:41:36 Image size of job updated: 1093796
	196  -  MemoryUsage of job (MB)
	200404  -  ResidentSetSize of job (KB)
...
006 (518787.000.000) 05/07 13:46:36 Image size of job updated: 1093988
	207  -  MemoryUsage of job (MB)
	211312  -  ResidentSetSize of job (KB)
...
005 (518787.000.000) 05/07 13:48:48 Job terminated.
	(1) Normal termination (return value 0)
		Usr 0 00:11:30, Sys 0 00:00:08  -  Run Remote Usage
		Usr 0 00:00:00, Sys 0 00:00:00  -  Run Local Usage
		Usr 0 00:11:30, Sys 0 00:00:08  -  Total Remote Usage
		Usr 0 00:00:00, Sys 0 00:00:00  -  Total Local Usage
	0  -  Run Bytes Sent By Job
	0  -  Run Bytes Received By Job
	0  -  Total Bytes Sent By Job
	0  -  Total Bytes Received By Job
	Partitionable Resources :    Usage  Request Allocated
	   Cpus                 :                 1         1
	   Disk (KB)            :        1        1   1861851
	   Gpus                 :                           0
	   Memory (MB)          :      207        1      2010
...
000 (519201.000.000) 05/07 14:36:37 Job submitted from host: <128.83.144.149:44250?addrs=128.83.144.149-44250>
...
001 (519201.000.000) 05/07 14:50:59 Job executing on host: <128.83.130.161:35317?addrs=128.83.130.161-35317>
...
006 (519201.000.000) 05/07 14:51:08 Image size of job updated: 1
	2  -  MemoryUsage of job (MB)
	1620  -  ResidentSetSize of job (KB)
...
006 (519201.000.000) 05/07 14:56:09 Image size of job updated: 1094024
	209  -  MemoryUsage of job (MB)
	213412  -  ResidentSetSize of job (KB)
...
006 (519201.000.000) 05/07 15:01:09 Image size of job updated: 1094136
	231  -  MemoryUsage of job (MB)
	236348  -  ResidentSetSize of job (KB)
...
006 (519201.000.000) 05/07 15:06:09 Image size of job updated: 1094160
	238  -  MemoryUsage of job (MB)
	242932  -  ResidentSetSize of job (KB)
...
006 (519201.000.000) 05/07 15:07:30 Image size of job updated: 1094168
	238  -  MemoryUsage of job (MB)
	242932  -  ResidentSetSize of job (KB)
...
005 (519201.000.000) 05/07 15:07:30 Job terminated.
	(1) Normal termination (return value 0)
		Usr 0 00:16:08, Sys 0 00:00:09  -  Run Remote Usage
		Usr 0 00:00:00, Sys 0 00:00:00  -  Run Local Usage
		Usr 0 00:16:08, Sys 0 00:00:09  -  Total Remote Usage
		Usr 0 00:00:00, Sys 0 00:00:00  -  Total Local Usage
	0  -  Run Bytes Sent By Job
	0  -  Run Bytes Received By Job
	0  -  Total Bytes Sent By Job
	0  -  Total Bytes Received By Job
	Partitionable Resources :    Usage  Request Allocated
	   Cpus                 :                 1         1
	   Disk (KB)            :        1        1   1909593
	   Gpus                 :                           0
	   Memory (MB)          :      238        1     21164
...
000 (382976.000.000) 05/07 20:17:05 Job submitted from host: <128.83.144.155:57685?addrs=128.83.144.155-57685>
...
001 (382976.000.000) 05/07 20:53:18 Job executing on host: <128.83.120.250:59851?addrs=128.83.120.250-59851>
...
006 (382976.000.000) 05/07 20:53:27 Image size of job updated: 1019924
	74  -  MemoryUsage of job (MB)
	75440  -  ResidentSetSize of job (KB)
...
006 (382976.000.000) 05/07 20:58:28 Image size of job updated: 1027396
	155  -  MemoryUsage of job (MB)
	158708  -  ResidentSetSize of job (KB)
...
006 (382976.000.000) 05/07 21:03:28 Image size of job updated: 1093812
	226  -  MemoryUsage of job (MB)
	230928  -  ResidentSetSize of job (KB)
...
006 (382976.000.000) 05/07 21:08:29 Image size of job updated: 1093876
	234  -  MemoryUsage of job (MB)
	238628  -  ResidentSetSize of job (KB)
...
006 (382976.000.000) 05/07 21:13:30 Image size of job updated: 1093904
	238  -  MemoryUsage of job (MB)
	242912  -  ResidentSetSize of job (KB)
...
006 (382976.000.000) 05/07 21:18:06 Image size of job updated: 1093908
	238  -  MemoryUsage of job (MB)
	242912  -  ResidentSetSize of job (KB)
...
005 (382976.000.000) 05/07 21:18:07 Job terminated.
	(1) Normal termination (return value 0)
		Usr 0 00:24:00, Sys 0 00:00:39  -  Run Remote Usage
		Usr 0 00:00:00, Sys 0 00:00:00  -  Run Local Usage
		Usr 0 00:24:00, Sys 0 00:00:39  -  Total Remote Usage
		Usr 0 00:00:00, Sys 0 00:00:00  -  Total Local Usage
	0  -  Run Bytes Sent By Job
	0  -  Run Bytes Received By Job
	0  -  Total Bytes Sent By Job
	0  -  Total Bytes Received By Job
	Partitionable Resources :    Usage  Request Allocated
	   Cpus                 :                 1         1
	   Disk (KB)            :        2        2    787841
	   Gpus                 :                           0
	   Memory (MB)          :      238        1     12899
...
000 (384218.000.000) 05/08 05:53:08 Job submitted from host: <128.83.144.155:57685?addrs=128.83.144.155-57685>
...
001 (384218.000.000) 05/08 06:28:03 Job executing on host: <128.83.144.159:59431?addrs=128.83.144.159-59431>
...
006 (384218.000.000) 05/08 06:28:12 Image size of job updated: 1
	2  -  MemoryUsage of job (MB)
	1636  -  ResidentSetSize of job (KB)
...
006 (384218.000.000) 05/08 06:33:13 Image size of job updated: 1093804
	225  -  MemoryUsage of job (MB)
	229812  -  ResidentSetSize of job (KB)
...
006 (384218.000.000) 05/08 06:38:13 Image size of job updated: 1093876
	235  -  MemoryUsage of job (MB)
	240040  -  ResidentSetSize of job (KB)
...
006 (384218.000.000) 05/08 06:43:13 Image size of job updated: 1093908
	241  -  MemoryUsage of job (MB)
	246276  -  ResidentSetSize of job (KB)
...
005 (384218.000.000) 05/08 06:43:31 Job terminated.
	(1) Normal termination (return value 0)
		Usr 0 00:15:12, Sys 0 00:00:06  -  Run Remote Usage
		Usr 0 00:00:00, Sys 0 00:00:00  -  Run Local Usage
		Usr 0 00:15:12, Sys 0 00:00:06  -  Total Remote Usage
		Usr 0 00:00:00, Sys 0 00:00:00  -  Total Local Usage
	0  -  Run Bytes Sent By Job
	0  -  Run Bytes Received By Job
	0  -  Total Bytes Sent By Job
	0  -  Total Bytes Received By Job
	Partitionable Resources :    Usage  Request Allocated
	   Cpus                 :                 1         1
	   Disk (KB)            :        1        1   2204417
	   Gpus                 :                           0
	   Memory (MB)          :      241        1      4028
...
000 (417611.000.000) 05/09 03:37:33 Job submitted from host: <128.83.144.154:52346?addrs=128.83.144.154-52346>
...
001 (417611.000.000) 05/09 04:10:55 Job executing on host: <128.83.139.143:55125?addrs=128.83.139.143-55125>
...
006 (417611.000.000) 05/09 04:11:03 Image size of job updated: 1020184
	80  -  MemoryUsage of job (MB)
	81476  -  ResidentSetSize of job (KB)
...
006 (417611.000.000) 05/09 04:16:03 Image size of job updated: 1027640
	193  -  MemoryUsage of job (MB)
	197208  -  ResidentSetSize of job (KB)
...
006 (417611.000.000) 05/09 04:21:04 Image size of job updated: 1093992
	230  -  MemoryUsage of job (MB)
	234652  -  ResidentSetSize of job (KB)
...
006 (417611.000.000) 05/09 04:26:05 Image size of job updated: 1094028
	238  -  MemoryUsage of job (MB)
	243248  -  ResidentSetSize of job (KB)
...
006 (417611.000.000) 05/09 04:27:20 Image size of job updated: 1094036
	238  -  MemoryUsage of job (MB)
	243248  -  ResidentSetSize of job (KB)
...
005 (417611.000.000) 05/09 04:27:20 Job terminated.
	(1) Normal termination (return value 0)
		Usr 0 00:16:00, Sys 0 00:00:11  -  Run Remote Usage
		Usr 0 00:00:00, Sys 0 00:00:00  -  Run Local Usage
		Usr 0 00:16:00, Sys 0 00:00:11  -  Total Remote Usage
		Usr 0 00:00:00, Sys 0 00:00:00  -  Total Local Usage
	0  -  Run Bytes Sent By Job
	0  -  Run Bytes Received By Job
	0  -  Total Bytes Sent By Job
	0  -  Total Bytes Received By Job
	Partitionable Resources :    Usage  Request Allocated
	   Cpus                 :                 1         1
	   Disk (KB)            :        2        2   7539964
	   Gpus                 :                           0
	   Memory (MB)          :      238        1      4027
...
