000 (15005781.000.000) 08/01 20:50:06 Job submitted from host: <128.83.130.153:51299?addrs=128.83.130.153-51299>
...
001 (15005781.000.000) 08/01 20:50:15 Job executing on host: <128.83.120.75:36144?addrs=128.83.120.75-36144>
...
006 (15005781.000.000) 08/01 20:50:23 Image size of job updated: 1373584
	46  -  MemoryUsage of job (MB)
	46180  -  ResidentSetSize of job (KB)
...
006 (15005781.000.000) 08/01 20:55:23 Image size of job updated: 6572320
	728  -  MemoryUsage of job (MB)
	744944  -  ResidentSetSize of job (KB)
...
006 (15005781.000.000) 08/01 21:00:24 Image size of job updated: 6704680
	975  -  MemoryUsage of job (MB)
	997644  -  ResidentSetSize of job (KB)
...
006 (15005781.000.000) 08/01 21:05:25 Image size of job updated: 6770216
	1270  -  MemoryUsage of job (MB)
	1300224  -  ResidentSetSize of job (KB)
...
006 (15005781.000.000) 08/01 21:10:25 Image size of job updated: 6966824
	1555  -  MemoryUsage of job (MB)
	1591564  -  ResidentSetSize of job (KB)
...
006 (15005781.000.000) 08/01 21:15:25 Image size of job updated: 7032360
	1845  -  MemoryUsage of job (MB)
	1889172  -  ResidentSetSize of job (KB)
...
006 (15005781.000.000) 08/01 21:20:26 Image size of job updated: 7163432
	2106  -  MemoryUsage of job (MB)
	2156060  -  ResidentSetSize of job (KB)
...
006 (15005781.000.000) 08/01 21:25:27 Image size of job updated: 7360040
	2313  -  MemoryUsage of job (MB)
	2368360  -  ResidentSetSize of job (KB)
...
006 (15005781.000.000) 08/01 21:30:27 Image size of job updated: 7425580
	2473  -  MemoryUsage of job (MB)
	2532260  -  ResidentSetSize of job (KB)
...
006 (15005781.000.000) 08/01 21:35:28 Image size of job updated: 7556648
	2653  -  MemoryUsage of job (MB)
	2715652  -  ResidentSetSize of job (KB)
...
006 (15005781.000.000) 08/01 21:40:29 Image size of job updated: 7753256
	2831  -  MemoryUsage of job (MB)
	2898392  -  ResidentSetSize of job (KB)
...
006 (15005781.000.000) 08/01 21:45:23 Image size of job updated: 7884540
	2831  -  MemoryUsage of job (MB)
	2898392  -  ResidentSetSize of job (KB)
...
005 (15005781.000.000) 08/01 21:45:23 Job terminated.
	(1) Normal termination (return value 0)
		Usr 0 00:54:53, Sys 0 00:00:59  -  Run Remote Usage
		Usr 0 00:00:00, Sys 0 00:00:00  -  Run Local Usage
		Usr 0 00:54:53, Sys 0 00:00:59  -  Total Remote Usage
		Usr 0 00:00:00, Sys 0 00:00:00  -  Total Local Usage
	0  -  Run Bytes Sent By Job
	0  -  Run Bytes Received By Job
	0  -  Total Bytes Sent By Job
	0  -  Total Bytes Received By Job
	Partitionable Resources :    Usage  Request Allocated
	   Cpus                 :                 1         1
	   Disk (KB)            :        1        1   8862903
	   Gpus                 :                           0
	   Memory (MB)          :     2831        1      4028
...
