000 (515901.000.000) 05/05 17:12:16 Job submitted from host: <128.83.144.149:44250?addrs=128.83.144.149-44250>
...
001 (515901.000.000) 05/05 17:12:27 Job executing on host: <128.83.144.147:58788?addrs=128.83.144.147-58788>
...
006 (515901.000.000) 05/05 17:12:36 Image size of job updated: 340336
	20  -  MemoryUsage of job (MB)
	20144  -  ResidentSetSize of job (KB)
...
006 (515901.000.000) 05/05 17:12:50 Image size of job updated: 1094440
	20  -  MemoryUsage of job (MB)
	20144  -  ResidentSetSize of job (KB)
...
004 (515901.000.000) 05/05 17:12:50 Job was evicted.
	(0) Job was not checkpointed.
		Usr 0 00:00:00, Sys 0 00:00:00  -  Run Remote Usage
		Usr 0 00:00:00, Sys 0 00:00:00  -  Run Local Usage
	0  -  Run Bytes Sent By Job
	0  -  Run Bytes Received By Job
	Partitionable Resources :    Usage  Request Allocated
	   Cpus                 :                 1         1
	   Disk (KB)            :        1        1   1883947
	   Gpus                 :                           0
	   Memory (MB)          :       20        1     21164
...
009 (515901.000.000) 05/05 17:12:51 Job was aborted by the user.
	via condor_rm (by user ypei)
...
000 (515931.000.000) 05/05 17:13:05 Job submitted from host: <128.83.144.149:44250?addrs=128.83.144.149-44250>
...
001 (515931.000.000) 05/05 17:13:27 Job executing on host: <128.83.144.147:58788?addrs=128.83.144.147-58788>
...
006 (515931.000.000) 05/05 17:13:35 Image size of job updated: 1089016
	56  -  MemoryUsage of job (MB)
	56508  -  ResidentSetSize of job (KB)
...
006 (515931.000.000) 05/05 17:14:25 Image size of job updated: 1089688
	56  -  MemoryUsage of job (MB)
	56508  -  ResidentSetSize of job (KB)
...
004 (515931.000.000) 05/05 17:14:25 Job was evicted.
	(0) Job was not checkpointed.
		Usr 0 00:00:00, Sys 0 00:00:00  -  Run Remote Usage
		Usr 0 00:00:00, Sys 0 00:00:00  -  Run Local Usage
	0  -  Run Bytes Sent By Job
	0  -  Run Bytes Received By Job
	Partitionable Resources :    Usage  Request Allocated
	   Cpus                 :                 1         1
	   Disk (KB)            :        1        1   1883947
	   Gpus                 :                           0
	   Memory (MB)          :       56        1     21164
...
009 (515931.000.000) 05/05 17:14:25 Job was aborted by the user.
	via condor_rm (by user ypei)
...
000 (516156.000.000) 05/05 17:14:47 Job submitted from host: <128.83.144.149:44250?addrs=128.83.144.149-44250>
...
001 (516156.000.000) 05/05 17:14:56 Job executing on host: <128.83.130.161:35317?addrs=128.83.130.161-35317>
...
006 (516156.000.000) 05/05 17:15:05 Image size of job updated: 340460
	21  -  MemoryUsage of job (MB)
	21280  -  ResidentSetSize of job (KB)
...
006 (516156.000.000) 05/05 17:18:09 Image size of job updated: 1259864
	21  -  MemoryUsage of job (MB)
	21280  -  ResidentSetSize of job (KB)
...
004 (516156.000.000) 05/05 17:18:09 Job was evicted.
	(0) Job was not checkpointed.
		Usr 0 00:01:01, Sys 0 00:00:02  -  Run Remote Usage
		Usr 0 00:00:00, Sys 0 00:00:00  -  Run Local Usage
	0  -  Run Bytes Sent By Job
	0  -  Run Bytes Received By Job
	Partitionable Resources :    Usage  Request Allocated
	   Cpus                 :                 1         1
	   Disk (KB)            :        1        1   1888653
	   Gpus                 :                           0
	   Memory (MB)          :       21        1     21164
...
009 (516156.000.000) 05/05 17:18:09 Job was aborted by the user.
	via condor_rm (by user ypei)
...
000 (516363.000.000) 05/05 17:18:18 Job submitted from host: <128.83.144.149:44250?addrs=128.83.144.149-44250>
...
001 (516363.000.000) 05/05 17:18:28 Job executing on host: <128.83.144.147:58788?addrs=128.83.144.147-58788>
...
006 (516363.000.000) 05/05 17:18:37 Image size of job updated: 1089692
	56  -  MemoryUsage of job (MB)
	57316  -  ResidentSetSize of job (KB)
...
006 (516363.000.000) 05/05 17:21:25 Image size of job updated: 1259868
	120  -  MemoryUsage of job (MB)
	122788  -  ResidentSetSize of job (KB)
...
004 (516363.000.000) 05/05 17:21:25 Job was evicted.
	(0) Job was not checkpointed.
		Usr 0 00:01:36, Sys 0 00:00:03  -  Run Remote Usage
		Usr 0 00:00:00, Sys 0 00:00:00  -  Run Local Usage
	0  -  Run Bytes Sent By Job
	0  -  Run Bytes Received By Job
	Partitionable Resources :    Usage  Request Allocated
	   Cpus                 :                 1         1
	   Disk (KB)            :        1        1   1890647
	   Gpus                 :                           0
	   Memory (MB)          :      120        1     21164
...
009 (516363.000.000) 05/05 17:21:25 Job was aborted by the user.
	via condor_rm (by user ypei)
...
000 (516984.000.000) 05/05 17:21:40 Job submitted from host: <128.83.144.149:44250?addrs=128.83.144.149-44250>
...
001 (516984.000.000) 05/05 17:21:50 Job executing on host: <128.83.144.147:58788?addrs=128.83.144.147-58788>
...
006 (516984.000.000) 05/05 17:21:58 Image size of job updated: 370404
	28  -  MemoryUsage of job (MB)
	28440  -  ResidentSetSize of job (KB)
...
006 (516984.000.000) 05/05 17:26:58 Image size of job updated: 1259864
	128  -  MemoryUsage of job (MB)
	130172  -  ResidentSetSize of job (KB)
...
006 (516984.000.000) 05/05 17:31:59 Image size of job updated: 1259864
	144  -  MemoryUsage of job (MB)
	147100  -  ResidentSetSize of job (KB)
...
006 (516984.000.000) 05/05 17:36:59 Image size of job updated: 1259864
	158  -  MemoryUsage of job (MB)
	161492  -  ResidentSetSize of job (KB)
...
006 (516984.000.000) 05/05 17:41:59 Image size of job updated: 1259864
	169  -  MemoryUsage of job (MB)
	172796  -  ResidentSetSize of job (KB)
...
006 (516984.000.000) 05/05 17:47:00 Image size of job updated: 1325400
	179  -  MemoryUsage of job (MB)
	182480  -  ResidentSetSize of job (KB)
...
005 (516984.000.000) 05/05 17:47:33 Job terminated.
	(1) Normal termination (return value 0)
		Usr 0 00:23:21, Sys 0 00:00:41  -  Run Remote Usage
		Usr 0 00:00:00, Sys 0 00:00:00  -  Run Local Usage
		Usr 0 00:23:21, Sys 0 00:00:41  -  Total Remote Usage
		Usr 0 00:00:00, Sys 0 00:00:00  -  Total Local Usage
	0  -  Run Bytes Sent By Job
	0  -  Run Bytes Received By Job
	0  -  Total Bytes Sent By Job
	0  -  Total Bytes Received By Job
	Partitionable Resources :    Usage  Request Allocated
	   Cpus                 :                 1         1
	   Disk (KB)            :        1        1   1890646
	   Gpus                 :                           0
	   Memory (MB)          :      179        1     21164
...
000 (518019.000.000) 05/06 21:33:00 Job submitted from host: <128.83.144.149:44250?addrs=128.83.144.149-44250>
...
001 (518019.000.000) 05/06 21:33:10 Job executing on host: <128.83.130.161:35317?addrs=128.83.130.161-35317>
...
006 (518019.000.000) 05/06 21:33:18 Image size of job updated: 340196
	20  -  MemoryUsage of job (MB)
	20368  -  ResidentSetSize of job (KB)
...
006 (518019.000.000) 05/06 21:33:42 Image size of job updated: 1094564
	20  -  MemoryUsage of job (MB)
	20368  -  ResidentSetSize of job (KB)
...
004 (518019.000.000) 05/06 21:33:42 Job was evicted.
	(0) Job was not checkpointed.
		Usr 0 00:00:00, Sys 0 00:00:00  -  Run Remote Usage
		Usr 0 00:00:00, Sys 0 00:00:00  -  Run Local Usage
	0  -  Run Bytes Sent By Job
	0  -  Run Bytes Received By Job
	Partitionable Resources :    Usage  Request Allocated
	   Cpus                 :                 1         1
	   Disk (KB)            :        1        1   1867709
	   Gpus                 :                           0
	   Memory (MB)          :       20        1     21164
...
009 (518019.000.000) 05/06 21:33:43 Job was aborted by the user.
	via condor_rm (by user ypei)
...
000 (518226.000.000) 05/06 21:34:07 Job submitted from host: <128.83.144.149:44250?addrs=128.83.144.149-44250>
...
001 (518226.000.000) 05/06 21:34:18 Job executing on host: <128.83.130.161:35317?addrs=128.83.130.161-35317>
...
006 (518226.000.000) 05/06 21:34:26 Image size of job updated: 1089688
	56  -  MemoryUsage of job (MB)
	57284  -  ResidentSetSize of job (KB)
...
006 (518226.000.000) 05/06 21:39:26 Image size of job updated: 1259900
	133  -  MemoryUsage of job (MB)
	136016  -  ResidentSetSize of job (KB)
...
006 (518226.000.000) 05/06 21:44:27 Image size of job updated: 1259904
	147  -  MemoryUsage of job (MB)
	149688  -  ResidentSetSize of job (KB)
...
006 (518226.000.000) 05/06 21:49:27 Image size of job updated: 1259904
	161  -  MemoryUsage of job (MB)
	164804  -  ResidentSetSize of job (KB)
...
006 (518226.000.000) 05/06 21:54:27 Image size of job updated: 1259904
	172  -  MemoryUsage of job (MB)
	175360  -  ResidentSetSize of job (KB)
...
006 (518226.000.000) 05/06 21:58:28 Image size of job updated: 1325436
	172  -  MemoryUsage of job (MB)
	175360  -  ResidentSetSize of job (KB)
...
005 (518226.000.000) 05/06 21:58:28 Job terminated.
	(1) Normal termination (return value 0)
		Usr 0 00:22:42, Sys 0 00:00:32  -  Run Remote Usage
		Usr 0 00:00:00, Sys 0 00:00:00  -  Run Local Usage
		Usr 0 00:22:42, Sys 0 00:00:32  -  Total Remote Usage
		Usr 0 00:00:00, Sys 0 00:00:00  -  Total Local Usage
	0  -  Run Bytes Sent By Job
	0  -  Run Bytes Received By Job
	0  -  Total Bytes Sent By Job
	0  -  Total Bytes Received By Job
	Partitionable Resources :    Usage  Request Allocated
	   Cpus                 :                 1         1
	   Disk (KB)            :        1        1   1867706
	   Gpus                 :                           0
	   Memory (MB)          :      172        1     21164
...
000 (381794.000.000) 05/07 00:28:59 Job submitted from host: <128.83.144.155:57685?addrs=128.83.144.155-57685>
...
001 (381794.000.000) 05/07 00:29:13 Job executing on host: <128.83.130.161:35317?addrs=128.83.130.161-35317>
...
006 (381794.000.000) 05/07 00:29:22 Image size of job updated: 1091240
	56  -  MemoryUsage of job (MB)
	57024  -  ResidentSetSize of job (KB)
...
006 (381794.000.000) 05/07 00:34:22 Image size of job updated: 1259904
	126  -  MemoryUsage of job (MB)
	128764  -  ResidentSetSize of job (KB)
...
006 (381794.000.000) 05/07 00:39:22 Image size of job updated: 1259904
	138  -  MemoryUsage of job (MB)
	140304  -  ResidentSetSize of job (KB)
...
006 (381794.000.000) 05/07 00:44:23 Image size of job updated: 1259904
	152  -  MemoryUsage of job (MB)
	154740  -  ResidentSetSize of job (KB)
...
006 (381794.000.000) 05/07 00:49:24 Image size of job updated: 1259904
	161  -  MemoryUsage of job (MB)
	164476  -  ResidentSetSize of job (KB)
...
005 (381794.000.000) 05/07 00:52:25 Job terminated.
	(1) Normal termination (return value 0)
		Usr 0 00:21:51, Sys 0 00:00:34  -  Run Remote Usage
		Usr 0 00:00:00, Sys 0 00:00:00  -  Run Local Usage
		Usr 0 00:21:51, Sys 0 00:00:34  -  Total Remote Usage
		Usr 0 00:00:00, Sys 0 00:00:00  -  Total Local Usage
	0  -  Run Bytes Sent By Job
	0  -  Run Bytes Received By Job
	0  -  Total Bytes Sent By Job
	0  -  Total Bytes Received By Job
	Partitionable Resources :    Usage  Request Allocated
	   Cpus                 :                 1         1
	   Disk (KB)            :        1        1   1867706
	   Gpus                 :                           0
	   Memory (MB)          :      161        1     21164
...
