000 (516147.000.000) 05/05 17:13:25 Job submitted from host: <128.83.144.149:44250?addrs=128.83.144.149-44250>
...
009 (516147.000.000) 05/05 17:14:27 Job was aborted by the user.
	via condor_rm (by user ypei)
...
000 (516354.000.000) 05/05 17:15:09 Job submitted from host: <128.83.144.149:44250?addrs=128.83.144.149-44250>
...
009 (516354.000.000) 05/05 17:18:07 Job was aborted by the user.
	via condor_rm (by user ypei)
...
000 (516561.000.000) 05/05 17:18:39 Job submitted from host: <128.83.144.149:44250?addrs=128.83.144.149-44250>
...
009 (516561.000.000) 05/05 17:21:28 Job was aborted by the user.
	via condor_rm (by user ypei)
...
000 (517182.000.000) 05/05 17:22:03 Job submitted from host: <128.83.144.149:44250?addrs=128.83.144.149-44250>
...
001 (517182.000.000) 05/05 17:41:31 Job executing on host: <128.83.120.230:37764?addrs=128.83.120.230-37764>
...
006 (517182.000.000) 05/05 17:41:40 Image size of job updated: 1028564
	59  -  MemoryUsage of job (MB)
	59936  -  ResidentSetSize of job (KB)
...
006 (517182.000.000) 05/05 17:46:40 Image size of job updated: 1208592
	181  -  MemoryUsage of job (MB)
	184712  -  ResidentSetSize of job (KB)
...
006 (517182.000.000) 05/05 17:51:40 Image size of job updated: 1208592
	211  -  MemoryUsage of job (MB)
	215980  -  ResidentSetSize of job (KB)
...
006 (517182.000.000) 05/05 17:55:48 Image size of job updated: 1210884
	211  -  MemoryUsage of job (MB)
	215980  -  ResidentSetSize of job (KB)
...
005 (517182.000.000) 05/05 17:55:48 Job terminated.
	(1) Normal termination (return value 0)
		Usr 0 00:13:51, Sys 0 00:00:11  -  Run Remote Usage
		Usr 0 00:00:00, Sys 0 00:00:00  -  Run Local Usage
		Usr 0 00:13:51, Sys 0 00:00:11  -  Total Remote Usage
		Usr 0 00:00:00, Sys 0 00:00:00  -  Total Local Usage
	0  -  Run Bytes Sent By Job
	0  -  Run Bytes Received By Job
	0  -  Total Bytes Sent By Job
	0  -  Total Bytes Received By Job
	Partitionable Resources :    Usage  Request Allocated
	   Cpus                 :                 1         1
	   Disk (KB)            :        2        2    827436
	   Gpus                 :                           0
	   Memory (MB)          :      211        1     12899
...
000 (382613.000.000) 05/07 03:40:05 Job submitted from host: <128.83.144.155:57685?addrs=128.83.144.155-57685>
...
001 (382613.000.000) 05/07 04:29:54 Job executing on host: <128.83.144.5:44408?addrs=128.83.144.5-44408>
...
006 (382613.000.000) 05/07 04:30:03 Image size of job updated: 1207316
	96  -  MemoryUsage of job (MB)
	97964  -  ResidentSetSize of job (KB)
...
006 (382613.000.000) 05/07 04:35:04 Image size of job updated: 1208512
	173  -  MemoryUsage of job (MB)
	176784  -  ResidentSetSize of job (KB)
...
006 (382613.000.000) 05/07 04:40:04 Image size of job updated: 1208512
	204  -  MemoryUsage of job (MB)
	208432  -  ResidentSetSize of job (KB)
...
006 (382613.000.000) 05/07 04:45:05 Image size of job updated: 1210788
	229  -  MemoryUsage of job (MB)
	234032  -  ResidentSetSize of job (KB)
...
006 (382613.000.000) 05/07 04:50:06 Image size of job updated: 1210800
	244  -  MemoryUsage of job (MB)
	249856  -  ResidentSetSize of job (KB)
...
005 (382613.000.000) 05/07 04:52:29 Job terminated.
	(1) Normal termination (return value 0)
		Usr 0 00:22:02, Sys 0 00:00:26  -  Run Remote Usage
		Usr 0 00:00:00, Sys 0 00:00:00  -  Run Local Usage
		Usr 0 00:22:02, Sys 0 00:00:26  -  Total Remote Usage
		Usr 0 00:00:00, Sys 0 00:00:00  -  Total Local Usage
	0  -  Run Bytes Sent By Job
	0  -  Run Bytes Received By Job
	0  -  Total Bytes Sent By Job
	0  -  Total Bytes Received By Job
	Partitionable Resources :    Usage  Request Allocated
	   Cpus                 :                 1         1
	   Disk (KB)            :        2        2    790395
	   Gpus                 :                           0
	   Memory (MB)          :      244        1     12899
...
000 (518631.000.000) 05/07 13:18:29 Job submitted from host: <128.83.144.149:44250?addrs=128.83.144.149-44250>
...
009 (518631.000.000) 05/07 13:23:36 Job was aborted by the user.
	via condor_rm (by user ypei)
...
000 (518838.000.000) 05/07 13:24:04 Job submitted from host: <128.83.144.149:44250?addrs=128.83.144.149-44250>
...
001 (518838.000.000) 05/07 13:42:37 Job executing on host: <128.83.130.161:35317?addrs=128.83.130.161-35317>
...
006 (518838.000.000) 05/07 13:42:46 Image size of job updated: 1207560
	100  -  MemoryUsage of job (MB)
	101784  -  ResidentSetSize of job (KB)
...
006 (518838.000.000) 05/07 13:47:47 Image size of job updated: 1208544
	193  -  MemoryUsage of job (MB)
	197208  -  ResidentSetSize of job (KB)
...
006 (518838.000.000) 05/07 13:52:48 Image size of job updated: 1210756
	221  -  MemoryUsage of job (MB)
	225944  -  ResidentSetSize of job (KB)
...
006 (518838.000.000) 05/07 13:57:31 Image size of job updated: 1211080
	221  -  MemoryUsage of job (MB)
	225944  -  ResidentSetSize of job (KB)
...
005 (518838.000.000) 05/07 13:57:31 Job terminated.
	(1) Normal termination (return value 0)
		Usr 0 00:14:23, Sys 0 00:00:09  -  Run Remote Usage
		Usr 0 00:00:00, Sys 0 00:00:00  -  Run Local Usage
		Usr 0 00:14:23, Sys 0 00:00:09  -  Total Remote Usage
		Usr 0 00:00:00, Sys 0 00:00:00  -  Total Local Usage
	0  -  Run Bytes Sent By Job
	0  -  Run Bytes Received By Job
	0  -  Total Bytes Sent By Job
	0  -  Total Bytes Received By Job
	Partitionable Resources :    Usage  Request Allocated
	   Cpus                 :                 1         1
	   Disk (KB)            :        2        2   1865787
	   Gpus                 :                           0
	   Memory (MB)          :      221        1     21164
...
000 (519252.000.000) 05/07 14:36:45 Job submitted from host: <128.83.144.149:44250?addrs=128.83.144.149-44250>
...
001 (519252.000.000) 05/07 14:54:40 Job executing on host: <128.83.130.161:35317?addrs=128.83.130.161-35317>
...
006 (519252.000.000) 05/07 14:54:49 Image size of job updated: 1189672
	80  -  MemoryUsage of job (MB)
	81776  -  ResidentSetSize of job (KB)
...
006 (519252.000.000) 05/07 14:59:50 Image size of job updated: 1208544
	191  -  MemoryUsage of job (MB)
	195348  -  ResidentSetSize of job (KB)
...
006 (519252.000.000) 05/07 15:04:51 Image size of job updated: 1210756
	221  -  MemoryUsage of job (MB)
	226160  -  ResidentSetSize of job (KB)
...
006 (519252.000.000) 05/07 15:09:26 Image size of job updated: 1211072
	221  -  MemoryUsage of job (MB)
	226160  -  ResidentSetSize of job (KB)
...
005 (519252.000.000) 05/07 15:09:26 Job terminated.
	(1) Normal termination (return value 0)
		Usr 0 00:14:28, Sys 0 00:00:10  -  Run Remote Usage
		Usr 0 00:00:00, Sys 0 00:00:00  -  Run Local Usage
		Usr 0 00:14:28, Sys 0 00:00:10  -  Total Remote Usage
		Usr 0 00:00:00, Sys 0 00:00:00  -  Total Local Usage
	0  -  Run Bytes Sent By Job
	0  -  Run Bytes Received By Job
	0  -  Total Bytes Sent By Job
	0  -  Total Bytes Received By Job
	Partitionable Resources :    Usage  Request Allocated
	   Cpus                 :                 1         1
	   Disk (KB)            :        2        2   1909593
	   Gpus                 :                           0
	   Memory (MB)          :      221        1     21164
...
000 (383027.000.000) 05/07 20:17:09 Job submitted from host: <128.83.144.155:57685?addrs=128.83.144.155-57685>
...
001 (383027.000.000) 05/07 20:59:36 Job executing on host: <128.83.139.6:57138?addrs=128.83.139.6-57138>
...
006 (383027.000.000) 05/07 20:59:44 Image size of job updated: 1206572
	95  -  MemoryUsage of job (MB)
	97000  -  ResidentSetSize of job (KB)
...
006 (383027.000.000) 05/07 21:04:44 Image size of job updated: 1208488
	171  -  MemoryUsage of job (MB)
	174504  -  ResidentSetSize of job (KB)
...
006 (383027.000.000) 05/07 21:09:45 Image size of job updated: 1208488
	200  -  MemoryUsage of job (MB)
	204212  -  ResidentSetSize of job (KB)
...
006 (383027.000.000) 05/07 21:14:45 Image size of job updated: 1208488
	210  -  MemoryUsage of job (MB)
	214708  -  ResidentSetSize of job (KB)
...
006 (383027.000.000) 05/07 21:19:45 Image size of job updated: 1210668
	238  -  MemoryUsage of job (MB)
	243232  -  ResidentSetSize of job (KB)
...
006 (383027.000.000) 05/07 21:24:38 Image size of job updated: 1210672
	238  -  MemoryUsage of job (MB)
	243232  -  ResidentSetSize of job (KB)
...
005 (383027.000.000) 05/07 21:24:38 Job terminated.
	(1) Normal termination (return value 0)
		Usr 0 00:24:15, Sys 0 00:00:39  -  Run Remote Usage
		Usr 0 00:00:00, Sys 0 00:00:00  -  Run Local Usage
		Usr 0 00:24:15, Sys 0 00:00:39  -  Total Remote Usage
		Usr 0 00:00:00, Sys 0 00:00:00  -  Total Local Usage
	0  -  Run Bytes Sent By Job
	0  -  Run Bytes Received By Job
	0  -  Total Bytes Sent By Job
	0  -  Total Bytes Received By Job
	Partitionable Resources :    Usage  Request Allocated
	   Cpus                 :                 1         1
	   Disk (KB)            :        2        2   1657234
	   Gpus                 :                           0
	   Memory (MB)          :      238        1     12899
...
000 (384269.000.000) 05/08 05:53:12 Job submitted from host: <128.83.144.155:57685?addrs=128.83.144.155-57685>
...
001 (384269.000.000) 05/08 06:35:33 Job executing on host: <128.83.144.168:35892?addrs=128.83.144.168-35892>
...
006 (384269.000.000) 05/08 06:35:42 Image size of job updated: 1206852
	103  -  MemoryUsage of job (MB)
	104852  -  ResidentSetSize of job (KB)
...
006 (384269.000.000) 05/08 06:40:43 Image size of job updated: 1208404
	211  -  MemoryUsage of job (MB)
	215692  -  ResidentSetSize of job (KB)
...
006 (384269.000.000) 05/08 06:44:36 Image size of job updated: 1210680
	211  -  MemoryUsage of job (MB)
	215692  -  ResidentSetSize of job (KB)
...
005 (384269.000.000) 05/08 06:44:36 Job terminated.
	(1) Normal termination (return value 0)
		Usr 0 00:08:51, Sys 0 00:00:07  -  Run Remote Usage
		Usr 0 00:00:00, Sys 0 00:00:00  -  Run Local Usage
		Usr 0 00:08:51, Sys 0 00:00:07  -  Total Remote Usage
		Usr 0 00:00:00, Sys 0 00:00:00  -  Total Local Usage
	0  -  Run Bytes Sent By Job
	0  -  Run Bytes Received By Job
	0  -  Total Bytes Sent By Job
	0  -  Total Bytes Received By Job
	Partitionable Resources :    Usage  Request Allocated
	   Cpus                 :                 1         1
	   Disk (KB)            :        2        2   7539965
	   Gpus                 :                           0
	   Memory (MB)          :      211        1      4027
...
000 (417662.000.000) 05/09 03:37:37 Job submitted from host: <128.83.144.154:52346?addrs=128.83.144.154-52346>
...
001 (417662.000.000) 05/09 04:15:37 Job executing on host: <128.83.144.163:49391?addrs=128.83.144.163-49391>
...
006 (417662.000.000) 05/09 04:15:45 Image size of job updated: 2
	2  -  MemoryUsage of job (MB)
	1640  -  ResidentSetSize of job (KB)
...
006 (417662.000.000) 05/09 04:20:45 Image size of job updated: 1209232
	186  -  MemoryUsage of job (MB)
	190132  -  ResidentSetSize of job (KB)
...
006 (417662.000.000) 05/09 04:25:45 Image size of job updated: 1210508
	218  -  MemoryUsage of job (MB)
	223076  -  ResidentSetSize of job (KB)
...
006 (417662.000.000) 05/09 04:30:15 Image size of job updated: 1210796
	218  -  MemoryUsage of job (MB)
	223076  -  ResidentSetSize of job (KB)
...
005 (417662.000.000) 05/09 04:30:15 Job terminated.
	(1) Normal termination (return value 0)
		Usr 0 00:14:12, Sys 0 00:00:09  -  Run Remote Usage
		Usr 0 00:00:00, Sys 0 00:00:00  -  Run Local Usage
		Usr 0 00:14:12, Sys 0 00:00:09  -  Total Remote Usage
		Usr 0 00:00:00, Sys 0 00:00:00  -  Total Local Usage
	0  -  Run Bytes Sent By Job
	0  -  Run Bytes Received By Job
	0  -  Total Bytes Sent By Job
	0  -  Total Bytes Received By Job
	Partitionable Resources :    Usage  Request Allocated
	   Cpus                 :                 1         1
	   Disk (KB)            :        2        2   2204437
	   Gpus                 :                           0
	   Memory (MB)          :      218        1      4028
...
