000 (516107.000.000) 05/05 17:13:21 Job submitted from host: <128.83.144.149:44250?addrs=128.83.144.149-44250>
...
009 (516107.000.000) 05/05 17:14:24 Job was aborted by the user.
	via condor_rm (by user ypei)
...
000 (516314.000.000) 05/05 17:15:06 Job submitted from host: <128.83.144.149:44250?addrs=128.83.144.149-44250>
...
009 (516314.000.000) 05/05 17:18:08 Job was aborted by the user.
	via condor_rm (by user ypei)
...
000 (516521.000.000) 05/05 17:18:36 Job submitted from host: <128.83.144.149:44250?addrs=128.83.144.149-44250>
...
009 (516521.000.000) 05/05 17:21:19 Job was aborted by the user.
	via condor_rm (by user ypei)
...
000 (517142.000.000) 05/05 17:22:00 Job submitted from host: <128.83.144.149:44250?addrs=128.83.144.149-44250>
...
001 (517142.000.000) 05/05 17:37:49 Job executing on host: <128.83.139.14:44306?addrs=128.83.139.14-44306>
...
006 (517142.000.000) 05/05 17:37:58 Image size of job updated: 1027244
	91  -  MemoryUsage of job (MB)
	93120  -  ResidentSetSize of job (KB)
...
006 (517142.000.000) 05/05 17:42:59 Image size of job updated: 1098860
	221  -  MemoryUsage of job (MB)
	225284  -  ResidentSetSize of job (KB)
...
006 (517142.000.000) 05/05 17:47:59 Image size of job updated: 1099616
	259  -  MemoryUsage of job (MB)
	265072  -  ResidentSetSize of job (KB)
...
006 (517142.000.000) 05/05 17:51:11 Image size of job updated: 1099644
	259  -  MemoryUsage of job (MB)
	265072  -  ResidentSetSize of job (KB)
...
005 (517142.000.000) 05/05 17:51:11 Job terminated.
	(1) Normal termination (return value 0)
		Usr 0 00:13:05, Sys 0 00:00:09  -  Run Remote Usage
		Usr 0 00:00:00, Sys 0 00:00:00  -  Run Local Usage
		Usr 0 00:13:05, Sys 0 00:00:09  -  Total Remote Usage
		Usr 0 00:00:00, Sys 0 00:00:00  -  Total Local Usage
	0  -  Run Bytes Sent By Job
	0  -  Run Bytes Received By Job
	0  -  Total Bytes Sent By Job
	0  -  Total Bytes Received By Job
	Partitionable Resources :    Usage  Request Allocated
	   Cpus                 :                 1         1
	   Disk (KB)            :        1        1   1695320
	   Gpus                 :                           0
	   Memory (MB)          :      259        1     12899
...
000 (518177.000.000) 05/06 21:33:17 Job submitted from host: <128.83.144.149:44250?addrs=128.83.144.149-44250>
...
009 (518177.000.000) 05/06 21:33:42 Job was aborted by the user.
	via condor_rm (by user ypei)
...
000 (518384.000.000) 05/06 21:34:25 Job submitted from host: <128.83.144.149:44250?addrs=128.83.144.149-44250>
...
001 (518384.000.000) 05/06 21:54:03 Job executing on host: <128.83.120.230:37764?addrs=128.83.120.230-37764>
...
006 (518384.000.000) 05/06 21:54:12 Image size of job updated: 860612
	60  -  MemoryUsage of job (MB)
	60444  -  ResidentSetSize of job (KB)
...
006 (518384.000.000) 05/06 21:59:13 Image size of job updated: 1033172
	183  -  MemoryUsage of job (MB)
	186440  -  ResidentSetSize of job (KB)
...
006 (518384.000.000) 05/06 22:04:14 Image size of job updated: 1099144
	238  -  MemoryUsage of job (MB)
	243616  -  ResidentSetSize of job (KB)
...
006 (518384.000.000) 05/06 22:09:14 Image size of job updated: 1099636
	257  -  MemoryUsage of job (MB)
	262152  -  ResidentSetSize of job (KB)
...
006 (518384.000.000) 05/06 22:14:14 Image size of job updated: 1099672
	262  -  MemoryUsage of job (MB)
	267500  -  ResidentSetSize of job (KB)
...
006 (518384.000.000) 05/06 22:19:15 Image size of job updated: 1099676
	264  -  MemoryUsage of job (MB)
	269728  -  ResidentSetSize of job (KB)
...
006 (518384.000.000) 05/06 22:20:30 Image size of job updated: 1099680
	264  -  MemoryUsage of job (MB)
	269728  -  ResidentSetSize of job (KB)
...
005 (518384.000.000) 05/06 22:20:30 Job terminated.
	(1) Normal termination (return value 0)
		Usr 0 00:25:45, Sys 0 00:00:33  -  Run Remote Usage
		Usr 0 00:00:00, Sys 0 00:00:00  -  Run Local Usage
		Usr 0 00:25:45, Sys 0 00:00:33  -  Total Remote Usage
		Usr 0 00:00:00, Sys 0 00:00:00  -  Total Local Usage
	0  -  Run Bytes Sent By Job
	0  -  Run Bytes Received By Job
	0  -  Total Bytes Sent By Job
	0  -  Total Bytes Received By Job
	Partitionable Resources :    Usage  Request Allocated
	   Cpus                 :                 1         1
	   Disk (KB)            :        1        1    792422
	   Gpus                 :                           0
	   Memory (MB)          :      264        1     12899
...
000 (381952.000.000) 05/07 00:29:11 Job submitted from host: <128.83.144.155:57685?addrs=128.83.144.155-57685>
...
001 (381952.000.000) 05/07 00:48:21 Job executing on host: <128.83.120.128:51378?addrs=128.83.120.128-51378>
...
006 (381952.000.000) 05/07 00:48:30 Image size of job updated: 1025788
	80  -  MemoryUsage of job (MB)
	81384  -  ResidentSetSize of job (KB)
...
006 (381952.000.000) 05/07 00:53:31 Image size of job updated: 1033180
	182  -  MemoryUsage of job (MB)
	185428  -  ResidentSetSize of job (KB)
...
006 (381952.000.000) 05/07 00:58:31 Image size of job updated: 1098948
	224  -  MemoryUsage of job (MB)
	228940  -  ResidentSetSize of job (KB)
...
006 (381952.000.000) 05/07 01:03:31 Image size of job updated: 1099640
	250  -  MemoryUsage of job (MB)
	255536  -  ResidentSetSize of job (KB)
...
006 (381952.000.000) 05/07 01:08:32 Image size of job updated: 1099656
	252  -  MemoryUsage of job (MB)
	257488  -  ResidentSetSize of job (KB)
...
006 (381952.000.000) 05/07 01:13:33 Image size of job updated: 1099936
	256  -  MemoryUsage of job (MB)
	261332  -  ResidentSetSize of job (KB)
...
005 (381952.000.000) 05/07 01:16:06 Job terminated.
	(1) Normal termination (return value 0)
		Usr 0 00:27:08, Sys 0 00:00:30  -  Run Remote Usage
		Usr 0 00:00:00, Sys 0 00:00:00  -  Run Local Usage
		Usr 0 00:27:08, Sys 0 00:00:30  -  Total Remote Usage
		Usr 0 00:00:00, Sys 0 00:00:00  -  Total Local Usage
	0  -  Run Bytes Sent By Job
	0  -  Run Bytes Received By Job
	0  -  Total Bytes Sent By Job
	0  -  Total Bytes Received By Job
	Partitionable Resources :    Usage  Request Allocated
	   Cpus                 :                 1         1
	   Disk (KB)            :        1        1    803079
	   Gpus                 :                           0
	   Memory (MB)          :      256        1     12899
...
