000 (515900.000.000) 05/05 17:12:16 Job submitted from host: <128.83.144.149:44250?addrs=128.83.144.149-44250>
...
001 (515900.000.000) 05/05 17:12:26 Job executing on host: <128.83.144.147:58788?addrs=128.83.144.147-58788>
...
006 (515900.000.000) 05/05 17:12:34 Image size of job updated: 1089696
	56  -  MemoryUsage of job (MB)
	57284  -  ResidentSetSize of job (KB)
...
006 (515900.000.000) 05/05 17:12:50 Image size of job updated: 1094572
	56  -  MemoryUsage of job (MB)
	57284  -  ResidentSetSize of job (KB)
...
004 (515900.000.000) 05/05 17:12:50 Job was evicted.
	(0) Job was not checkpointed.
		Usr 0 00:00:00, Sys 0 00:00:00  -  Run Remote Usage
		Usr 0 00:00:00, Sys 0 00:00:00  -  Run Local Usage
	0  -  Run Bytes Sent By Job
	0  -  Run Bytes Received By Job
	Partitionable Resources :    Usage  Request Allocated
	   Cpus                 :                 1         1
	   Disk (KB)            :        1        1   1883947
	   Gpus                 :                           0
	   Memory (MB)          :       56        1     21164
...
009 (515900.000.000) 05/05 17:12:51 Job was aborted by the user.
	via condor_rm (by user ypei)
...
000 (515930.000.000) 05/05 17:13:05 Job submitted from host: <128.83.144.149:44250?addrs=128.83.144.149-44250>
...
001 (515930.000.000) 05/05 17:13:27 Job executing on host: <128.83.144.147:58788?addrs=128.83.144.147-58788>
...
006 (515930.000.000) 05/05 17:13:35 Image size of job updated: 1089160
	56  -  MemoryUsage of job (MB)
	56488  -  ResidentSetSize of job (KB)
...
006 (515930.000.000) 05/05 17:14:27 Image size of job updated: 1089832
	56  -  MemoryUsage of job (MB)
	56488  -  ResidentSetSize of job (KB)
...
004 (515930.000.000) 05/05 17:14:27 Job was evicted.
	(0) Job was not checkpointed.
		Usr 0 00:00:00, Sys 0 00:00:00  -  Run Remote Usage
		Usr 0 00:00:00, Sys 0 00:00:00  -  Run Local Usage
	0  -  Run Bytes Sent By Job
	0  -  Run Bytes Received By Job
	Partitionable Resources :    Usage  Request Allocated
	   Cpus                 :                 1         1
	   Disk (KB)            :        1        1   1883947
	   Gpus                 :                           0
	   Memory (MB)          :       56        1     21164
...
009 (515930.000.000) 05/05 17:14:28 Job was aborted by the user.
	via condor_rm (by user ypei)
...
000 (516155.000.000) 05/05 17:14:47 Job submitted from host: <128.83.144.149:44250?addrs=128.83.144.149-44250>
...
001 (516155.000.000) 05/05 17:14:57 Job executing on host: <128.83.144.147:58788?addrs=128.83.144.147-58788>
...
006 (516155.000.000) 05/05 17:15:05 Image size of job updated: 1089316
	54  -  MemoryUsage of job (MB)
	54732  -  ResidentSetSize of job (KB)
...
006 (516155.000.000) 05/05 17:18:12 Image size of job updated: 1260088
	54  -  MemoryUsage of job (MB)
	54732  -  ResidentSetSize of job (KB)
...
004 (516155.000.000) 05/05 17:18:12 Job was evicted.
	(0) Job was not checkpointed.
		Usr 0 00:01:04, Sys 0 00:00:02  -  Run Remote Usage
		Usr 0 00:00:00, Sys 0 00:00:00  -  Run Local Usage
	0  -  Run Bytes Sent By Job
	0  -  Run Bytes Received By Job
	Partitionable Resources :    Usage  Request Allocated
	   Cpus                 :                 1         1
	   Disk (KB)            :        1        1   1883948
	   Gpus                 :                           0
	   Memory (MB)          :       54        1     21164
...
009 (516155.000.000) 05/05 17:18:12 Job was aborted by the user.
	via condor_rm (by user ypei)
...
000 (516362.000.000) 05/05 17:18:18 Job submitted from host: <128.83.144.149:44250?addrs=128.83.144.149-44250>
...
001 (516362.000.000) 05/05 17:18:28 Job executing on host: <128.83.144.147:58788?addrs=128.83.144.147-58788>
...
006 (516362.000.000) 05/05 17:18:37 Image size of job updated: 1089832
	56  -  MemoryUsage of job (MB)
	57316  -  ResidentSetSize of job (KB)
...
006 (516362.000.000) 05/05 17:21:21 Image size of job updated: 1260096
	132  -  MemoryUsage of job (MB)
	134452  -  ResidentSetSize of job (KB)
...
004 (516362.000.000) 05/05 17:21:21 Job was evicted.
	(0) Job was not checkpointed.
		Usr 0 00:01:31, Sys 0 00:00:03  -  Run Remote Usage
		Usr 0 00:00:00, Sys 0 00:00:00  -  Run Local Usage
	0  -  Run Bytes Sent By Job
	0  -  Run Bytes Received By Job
	Partitionable Resources :    Usage  Request Allocated
	   Cpus                 :                 1         1
	   Disk (KB)            :        1        1   1890651
	   Gpus                 :                           0
	   Memory (MB)          :      132        1     21164
...
009 (516362.000.000) 05/05 17:21:21 Job was aborted by the user.
	via condor_rm (by user ypei)
...
000 (516983.000.000) 05/05 17:21:40 Job submitted from host: <128.83.144.149:44250?addrs=128.83.144.149-44250>
...
001 (516983.000.000) 05/05 17:21:50 Job executing on host: <128.83.144.147:58788?addrs=128.83.144.147-58788>
...
006 (516983.000.000) 05/05 17:21:58 Image size of job updated: 372892
	29  -  MemoryUsage of job (MB)
	28720  -  ResidentSetSize of job (KB)
...
006 (516983.000.000) 05/05 17:26:58 Image size of job updated: 1261408
	161  -  MemoryUsage of job (MB)
	164068  -  ResidentSetSize of job (KB)
...
006 (516983.000.000) 05/05 17:31:59 Image size of job updated: 1261408
	175  -  MemoryUsage of job (MB)
	178296  -  ResidentSetSize of job (KB)
...
006 (516983.000.000) 05/05 17:37:00 Image size of job updated: 1261408
	186  -  MemoryUsage of job (MB)
	190112  -  ResidentSetSize of job (KB)
...
006 (516983.000.000) 05/05 17:42:00 Image size of job updated: 1261408
	200  -  MemoryUsage of job (MB)
	204628  -  ResidentSetSize of job (KB)
...
005 (516983.000.000) 05/05 17:42:02 Job terminated.
	(1) Normal termination (return value 0)
		Usr 0 00:18:17, Sys 0 00:00:27  -  Run Remote Usage
		Usr 0 00:00:00, Sys 0 00:00:00  -  Run Local Usage
		Usr 0 00:18:17, Sys 0 00:00:27  -  Total Remote Usage
		Usr 0 00:00:00, Sys 0 00:00:00  -  Total Local Usage
	0  -  Run Bytes Sent By Job
	0  -  Run Bytes Received By Job
	0  -  Total Bytes Sent By Job
	0  -  Total Bytes Received By Job
	Partitionable Resources :    Usage  Request Allocated
	   Cpus                 :                 1         1
	   Disk (KB)            :        1        1   1890647
	   Gpus                 :                           0
	   Memory (MB)          :      200        1     21164
...
000 (518018.000.000) 05/06 21:33:00 Job submitted from host: <128.83.144.149:44250?addrs=128.83.144.149-44250>
...
001 (518018.000.000) 05/06 21:33:10 Job executing on host: <128.83.130.161:35317?addrs=128.83.130.161-35317>
...
006 (518018.000.000) 05/06 21:33:18 Image size of job updated: 340324
	21  -  MemoryUsage of job (MB)
	20848  -  ResidentSetSize of job (KB)
...
006 (518018.000.000) 05/06 21:33:45 Image size of job updated: 1094704
	61  -  MemoryUsage of job (MB)
	61492  -  ResidentSetSize of job (KB)
...
004 (518018.000.000) 05/06 21:33:45 Job was evicted.
	(0) Job was not checkpointed.
		Usr 0 00:00:00, Sys 0 00:00:00  -  Run Remote Usage
		Usr 0 00:00:00, Sys 0 00:00:00  -  Run Local Usage
	0  -  Run Bytes Sent By Job
	0  -  Run Bytes Received By Job
	Partitionable Resources :    Usage  Request Allocated
	   Cpus                 :                 1         1
	   Disk (KB)            :        1        1   1867709
	   Gpus                 :                           0
	   Memory (MB)          :       61        1     21164
...
009 (518018.000.000) 05/06 21:33:46 Job was aborted by the user.
	via condor_rm (by user ypei)
...
000 (518225.000.000) 05/06 21:34:07 Job submitted from host: <128.83.144.149:44250?addrs=128.83.144.149-44250>
...
001 (518225.000.000) 05/06 21:34:18 Job executing on host: <128.83.130.161:35317?addrs=128.83.130.161-35317>
...
006 (518225.000.000) 05/06 21:34:26 Image size of job updated: 1089828
	54  -  MemoryUsage of job (MB)
	55252  -  ResidentSetSize of job (KB)
...
006 (518225.000.000) 05/06 21:39:26 Image size of job updated: 1261440
	156  -  MemoryUsage of job (MB)
	159056  -  ResidentSetSize of job (KB)
...
006 (518225.000.000) 05/06 21:44:27 Image size of job updated: 1261440
	169  -  MemoryUsage of job (MB)
	172448  -  ResidentSetSize of job (KB)
...
006 (518225.000.000) 05/06 21:49:28 Image size of job updated: 1261440
	179  -  MemoryUsage of job (MB)
	182516  -  ResidentSetSize of job (KB)
...
006 (518225.000.000) 05/06 21:54:28 Image size of job updated: 1261440
	188  -  MemoryUsage of job (MB)
	192364  -  ResidentSetSize of job (KB)
...
005 (518225.000.000) 05/06 21:58:45 Job terminated.
	(1) Normal termination (return value 0)
		Usr 0 00:22:59, Sys 0 00:00:33  -  Run Remote Usage
		Usr 0 00:00:00, Sys 0 00:00:00  -  Run Local Usage
		Usr 0 00:22:59, Sys 0 00:00:33  -  Total Remote Usage
		Usr 0 00:00:00, Sys 0 00:00:00  -  Total Local Usage
	0  -  Run Bytes Sent By Job
	0  -  Run Bytes Received By Job
	0  -  Total Bytes Sent By Job
	0  -  Total Bytes Received By Job
	Partitionable Resources :    Usage  Request Allocated
	   Cpus                 :                 1         1
	   Disk (KB)            :        1        1   1867708
	   Gpus                 :                           0
	   Memory (MB)          :      188        1     21164
...
000 (381793.000.000) 05/07 00:28:59 Job submitted from host: <128.83.144.155:57685?addrs=128.83.144.155-57685>
...
007 (381793.000.000) 05/07 00:29:13 Shadow exception!
	Can no longer talk to condor_starter <128.83.130.161:35317>
	0  -  Run Bytes Sent By Job
	0  -  Run Bytes Received By Job
...
001 (381793.000.000) 05/07 00:29:18 Job executing on host: <128.83.139.9:47643?addrs=128.83.139.9-47643>
...
006 (381793.000.000) 05/07 00:29:26 Image size of job updated: 1089184
	56  -  MemoryUsage of job (MB)
	56772  -  ResidentSetSize of job (KB)
...
006 (381793.000.000) 05/07 00:34:26 Image size of job updated: 1261284
	155  -  MemoryUsage of job (MB)
	158024  -  ResidentSetSize of job (KB)
...
006 (381793.000.000) 05/07 00:39:27 Image size of job updated: 1261284
	167  -  MemoryUsage of job (MB)
	170768  -  ResidentSetSize of job (KB)
...
006 (381793.000.000) 05/07 00:44:28 Image size of job updated: 1261284
	178  -  MemoryUsage of job (MB)
	181304  -  ResidentSetSize of job (KB)
...
006 (381793.000.000) 05/07 00:49:28 Image size of job updated: 1261540
	187  -  MemoryUsage of job (MB)
	191484  -  ResidentSetSize of job (KB)
...
005 (381793.000.000) 05/07 00:51:24 Job terminated.
	(1) Normal termination (return value 0)
		Usr 0 00:20:37, Sys 0 00:00:23  -  Run Remote Usage
		Usr 0 00:00:00, Sys 0 00:00:00  -  Run Local Usage
		Usr 0 00:20:37, Sys 0 00:00:23  -  Total Remote Usage
		Usr 0 00:00:00, Sys 0 00:00:00  -  Total Local Usage
	0  -  Run Bytes Sent By Job
	0  -  Run Bytes Received By Job
	0  -  Total Bytes Sent By Job
	0  -  Total Bytes Received By Job
	Partitionable Resources :    Usage  Request Allocated
	   Cpus                 :                 1         1
	   Disk (KB)            :        1        1   1678561
	   Gpus                 :                           0
	   Memory (MB)          :      187        1     12899
...
