000 (15005779.000.000) 08/01 20:50:06 Job submitted from host: <128.83.130.153:51299?addrs=128.83.130.153-51299>
...
001 (15005779.000.000) 08/01 20:50:14 Job executing on host: <128.83.120.75:36144?addrs=128.83.120.75-36144>
...
006 (15005779.000.000) 08/01 20:50:23 Image size of job updated: 1305996
	46  -  MemoryUsage of job (MB)
	46084  -  ResidentSetSize of job (KB)
...
006 (15005779.000.000) 08/01 20:55:24 Image size of job updated: 5814452
	518  -  MemoryUsage of job (MB)
	529488  -  ResidentSetSize of job (KB)
...
006 (15005779.000.000) 08/01 21:00:24 Image size of job updated: 5947264
	680  -  MemoryUsage of job (MB)
	696012  -  ResidentSetSize of job (KB)
...
006 (15005779.000.000) 08/01 21:05:25 Image size of job updated: 6012800
	847  -  MemoryUsage of job (MB)
	866636  -  ResidentSetSize of job (KB)
...
006 (15005779.000.000) 08/01 21:10:26 Image size of job updated: 6078336
	1002  -  MemoryUsage of job (MB)
	1026044  -  ResidentSetSize of job (KB)
...
006 (15005779.000.000) 08/01 21:15:26 Image size of job updated: 6209408
	1165  -  MemoryUsage of job (MB)
	1192848  -  ResidentSetSize of job (KB)
...
006 (15005779.000.000) 08/01 21:20:26 Image size of job updated: 6274944
	1325  -  MemoryUsage of job (MB)
	1356148  -  ResidentSetSize of job (KB)
...
006 (15005779.000.000) 08/01 21:25:27 Image size of job updated: 6409696
	1519  -  MemoryUsage of job (MB)
	1554496  -  ResidentSetSize of job (KB)
...
006 (15005779.000.000) 08/01 21:30:27 Image size of job updated: 6409696
	1676  -  MemoryUsage of job (MB)
	1715468  -  ResidentSetSize of job (KB)
...
006 (15005779.000.000) 08/01 21:35:27 Image size of job updated: 6540768
	1803  -  MemoryUsage of job (MB)
	1845644  -  ResidentSetSize of job (KB)
...
006 (15005779.000.000) 08/01 21:40:28 Image size of job updated: 6540768
	1938  -  MemoryUsage of job (MB)
	1984088  -  ResidentSetSize of job (KB)
...
006 (15005779.000.000) 08/01 21:45:29 Image size of job updated: 6606308
	2065  -  MemoryUsage of job (MB)
	2114368  -  ResidentSetSize of job (KB)
...
006 (15005779.000.000) 08/01 21:50:29 Image size of job updated: 6671840
	2206  -  MemoryUsage of job (MB)
	2258100  -  ResidentSetSize of job (KB)
...
006 (15005779.000.000) 08/01 21:52:31 Image size of job updated: 6671932
	2206  -  MemoryUsage of job (MB)
	2258100  -  ResidentSetSize of job (KB)
...
005 (15005779.000.000) 08/01 21:52:31 Job terminated.
	(1) Normal termination (return value 0)
		Usr 0 01:04:25, Sys 0 00:01:08  -  Run Remote Usage
		Usr 0 00:00:00, Sys 0 00:00:00  -  Run Local Usage
		Usr 0 01:04:25, Sys 0 00:01:08  -  Total Remote Usage
		Usr 0 00:00:00, Sys 0 00:00:00  -  Total Local Usage
	0  -  Run Bytes Sent By Job
	0  -  Run Bytes Received By Job
	0  -  Total Bytes Sent By Job
	0  -  Total Bytes Received By Job
	Partitionable Resources :    Usage  Request Allocated
	   Cpus                 :                 1         1
	   Disk (KB)            :        1        1   8862903
	   Gpus                 :                           0
	   Memory (MB)          :     2206        1      4028
...
