000 (516038.000.000) 05/05 17:13:15 Job submitted from host: <128.83.144.149:44250?addrs=128.83.144.149-44250>
...
001 (516038.000.000) 05/05 17:13:34 Job executing on host: <128.83.120.229:58979?addrs=128.83.120.229-58979>
...
006 (516038.000.000) 05/05 17:13:42 Image size of job updated: 913672
	56  -  MemoryUsage of job (MB)
	56776  -  ResidentSetSize of job (KB)
...
006 (516038.000.000) 05/05 17:14:25 Image size of job updated: 915204
	56  -  MemoryUsage of job (MB)
	56776  -  ResidentSetSize of job (KB)
...
004 (516038.000.000) 05/05 17:14:25 Job was evicted.
	(0) Job was not checkpointed.
		Usr 0 00:00:00, Sys 0 00:00:00  -  Run Remote Usage
		Usr 0 00:00:00, Sys 0 00:00:00  -  Run Local Usage
	0  -  Run Bytes Sent By Job
	0  -  Run Bytes Received By Job
	Partitionable Resources :    Usage  Request Allocated
	   Cpus                 :                 1         1
	   Disk (KB)            :        1        1    828970
	   Gpus                 :                           0
	   Memory (MB)          :       56        1     12899
...
009 (516038.000.000) 05/05 17:14:25 Job was aborted by the user.
	via condor_rm (by user ypei)
...
000 (516263.000.000) 05/05 17:14:57 Job submitted from host: <128.83.144.149:44250?addrs=128.83.144.149-44250>
...
001 (516263.000.000) 05/05 17:15:03 Job executing on host: <128.83.139.14:44306?addrs=128.83.139.14-44306>
...
006 (516263.000.000) 05/05 17:15:12 Image size of job updated: 340324
	21  -  MemoryUsage of job (MB)
	21224  -  ResidentSetSize of job (KB)
...
006 (516263.000.000) 05/05 17:18:09 Image size of job updated: 1087728
	21  -  MemoryUsage of job (MB)
	21224  -  ResidentSetSize of job (KB)
...
004 (516263.000.000) 05/05 17:18:09 Job was evicted.
	(0) Job was not checkpointed.
		Usr 0 00:01:11, Sys 0 00:00:01  -  Run Remote Usage
		Usr 0 00:00:00, Sys 0 00:00:00  -  Run Local Usage
	0  -  Run Bytes Sent By Job
	0  -  Run Bytes Received By Job
	Partitionable Resources :    Usage  Request Allocated
	   Cpus                 :                 1         1
	   Disk (KB)            :        1        1   1695320
	   Gpus                 :                           0
	   Memory (MB)          :       21        1     12899
...
009 (516263.000.000) 05/05 17:18:09 Job was aborted by the user.
	via condor_rm (by user ypei)
...
000 (516470.000.000) 05/05 17:18:27 Job submitted from host: <128.83.144.149:44250?addrs=128.83.144.149-44250>
...
001 (516470.000.000) 05/05 17:18:33 Job executing on host: <128.83.139.14:44306?addrs=128.83.139.14-44306>
...
006 (516470.000.000) 05/05 17:18:42 Image size of job updated: 913672
	52  -  MemoryUsage of job (MB)
	52696  -  ResidentSetSize of job (KB)
...
006 (516470.000.000) 05/05 17:21:24 Image size of job updated: 1088504
	288  -  MemoryUsage of job (MB)
	294512  -  ResidentSetSize of job (KB)
...
004 (516470.000.000) 05/05 17:21:24 Job was evicted.
	(0) Job was not checkpointed.
		Usr 0 00:01:18, Sys 0 00:00:01  -  Run Remote Usage
		Usr 0 00:00:00, Sys 0 00:00:00  -  Run Local Usage
	0  -  Run Bytes Sent By Job
	0  -  Run Bytes Received By Job
	Partitionable Resources :    Usage  Request Allocated
	   Cpus                 :                 1         1
	   Disk (KB)            :        1        1   1695320
	   Gpus                 :                           0
	   Memory (MB)          :      288        1     12899
...
009 (516470.000.000) 05/05 17:21:24 Job was aborted by the user.
	via condor_rm (by user ypei)
...
000 (517091.000.000) 05/05 17:21:55 Job submitted from host: <128.83.144.149:44250?addrs=128.83.144.149-44250>
...
001 (517091.000.000) 05/05 17:22:23 Job executing on host: <128.83.144.13:57145?addrs=128.83.144.13-57145>
...
006 (517091.000.000) 05/05 17:22:32 Image size of job updated: 913512
	56  -  MemoryUsage of job (MB)
	56500  -  ResidentSetSize of job (KB)
...
006 (517091.000.000) 05/05 17:27:33 Image size of job updated: 1154116
	333  -  MemoryUsage of job (MB)
	340160  -  ResidentSetSize of job (KB)
...
006 (517091.000.000) 05/05 17:32:33 Image size of job updated: 1219796
	386  -  MemoryUsage of job (MB)
	394416  -  ResidentSetSize of job (KB)
...
006 (517091.000.000) 05/05 17:37:33 Image size of job updated: 1219800
	432  -  MemoryUsage of job (MB)
	442144  -  ResidentSetSize of job (KB)
...
006 (517091.000.000) 05/05 17:42:34 Image size of job updated: 1285592
	450  -  MemoryUsage of job (MB)
	460696  -  ResidentSetSize of job (KB)
...
005 (517091.000.000) 05/05 17:44:36 Job terminated.
	(1) Normal termination (return value 0)
		Usr 0 00:20:36, Sys 0 00:00:22  -  Run Remote Usage
		Usr 0 00:00:00, Sys 0 00:00:00  -  Run Local Usage
		Usr 0 00:20:36, Sys 0 00:00:22  -  Total Remote Usage
		Usr 0 00:00:00, Sys 0 00:00:00  -  Total Local Usage
	0  -  Run Bytes Sent By Job
	0  -  Run Bytes Received By Job
	0  -  Total Bytes Sent By Job
	0  -  Total Bytes Received By Job
	Partitionable Resources :    Usage  Request Allocated
	   Cpus                 :                 1         1
	   Disk (KB)            :        1        1    824402
	   Gpus                 :                           0
	   Memory (MB)          :      450        1     12899
...
000 (518126.000.000) 05/06 21:33:08 Job submitted from host: <128.83.144.149:44250?addrs=128.83.144.149-44250>
...
001 (518126.000.000) 05/06 21:33:17 Job executing on host: <128.83.120.230:37764?addrs=128.83.120.230-37764>
...
006 (518126.000.000) 05/06 21:33:26 Image size of job updated: 913808
	56  -  MemoryUsage of job (MB)
	56776  -  ResidentSetSize of job (KB)
...
006 (518126.000.000) 05/06 21:33:43 Image size of job updated: 915340
	56  -  MemoryUsage of job (MB)
	56776  -  ResidentSetSize of job (KB)
...
004 (518126.000.000) 05/06 21:33:43 Job was evicted.
	(0) Job was not checkpointed.
		Usr 0 00:00:00, Sys 0 00:00:00  -  Run Remote Usage
		Usr 0 00:00:00, Sys 0 00:00:00  -  Run Local Usage
	0  -  Run Bytes Sent By Job
	0  -  Run Bytes Received By Job
	Partitionable Resources :    Usage  Request Allocated
	   Cpus                 :                 1         1
	   Disk (KB)            :        1        1    792422
	   Gpus                 :                           0
	   Memory (MB)          :       56        1     12899
...
009 (518126.000.000) 05/06 21:33:45 Job was aborted by the user.
	via condor_rm (by user ypei)
...
000 (518333.000.000) 05/06 21:34:16 Job submitted from host: <128.83.144.149:44250?addrs=128.83.144.149-44250>
...
001 (518333.000.000) 05/06 21:34:24 Job executing on host: <128.83.120.250:59851?addrs=128.83.120.250-59851>
...
006 (518333.000.000) 05/06 21:34:33 Image size of job updated: 913808
	56  -  MemoryUsage of job (MB)
	56704  -  ResidentSetSize of job (KB)
...
006 (518333.000.000) 05/06 21:39:34 Image size of job updated: 1154228
	308  -  MemoryUsage of job (MB)
	314376  -  ResidentSetSize of job (KB)
...
006 (518333.000.000) 05/06 21:44:35 Image size of job updated: 1154404
	351  -  MemoryUsage of job (MB)
	358704  -  ResidentSetSize of job (KB)
...
006 (518333.000.000) 05/06 21:49:35 Image size of job updated: 1219960
	380  -  MemoryUsage of job (MB)
	388668  -  ResidentSetSize of job (KB)
...
006 (518333.000.000) 05/06 21:54:36 Image size of job updated: 1220220
	400  -  MemoryUsage of job (MB)
	408984  -  ResidentSetSize of job (KB)
...
006 (518333.000.000) 05/06 21:59:37 Image size of job updated: 1220220
	434  -  MemoryUsage of job (MB)
	444164  -  ResidentSetSize of job (KB)
...
006 (518333.000.000) 05/06 22:04:37 Image size of job updated: 1220220
	444  -  MemoryUsage of job (MB)
	453804  -  ResidentSetSize of job (KB)
...
006 (518333.000.000) 05/06 22:09:37 Image size of job updated: 1285756
	455  -  MemoryUsage of job (MB)
	465792  -  ResidentSetSize of job (KB)
...
005 (518333.000.000) 05/06 22:10:47 Job terminated.
	(1) Normal termination (return value 0)
		Usr 0 00:34:30, Sys 0 00:00:40  -  Run Remote Usage
		Usr 0 00:00:00, Sys 0 00:00:00  -  Run Local Usage
		Usr 0 00:34:30, Sys 0 00:00:40  -  Total Remote Usage
		Usr 0 00:00:00, Sys 0 00:00:00  -  Total Local Usage
	0  -  Run Bytes Sent By Job
	0  -  Run Bytes Received By Job
	0  -  Total Bytes Sent By Job
	0  -  Total Bytes Received By Job
	Partitionable Resources :    Usage  Request Allocated
	   Cpus                 :                 1         1
	   Disk (KB)            :        1        1    798513
	   Gpus                 :                           0
	   Memory (MB)          :      455        1     12899
...
000 (381901.000.000) 05/07 00:29:07 Job submitted from host: <128.83.144.155:57685?addrs=128.83.144.155-57685>
...
001 (381901.000.000) 05/07 00:29:20 Job executing on host: <128.83.144.5:44408?addrs=128.83.144.5-44408>
...
006 (381901.000.000) 05/07 00:29:28 Image size of job updated: 913812
	54  -  MemoryUsage of job (MB)
	54888  -  ResidentSetSize of job (KB)
...
006 (381901.000.000) 05/07 00:34:28 Image size of job updated: 1088728
	299  -  MemoryUsage of job (MB)
	306080  -  ResidentSetSize of job (KB)
...
006 (381901.000.000) 05/07 00:39:28 Image size of job updated: 1154428
	333  -  MemoryUsage of job (MB)
	340528  -  ResidentSetSize of job (KB)
...
006 (381901.000.000) 05/07 00:44:29 Image size of job updated: 1154428
	360  -  MemoryUsage of job (MB)
	367932  -  ResidentSetSize of job (KB)
...
006 (381901.000.000) 05/07 00:49:29 Image size of job updated: 1219968
	385  -  MemoryUsage of job (MB)
	393364  -  ResidentSetSize of job (KB)
...
006 (381901.000.000) 05/07 00:54:29 Image size of job updated: 1220224
	404  -  MemoryUsage of job (MB)
	412760  -  ResidentSetSize of job (KB)
...
006 (381901.000.000) 05/07 00:59:30 Image size of job updated: 1220224
	417  -  MemoryUsage of job (MB)
	426264  -  ResidentSetSize of job (KB)
...
005 (381901.000.000) 05/07 00:59:51 Job terminated.
	(1) Normal termination (return value 0)
		Usr 0 00:28:42, Sys 0 00:00:33  -  Run Remote Usage
		Usr 0 00:00:00, Sys 0 00:00:00  -  Run Local Usage
		Usr 0 00:28:42, Sys 0 00:00:33  -  Total Remote Usage
		Usr 0 00:00:00, Sys 0 00:00:00  -  Total Local Usage
	0  -  Run Bytes Sent By Job
	0  -  Run Bytes Received By Job
	0  -  Total Bytes Sent By Job
	0  -  Total Bytes Received By Job
	Partitionable Resources :    Usage  Request Allocated
	   Cpus                 :                 1         1
	   Disk (KB)            :        1        1    790418
	   Gpus                 :                           0
	   Memory (MB)          :      417        1     12899
...
