[SNIPER] Start
Sampler: 4, 4, 32
stlb_cache: 512, 16
stlb_cache_L1: 512, 16
Sampler: 4, 32, 0
itlb_cache: 32, 1
itlb_cache_L1: 32, 1
Sampler: 4, 128, 0
dtlb_cache: 128, 4
dtlb_cache_L1: 128, 4
num_memory_controller = 1
L1-I 2
Sampler: 4, 4, 128
L1-I: 2048, 64
L1-I_L1: 2048, 64
Creating prefetcher object 0 0
Creating prefetcher object 1 0
Creating prefetcher object 2 0
Creating prefetcher object 3 0
L1-D 3
Sampler: 4, 8, 20
L1-D: 400, 20
L1-D_L1: 400, 20
Creating prefetcher object 0 0
Creating prefetcher object 1 0
Creating prefetcher object 2 0
Creating prefetcher object 3 0
L2 4
Sampler: 25f, 10, d
L2: 20000, 1000
L2_L1: 20000, 1000
EimanPrefetcher2 running
Creating prefetcher object 0 0x301eee0
EimanPrefetcher2 running
Creating prefetcher object 1 0x31217e0
EimanPrefetcher2 running
Creating prefetcher object 2 0x3224120
EimanPrefetcher2 running
Creating prefetcher object 3 0x3326a60
Sampler: 4, 4, 20
stlb_cache: 200, 10
stlb_cache_L1: 200, 10
Sampler: 4, 20, 0
itlb_cache: 20, 1
itlb_cache_L1: 20, 1
Sampler: 4, 80, 0
dtlb_cache: 80, 4
dtlb_cache_L1: 80, 4
num_memory_controller = 1
L1-I 2
Sampler: 4, 4, 80
L1-I: 800, 40
L1-I_L1: 800, 40
Creating prefetcher object 0 0
Creating prefetcher object 1 0
Creating prefetcher object 2 0
Creating prefetcher object 3 0
L1-D 3
Sampler: 4, 8, 20
L1-D: 400, 20
L1-D_L1: 400, 20
Creating prefetcher object 0 0
Creating prefetcher object 1 0
Creating prefetcher object 2 0
Creating prefetcher object 3 0
L2 4
Sampler: 4, 4, 20
stlb_cache: 200, 10
stlb_cache_L1: 200, 10
Sampler: 4, 20, 0
itlb_cache: 20, 1
itlb_cache_L1: 20, 1
Sampler: 4, 80, 0
dtlb_cache: 80, 4
dtlb_cache_L1: 80, 4
num_memory_controller = 1
L1-I 2
Sampler: 4, 4, 80
L1-I: 800, 40
L1-I_L1: 800, 40
Creating prefetcher object 0 0
Creating prefetcher object 1 0
Creating prefetcher object 2 0
Creating prefetcher object 3 0
L1-D 3
Sampler: 4, 8, 20
L1-D: 400, 20
L1-D_L1: 400, 20
Creating prefetcher object 0 0
Creating prefetcher object 1 0
Creating prefetcher object 2 0
Creating prefetcher object 3 0
L2 4
Sampler: 4, 4, 20
stlb_cache: 200, 10
stlb_cache_L1: 200, 10
Sampler: 4, 20, 0
itlb_cache: 20, 1
itlb_cache_L1: 20, 1
Sampler: 4, 80, 0
dtlb_cache: 80, 4
dtlb_cache_L1: 80, 4
num_memory_controller = 1
L1-I 2
Sampler: 4, 4, 80
L1-I: 800, 40
L1-I_L1: 800, 40
Creating prefetcher object 0 0
Creating prefetcher object 1 0
Creating prefetcher object 2 0
Creating prefetcher object 3 0
L1-D 3
Sampler: 4, 8, 20
L1-D: 400, 20
L1-D_L1: 400, 20
Creating prefetcher object 0 0
Creating prefetcher object 1 0
Creating prefetcher object 2 0
Creating prefetcher object 3 0
L2 4
[SNIPER] --------------------------------------------------------------------------------
[SNIPER] Sniper using SIFT/trace-driven frontend
[SNIPER] Running full application in DETAILED mode
[SNIPER] --------------------------------------------------------------------------------
[SNIPER] Enabling performance models
[SNIPER] Setting instrumentation mode to DETAILED
0	1
0	1
0	3
0	9
isb_agg = 1, bo_agg = 1
isb_agg = 0, bo_agg = 1
isb_agg = 1, bo_agg = 1
isb_agg = 0, bo_agg = 1
isb_agg = 0, bo_agg = 1
isb_agg = 1, bo_agg = 1
isb_agg = 0, bo_agg = 1
isb_agg = 0, bo_agg = 1
isb_agg = 0, bo_agg = 1
isb_agg = 0, bo_agg = 1
1	20726
1	45975
1	27406
1	7643
isb_agg = 0, bo_agg = 1
isb_agg = 0, bo_agg = 0
phase = 0
isb_agg = 0, bo_agg = 1
isb_agg = 0, bo_agg = 0
isb_agg = 0, bo_agg = 1
isb_agg = 0, bo_agg = 1
isb_agg = 0, bo_agg = 1
isb_agg = 0, bo_agg = 0
isb_agg = 0, bo_agg = 1
isb_agg = 0, bo_agg = 1
isb_agg = 0, bo_agg = 1
isb_agg = 0, bo_agg = 0
isb_agg = 0, bo_agg = 0
isb_agg = 0, bo_agg = 1
isb_agg = 0, bo_agg = 0
isb_agg = 0, bo_agg = 1
isb_agg = 0, bo_agg = 0
isb_agg = 0, bo_agg = 1
phase = 1
2	25215
2	4041
2	67008
2	14349
isb_agg = 1, bo_agg = 1
isb_agg = 0, bo_agg = 1
isb_agg = 0, bo_agg = 0
isb_agg = 0, bo_agg = 0
isb_agg = 0, bo_agg = 0
isb_agg = 0, bo_agg = 0
isb_agg = 0, bo_agg = 1
isb_agg = 0, bo_agg = 1
isb_agg = 0, bo_agg = 1
isb_agg = 0, bo_agg = 0
isb_agg = 0, bo_agg = 1
isb_agg = 0, bo_agg = 0
isb_agg = 0, bo_agg = 0
isb_agg = 0, bo_agg = 0
isb_agg = 0, bo_agg = 0
isb_agg = 0, bo_agg = 1
3	14047
3	66644
3	4551
3	12683
isb_agg = 0, bo_agg = 0
isb_agg = 0, bo_agg = 0
isb_agg = 1, bo_agg = 1
phase = 2
isb_agg = 0, bo_agg = 0
isb_agg = 0, bo_agg = 0
isb_agg = 0, bo_agg = 0
phase = 0
isb_agg = 0, bo_agg = 0
phase = 0
isb_agg = 0, bo_agg = 1
isb_agg = 0, bo_agg = 1
phase = 0
isb_agg = 0, bo_agg = 1
isb_agg = 0, bo_agg = 0
isb_agg = 0, bo_agg = 1
isb_agg = 0, bo_agg = 1
isb_agg = 0, bo_agg = 0
4	55972
4	4398
4	13312
4	18982
isb_agg = 0, bo_agg = 1
phase = 3
isb_agg = 0, bo_agg = 1
isb_agg = 0, bo_agg = 1
isb_agg = 0, bo_agg = 0
isb_agg = 0, bo_agg = 1
isb_agg = 0, bo_agg = 0
isb_agg = 0, bo_agg = 1
isb_agg = 0, bo_agg = 1
isb_agg = 1, bo_agg = 0
isb_agg = 0, bo_agg = 1
isb_agg = 0, bo_agg = 1
isb_agg = 0, bo_agg = 1
isb_agg = 0, bo_agg = 1
isb_agg = 0, bo_agg = 1
isb_agg = 0, bo_agg = 0
isb_agg = 0, bo_agg = 1
5	39325
5	17891
5	4561
5	31787
phase = 4
isb_agg = 0, bo_agg = 1
isb_agg = 0, bo_agg = 1
isb_agg = 0, bo_agg = 0
isb_agg = 0, bo_agg = 1
isb_agg = 0, bo_agg = 0
isb_agg = 0, bo_agg = 1
isb_agg = 0, bo_agg = 0
isb_agg = 0, bo_agg = 1
isb_agg = 0, bo_agg = 1
isb_agg = 0, bo_agg = 1
isb_agg = 0, bo_agg = 1
isb_agg = 0, bo_agg = 0
phase = 5
isb_agg = 1, bo_agg = 1
isb_agg = 1, bo_agg = 0
isb_agg = 1, bo_agg = 0
6	61398
6	12361
6	23427
6	5006
isb_agg = 1, bo_agg = 0
isb_agg = 0, bo_agg = 0
isb_agg = 1, bo_agg = 0
phase = 1
isb_agg = 0, bo_agg = 1
isb_agg = 1, bo_agg = 0
isb_agg = 1, bo_agg = 0
isb_agg = 1, bo_agg = 0
isb_agg = 0, bo_agg = 0
isb_agg = 1, bo_agg = 0
phase = 1
isb_agg = 1, bo_agg = 0
isb_agg = 1, bo_agg = 0
phase = 6
isb_agg = 1, bo_agg = 1
isb_agg = 1, bo_agg = 0
isb_agg = 0, bo_agg = 0
isb_agg = 1, bo_agg = 0
isb_agg = 1, bo_agg = 0
isb_agg = 1, bo_agg = 0
isb_agg = 1, bo_agg = 0
isb_agg = 0, bo_agg = 0
isb_agg = 1, bo_agg = 0
phase = 1
7	21990
7	68993
7	15774
7	7492
isb_agg = 1, bo_agg = 1
isb_agg = 1, bo_agg = 0
isb_agg = 1, bo_agg = 0
isb_agg = 0, bo_agg = 0
isb_agg = 1, bo_agg = 0
isb_agg = 1, bo_agg = 0
phase = 7
isb_agg = 0, bo_agg = 0
isb_agg = 1, bo_agg = 1
isb_agg = 1, bo_agg = 1
isb_agg = 0, bo_agg = 1
isb_agg = 0, bo_agg = 0
isb_agg = 0, bo_agg = 1
isb_agg = 0, bo_agg = 1
8	56806
8	23284
8	13957
8	4662
isb_agg = 0, bo_agg = 0
isb_agg = 1, bo_agg = 1
isb_agg = 0, bo_agg = 1
phase = 8
isb_agg = 0, bo_agg = 1
isb_agg = 0, bo_agg = 0
isb_agg = 1, bo_agg = 1
isb_agg = 0, bo_agg = 1
isb_agg = 1, bo_agg = 1
isb_agg = 0, bo_agg = 0
isb_agg = 0, bo_agg = 1
isb_agg = 0, bo_agg = 1
isb_agg = 0, bo_agg = 0
isb_agg = 0, bo_agg = 1
phase = 9
9	22508
9	13757
9	45921
9	4778
isb_agg = 0, bo_agg = 1
isb_agg = 1, bo_agg = 1
isb_agg = 0, bo_agg = 0
isb_agg = 0, bo_agg = 1
isb_agg = 1, bo_agg = 1
isb_agg = 1, bo_agg = 1
isb_agg = 1, bo_agg = 1
phase = 2
isb_agg = 1, bo_agg = 1
isb_agg = 1, bo_agg = 1
isb_agg = 0, bo_agg = 1
isb_agg = 0, bo_agg = 0
isb_agg = 1, bo_agg = 1
isb_agg = 1, bo_agg = 0
isb_agg = 0, bo_agg = 1
isb_agg = 0, bo_agg = 1
phase = 2
phase = 10
isb_agg = 0, bo_agg = 0
a	13555
a	36796
a	29508
a	6089
isb_agg = 0, bo_agg = 1
isb_agg = 0, bo_agg = 1
isb_agg = 1, bo_agg = 1
isb_agg = 1, bo_agg = 1
phase = 2
isb_agg = 0, bo_agg = 0
isb_agg = 1, bo_agg = 0
isb_agg = 1, bo_agg = 0
isb_agg = 1, bo_agg = 0
isb_agg = 1, bo_agg = 0
isb_agg = 0, bo_agg = 0
isb_agg = 1, bo_agg = 0
isb_agg = 1, bo_agg = 0
isb_agg = 1, bo_agg = 1
isb_agg = 1, bo_agg = 0
phase = 11
isb_agg = 1, bo_agg = 0
isb_agg = 0, bo_agg = 0
isb_agg = 1, bo_agg = 0
isb_agg = 1, bo_agg = 0
b	19506
b	13911
b	6028
b	67373
isb_agg = 1, bo_agg = 0
isb_agg = 0, bo_agg = 0
isb_agg = 1, bo_agg = 0
isb_agg = 1, bo_agg = 1
isb_agg = 1, bo_agg = 0
isb_agg = 1, bo_agg = 0
isb_agg = 0, bo_agg = 0
isb_agg = 1, bo_agg = 0
isb_agg = 1, bo_agg = 0
isb_agg = 1, bo_agg = 0
isb_agg = 0, bo_agg = 0
isb_agg = 1, bo_agg = 0
isb_agg = 1, bo_agg = 1
phase = 12
isb_agg = 1, bo_agg = 0
isb_agg = 0, bo_agg = 0
isb_agg = 1, bo_agg = 0
c	20017
c	54673
c	14489
c	4786
isb_agg = 1, bo_agg = 0
phase = 3
isb_agg = 0, bo_agg = 0
isb_agg = 1, bo_agg = 1
isb_agg = 1, bo_agg = 0
isb_agg = 1, bo_agg = 1
isb_agg = 0, bo_agg = 1
isb_agg = 0, bo_agg = 0
phase = 13
isb_agg = 1, bo_agg = 0
isb_agg = 0, bo_agg = 1
isb_agg = 1, bo_agg = 1
isb_agg = 0, bo_agg = 1
isb_agg = 0, bo_agg = 0
phase = 3
isb_agg = 0, bo_agg = 1
d	50523
d	18250
d	13657
d	3990
phase = 3
isb_agg = 0, bo_agg = 0
isb_agg = 0, bo_agg = 1
isb_agg = 1, bo_agg = 1
phase = 14
isb_agg = 0, bo_agg = 1
isb_agg = 0, bo_agg = 0
isb_agg = 0, bo_agg = 1
isb_agg = 0, bo_agg = 0
isb_agg = 0, bo_agg = 1
isb_agg = 1, bo_agg = 1
isb_agg = 0, bo_agg = 1
isb_agg = 0, bo_agg = 0
isb_agg = 1, bo_agg = 0
isb_agg = 0, bo_agg = 1
phase = 15
isb_agg = 1, bo_agg = 1
isb_agg = 1, bo_agg = 1
e	22597
e	51519
e	4676
e	22579
isb_agg = 1, bo_agg = 1
isb_agg = 1, bo_agg = 1
isb_agg = 1, bo_agg = 1
isb_agg = 1, bo_agg = 1
isb_agg = 0, bo_agg = 1
isb_agg = 0, bo_agg = 0
isb_agg = 0, bo_agg = 1
isb_agg = 0, bo_agg = 0
isb_agg = 0, bo_agg = 1
isb_agg = 0, bo_agg = 1
isb_agg = 1, bo_agg = 1
isb_agg = 0, bo_agg = 1
isb_agg = 0, bo_agg = 0
isb_agg = 1, bo_agg = 1
isb_agg = 1, bo_agg = 0
phase = 4
isb_agg = 1, bo_agg = 0
f	51797
f	18153
f	23915
phase = 16
f	5500
isb_agg = 1, bo_agg = 0
isb_agg = 0, bo_agg = 0
isb_agg = 1, bo_agg = 0
isb_agg = 1, bo_agg = 1
isb_agg = 1, bo_agg = 0
isb_agg = 1, bo_agg = 0
isb_agg = 1, bo_agg = 0
isb_agg = 1, bo_agg = 0
isb_agg = 0, bo_agg = 0
isb_agg = 1, bo_agg = 0
isb_agg = 1, bo_agg = 0
isb_agg = 1, bo_agg = 0
phase = 4
isb_agg = 1, bo_agg = 1
isb_agg = 1, bo_agg = 0
isb_agg = 0, bo_agg = 0
isb_agg = 1, bo_agg = 0
phase = 17
isb_agg = 1, bo_agg = 0
isb_agg = 1, bo_agg = 0
isb_agg = 1, bo_agg = 0
10	71831
10	14976
10	19198
10	6855
isb_agg = 0, bo_agg = 0
isb_agg = 1, bo_agg = 0
isb_agg = 1, bo_agg = 1
phase = 4
isb_agg = 1, bo_agg = 0
isb_agg = 0, bo_agg = 0
isb_agg = 1, bo_agg = 0
isb_agg = 1, bo_agg = 1
isb_agg = 0, bo_agg = 0
phase = 18
isb_agg = 0, bo_agg = 1
isb_agg = 1, bo_agg = 1
isb_agg = 1, bo_agg = 0
isb_agg = 0, bo_agg = 0
isb_agg = 0, bo_agg = 1
isb_agg = 0, bo_agg = 1
isb_agg = 0, bo_agg = 0
11	22991
11	54388
11	13268
11	4012
isb_agg = 0, bo_agg = 1
isb_agg = 1, bo_agg = 1
isb_agg = 0, bo_agg = 0
isb_agg = 0, bo_agg = 1
phase = 19
isb_agg = 0, bo_agg = 1
isb_agg = 0, bo_agg = 0
isb_agg = 0, bo_agg = 1
isb_agg = 1, bo_agg = 1
isb_agg = 0, bo_agg = 1
isb_agg = 0, bo_agg = 0
isb_agg = 0, bo_agg = 1
phase = 20
isb_agg = 0, bo_agg = 1
12	55847
12	19307
12	14614
12	4111
isb_agg = 0, bo_agg = 1
isb_agg = 0, bo_agg = 0
isb_agg = 1, bo_agg = 1
isb_agg = 0, bo_agg = 1
isb_agg = 0, bo_agg = 1
isb_agg = 0, bo_agg = 0
isb_agg = 0, bo_agg = 1
isb_agg = 0, bo_agg = 1
isb_agg = 1, bo_agg = 0
isb_agg = 1, bo_agg = 1
isb_agg = 1, bo_agg = 1
isb_agg = 1, bo_agg = 1
isb_agg = 1, bo_agg = 1
phase = 5
isb_agg = 1, bo_agg = 1
isb_agg = 1, bo_agg = 1
isb_agg = 1, bo_agg = 0
isb_agg = 1, bo_agg = 0
13	39408
13	13094
13	30296
isb_agg = 0, bo_agg = 0
13	6141
isb_agg = 1, bo_agg = 0
phase = 21
isb_agg = 1, bo_agg = 0
isb_agg = 1, bo_agg = 0
isb_agg = 1, bo_agg = 1
isb_agg = 1, bo_agg = 0
isb_agg = 0, bo_agg = 0
isb_agg = 1, bo_agg = 0
phase = 5
isb_agg = 1, bo_agg = 0
isb_agg = 1, bo_agg = 0
isb_agg = 1, bo_agg = 0
isb_agg = 1, bo_agg = 0
isb_agg = 0, bo_agg = 0
isb_agg = 1, bo_agg = 1
isb_agg = 1, bo_agg = 0
isb_agg = 1, bo_agg = 0
phase = 22
isb_agg = 1, bo_agg = 0
isb_agg = 0, bo_agg = 0
isb_agg = 1, bo_agg = 0
14	68154
14	18363
14	13842
14	6916
isb_agg = 1, bo_agg = 0
isb_agg = 1, bo_agg = 0
isb_agg = 0, bo_agg = 0
isb_agg = 1, bo_agg = 1
isb_agg = 1, bo_agg = 0
isb_agg = 0, bo_agg = 0
isb_agg = 1, bo_agg = 0
isb_agg = 0, bo_agg = 0
isb_agg = 1, bo_agg = 1
phase = 23
isb_agg = 1, bo_agg = 1
isb_agg = 0, bo_agg = 1
isb_agg = 0, bo_agg = 0
isb_agg = 0, bo_agg = 1
15	13464
15	53185
15	24927
15	3740
isb_agg = 0, bo_agg = 0
isb_agg = 0, bo_agg = 1
isb_agg = 0, bo_agg = 1
isb_agg = 0, bo_agg = 0
isb_agg = 1, bo_agg = 1
isb_agg = 1, bo_agg = 0
isb_agg = 0, bo_agg = 1
phase = 24
isb_agg = 0, bo_agg = 0
isb_agg = 0, bo_agg = 1
isb_agg = 0, bo_agg = 1
isb_agg = 0, bo_agg = 0
isb_agg = 1, bo_agg = 1
isb_agg = 0, bo_agg = 1
isb_agg = 0, bo_agg = 0
isb_agg = 0, bo_agg = 1
16	52629
16	24795
16	13880
16	4268
phase = 6
phase = 25
isb_agg = 0, bo_agg = 1
isb_agg = 0, bo_agg = 1
isb_agg = 1, bo_agg = 1
isb_agg = 1, bo_agg = 1
isb_agg = 0, bo_agg = 0
isb_agg = 1, bo_agg = 0
isb_agg = 1, bo_agg = 0
isb_agg = 1, bo_agg = 0
isb_agg = 1, bo_agg = 0
isb_agg = 0, bo_agg = 0
phase = 6
isb_agg = 1, bo_agg = 0
isb_agg = 1, bo_agg = 0
isb_agg = 1, bo_agg = 0
isb_agg = 1, bo_agg = 1
isb_agg = 1, bo_agg = 0
phase = 26
isb_agg = 0, bo_agg = 0
isb_agg = 1, bo_agg = 0
isb_agg = 1, bo_agg = 0
isb_agg = 1, bo_agg = 0
17	75950
17	22465
17	16044
isb_agg = 1, bo_agg = 0
17	6898
isb_agg = 1, bo_agg = 1
isb_agg = 0, bo_agg = 0
isb_agg = 1, bo_agg = 0
isb_agg = 1, bo_agg = 0
isb_agg = 1, bo_agg = 1
isb_agg = 1, bo_agg = 1
isb_agg = 1, bo_agg = 1
isb_agg = 1, bo_agg = 1
isb_agg = 1, bo_agg = 1
isb_agg = 1, bo_agg = 1
isb_agg = 1, bo_agg = 0
isb_agg = 1, bo_agg = 0
isb_agg = 0, bo_agg = 0
isb_agg = 1, bo_agg = 0
isb_agg = 1, bo_agg = 0
isb_agg = 0, bo_agg = 0
phase = 27
18	42972
18	14611
18	32444
18	5493
isb_agg = 1, bo_agg = 1
isb_agg = 1, bo_agg = 0
isb_agg = 1, bo_agg = 1
isb_agg = 1, bo_agg = 1
isb_agg = 0, bo_agg = 0
isb_agg = 0, bo_agg = 1
isb_agg = 0, bo_agg = 1
isb_agg = 0, bo_agg = 0
isb_agg = 0, bo_agg = 1
isb_agg = 1, bo_agg = 1
phase = 28
isb_agg = 0, bo_agg = 0
isb_agg = 0, bo_agg = 1
19	52482
19	12349
19	19625
isb_agg = 0, bo_agg = 1
19	4011
isb_agg = 0, bo_agg = 0
isb_agg = 0, bo_agg = 1
isb_agg = 1, bo_agg = 1
phase = 7
isb_agg = 0, bo_agg = 1
phase = 29
isb_agg = 0, bo_agg = 1
isb_agg = 0, bo_agg = 0
isb_agg = 1, bo_agg = 1
isb_agg = 0, bo_agg = 1
isb_agg = 1, bo_agg = 1
phase = 7
isb_agg = 0, bo_agg = 0
isb_agg = 0, bo_agg = 1
isb_agg = 0, bo_agg = 1
isb_agg = 0, bo_agg = 1
1a	56299
1a	5551
1a	18408
1a	14524
isb_agg = 1, bo_agg = 1
isb_agg = 1, bo_agg = 0
phase = 30
isb_agg = 0, bo_agg = 0
isb_agg = 1, bo_agg = 1
isb_agg = 1, bo_agg = 0
isb_agg = 1, bo_agg = 0
isb_agg = 1, bo_agg = 0
isb_agg = 1, bo_agg = 0
isb_agg = 1, bo_agg = 0
isb_agg = 0, bo_agg = 0
isb_agg = 1, bo_agg = 0
isb_agg = 1, bo_agg = 0
isb_agg = 1, bo_agg = 1
isb_agg = 1, bo_agg = 0
isb_agg = 1, bo_agg = 0
isb_agg = 1, bo_agg = 0
isb_agg = 0, bo_agg = 0
isb_agg = 1, bo_agg = 0
phase = 31
isb_agg = 1, bo_agg = 0
isb_agg = 1, bo_agg = 0
1b	7812
1b	75527
1b	16260
1b	18119
isb_agg = 1, bo_agg = 1
isb_agg = 0, bo_agg = 0
isb_agg = 1, bo_agg = 0
isb_agg = 1, bo_agg = 0
isb_agg = 1, bo_agg = 0
isb_agg = 0, bo_agg = 0
isb_agg = 1, bo_agg = 0
isb_agg = 0, bo_agg = 0
isb_agg = 1, bo_agg = 1
isb_agg = 1, bo_agg = 0
phase = 32
isb_agg = 0, bo_agg = 0
isb_agg = 1, bo_agg = 1
isb_agg = 1, bo_agg = 0
isb_agg = 0, bo_agg = 1
isb_agg = 1, bo_agg = 1
isb_agg = 1, bo_agg = 1
1c	17936
1c	22012
1c	48623
isb_agg = 1, bo_agg = 1
isb_agg = 1, bo_agg = 1
1c	4156
isb_agg = 1, bo_agg = 1
phase = 8
isb_agg = 1, bo_agg = 1
isb_agg = 0, bo_agg = 0
isb_agg = 0, bo_agg = 1
isb_agg = 0, bo_agg = 0
isb_agg = 0, bo_agg = 1
isb_agg = 1, bo_agg = 1
isb_agg = 0, bo_agg = 0
isb_agg = 0, bo_agg = 1
phase = 8
phase = 33
isb_agg = 1, bo_agg = 0
phase = 5
isb_agg = 0, bo_agg = 1
isb_agg = 0, bo_agg = 0
1d	35334
1d	26317
1d	19603
1d	5900
isb_agg = 0, bo_agg = 1
isb_agg = 0, bo_agg = 0
isb_agg = 1, bo_agg = 1
isb_agg = 0, bo_agg = 1
isb_agg = 0, bo_agg = 0
isb_agg = 0, bo_agg = 1
isb_agg = 0, bo_agg = 0
isb_agg = 0, bo_agg = 1
phase = 34
isb_agg = 0, bo_agg = 1
isb_agg = 1, bo_agg = 1
isb_agg = 0, bo_agg = 0
isb_agg = 0, bo_agg = 1
isb_agg = 1, bo_agg = 1
isb_agg = 1, bo_agg = 0
isb_agg = 1, bo_agg = 0
isb_agg = 0, bo_agg = 0
isb_agg = 1, bo_agg = 0
1e	22979
1e	56412
1e	13689
1e	7241
isb_agg = 1, bo_agg = 0
isb_agg = 1, bo_agg = 1
isb_agg = 1, bo_agg = 0
isb_agg = 1, bo_agg = 0
isb_agg = 1, bo_agg = 0
isb_agg = 0, bo_agg = 0
isb_agg = 1, bo_agg = 0
phase = 35
isb_agg = 1, bo_agg = 0
isb_agg = 1, bo_agg = 0
isb_agg = 1, bo_agg = 1
isb_agg = 1, bo_agg = 0
isb_agg = 0, bo_agg = 0
isb_agg = 1, bo_agg = 0
isb_agg = 1, bo_agg = 1
isb_agg = 1, bo_agg = 0
isb_agg = 1, bo_agg = 0
isb_agg = 0, bo_agg = 0
isb_agg = 1, bo_agg = 0
1f	66598
1f	18571
1f	15743
1f	8889
isb_agg = 1, bo_agg = 1
isb_agg = 1, bo_agg = 0
isb_agg = 1, bo_agg = 0
isb_agg = 0, bo_agg = 0
phase = 36
isb_agg = 1, bo_agg = 0
isb_agg = 0, bo_agg = 0
isb_agg = 1, bo_agg = 0
isb_agg = 0, bo_agg = 0
isb_agg = 1, bo_agg = 1
phase = 9
isb_agg = 1, bo_agg = 1
isb_agg = 0, bo_agg = 0
isb_agg = 1, bo_agg = 0
isb_agg = 1, bo_agg = 1
20	25085
20	42927
20	12134
20	5185
isb_agg = 0, bo_agg = 0
isb_agg = 0, bo_agg = 1
isb_agg = 1, bo_agg = 1
phase = 37
isb_agg = 0, bo_agg = 0
phase = 9
isb_agg = 0, bo_agg = 1
phase = 6
isb_agg = 0, bo_agg = 0
isb_agg = 0, bo_agg = 1
isb_agg = 1, bo_agg = 1
isb_agg = 1, bo_agg = 1
isb_agg = 1, bo_agg = 1
isb_agg = 1, bo_agg = 1
isb_agg = 1, bo_agg = 1
isb_agg = 1, bo_agg = 1
isb_agg = 1, bo_agg = 1
isb_agg = 0, bo_agg = 1
isb_agg = 0, bo_agg = 0
21	18440
21	6523
21	30847
21	31731
isb_agg = 0, bo_agg = 1
isb_agg = 0, bo_agg = 0
isb_agg = 1, bo_agg = 1
phase = 38
isb_agg = 0, bo_agg = 1
isb_agg = 1, bo_agg = 1
isb_agg = 0, bo_agg = 0
isb_agg = 0, bo_agg = 1
isb_agg = 0, bo_agg = 1
isb_agg = 0, bo_agg = 0
isb_agg = 1, bo_agg = 1
isb_agg = 0, bo_agg = 1
isb_agg = 0, bo_agg = 0
22	32579
22	10709
22	23677
isb_agg = 0, bo_agg = 1
isb_agg = 0, bo_agg = 1
isb_agg = 0, bo_agg = 0
isb_agg = 1, bo_agg = 1
22	6512
isb_agg = 1, bo_agg = 1
isb_agg = 1, bo_agg = 1
phase = 39
phase = 7
isb_agg = 1, bo_agg = 1
isb_agg = 0, bo_agg = 0
isb_agg = 1, bo_agg = 0
phase = 10
isb_agg = 1, bo_agg = 1
isb_agg = 1, bo_agg = 0
phase = 10
isb_agg = 1, bo_agg = 1
isb_agg = 0, bo_agg = 0
isb_agg = 1, bo_agg = 0
23	39717
23	13480
23	19054
23	4863
isb_agg = 1, bo_agg = 0
isb_agg = 1, bo_agg = 0
isb_agg = 0, bo_agg = 0
phase = 40
isb_agg = 1, bo_agg = 0
isb_agg = 1, bo_agg = 1
isb_agg = 1, bo_agg = 0
isb_agg = 0, bo_agg = 0
isb_agg = 1, bo_agg = 0
isb_agg = 1, bo_agg = 0
isb_agg = 1, bo_agg = 0
isb_agg = 1, bo_agg = 0
isb_agg = 1, bo_agg = 1
isb_agg = 0, bo_agg = 0
isb_agg = 1, bo_agg = 0
isb_agg = 1, bo_agg = 0
isb_agg = 1, bo_agg = 0
24	62240
24	20259
24	16322
24	7458
isb_agg = 1, bo_agg = 0
isb_agg = 0, bo_agg = 0
phase = 41
isb_agg = 1, bo_agg = 0
isb_agg = 1, bo_agg = 1
isb_agg = 0, bo_agg = 0
isb_agg = 1, bo_agg = 0
isb_agg = 1, bo_agg = 1
isb_agg = 0, bo_agg = 0
isb_agg = 0, bo_agg = 1
phase = 42
isb_agg = 1, bo_agg = 1
isb_agg = 0, bo_agg = 1
isb_agg = 0, bo_agg = 0
25	12613
25	18447
25	42767
25	4454
isb_agg = 0, bo_agg = 1
isb_agg = 1, bo_agg = 1
isb_agg = 1, bo_agg = 1
isb_agg = 1, bo_agg = 1
isb_agg = 1, bo_agg = 1
isb_agg = 1, bo_agg = 1
isb_agg = 1, bo_agg = 1
phase = 11
isb_agg = 1, bo_agg = 1
isb_agg = 0, bo_agg = 0
isb_agg = 0, bo_agg = 1
isb_agg = 0, bo_agg = 0
phase = 43
phase = 11
isb_agg = 0, bo_agg = 1
isb_agg = 0, bo_agg = 1
isb_agg = 0, bo_agg = 0
26	17073
26	31489
26	27576
26	7839
isb_agg = 0, bo_agg = 1
isb_agg = 1, bo_agg = 1
isb_agg = 0, bo_agg = 0
isb_agg = 0, bo_agg = 1
[TRACE:0] -- DONE --
[TRACE:1] -- STOP --
[TRACE:3] -- STOP --
[TRACE:2] -- STOP --
[SNIPER] Disabling performance models
[SNIPER] Leaving ROI after 2674.78 seconds
[SNIPER] Simulated 521.2M instructions, 130.2M cycles, 4.00 IPC
[SNIPER] Simulation speed 194.8 KIPS (48.7 KIPS / target core - 20529.0ns/instr)
[SNIPER] Setting instrumentation mode to FAST_FORWARD
Hawkeye Victims: 0
LRU Victims: 0
Hawkeye Victims: 0
LRU Victims: 0
Hawkeye Victims: 0
LRU Victims: 0
Hawkeye Victims: 0
LRU Victims: 0
Inserted: 0
Redundant.progress: 0
Redundant.cache: 0
Redundant.buffer: 0
Hawkeye Victims: 0
LRU Victims: 0
Inserted: 0
Redundant.progress: 0
Redundant.cache: 0
Redundant.buffer: 0
Hawkeye Victims: 0
LRU Victims: 0
phase = 8
Inserted: 804a5
Redundant.progress: a46
Redundant.cache: 78c11
Redundant.buffer: 0
Hawkeye Victims: 0
LRU Victims: 0
Hawkeye Victims: 0
LRU Victims: 0
Hawkeye Victims: 0
LRU Victims: 0
Hawkeye Victims: 0
LRU Victims: 0
Inserted: 0
Redundant.progress: 0
Redundant.cache: 0
Redundant.buffer: 0
Hawkeye Victims: 0
LRU Victims: 0
Inserted: 0
Redundant.progress: 0
Redundant.cache: 0
Redundant.buffer: 0
phase = 12
Inserted: 1092d9
Redundant.progress: 42d
Redundant.cache: 697db
Redundant.buffer: 0
Hawkeye Victims: 0
LRU Victims: 0
Hawkeye Victims: 0
LRU Victims: 0
Hawkeye Victims: 0
LRU Victims: 0
Hawkeye Victims: 0
LRU Victims: 0
Inserted: 0
Redundant.progress: 0
Redundant.cache: 0
Redundant.buffer: 0
Hawkeye Victims: 0
LRU Victims: 0
Inserted: 0
Redundant.progress: 0
Redundant.cache: 0
Redundant.buffer: 0
phase = 44
Inserted: 3bd1d2
Redundant.progress: a73b
Redundant.cache: 21216e
Redundant.buffer: 0
Hawkeye Victims: 0
LRU Victims: 0
Hawkeye Victims: 0
LRU Victims: 0
Hawkeye Victims: 0
LRU Victims: 0
Hawkeye Victims: 0
LRU Victims: 0
Inserted: 0
Redundant.progress: 0
Redundant.cache: 0
Redundant.buffer: 0
Hawkeye Victims: 0
LRU Victims: 0
Inserted: 0
Redundant.progress: 0
Redundant.cache: 0
Redundant.buffer: 0
phase = 12
Inserted: 2fae
Redundant.progress: 78f
Redundant.cache: c44
Redundant.buffer: 0
[SNIPER] End
[SNIPER] Elapsed time: 2711.04 seconds
