000 (515972.000.000) 05/05 17:13:09 Job submitted from host: <128.83.144.149:44250?addrs=128.83.144.149-44250>
...
001 (515972.000.000) 05/05 17:13:30 Job executing on host: <128.83.120.128:51378?addrs=128.83.120.128-51378>
...
006 (515972.000.000) 05/05 17:13:38 Image size of job updated: 974480
	56  -  MemoryUsage of job (MB)
	56812  -  ResidentSetSize of job (KB)
...
006 (515972.000.000) 05/05 17:14:26 Image size of job updated: 976012
	57  -  MemoryUsage of job (MB)
	57368  -  ResidentSetSize of job (KB)
...
004 (515972.000.000) 05/05 17:14:26 Job was evicted.
	(0) Job was not checkpointed.
		Usr 0 00:00:00, Sys 0 00:00:00  -  Run Remote Usage
		Usr 0 00:00:00, Sys 0 00:00:00  -  Run Local Usage
	0  -  Run Bytes Sent By Job
	0  -  Run Bytes Received By Job
	Partitionable Resources :    Usage  Request Allocated
	   Cpus                 :                 1         1
	   Disk (KB)            :        1        1    812221
	   Gpus                 :                           0
	   Memory (MB)          :       57        1     12899
...
009 (515972.000.000) 05/05 17:14:26 Job was aborted by the user.
	via condor_rm (by user ypei)
...
000 (516197.000.000) 05/05 17:14:51 Job submitted from host: <128.83.144.149:44250?addrs=128.83.144.149-44250>
...
001 (516197.000.000) 05/05 17:15:00 Job executing on host: <128.83.120.229:58979?addrs=128.83.120.229-58979>
...
006 (516197.000.000) 05/05 17:15:09 Image size of job updated: 119236
	11  -  MemoryUsage of job (MB)
	10288  -  ResidentSetSize of job (KB)
...
006 (516197.000.000) 05/05 17:18:09 Image size of job updated: 1145752
	11  -  MemoryUsage of job (MB)
	10288  -  ResidentSetSize of job (KB)
...
004 (516197.000.000) 05/05 17:18:09 Job was evicted.
	(0) Job was not checkpointed.
		Usr 0 00:00:55, Sys 0 00:00:01  -  Run Remote Usage
		Usr 0 00:00:00, Sys 0 00:00:00  -  Run Local Usage
	0  -  Run Bytes Sent By Job
	0  -  Run Bytes Received By Job
	Partitionable Resources :    Usage  Request Allocated
	   Cpus                 :                 1         1
	   Disk (KB)            :        1        1    828970
	   Gpus                 :                           0
	   Memory (MB)          :       11        1     12899
...
009 (516197.000.000) 05/05 17:18:10 Job was aborted by the user.
	via condor_rm (by user ypei)
...
000 (516404.000.000) 05/05 17:18:21 Job submitted from host: <128.83.144.149:44250?addrs=128.83.144.149-44250>
...
001 (516404.000.000) 05/05 17:18:30 Job executing on host: <128.83.120.229:58979?addrs=128.83.120.229-58979>
...
006 (516404.000.000) 05/05 17:18:39 Image size of job updated: 974480
	56  -  MemoryUsage of job (MB)
	56824  -  ResidentSetSize of job (KB)
...
006 (516404.000.000) 05/05 17:21:19 Image size of job updated: 1145752
	56  -  MemoryUsage of job (MB)
	56824  -  ResidentSetSize of job (KB)
...
004 (516404.000.000) 05/05 17:21:19 Job was evicted.
	(0) Job was not checkpointed.
		Usr 0 00:01:23, Sys 0 00:00:01  -  Run Remote Usage
		Usr 0 00:00:00, Sys 0 00:00:00  -  Run Local Usage
	0  -  Run Bytes Sent By Job
	0  -  Run Bytes Received By Job
	Partitionable Resources :    Usage  Request Allocated
	   Cpus                 :                 1         1
	   Disk (KB)            :        1        1    828963
	   Gpus                 :                           0
	   Memory (MB)          :       56        1     12899
...
009 (516404.000.000) 05/05 17:21:20 Job was aborted by the user.
	via condor_rm (by user ypei)
...
000 (517025.000.000) 05/05 17:21:43 Job submitted from host: <128.83.144.149:44250?addrs=128.83.144.149-44250>
...
001 (517025.000.000) 05/05 17:21:53 Job executing on host: <128.83.120.250:59851?addrs=128.83.120.250-59851>
...
006 (517025.000.000) 05/05 17:22:01 Image size of job updated: 974480
	58  -  MemoryUsage of job (MB)
	58832  -  ResidentSetSize of job (KB)
...
006 (517025.000.000) 05/05 17:27:01 Image size of job updated: 1145752
	110  -  MemoryUsage of job (MB)
	111888  -  ResidentSetSize of job (KB)
...
006 (517025.000.000) 05/05 17:32:01 Image size of job updated: 1145752
	132  -  MemoryUsage of job (MB)
	134188  -  ResidentSetSize of job (KB)
...
006 (517025.000.000) 05/05 17:37:02 Image size of job updated: 1145752
	151  -  MemoryUsage of job (MB)
	154240  -  ResidentSetSize of job (KB)
...
006 (517025.000.000) 05/05 17:42:02 Image size of job updated: 1146008
	173  -  MemoryUsage of job (MB)
	176852  -  ResidentSetSize of job (KB)
...
006 (517025.000.000) 05/05 17:47:02 Image size of job updated: 1211544
	197  -  MemoryUsage of job (MB)
	201112  -  ResidentSetSize of job (KB)
...
005 (517025.000.000) 05/05 17:48:35 Job terminated.
	(1) Normal termination (return value 0)
		Usr 0 00:25:04, Sys 0 00:00:24  -  Run Remote Usage
		Usr 0 00:00:00, Sys 0 00:00:00  -  Run Local Usage
		Usr 0 00:25:04, Sys 0 00:00:24  -  Total Remote Usage
		Usr 0 00:00:00, Sys 0 00:00:00  -  Total Local Usage
	0  -  Run Bytes Sent By Job
	0  -  Run Bytes Received By Job
	0  -  Total Bytes Sent By Job
	0  -  Total Bytes Received By Job
	Partitionable Resources :    Usage  Request Allocated
	   Cpus                 :                 1         1
	   Disk (KB)            :        1        1    815265
	   Gpus                 :                           0
	   Memory (MB)          :      197        1     12899
...
000 (382456.000.000) 05/07 03:39:52 Job submitted from host: <128.83.144.155:57685?addrs=128.83.144.155-57685>
...
001 (382456.000.000) 05/07 04:06:08 Job executing on host: <128.83.120.250:59851?addrs=128.83.120.250-59851>
...
006 (382456.000.000) 05/07 04:06:16 Image size of job updated: 1
	2  -  MemoryUsage of job (MB)
	1688  -  ResidentSetSize of job (KB)
...
006 (382456.000.000) 05/07 04:11:16 Image size of job updated: 1145868
	113  -  MemoryUsage of job (MB)
	115712  -  ResidentSetSize of job (KB)
...
006 (382456.000.000) 05/07 04:16:17 Image size of job updated: 1145868
	140  -  MemoryUsage of job (MB)
	142552  -  ResidentSetSize of job (KB)
...
006 (382456.000.000) 05/07 04:21:18 Image size of job updated: 1145868
	166  -  MemoryUsage of job (MB)
	169044  -  ResidentSetSize of job (KB)
...
006 (382456.000.000) 05/07 04:26:18 Image size of job updated: 1211660
	193  -  MemoryUsage of job (MB)
	197084  -  ResidentSetSize of job (KB)
...
005 (382456.000.000) 05/07 04:27:25 Job terminated.
	(1) Normal termination (return value 0)
		Usr 0 00:20:20, Sys 0 00:00:29  -  Run Remote Usage
		Usr 0 00:00:00, Sys 0 00:00:00  -  Run Local Usage
		Usr 0 00:20:20, Sys 0 00:00:29  -  Total Remote Usage
		Usr 0 00:00:00, Sys 0 00:00:00  -  Total Local Usage
	0  -  Run Bytes Sent By Job
	0  -  Run Bytes Received By Job
	0  -  Total Bytes Sent By Job
	0  -  Total Bytes Received By Job
	Partitionable Resources :    Usage  Request Allocated
	   Cpus                 :                 1         1
	   Disk (KB)            :        1        1    798511
	   Gpus                 :                           0
	   Memory (MB)          :      193        1     12899
...
000 (518474.000.000) 05/07 13:18:17 Job submitted from host: <128.83.144.149:44250?addrs=128.83.144.149-44250>
...
001 (518474.000.000) 05/07 13:18:56 Job executing on host: <128.83.144.5:44408?addrs=128.83.144.5-44408>
...
006 (518474.000.000) 05/07 13:19:04 Image size of job updated: 1
	2  -  MemoryUsage of job (MB)
	1676  -  ResidentSetSize of job (KB)
...
006 (518474.000.000) 05/07 13:23:37 Image size of job updated: 1145728
	112  -  MemoryUsage of job (MB)
	113672  -  ResidentSetSize of job (KB)
...
004 (518474.000.000) 05/07 13:23:37 Job was evicted.
	(0) Job was not checkpointed.
		Usr 0 00:03:17, Sys 0 00:00:05  -  Run Remote Usage
		Usr 0 00:00:00, Sys 0 00:00:00  -  Run Local Usage
	0  -  Run Bytes Sent By Job
	0  -  Run Bytes Received By Job
	Partitionable Resources :    Usage  Request Allocated
	   Cpus                 :                 1         1
	   Disk (KB)            :        1        1    790323
	   Gpus                 :                           0
	   Memory (MB)          :      112        1     12899
...
009 (518474.000.000) 05/07 13:23:38 Job was aborted by the user.
	via condor_rm (by user ypei)
...
000 (518681.000.000) 05/07 13:23:47 Job submitted from host: <128.83.144.149:44250?addrs=128.83.144.149-44250>
...
001 (518681.000.000) 05/07 13:23:54 Job executing on host: <128.83.139.192:55868?addrs=128.83.139.192-55868>
...
006 (518681.000.000) 05/07 13:24:03 Image size of job updated: 975128
	55  -  MemoryUsage of job (MB)
	55356  -  ResidentSetSize of job (KB)
...
006 (518681.000.000) 05/07 13:29:04 Image size of job updated: 1145860
	112  -  MemoryUsage of job (MB)
	114372  -  ResidentSetSize of job (KB)
...
006 (518681.000.000) 05/07 13:34:04 Image size of job updated: 1145860
	141  -  MemoryUsage of job (MB)
	143936  -  ResidentSetSize of job (KB)
...
006 (518681.000.000) 05/07 13:39:04 Image size of job updated: 1145860
	184  -  MemoryUsage of job (MB)
	187412  -  ResidentSetSize of job (KB)
...
006 (518681.000.000) 05/07 13:41:56 Image size of job updated: 1211396
	184  -  MemoryUsage of job (MB)
	187412  -  ResidentSetSize of job (KB)
...
005 (518681.000.000) 05/07 13:41:56 Job terminated.
	(1) Normal termination (return value 0)
		Usr 0 00:16:22, Sys 0 00:00:27  -  Run Remote Usage
		Usr 0 00:00:00, Sys 0 00:00:00  -  Run Local Usage
		Usr 0 00:16:22, Sys 0 00:00:27  -  Total Remote Usage
		Usr 0 00:00:00, Sys 0 00:00:00  -  Total Local Usage
	0  -  Run Bytes Sent By Job
	0  -  Run Bytes Received By Job
	0  -  Total Bytes Sent By Job
	0  -  Total Bytes Received By Job
	Partitionable Resources :    Usage  Request Allocated
	   Cpus                 :                 1         1
	   Disk (KB)            :        1        1    772169
	   Gpus                 :                           0
	   Memory (MB)          :      184        1      4021
...
000 (519095.000.000) 05/07 14:36:27 Job submitted from host: <128.83.144.149:44250?addrs=128.83.144.149-44250>
...
001 (519095.000.000) 05/07 14:36:38 Job executing on host: <128.83.130.161:35317?addrs=128.83.130.161-35317>
...
006 (519095.000.000) 05/07 14:36:47 Image size of job updated: 975128
	57  -  MemoryUsage of job (MB)
	57392  -  ResidentSetSize of job (KB)
...
006 (519095.000.000) 05/07 14:41:48 Image size of job updated: 1146160
	121  -  MemoryUsage of job (MB)
	123880  -  ResidentSetSize of job (KB)
...
006 (519095.000.000) 05/07 14:46:48 Image size of job updated: 1146160
	150  -  MemoryUsage of job (MB)
	153068  -  ResidentSetSize of job (KB)
...
006 (519095.000.000) 05/07 14:51:48 Image size of job updated: 1211696
	188  -  MemoryUsage of job (MB)
	191696  -  ResidentSetSize of job (KB)
...
005 (519095.000.000) 05/07 14:53:52 Job terminated.
	(1) Normal termination (return value 0)
		Usr 0 00:16:07, Sys 0 00:00:09  -  Run Remote Usage
		Usr 0 00:00:00, Sys 0 00:00:00  -  Run Local Usage
		Usr 0 00:16:07, Sys 0 00:00:09  -  Total Remote Usage
		Usr 0 00:00:00, Sys 0 00:00:00  -  Total Local Usage
	0  -  Run Bytes Sent By Job
	0  -  Run Bytes Received By Job
	0  -  Total Bytes Sent By Job
	0  -  Total Bytes Received By Job
	Partitionable Resources :    Usage  Request Allocated
	   Cpus                 :                 1         1
	   Disk (KB)            :        1        1   1909593
	   Gpus                 :                           0
	   Memory (MB)          :      188        1     21164
...
000 (382870.000.000) 05/07 20:16:57 Job submitted from host: <128.83.144.155:57685?addrs=128.83.144.155-57685>
...
001 (382870.000.000) 05/07 20:37:00 Job executing on host: <128.83.139.143:55125?addrs=128.83.139.143-55125>
...
006 (382870.000.000) 05/07 20:37:08 Image size of job updated: 341000
	22  -  MemoryUsage of job (MB)
	22268  -  ResidentSetSize of job (KB)
...
006 (382870.000.000) 05/07 20:42:08 Image size of job updated: 1145832
	117  -  MemoryUsage of job (MB)
	119696  -  ResidentSetSize of job (KB)
...
006 (382870.000.000) 05/07 20:47:08 Image size of job updated: 1145832
	142  -  MemoryUsage of job (MB)
	144988  -  ResidentSetSize of job (KB)
...
006 (382870.000.000) 05/07 20:52:09 Image size of job updated: 1145832
	174  -  MemoryUsage of job (MB)
	177180  -  ResidentSetSize of job (KB)
...
006 (382870.000.000) 05/07 20:56:19 Image size of job updated: 1211368
	174  -  MemoryUsage of job (MB)
	177180  -  ResidentSetSize of job (KB)
...
005 (382870.000.000) 05/07 20:56:19 Job terminated.
	(1) Normal termination (return value 0)
		Usr 0 00:17:26, Sys 0 00:00:12  -  Run Remote Usage
		Usr 0 00:00:00, Sys 0 00:00:00  -  Run Local Usage
		Usr 0 00:17:26, Sys 0 00:00:12  -  Total Remote Usage
		Usr 0 00:00:00, Sys 0 00:00:00  -  Total Local Usage
	0  -  Run Bytes Sent By Job
	0  -  Run Bytes Received By Job
	0  -  Total Bytes Sent By Job
	0  -  Total Bytes Received By Job
	Partitionable Resources :    Usage  Request Allocated
	   Cpus                 :                 1         1
	   Disk (KB)            :        1        1   7526610
	   Gpus                 :                           0
	   Memory (MB)          :      174        1      4027
...
000 (384112.000.000) 05/08 05:52:59 Job submitted from host: <128.83.144.155:57685?addrs=128.83.144.155-57685>
...
001 (384112.000.000) 05/08 06:15:34 Job executing on host: <128.83.144.168:35892?addrs=128.83.144.168-35892>
...
006 (384112.000.000) 05/08 06:15:42 Image size of job updated: 341136
	22  -  MemoryUsage of job (MB)
	22260  -  ResidentSetSize of job (KB)
...
006 (384112.000.000) 05/08 06:20:42 Image size of job updated: 1145908
	147  -  MemoryUsage of job (MB)
	150504  -  ResidentSetSize of job (KB)
...
006 (384112.000.000) 05/08 06:24:52 Image size of job updated: 1211444
	147  -  MemoryUsage of job (MB)
	150504  -  ResidentSetSize of job (KB)
...
005 (384112.000.000) 05/08 06:24:52 Job terminated.
	(1) Normal termination (return value 0)
		Usr 0 00:09:05, Sys 0 00:00:04  -  Run Remote Usage
		Usr 0 00:00:00, Sys 0 00:00:00  -  Run Local Usage
		Usr 0 00:09:05, Sys 0 00:00:04  -  Total Remote Usage
		Usr 0 00:00:00, Sys 0 00:00:00  -  Total Local Usage
	0  -  Run Bytes Sent By Job
	0  -  Run Bytes Received By Job
	0  -  Total Bytes Sent By Job
	0  -  Total Bytes Received By Job
	Partitionable Resources :    Usage  Request Allocated
	   Cpus                 :                 1         1
	   Disk (KB)            :        1        1   7539965
	   Gpus                 :                           0
	   Memory (MB)          :      147        1      4027
...
000 (417505.000.000) 05/09 03:37:25 Job submitted from host: <128.83.144.154:52346?addrs=128.83.144.154-52346>
...
001 (417505.000.000) 05/09 03:59:07 Job executing on host: <128.83.144.55:40067?addrs=128.83.144.55-40067>
...
006 (417505.000.000) 05/09 03:59:16 Image size of job updated: 1145968
	92  -  MemoryUsage of job (MB)
	94088  -  ResidentSetSize of job (KB)
...
006 (417505.000.000) 05/09 04:04:17 Image size of job updated: 1146224
	124  -  MemoryUsage of job (MB)
	126568  -  ResidentSetSize of job (KB)
...
006 (417505.000.000) 05/09 04:09:18 Image size of job updated: 1146224
	150  -  MemoryUsage of job (MB)
	152764  -  ResidentSetSize of job (KB)
...
006 (417505.000.000) 05/09 04:14:18 Image size of job updated: 1146224
	178  -  MemoryUsage of job (MB)
	181280  -  ResidentSetSize of job (KB)
...
006 (417505.000.000) 05/09 04:17:46 Image size of job updated: 1211760
	178  -  MemoryUsage of job (MB)
	181280  -  ResidentSetSize of job (KB)
...
005 (417505.000.000) 05/09 04:17:46 Job terminated.
	(1) Normal termination (return value 0)
		Usr 0 00:18:24, Sys 0 00:00:11  -  Run Remote Usage
		Usr 0 00:00:00, Sys 0 00:00:00  -  Run Local Usage
		Usr 0 00:18:24, Sys 0 00:00:11  -  Total Remote Usage
		Usr 0 00:00:00, Sys 0 00:00:00  -  Total Local Usage
	0  -  Run Bytes Sent By Job
	0  -  Run Bytes Received By Job
	0  -  Total Bytes Sent By Job
	0  -  Total Bytes Received By Job
	Partitionable Resources :    Usage  Request Allocated
	   Cpus                 :                 1         1
	   Disk (KB)            :        2        2   7539970
	   Gpus                 :                           0
	   Memory (MB)          :      178        1      4027
...
