000 (516090.000.000) 05/05 17:13:19 Job submitted from host: <128.83.144.149:44250?addrs=128.83.144.149-44250>
...
009 (516090.000.000) 05/05 17:14:26 Job was aborted by the user.
	via condor_rm (by user ypei)
...
000 (516297.000.000) 05/05 17:15:04 Job submitted from host: <128.83.144.149:44250?addrs=128.83.144.149-44250>
...
001 (516297.000.000) 05/05 17:15:30 Job executing on host: <128.83.144.21:40345?addrs=128.83.144.21-40345>
...
006 (516297.000.000) 05/05 17:15:38 Image size of job updated: 783284
	56  -  MemoryUsage of job (MB)
	56452  -  ResidentSetSize of job (KB)
...
006 (516297.000.000) 05/05 17:18:07 Image size of job updated: 956680
	56  -  MemoryUsage of job (MB)
	56452  -  ResidentSetSize of job (KB)
...
004 (516297.000.000) 05/05 17:18:07 Job was evicted.
	(0) Job was not checkpointed.
		Usr 0 00:00:49, Sys 0 00:00:00  -  Run Remote Usage
		Usr 0 00:00:00, Sys 0 00:00:00  -  Run Local Usage
	0  -  Run Bytes Sent By Job
	0  -  Run Bytes Received By Job
	Partitionable Resources :    Usage  Request Allocated
	   Cpus                 :                 1         1
	   Disk (KB)            :        1        1   2234941
	   Gpus                 :                           0
	   Memory (MB)          :       56        1      4028
...
009 (516297.000.000) 05/05 17:18:08 Job was aborted by the user.
	via condor_rm (by user ypei)
...
000 (516504.000.000) 05/05 17:18:34 Job submitted from host: <128.83.144.149:44250?addrs=128.83.144.149-44250>
...
001 (516504.000.000) 05/05 17:19:02 Job executing on host: <128.83.144.48:34977?addrs=128.83.144.48-34977>
...
006 (516504.000.000) 05/05 17:19:10 Image size of job updated: 340460
	21  -  MemoryUsage of job (MB)
	21312  -  ResidentSetSize of job (KB)
...
006 (516504.000.000) 05/05 17:21:22 Image size of job updated: 956684
	94  -  MemoryUsage of job (MB)
	96040  -  ResidentSetSize of job (KB)
...
004 (516504.000.000) 05/05 17:21:22 Job was evicted.
	(0) Job was not checkpointed.
		Usr 0 00:01:07, Sys 0 00:00:01  -  Run Remote Usage
		Usr 0 00:00:00, Sys 0 00:00:00  -  Run Local Usage
	0  -  Run Bytes Sent By Job
	0  -  Run Bytes Received By Job
	Partitionable Resources :    Usage  Request Allocated
	   Cpus                 :                 1         1
	   Disk (KB)            :        1        1   4682463
	   Gpus                 :                           0
	   Memory (MB)          :       94        1      4027
...
009 (516504.000.000) 05/05 17:21:22 Job was aborted by the user.
	via condor_rm (by user ypei)
...
000 (517125.000.000) 05/05 17:21:58 Job submitted from host: <128.83.144.149:44250?addrs=128.83.144.149-44250>
...
001 (517125.000.000) 05/05 17:22:24 Job executing on host: <128.83.144.88:55827?addrs=128.83.144.88-55827>
...
006 (517125.000.000) 05/05 17:22:33 Image size of job updated: 783288
	56  -  MemoryUsage of job (MB)
	56488  -  ResidentSetSize of job (KB)
...
006 (517125.000.000) 05/05 17:27:34 Image size of job updated: 956808
	102  -  MemoryUsage of job (MB)
	104084  -  ResidentSetSize of job (KB)
...
006 (517125.000.000) 05/05 17:32:34 Image size of job updated: 956808
	102  -  MemoryUsage of job (MB)
	104340  -  ResidentSetSize of job (KB)
...
006 (517125.000.000) 05/05 17:37:34 Image size of job updated: 956808
	102  -  MemoryUsage of job (MB)
	104436  -  ResidentSetSize of job (KB)
...
006 (517125.000.000) 05/05 17:39:35 Image size of job updated: 958424
	102  -  MemoryUsage of job (MB)
	104436  -  ResidentSetSize of job (KB)
...
005 (517125.000.000) 05/05 17:39:35 Job terminated.
	(1) Normal termination (return value 0)
		Usr 0 00:15:39, Sys 0 00:00:06  -  Run Remote Usage
		Usr 0 00:00:00, Sys 0 00:00:00  -  Run Local Usage
		Usr 0 00:15:39, Sys 0 00:00:06  -  Total Remote Usage
		Usr 0 00:00:00, Sys 0 00:00:00  -  Total Local Usage
	0  -  Run Bytes Sent By Job
	0  -  Run Bytes Received By Job
	0  -  Total Bytes Sent By Job
	0  -  Total Bytes Received By Job
	Partitionable Resources :    Usage  Request Allocated
	   Cpus                 :                 1         1
	   Disk (KB)            :        1        1   2250170
	   Gpus                 :                           0
	   Memory (MB)          :      102        1      4028
...
000 (518160.000.000) 05/06 21:33:16 Job submitted from host: <128.83.144.149:44250?addrs=128.83.144.149-44250>
...
009 (518160.000.000) 05/06 21:33:42 Job was aborted by the user.
	via condor_rm (by user ypei)
...
000 (518367.000.000) 05/06 21:34:22 Job submitted from host: <128.83.144.149:44250?addrs=128.83.144.149-44250>
...
001 (518367.000.000) 05/06 21:34:54 Job executing on host: <128.83.139.6:57138?addrs=128.83.139.6-57138>
...
006 (518367.000.000) 05/06 21:35:02 Image size of job updated: 783288
	54  -  MemoryUsage of job (MB)
	54752  -  ResidentSetSize of job (KB)
...
006 (518367.000.000) 05/06 21:40:02 Image size of job updated: 956840
	94  -  MemoryUsage of job (MB)
	95996  -  ResidentSetSize of job (KB)
...
006 (518367.000.000) 05/06 21:45:03 Image size of job updated: 956840
	95  -  MemoryUsage of job (MB)
	96428  -  ResidentSetSize of job (KB)
...
006 (518367.000.000) 05/06 21:50:04 Image size of job updated: 956840
	95  -  MemoryUsage of job (MB)
	96512  -  ResidentSetSize of job (KB)
...
006 (518367.000.000) 05/06 21:55:04 Image size of job updated: 957096
	95  -  MemoryUsage of job (MB)
	96648  -  ResidentSetSize of job (KB)
...
006 (518367.000.000) 05/06 21:57:59 Image size of job updated: 958712
	95  -  MemoryUsage of job (MB)
	96648  -  ResidentSetSize of job (KB)
...
005 (518367.000.000) 05/06 21:57:59 Job terminated.
	(1) Normal termination (return value 0)
		Usr 0 00:21:40, Sys 0 00:00:26  -  Run Remote Usage
		Usr 0 00:00:00, Sys 0 00:00:00  -  Run Local Usage
		Usr 0 00:21:40, Sys 0 00:00:26  -  Total Remote Usage
		Usr 0 00:00:00, Sys 0 00:00:00  -  Total Local Usage
	0  -  Run Bytes Sent By Job
	0  -  Run Bytes Received By Job
	0  -  Total Bytes Sent By Job
	0  -  Total Bytes Received By Job
	Partitionable Resources :    Usage  Request Allocated
	   Cpus                 :                 1         1
	   Disk (KB)            :        1        1   1661816
	   Gpus                 :                           0
	   Memory (MB)          :       95        1     12899
...
000 (381935.000.000) 05/07 00:29:09 Job submitted from host: <128.83.144.155:57685?addrs=128.83.144.155-57685>
...
001 (381935.000.000) 05/07 00:29:21 Job executing on host: <128.83.139.14:44306?addrs=128.83.139.14-44306>
...
006 (381935.000.000) 05/07 00:29:30 Image size of job updated: 783152
	54  -  MemoryUsage of job (MB)
	54708  -  ResidentSetSize of job (KB)
...
006 (381935.000.000) 05/07 00:34:31 Image size of job updated: 956704
	96  -  MemoryUsage of job (MB)
	97724  -  ResidentSetSize of job (KB)
...
006 (381935.000.000) 05/07 00:39:31 Image size of job updated: 956704
	97  -  MemoryUsage of job (MB)
	98412  -  ResidentSetSize of job (KB)
...
006 (381935.000.000) 05/07 00:44:32 Image size of job updated: 956708
	97  -  MemoryUsage of job (MB)
	98492  -  ResidentSetSize of job (KB)
...
006 (381935.000.000) 05/07 00:49:33 Image size of job updated: 956960
	97  -  MemoryUsage of job (MB)
	98632  -  ResidentSetSize of job (KB)
...
006 (381935.000.000) 05/07 00:54:33 Image size of job updated: 956960
	97  -  MemoryUsage of job (MB)
	98784  -  ResidentSetSize of job (KB)
...
006 (381935.000.000) 05/07 00:57:41 Image size of job updated: 958576
	97  -  MemoryUsage of job (MB)
	98784  -  ResidentSetSize of job (KB)
...
005 (381935.000.000) 05/07 00:57:41 Job terminated.
	(1) Normal termination (return value 0)
		Usr 0 00:26:38, Sys 0 00:00:27  -  Run Remote Usage
		Usr 0 00:00:00, Sys 0 00:00:00  -  Run Local Usage
		Usr 0 00:26:38, Sys 0 00:00:27  -  Total Remote Usage
		Usr 0 00:00:00, Sys 0 00:00:00  -  Total Local Usage
	0  -  Run Bytes Sent By Job
	0  -  Run Bytes Received By Job
	0  -  Total Bytes Sent By Job
	0  -  Total Bytes Received By Job
	Partitionable Resources :    Usage  Request Allocated
	   Cpus                 :                 1         1
	   Disk (KB)            :        1        1   1675521
	   Gpus                 :                           0
	   Memory (MB)          :       97        1     12899
...
