[SNIPER] Start
Sampler: 4, 32, 0
itlb_cache: 32, 1
itlb_cache_L1: 32, 1
Sampler: 4, 128, 0
dtlb_cache: 128, 4
dtlb_cache_L1: 128, 4
L1-I 2
Sampler: 4, 4, 128
L1-I: 2048, 64
L1-I_L1: 2048, 64
L1-D 3
Sampler: 4, 8, 32
L1-D: 1024, 32
L1-D_L1: 1024, 32
L2 4
Sampler: 122, 16, 16
L2: 32768, 1024
L2_L1: 32768, 1024
Executing Python script /v/filer4b/v20q001/ypei/Desktop/cs395t-lin/output/run_all_hybrid_headroom2/gcc/15/sim.scripts.py
[STOPBYICOUNT] Starting in ROI (detail)
[STOPBYICOUNT] Then stopping after simulating at least 250000000 instructions in detail
[SNIPER] --------------------------------------------------------------------------------
[SNIPER] Sniper using SIFT/trace-driven frontend
[SNIPER] Running full application in DETAILED mode
[SNIPER] --------------------------------------------------------------------------------
[SNIPER] Enabling performance models
[SNIPER] Setting instrumentation mode to DETAILED
[STOPBYICOUNT] Ending ROI after 250000003 instructions (250000000 requested)
[SNIPER] Disabling performance models
[SNIPER] Leaving ROI after 1645.65 seconds
[SNIPER] Simulated 250.0M instructions, 191.0M cycles, 1.31 IPC
[SNIPER] Simulation speed 151.9 KIPS (151.9 KIPS / target core - 6582.4ns/instr)
[SNIPER] Setting instrumentation mode to FAST_FORWARD
[app0] [SIFT_RECORDER] sift_writer.cc:550: Sift::Mode Sift::Writer::Sync(): Assertion `!response->fail()' failed.
Hawkeye Victims: 0
LRU Victims: 0
Hawkeye Victims: 0
LRU Victims: 0
Hawkeye Victims: 0
LRU Victims: 0
a test for execution
[app0] Pin app terminated abnormally due to signal 6.

Inserted: 0
Redundant.progress: 0
Redundant.cache: 0
Redundant.buffer: 0
Hawkeye Victims: 0
LRU Victims: 0
a test for execution

Inserted: 0
Redundant.progress: 0
Redundant.cache: 0
Redundant.buffer: 0
Hawkeye Victims: 0
LRU Victims: 0
 =========================================================== 
Triggers: 948914
Repeats: 0

Same addr: 450230 47.4469
New addr: 1171 0.123404

Distribution of new addresses: 
Stream Head: 447 38.1725
Stream Divergence: 234982 20066.8

Invalidation count: 288997 24679.5
No Conflict count: 55700 4756.62
Same Stream count: 0 0
New Stream count: 0 0

Not found: 458320
On Chip Mispredictions: 0
 =========================================================== 
Distribution of predictions: 
Predict Init: 778420 82.0327
Total Predictions: 737681
Predict OCI Miss: 39551 5.08093
Predict Stream End: 40739 5.23355
Buffer Success: 0 0
Stride Distribution: 0, 234461, 48622, 24242, 21712, 32016, 75808, 19228, 32430, 63756, 10626, 35926, 72818, 9154, 11270, 26404, 10304, 0, 39238, 0, 7176, 0, 0, 0, 13478, 0, 0, 0, 0, 0, 10902, 0, 4600, 0, 0, 0, 5152, 0, 0, 0, 0, 0, 0, 0, 0, 0, 0, 0, 0, 0, 0, 0, 0, 0, 0, 0, 0, 0, 0, 0, 0, 0, 0, 0, 0, 0, 33, 0, 0, 0, 0, 0, 28861584, 0, 49, 0, 15, 0, 15, 0, 0, 6644585, 1868787317, 1915577714, 1702195557, 7566451, 113, 0, 5073232, 0, 25534944, 0, 0, 0, 5073232, 0, 26093360, 0, 0, 0, 5073232, 0, 26365712, 0, 0, 0, 5165152, 0, 697314672, 10966, 0, 10966, 28859888, 0, 49, 0, 6, 0, 6, 0, 0, 0, 1919906931, 29541, 48, 0, 49, 0, 
a test for execution

Inserted: 1351790
Redundant.progress: 8553
Redundant.cache: 1165400
Redundant.buffer: 0
[SNIPER] End
[SNIPER] Elapsed time: 1713.84 seconds
