[SNIPER] Start
Sampler: 4, 32, 0
itlb_cache: 32, 1
itlb_cache_L1: 32, 1
Sampler: 4, 128, 0
dtlb_cache: 128, 4
dtlb_cache_L1: 128, 4
L1-I 2
Sampler: 4, 4, 128
L1-I: 2048, 64
L1-I_L1: 2048, 64
L1-D 3
Sampler: 4, 8, 32
L1-D: 1024, 32
L1-D_L1: 1024, 32
L2 4
Sampler: 122, 16, 16
L2: 32768, 1024
L2_L1: 32768, 1024
Executing Python script /v/filer4b/v20q001/ypei/Desktop/cs395t-lin/output/low_bandwidth/run_all_hybrid_headroom9/soplex/9/sim.scripts.py
[STOPBYICOUNT] Starting in ROI (detail)
[STOPBYICOUNT] Then stopping after simulating at least 250000000 instructions in detail
[SNIPER] --------------------------------------------------------------------------------
[SNIPER] Sniper using SIFT/trace-driven frontend
[SNIPER] Running full application in DETAILED mode
[SNIPER] --------------------------------------------------------------------------------
[SNIPER] Enabling performance models
[SNIPER] Setting instrumentation mode to DETAILED
[STOPBYICOUNT] Ending ROI after 250000002 instructions (250000000 requested)
[SNIPER] Disabling performance models
[SNIPER] Leaving ROI after 1046.50 seconds
[SNIPER] Simulated 250.0M instructions, 648.9M cycles, 0.39 IPC
[SNIPER] Simulation speed 238.9 KIPS (238.9 KIPS / target core - 4186.0ns/instr)
[SNIPER] Setting instrumentation mode to FAST_FORWARD
[app0] [SIFT_RECORDER] sift_writer.cc:550: Sift::Mode Sift::Writer::Sync(): Assertion `!response->fail()' failed.
Hawkeye Victims: 0
LRU Victims: 0
Hawkeye Victims: 0
LRU Victims: 0
Hawkeye Victims: 0
LRU Victims: 0
a test for execution

Inserted: 0
Redundant.progress: 0
Redundant.cache: 0
Redundant.buffer: 0
Hawkeye Victims: 0
LRU Victims: 0
a test for execution

Inserted: 0
Redundant.progress: 0
Redundant.cache: 0
Redundant.buffer: 0
Hawkeye Victims: 0
LRU Victims: 0
[app0] Pin app terminated abnormally due to signal 6.
 =========================================================== 
Triggers: 11732633
Repeats: 0

Same addr: 6371105 54.3024
New addr: 1411 0.0120263

Distribution of new addresses: 
Stream Head: 1122 79.5181
Stream Divergence: 4759707 337329

Invalidation count: 4980249 352959
No Conflict count: 222642 15779
Same Stream count: 0 0
New Stream count: 0 0

Not found: 5354555
On Chip Mispredictions: 0
 =========================================================== 
Distribution of predictions: 
Predict Init: 11356916 96.7977
Total Predictions: 11301815
Predict OCI Miss: 17969 0.158221
Predict Stream End: 55101 0.485176
Buffer Success: 0 0
Stride Distribution: 0, 112055, 399970, 1074284, 1234088, 255530, 258520, 573114, 249826, 917942, 221766, 567686, 219926, 237314, 168774, 188554, 136482, 0, 159666, 0, 76774, 0, 0, 0, 86020, 0, 0, 0, 0, 0, 69552, 0, 35420, 0, 0, 0, 61732, 0, 0, 0, 40250, 0, 0, 0, 0, 0, 0, 0, 0, 0, 0, 0, 0, 0, 0, 0, 0, 0, 0, 0, 0, 0, 0, 0, 0, 0, 33, 0, 0, 0, 0, 0, 37492016, 0, 49, 0, 15, 0, 15, 0, 0, 6644585, 1868787317, 1915577714, 1702195557, 7566451, 113, 0, 5073232, 0, 34165408, 0, 0, 0, 5073232, 0, 34723824, 0, 0, 0, 5073232, 0, 34996144, 0, 0, 0, 5165152, 0, 215887216, 11114, 0, 11114, 37490320, 0, 49, 0, 6, 0, 6, 0, 0, 0, 1919906931, 29541, 48, 0, 49, 0, 
a test for execution

Inserted: 17885244
Redundant.progress: 376080
Redundant.cache: 10319234
Redundant.buffer: 0
[SNIPER] End
[SNIPER] Elapsed time: 1052.32 seconds
