000 (516001.000.000) 05/05 17:13:11 Job submitted from host: <128.83.144.149:44250?addrs=128.83.144.149-44250>
...
001 (516001.000.000) 05/05 17:13:32 Job executing on host: <128.83.120.250:59851?addrs=128.83.120.250-59851>
...
006 (516001.000.000) 05/05 17:13:40 Image size of job updated: 776588
	56  -  MemoryUsage of job (MB)
	56412  -  ResidentSetSize of job (KB)
...
006 (516001.000.000) 05/05 17:14:28 Image size of job updated: 778280
	56  -  MemoryUsage of job (MB)
	56412  -  ResidentSetSize of job (KB)
...
004 (516001.000.000) 05/05 17:14:28 Job was evicted.
	(0) Job was not checkpointed.
		Usr 0 00:00:00, Sys 0 00:00:00  -  Run Remote Usage
		Usr 0 00:00:00, Sys 0 00:00:00  -  Run Local Usage
	0  -  Run Bytes Sent By Job
	0  -  Run Bytes Received By Job
	Partitionable Resources :    Usage  Request Allocated
	   Cpus                 :                 1         1
	   Disk (KB)            :        2        2    815266
	   Gpus                 :                           0
	   Memory (MB)          :       56        1     12899
...
009 (516001.000.000) 05/05 17:14:28 Job was aborted by the user.
	via condor_rm (by user ypei)
...
000 (516226.000.000) 05/05 17:14:53 Job submitted from host: <128.83.144.149:44250?addrs=128.83.144.149-44250>
...
001 (516226.000.000) 05/05 17:15:01 Job executing on host: <128.83.139.15:46714?addrs=128.83.139.15-46714>
...
006 (516226.000.000) 05/05 17:15:10 Image size of job updated: 776752
	56  -  MemoryUsage of job (MB)
	56740  -  ResidentSetSize of job (KB)
...
010 (516226.000.000) 05/05 17:17:23 Job was suspended.
	Number of processes actually suspended: 8
...
006 (516226.000.000) 05/05 17:17:23 Image size of job updated: 946460
	116  -  MemoryUsage of job (MB)
	118164  -  ResidentSetSize of job (KB)
...
011 (516226.000.000) 05/05 17:17:59 Job was unsuspended.
...
004 (516226.000.000) 05/05 17:18:08 Job was evicted.
	(0) Job was not checkpointed.
		Usr 0 00:00:30, Sys 0 00:00:01  -  Run Remote Usage
		Usr 0 00:00:00, Sys 0 00:00:00  -  Run Local Usage
	0  -  Run Bytes Sent By Job
	0  -  Run Bytes Received By Job
	Partitionable Resources :    Usage  Request Allocated
	   Cpus                 :                 1         1
	   Disk (KB)            :        2        2   1684662
	   Gpus                 :                           0
	   Memory (MB)          :      116        1     12899
...
009 (516226.000.000) 05/05 17:18:08 Job was aborted by the user.
	via condor_rm (by user ypei)
...
000 (516433.000.000) 05/05 17:18:24 Job submitted from host: <128.83.144.149:44250?addrs=128.83.144.149-44250>
...
001 (516433.000.000) 05/05 17:18:31 Job executing on host: <128.83.144.13:57145?addrs=128.83.144.13-57145>
...
006 (516433.000.000) 05/05 17:18:40 Image size of job updated: 776748
	56  -  MemoryUsage of job (MB)
	56760  -  ResidentSetSize of job (KB)
...
006 (516433.000.000) 05/05 17:21:22 Image size of job updated: 1078280
	56  -  MemoryUsage of job (MB)
	56760  -  ResidentSetSize of job (KB)
...
004 (516433.000.000) 05/05 17:21:22 Job was evicted.
	(0) Job was not checkpointed.
		Usr 0 00:01:15, Sys 0 00:00:01  -  Run Remote Usage
		Usr 0 00:00:00, Sys 0 00:00:00  -  Run Local Usage
	0  -  Run Bytes Sent By Job
	0  -  Run Bytes Received By Job
	Partitionable Resources :    Usage  Request Allocated
	   Cpus                 :                 1         1
	   Disk (KB)            :        2        2    824403
	   Gpus                 :                           0
	   Memory (MB)          :       56        1     12899
...
009 (516433.000.000) 05/05 17:21:22 Job was aborted by the user.
	via condor_rm (by user ypei)
...
000 (517054.000.000) 05/05 17:21:48 Job submitted from host: <128.83.144.149:44250?addrs=128.83.144.149-44250>
...
001 (517054.000.000) 05/05 17:21:54 Job executing on host: <128.83.120.229:58979?addrs=128.83.120.229-58979>
...
006 (517054.000.000) 05/05 17:22:03 Image size of job updated: 777264
	56  -  MemoryUsage of job (MB)
	57272  -  ResidentSetSize of job (KB)
...
006 (517054.000.000) 05/05 17:27:04 Image size of job updated: 1078284
	241  -  MemoryUsage of job (MB)
	245792  -  ResidentSetSize of job (KB)
...
006 (517054.000.000) 05/05 17:32:04 Image size of job updated: 1078860
	241  -  MemoryUsage of job (MB)
	246356  -  ResidentSetSize of job (KB)
...
006 (517054.000.000) 05/05 17:37:05 Image size of job updated: 1078860
	241  -  MemoryUsage of job (MB)
	246616  -  ResidentSetSize of job (KB)
...
006 (517054.000.000) 05/05 17:40:18 Image size of job updated: 1078940
	241  -  MemoryUsage of job (MB)
	246616  -  ResidentSetSize of job (KB)
...
005 (517054.000.000) 05/05 17:40:18 Job terminated.
	(1) Normal termination (return value 0)
		Usr 0 00:16:47, Sys 0 00:00:12  -  Run Remote Usage
		Usr 0 00:00:00, Sys 0 00:00:00  -  Run Local Usage
		Usr 0 00:16:47, Sys 0 00:00:12  -  Total Remote Usage
		Usr 0 00:00:00, Sys 0 00:00:00  -  Total Local Usage
	0  -  Run Bytes Sent By Job
	0  -  Run Bytes Received By Job
	0  -  Total Bytes Sent By Job
	0  -  Total Bytes Received By Job
	Partitionable Resources :    Usage  Request Allocated
	   Cpus                 :                 1         1
	   Disk (KB)            :        2        2    828961
	   Gpus                 :                           0
	   Memory (MB)          :      241        1     12899
...
000 (382485.000.000) 05/07 03:39:55 Job submitted from host: <128.83.144.155:57685?addrs=128.83.144.155-57685>
...
001 (382485.000.000) 05/07 04:12:21 Job executing on host: <128.83.144.112:35333?addrs=128.83.144.112-35333>
...
006 (382485.000.000) 05/07 04:12:30 Image size of job updated: 2
	2  -  MemoryUsage of job (MB)
	1684  -  ResidentSetSize of job (KB)
...
006 (382485.000.000) 05/07 04:17:31 Image size of job updated: 1078772
	239  -  MemoryUsage of job (MB)
	243924  -  ResidentSetSize of job (KB)
...
006 (382485.000.000) 05/07 04:22:31 Image size of job updated: 1078776
	239  -  MemoryUsage of job (MB)
	244088  -  ResidentSetSize of job (KB)
...
006 (382485.000.000) 05/07 04:27:31 Image size of job updated: 1079108
	239  -  MemoryUsage of job (MB)
	244308  -  ResidentSetSize of job (KB)
...
005 (382485.000.000) 05/07 04:29:26 Job terminated.
	(1) Normal termination (return value 0)
		Usr 0 00:16:30, Sys 0 00:00:22  -  Run Remote Usage
		Usr 0 00:00:00, Sys 0 00:00:00  -  Run Local Usage
		Usr 0 00:16:30, Sys 0 00:00:22  -  Total Remote Usage
		Usr 0 00:00:00, Sys 0 00:00:00  -  Total Local Usage
	0  -  Run Bytes Sent By Job
	0  -  Run Bytes Received By Job
	0  -  Total Bytes Sent By Job
	0  -  Total Bytes Received By Job
	Partitionable Resources :    Usage  Request Allocated
	   Cpus                 :                 1         1
	   Disk (KB)            :        2        2    803075
	   Gpus                 :                           0
	   Memory (MB)          :      239        1     12899
...
000 (518503.000.000) 05/07 13:18:19 Job submitted from host: <128.83.144.149:44250?addrs=128.83.144.149-44250>
...
001 (518503.000.000) 05/07 13:18:54 Job executing on host: <128.83.120.230:37764?addrs=128.83.120.230-37764>
...
006 (518503.000.000) 05/07 13:19:03 Image size of job updated: 776880
	54  -  MemoryUsage of job (MB)
	54696  -  ResidentSetSize of job (KB)
...
006 (518503.000.000) 05/07 13:23:39 Image size of job updated: 1078692
	237  -  MemoryUsage of job (MB)
	242564  -  ResidentSetSize of job (KB)
...
004 (518503.000.000) 05/07 13:23:39 Job was evicted.
	(0) Job was not checkpointed.
		Usr 0 00:03:20, Sys 0 00:00:05  -  Run Remote Usage
		Usr 0 00:00:00, Sys 0 00:00:00  -  Run Local Usage
	0  -  Run Bytes Sent By Job
	0  -  Run Bytes Received By Job
	Partitionable Resources :    Usage  Request Allocated
	   Cpus                 :                 1         1
	   Disk (KB)            :        2        2    792415
	   Gpus                 :                           0
	   Memory (MB)          :      237        1     12899
...
009 (518503.000.000) 05/07 13:23:41 Job was aborted by the user.
	via condor_rm (by user ypei)
...
000 (518710.000.000) 05/07 13:23:49 Job submitted from host: <128.83.144.149:44250?addrs=128.83.144.149-44250>
...
001 (518710.000.000) 05/07 13:23:56 Job executing on host: <128.83.130.161:35317?addrs=128.83.130.161-35317>
...
006 (518710.000.000) 05/07 13:24:04 Image size of job updated: 777404
	56  -  MemoryUsage of job (MB)
	57316  -  ResidentSetSize of job (KB)
...
006 (518710.000.000) 05/07 13:29:04 Image size of job updated: 1079012
	239  -  MemoryUsage of job (MB)
	244316  -  ResidentSetSize of job (KB)
...
006 (518710.000.000) 05/07 13:34:04 Image size of job updated: 1079024
	239  -  MemoryUsage of job (MB)
	244404  -  ResidentSetSize of job (KB)
...
006 (518710.000.000) 05/07 13:37:57 Image size of job updated: 1079116
	239  -  MemoryUsage of job (MB)
	244404  -  ResidentSetSize of job (KB)
...
005 (518710.000.000) 05/07 13:37:57 Job terminated.
	(1) Normal termination (return value 0)
		Usr 0 00:12:58, Sys 0 00:00:07  -  Run Remote Usage
		Usr 0 00:00:00, Sys 0 00:00:00  -  Run Local Usage
		Usr 0 00:12:58, Sys 0 00:00:07  -  Total Remote Usage
		Usr 0 00:00:00, Sys 0 00:00:00  -  Total Local Usage
	0  -  Run Bytes Sent By Job
	0  -  Run Bytes Received By Job
	0  -  Total Bytes Sent By Job
	0  -  Total Bytes Received By Job
	Partitionable Resources :    Usage  Request Allocated
	   Cpus                 :                 1         1
	   Disk (KB)            :        2        2   1865789
	   Gpus                 :                           0
	   Memory (MB)          :      239        1     21164
...
000 (519124.000.000) 05/07 14:36:29 Job submitted from host: <128.83.144.149:44250?addrs=128.83.144.149-44250>
...
001 (519124.000.000) 05/07 14:36:41 Job executing on host: <128.83.144.13:57145?addrs=128.83.144.13-57145>
...
006 (519124.000.000) 05/07 14:36:50 Image size of job updated: 776884
	56  -  MemoryUsage of job (MB)
	56764  -  ResidentSetSize of job (KB)
...
006 (519124.000.000) 05/07 14:41:51 Image size of job updated: 1078696
	239  -  MemoryUsage of job (MB)
	243736  -  ResidentSetSize of job (KB)
...
006 (519124.000.000) 05/07 14:46:51 Image size of job updated: 1078772
	239  -  MemoryUsage of job (MB)
	244080  -  ResidentSetSize of job (KB)
...
006 (519124.000.000) 05/07 14:51:51 Image size of job updated: 1078784
	239  -  MemoryUsage of job (MB)
	244108  -  ResidentSetSize of job (KB)
...
006 (519124.000.000) 05/07 14:54:49 Image size of job updated: 1078852
	239  -  MemoryUsage of job (MB)
	244108  -  ResidentSetSize of job (KB)
...
005 (519124.000.000) 05/07 14:54:49 Job terminated.
	(1) Normal termination (return value 0)
		Usr 0 00:16:28, Sys 0 00:00:22  -  Run Remote Usage
		Usr 0 00:00:00, Sys 0 00:00:00  -  Run Local Usage
		Usr 0 00:16:28, Sys 0 00:00:22  -  Total Remote Usage
		Usr 0 00:00:00, Sys 0 00:00:00  -  Total Local Usage
	0  -  Run Bytes Sent By Job
	0  -  Run Bytes Received By Job
	0  -  Total Bytes Sent By Job
	0  -  Total Bytes Received By Job
	Partitionable Resources :    Usage  Request Allocated
	   Cpus                 :                 1         1
	   Disk (KB)            :        2        2    796982
	   Gpus                 :                           0
	   Memory (MB)          :      239        1     12899
...
000 (382899.000.000) 05/07 20:16:59 Job submitted from host: <128.83.144.155:57685?addrs=128.83.144.155-57685>
...
001 (382899.000.000) 05/07 20:44:40 Job executing on host: <128.83.130.161:35317?addrs=128.83.130.161-35317>
...
006 (382899.000.000) 05/07 20:44:48 Image size of job updated: 341000
	22  -  MemoryUsage of job (MB)
	22104  -  ResidentSetSize of job (KB)
...
006 (382899.000.000) 05/07 20:49:48 Image size of job updated: 1078884
	237  -  MemoryUsage of job (MB)
	242352  -  ResidentSetSize of job (KB)
...
006 (382899.000.000) 05/07 20:54:49 Image size of job updated: 1078884
	237  -  MemoryUsage of job (MB)
	242388  -  ResidentSetSize of job (KB)
...
006 (382899.000.000) 05/07 20:59:00 Image size of job updated: 1078980
	237  -  MemoryUsage of job (MB)
	242388  -  ResidentSetSize of job (KB)
...
005 (382899.000.000) 05/07 20:59:00 Job terminated.
	(1) Normal termination (return value 0)
		Usr 0 00:13:53, Sys 0 00:00:08  -  Run Remote Usage
		Usr 0 00:00:00, Sys 0 00:00:00  -  Run Local Usage
		Usr 0 00:13:53, Sys 0 00:00:08  -  Total Remote Usage
		Usr 0 00:00:00, Sys 0 00:00:00  -  Total Local Usage
	0  -  Run Bytes Sent By Job
	0  -  Run Bytes Received By Job
	0  -  Total Bytes Sent By Job
	0  -  Total Bytes Received By Job
	Partitionable Resources :    Usage  Request Allocated
	   Cpus                 :                 1         1
	   Disk (KB)            :        2        2   1909590
	   Gpus                 :                           0
	   Memory (MB)          :      237        1     21164
...
000 (384141.000.000) 05/08 05:53:02 Job submitted from host: <128.83.144.155:57685?addrs=128.83.144.155-57685>
...
001 (384141.000.000) 05/08 06:20:22 Job executing on host: <128.83.144.9:40986?addrs=128.83.144.9-40986>
...
006 (384141.000.000) 05/08 06:20:32 Image size of job updated: 2
	2  -  MemoryUsage of job (MB)
	1640  -  ResidentSetSize of job (KB)
...
006 (384141.000.000) 05/08 06:25:32 Image size of job updated: 1078772
	236  -  MemoryUsage of job (MB)
	241304  -  ResidentSetSize of job (KB)
...
006 (384141.000.000) 05/08 06:30:32 Image size of job updated: 1078772
	236  -  MemoryUsage of job (MB)
	241444  -  ResidentSetSize of job (KB)
...
006 (384141.000.000) 05/08 06:33:25 Image size of job updated: 1078852
	236  -  MemoryUsage of job (MB)
	241444  -  ResidentSetSize of job (KB)
...
005 (384141.000.000) 05/08 06:33:25 Job terminated.
	(1) Normal termination (return value 0)
		Usr 0 00:12:48, Sys 0 00:00:03  -  Run Remote Usage
		Usr 0 00:00:00, Sys 0 00:00:00  -  Run Local Usage
		Usr 0 00:12:48, Sys 0 00:00:03  -  Total Remote Usage
		Usr 0 00:00:00, Sys 0 00:00:00  -  Total Local Usage
	0  -  Run Bytes Sent By Job
	0  -  Run Bytes Received By Job
	0  -  Total Bytes Sent By Job
	0  -  Total Bytes Received By Job
	Partitionable Resources :    Usage  Request Allocated
	   Cpus                 :                 1         1
	   Disk (KB)            :        2        2  70340517
	   Gpus                 :                           0
	   Memory (MB)          :      236        1      4028
...
000 (417534.000.000) 05/09 03:37:27 Job submitted from host: <128.83.144.154:52346?addrs=128.83.144.154-52346>
...
001 (417534.000.000) 05/09 04:00:56 Job executing on host: <128.83.139.143:55125?addrs=128.83.139.143-55125>
...
006 (417534.000.000) 05/09 04:01:04 Image size of job updated: 782276
	59  -  MemoryUsage of job (MB)
	60312  -  ResidentSetSize of job (KB)
...
006 (417534.000.000) 05/09 04:06:04 Image size of job updated: 1079020
	239  -  MemoryUsage of job (MB)
	244504  -  ResidentSetSize of job (KB)
...
006 (417534.000.000) 05/09 04:11:05 Image size of job updated: 1079020
	239  -  MemoryUsage of job (MB)
	244568  -  ResidentSetSize of job (KB)
...
006 (417534.000.000) 05/09 04:15:37 Image size of job updated: 1079116
	239  -  MemoryUsage of job (MB)
	244568  -  ResidentSetSize of job (KB)
...
005 (417534.000.000) 05/09 04:15:37 Job terminated.
	(1) Normal termination (return value 0)
		Usr 0 00:14:21, Sys 0 00:00:09  -  Run Remote Usage
		Usr 0 00:00:00, Sys 0 00:00:00  -  Run Local Usage
		Usr 0 00:14:21, Sys 0 00:00:09  -  Total Remote Usage
		Usr 0 00:00:00, Sys 0 00:00:00  -  Total Local Usage
	0  -  Run Bytes Sent By Job
	0  -  Run Bytes Received By Job
	0  -  Total Bytes Sent By Job
	0  -  Total Bytes Received By Job
	Partitionable Resources :    Usage  Request Allocated
	   Cpus                 :                 1         1
	   Disk (KB)            :        2        2   7539964
	   Gpus                 :                           0
	   Memory (MB)          :      239        1      4027
...
